   0.050   0.000
   0.150   0.000
   0.250   0.000
   0.350   0.000
   0.450   0.000
   0.550   0.000
   0.650   0.000
   0.750   0.000
   0.850   0.000
   0.950   0.000
   1.050   0.000
   1.150   0.000
   1.250   0.000
   1.350   0.000
   1.450   0.000
   1.550   0.000
   1.650   0.000
   1.750   0.000
   1.850   0.000
   1.950   0.000
   2.050   0.003
   2.150   0.298
   2.250   1.853
   2.350   2.774
   2.450   2.099
   2.550   1.244
   2.650   0.717
   2.750   0.441
   2.850   0.294
   2.950   0.210
   3.050   0.156
   3.150   0.120
   3.250   0.094
   3.350   0.077
   3.450   0.066
   3.550   0.058
   3.650   0.055
   3.750   0.056
   3.850   0.062
   3.950   0.072
   4.050   0.085
   4.150   0.101
   4.250   0.117
   4.350   0.135
   4.450   0.151
   4.550   0.165
   4.650   0.174
   4.750   0.177
   4.850   0.171
   4.950   0.160
   5.050   0.144
   5.150   0.127
   5.250   0.113
   5.350   0.102
   5.450   0.096
   5.550   0.094
   5.650   0.096
   5.750   0.100
   5.850   0.103
   5.950   0.104
   6.050   0.103
   6.150   0.101
   6.250   0.098
   6.350   0.096
   6.450   0.096
   6.550   0.097
   6.650   0.099
   6.750   0.101
   6.850   0.102
   6.950   0.102
   7.050   0.103
   7.150   0.105
   7.250   0.108
   7.350   0.112
   7.450   0.116
   7.550   0.120
   7.650   0.126
   7.750   0.132
   7.850   0.139
   7.950   0.145
   8.050   0.148
   8.150   0.149
   8.250   0.148
   8.350   0.144
   8.450   0.140
   8.550   0.136
   8.650   0.133
   8.750   0.131
   8.850   0.131
   8.950   0.132
   9.050   0.133
   9.150   0.135
   9.250   0.137
   9.350   0.140
   9.450   0.142
   9.550   0.145
   9.650   0.148
   9.750   0.151
   9.850   0.154
   9.950   0.155
  10.050   0.156
  10.150   0.154
  10.250   0.151
  10.350   0.148
  10.450   0.145
  10.550   0.142
  10.650   0.140
  10.750   0.136
  10.850   0.131
  10.950   0.125
  11.050   0.121
  11.150   0.117
  11.250   0.117
  11.350   0.117
  11.450   0.118
  11.550   0.119
  11.650   0.120
  11.750   0.120
  11.850   0.120
  11.950   0.120
  12.050   0.120
  12.150   0.120
  12.250   0.120
  12.350   0.120
  12.450   0.120
  12.550   0.120
  12.650   0.119
  12.750   0.118
  12.850   0.117
  12.950   0.115
  13.050   0.114
  13.150   0.112
  13.250   0.111
  13.350   0.110
  13.450   0.108
  13.550   0.107
  13.650   0.106
  13.750   0.105
  13.850   0.105
  13.950   0.104
  14.050   0.104
  14.150   0.104
  14.250   0.103
  14.350   0.102
  14.450   0.102
  14.550   0.101
  14.650   0.100
  14.750   0.099
  14.850   0.097
  14.950   0.096
  15.050   0.094
  15.150   0.092
  15.250   0.091
  15.350   0.090
  15.450   0.089
  15.550   0.089
  15.650   0.088
  15.750   0.088
  15.850   0.088
  15.950   0.088
  16.050   0.088
  16.150   0.087
  16.250   0.087
  16.350   0.086
  16.450   0.086
  16.550   0.085
  16.650   0.084
  16.750   0.084
  16.850   0.083
  16.950   0.082
  17.050   0.082
  17.150   0.081
  17.250   0.081
  17.350   0.080
  17.450   0.080
  17.550   0.079
  17.650   0.079
  17.750   0.078
  17.850   0.077
  17.950   0.076
  18.050   0.076
  18.150   0.075
  18.250   0.074
  18.350   0.073
  18.450   0.072
  18.550   0.072
  18.650   0.072
  18.750   0.072
  18.850   0.072
  18.950   0.072
  19.050   0.072
  19.150   0.072
  19.250   0.072
  19.350   0.071
  19.450   0.071
  19.550   0.070
  19.650   0.069
  19.750   0.068
  19.850   0.067
  19.950   0.067
  20.050   0.066
  20.150   0.066
  20.250   0.065
  20.350   0.065
  20.450   0.064
  20.550   0.064
  20.650   0.063
  20.750   0.063
  20.850   0.062
  20.950   0.062
  21.050   0.061
  21.150   0.061
  21.250   0.060
  21.350   0.060
  21.450   0.059
  21.550   0.058
  21.650   0.058
  21.750   0.057
  21.850   0.056
  21.950   0.056
  22.050   0.055
  22.150   0.055
  22.250   0.054
  22.350   0.054
  22.450   0.054
  22.550   0.054
  22.650   0.053
  22.750   0.053
  22.850   0.053
  22.950   0.053
  23.050   0.053
  23.150   0.053
  23.250   0.052
  23.350   0.052
  23.450   0.052
  23.550   0.051
  23.650   0.051
  23.750   0.050
  23.850   0.050
  23.950   0.049
  24.050   0.049
  24.150   0.049
  24.250   0.048
  24.350   0.048
  24.450   0.047
  24.550   0.047
  24.650   0.047
  24.750   0.047
  24.850   0.046
  24.950   0.046
  25.050   0.046
  25.150   0.046
  25.250   0.045
  25.350   0.045
  25.450   0.045
  25.550   0.045
  25.650   0.044
  25.750   0.044
  25.850   0.044
  25.950   0.044
  26.050   0.043
  26.150   0.043
  26.250   0.043
  26.350   0.043
  26.450   0.042
  26.550   0.042
  26.650   0.042
  26.750   0.042
  26.850   0.041
  26.950   0.041
  27.050   0.041
  27.150   0.041
  27.250   0.041
  27.350   0.040
  27.450   0.040
  27.550   0.040
  27.650   0.040
  27.750   0.039
  27.850   0.039
  27.950   0.039
  28.050   0.039
  28.150   0.039
  28.250   0.038
  28.350   0.038
  28.450   0.038
  28.550   0.038
  28.650   0.038
  28.750   0.038
  28.850   0.038
  28.950   0.037
  29.050   0.037
  29.150   0.037
  29.250   0.037
  29.350   0.037
  29.450   0.036
  29.550   0.036
  29.650   0.036
  29.750   0.036
  29.850   0.035
  29.950   0.035
