   0.050   0.000
   0.150   0.000
   0.250   0.000
   0.350   0.000
   0.450   0.000
   0.550   0.000
   0.650   0.000
   0.750   0.000
   0.850   0.000
   0.950   0.000
   1.050   0.000
   1.150   0.000
   1.250   0.000
   1.350   0.000
   1.450   0.000
   1.550   0.000
   1.650   0.000
   1.750   0.000
   1.850   0.000
   1.950   0.000
   2.050   0.000
   2.150   0.001
   2.250   0.129
   2.350   0.931
   2.450   1.595
   2.550   1.279
   2.650   0.735
   2.750   0.384
   2.850   0.208
   2.950   0.126
   3.050   0.088
   3.150   0.070
   3.250   0.063
   3.350   0.065
   3.450   0.075
   3.550   0.093
   3.650   0.119
   3.750   0.146
   3.850   0.172
   3.950   0.197
   4.050   0.221
   4.150   0.243
   4.250   0.256
   4.350   0.251
   4.450   0.215
   4.550   0.170
   4.650   0.142
   4.750   0.132
   4.850   0.130
   4.950   0.129
   5.050   0.129
   5.150   0.127
   5.250   0.125
   5.350   0.123
   5.450   0.120
   5.550   0.118
   5.650   0.116
   5.750   0.115
   5.850   0.116
   5.950   0.119
   6.050   0.122
   6.150   0.126
   6.250   0.129
   6.350   0.132
   6.450   0.134
   6.550   0.135
   6.650   0.136
   6.750   0.136
   6.850   0.135
   6.950   0.134
   7.050   0.133
   7.150   0.133
   7.250   0.132
   7.350   0.130
   7.450   0.128
   7.550   0.126
   7.650   0.124
   7.750   0.124
   7.850   0.125
   7.950   0.126
   8.050   0.128
   8.150   0.130
   8.250   0.131
   8.350   0.131
   8.450   0.131
   8.550   0.131
   8.650   0.132
   8.750   0.134
   8.850   0.136
   8.950   0.137
   9.050   0.137
   9.150   0.138
   9.250   0.140
   9.350   0.141
   9.450   0.142
   9.550   0.142
   9.650   0.140
   9.750   0.140
   9.850   0.141
   9.950   0.142
  10.050   0.144
  10.150   0.146
  10.250   0.147
  10.350   0.149
  10.450   0.151
  10.550   0.153
  10.650   0.154
  10.750   0.153
  10.850   0.149
  10.950   0.142
  11.050   0.135
  11.150   0.127
  11.250   0.120
  11.350   0.115
  11.450   0.111
  11.550   0.109
  11.650   0.110
  11.750   0.112
  11.850   0.115
  11.950   0.118
  12.050   0.121
  12.150   0.123
  12.250   0.124
  12.350   0.123
  12.450   0.122
  12.550   0.120
  12.650   0.118
  12.750   0.116
  12.850   0.114
  12.950   0.113
  13.050   0.112
  13.150   0.111
  13.250   0.111
  13.350   0.110
  13.450   0.109
  13.550   0.108
  13.650   0.108
  13.750   0.107
  13.850   0.107
  13.950   0.106
  14.050   0.105
  14.150   0.104
  14.250   0.102
  14.350   0.101
  14.450   0.099
  14.550   0.098
  14.650   0.097
  14.750   0.097
  14.850   0.097
  14.950   0.097
  15.050   0.096
  15.150   0.096
  15.250   0.095
  15.350   0.094
  15.450   0.093
  15.550   0.092
  15.650   0.092
  15.750   0.091
  15.850   0.091
  15.950   0.091
  16.050   0.091
  16.150   0.090
  16.250   0.089
  16.350   0.088
  16.450   0.086
  16.550   0.084
  16.650   0.083
  16.750   0.081
  16.850   0.080
  16.950   0.079
  17.050   0.079
  17.150   0.078
  17.250   0.078
  17.350   0.078
  17.450   0.078
  17.550   0.078
  17.650   0.078
  17.750   0.079
  17.850   0.079
  17.950   0.078
  18.050   0.078
  18.150   0.077
  18.250   0.077
  18.350   0.076
  18.450   0.075
  18.550   0.074
  18.650   0.073
  18.750   0.072
  18.850   0.072
  18.950   0.071
  19.050   0.070
  19.150   0.070
  19.250   0.069
  19.350   0.068
  19.450   0.068
  19.550   0.067
  19.650   0.066
  19.750   0.066
  19.850   0.065
  19.950   0.065
  20.050   0.065
  20.150   0.064
  20.250   0.064
  20.350   0.064
  20.450   0.063
  20.550   0.063
  20.650   0.063
  20.750   0.062
  20.850   0.062
  20.950   0.062
  21.050   0.062
  21.150   0.061
  21.250   0.061
  21.350   0.061
  21.450   0.061
  21.550   0.060
  21.650   0.060
  21.750   0.060
  21.850   0.059
  21.950   0.059
  22.050   0.058
  22.150   0.057
  22.250   0.057
  22.350   0.056
  22.450   0.055
  22.550   0.055
  22.650   0.054
  22.750   0.053
  22.850   0.053
  22.950   0.052
  23.050   0.052
  23.150   0.052
  23.250   0.051
  23.350   0.051
  23.450   0.051
  23.550   0.051
  23.650   0.050
  23.750   0.050
  23.850   0.050
  23.950   0.049
  24.050   0.049
  24.150   0.049
  24.250   0.048
  24.350   0.048
  24.450   0.048
  24.550   0.047
  24.650   0.047
  24.750   0.047
  24.850   0.046
  24.950   0.046
  25.050   0.045
  25.150   0.045
  25.250   0.045
  25.350   0.044
  25.450   0.044
  25.550   0.044
  25.650   0.044
  25.750   0.043
  25.850   0.043
  25.950   0.043
  26.050   0.043
  26.150   0.043
  26.250   0.043
  26.350   0.042
  26.450   0.042
  26.550   0.042
  26.650   0.042
  26.750   0.042
  26.850   0.041
  26.950   0.041
  27.050   0.041
  27.150   0.041
  27.250   0.041
  27.350   0.040
  27.450   0.040
  27.550   0.040
  27.650   0.040
  27.750   0.040
  27.850   0.039
  27.950   0.039
  28.050   0.039
  28.150   0.039
  28.250   0.039
  28.350   0.039
  28.450   0.038
  28.550   0.038
  28.650   0.038
  28.750   0.038
  28.850   0.037
  28.950   0.037
  29.050   0.037
  29.150   0.037
  29.250   0.037
  29.350   0.036
  29.450   0.036
  29.550   0.036
  29.650   0.036
  29.750   0.036
  29.850   0.035
  29.950   0.035
