   0.050   0.000
   0.150   0.000
   0.250   0.000
   0.350   0.000
   0.450   0.000
   0.550   0.000
   0.650   0.000
   0.750   0.000
   0.850   0.000
   0.950   0.000
   1.050   0.000
   1.150   0.000
   1.250   0.000
   1.350   0.000
   1.450   0.000
   1.550   0.000
   1.650   0.000
   1.750   0.000
   1.850   0.000
   1.950   0.000
   2.050   0.000
   2.150   0.000
   2.250   0.000
   2.350   0.000
   2.450   0.000
   2.550   0.000
   2.650   0.000
   2.750   0.000
   2.850   0.000
   2.950   0.001
   3.050   0.017
   3.150   0.092
   3.250   0.253
   3.350   0.468
   3.450   0.592
   3.550   0.588
   3.650   0.553
   3.750   0.514
   3.850   0.448
   3.950   0.352
   4.050   0.240
   4.150   0.140
   4.250   0.078
   4.350   0.048
   4.450   0.036
   4.550   0.032
   4.650   0.034
   4.750   0.040
   4.850   0.048
   4.950   0.059
   5.050   0.073
   5.150   0.088
   5.250   0.106
   5.350   0.126
   5.450   0.148
   5.550   0.168
   5.650   0.186
   5.750   0.199
   5.850   0.208
   5.950   0.211
   6.050   0.208
   6.150   0.200
   6.250   0.188
   6.350   0.174
   6.450   0.158
   6.550   0.143
   6.650   0.130
   6.750   0.119
   6.850   0.110
   6.950   0.103
   7.050   0.099
   7.150   0.096
   7.250   0.097
   7.350   0.099
   7.450   0.103
   7.550   0.108
   7.650   0.114
   7.750   0.120
   7.850   0.127
   7.950   0.134
   8.050   0.142
   8.150   0.149
   8.250   0.156
   8.350   0.162
   8.450   0.168
   8.550   0.172
   8.650   0.175
   8.750   0.175
   8.850   0.175
   8.950   0.173
   9.050   0.171
   9.150   0.168
   9.250   0.165
   9.350   0.162
   9.450   0.159
   9.550   0.157
   9.650   0.156
   9.750   0.156
   9.850   0.156
   9.950   0.157
  10.050   0.156
  10.150   0.155
  10.250   0.153
  10.350   0.150
  10.450   0.146
  10.550   0.142
  10.650   0.138
  10.750   0.135
  10.850   0.133
  10.950   0.131
  11.050   0.130
  11.150   0.129
  11.250   0.128
  11.350   0.128
  11.450   0.127
  11.550   0.128
  11.650   0.128
  11.750   0.128
  11.850   0.129
  11.950   0.128
  12.050   0.128
  12.150   0.128
  12.250   0.127
  12.350   0.126
  12.450   0.124
  12.550   0.121
  12.650   0.118
  12.750   0.116
  12.850   0.113
  12.950   0.112
  13.050   0.110
  13.150   0.110
  13.250   0.109
  13.350   0.109
  13.450   0.108
  13.550   0.108
  13.650   0.107
  13.750   0.106
  13.850   0.105
  13.950   0.104
  14.050   0.103
  14.150   0.103
  14.250   0.102
  14.350   0.102
  14.450   0.102
  14.550   0.102
  14.650   0.101
  14.750   0.100
  14.850   0.099
  14.950   0.099
  15.050   0.098
  15.150   0.097
  15.250   0.096
  15.350   0.096
  15.450   0.095
  15.550   0.095
  15.650   0.094
  15.750   0.094
  15.850   0.093
  15.950   0.093
  16.050   0.092
  16.150   0.092
  16.250   0.092
  16.350   0.092
  16.450   0.092
  16.550   0.091
  16.650   0.091
  16.750   0.091
  16.850   0.090
  16.950   0.089
  17.050   0.088
  17.150   0.088
  17.250   0.087
  17.350   0.086
  17.450   0.086
  17.550   0.085
  17.650   0.084
  17.750   0.084
  17.850   0.083
  17.950   0.083
  18.050   0.083
  18.150   0.082
  18.250   0.082
  18.350   0.081
  18.450   0.080
  18.550   0.080
  18.650   0.079
  18.750   0.079
  18.850   0.078
  18.950   0.078
  19.050   0.078
  19.150   0.077
  19.250   0.077
  19.350   0.077
  19.450   0.077
  19.550   0.076
  19.650   0.076
  19.750   0.076
  19.850   0.075
  19.950   0.074
  20.050   0.074
  20.150   0.073
  20.250   0.073
  20.350   0.072
  20.450   0.072
  20.550   0.071
  20.650   0.071
  20.750   0.070
  20.850   0.070
  20.950   0.070
  21.050   0.069
  21.150   0.069
  21.250   0.068
  21.350   0.068
  21.450   0.067
  21.550   0.067
  21.650   0.066
  21.750   0.066
  21.850   0.065
  21.950   0.065
  22.050   0.065
  22.150   0.064
  22.250   0.064
  22.350   0.063
  22.450   0.063
  22.550   0.062
  22.650   0.062
  22.750   0.061
  22.850   0.061
  22.950   0.060
  23.050   0.060
  23.150   0.059
  23.250   0.058
  23.350   0.058
  23.450   0.057
  23.550   0.057
  23.650   0.056
  23.750   0.056
  23.850   0.055
  23.950   0.054
  24.050   0.054
  24.150   0.054
  24.250   0.053
  24.350   0.053
  24.450   0.052
  24.550   0.052
  24.650   0.052
  24.750   0.051
  24.850   0.051
  24.950   0.051
  25.050   0.050
  25.150   0.050
  25.250   0.050
  25.350   0.050
  25.450   0.049
  25.550   0.049
  25.650   0.049
  25.750   0.049
  25.850   0.048
  25.950   0.048
  26.050   0.048
  26.150   0.047
  26.250   0.047
  26.350   0.047
  26.450   0.046
  26.550   0.046
  26.650   0.046
  26.750   0.046
  26.850   0.045
  26.950   0.045
  27.050   0.045
  27.150   0.044
  27.250   0.044
  27.350   0.044
  27.450   0.044
  27.550   0.043
  27.650   0.043
  27.750   0.043
  27.850   0.043
  27.950   0.043
  28.050   0.042
  28.150   0.042
  28.250   0.042
  28.350   0.042
  28.450   0.042
  28.550   0.041
  28.650   0.041
  28.750   0.041
  28.850   0.041
  28.950   0.040
  29.050   0.040
  29.150   0.040
  29.250   0.040
  29.350   0.040
  29.450   0.039
  29.550   0.039
  29.650   0.039
  29.750   0.039
  29.850   0.038
  29.950   0.038
