   0.050   0.000
   0.150   0.000
   0.250   0.000
   0.350   0.000
   0.450   0.000
   0.550   0.000
   0.650   0.000
   0.750   0.000
   0.850   0.000
   0.950   0.000
   1.050   0.000
   1.150   0.000
   1.250   0.000
   1.350   0.000
   1.450   0.000
   1.550   0.000
   1.650   0.000
   1.750   0.000
   1.850   0.000
   1.950   0.000
   2.050   0.000
   2.150   0.000
   2.250   0.000
   2.350   0.000
   2.450   0.055
   2.550   0.534
   2.650   1.251
   2.750   1.317
   2.850   0.919
   2.950   0.538
   3.050   0.303
   3.150   0.176
   3.250   0.111
   3.350   0.076
   3.450   0.058
   3.550   0.048
   3.650   0.043
   3.750   0.041
   3.850   0.042
   3.950   0.046
   4.050   0.051
   4.150   0.058
   4.250   0.068
   4.350   0.080
   4.450   0.092
   4.550   0.105
   4.650   0.118
   4.750   0.130
   4.850   0.141
   4.950   0.151
   5.050   0.160
   5.150   0.168
   5.250   0.173
   5.350   0.176
   5.450   0.177
   5.550   0.175
   5.650   0.174
   5.750   0.174
   5.850   0.173
   5.950   0.172
   6.050   0.172
   6.150   0.172
   6.250   0.172
   6.350   0.175
   6.450   0.178
   6.550   0.181
   6.650   0.182
   6.750   0.178
   6.850   0.171
   6.950   0.162
   7.050   0.152
   7.150   0.143
   7.250   0.133
   7.350   0.126
   7.450   0.121
   7.550   0.119
   7.650   0.118
   7.750   0.118
   7.850   0.119
   7.950   0.121
   8.050   0.122
   8.150   0.124
   8.250   0.125
   8.350   0.127
   8.450   0.128
   8.550   0.129
   8.650   0.130
   8.750   0.130
   8.850   0.131
   8.950   0.131
   9.050   0.131
   9.150   0.131
   9.250   0.131
   9.350   0.130
   9.450   0.130
   9.550   0.129
   9.650   0.129
   9.750   0.129
   9.850   0.130
   9.950   0.131
  10.050   0.132
  10.150   0.133
  10.250   0.134
  10.350   0.135
  10.450   0.136
  10.550   0.137
  10.650   0.138
  10.750   0.138
  10.850   0.138
  10.950   0.136
  11.050   0.135
  11.150   0.134
  11.250   0.133
  11.350   0.132
  11.450   0.132
  11.550   0.131
  11.650   0.130
  11.750   0.130
  11.850   0.129
  11.950   0.128
  12.050   0.127
  12.150   0.127
  12.250   0.127
  12.350   0.128
  12.450   0.128
  12.550   0.128
  12.650   0.129
  12.750   0.129
  12.850   0.129
  12.950   0.129
  13.050   0.128
  13.150   0.127
  13.250   0.126
  13.350   0.124
  13.450   0.123
  13.550   0.121
  13.650   0.120
  13.750   0.119
  13.850   0.118
  13.950   0.117
  14.050   0.117
  14.150   0.117
  14.250   0.116
  14.350   0.116
  14.450   0.115
  14.550   0.115
  14.650   0.114
  14.750   0.113
  14.850   0.111
  14.950   0.110
  15.050   0.109
  15.150   0.108
  15.250   0.107
  15.350   0.106
  15.450   0.105
  15.550   0.104
  15.650   0.103
  15.750   0.102
  15.850   0.102
  15.950   0.101
  16.050   0.100
  16.150   0.100
  16.250   0.099
  16.350   0.098
  16.450   0.097
  16.550   0.097
  16.650   0.096
  16.750   0.095
  16.850   0.095
  16.950   0.095
  17.050   0.094
  17.150   0.093
  17.250   0.093
  17.350   0.092
  17.450   0.092
  17.550   0.091
  17.650   0.091
  17.750   0.090
  17.850   0.089
  17.950   0.089
  18.050   0.088
  18.150   0.087
  18.250   0.086
  18.350   0.085
  18.450   0.084
  18.550   0.083
  18.650   0.082
  18.750   0.081
  18.850   0.080
  18.950   0.079
  19.050   0.078
  19.150   0.077
  19.250   0.077
  19.350   0.076
  19.450   0.075
  19.550   0.075
  19.650   0.074
  19.750   0.074
  19.850   0.073
  19.950   0.073
  20.050   0.072
  20.150   0.072
  20.250   0.071
  20.350   0.071
  20.450   0.070
  20.550   0.070
  20.650   0.069
  20.750   0.068
  20.850   0.068
  20.950   0.067
  21.050   0.067
  21.150   0.066
  21.250   0.065
  21.350   0.065
  21.450   0.064
  21.550   0.063
  21.650   0.063
  21.750   0.062
  21.850   0.062
  21.950   0.061
  22.050   0.061
  22.150   0.061
  22.250   0.060
  22.350   0.060
  22.450   0.059
  22.550   0.059
  22.650   0.058
  22.750   0.058
  22.850   0.058
  22.950   0.057
  23.050   0.057
  23.150   0.057
  23.250   0.056
  23.350   0.056
  23.450   0.056
  23.550   0.055
  23.650   0.055
  23.750   0.055
  23.850   0.054
  23.950   0.054
  24.050   0.054
  24.150   0.053
  24.250   0.053
  24.350   0.053
  24.450   0.052
  24.550   0.052
  24.650   0.052
  24.750   0.051
  24.850   0.051
  24.950   0.051
  25.050   0.050
  25.150   0.050
  25.250   0.050
  25.350   0.049
  25.450   0.049
  25.550   0.049
  25.650   0.049
  25.750   0.048
  25.850   0.048
  25.950   0.048
  26.050   0.047
  26.150   0.047
  26.250   0.047
  26.350   0.047
  26.450   0.046
  26.550   0.046
  26.650   0.046
  26.750   0.046
  26.850   0.045
  26.950   0.045
  27.050   0.045
  27.150   0.045
  27.250   0.044
  27.350   0.044
  27.450   0.044
  27.550   0.043
  27.650   0.043
  27.750   0.043
  27.850   0.043
  27.950   0.042
  28.050   0.042
  28.150   0.042
  28.250   0.042
  28.350   0.041
  28.450   0.041
  28.550   0.041
  28.650   0.041
  28.750   0.040
  28.850   0.040
  28.950   0.040
  29.050   0.040
  29.150   0.040
  29.250   0.039
  29.350   0.039
  29.450   0.039
  29.550   0.039
  29.650   0.038
  29.750   0.038
  29.850   0.038
  29.950   0.038
