   0.050   0.000
   0.150   0.000
   0.250   0.000
   0.350   0.000
   0.450   0.000
   0.550   0.000
   0.650   0.000
   0.750   0.000
   0.850   0.000
   0.950   0.000
   1.050   0.000
   1.150   0.000
   1.250   0.000
   1.350   0.000
   1.450   0.000
   1.550   0.000
   1.650   0.000
   1.750   0.000
   1.850   0.000
   1.950   0.000
   2.050   0.000
   2.150   0.000
   2.250   0.000
   2.350   0.000
   2.450   0.056
   2.550   0.563
   2.650   1.360
   2.750   1.457
   2.850   1.033
   2.950   0.622
   3.050   0.361
   3.150   0.218
   3.250   0.140
   3.350   0.096
   3.450   0.071
   3.550   0.057
   3.650   0.049
   3.750   0.046
   3.850   0.045
   3.950   0.047
   4.050   0.050
   4.150   0.057
   4.250   0.065
   4.350   0.074
   4.450   0.085
   4.550   0.097
   4.650   0.107
   4.750   0.117
   4.850   0.125
   4.950   0.132
   5.050   0.136
   5.150   0.141
   5.250   0.145
   5.350   0.150
   5.450   0.155
   5.550   0.159
   5.650   0.161
   5.750   0.160
   5.850   0.159
   5.950   0.157
   6.050   0.154
   6.150   0.152
   6.250   0.151
   6.350   0.148
   6.450   0.145
   6.550   0.141
   6.650   0.137
   6.750   0.134
   6.850   0.136
   6.950   0.143
   7.050   0.151
   7.150   0.148
   7.250   0.135
   7.350   0.122
   7.450   0.114
   7.550   0.112
   7.650   0.113
   7.750   0.114
   7.850   0.116
   7.950   0.119
   8.050   0.122
   8.150   0.126
   8.250   0.130
   8.350   0.135
   8.450   0.141
   8.550   0.147
   8.650   0.152
   8.750   0.156
   8.850   0.158
   8.950   0.160
   9.050   0.160
   9.150   0.159
   9.250   0.158
   9.350   0.157
   9.450   0.156
   9.550   0.155
   9.650   0.154
   9.750   0.154
   9.850   0.153
   9.950   0.153
  10.050   0.154
  10.150   0.154
  10.250   0.153
  10.350   0.153
  10.450   0.153
  10.550   0.152
  10.650   0.151
  10.750   0.150
  10.850   0.149
  10.950   0.148
  11.050   0.147
  11.150   0.145
  11.250   0.144
  11.350   0.143
  11.450   0.141
  11.550   0.140
  11.650   0.139
  11.750   0.138
  11.850   0.137
  11.950   0.136
  12.050   0.136
  12.150   0.136
  12.250   0.135
  12.350   0.135
  12.450   0.134
  12.550   0.133
  12.650   0.133
  12.750   0.131
  12.850   0.130
  12.950   0.129
  13.050   0.127
  13.150   0.126
  13.250   0.125
  13.350   0.123
  13.450   0.122
  13.550   0.121
  13.650   0.119
  13.750   0.118
  13.850   0.117
  13.950   0.116
  14.050   0.115
  14.150   0.114
  14.250   0.113
  14.350   0.113
  14.450   0.112
  14.550   0.112
  14.650   0.111
  14.750   0.110
  14.850   0.109
  14.950   0.108
  15.050   0.107
  15.150   0.106
  15.250   0.105
  15.350   0.105
  15.450   0.104
  15.550   0.103
  15.650   0.102
  15.750   0.102
  15.850   0.101
  15.950   0.101
  16.050   0.101
  16.150   0.101
  16.250   0.100
  16.350   0.100
  16.450   0.099
  16.550   0.098
  16.650   0.098
  16.750   0.097
  16.850   0.096
  16.950   0.095
  17.050   0.094
  17.150   0.093
  17.250   0.092
  17.350   0.092
  17.450   0.091
  17.550   0.090
  17.650   0.090
  17.750   0.089
  17.850   0.088
  17.950   0.088
  18.050   0.087
  18.150   0.086
  18.250   0.085
  18.350   0.085
  18.450   0.084
  18.550   0.083
  18.650   0.082
  18.750   0.081
  18.850   0.080
  18.950   0.079
  19.050   0.078
  19.150   0.077
  19.250   0.077
  19.350   0.076
  19.450   0.075
  19.550   0.075
  19.650   0.074
  19.750   0.074
  19.850   0.073
  19.950   0.073
  20.050   0.072
  20.150   0.072
  20.250   0.071
  20.350   0.071
  20.450   0.070
  20.550   0.070
  20.650   0.069
  20.750   0.069
  20.850   0.068
  20.950   0.068
  21.050   0.067
  21.150   0.067
  21.250   0.066
  21.350   0.066
  21.450   0.065
  21.550   0.065
  21.650   0.064
  21.750   0.064
  21.850   0.063
  21.950   0.062
  22.050   0.062
  22.150   0.061
  22.250   0.061
  22.350   0.060
  22.450   0.060
  22.550   0.060
  22.650   0.059
  22.750   0.059
  22.850   0.058
  22.950   0.058
  23.050   0.058
  23.150   0.057
  23.250   0.057
  23.350   0.057
  23.450   0.056
  23.550   0.056
  23.650   0.056
  23.750   0.055
  23.850   0.055
  23.950   0.054
  24.050   0.054
  24.150   0.054
  24.250   0.053
  24.350   0.053
  24.450   0.053
  24.550   0.052
  24.650   0.052
  24.750   0.052
  24.850   0.051
  24.950   0.051
  25.050   0.051
  25.150   0.050
  25.250   0.050
  25.350   0.050
  25.450   0.049
  25.550   0.049
  25.650   0.049
  25.750   0.048
  25.850   0.048
  25.950   0.047
  26.050   0.047
  26.150   0.047
  26.250   0.046
  26.350   0.046
  26.450   0.046
  26.550   0.046
  26.650   0.045
  26.750   0.045
  26.850   0.045
  26.950   0.044
  27.050   0.044
  27.150   0.044
  27.250   0.043
  27.350   0.043
  27.450   0.043
  27.550   0.043
  27.650   0.042
  27.750   0.042
  27.850   0.042
  27.950   0.042
  28.050   0.041
  28.150   0.041
  28.250   0.041
  28.350   0.041
  28.450   0.041
  28.550   0.040
  28.650   0.040
  28.750   0.040
  28.850   0.040
  28.950   0.040
  29.050   0.039
  29.150   0.039
  29.250   0.039
  29.350   0.039
  29.450   0.039
  29.550   0.038
  29.650   0.038
  29.750   0.038
  29.850   0.038
  29.950   0.038
