   0.050   0.000
   0.150   0.000
   0.250   0.000
   0.350   0.000
   0.450   0.000
   0.550   0.000
   0.650   0.000
   0.750   0.000
   0.850   0.000
   0.950   0.000
   1.050   0.000
   1.150   0.000
   1.250   0.000
   1.350   0.000
   1.450   0.000
   1.550   0.000
   1.650   0.000
   1.750   0.000
   1.850   0.000
   1.950   0.000
   2.050   0.000
   2.150   0.000
   2.250   0.000
   2.350   0.000
   2.450   0.000
   2.550   0.000
   2.650   0.000
   2.750   0.000
   2.850   0.000
   2.950   0.000
   3.050   0.002
   3.150   0.005
   3.250   0.013
   3.350   0.028
   3.450   0.055
   3.550   0.097
   3.650   0.155
   3.750   0.223
   3.850   0.286
   3.950   0.332
   4.050   0.359
   4.150   0.374
   4.250   0.384
   4.350   0.393
   4.450   0.399
   4.550   0.397
   4.650   0.385
   4.750   0.372
   4.850   0.346
   4.950   0.282
   5.050   0.206
   5.150   0.149
   5.250   0.116
   5.350   0.099
   5.450   0.091
   5.550   0.087
   5.650   0.086
   5.750   0.088
   5.850   0.091
   5.950   0.097
   6.050   0.105
   6.150   0.114
   6.250   0.124
   6.350   0.135
   6.450   0.145
   6.550   0.155
   6.650   0.163
   6.750   0.167
   6.850   0.168
   6.950   0.166
   7.050   0.161
   7.150   0.153
   7.250   0.145
   7.350   0.138
   7.450   0.131
   7.550   0.126
   7.650   0.122
   7.750   0.120
   7.850   0.120
   7.950   0.120
   8.050   0.122
   8.150   0.125
   8.250   0.128
   8.350   0.131
   8.450   0.134
   8.550   0.136
   8.650   0.138
   8.750   0.139
   8.850   0.140
   8.950   0.141
   9.050   0.143
   9.150   0.146
   9.250   0.149
   9.350   0.151
   9.450   0.152
   9.550   0.151
   9.650   0.149
   9.750   0.147
   9.850   0.145
   9.950   0.143
  10.050   0.143
  10.150   0.144
  10.250   0.144
  10.350   0.145
  10.450   0.146
  10.550   0.146
  10.650   0.145
  10.750   0.144
  10.850   0.143
  10.950   0.141
  11.050   0.141
  11.150   0.140
  11.250   0.140
  11.350   0.139
  11.450   0.138
  11.550   0.138
  11.650   0.137
  11.750   0.136
  11.850   0.135
  11.950   0.134
  12.050   0.133
  12.150   0.132
  12.250   0.132
  12.350   0.131
  12.450   0.131
  12.550   0.130
  12.650   0.130
  12.750   0.129
  12.850   0.128
  12.950   0.127
  13.050   0.126
  13.150   0.125
  13.250   0.124
  13.350   0.123
  13.450   0.122
  13.550   0.120
  13.650   0.119
  13.750   0.118
  13.850   0.117
  13.950   0.116
  14.050   0.115
  14.150   0.114
  14.250   0.113
  14.350   0.112
  14.450   0.111
  14.550   0.111
  14.650   0.110
  14.750   0.110
  14.850   0.110
  14.950   0.110
  15.050   0.110
  15.150   0.109
  15.250   0.109
  15.350   0.109
  15.450   0.109
  15.550   0.108
  15.650   0.108
  15.750   0.107
  15.850   0.107
  15.950   0.106
  16.050   0.105
  16.150   0.105
  16.250   0.104
  16.350   0.102
  16.450   0.101
  16.550   0.100
  16.650   0.099
  16.750   0.098
  16.850   0.097
  16.950   0.096
  17.050   0.095
  17.150   0.094
  17.250   0.093
  17.350   0.092
  17.450   0.091
  17.550   0.090
  17.650   0.089
  17.750   0.089
  17.850   0.088
  17.950   0.087
  18.050   0.086
  18.150   0.086
  18.250   0.085
  18.350   0.084
  18.450   0.083
  18.550   0.082
  18.650   0.082
  18.750   0.081
  18.850   0.080
  18.950   0.080
  19.050   0.079
  19.150   0.079
  19.250   0.078
  19.350   0.077
  19.450   0.077
  19.550   0.076
  19.650   0.075
  19.750   0.074
  19.850   0.074
  19.950   0.073
  20.050   0.072
  20.150   0.071
  20.250   0.071
  20.350   0.070
  20.450   0.069
  20.550   0.069
  20.650   0.068
  20.750   0.067
  20.850   0.067
  20.950   0.066
  21.050   0.066
  21.150   0.066
  21.250   0.065
  21.350   0.065
  21.450   0.065
  21.550   0.064
  21.650   0.064
  21.750   0.063
  21.850   0.063
  21.950   0.062
  22.050   0.062
  22.150   0.061
  22.250   0.061
  22.350   0.060
  22.450   0.060
  22.550   0.059
  22.650   0.059
  22.750   0.058
  22.850   0.058
  22.950   0.058
  23.050   0.057
  23.150   0.057
  23.250   0.056
  23.350   0.056
  23.450   0.056
  23.550   0.055
  23.650   0.055
  23.750   0.055
  23.850   0.054
  23.950   0.054
  24.050   0.054
  24.150   0.053
  24.250   0.053
  24.350   0.053
  24.450   0.052
  24.550   0.052
  24.650   0.052
  24.750   0.052
  24.850   0.051
  24.950   0.051
  25.050   0.051
  25.150   0.050
  25.250   0.050
  25.350   0.050
  25.450   0.049
  25.550   0.049
  25.650   0.048
  25.750   0.048
  25.850   0.048
  25.950   0.047
  26.050   0.047
  26.150   0.047
  26.250   0.046
  26.350   0.046
  26.450   0.046
  26.550   0.046
  26.650   0.045
  26.750   0.045
  26.850   0.045
  26.950   0.045
  27.050   0.044
  27.150   0.044
  27.250   0.044
  27.350   0.044
  27.450   0.043
  27.550   0.043
  27.650   0.043
  27.750   0.043
  27.850   0.042
  27.950   0.042
  28.050   0.042
  28.150   0.042
  28.250   0.041
  28.350   0.041
  28.450   0.041
  28.550   0.041
  28.650   0.040
  28.750   0.040
  28.850   0.040
  28.950   0.040
  29.050   0.039
  29.150   0.039
  29.250   0.039
  29.350   0.039
  29.450   0.038
  29.550   0.038
  29.650   0.038
  29.750   0.038
  29.850   0.038
  29.950   0.037
