   0.050   0.000
   0.150   0.000
   0.250   0.000
   0.350   0.000
   0.450   0.000
   0.550   0.000
   0.650   0.000
   0.750   0.000
   0.850   0.000
   0.950   0.000
   1.050   0.000
   1.150   0.000
   1.250   0.000
   1.350   0.000
   1.450   0.000
   1.550   0.000
   1.650   0.000
   1.750   0.000
   1.850   0.055
   1.950   1.704
   2.050   2.199
   2.150   0.510
   2.250   0.055
   2.350   0.005
   2.450   0.000
   2.550   0.000
   2.650   0.000
   2.750   0.000
   2.850   0.000
   2.950   0.000
   3.050   0.000
   3.150   0.000
   3.250   0.001
   3.350   0.004
   3.450   0.015
   3.550   0.045
   3.650   0.107
   3.750   0.216
   3.850   0.355
   3.950   0.490
   4.050   0.587
   4.150   0.633
   4.250   0.628
   4.350   0.590
   4.450   0.536
   4.550   0.477
   4.650   0.410
   4.750   0.342
   4.850   0.280
   4.950   0.231
   5.050   0.194
   5.150   0.165
   5.250   0.143
   5.350   0.126
   5.450   0.115
   5.550   0.107
   5.650   0.103
   5.750   0.102
   5.850   0.104
   5.950   0.108
   6.050   0.114
   6.150   0.122
   6.250   0.132
   6.350   0.141
   6.450   0.149
   6.550   0.155
   6.650   0.159
   6.750   0.161
   6.850   0.161
   6.950   0.161
   7.050   0.159
   7.150   0.157
   7.250   0.156
   7.350   0.156
   7.450   0.157
   7.550   0.158
   7.650   0.160
   7.750   0.162
   7.850   0.163
   7.950   0.164
   8.050   0.165
   8.150   0.165
   8.250   0.164
   8.350   0.163
   8.450   0.163
   8.550   0.165
   8.650   0.169
   8.750   0.176
   8.850   0.185
   8.950   0.194
   9.050   0.201
   9.150   0.204
   9.250   0.202
   9.350   0.198
   9.450   0.195
   9.550   0.195
   9.650   0.198
   9.750   0.200
   9.850   0.200
   9.950   0.200
  10.050   0.203
  10.150   0.208
  10.250   0.214
  10.350   0.220
  10.450   0.225
  10.550   0.227
  10.650   0.227
  10.750   0.223
  10.850   0.220
  10.950   0.219
  11.050   0.218
  11.150   0.216
  11.250   0.213
  11.350   0.209
  11.450   0.204
  11.550   0.199
  11.650   0.195
  11.750   0.191
  11.850   0.187
  11.950   0.182
  12.050   0.177
  12.150   0.173
  12.250   0.168
  12.350   0.165
  12.450   0.162
  12.550   0.160
  12.650   0.157
  12.750   0.155
  12.850   0.153
  12.950   0.152
  13.050   0.151
  13.150   0.150
  13.250   0.150
  13.350   0.149
  13.450   0.149
  13.550   0.148
  13.650   0.148
  13.750   0.147
  13.850   0.147
  13.950   0.147
  14.050   0.148
  14.150   0.148
  14.250   0.148
  14.350   0.148
  14.450   0.148
  14.550   0.147
  14.650   0.146
  14.750   0.144
  14.850   0.142
  14.950   0.140
  15.050   0.137
  15.150   0.134
  15.250   0.131
  15.350   0.129
  15.450   0.128
  15.550   0.127
  15.650   0.126
  15.750   0.126
  15.850   0.125
  15.950   0.125
  16.050   0.123
  16.150   0.122
  16.250   0.121
  16.350   0.121
  16.450   0.120
  16.550   0.119
  16.650   0.119
  16.750   0.118
  16.850   0.118
  16.950   0.118
  17.050   0.118
  17.150   0.117
  17.250   0.116
  17.350   0.115
  17.450   0.114
  17.550   0.112
  17.650   0.111
  17.750   0.110
  17.850   0.108
  17.950   0.107
  18.050   0.106
  18.150   0.105
  18.250   0.105
  18.350   0.105
  18.450   0.104
  18.550   0.104
  18.650   0.104
  18.750   0.104
  18.850   0.103
  18.950   0.103
  19.050   0.102
  19.150   0.102
  19.250   0.101
  19.350   0.100
  19.450   0.099
  19.550   0.098
  19.650   0.097
  19.750   0.096
  19.850   0.095
  19.950   0.094
  20.050   0.093
  20.150   0.092
  20.250   0.091
  20.350   0.090
  20.450   0.089
  20.550   0.088
  20.650   0.087
  20.750   0.086
  20.850   0.086
  20.950   0.085
  21.050   0.085
  21.150   0.085
  21.250   0.084
  21.350   0.084
  21.450   0.084
  21.550   0.083
  21.650   0.083
  21.750   0.082
  21.850   0.082
  21.950   0.081
  22.050   0.080
  22.150   0.079
  22.250   0.078
  22.350   0.077
  22.450   0.076
  22.550   0.076
  22.650   0.075
  22.750   0.075
  22.850   0.074
  22.950   0.074
  23.050   0.074
  23.150   0.074
  23.250   0.074
  23.350   0.073
  23.450   0.073
  23.550   0.072
  23.650   0.072
  23.750   0.071
  23.850   0.070
  23.950   0.069
  24.050   0.069
  24.150   0.068
  24.250   0.067
  24.350   0.067
  24.450   0.066
  24.550   0.066
  24.650   0.065
  24.750   0.065
  24.850   0.064
  24.950   0.064
  25.050   0.063
  25.150   0.063
  25.250   0.062
  25.350   0.061
  25.450   0.061
  25.550   0.060
  25.650   0.059
  25.750   0.058
  25.850   0.057
  25.950   0.057
  26.050   0.056
  26.150   0.055
  26.250   0.054
  26.350   0.054
  26.450   0.053
  26.550   0.052
  26.650   0.052
  26.750   0.051
  26.850   0.050
  26.950   0.050
  27.050   0.050
  27.150   0.049
  27.250   0.049
  27.350   0.048
  27.450   0.048
  27.550   0.048
  27.650   0.047
  27.750   0.047
  27.850   0.046
  27.950   0.046
  28.050   0.045
  28.150   0.045
  28.250   0.045
  28.350   0.044
  28.450   0.044
  28.550   0.044
  28.650   0.043
  28.750   0.043
  28.850   0.042
  28.950   0.042
  29.050   0.042
  29.150   0.041
  29.250   0.041
  29.350   0.041
  29.450   0.040
  29.550   0.040
  29.650   0.040
  29.750   0.039
  29.850   0.039
  29.950   0.039
