   0.050   0.000
   0.150   0.000
   0.250   0.000
   0.350   0.000
   0.450   0.000
   0.550   0.000
   0.650   0.000
   0.750   0.000
   0.850   0.000
   0.950   0.000
   1.050   0.000
   1.150   0.000
   1.250   0.000
   1.350   0.000
   1.450   0.000
   1.550   0.000
   1.650   0.000
   1.750   0.000
   1.850   0.000
   1.950   0.000
   2.050   0.000
   2.150   0.000
   2.250   0.000
   2.350   0.000
   2.450   0.000
   2.550   0.000
   2.650   0.000
   2.750   0.000
   2.850   0.000
   2.950   0.000
   3.050   0.006
   3.150   0.100
   3.250   0.656
   3.350   2.262
   3.450   1.414
   3.550   0.110
   3.650   0.002
   3.750   0.000
   3.850   0.000
   3.950   0.000
   4.050   0.001
   4.150   0.010
   4.250   0.045
   4.350   0.135
   4.450   0.290
   4.550   0.453
   4.650   0.527
   4.750   0.480
   4.850   0.392
   4.950   0.346
   5.050   0.350
   5.150   0.380
   5.250   0.408
   5.350   0.417
   5.450   0.399
   5.550   0.355
   5.650   0.292
   5.750   0.220
   5.850   0.152
   5.950   0.102
   6.050   0.073
   6.150   0.061
   6.250   0.062
   6.350   0.067
   6.450   0.076
   6.550   0.086
   6.650   0.097
   6.750   0.110
   6.850   0.124
   6.950   0.137
   7.050   0.150
   7.150   0.163
   7.250   0.173
   7.350   0.181
   7.450   0.184
   7.550   0.180
   7.650   0.172
   7.750   0.165
   7.850   0.160
   7.950   0.157
   8.050   0.156
   8.150   0.155
   8.250   0.154
   8.350   0.155
   8.450   0.158
   8.550   0.165
   8.650   0.173
   8.750   0.182
   8.850   0.187
   8.950   0.188
   9.050   0.183
   9.150   0.175
   9.250   0.170
   9.350   0.172
   9.450   0.181
   9.550   0.193
   9.650   0.201
   9.750   0.204
   9.850   0.205
   9.950   0.206
  10.050   0.207
  10.150   0.209
  10.250   0.211
  10.350   0.211
  10.450   0.209
  10.550   0.207
  10.650   0.203
  10.750   0.200
  10.850   0.199
  10.950   0.198
  11.050   0.197
  11.150   0.196
  11.250   0.193
  11.350   0.189
  11.450   0.184
  11.550   0.179
  11.650   0.175
  11.750   0.172
  11.850   0.168
  11.950   0.164
  12.050   0.160
  12.150   0.156
  12.250   0.152
  12.350   0.149
  12.450   0.145
  12.550   0.142
  12.650   0.140
  12.750   0.138
  12.850   0.136
  12.950   0.135
  13.050   0.134
  13.150   0.134
  13.250   0.134
  13.350   0.134
  13.450   0.134
  13.550   0.134
  13.650   0.134
  13.750   0.134
  13.850   0.135
  13.950   0.135
  14.050   0.136
  14.150   0.136
  14.250   0.136
  14.350   0.135
  14.450   0.133
  14.550   0.132
  14.650   0.129
  14.750   0.127
  14.850   0.124
  14.950   0.121
  15.050   0.119
  15.150   0.117
  15.250   0.115
  15.350   0.114
  15.450   0.114
  15.550   0.114
  15.650   0.115
  15.750   0.116
  15.850   0.116
  15.950   0.116
  16.050   0.116
  16.150   0.115
  16.250   0.113
  16.350   0.112
  16.450   0.110
  16.550   0.109
  16.650   0.108
  16.750   0.108
  16.850   0.108
  16.950   0.108
  17.050   0.108
  17.150   0.108
  17.250   0.108
  17.350   0.108
  17.450   0.107
  17.550   0.106
  17.650   0.106
  17.750   0.105
  17.850   0.105
  17.950   0.104
  18.050   0.104
  18.150   0.103
  18.250   0.102
  18.350   0.102
  18.450   0.101
  18.550   0.100
  18.650   0.099
  18.750   0.098
  18.850   0.097
  18.950   0.096
  19.050   0.096
  19.150   0.095
  19.250   0.095
  19.350   0.095
  19.450   0.096
  19.550   0.096
  19.650   0.097
  19.750   0.097
  19.850   0.097
  19.950   0.096
  20.050   0.095
  20.150   0.095
  20.250   0.094
  20.350   0.093
  20.450   0.092
  20.550   0.091
  20.650   0.091
  20.750   0.090
  20.850   0.089
  20.950   0.088
  21.050   0.087
  21.150   0.086
  21.250   0.084
  21.350   0.083
  21.450   0.082
  21.550   0.080
  21.650   0.079
  21.750   0.078
  21.850   0.077
  21.950   0.076
  22.050   0.075
  22.150   0.075
  22.250   0.074
  22.350   0.074
  22.450   0.074
  22.550   0.073
  22.650   0.073
  22.750   0.073
  22.850   0.073
  22.950   0.072
  23.050   0.072
  23.150   0.072
  23.250   0.071
  23.350   0.071
  23.450   0.070
  23.550   0.070
  23.650   0.069
  23.750   0.069
  23.850   0.068
  23.950   0.068
  24.050   0.067
  24.150   0.067
  24.250   0.066
  24.350   0.065
  24.450   0.064
  24.550   0.063
  24.650   0.063
  24.750   0.062
  24.850   0.062
  24.950   0.062
  25.050   0.061
  25.150   0.061
  25.250   0.061
  25.350   0.061
  25.450   0.060
  25.550   0.060
  25.650   0.059
  25.750   0.059
  25.850   0.058
  25.950   0.057
  26.050   0.057
  26.150   0.056
  26.250   0.055
  26.350   0.055
  26.450   0.054
  26.550   0.054
  26.650   0.053
  26.750   0.052
  26.850   0.052
  26.950   0.051
  27.050   0.051
  27.150   0.051
  27.250   0.050
  27.350   0.050
  27.450   0.050
  27.550   0.050
  27.650   0.049
  27.750   0.049
  27.850   0.049
  27.950   0.049
  28.050   0.048
  28.150   0.048
  28.250   0.048
  28.350   0.048
  28.450   0.048
  28.550   0.047
  28.650   0.047
  28.750   0.047
  28.850   0.047
  28.950   0.046
  29.050   0.046
  29.150   0.046
  29.250   0.045
  29.350   0.045
  29.450   0.045
  29.550   0.044
  29.650   0.044
  29.750   0.043
  29.850   0.043
  29.950   0.042
