   0.050   0.000
   0.150   0.000
   0.250   0.000
   0.350   0.000
   0.450   0.000
   0.550   0.000
   0.650   0.000
   0.750   0.000
   0.850   0.000
   0.950   0.000
   1.050   0.000
   1.150   0.000
   1.250   0.000
   1.350   0.000
   1.450   0.000
   1.550   0.000
   1.650   0.000
   1.750   0.000
   1.850   0.000
   1.950   0.000
   2.050   0.000
   2.150   0.000
   2.250   0.000
   2.350   0.000
   2.450   0.000
   2.550   0.000
   2.650   0.000
   2.750   0.000
   2.850   0.000
   2.950   0.002
   3.050   0.010
   3.150   0.042
   3.250   0.121
   3.350   0.226
   3.450   0.269
   3.550   0.219
   3.650   0.163
   3.750   0.160
   3.850   0.186
   3.950   0.222
   4.050   0.278
   4.150   0.355
   4.250   0.427
   4.350   0.465
   4.450   0.455
   4.550   0.408
   4.650   0.351
   4.750   0.300
   4.850   0.248
   4.950   0.205
   5.050   0.176
   5.150   0.161
   5.250   0.158
   5.350   0.161
   5.450   0.167
   5.550   0.175
   5.650   0.184
   5.750   0.193
   5.850   0.202
   5.950   0.210
   6.050   0.214
   6.150   0.213
   6.250   0.208
   6.350   0.200
   6.450   0.193
   6.550   0.190
   6.650   0.189
   6.750   0.190
   6.850   0.190
   6.950   0.187
   7.050   0.182
   7.150   0.179
   7.250   0.178
   7.350   0.177
   7.450   0.176
   7.550   0.175
   7.650   0.173
   7.750   0.172
   7.850   0.171
   7.950   0.172
   8.050   0.174
   8.150   0.179
   8.250   0.184
   8.350   0.189
   8.450   0.194
   8.550   0.198
   8.650   0.201
   8.750   0.203
   8.850   0.205
   8.950   0.207
   9.050   0.211
   9.150   0.213
   9.250   0.213
   9.350   0.212
   9.450   0.212
   9.550   0.215
   9.650   0.219
   9.750   0.223
   9.850   0.227
   9.950   0.229
  10.050   0.228
  10.150   0.224
  10.250   0.220
  10.350   0.216
  10.450   0.211
  10.550   0.206
  10.650   0.203
  10.750   0.202
  10.850   0.201
  10.950   0.201
  11.050   0.201
  11.150   0.201
  11.250   0.201
  11.350   0.199
  11.450   0.197
  11.550   0.195
  11.650   0.194
  11.750   0.193
  11.850   0.192
  11.950   0.191
  12.050   0.190
  12.150   0.189
  12.250   0.188
  12.350   0.186
  12.450   0.183
  12.550   0.180
  12.650   0.176
  12.750   0.172
  12.850   0.168
  12.950   0.164
  13.050   0.161
  13.150   0.158
  13.250   0.155
  13.350   0.153
  13.450   0.150
  13.550   0.148
  13.650   0.146
  13.750   0.144
  13.850   0.143
  13.950   0.142
  14.050   0.141
  14.150   0.140
  14.250   0.140
  14.350   0.140
  14.450   0.140
  14.550   0.140
  14.650   0.140
  14.750   0.139
  14.850   0.139
  14.950   0.138
  15.050   0.137
  15.150   0.135
  15.250   0.134
  15.350   0.133
  15.450   0.132
  15.550   0.130
  15.650   0.129
  15.750   0.127
  15.850   0.125
  15.950   0.123
  16.050   0.121
  16.150   0.120
  16.250   0.119
  16.350   0.118
  16.450   0.117
  16.550   0.117
  16.650   0.117
  16.750   0.117
  16.850   0.117
  16.950   0.117
  17.050   0.117
  17.150   0.117
  17.250   0.116
  17.350   0.115
  17.450   0.114
  17.550   0.113
  17.650   0.112
  17.750   0.111
  17.850   0.110
  17.950   0.109
  18.050   0.108
  18.150   0.107
  18.250   0.106
  18.350   0.105
  18.450   0.104
  18.550   0.103
  18.650   0.102
  18.750   0.101
  18.850   0.101
  18.950   0.100
  19.050   0.100
  19.150   0.100
  19.250   0.100
  19.350   0.100
  19.450   0.100
  19.550   0.099
  19.650   0.099
  19.750   0.099
  19.850   0.098
  19.950   0.098
  20.050   0.097
  20.150   0.096
  20.250   0.095
  20.350   0.094
  20.450   0.092
  20.550   0.091
  20.650   0.090
  20.750   0.089
  20.850   0.088
  20.950   0.087
  21.050   0.086
  21.150   0.086
  21.250   0.085
  21.350   0.084
  21.450   0.084
  21.550   0.083
  21.650   0.083
  21.750   0.082
  21.850   0.081
  21.950   0.081
  22.050   0.080
  22.150   0.080
  22.250   0.079
  22.350   0.078
  22.450   0.078
  22.550   0.077
  22.650   0.077
  22.750   0.076
  22.850   0.076
  22.950   0.075
  23.050   0.075
  23.150   0.074
  23.250   0.074
  23.350   0.074
  23.450   0.073
  23.550   0.073
  23.650   0.073
  23.750   0.072
  23.850   0.071
  23.950   0.071
  24.050   0.070
  24.150   0.069
  24.250   0.068
  24.350   0.067
  24.450   0.066
  24.550   0.065
  24.650   0.064
  24.750   0.064
  24.850   0.063
  24.950   0.062
  25.050   0.061
  25.150   0.060
  25.250   0.059
  25.350   0.058
  25.450   0.058
  25.550   0.057
  25.650   0.056
  25.750   0.055
  25.850   0.055
  25.950   0.054
  26.050   0.054
  26.150   0.053
  26.250   0.053
  26.350   0.052
  26.450   0.052
  26.550   0.051
  26.650   0.051
  26.750   0.051
  26.850   0.050
  26.950   0.050
  27.050   0.049
  27.150   0.049
  27.250   0.048
  27.350   0.048
  27.450   0.048
  27.550   0.047
  27.650   0.047
  27.750   0.046
  27.850   0.046
  27.950   0.046
  28.050   0.045
  28.150   0.045
  28.250   0.044
  28.350   0.044
  28.450   0.044
  28.550   0.043
  28.650   0.043
  28.750   0.043
  28.850   0.042
  28.950   0.042
  29.050   0.041
  29.150   0.041
  29.250   0.041
  29.350   0.040
  29.450   0.040
  29.550   0.040
  29.650   0.039
  29.750   0.039
  29.850   0.039
  29.950   0.038
