#Distance_(Ang) :1-50&!@P,OP*,H*,O?',C?'_=>_:1-50&!@P,OP*,H*,O?',C?'
       0.050000                                             0.000000
       0.150000                                             0.000000
       0.250000                                             0.000000
       0.350000                                             0.000000
       0.450000                                             0.000000
       0.550000                                             0.000000
       0.650000                                             0.000000
       0.750000                                             0.000000
       0.850000                                             0.000000
       0.950000                                             0.000000
       1.050000                                             0.000000
       1.150000                                             0.000000
       1.250000                                             0.000000
       1.350000                                             0.000000
       1.450000                                             0.000000
       1.550000                                             0.000000
       1.650000                                             0.000000
       1.750000                                             0.000000
       1.850000                                             0.000000
       1.950000                                             0.000000
       2.050000                                             0.000000
       2.150000                                             0.000000
       2.250000                                             0.000000
       2.350000                                             0.000000
       2.450000                                             0.000000
       2.550000                                             0.000103
       2.650000                                             0.004773
       2.750000                                             0.030593
       2.850000                                             0.064737
       2.950000                                             0.080271
       3.050000                                             0.092520
       3.150000                                             0.122850
       3.250000                                             0.173387
       3.350000                                             0.239095
       3.450000                                             0.309661
       3.550000                                             0.377084
       3.650000                                             0.427060
       3.750000                                             0.450539
       3.850000                                             0.446774
       3.950000                                             0.427482
       4.050000                                             0.404703
       4.150000                                             0.386727
       4.250000                                             0.376207
       4.350000                                             0.370663
       4.450000                                             0.367143
       4.550000                                             0.364425
       4.650000                                             0.362809
       4.750000                                             0.363202
       4.850000                                             0.364506
       4.950000                                             0.363042
       5.050000                                             0.357333
       5.150000                                             0.349031
       5.250000                                             0.340381
       5.350000                                             0.334582
       5.450000                                             0.333146
       5.550000                                             0.334335
       5.650000                                             0.338574
       5.750000                                             0.346619
       5.850000                                             0.355742
       5.950000                                             0.363241
       6.050000                                             0.365897
       6.150000                                             0.362439
       6.250000                                             0.355051
       6.350000                                             0.348283
       6.450000                                             0.345312
       6.550000                                             0.347887
       6.650000                                             0.355520
       6.750000                                             0.365518
       6.850000                                             0.375036
       6.950000                                             0.384349
       7.050000                                             0.393769
       7.150000                                             0.401369
       7.250000                                             0.404954
       7.350000                                             0.404669
       7.450000                                             0.402437
       7.550000                                             0.400010
       7.650000                                             0.398040
       7.750000                                             0.396567
       7.850000                                             0.395085
       7.950000                                             0.394183
       8.050000                                             0.393942
       8.150000                                             0.393154
       8.250000                                             0.391185
       8.350000                                             0.387541
       8.450000                                             0.383332
       8.550000                                             0.379392
       8.650000                                             0.376445
       8.750000                                             0.375006
       8.850000                                             0.374383
       8.950000                                             0.374137
       9.050000                                             0.373745
       9.150000                                             0.373309
       9.250000                                             0.372897
       9.350000                                             0.371943
       9.450000                                             0.370195
       9.550000                                             0.367557
       9.650000                                             0.365010
       9.750000                                             0.363010
       9.850000                                             0.361381
       9.950000                                             0.360019
      10.050000                                             0.359000
      10.150000                                             0.358047
      10.250000                                             0.357318
      10.350000                                             0.356482
      10.450000                                             0.355451
      10.550000                                             0.353938
      10.650000                                             0.352233
      10.750000                                             0.350858
      10.850000                                             0.350200
      10.950000                                             0.350038
      11.050000                                             0.350226
      11.150000                                             0.350004
      11.250000                                             0.349120
      11.350000                                             0.348091
      11.450000                                             0.347413
      11.550000                                             0.346960
      11.650000                                             0.346728
      11.750000                                             0.346533
      11.850000                                             0.346225
      11.950000                                             0.345766
      12.050000                                             0.344753
      12.150000                                             0.343597
      12.250000                                             0.342047
      12.350000                                             0.340312
      12.450000                                             0.338283
      12.550000                                             0.336324
      12.650000                                             0.334406
      12.750000                                             0.332691
      12.850000                                             0.331056
      12.950000                                             0.329455
      13.050000                                             0.327730
      13.150000                                             0.325826
      13.250000                                             0.323679
      13.350000                                             0.321208
      13.450000                                             0.318548
      13.550000                                             0.315803
      13.650000                                             0.313342
      13.750000                                             0.311386
      13.850000                                             0.309717
      13.950000                                             0.308515
      14.050000                                             0.307274
      14.150000                                             0.305762
      14.250000                                             0.303687
      14.350000                                             0.301192
      14.450000                                             0.298045
      14.550000                                             0.294707
      14.650000                                             0.291657
      14.750000                                             0.288961
      14.850000                                             0.286833
      14.950000                                             0.285125
      15.050000                                             0.283980
      15.150000                                             0.282799
      15.250000                                             0.281373
      15.350000                                             0.279486
      15.450000                                             0.276871
      15.550000                                             0.273838
      15.650000                                             0.270636
      15.750000                                             0.267602
      15.850000                                             0.264700
      15.950000                                             0.262081
      16.050000                                             0.259565
      16.150000                                             0.256879
      16.250000                                             0.253996
      16.350000                                             0.250763
      16.450000                                             0.247349
      16.550000                                             0.243744
      16.650000                                             0.240050
      16.750000                                             0.236398
      16.850000                                             0.232934
      16.950000                                             0.229674
      17.050000                                             0.226499
      17.150000                                             0.223398
      17.250000                                             0.220196
      17.350000                                             0.216993
      17.450000                                             0.213830
      17.550000                                             0.210743
      17.650000                                             0.207827
      17.750000                                             0.205269
      17.850000                                             0.202939
      17.950000                                             0.200835
      18.050000                                             0.198788
      18.150000                                             0.196658
      18.250000                                             0.194286
      18.350000                                             0.191641
      18.450000                                             0.188675
      18.550000                                             0.185552
      18.650000                                             0.182243
      18.750000                                             0.179075
      18.850000                                             0.175995
      18.950000                                             0.173221
      19.050000                                             0.170626
      19.150000                                             0.168271
      19.250000                                             0.166083
      19.350000                                             0.163903
      19.450000                                             0.161674
      19.550000                                             0.159384
      19.650000                                             0.157045
      19.750000                                             0.154707
      19.850000                                             0.152393
      19.950000                                             0.150198
      20.050000                                             0.148058
      20.150000                                             0.146002
      20.250000                                             0.143956
      20.350000                                             0.141951
      20.450000                                             0.139814
      20.550000                                             0.137691
      20.650000                                             0.135497
      20.750000                                             0.133296
      20.850000                                             0.131260
      20.950000                                             0.129294
      21.050000                                             0.127539
      21.150000                                             0.125824
      21.250000                                             0.124245
      21.350000                                             0.122621
      21.450000                                             0.120969
      21.550000                                             0.119247
      21.650000                                             0.117399
      21.750000                                             0.115591
      21.850000                                             0.113843
      21.950000                                             0.112175
      22.050000                                             0.110629
      22.150000                                             0.109246
      22.250000                                             0.107917
      22.350000                                             0.106658
      22.450000                                             0.105353
      22.550000                                             0.104021
      22.650000                                             0.102618
      22.750000                                             0.101196
      22.850000                                             0.099797
      22.950000                                             0.098376
      23.050000                                             0.097020
      23.150000                                             0.095712
      23.250000                                             0.094464
      23.350000                                             0.093252
      23.450000                                             0.092079
      23.550000                                             0.090946
      23.650000                                             0.089852
      23.750000                                             0.088806
      23.850000                                             0.087779
      23.950000                                             0.086776
      24.050000                                             0.085846
      24.150000                                             0.084942
      24.250000                                             0.084047
      24.350000                                             0.083193
      24.450000                                             0.082386
      24.550000                                             0.081603
      24.650000                                             0.080817
      24.750000                                             0.080071
      24.850000                                             0.079338
      24.950000                                             0.078633
      25.050000                                             0.077944
      25.150000                                             0.077298
      25.250000                                             0.076635
      25.350000                                             0.076009
      25.450000                                             0.075370
      25.550000                                             0.074737
      25.650000                                             0.074087
      25.750000                                             0.073457
      25.850000                                             0.072798
      25.950000                                             0.072140
      26.050000                                             0.071504
      26.150000                                             0.070826
      26.250000                                             0.070162
      26.350000                                             0.069507
      26.450000                                             0.068878
      26.550000                                             0.068230
      26.650000                                             0.067607
      26.750000                                             0.067004
      26.850000                                             0.066379
      26.950000                                             0.065783
      27.050000                                             0.065161
      27.150000                                             0.064539
      27.250000                                             0.063933
      27.350000                                             0.063346
      27.450000                                             0.062756
      27.550000                                             0.062188
      27.650000                                             0.061637
      27.750000                                             0.061090
      27.850000                                             0.060587
      27.950000                                             0.060075
      28.050000                                             0.059604
      28.150000                                             0.059149
      28.250000                                             0.058672
      28.350000                                             0.058217
      28.450000                                             0.057782
      28.550000                                             0.057342
      28.650000                                             0.056933
      28.750000                                             0.056526
      28.850000                                             0.056130
      28.950000                                             0.055732
      29.050000                                             0.055359
      29.150000                                             0.054967
      29.250000                                             0.054577
      29.350000                                             0.054188
      29.450000                                             0.053789
      29.550000                                             0.053396
      29.650000                                             0.052957
      29.750000                                             0.052535
      29.850000                                             0.052117
      29.950000                                             0.051687
