#Distance_(Ang) :1-50&!@P,OP*,H*,O?',C?'_=>_:1-50&!@P,OP*,H*,O?',C?'
       0.050000                                             0.000000
       0.150000                                             0.000000
       0.250000                                             0.000000
       0.350000                                             0.000000
       0.450000                                             0.000000
       0.550000                                             0.000000
       0.650000                                             0.000000
       0.750000                                             0.000000
       0.850000                                             0.000000
       0.950000                                             0.000000
       1.050000                                             0.000000
       1.150000                                             0.000000
       1.250000                                             0.000000
       1.350000                                             0.000000
       1.450000                                             0.000000
       1.550000                                             0.000000
       1.650000                                             0.000000
       1.750000                                             0.000000
       1.850000                                             0.000000
       1.950000                                             0.000000
       2.050000                                             0.000000
       2.150000                                             0.000000
       2.250000                                             0.000000
       2.350000                                             0.000000
       2.450000                                             0.000001
       2.550000                                             0.000261
       2.650000                                             0.006740
       2.750000                                             0.031500
       2.850000                                             0.063367
       2.950000                                             0.086313
       3.050000                                             0.109160
       3.150000                                             0.154864
       3.250000                                             0.228970
       3.350000                                             0.318881
       3.450000                                             0.406038
       3.550000                                             0.477393
       3.650000                                             0.528603
       3.750000                                             0.560758
       3.850000                                             0.576916
       3.950000                                             0.577236
       4.050000                                             0.564338
       4.150000                                             0.544492
       4.250000                                             0.524630
       4.350000                                             0.508050
       4.450000                                             0.495665
       4.550000                                             0.487121
       4.650000                                             0.479256
       4.750000                                             0.469799
       4.850000                                             0.460135
       4.950000                                             0.450800
       5.050000                                             0.440689
       5.150000                                             0.428927
       5.250000                                             0.416719
       5.350000                                             0.406266
       5.450000                                             0.398130
       5.550000                                             0.393270
       5.650000                                             0.391778
       5.750000                                             0.392641
       5.850000                                             0.393797
       5.950000                                             0.395193
       6.050000                                             0.397725
       6.150000                                             0.402110
       6.250000                                             0.408224
       6.350000                                             0.416315
       6.450000                                             0.425270
       6.550000                                             0.434147
       6.650000                                             0.443432
       6.750000                                             0.454865
       6.850000                                             0.469580
       6.950000                                             0.487118
       7.050000                                             0.505175
       7.150000                                             0.520935
       7.250000                                             0.532618
       7.350000                                             0.539655
       7.450000                                             0.543568
       7.550000                                             0.545398
       7.650000                                             0.545590
       7.750000                                             0.544560
       7.850000                                             0.543508
       7.950000                                             0.542105
       8.050000                                             0.541165
       8.150000                                             0.540246
       8.250000                                             0.539347
       8.350000                                             0.537941
       8.450000                                             0.535744
       8.550000                                             0.532312
       8.650000                                             0.527380
       8.750000                                             0.521213
       8.850000                                             0.515014
       8.950000                                             0.510179
       9.050000                                             0.507522
       9.150000                                             0.506235
       9.250000                                             0.505441
       9.350000                                             0.504744
       9.450000                                             0.503706
       9.550000                                             0.502741
       9.650000                                             0.501538
       9.750000                                             0.499737
       9.850000                                             0.497442
       9.950000                                             0.495473
      10.050000                                             0.494604
      10.150000                                             0.495553
      10.250000                                             0.498209
      10.350000                                             0.501788
      10.450000                                             0.505244
      10.550000                                             0.507635
      10.650000                                             0.508821
      10.750000                                             0.509116
      10.850000                                             0.508556
      10.950000                                             0.506928
      11.050000                                             0.504302
      11.150000                                             0.501096
      11.250000                                             0.497630
      11.350000                                             0.493643
      11.450000                                             0.488931
      11.550000                                             0.483146
      11.650000                                             0.476565
      11.750000                                             0.469556
      11.850000                                             0.462547
      11.950000                                             0.455930
      12.050000                                             0.449875
      12.150000                                             0.444373
      12.250000                                             0.439596
      12.350000                                             0.435244
      12.450000                                             0.431145
      12.550000                                             0.427089
      12.650000                                             0.422769
      12.750000                                             0.418065
      12.850000                                             0.413015
      12.950000                                             0.408199
      13.050000                                             0.403541
      13.150000                                             0.399726
      13.250000                                             0.396323
      13.350000                                             0.393550
      13.450000                                             0.391212
      13.550000                                             0.389043
      13.650000                                             0.386855
      13.750000                                             0.384636
      13.850000                                             0.382496
      13.950000                                             0.380499
      14.050000                                             0.378597
      14.150000                                             0.376932
      14.250000                                             0.375379
      14.350000                                             0.373578
      14.450000                                             0.371422
      14.550000                                             0.368928
      14.650000                                             0.366102
      14.750000                                             0.362948
      14.850000                                             0.359582
      14.950000                                             0.356136
      15.050000                                             0.352539
      15.150000                                             0.349056
      15.250000                                             0.345707
      15.350000                                             0.342405
      15.450000                                             0.339168
      15.550000                                             0.335973
      15.650000                                             0.332755
      15.750000                                             0.329513
      15.850000                                             0.326229
      15.950000                                             0.322876
      16.050000                                             0.319428
      16.150000                                             0.315883
      16.250000                                             0.312325
      16.350000                                             0.308823
      16.450000                                             0.305430
      16.550000                                             0.302042
      16.650000                                             0.298794
      16.750000                                             0.295637
      16.850000                                             0.292500
      16.950000                                             0.289541
      17.050000                                             0.286662
      17.150000                                             0.283730
      17.250000                                             0.280893
      17.350000                                             0.278183
      17.450000                                             0.275381
      17.550000                                             0.272523
      17.650000                                             0.269534
      17.750000                                             0.266322
      17.850000                                             0.262893
      17.950000                                             0.259312
      18.050000                                             0.255488
      18.150000                                             0.251534
      18.250000                                             0.247606
      18.350000                                             0.243659
      18.450000                                             0.239898
      18.550000                                             0.236253
      18.650000                                             0.232895
      18.750000                                             0.229678
      18.850000                                             0.226633
      18.950000                                             0.223739
      19.050000                                             0.220916
      19.150000                                             0.218148
      19.250000                                             0.215369
      19.350000                                             0.212553
      19.450000                                             0.209722
      19.550000                                             0.206899
      19.650000                                             0.204033
      19.750000                                             0.201230
      19.850000                                             0.198441
      19.950000                                             0.195747
      20.050000                                             0.193094
      20.150000                                             0.190504
      20.250000                                             0.188027
      20.350000                                             0.185603
      20.450000                                             0.183271
      20.550000                                             0.181039
      20.650000                                             0.178775
      20.750000                                             0.176525
      20.850000                                             0.174277
      20.950000                                             0.172053
      21.050000                                             0.169756
      21.150000                                             0.167550
      21.250000                                             0.165333
      21.350000                                             0.163152
      21.450000                                             0.161032
      21.550000                                             0.158949
      21.650000                                             0.156910
      21.750000                                             0.154877
      21.850000                                             0.152874
      21.950000                                             0.150941
      22.050000                                             0.149090
      22.150000                                             0.147253
      22.250000                                             0.145529
      22.350000                                             0.143893
      22.450000                                             0.142346
      22.550000                                             0.140894
      22.650000                                             0.139565
      22.750000                                             0.138319
      22.850000                                             0.137167
      22.950000                                             0.136108
      23.050000                                             0.135098
      23.150000                                             0.134158
      23.250000                                             0.133153
      23.350000                                             0.132101
      23.450000                                             0.130990
      23.550000                                             0.129791
      23.650000                                             0.128486
      23.750000                                             0.127109
      23.850000                                             0.125693
      23.950000                                             0.124209
      24.050000                                             0.122664
      24.150000                                             0.121090
      24.250000                                             0.119498
      24.350000                                             0.117861
      24.450000                                             0.116202
      24.550000                                             0.114524
      24.650000                                             0.112860
      24.750000                                             0.111151
      24.850000                                             0.109508
      24.950000                                             0.107888
      25.050000                                             0.106281
      25.150000                                             0.104696
      25.250000                                             0.103128
      25.350000                                             0.101588
      25.450000                                             0.100075
      25.550000                                             0.098600
      25.650000                                             0.097132
      25.750000                                             0.095708
      25.850000                                             0.094334
      25.950000                                             0.092985
      26.050000                                             0.091695
      26.150000                                             0.090439
      26.250000                                             0.089235
      26.350000                                             0.088077
      26.450000                                             0.086935
      26.550000                                             0.085853
      26.650000                                             0.084809
      26.750000                                             0.083800
      26.850000                                             0.082840
      26.950000                                             0.081898
      27.050000                                             0.080986
      27.150000                                             0.080089
      27.250000                                             0.079198
      27.350000                                             0.078320
      27.450000                                             0.077438
      27.550000                                             0.076518
      27.650000                                             0.075626
      27.750000                                             0.074679
      27.850000                                             0.073774
      27.950000                                             0.072848
      28.050000                                             0.071915
      28.150000                                             0.071024
      28.250000                                             0.070140
      28.350000                                             0.069248
      28.450000                                             0.068380
      28.550000                                             0.067502
      28.650000                                             0.066640
      28.750000                                             0.065768
      28.850000                                             0.064900
      28.950000                                             0.064041
      29.050000                                             0.063186
      29.150000                                             0.062349
      29.250000                                             0.061540
      29.350000                                             0.060762
      29.450000                                             0.060020
      29.550000                                             0.059304
      29.650000                                             0.058635
      29.750000                                             0.057954
      29.850000                                             0.057329
      29.950000                                             0.056708
