   0.050   0.000
   0.150   0.000
   0.250   0.000
   0.350   0.000
   0.450   0.000
   0.550   0.000
   0.650   0.000
   0.750   0.000
   0.850   0.000
   0.950   0.000
   1.050   0.000
   1.150   0.000
   1.250   0.000
   1.350   0.000
   1.450   0.000
   1.550   0.000
   1.650   0.000
   1.750   0.000
   1.850   0.000
   1.950   0.000
   2.050   0.000
   2.150   0.000
   2.250   0.000
   2.350   0.000
   2.450   0.000
   2.550   0.000
   2.650   0.005
   2.750   0.026
   2.850   0.055
   2.950   0.083
   3.050   0.125
   3.150   0.192
   3.250   0.280
   3.350   0.378
   3.450   0.469
   3.550   0.539
   3.650   0.583
   3.750   0.605
   3.850   0.613
   3.950   0.613
   4.050   0.608
   4.150   0.599
   4.250   0.589
   4.350   0.580
   4.450   0.571
   4.550   0.562
   4.650   0.553
   4.750   0.543
   4.850   0.530
   4.950   0.515
   5.050   0.503
   5.150   0.494
   5.250   0.489
   5.350   0.486
   5.450   0.485
   5.550   0.485
   5.650   0.485
   5.750   0.485
   5.850   0.486
   5.950   0.486
   6.050   0.486
   6.150   0.487
   6.250   0.489
   6.350   0.493
   6.450   0.500
   6.550   0.508
   6.650   0.517
   6.750   0.526
   6.850   0.531
   6.950   0.534
   7.050   0.535
   7.150   0.536
   7.250   0.537
   7.350   0.537
   7.450   0.538
   7.550   0.538
   7.650   0.537
   7.750   0.536
   7.850   0.535
   7.950   0.534
   8.050   0.533
   8.150   0.532
   8.250   0.529
   8.350   0.527
   8.450   0.525
   8.550   0.524
   8.650   0.522
   8.750   0.521
   8.850   0.518
   8.950   0.515
   9.050   0.511
   9.150   0.507
   9.250   0.503
   9.350   0.500
   9.450   0.499
   9.550   0.498
   9.650   0.497
   9.750   0.496
   9.850   0.495
   9.950   0.494
  10.050   0.493
  10.150   0.491
  10.250   0.490
  10.350   0.488
  10.450   0.487
  10.550   0.485
  10.650   0.483
  10.750   0.480
  10.850   0.478
  10.950   0.476
  11.050   0.474
  11.150   0.473
  11.250   0.472
  11.350   0.470
  11.450   0.468
  11.550   0.467
  11.650   0.465
  11.750   0.463
  11.850   0.461
  11.950   0.459
  12.050   0.457
  12.150   0.455
  12.250   0.454
  12.350   0.454
  12.450   0.454
  12.550   0.454
  12.650   0.454
  12.750   0.453
  12.850   0.452
  12.950   0.450
  13.050   0.448
  13.150   0.446
  13.250   0.444
  13.350   0.442
  13.450   0.440
  13.550   0.438
  13.650   0.435
  13.750   0.433
  13.850   0.430
  13.950   0.428
  14.050   0.425
  14.150   0.422
  14.250   0.419
  14.350   0.416
  14.450   0.412
  14.550   0.409
  14.650   0.406
  14.750   0.402
  14.850   0.398
  14.950   0.394
  15.050   0.390
  15.150   0.387
  15.250   0.383
  15.350   0.380
  15.450   0.376
  15.550   0.373
  15.650   0.371
  15.750   0.368
  15.850   0.365
  15.950   0.361
  16.050   0.358
  16.150   0.354
  16.250   0.350
  16.350   0.347
  16.450   0.343
  16.550   0.340
  16.650   0.337
  16.750   0.333
  16.850   0.330
  16.950   0.326
  17.050   0.322
  17.150   0.319
  17.250   0.316
  17.350   0.313
  17.450   0.310
  17.550   0.307
  17.650   0.304
  17.750   0.301
  17.850   0.298
  17.950   0.295
  18.050   0.292
  18.150   0.289
  18.250   0.286
  18.350   0.283
  18.450   0.280
  18.550   0.277
  18.650   0.274
  18.750   0.271
  18.850   0.268
  18.950   0.265
  19.050   0.262
  19.150   0.259
  19.250   0.256
  19.350   0.253
  19.450   0.250
  19.550   0.247
  19.650   0.245
  19.750   0.242
  19.850   0.239
  19.950   0.235
  20.050   0.232
  20.150   0.228
  20.250   0.224
  20.350   0.220
  20.450   0.217
  20.550   0.213
  20.650   0.210
  20.750   0.208
  20.850   0.205
  20.950   0.202
  21.050   0.200
  21.150   0.198
  21.250   0.195
  21.350   0.192
  21.450   0.190
  21.550   0.187
  21.650   0.184
  21.750   0.181
  21.850   0.178
  21.950   0.176
  22.050   0.173
  22.150   0.170
  22.250   0.167
  22.350   0.164
  22.450   0.161
  22.550   0.159
  22.650   0.156
  22.750   0.154
  22.850   0.151
  22.950   0.149
  23.050   0.147
  23.150   0.145
  23.250   0.143
  23.350   0.141
  23.450   0.138
  23.550   0.136
  23.650   0.134
  23.750   0.131
  23.850   0.129
  23.950   0.127
  24.050   0.124
  24.150   0.122
  24.250   0.121
  24.350   0.119
  24.450   0.117
  24.550   0.115
  24.650   0.113
  24.750   0.111
  24.850   0.110
  24.950   0.108
  25.050   0.106
  25.150   0.104
  25.250   0.102
  25.350   0.101
  25.450   0.099
  25.550   0.097
  25.650   0.096
  25.750   0.094
  25.850   0.093
  25.950   0.091
  26.050   0.089
  26.150   0.088
  26.250   0.087
  26.350   0.085
  26.450   0.084
  26.550   0.082
  26.650   0.081
  26.750   0.080
  26.850   0.078
  26.950   0.077
  27.050   0.076
  27.150   0.074
  27.250   0.073
  27.350   0.072
  27.450   0.071
  27.550   0.070
  27.650   0.069
  27.750   0.068
  27.850   0.067
  27.950   0.067
  28.050   0.066
  28.150   0.065
  28.250   0.064
  28.350   0.063
  28.450   0.062
  28.550   0.061
  28.650   0.060
  28.750   0.060
  28.850   0.059
  28.950   0.058
  29.050   0.057
  29.150   0.056
  29.250   0.055
  29.350   0.054
  29.450   0.054
  29.550   0.053
  29.650   0.052
  29.750   0.051
  29.850   0.051
  29.950   0.050
