#Distance_(Ang) :1-50&!@P,OP*,H*,O?',C?'_=>_:1-50&!@P,OP*,H*,O?',C?'
       0.050000                                             0.000000
       0.150000                                             0.000000
       0.250000                                             0.000000
       0.350000                                             0.000000
       0.450000                                             0.000000
       0.550000                                             0.000000
       0.650000                                             0.000000
       0.750000                                             0.000000
       0.850000                                             0.000000
       0.950000                                             0.000000
       1.050000                                             0.000000
       1.150000                                             0.000000
       1.250000                                             0.000000
       1.350000                                             0.000000
       1.450000                                             0.000000
       1.550000                                             0.000000
       1.650000                                             0.000000
       1.750000                                             0.000000
       1.850000                                             0.000000
       1.950000                                             0.000000
       2.050000                                             0.000000
       2.150000                                             0.000000
       2.250000                                             0.000000
       2.350000                                             0.000000
       2.450000                                             0.000000
       2.550000                                             0.000001
       2.650000                                             0.000403
       2.750000                                             0.010955
       2.850000                                             0.050189
       2.950000                                             0.085240
       3.050000                                             0.109655
       3.150000                                             0.163826
       3.250000                                             0.265696
       3.350000                                             0.403559
       3.450000                                             0.545599
       3.550000                                             0.662554
       3.650000                                             0.741992
       3.750000                                             0.787507
       3.850000                                             0.798677
       3.950000                                             0.779989
       4.050000                                             0.744298
       4.150000                                             0.701108
       4.250000                                             0.658020
       4.350000                                             0.623039
       4.450000                                             0.599420
       4.550000                                             0.585493
       4.650000                                             0.575993
       4.750000                                             0.564931
       4.850000                                             0.547881
       4.950000                                             0.527318
       5.050000                                             0.507024
       5.150000                                             0.484340
       5.250000                                             0.460715
       5.350000                                             0.438496
       5.450000                                             0.420019
       5.550000                                             0.405706
       5.650000                                             0.396016
       5.750000                                             0.390952
       5.850000                                             0.391987
       5.950000                                             0.397514
       6.050000                                             0.400260
       6.150000                                             0.393860
       6.250000                                             0.382333
       6.350000                                             0.375749
       6.450000                                             0.374914
       6.550000                                             0.377487
       6.650000                                             0.381850
       6.750000                                             0.388804
       6.850000                                             0.398125
       6.950000                                             0.410436
       7.050000                                             0.424794
       7.150000                                             0.436478
       7.250000                                             0.442131
       7.350000                                             0.440871
       7.450000                                             0.434655
       7.550000                                             0.427861
       7.650000                                             0.422782
       7.750000                                             0.418831
       7.850000                                             0.416070
       7.950000                                             0.413437
       8.050000                                             0.411996
       8.150000                                             0.410784
       8.250000                                             0.409589
       8.350000                                             0.406768
       8.450000                                             0.401325
       8.550000                                             0.393531
       8.650000                                             0.384146
       8.750000                                             0.374303
       8.850000                                             0.365215
       8.950000                                             0.357904
       9.050000                                             0.352392
       9.150000                                             0.348466
       9.250000                                             0.346194
       9.350000                                             0.345863
       9.450000                                             0.346043
       9.550000                                             0.345141
       9.650000                                             0.343577
       9.750000                                             0.342220
       9.850000                                             0.342072
       9.950000                                             0.343040
      10.050000                                             0.344720
      10.150000                                             0.346995
      10.250000                                             0.349840
      10.350000                                             0.353212
      10.450000                                             0.356860
      10.550000                                             0.360051
      10.650000                                             0.363009
      10.750000                                             0.365485
      10.850000                                             0.367397
      10.950000                                             0.368642
      11.050000                                             0.368839
      11.150000                                             0.368148
      11.250000                                             0.367260
      11.350000                                             0.366223
      11.450000                                             0.365418
      11.550000                                             0.364473
      11.650000                                             0.363147
      11.750000                                             0.361472
      11.850000                                             0.359614
      11.950000                                             0.357578
      12.050000                                             0.355327
      12.150000                                             0.352646
      12.250000                                             0.349454
      12.350000                                             0.346040
      12.450000                                             0.342552
      12.550000                                             0.339273
      12.650000                                             0.336424
      12.750000                                             0.333982
      12.850000                                             0.331674
      12.950000                                             0.329484
      13.050000                                             0.327383
      13.150000                                             0.325239
      13.250000                                             0.323338
      13.350000                                             0.321705
      13.450000                                             0.320348
      13.550000                                             0.319191
      13.650000                                             0.318237
      13.750000                                             0.317363
      13.850000                                             0.316329
      13.950000                                             0.315086
      14.050000                                             0.313737
      14.150000                                             0.312428
      14.250000                                             0.311306
      14.350000                                             0.310008
      14.450000                                             0.308532
      14.550000                                             0.307040
      14.650000                                             0.305587
      14.750000                                             0.304004
      14.850000                                             0.302225
      14.950000                                             0.300216
      15.050000                                             0.298048
      15.150000                                             0.295704
      15.250000                                             0.293147
      15.350000                                             0.290712
      15.450000                                             0.288213
      15.550000                                             0.285690
      15.650000                                             0.283256
      15.750000                                             0.280770
      15.850000                                             0.278285
      15.950000                                             0.275741
      16.050000                                             0.273140
      16.150000                                             0.270504
      16.250000                                             0.267971
      16.350000                                             0.265565
      16.450000                                             0.263284
      16.550000                                             0.261130
      16.650000                                             0.259246
      16.750000                                             0.257461
      16.850000                                             0.255737
      16.950000                                             0.254184
      17.050000                                             0.252623
      17.150000                                             0.251009
      17.250000                                             0.249398
      17.350000                                             0.247762
      17.450000                                             0.246138
      17.550000                                             0.244520
      17.650000                                             0.242889
      17.750000                                             0.241279
      17.850000                                             0.239664
      17.950000                                             0.238043
      18.050000                                             0.236414
      18.150000                                             0.234821
      18.250000                                             0.233189
      18.350000                                             0.231635
      18.450000                                             0.229956
      18.550000                                             0.228168
      18.650000                                             0.226388
      18.750000                                             0.224534
      18.850000                                             0.222648
      18.950000                                             0.220728
      19.050000                                             0.218728
      19.150000                                             0.216618
      19.250000                                             0.214577
      19.350000                                             0.212574
      19.450000                                             0.210577
      19.550000                                             0.208613
      19.650000                                             0.206695
      19.750000                                             0.204846
      19.850000                                             0.202974
      19.950000                                             0.201165
      20.050000                                             0.199354
      20.150000                                             0.197592
      20.250000                                             0.195939
      20.350000                                             0.194378
      20.450000                                             0.192961
      20.550000                                             0.191588
      20.650000                                             0.190296
      20.750000                                             0.189089
      20.850000                                             0.187808
      20.950000                                             0.186541
      21.050000                                             0.185268
      21.150000                                             0.183909
      21.250000                                             0.182578
      21.350000                                             0.181205
      21.450000                                             0.179870
      21.550000                                             0.178484
      21.650000                                             0.177155
      21.750000                                             0.175794
      21.850000                                             0.174381
      21.950000                                             0.172976
      22.050000                                             0.171545
      22.150000                                             0.170107
      22.250000                                             0.168586
      22.350000                                             0.167104
      22.450000                                             0.165585
      22.550000                                             0.164092
      22.650000                                             0.162604
      22.750000                                             0.161134
      22.850000                                             0.159683
      22.950000                                             0.158231
      23.050000                                             0.156840
      23.150000                                             0.155455
      23.250000                                             0.154138
      23.350000                                             0.152822
      23.450000                                             0.151484
      23.550000                                             0.150284
      23.650000                                             0.149026
      23.750000                                             0.147788
      23.850000                                             0.146605
      23.950000                                             0.145443
      24.050000                                             0.144254
      24.150000                                             0.143066
      24.250000                                             0.141852
      24.350000                                             0.140607
      24.450000                                             0.139399
      24.550000                                             0.138101
      24.650000                                             0.136815
      24.750000                                             0.135495
      24.850000                                             0.134152
      24.950000                                             0.132788
      25.050000                                             0.131407
      25.150000                                             0.130005
      25.250000                                             0.128617
      25.350000                                             0.127196
      25.450000                                             0.125733
      25.550000                                             0.124283
      25.650000                                             0.122830
      25.750000                                             0.121333
      25.850000                                             0.119812
      25.950000                                             0.118282
      26.050000                                             0.116707
      26.150000                                             0.115159
      26.250000                                             0.113614
      26.350000                                             0.112037
      26.450000                                             0.110509
      26.550000                                             0.108957
      26.650000                                             0.107416
      26.750000                                             0.105900
      26.850000                                             0.104406
      26.950000                                             0.102959
      27.050000                                             0.101504
      27.150000                                             0.100094
      27.250000                                             0.098679
      27.350000                                             0.097296
      27.450000                                             0.095938
      27.550000                                             0.094607
      27.650000                                             0.093290
      27.750000                                             0.092040
      27.850000                                             0.090778
      27.950000                                             0.089502
      28.050000                                             0.088302
      28.150000                                             0.087076
      28.250000                                             0.085867
      28.350000                                             0.084667
      28.450000                                             0.083472
      28.550000                                             0.082304
      28.650000                                             0.081158
      28.750000                                             0.080016
      28.850000                                             0.078914
      28.950000                                             0.077830
      29.050000                                             0.076753
      29.150000                                             0.075723
      29.250000                                             0.074696
      29.350000                                             0.073682
      29.450000                                             0.072681
      29.550000                                             0.071690
      29.650000                                             0.070728
      29.750000                                             0.069785
      29.850000                                             0.068840
      29.950000                                             0.067935
