   0.050   0.000
   0.150   0.000
   0.250   0.000
   0.350   0.000
   0.450   0.000
   0.550   0.000
   0.650   0.000
   0.750   0.000
   0.850   0.000
   0.950   0.000
   1.050   0.000
   1.150   0.000
   1.250   0.000
   1.350   0.000
   1.450   0.000
   1.550   0.000
   1.650   0.000
   1.750   0.000
   1.850   0.000
   1.950   0.000
   2.050   0.000
   2.150   0.000
   2.250   0.000
   2.350   0.000
   2.450   0.000
   2.550   0.000
   2.650   0.011
   2.750   0.063
   2.850   0.129
   2.950   0.150
   3.050   0.151
   3.150   0.201
   3.250   0.312
   3.350   0.463
   3.450   0.626
   3.550   0.768
   3.650   0.866
   3.750   0.901
   3.850   0.876
   3.950   0.826
   4.050   0.781
   4.150   0.751
   4.250   0.722
   4.350   0.692
   4.450   0.672
   4.550   0.663
   4.650   0.659
   4.750   0.655
   4.850   0.652
   4.950   0.647
   5.050   0.632
   5.150   0.599
   5.250   0.561
   5.350   0.535
   5.450   0.527
   5.550   0.524
   5.650   0.513
   5.750   0.501
   5.850   0.496
   5.950   0.496
   6.050   0.493
   6.150   0.486
   6.250   0.476
   6.350   0.466
   6.450   0.459
   6.550   0.458
   6.650   0.463
   6.750   0.473
   6.850   0.485
   6.950   0.492
   7.050   0.498
   7.150   0.502
   7.250   0.504
   7.350   0.501
   7.450   0.498
   7.550   0.495
   7.650   0.491
   7.750   0.483
   7.850   0.474
   7.950   0.468
   8.050   0.464
   8.150   0.460
   8.250   0.454
   8.350   0.447
   8.450   0.440
   8.550   0.434
   8.650   0.429
   8.750   0.424
   8.850   0.420
   8.950   0.416
   9.050   0.411
   9.150   0.405
   9.250   0.401
   9.350   0.398
   9.450   0.395
   9.550   0.393
   9.650   0.390
   9.750   0.388
   9.850   0.386
   9.950   0.385
  10.050   0.383
  10.150   0.382
  10.250   0.382
  10.350   0.382
  10.450   0.382
  10.550   0.383
  10.650   0.383
  10.750   0.383
  10.850   0.383
  10.950   0.382
  11.050   0.381
  11.150   0.380
  11.250   0.379
  11.350   0.377
  11.450   0.376
  11.550   0.374
  11.650   0.372
  11.750   0.370
  11.850   0.368
  11.950   0.365
  12.050   0.363
  12.150   0.360
  12.250   0.357
  12.350   0.355
  12.450   0.352
  12.550   0.350
  12.650   0.348
  12.750   0.346
  12.850   0.343
  12.950   0.341
  13.050   0.340
  13.150   0.338
  13.250   0.336
  13.350   0.335
  13.450   0.333
  13.550   0.331
  13.650   0.330
  13.750   0.329
  13.850   0.328
  13.950   0.326
  14.050   0.325
  14.150   0.324
  14.250   0.323
  14.350   0.321
  14.450   0.319
  14.550   0.318
  14.650   0.316
  14.750   0.314
  14.850   0.313
  14.950   0.311
  15.050   0.310
  15.150   0.309
  15.250   0.307
  15.350   0.306
  15.450   0.304
  15.550   0.302
  15.650   0.300
  15.750   0.298
  15.850   0.296
  15.950   0.294
  16.050   0.291
  16.150   0.289
  16.250   0.287
  16.350   0.285
  16.450   0.283
  16.550   0.281
  16.650   0.279
  16.750   0.277
  16.850   0.275
  16.950   0.274
  17.050   0.272
  17.150   0.271
  17.250   0.269
  17.350   0.268
  17.450   0.266
  17.550   0.264
  17.650   0.263
  17.750   0.261
  17.850   0.259
  17.950   0.257
  18.050   0.255
  18.150   0.253
  18.250   0.250
  18.350   0.248
  18.450   0.246
  18.550   0.243
  18.650   0.241
  18.750   0.239
  18.850   0.236
  18.950   0.234
  19.050   0.232
  19.150   0.230
  19.250   0.227
  19.350   0.225
  19.450   0.223
  19.550   0.220
  19.650   0.218
  19.750   0.216
  19.850   0.213
  19.950   0.211
  20.050   0.208
  20.150   0.206
  20.250   0.204
  20.350   0.202
  20.450   0.200
  20.550   0.198
  20.650   0.196
  20.750   0.194
  20.850   0.192
  20.950   0.190
  21.050   0.188
  21.150   0.186
  21.250   0.183
  21.350   0.181
  21.450   0.179
  21.550   0.177
  21.650   0.175
  21.750   0.173
  21.850   0.171
  21.950   0.169
  22.050   0.167
  22.150   0.165
  22.250   0.163
  22.350   0.161
  22.450   0.159
  22.550   0.157
  22.650   0.155
  22.750   0.154
  22.850   0.152
  22.950   0.150
  23.050   0.148
  23.150   0.146
  23.250   0.144
  23.350   0.143
  23.450   0.141
  23.550   0.139
  23.650   0.138
  23.750   0.136
  23.850   0.135
  23.950   0.133
  24.050   0.132
  24.150   0.131
  24.250   0.129
  24.350   0.128
  24.450   0.126
  24.550   0.125
  24.650   0.123
  24.750   0.122
  24.850   0.120
  24.950   0.119
  25.050   0.117
  25.150   0.115
  25.250   0.114
  25.350   0.112
  25.450   0.110
  25.550   0.108
  25.650   0.107
  25.750   0.105
  25.850   0.103
  25.950   0.101
  26.050   0.100
  26.150   0.098
  26.250   0.097
  26.350   0.095
  26.450   0.094
  26.550   0.092
  26.650   0.091
  26.750   0.089
  26.850   0.088
  26.950   0.087
  27.050   0.085
  27.150   0.084
  27.250   0.083
  27.350   0.082
  27.450   0.080
  27.550   0.079
  27.650   0.078
  27.750   0.077
  27.850   0.076
  27.950   0.075
  28.050   0.073
  28.150   0.072
  28.250   0.071
  28.350   0.070
  28.450   0.069
  28.550   0.068
  28.650   0.067
  28.750   0.066
  28.850   0.065
  28.950   0.063
  29.050   0.062
  29.150   0.061
  29.250   0.060
  29.350   0.059
  29.450   0.058
  29.550   0.057
  29.650   0.056
  29.750   0.055
  29.850   0.054
  29.950   0.053
