   0.050   0.000
   0.150   0.000
   0.250   0.000
   0.350   0.000
   0.450   0.000
   0.550   0.000
   0.650   0.000
   0.750   0.000
   0.850   0.000
   0.950   0.000
   1.050   0.000
   1.150   0.000
   1.250   0.000
   1.350   0.000
   1.450   0.000
   1.550   0.000
   1.650   0.000
   1.750   0.000
   1.850   0.000
   1.950   0.000
   2.050   0.000
   2.150   0.000
   2.250   0.000
   2.350   0.000
   2.450   0.000
   2.550   0.000
   2.650   0.007
   2.750   0.036
   2.850   0.074
   2.950   0.104
   3.050   0.135
   3.150   0.185
   3.250   0.261
   3.350   0.351
   3.450   0.437
   3.550   0.507
   3.650   0.557
   3.750   0.582
   3.850   0.586
   3.950   0.574
   4.050   0.557
   4.150   0.538
   4.250   0.521
   4.350   0.507
   4.450   0.497
   4.550   0.489
   4.650   0.481
   4.750   0.473
   4.850   0.465
   4.950   0.458
   5.050   0.450
   5.150   0.442
   5.250   0.434
   5.350   0.428
   5.450   0.425
   5.550   0.424
   5.650   0.422
   5.750   0.420
   5.850   0.418
   5.950   0.414
   6.050   0.411
   6.150   0.410
   6.250   0.414
   6.350   0.421
   6.450   0.429
   6.550   0.439
   6.650   0.451
   6.750   0.463
   6.850   0.476
   6.950   0.487
   7.050   0.497
   7.150   0.505
   7.250   0.511
   7.350   0.515
   7.450   0.515
   7.550   0.515
   7.650   0.512
   7.750   0.509
   7.850   0.504
   7.950   0.499
   8.050   0.494
   8.150   0.490
   8.250   0.486
   8.350   0.482
   8.450   0.480
   8.550   0.477
   8.650   0.476
   8.750   0.474
   8.850   0.473
   8.950   0.471
   9.050   0.468
   9.150   0.465
   9.250   0.462
   9.350   0.459
   9.450   0.456
   9.550   0.452
   9.650   0.449
   9.750   0.447
   9.850   0.445
   9.950   0.444
  10.050   0.443
  10.150   0.443
  10.250   0.442
  10.350   0.441
  10.450   0.440
  10.550   0.439
  10.650   0.437
  10.750   0.435
  10.850   0.433
  10.950   0.431
  11.050   0.430
  11.150   0.428
  11.250   0.427
  11.350   0.424
  11.450   0.422
  11.550   0.418
  11.650   0.414
  11.750   0.410
  11.850   0.406
  11.950   0.403
  12.050   0.399
  12.150   0.396
  12.250   0.392
  12.350   0.389
  12.450   0.387
  12.550   0.384
  12.650   0.381
  12.750   0.379
  12.850   0.376
  12.950   0.373
  13.050   0.370
  13.150   0.367
  13.250   0.364
  13.350   0.362
  13.450   0.359
  13.550   0.357
  13.650   0.355
  13.750   0.352
  13.850   0.350
  13.950   0.347
  14.050   0.344
  14.150   0.341
  14.250   0.338
  14.350   0.335
  14.450   0.331
  14.550   0.328
  14.650   0.325
  14.750   0.322
  14.850   0.319
  14.950   0.317
  15.050   0.314
  15.150   0.311
  15.250   0.308
  15.350   0.305
  15.450   0.302
  15.550   0.299
  15.650   0.296
  15.750   0.293
  15.850   0.290
  15.950   0.287
  16.050   0.284
  16.150   0.282
  16.250   0.279
  16.350   0.276
  16.450   0.273
  16.550   0.271
  16.650   0.268
  16.750   0.265
  16.850   0.263
  16.950   0.260
  17.050   0.258
  17.150   0.255
  17.250   0.253
  17.350   0.250
  17.450   0.247
  17.550   0.245
  17.650   0.242
  17.750   0.240
  17.850   0.237
  17.950   0.235
  18.050   0.232
  18.150   0.230
  18.250   0.228
  18.350   0.226
  18.450   0.223
  18.550   0.221
  18.650   0.219
  18.750   0.217
  18.850   0.215
  18.950   0.213
  19.050   0.211
  19.150   0.209
  19.250   0.207
  19.350   0.205
  19.450   0.203
  19.550   0.201
  19.650   0.199
  19.750   0.197
  19.850   0.196
  19.950   0.194
  20.050   0.192
  20.150   0.190
  20.250   0.189
  20.350   0.187
  20.450   0.185
  20.550   0.183
  20.650   0.181
  20.750   0.180
  20.850   0.178
  20.950   0.176
  21.050   0.174
  21.150   0.173
  21.250   0.171
  21.350   0.169
  21.450   0.168
  21.550   0.166
  21.650   0.164
  21.750   0.163
  21.850   0.161
  21.950   0.160
  22.050   0.158
  22.150   0.157
  22.250   0.155
  22.350   0.154
  22.450   0.152
  22.550   0.151
  22.650   0.149
  22.750   0.148
  22.850   0.146
  22.950   0.145
  23.050   0.144
  23.150   0.142
  23.250   0.141
  23.350   0.140
  23.450   0.138
  23.550   0.137
  23.650   0.135
  23.750   0.134
  23.850   0.132
  23.950   0.131
  24.050   0.129
  24.150   0.128
  24.250   0.126
  24.350   0.125
  24.450   0.124
  24.550   0.122
  24.650   0.121
  24.750   0.120
  24.850   0.118
  24.950   0.117
  25.050   0.116
  25.150   0.114
  25.250   0.113
  25.350   0.112
  25.450   0.110
  25.550   0.109
  25.650   0.108
  25.750   0.106
  25.850   0.105
  25.950   0.104
  26.050   0.102
  26.150   0.101
  26.250   0.100
  26.350   0.099
  26.450   0.098
  26.550   0.097
  26.650   0.095
  26.750   0.094
  26.850   0.093
  26.950   0.092
  27.050   0.091
  27.150   0.090
  27.250   0.088
  27.350   0.087
  27.450   0.086
  27.550   0.085
  27.650   0.084
  27.750   0.082
  27.850   0.081
  27.950   0.080
  28.050   0.079
  28.150   0.078
  28.250   0.076
  28.350   0.075
  28.450   0.074
  28.550   0.073
  28.650   0.072
  28.750   0.071
  28.850   0.070
  28.950   0.069
  29.050   0.068
  29.150   0.067
  29.250   0.066
  29.350   0.065
  29.450   0.064
  29.550   0.063
  29.650   0.062
  29.750   0.061
  29.850   0.060
  29.950   0.059
