#Distance_(Ang) :1-50&!@P,OP*,H*,O?',C?'_=>_:1-50&!@P,OP*,H*,O?',C?'
       0.050000                                             0.000000
       0.150000                                             0.000000
       0.250000                                             0.000000
       0.350000                                             0.000000
       0.450000                                             0.000000
       0.550000                                             0.000000
       0.650000                                             0.000000
       0.750000                                             0.000000
       0.850000                                             0.000000
       0.950000                                             0.000000
       1.050000                                             0.000000
       1.150000                                             0.000000
       1.250000                                             0.000000
       1.350000                                             0.000000
       1.450000                                             0.000000
       1.550000                                             0.000000
       1.650000                                             0.000000
       1.750000                                             0.000000
       1.850000                                             0.000000
       1.950000                                             0.000000
       2.050000                                             0.000000
       2.150000                                             0.000000
       2.250000                                             0.000000
       2.350000                                             0.000000
       2.450000                                             0.000001
       2.550000                                             0.000267
       2.650000                                             0.006981
       2.750000                                             0.036184
       2.850000                                             0.071959
       2.950000                                             0.101382
       3.050000                                             0.136993
       3.150000                                             0.182978
       3.250000                                             0.234147
       3.350000                                             0.286549
       3.450000                                             0.336463
       3.550000                                             0.377692
       3.650000                                             0.402215
       3.750000                                             0.410314
       3.850000                                             0.409652
       3.950000                                             0.408304
       4.050000                                             0.407958
       4.150000                                             0.406265
       4.250000                                             0.402998
       4.350000                                             0.399320
       4.450000                                             0.396117
       4.550000                                             0.394076
       4.650000                                             0.392676
       4.750000                                             0.392359
       4.850000                                             0.393666
       4.950000                                             0.395890
       5.050000                                             0.395984
       5.150000                                             0.392345
       5.250000                                             0.388927
       5.350000                                             0.388124
       5.450000                                             0.389423
       5.550000                                             0.388573
       5.650000                                             0.384629
       5.750000                                             0.381441
       5.850000                                             0.380663
       5.950000                                             0.383310
       6.050000                                             0.387635
       6.150000                                             0.395273
       6.250000                                             0.405640
       6.350000                                             0.418275
       6.450000                                             0.431293
       6.550000                                             0.443863
       6.650000                                             0.454632
       6.750000                                             0.462348
       6.850000                                             0.466414
       6.950000                                             0.467663
       7.050000                                             0.467229
       7.150000                                             0.466300
       7.250000                                             0.465741
       7.350000                                             0.465990
       7.450000                                             0.465824
       7.550000                                             0.464941
       7.650000                                             0.462692
       7.750000                                             0.458896
       7.850000                                             0.453963
       7.950000                                             0.448485
       8.050000                                             0.442784
       8.150000                                             0.437872
       8.250000                                             0.434371
       8.350000                                             0.431760
       8.450000                                             0.430103
       8.550000                                             0.428685
       8.650000                                             0.427278
       8.750000                                             0.425975
       8.850000                                             0.424580
       8.950000                                             0.423144
       9.050000                                             0.421048
       9.150000                                             0.418005
       9.250000                                             0.414790
       9.350000                                             0.411225
       9.450000                                             0.408189
       9.550000                                             0.405160
       9.650000                                             0.402659
       9.750000                                             0.400768
       9.850000                                             0.399307
       9.950000                                             0.398735
      10.050000                                             0.398140
      10.150000                                             0.397172
      10.250000                                             0.395848
      10.350000                                             0.394073
      10.450000                                             0.392141
      10.550000                                             0.389891
      10.650000                                             0.387294
      10.750000                                             0.384334
      10.850000                                             0.380766
      10.950000                                             0.377038
      11.050000                                             0.373206
      11.150000                                             0.369750
      11.250000                                             0.366567
      11.350000                                             0.363734
      11.450000                                             0.360851
      11.550000                                             0.358013
      11.650000                                             0.355245
      11.750000                                             0.352417
      11.850000                                             0.349943
      11.950000                                             0.347624
      12.050000                                             0.345448
      12.150000                                             0.343350
      12.250000                                             0.341376
      12.350000                                             0.339511
      12.450000                                             0.337743
      12.550000                                             0.336381
      12.650000                                             0.335168
      12.750000                                             0.334150
      12.850000                                             0.333208
      12.950000                                             0.332536
      13.050000                                             0.331811
      13.150000                                             0.331427
      13.250000                                             0.331105
      13.350000                                             0.330809
      13.450000                                             0.330495
      13.550000                                             0.330080
      13.650000                                             0.329677
      13.750000                                             0.329143
      13.850000                                             0.328624
      13.950000                                             0.327981
      14.050000                                             0.327032
      14.150000                                             0.325820
      14.250000                                             0.324537
      14.350000                                             0.323296
      14.450000                                             0.321956
      14.550000                                             0.320707
      14.650000                                             0.319519
      14.750000                                             0.318519
      14.850000                                             0.317598
      14.950000                                             0.316446
      15.050000                                             0.315403
      15.150000                                             0.314367
      15.250000                                             0.313248
      15.350000                                             0.312064
      15.450000                                             0.310628
      15.550000                                             0.309282
      15.650000                                             0.307778
      15.750000                                             0.306321
      15.850000                                             0.304820
      15.950000                                             0.303334
      16.050000                                             0.301838
      16.150000                                             0.300309
      16.250000                                             0.298710
      16.350000                                             0.297144
      16.450000                                             0.295522
      16.550000                                             0.293967
      16.650000                                             0.292300
      16.750000                                             0.290653
      16.850000                                             0.288862
      16.950000                                             0.287278
      17.050000                                             0.285565
      17.150000                                             0.283949
      17.250000                                             0.282310
      17.350000                                             0.280728
      17.450000                                             0.279129
      17.550000                                             0.277565
      17.650000                                             0.275912
      17.750000                                             0.274266
      17.850000                                             0.272623
      17.950000                                             0.270866
      18.050000                                             0.269005
      18.150000                                             0.267291
      18.250000                                             0.265463
      18.350000                                             0.263575
      18.450000                                             0.261744
      18.550000                                             0.259786
      18.650000                                             0.257758
      18.750000                                             0.255696
      18.850000                                             0.253557
      18.950000                                             0.251344
      19.050000                                             0.249148
      19.150000                                             0.246794
      19.250000                                             0.244485
      19.350000                                             0.242120
      19.450000                                             0.239821
      19.550000                                             0.237522
      19.650000                                             0.235210
      19.750000                                             0.232923
      19.850000                                             0.230755
      19.950000                                             0.228563
      20.050000                                             0.226419
      20.150000                                             0.224275
      20.250000                                             0.222231
      20.350000                                             0.220201
      20.450000                                             0.218212
      20.550000                                             0.216299
      20.650000                                             0.214316
      20.750000                                             0.212444
      20.850000                                             0.210619
      20.950000                                             0.208728
      21.050000                                             0.206892
      21.150000                                             0.205093
      21.250000                                             0.203264
      21.350000                                             0.201457
      21.450000                                             0.199622
      21.550000                                             0.197771
      21.650000                                             0.195908
      21.750000                                             0.194053
      21.850000                                             0.192102
      21.950000                                             0.190166
      22.050000                                             0.188185
      22.150000                                             0.186213
      22.250000                                             0.184209
      22.350000                                             0.182148
      22.450000                                             0.180115
      22.550000                                             0.178026
      22.650000                                             0.175916
      22.750000                                             0.173761
      22.850000                                             0.171624
      22.950000                                             0.169484
      23.050000                                             0.167301
      23.150000                                             0.165070
      23.250000                                             0.162874
      23.350000                                             0.160687
      23.450000                                             0.158469
      23.550000                                             0.156295
      23.650000                                             0.154131
      23.750000                                             0.151983
      23.850000                                             0.149835
      23.950000                                             0.147729
      24.050000                                             0.145604
      24.150000                                             0.143540
      24.250000                                             0.141503
      24.350000                                             0.139540
      24.450000                                             0.137571
      24.550000                                             0.135677
      24.650000                                             0.133838
      24.750000                                             0.132016
      24.850000                                             0.130253
      24.950000                                             0.128545
      25.050000                                             0.126877
      25.150000                                             0.125244
      25.250000                                             0.123606
      25.350000                                             0.122036
      25.450000                                             0.120492
      25.550000                                             0.118969
      25.650000                                             0.117478
      25.750000                                             0.116009
      25.850000                                             0.114566
      25.950000                                             0.113094
      26.050000                                             0.111674
      26.150000                                             0.110258
      26.250000                                             0.108859
      26.350000                                             0.107406
      26.450000                                             0.105985
      26.550000                                             0.104567
      26.650000                                             0.103124
      26.750000                                             0.101661
      26.850000                                             0.100217
      26.950000                                             0.098767
      27.050000                                             0.097298
      27.150000                                             0.095840
      27.250000                                             0.094413
      27.350000                                             0.092962
      27.450000                                             0.091528
      27.550000                                             0.090152
      27.650000                                             0.088791
      27.750000                                             0.087408
      27.850000                                             0.086098
      27.950000                                             0.084774
      28.050000                                             0.083488
      28.150000                                             0.082193
      28.250000                                             0.080967
      28.350000                                             0.079686
      28.450000                                             0.078467
      28.550000                                             0.077220
      28.650000                                             0.076035
      28.750000                                             0.074835
      28.850000                                             0.073643
      28.950000                                             0.072464
      29.050000                                             0.071297
      29.150000                                             0.070179
      29.250000                                             0.069043
      29.350000                                             0.067942
      29.450000                                             0.066846
      29.550000                                             0.065800
      29.650000                                             0.064746
      29.750000                                             0.063708
      29.850000                                             0.062701
      29.950000                                             0.061704
