   0.050   0.000
   0.150   0.000
   0.250   0.000
   0.350   0.000
   0.450   0.000
   0.550   0.000
   0.650   0.000
   0.750   0.000
   0.850   0.000
   0.950   0.000
   1.050   0.000
   1.150   0.000
   1.250   0.000
   1.350   0.000
   1.450   0.000
   1.550   0.000
   1.650   0.000
   1.750   0.000
   1.850   0.000
   1.950   0.000
   2.050   0.000
   2.150   0.000
   2.250   0.000
   2.350   0.000
   2.450   0.000
   2.550   0.000
   2.650   0.000
   2.750   0.015
   2.850   0.072
   2.950   0.117
   3.050   0.128
   3.150   0.162
   3.250   0.243
   3.350   0.354
   3.450   0.467
   3.550   0.560
   3.650   0.630
   3.750   0.682
   3.850   0.713
   3.950   0.712
   4.050   0.686
   4.150   0.650
   4.250   0.615
   4.350   0.587
   4.450   0.571
   4.550   0.563
   4.650   0.556
   4.750   0.545
   4.850   0.529
   4.950   0.516
   5.050   0.507
   5.150   0.492
   5.250   0.472
   5.350   0.452
   5.450   0.436
   5.550   0.425
   5.650   0.415
   5.750   0.411
   5.850   0.414
   5.950   0.421
   6.050   0.424
   6.150   0.415
   6.250   0.400
   6.350   0.388
   6.450   0.386
   6.550   0.389
   6.650   0.397
   6.750   0.411
   6.850   0.431
   6.950   0.451
   7.050   0.469
   7.150   0.484
   7.250   0.491
   7.350   0.490
   7.450   0.481
   7.550   0.470
   7.650   0.459
   7.750   0.451
   7.850   0.444
   7.950   0.437
   8.050   0.431
   8.150   0.423
   8.250   0.412
   8.350   0.398
   8.450   0.383
   8.550   0.367
   8.650   0.354
   8.750   0.342
   8.850   0.332
   8.950   0.324
   9.050   0.318
   9.150   0.312
   9.250   0.308
   9.350   0.304
   9.450   0.299
   9.550   0.292
   9.650   0.286
   9.750   0.280
   9.850   0.276
   9.950   0.274
  10.050   0.273
  10.150   0.273
  10.250   0.273
  10.350   0.273
  10.450   0.273
  10.550   0.273
  10.650   0.273
  10.750   0.273
  10.850   0.273
  10.950   0.274
  11.050   0.274
  11.150   0.275
  11.250   0.275
  11.350   0.275
  11.450   0.275
  11.550   0.274
  11.650   0.273
  11.750   0.272
  11.850   0.271
  11.950   0.269
  12.050   0.267
  12.150   0.266
  12.250   0.264
  12.350   0.262
  12.450   0.260
  12.550   0.258
  12.650   0.256
  12.750   0.255
  12.850   0.253
  12.950   0.251
  13.050   0.249
  13.150   0.247
  13.250   0.245
  13.350   0.244
  13.450   0.242
  13.550   0.240
  13.650   0.239
  13.750   0.237
  13.850   0.236
  13.950   0.235
  14.050   0.234
  14.150   0.233
  14.250   0.231
  14.350   0.230
  14.450   0.229
  14.550   0.229
  14.650   0.228
  14.750   0.227
  14.850   0.226
  14.950   0.225
  15.050   0.225
  15.150   0.224
  15.250   0.223
  15.350   0.223
  15.450   0.222
  15.550   0.221
  15.650   0.220
  15.750   0.219
  15.850   0.218
  15.950   0.216
  16.050   0.215
  16.150   0.214
  16.250   0.212
  16.350   0.211
  16.450   0.209
  16.550   0.208
  16.650   0.206
  16.750   0.205
  16.850   0.203
  16.950   0.201
  17.050   0.200
  17.150   0.198
  17.250   0.196
  17.350   0.195
  17.450   0.193
  17.550   0.191
  17.650   0.190
  17.750   0.188
  17.850   0.186
  17.950   0.185
  18.050   0.183
  18.150   0.182
  18.250   0.180
  18.350   0.178
  18.450   0.177
  18.550   0.175
  18.650   0.174
  18.750   0.172
  18.850   0.171
  18.950   0.170
  19.050   0.168
  19.150   0.167
  19.250   0.165
  19.350   0.164
  19.450   0.163
  19.550   0.161
  19.650   0.160
  19.750   0.158
  19.850   0.157
  19.950   0.156
  20.050   0.154
  20.150   0.153
  20.250   0.152
  20.350   0.150
  20.450   0.149
  20.550   0.148
  20.650   0.146
  20.750   0.145
  20.850   0.143
  20.950   0.142
  21.050   0.140
  21.150   0.139
  21.250   0.138
  21.350   0.136
  21.450   0.135
  21.550   0.133
  21.650   0.132
  21.750   0.130
  21.850   0.129
  21.950   0.128
  22.050   0.126
  22.150   0.125
  22.250   0.123
  22.350   0.122
  22.450   0.121
  22.550   0.120
  22.650   0.118
  22.750   0.117
  22.850   0.116
  22.950   0.115
  23.050   0.114
  23.150   0.113
  23.250   0.112
  23.350   0.111
  23.450   0.110
  23.550   0.109
  23.650   0.108
  23.750   0.107
  23.850   0.106
  23.950   0.105
  24.050   0.104
  24.150   0.103
  24.250   0.102
  24.350   0.101
  24.450   0.101
  24.550   0.100
  24.650   0.099
  24.750   0.098
  24.850   0.097
  24.950   0.096
  25.050   0.095
  25.150   0.094
  25.250   0.093
  25.350   0.093
  25.450   0.092
  25.550   0.091
  25.650   0.090
  25.750   0.089
  25.850   0.088
  25.950   0.088
  26.050   0.087
  26.150   0.086
  26.250   0.085
  26.350   0.084
  26.450   0.084
  26.550   0.083
  26.650   0.082
  26.750   0.082
  26.850   0.081
  26.950   0.080
  27.050   0.080
  27.150   0.079
  27.250   0.078
  27.350   0.078
  27.450   0.077
  27.550   0.076
  27.650   0.076
  27.750   0.075
  27.850   0.074
  27.950   0.074
  28.050   0.073
  28.150   0.072
  28.250   0.072
  28.350   0.071
  28.450   0.071
  28.550   0.070
  28.650   0.069
  28.750   0.069
  28.850   0.068
  28.950   0.067
  29.050   0.067
  29.150   0.066
  29.250   0.065
  29.350   0.065
  29.450   0.064
  29.550   0.063
  29.650   0.063
  29.750   0.062
  29.850   0.061
  29.950   0.061
