   0.050   0.000
   0.150   0.000
   0.250   0.000
   0.350   0.000
   0.450   0.000
   0.550   0.000
   0.650   0.000
   0.750   0.000
   0.850   0.000
   0.950   0.000
   1.050   0.000
   1.150   0.000
   1.250   0.000
   1.350   0.000
   1.450   0.000
   1.550   0.000
   1.650   0.000
   1.750   0.000
   1.850   0.000
   1.950   0.000
   2.050   0.000
   2.150   0.000
   2.250   0.000
   2.350   0.000
   2.450   0.000
   2.550   0.000
   2.650   0.010
   2.750   0.049
   2.850   0.095
   2.950   0.116
   3.050   0.129
   3.150   0.166
   3.250   0.234
   3.350   0.321
   3.450   0.410
   3.550   0.489
   3.650   0.551
   3.750   0.586
   3.850   0.587
   3.950   0.566
   4.050   0.542
   4.150   0.523
   4.250   0.506
   4.350   0.490
   4.450   0.479
   4.550   0.476
   4.650   0.477
   4.750   0.481
   4.850   0.486
   4.950   0.488
   5.050   0.484
   5.150   0.472
   5.250   0.454
   5.350   0.443
   5.450   0.440
   5.550   0.440
   5.650   0.438
   5.750   0.435
   5.850   0.435
   5.950   0.439
   6.050   0.442
   6.150   0.442
   6.250   0.440
   6.350   0.436
   6.450   0.432
   6.550   0.432
   6.650   0.439
   6.750   0.451
   6.850   0.465
   6.950   0.477
   7.050   0.486
   7.150   0.495
   7.250   0.500
   7.350   0.501
   7.450   0.499
   7.550   0.497
   7.650   0.494
   7.750   0.489
   7.850   0.482
   7.950   0.477
   8.050   0.473
   8.150   0.469
   8.250   0.464
   8.350   0.457
   8.450   0.451
   8.550   0.445
   8.650   0.439
   8.750   0.433
   8.850   0.428
   8.950   0.424
   9.050   0.419
   9.150   0.414
   9.250   0.408
   9.350   0.402
   9.450   0.396
   9.550   0.391
   9.650   0.385
   9.750   0.380
   9.850   0.377
   9.950   0.374
  10.050   0.371
  10.150   0.369
  10.250   0.368
  10.350   0.367
  10.450   0.366
  10.550   0.364
  10.650   0.361
  10.750   0.358
  10.850   0.354
  10.950   0.350
  11.050   0.346
  11.150   0.343
  11.250   0.339
  11.350   0.336
  11.450   0.333
  11.550   0.330
  11.650   0.327
  11.750   0.325
  11.850   0.322
  11.950   0.319
  12.050   0.316
  12.150   0.313
  12.250   0.310
  12.350   0.307
  12.450   0.303
  12.550   0.300
  12.650   0.297
  12.750   0.294
  12.850   0.291
  12.950   0.288
  13.050   0.285
  13.150   0.283
  13.250   0.281
  13.350   0.278
  13.450   0.276
  13.550   0.275
  13.650   0.273
  13.750   0.272
  13.850   0.270
  13.950   0.269
  14.050   0.267
  14.150   0.265
  14.250   0.263
  14.350   0.261
  14.450   0.259
  14.550   0.256
  14.650   0.254
  14.750   0.252
  14.850   0.250
  14.950   0.249
  15.050   0.247
  15.150   0.246
  15.250   0.244
  15.350   0.243
  15.450   0.241
  15.550   0.240
  15.650   0.238
  15.750   0.236
  15.850   0.235
  15.950   0.233
  16.050   0.231
  16.150   0.229
  16.250   0.228
  16.350   0.226
  16.450   0.224
  16.550   0.222
  16.650   0.220
  16.750   0.219
  16.850   0.217
  16.950   0.215
  17.050   0.214
  17.150   0.213
  17.250   0.211
  17.350   0.210
  17.450   0.208
  17.550   0.207
  17.650   0.206
  17.750   0.204
  17.850   0.203
  17.950   0.202
  18.050   0.201
  18.150   0.200
  18.250   0.199
  18.350   0.198
  18.450   0.196
  18.550   0.195
  18.650   0.194
  18.750   0.193
  18.850   0.192
  18.950   0.191
  19.050   0.190
  19.150   0.189
  19.250   0.187
  19.350   0.186
  19.450   0.185
  19.550   0.184
  19.650   0.182
  19.750   0.181
  19.850   0.180
  19.950   0.178
  20.050   0.177
  20.150   0.176
  20.250   0.174
  20.350   0.173
  20.450   0.172
  20.550   0.170
  20.650   0.169
  20.750   0.168
  20.850   0.166
  20.950   0.165
  21.050   0.163
  21.150   0.162
  21.250   0.160
  21.350   0.159
  21.450   0.157
  21.550   0.155
  21.650   0.154
  21.750   0.152
  21.850   0.151
  21.950   0.149
  22.050   0.147
  22.150   0.146
  22.250   0.144
  22.350   0.143
  22.450   0.141
  22.550   0.140
  22.650   0.138
  22.750   0.137
  22.850   0.135
  22.950   0.134
  23.050   0.132
  23.150   0.131
  23.250   0.130
  23.350   0.128
  23.450   0.127
  23.550   0.126
  23.650   0.124
  23.750   0.123
  23.850   0.122
  23.950   0.120
  24.050   0.119
  24.150   0.118
  24.250   0.116
  24.350   0.115
  24.450   0.114
  24.550   0.112
  24.650   0.111
  24.750   0.110
  24.850   0.109
  24.950   0.107
  25.050   0.106
  25.150   0.105
  25.250   0.104
  25.350   0.103
  25.450   0.102
  25.550   0.100
  25.650   0.099
  25.750   0.098
  25.850   0.097
  25.950   0.096
  26.050   0.095
  26.150   0.094
  26.250   0.093
  26.350   0.092
  26.450   0.092
  26.550   0.091
  26.650   0.090
  26.750   0.089
  26.850   0.088
  26.950   0.087
  27.050   0.086
  27.150   0.085
  27.250   0.084
  27.350   0.084
  27.450   0.083
  27.550   0.082
  27.650   0.081
  27.750   0.080
  27.850   0.079
  27.950   0.078
  28.050   0.077
  28.150   0.076
  28.250   0.075
  28.350   0.075
  28.450   0.074
  28.550   0.073
  28.650   0.072
  28.750   0.071
  28.850   0.071
  28.950   0.070
  29.050   0.069
  29.150   0.069
  29.250   0.068
  29.350   0.067
  29.450   0.066
  29.550   0.066
  29.650   0.065
  29.750   0.065
  29.850   0.064
  29.950   0.063
