   0.050   0.000
   0.150   0.000
   0.250   0.000
   0.350   0.000
   0.450   0.000
   0.550   0.000
   0.650   0.000
   0.750   0.000
   0.850   0.000
   0.950   0.000
   1.050   0.000
   1.150   0.000
   1.250   0.000
   1.350   0.000
   1.450   0.000
   1.550   0.000
   1.650   0.000
   1.750   0.000
   1.850   0.000
   1.950   0.000
   2.050   0.000
   2.150   0.000
   2.250   0.000
   2.350   0.000
   2.450   0.000
   2.550   0.001
   2.650   0.009
   2.750   0.037
   2.850   0.072
   2.950   0.091
   3.050   0.116
   3.150   0.179
   3.250   0.291
   3.350   0.433
   3.450   0.575
   3.550   0.694
   3.650   0.777
   3.750   0.816
   3.850   0.816
   3.950   0.792
   4.050   0.755
   4.150   0.715
   4.250   0.678
   4.350   0.647
   4.450   0.624
   4.550   0.606
   4.650   0.589
   4.750   0.572
   4.850   0.559
   4.950   0.546
   5.050   0.525
   5.150   0.495
   5.250   0.465
   5.350   0.442
   5.450   0.429
   5.550   0.420
   5.650   0.411
   5.750   0.402
   5.850   0.396
   5.950   0.389
   6.050   0.380
   6.150   0.370
   6.250   0.364
   6.350   0.362
   6.450   0.362
   6.550   0.368
   6.650   0.381
   6.750   0.398
   6.850   0.418
   6.950   0.437
   7.050   0.453
   7.150   0.466
   7.250   0.473
   7.350   0.475
   7.450   0.475
   7.550   0.475
   7.650   0.475
   7.750   0.472
   7.850   0.466
   7.950   0.459
   8.050   0.453
   8.150   0.448
   8.250   0.442
   8.350   0.435
   8.450   0.427
   8.550   0.419
   8.650   0.412
   8.750   0.405
   8.850   0.399
   8.950   0.394
   9.050   0.390
   9.150   0.386
   9.250   0.381
   9.350   0.377
   9.450   0.373
   9.550   0.370
   9.650   0.367
   9.750   0.364
   9.850   0.363
   9.950   0.363
  10.050   0.364
  10.150   0.366
  10.250   0.367
  10.350   0.369
  10.450   0.370
  10.550   0.371
  10.650   0.372
  10.750   0.373
  10.850   0.375
  10.950   0.377
  11.050   0.378
  11.150   0.380
  11.250   0.381
  11.350   0.382
  11.450   0.382
  11.550   0.382
  11.650   0.382
  11.750   0.381
  11.850   0.380
  11.950   0.379
  12.050   0.379
  12.150   0.378
  12.250   0.377
  12.350   0.375
  12.450   0.374
  12.550   0.372
  12.650   0.371
  12.750   0.369
  12.850   0.368
  12.950   0.367
  13.050   0.367
  13.150   0.366
  13.250   0.365
  13.350   0.364
  13.450   0.363
  13.550   0.362
  13.650   0.361
  13.750   0.360
  13.850   0.359
  13.950   0.359
  14.050   0.358
  14.150   0.358
  14.250   0.357
  14.350   0.356
  14.450   0.355
  14.550   0.354
  14.650   0.353
  14.750   0.351
  14.850   0.350
  14.950   0.348
  15.050   0.346
  15.150   0.344
  15.250   0.341
  15.350   0.339
  15.450   0.336
  15.550   0.333
  15.650   0.331
  15.750   0.328
  15.850   0.325
  15.950   0.323
  16.050   0.321
  16.150   0.318
  16.250   0.316
  16.350   0.314
  16.450   0.311
  16.550   0.308
  16.650   0.306
  16.750   0.303
  16.850   0.301
  16.950   0.299
  17.050   0.296
  17.150   0.294
  17.250   0.293
  17.350   0.291
  17.450   0.289
  17.550   0.286
  17.650   0.284
  17.750   0.282
  17.850   0.280
  17.950   0.278
  18.050   0.276
  18.150   0.273
  18.250   0.271
  18.350   0.269
  18.450   0.267
  18.550   0.264
  18.650   0.262
  18.750   0.259
  18.850   0.257
  18.950   0.254
  19.050   0.251
  19.150   0.249
  19.250   0.246
  19.350   0.244
  19.450   0.241
  19.550   0.239
  19.650   0.236
  19.750   0.234
  19.850   0.231
  19.950   0.228
  20.050   0.226
  20.150   0.224
  20.250   0.221
  20.350   0.219
  20.450   0.217
  20.550   0.214
  20.650   0.212
  20.750   0.209
  20.850   0.207
  20.950   0.204
  21.050   0.201
  21.150   0.199
  21.250   0.196
  21.350   0.194
  21.450   0.191
  21.550   0.188
  21.650   0.186
  21.750   0.183
  21.850   0.181
  21.950   0.178
  22.050   0.176
  22.150   0.173
  22.250   0.171
  22.350   0.168
  22.450   0.166
  22.550   0.163
  22.650   0.161
  22.750   0.159
  22.850   0.156
  22.950   0.154
  23.050   0.152
  23.150   0.150
  23.250   0.148
  23.350   0.146
  23.450   0.144
  23.550   0.142
  23.650   0.140
  23.750   0.139
  23.850   0.137
  23.950   0.136
  24.050   0.134
  24.150   0.132
  24.250   0.131
  24.350   0.129
  24.450   0.127
  24.550   0.126
  24.650   0.124
  24.750   0.122
  24.850   0.121
  24.950   0.119
  25.050   0.118
  25.150   0.116
  25.250   0.115
  25.350   0.113
  25.450   0.112
  25.550   0.110
  25.650   0.109
  25.750   0.107
  25.850   0.106
  25.950   0.104
  26.050   0.103
  26.150   0.101
  26.250   0.100
  26.350   0.099
  26.450   0.097
  26.550   0.096
  26.650   0.094
  26.750   0.093
  26.850   0.092
  26.950   0.091
  27.050   0.090
  27.150   0.089
  27.250   0.087
  27.350   0.086
  27.450   0.085
  27.550   0.085
  27.650   0.084
  27.750   0.083
  27.850   0.082
  27.950   0.081
  28.050   0.080
  28.150   0.079
  28.250   0.078
  28.350   0.077
  28.450   0.076
  28.550   0.075
  28.650   0.074
  28.750   0.073
  28.850   0.073
  28.950   0.072
  29.050   0.071
  29.150   0.070
  29.250   0.069
  29.350   0.068
  29.450   0.067
  29.550   0.066
  29.650   0.065
  29.750   0.064
  29.850   0.063
  29.950   0.062
