   0.050   0.000
   0.150   0.000
   0.250   0.000
   0.350   0.000
   0.450   0.000
   0.550   0.000
   0.650   0.000
   0.750   0.000
   0.850   0.000
   0.950   0.000
   1.050   0.000
   1.150   0.000
   1.250   0.000
   1.350   0.000
   1.450   0.000
   1.550   0.000
   1.650   0.000
   1.750   0.000
   1.850   0.000
   1.950   0.000
   2.050   0.000
   2.150   0.000
   2.250   0.000
   2.350   0.000
   2.450   0.000
   2.550   0.000
   2.650   0.011
   2.750   0.048
   2.850   0.087
   2.950   0.111
   3.050   0.140
   3.150   0.202
   3.250   0.312
   3.350   0.452
   3.450   0.586
   3.550   0.689
   3.650   0.755
   3.750   0.789
   3.850   0.796
   3.950   0.781
   4.050   0.753
   4.150   0.720
   4.250   0.687
   4.350   0.657
   4.450   0.632
   4.550   0.612
   4.650   0.597
   4.750   0.586
   4.850   0.577
   4.950   0.567
   5.050   0.552
   5.150   0.531
   5.250   0.510
   5.350   0.494
   5.450   0.482
   5.550   0.470
   5.650   0.458
   5.750   0.447
   5.850   0.439
   5.950   0.435
   6.050   0.433
   6.150   0.433
   6.250   0.434
   6.350   0.438
   6.450   0.445
   6.550   0.456
   6.650   0.470
   6.750   0.486
   6.850   0.500
   6.950   0.513
   7.050   0.524
   7.150   0.532
   7.250   0.537
   7.350   0.536
   7.450   0.533
   7.550   0.527
   7.650   0.522
   7.750   0.515
   7.850   0.506
   7.950   0.496
   8.050   0.486
   8.150   0.478
   8.250   0.470
   8.350   0.463
   8.450   0.457
   8.550   0.451
   8.650   0.445
   8.750   0.440
   8.850   0.434
   8.950   0.428
   9.050   0.423
   9.150   0.417
   9.250   0.411
   9.350   0.407
   9.450   0.405
   9.550   0.404
   9.650   0.403
   9.750   0.403
   9.850   0.403
   9.950   0.403
  10.050   0.403
  10.150   0.404
  10.250   0.405
  10.350   0.406
  10.450   0.406
  10.550   0.407
  10.650   0.407
  10.750   0.406
  10.850   0.404
  10.950   0.401
  11.050   0.398
  11.150   0.394
  11.250   0.390
  11.350   0.386
  11.450   0.382
  11.550   0.378
  11.650   0.374
  11.750   0.371
  11.850   0.367
  11.950   0.363
  12.050   0.359
  12.150   0.356
  12.250   0.353
  12.350   0.350
  12.450   0.347
  12.550   0.345
  12.650   0.343
  12.750   0.341
  12.850   0.340
  12.950   0.339
  13.050   0.339
  13.150   0.338
  13.250   0.338
  13.350   0.338
  13.450   0.337
  13.550   0.337
  13.650   0.337
  13.750   0.336
  13.850   0.336
  13.950   0.335
  14.050   0.334
  14.150   0.332
  14.250   0.331
  14.350   0.329
  14.450   0.327
  14.550   0.326
  14.650   0.324
  14.750   0.322
  14.850   0.320
  14.950   0.318
  15.050   0.315
  15.150   0.313
  15.250   0.311
  15.350   0.309
  15.450   0.306
  15.550   0.304
  15.650   0.302
  15.750   0.300
  15.850   0.298
  15.950   0.296
  16.050   0.294
  16.150   0.292
  16.250   0.291
  16.350   0.289
  16.450   0.288
  16.550   0.287
  16.650   0.286
  16.750   0.286
  16.850   0.285
  16.950   0.284
  17.050   0.284
  17.150   0.283
  17.250   0.283
  17.350   0.282
  17.450   0.281
  17.550   0.281
  17.650   0.280
  17.750   0.279
  17.850   0.278
  17.950   0.277
  18.050   0.276
  18.150   0.275
  18.250   0.274
  18.350   0.273
  18.450   0.272
  18.550   0.270
  18.650   0.269
  18.750   0.267
  18.850   0.266
  18.950   0.264
  19.050   0.262
  19.150   0.260
  19.250   0.259
  19.350   0.257
  19.450   0.255
  19.550   0.253
  19.650   0.251
  19.750   0.249
  19.850   0.247
  19.950   0.245
  20.050   0.243
  20.150   0.241
  20.250   0.239
  20.350   0.236
  20.450   0.234
  20.550   0.231
  20.650   0.229
  20.750   0.226
  20.850   0.224
  20.950   0.221
  21.050   0.218
  21.150   0.215
  21.250   0.213
  21.350   0.210
  21.450   0.207
  21.550   0.205
  21.650   0.202
  21.750   0.199
  21.850   0.197
  21.950   0.194
  22.050   0.191
  22.150   0.189
  22.250   0.186
  22.350   0.184
  22.450   0.181
  22.550   0.179
  22.650   0.176
  22.750   0.174
  22.850   0.172
  22.950   0.169
  23.050   0.167
  23.150   0.165
  23.250   0.162
  23.350   0.160
  23.450   0.158
  23.550   0.156
  23.650   0.154
  23.750   0.152
  23.850   0.150
  23.950   0.148
  24.050   0.145
  24.150   0.143
  24.250   0.141
  24.350   0.140
  24.450   0.138
  24.550   0.136
  24.650   0.134
  24.750   0.132
  24.850   0.130
  24.950   0.128
  25.050   0.126
  25.150   0.125
  25.250   0.123
  25.350   0.121
  25.450   0.119
  25.550   0.118
  25.650   0.116
  25.750   0.114
  25.850   0.113
  25.950   0.111
  26.050   0.109
  26.150   0.108
  26.250   0.106
  26.350   0.104
  26.450   0.103
  26.550   0.101
  26.650   0.100
  26.750   0.098
  26.850   0.097
  26.950   0.095
  27.050   0.094
  27.150   0.092
  27.250   0.091
  27.350   0.089
  27.450   0.088
  27.550   0.086
  27.650   0.085
  27.750   0.084
  27.850   0.082
  27.950   0.081
  28.050   0.079
  28.150   0.078
  28.250   0.077
  28.350   0.075
  28.450   0.074
  28.550   0.073
  28.650   0.071
  28.750   0.070
  28.850   0.069
  28.950   0.068
  29.050   0.066
  29.150   0.065
  29.250   0.064
  29.350   0.063
  29.450   0.062
  29.550   0.061
  29.650   0.059
  29.750   0.058
  29.850   0.057
  29.950   0.056
