   0.050   0.000
   0.150   0.000
   0.250   0.000
   0.350   0.000
   0.450   0.000
   0.550   0.000
   0.650   0.000
   0.750   0.000
   0.850   0.000
   0.950   0.000
   1.050   0.000
   1.150   0.000
   1.250   0.000
   1.350   0.000
   1.450   0.000
   1.550   0.000
   1.650   0.000
   1.750   0.000
   1.850   0.000
   1.950   0.000
   2.050   0.000
   2.150   0.000
   2.250   0.000
   2.350   0.000
   2.450   0.000
   2.550   0.000
   2.650   0.002
   2.750   0.017
   2.850   0.050
   2.950   0.087
   3.050   0.121
   3.150   0.178
   3.250   0.273
   3.350   0.397
   3.450   0.524
   3.550   0.630
   3.650   0.705
   3.750   0.743
   3.850   0.743
   3.950   0.718
   4.050   0.685
   4.150   0.653
   4.250   0.624
   4.350   0.595
   4.450   0.566
   4.550   0.541
   4.650   0.518
   4.750   0.501
   4.850   0.488
   4.950   0.478
   5.050   0.467
   5.150   0.451
   5.250   0.433
   5.350   0.417
   5.450   0.406
   5.550   0.398
   5.650   0.390
   5.750   0.383
   5.850   0.377
   5.950   0.375
   6.050   0.375
   6.150   0.375
   6.250   0.374
   6.350   0.376
   6.450   0.381
   6.550   0.390
   6.650   0.403
   6.750   0.421
   6.850   0.441
   6.950   0.461
   7.050   0.478
   7.150   0.490
   7.250   0.496
   7.350   0.497
   7.450   0.495
   7.550   0.491
   7.650   0.487
   7.750   0.482
   7.850   0.475
   7.950   0.468
   8.050   0.461
   8.150   0.454
   8.250   0.447
   8.350   0.438
   8.450   0.430
   8.550   0.422
   8.650   0.415
   8.750   0.409
   8.850   0.404
   8.950   0.400
   9.050   0.396
   9.150   0.393
   9.250   0.389
   9.350   0.386
   9.450   0.383
   9.550   0.382
   9.650   0.381
   9.750   0.382
   9.850   0.384
   9.950   0.387
  10.050   0.390
  10.150   0.394
  10.250   0.398
  10.350   0.402
  10.450   0.405
  10.550   0.407
  10.650   0.408
  10.750   0.408
  10.850   0.408
  10.950   0.407
  11.050   0.406
  11.150   0.404
  11.250   0.401
  11.350   0.398
  11.450   0.394
  11.550   0.391
  11.650   0.387
  11.750   0.383
  11.850   0.379
  11.950   0.375
  12.050   0.372
  12.150   0.368
  12.250   0.365
  12.350   0.361
  12.450   0.358
  12.550   0.355
  12.650   0.352
  12.750   0.349
  12.850   0.347
  12.950   0.344
  13.050   0.342
  13.150   0.340
  13.250   0.338
  13.350   0.337
  13.450   0.335
  13.550   0.334
  13.650   0.333
  13.750   0.332
  13.850   0.331
  13.950   0.330
  14.050   0.329
  14.150   0.328
  14.250   0.326
  14.350   0.325
  14.450   0.323
  14.550   0.321
  14.650   0.319
  14.750   0.317
  14.850   0.315
  14.950   0.312
  15.050   0.310
  15.150   0.307
  15.250   0.304
  15.350   0.301
  15.450   0.298
  15.550   0.295
  15.650   0.292
  15.750   0.289
  15.850   0.286
  15.950   0.284
  16.050   0.281
  16.150   0.278
  16.250   0.275
  16.350   0.273
  16.450   0.270
  16.550   0.267
  16.650   0.265
  16.750   0.263
  16.850   0.260
  16.950   0.258
  17.050   0.255
  17.150   0.253
  17.250   0.251
  17.350   0.249
  17.450   0.246
  17.550   0.244
  17.650   0.242
  17.750   0.239
  17.850   0.237
  17.950   0.235
  18.050   0.233
  18.150   0.230
  18.250   0.228
  18.350   0.226
  18.450   0.223
  18.550   0.221
  18.650   0.219
  18.750   0.216
  18.850   0.214
  18.950   0.211
  19.050   0.209
  19.150   0.206
  19.250   0.204
  19.350   0.202
  19.450   0.200
  19.550   0.198
  19.650   0.196
  19.750   0.194
  19.850   0.192
  19.950   0.190
  20.050   0.189
  20.150   0.187
  20.250   0.185
  20.350   0.184
  20.450   0.182
  20.550   0.181
  20.650   0.179
  20.750   0.178
  20.850   0.177
  20.950   0.175
  21.050   0.174
  21.150   0.172
  21.250   0.171
  21.350   0.170
  21.450   0.168
  21.550   0.167
  21.650   0.165
  21.750   0.164
  21.850   0.163
  21.950   0.161
  22.050   0.160
  22.150   0.158
  22.250   0.157
  22.350   0.155
  22.450   0.154
  22.550   0.152
  22.650   0.151
  22.750   0.149
  22.850   0.147
  22.950   0.146
  23.050   0.144
  23.150   0.143
  23.250   0.141
  23.350   0.140
  23.450   0.138
  23.550   0.137
  23.650   0.135
  23.750   0.134
  23.850   0.132
  23.950   0.131
  24.050   0.129
  24.150   0.127
  24.250   0.126
  24.350   0.124
  24.450   0.123
  24.550   0.121
  24.650   0.120
  24.750   0.118
  24.850   0.117
  24.950   0.115
  25.050   0.114
  25.150   0.112
  25.250   0.111
  25.350   0.110
  25.450   0.108
  25.550   0.107
  25.650   0.105
  25.750   0.104
  25.850   0.103
  25.950   0.101
  26.050   0.100
  26.150   0.099
  26.250   0.097
  26.350   0.096
  26.450   0.095
  26.550   0.094
  26.650   0.093
  26.750   0.091
  26.850   0.090
  26.950   0.089
  27.050   0.088
  27.150   0.087
  27.250   0.086
  27.350   0.084
  27.450   0.083
  27.550   0.082
  27.650   0.081
  27.750   0.080
  27.850   0.079
  27.950   0.078
  28.050   0.076
  28.150   0.075
  28.250   0.074
  28.350   0.073
  28.450   0.072
  28.550   0.071
  28.650   0.070
  28.750   0.069
  28.850   0.068
  28.950   0.067
  29.050   0.066
  29.150   0.065
  29.250   0.065
  29.350   0.064
  29.450   0.063
  29.550   0.062
  29.650   0.061
  29.750   0.060
  29.850   0.059
  29.950   0.059
