   0.050   0.000
   0.150   0.000
   0.250   0.000
   0.350   0.000
   0.450   0.000
   0.550   0.000
   0.650   0.000
   0.750   0.000
   0.850   0.000
   0.950   0.000
   1.050   0.000
   1.150   0.000
   1.250   0.000
   1.350   0.000
   1.450   0.000
   1.550   0.000
   1.650   0.000
   1.750   0.000
   1.850   0.000
   1.950   0.000
   2.050   0.000
   2.150   0.000
   2.250   0.000
   2.350   0.000
   2.450   0.000
   2.550   0.000
   2.650   0.004
   2.750   0.024
   2.850   0.052
   2.950   0.068
   3.050   0.088
   3.150   0.137
   3.250   0.218
   3.350   0.318
   3.450   0.414
   3.550   0.488
   3.650   0.533
   3.750   0.550
   3.850   0.546
   3.950   0.535
   4.050   0.520
   4.150   0.506
   4.250   0.495
   4.350   0.487
   4.450   0.482
   4.550   0.478
   4.650   0.475
   4.750   0.471
   4.850   0.467
   4.950   0.460
   5.050   0.448
   5.150   0.433
   5.250   0.420
   5.350   0.409
   5.450   0.402
   5.550   0.398
   5.650   0.395
   5.750   0.391
   5.850   0.386
   5.950   0.380
   6.050   0.375
   6.150   0.369
   6.250   0.366
   6.350   0.366
   6.450   0.369
   6.550   0.373
   6.650   0.378
   6.750   0.383
   6.850   0.389
   6.950   0.394
   7.050   0.398
   7.150   0.399
   7.250   0.399
   7.350   0.399
   7.450   0.400
   7.550   0.402
   7.650   0.403
   7.750   0.404
   7.850   0.405
   7.950   0.405
   8.050   0.406
   8.150   0.408
   8.250   0.410
   8.350   0.412
   8.450   0.413
   8.550   0.414
   8.650   0.414
   8.750   0.415
   8.850   0.415
   8.950   0.416
   9.050   0.416
   9.150   0.416
   9.250   0.415
   9.350   0.415
   9.450   0.416
   9.550   0.416
   9.650   0.416
   9.750   0.416
   9.850   0.417
   9.950   0.417
  10.050   0.418
  10.150   0.419
  10.250   0.420
  10.350   0.421
  10.450   0.422
  10.550   0.422
  10.650   0.422
  10.750   0.422
  10.850   0.423
  10.950   0.423
  11.050   0.423
  11.150   0.424
  11.250   0.425
  11.350   0.425
  11.450   0.425
  11.550   0.426
  11.650   0.426
  11.750   0.425
  11.850   0.425
  11.950   0.424
  12.050   0.424
  12.150   0.423
  12.250   0.423
  12.350   0.423
  12.450   0.422
  12.550   0.422
  12.650   0.421
  12.750   0.420
  12.850   0.419
  12.950   0.417
  13.050   0.414
  13.150   0.412
  13.250   0.410
  13.350   0.407
  13.450   0.405
  13.550   0.403
  13.650   0.400
  13.750   0.398
  13.850   0.395
  13.950   0.392
  14.050   0.389
  14.150   0.386
  14.250   0.383
  14.350   0.380
  14.450   0.378
  14.550   0.375
  14.650   0.372
  14.750   0.370
  14.850   0.367
  14.950   0.364
  15.050   0.361
  15.150   0.358
  15.250   0.355
  15.350   0.352
  15.450   0.348
  15.550   0.345
  15.650   0.341
  15.750   0.338
  15.850   0.335
  15.950   0.331
  16.050   0.328
  16.150   0.325
  16.250   0.322
  16.350   0.319
  16.450   0.316
  16.550   0.313
  16.650   0.310
  16.750   0.307
  16.850   0.304
  16.950   0.301
  17.050   0.298
  17.150   0.295
  17.250   0.293
  17.350   0.290
  17.450   0.287
  17.550   0.285
  17.650   0.282
  17.750   0.279
  17.850   0.276
  17.950   0.273
  18.050   0.270
  18.150   0.268
  18.250   0.265
  18.350   0.262
  18.450   0.260
  18.550   0.257
  18.650   0.255
  18.750   0.252
  18.850   0.249
  18.950   0.246
  19.050   0.243
  19.150   0.240
  19.250   0.237
  19.350   0.235
  19.450   0.232
  19.550   0.229
  19.650   0.227
  19.750   0.225
  19.850   0.222
  19.950   0.220
  20.050   0.218
  20.150   0.215
  20.250   0.213
  20.350   0.211
  20.450   0.209
  20.550   0.207
  20.650   0.205
  20.750   0.202
  20.850   0.200
  20.950   0.198
  21.050   0.196
  21.150   0.193
  21.250   0.191
  21.350   0.188
  21.450   0.186
  21.550   0.183
  21.650   0.181
  21.750   0.178
  21.850   0.176
  21.950   0.174
  22.050   0.171
  22.150   0.169
  22.250   0.167
  22.350   0.165
  22.450   0.163
  22.550   0.161
  22.650   0.158
  22.750   0.156
  22.850   0.154
  22.950   0.152
  23.050   0.150
  23.150   0.148
  23.250   0.147
  23.350   0.145
  23.450   0.143
  23.550   0.141
  23.650   0.139
  23.750   0.138
  23.850   0.136
  23.950   0.134
  24.050   0.132
  24.150   0.131
  24.250   0.129
  24.350   0.127
  24.450   0.126
  24.550   0.124
  24.650   0.123
  24.750   0.121
  24.850   0.120
  24.950   0.118
  25.050   0.117
  25.150   0.115
  25.250   0.114
  25.350   0.112
  25.450   0.111
  25.550   0.109
  25.650   0.108
  25.750   0.107
  25.850   0.105
  25.950   0.104
  26.050   0.102
  26.150   0.101
  26.250   0.100
  26.350   0.098
  26.450   0.097
  26.550   0.096
  26.650   0.094
  26.750   0.093
  26.850   0.092
  26.950   0.090
  27.050   0.089
  27.150   0.088
  27.250   0.087
  27.350   0.085
  27.450   0.084
  27.550   0.083
  27.650   0.081
  27.750   0.080
  27.850   0.079
  27.950   0.078
  28.050   0.077
  28.150   0.075
  28.250   0.074
  28.350   0.073
  28.450   0.072
  28.550   0.070
  28.650   0.069
  28.750   0.068
  28.850   0.067
  28.950   0.066
  29.050   0.065
  29.150   0.064
  29.250   0.062
  29.350   0.061
  29.450   0.060
  29.550   0.059
  29.650   0.058
  29.750   0.057
  29.850   0.056
  29.950   0.055
