   0.050   0.000
   0.150   0.000
   0.250   0.000
   0.350   0.000
   0.450   0.000
   0.550   0.000
   0.650   0.000
   0.750   0.000
   0.850   0.000
   0.950   0.000
   1.050   0.000
   1.150   0.000
   1.250   0.000
   1.350   0.000
   1.450   0.000
   1.550   0.000
   1.650   0.000
   1.750   0.000
   1.850   0.000
   1.950   0.000
   2.050   0.000
   2.150   0.000
   2.250   0.000
   2.350   0.000
   2.450   0.000
   2.550   0.000
   2.650   0.014
   2.750   0.068
   2.850   0.115
   2.950   0.130
   3.050   0.155
   3.150   0.206
   3.250   0.282
   3.350   0.373
   3.450   0.468
   3.550   0.553
   3.650   0.611
   3.750   0.626
   3.850   0.610
   3.950   0.582
   4.050   0.557
   4.150   0.538
   4.250   0.523
   4.350   0.516
   4.450   0.512
   4.550   0.510
   4.650   0.508
   4.750   0.509
   4.850   0.515
   4.950   0.520
   5.050   0.515
   5.150   0.496
   5.250   0.477
   5.350   0.468
   5.450   0.472
   5.550   0.472
   5.650   0.467
   5.750   0.463
   5.850   0.465
   5.950   0.470
   6.050   0.474
   6.150   0.476
   6.250   0.475
   6.350   0.473
   6.450   0.470
   6.550   0.468
   6.650   0.468
   6.750   0.470
   6.850   0.471
   6.950   0.472
   7.050   0.473
   7.150   0.473
   7.250   0.472
   7.350   0.468
   7.450   0.462
   7.550   0.455
   7.650   0.449
   7.750   0.443
   7.850   0.436
   7.950   0.431
   8.050   0.426
   8.150   0.423
   8.250   0.422
   8.350   0.421
   8.450   0.419
   8.550   0.415
   8.650   0.411
   8.750   0.408
   8.850   0.405
   8.950   0.403
   9.050   0.400
   9.150   0.397
   9.250   0.395
   9.350   0.392
   9.450   0.390
   9.550   0.388
   9.650   0.387
   9.750   0.386
   9.850   0.385
   9.950   0.384
  10.050   0.382
  10.150   0.381
  10.250   0.379
  10.350   0.377
  10.450   0.376
  10.550   0.374
  10.650   0.372
  10.750   0.371
  10.850   0.369
  10.950   0.367
  11.050   0.365
  11.150   0.363
  11.250   0.361
  11.350   0.358
  11.450   0.355
  11.550   0.353
  11.650   0.350
  11.750   0.348
  11.850   0.346
  11.950   0.344
  12.050   0.342
  12.150   0.340
  12.250   0.339
  12.350   0.337
  12.450   0.336
  12.550   0.334
  12.650   0.333
  12.750   0.331
  12.850   0.330
  12.950   0.328
  13.050   0.326
  13.150   0.324
  13.250   0.323
  13.350   0.321
  13.450   0.320
  13.550   0.318
  13.650   0.317
  13.750   0.316
  13.850   0.314
  13.950   0.312
  14.050   0.311
  14.150   0.309
  14.250   0.308
  14.350   0.306
  14.450   0.305
  14.550   0.303
  14.650   0.302
  14.750   0.300
  14.850   0.299
  14.950   0.297
  15.050   0.296
  15.150   0.294
  15.250   0.292
  15.350   0.290
  15.450   0.289
  15.550   0.287
  15.650   0.285
  15.750   0.283
  15.850   0.282
  15.950   0.280
  16.050   0.278
  16.150   0.276
  16.250   0.275
  16.350   0.273
  16.450   0.271
  16.550   0.270
  16.650   0.268
  16.750   0.266
  16.850   0.265
  16.950   0.263
  17.050   0.261
  17.150   0.259
  17.250   0.258
  17.350   0.256
  17.450   0.254
  17.550   0.252
  17.650   0.251
  17.750   0.249
  17.850   0.247
  17.950   0.245
  18.050   0.244
  18.150   0.242
  18.250   0.240
  18.350   0.238
  18.450   0.237
  18.550   0.235
  18.650   0.233
  18.750   0.231
  18.850   0.230
  18.950   0.228
  19.050   0.226
  19.150   0.224
  19.250   0.223
  19.350   0.221
  19.450   0.219
  19.550   0.218
  19.650   0.216
  19.750   0.215
  19.850   0.213
  19.950   0.212
  20.050   0.210
  20.150   0.209
  20.250   0.207
  20.350   0.206
  20.450   0.204
  20.550   0.203
  20.650   0.201
  20.750   0.200
  20.850   0.198
  20.950   0.197
  21.050   0.195
  21.150   0.194
  21.250   0.192
  21.350   0.191
  21.450   0.189
  21.550   0.188
  21.650   0.186
  21.750   0.184
  21.850   0.182
  21.950   0.181
  22.050   0.179
  22.150   0.177
  22.250   0.175
  22.350   0.173
  22.450   0.171
  22.550   0.169
  22.650   0.167
  22.750   0.166
  22.850   0.164
  22.950   0.162
  23.050   0.160
  23.150   0.158
  23.250   0.156
  23.350   0.154
  23.450   0.152
  23.550   0.150
  23.650   0.148
  23.750   0.147
  23.850   0.145
  23.950   0.143
  24.050   0.141
  24.150   0.140
  24.250   0.138
  24.350   0.136
  24.450   0.134
  24.550   0.133
  24.650   0.131
  24.750   0.129
  24.850   0.128
  24.950   0.126
  25.050   0.124
  25.150   0.123
  25.250   0.121
  25.350   0.120
  25.450   0.118
  25.550   0.117
  25.650   0.115
  25.750   0.113
  25.850   0.112
  25.950   0.110
  26.050   0.109
  26.150   0.107
  26.250   0.106
  26.350   0.104
  26.450   0.103
  26.550   0.101
  26.650   0.100
  26.750   0.099
  26.850   0.097
  26.950   0.096
  27.050   0.095
  27.150   0.093
  27.250   0.092
  27.350   0.091
  27.450   0.089
  27.550   0.088
  27.650   0.087
  27.750   0.086
  27.850   0.085
  27.950   0.084
  28.050   0.082
  28.150   0.081
  28.250   0.080
  28.350   0.079
  28.450   0.078
  28.550   0.077
  28.650   0.076
  28.750   0.075
  28.850   0.074
  28.950   0.073
  29.050   0.072
  29.150   0.071
  29.250   0.070
  29.350   0.069
  29.450   0.068
  29.550   0.067
  29.650   0.066
  29.750   0.065
  29.850   0.064
  29.950   0.063
