   0.050   0.000
   0.150   0.000
   0.250   0.000
   0.350   0.000
   0.450   0.000
   0.550   0.000
   0.650   0.000
   0.750   0.000
   0.850   0.000
   0.950   0.000
   1.050   0.000
   1.150   0.000
   1.250   0.000
   1.350   0.000
   1.450   0.000
   1.550   0.000
   1.650   0.000
   1.750   0.000
   1.850   0.000
   1.950   0.000
   2.050   0.000
   2.150   0.000
   2.250   0.000
   2.350   0.000
   2.450   0.000
   2.550   0.000
   2.650   0.000
   2.750   0.000
   2.850   0.000
   2.950   0.000
   3.050   0.001
   3.150   0.036
   3.250   0.378
   3.350   1.237
   3.450   0.526
   3.550   0.023
   3.650   0.000
   3.750   0.000
   3.850   0.000
   3.950   0.000
   4.050   0.002
   4.150   0.016
   4.250   0.064
   4.350   0.179
   4.450   0.369
   4.550   0.534
   4.650   0.569
   4.750   0.520
   4.850   0.480
   4.950   0.457
   5.050   0.449
   5.150   0.468
   5.250   0.495
   5.350   0.500
   5.450   0.466
   5.550   0.399
   5.650   0.316
   5.750   0.230
   5.850   0.156
   5.950   0.102
   6.050   0.073
   6.150   0.062
   6.250   0.062
   6.350   0.067
   6.450   0.076
   6.550   0.086
   6.650   0.098
   6.750   0.112
   6.850   0.127
   6.950   0.142
   7.050   0.158
   7.150   0.172
   7.250   0.184
   7.350   0.192
   7.450   0.198
   7.550   0.200
   7.650   0.198
   7.750   0.193
   7.850   0.184
   7.950   0.174
   8.050   0.164
   8.150   0.155
   8.250   0.149
   8.350   0.147
   8.450   0.147
   8.550   0.150
   8.650   0.154
   8.750   0.159
   8.850   0.164
   8.950   0.167
   9.050   0.170
   9.150   0.173
   9.250   0.175
   9.350   0.178
   9.450   0.183
   9.550   0.188
   9.650   0.191
   9.750   0.192
   9.850   0.190
   9.950   0.187
  10.050   0.183
  10.150   0.178
  10.250   0.174
  10.350   0.170
  10.450   0.167
  10.550   0.163
  10.650   0.159
  10.750   0.154
  10.850   0.150
  10.950   0.146
  11.050   0.143
  11.150   0.140
  11.250   0.138
  11.350   0.137
  11.450   0.137
  11.550   0.139
  11.650   0.140
  11.750   0.142
  11.850   0.141
  11.950   0.139
  12.050   0.135
  12.150   0.131
  12.250   0.129
  12.350   0.126
  12.450   0.124
  12.550   0.123
  12.650   0.122
  12.750   0.121
  12.850   0.121
  12.950   0.120
  13.050   0.120
  13.150   0.120
  13.250   0.120
  13.350   0.120
  13.450   0.120
  13.550   0.120
  13.650   0.120
  13.750   0.121
  13.850   0.121
  13.950   0.121
  14.050   0.122
  14.150   0.122
  14.250   0.123
  14.350   0.123
  14.450   0.123
  14.550   0.123
  14.650   0.122
  14.750   0.120
  14.850   0.119
  14.950   0.117
  15.050   0.115
  15.150   0.113
  15.250   0.112
  15.350   0.111
  15.450   0.111
  15.550   0.111
  15.650   0.112
  15.750   0.112
  15.850   0.113
  15.950   0.113
  16.050   0.113
  16.150   0.113
  16.250   0.112
  16.350   0.111
  16.450   0.110
  16.550   0.109
  16.650   0.109
  16.750   0.108
  16.850   0.108
  16.950   0.108
  17.050   0.107
  17.150   0.107
  17.250   0.107
  17.350   0.107
  17.450   0.106
  17.550   0.106
  17.650   0.105
  17.750   0.104
  17.850   0.103
  17.950   0.103
  18.050   0.102
  18.150   0.102
  18.250   0.102
  18.350   0.101
  18.450   0.100
  18.550   0.100
  18.650   0.099
  18.750   0.098
  18.850   0.098
  18.950   0.097
  19.050   0.097
  19.150   0.096
  19.250   0.096
  19.350   0.096
  19.450   0.095
  19.550   0.095
  19.650   0.094
  19.750   0.093
  19.850   0.093
  19.950   0.092
  20.050   0.092
  20.150   0.092
  20.250   0.091
  20.350   0.091
  20.450   0.090
  20.550   0.089
  20.650   0.088
  20.750   0.087
  20.850   0.086
  20.950   0.085
  21.050   0.085
  21.150   0.084
  21.250   0.084
  21.350   0.083
  21.450   0.083
  21.550   0.083
  21.650   0.082
  21.750   0.082
  21.850   0.082
  21.950   0.081
  22.050   0.080
  22.150   0.079
  22.250   0.078
  22.350   0.077
  22.450   0.077
  22.550   0.076
  22.650   0.075
  22.750   0.074
  22.850   0.073
  22.950   0.072
  23.050   0.072
  23.150   0.071
  23.250   0.070
  23.350   0.070
  23.450   0.069
  23.550   0.069
  23.650   0.068
  23.750   0.067
  23.850   0.067
  23.950   0.066
  24.050   0.065
  24.150   0.065
  24.250   0.064
  24.350   0.064
  24.450   0.063
  24.550   0.063
  24.650   0.062
  24.750   0.062
  24.850   0.061
  24.950   0.060
  25.050   0.060
  25.150   0.059
  25.250   0.059
  25.350   0.058
  25.450   0.058
  25.550   0.057
  25.650   0.057
  25.750   0.056
  25.850   0.056
  25.950   0.055
  26.050   0.055
  26.150   0.055
  26.250   0.055
  26.350   0.054
  26.450   0.054
  26.550   0.054
  26.650   0.054
  26.750   0.053
  26.850   0.053
  26.950   0.053
  27.050   0.052
  27.150   0.052
  27.250   0.052
  27.350   0.052
  27.450   0.051
  27.550   0.051
  27.650   0.051
  27.750   0.051
  27.850   0.050
  27.950   0.050
  28.050   0.050
  28.150   0.050
  28.250   0.049
  28.350   0.049
  28.450   0.049
  28.550   0.048
  28.650   0.048
  28.750   0.048
  28.850   0.047
  28.950   0.047
  29.050   0.047
  29.150   0.046
  29.250   0.046
  29.350   0.045
  29.450   0.045
  29.550   0.045
  29.650   0.044
  29.750   0.044
  29.850   0.044
  29.950   0.043
