   0.050   0.000
   0.150   0.000
   0.250   0.000
   0.350   0.000
   0.450   0.000
   0.550   0.000
   0.650   0.000
   0.750   0.000
   0.850   0.000
   0.950   0.000
   1.050   0.000
   1.150   0.000
   1.250   0.000
   1.350   0.000
   1.450   0.000
   1.550   0.000
   1.650   0.000
   1.750   0.000
   1.850   0.030
   1.950   1.661
   2.050   3.240
   2.150   1.019
   2.250   0.132
   2.350   0.013
   2.450   0.001
   2.550   0.000
   2.650   0.000
   2.750   0.000
   2.850   0.000
   2.950   0.000
   3.050   0.000
   3.150   0.000
   3.250   0.001
   3.350   0.004
   3.450   0.012
   3.550   0.030
   3.650   0.061
   3.750   0.106
   3.850   0.158
   3.950   0.215
   4.050   0.261
   4.150   0.294
   4.250   0.308
   4.350   0.306
   4.450   0.284
   4.550   0.246
   4.650   0.204
   4.750   0.164
   4.850   0.131
   4.950   0.108
   5.050   0.095
   5.150   0.087
   5.250   0.084
   5.350   0.086
   5.450   0.089
   5.550   0.094
   5.650   0.102
   5.750   0.112
   5.850   0.125
   5.950   0.145
   6.050   0.168
   6.150   0.180
   6.250   0.175
   6.350   0.163
   6.450   0.158
   6.550   0.159
   6.650   0.160
   6.750   0.159
   6.850   0.157
   6.950   0.154
   7.050   0.151
   7.150   0.146
   7.250   0.143
   7.350   0.140
   7.450   0.138
   7.550   0.137
   7.650   0.137
   7.750   0.139
   7.850   0.142
   7.950   0.146
   8.050   0.151
   8.150   0.154
   8.250   0.158
   8.350   0.160
   8.450   0.161
   8.550   0.160
   8.650   0.158
   8.750   0.156
   8.850   0.154
   8.950   0.152
   9.050   0.149
   9.150   0.148
   9.250   0.147
   9.350   0.147
   9.450   0.147
   9.550   0.147
   9.650   0.147
   9.750   0.148
   9.850   0.148
   9.950   0.149
  10.050   0.151
  10.150   0.154
  10.250   0.157
  10.350   0.161
  10.450   0.165
  10.550   0.168
  10.650   0.170
  10.750   0.170
  10.850   0.170
  10.950   0.169
  11.050   0.168
  11.150   0.167
  11.250   0.167
  11.350   0.167
  11.450   0.167
  11.550   0.166
  11.650   0.166
  11.750   0.165
  11.850   0.165
  11.950   0.166
  12.050   0.166
  12.150   0.166
  12.250   0.165
  12.350   0.164
  12.450   0.163
  12.550   0.161
  12.650   0.160
  12.750   0.158
  12.850   0.156
  12.950   0.154
  13.050   0.152
  13.150   0.152
  13.250   0.153
  13.350   0.155
  13.450   0.157
  13.550   0.158
  13.650   0.158
  13.750   0.157
  13.850   0.156
  13.950   0.154
  14.050   0.153
  14.150   0.152
  14.250   0.151
  14.350   0.150
  14.450   0.148
  14.550   0.147
  14.650   0.145
  14.750   0.143
  14.850   0.141
  14.950   0.139
  15.050   0.137
  15.150   0.136
  15.250   0.134
  15.350   0.132
  15.450   0.130
  15.550   0.128
  15.650   0.125
  15.750   0.124
  15.850   0.122
  15.950   0.120
  16.050   0.119
  16.150   0.117
  16.250   0.116
  16.350   0.115
  16.450   0.115
  16.550   0.114
  16.650   0.114
  16.750   0.114
  16.850   0.114
  16.950   0.114
  17.050   0.113
  17.150   0.113
  17.250   0.113
  17.350   0.112
  17.450   0.111
  17.550   0.110
  17.650   0.109
  17.750   0.108
  17.850   0.107
  17.950   0.105
  18.050   0.104
  18.150   0.103
  18.250   0.102
  18.350   0.101
  18.450   0.099
  18.550   0.098
  18.650   0.097
  18.750   0.096
  18.850   0.095
  18.950   0.094
  19.050   0.092
  19.150   0.091
  19.250   0.090
  19.350   0.089
  19.450   0.088
  19.550   0.087
  19.650   0.086
  19.750   0.085
  19.850   0.085
  19.950   0.084
  20.050   0.083
  20.150   0.082
  20.250   0.082
  20.350   0.081
  20.450   0.081
  20.550   0.080
  20.650   0.080
  20.750   0.079
  20.850   0.079
  20.950   0.079
  21.050   0.078
  21.150   0.078
  21.250   0.077
  21.350   0.076
  21.450   0.076
  21.550   0.075
  21.650   0.074
  21.750   0.074
  21.850   0.073
  21.950   0.073
  22.050   0.072
  22.150   0.071
  22.250   0.071
  22.350   0.070
  22.450   0.070
  22.550   0.069
  22.650   0.069
  22.750   0.068
  22.850   0.068
  22.950   0.068
  23.050   0.067
  23.150   0.067
  23.250   0.067
  23.350   0.067
  23.450   0.067
  23.550   0.066
  23.650   0.066
  23.750   0.066
  23.850   0.066
  23.950   0.065
  24.050   0.065
  24.150   0.065
  24.250   0.065
  24.350   0.065
  24.450   0.064
  24.550   0.064
  24.650   0.063
  24.750   0.063
  24.850   0.062
  24.950   0.062
  25.050   0.061
  25.150   0.061
  25.250   0.060
  25.350   0.060
  25.450   0.059
  25.550   0.058
  25.650   0.058
  25.750   0.057
  25.850   0.057
  25.950   0.056
  26.050   0.056
  26.150   0.055
  26.250   0.055
  26.350   0.055
  26.450   0.054
  26.550   0.054
  26.650   0.053
  26.750   0.053
  26.850   0.052
  26.950   0.052
  27.050   0.052
  27.150   0.051
  27.250   0.051
  27.350   0.050
  27.450   0.050
  27.550   0.050
  27.650   0.049
  27.750   0.049
  27.850   0.049
  27.950   0.048
  28.050   0.048
  28.150   0.047
  28.250   0.047
  28.350   0.047
  28.450   0.046
  28.550   0.046
  28.650   0.046
  28.750   0.046
  28.850   0.045
  28.950   0.045
  29.050   0.044
  29.150   0.044
  29.250   0.044
  29.350   0.043
  29.450   0.043
  29.550   0.043
  29.650   0.042
  29.750   0.042
  29.850   0.042
  29.950   0.042
