   0.050   0.000
   0.150   0.000
   0.250   0.000
   0.350   0.000
   0.450   0.000
   0.550   0.000
   0.650   0.000
   0.750   0.000
   0.850   0.000
   0.950   0.000
   1.050   0.000
   1.150   0.000
   1.250   0.000
   1.350   0.000
   1.450   0.000
   1.550   0.000
   1.650   0.000
   1.750   0.000
   1.850   0.000
   1.950   0.000
   2.050   0.000
   2.150   0.000
   2.250   0.000
   2.350   0.000
   2.450   0.000
   2.550   0.000
   2.650   0.000
   2.750   0.000
   2.850   0.000
   2.950   0.000
   3.050   0.000
   3.150   0.000
   3.250   0.001
   3.350   0.005
   3.450   0.018
   3.550   0.048
   3.650   0.109
   3.750   0.208
   3.850   0.335
   3.950   0.471
   4.050   0.584
   4.150   0.649
   4.250   0.654
   4.350   0.604
   4.450   0.519
   4.550   0.428
   4.650   0.347
   4.750   0.280
   4.850   0.229
   4.950   0.194
   5.050   0.172
   5.150   0.160
   5.250   0.155
   5.350   0.153
   5.450   0.152
   5.550   0.152
   5.650   0.149
   5.750   0.145
   5.850   0.141
   5.950   0.139
   6.050   0.137
   6.150   0.137
   6.250   0.138
   6.350   0.140
   6.450   0.142
   6.550   0.143
   6.650   0.145
   6.750   0.144
   6.850   0.144
   6.950   0.141
   7.050   0.138
   7.150   0.134
   7.250   0.131
   7.350   0.128
   7.450   0.126
   7.550   0.125
   7.650   0.123
   7.750   0.122
   7.850   0.122
   7.950   0.121
   8.050   0.122
   8.150   0.124
   8.250   0.126
   8.350   0.130
   8.450   0.134
   8.550   0.138
   8.650   0.141
   8.750   0.144
   8.850   0.147
   8.950   0.150
   9.050   0.152
   9.150   0.155
   9.250   0.156
   9.350   0.158
   9.450   0.159
   9.550   0.159
   9.650   0.159
   9.750   0.160
   9.850   0.161
   9.950   0.164
  10.050   0.168
  10.150   0.173
  10.250   0.179
  10.350   0.184
  10.450   0.188
  10.550   0.190
  10.650   0.189
  10.750   0.188
  10.850   0.186
  10.950   0.184
  11.050   0.182
  11.150   0.181
  11.250   0.179
  11.350   0.179
  11.450   0.180
  11.550   0.180
  11.650   0.181
  11.750   0.182
  11.850   0.183
  11.950   0.184
  12.050   0.187
  12.150   0.188
  12.250   0.189
  12.350   0.189
  12.450   0.188
  12.550   0.187
  12.650   0.184
  12.750   0.180
  12.850   0.177
  12.950   0.174
  13.050   0.171
  13.150   0.168
  13.250   0.165
  13.350   0.161
  13.450   0.158
  13.550   0.155
  13.650   0.152
  13.750   0.150
  13.850   0.148
  13.950   0.145
  14.050   0.144
  14.150   0.143
  14.250   0.141
  14.350   0.140
  14.450   0.138
  14.550   0.136
  14.650   0.134
  14.750   0.132
  14.850   0.130
  14.950   0.127
  15.050   0.125
  15.150   0.122
  15.250   0.120
  15.350   0.118
  15.450   0.116
  15.550   0.115
  15.650   0.114
  15.750   0.113
  15.850   0.113
  15.950   0.113
  16.050   0.112
  16.150   0.112
  16.250   0.112
  16.350   0.112
  16.450   0.111
  16.550   0.111
  16.650   0.110
  16.750   0.109
  16.850   0.109
  16.950   0.109
  17.050   0.109
  17.150   0.108
  17.250   0.108
  17.350   0.108
  17.450   0.108
  17.550   0.107
  17.650   0.107
  17.750   0.106
  17.850   0.105
  17.950   0.105
  18.050   0.103
  18.150   0.102
  18.250   0.101
  18.350   0.100
  18.450   0.099
  18.550   0.097
  18.650   0.096
  18.750   0.095
  18.850   0.094
  18.950   0.093
  19.050   0.092
  19.150   0.090
  19.250   0.089
  19.350   0.088
  19.450   0.087
  19.550   0.087
  19.650   0.086
  19.750   0.085
  19.850   0.085
  19.950   0.084
  20.050   0.084
  20.150   0.083
  20.250   0.083
  20.350   0.082
  20.450   0.082
  20.550   0.081
  20.650   0.081
  20.750   0.080
  20.850   0.080
  20.950   0.079
  21.050   0.079
  21.150   0.079
  21.250   0.078
  21.350   0.078
  21.450   0.077
  21.550   0.077
  21.650   0.076
  21.750   0.076
  21.850   0.075
  21.950   0.075
  22.050   0.074
  22.150   0.074
  22.250   0.073
  22.350   0.073
  22.450   0.073
  22.550   0.072
  22.650   0.072
  22.750   0.072
  22.850   0.071
  22.950   0.071
  23.050   0.071
  23.150   0.071
  23.250   0.070
  23.350   0.070
  23.450   0.070
  23.550   0.070
  23.650   0.069
  23.750   0.069
  23.850   0.068
  23.950   0.068
  24.050   0.067
  24.150   0.067
  24.250   0.066
  24.350   0.066
  24.450   0.065
  24.550   0.064
  24.650   0.064
  24.750   0.064
  24.850   0.063
  24.950   0.063
  25.050   0.062
  25.150   0.062
  25.250   0.061
  25.350   0.060
  25.450   0.059
  25.550   0.059
  25.650   0.058
  25.750   0.058
  25.850   0.057
  25.950   0.056
  26.050   0.056
  26.150   0.055
  26.250   0.054
  26.350   0.054
  26.450   0.053
  26.550   0.053
  26.650   0.052
  26.750   0.052
  26.850   0.051
  26.950   0.051
  27.050   0.051
  27.150   0.050
  27.250   0.050
  27.350   0.049
  27.450   0.049
  27.550   0.049
  27.650   0.048
  27.750   0.048
  27.850   0.048
  27.950   0.047
  28.050   0.047
  28.150   0.047
  28.250   0.046
  28.350   0.046
  28.450   0.046
  28.550   0.046
  28.650   0.045
  28.750   0.045
  28.850   0.045
  28.950   0.045
  29.050   0.045
  29.150   0.044
  29.250   0.044
  29.350   0.044
  29.450   0.043
  29.550   0.043
  29.650   0.043
  29.750   0.042
  29.850   0.042
  29.950   0.041
