   0.050   0.000
   0.150   0.000
   0.250   0.000
   0.350   0.000
   0.450   0.000
   0.550   0.000
   0.650   0.000
   0.750   0.000
   0.850   0.000
   0.950   0.000
   1.050   0.000
   1.150   0.000
   1.250   0.000
   1.350   0.000
   1.450   0.000
   1.550   0.000
   1.650   0.000
   1.750   0.000
   1.850   0.006
   1.950   0.381
   2.050   0.833
   2.150   0.266
   2.250   0.032
   2.350   0.002
   2.450   0.000
   2.550   0.000
   2.650   0.000
   2.750   0.000
   2.850   0.000
   2.950   0.000
   3.050   0.000
   3.150   0.000
   3.250   0.001
   3.350   0.003
   3.450   0.009
   3.550   0.024
   3.650   0.052
   3.750   0.095
   3.850   0.145
   3.950   0.197
   4.050   0.237
   4.150   0.267
   4.250   0.283
   4.350   0.283
   4.450   0.265
   4.550   0.232
   4.650   0.192
   4.750   0.153
   4.850   0.123
   4.950   0.101
   5.050   0.087
   5.150   0.078
   5.250   0.074
   5.350   0.072
   5.450   0.074
   5.550   0.077
   5.650   0.085
   5.750   0.096
   5.850   0.111
   5.950   0.134
   6.050   0.163
   6.150   0.199
   6.250   0.235
   6.350   0.259
   6.450   0.248
   6.550   0.205
   6.650   0.173
   6.750   0.161
   6.850   0.156
   6.950   0.151
   7.050   0.149
   7.150   0.148
   7.250   0.147
   7.350   0.147
   7.450   0.146
   7.550   0.146
   7.650   0.147
   7.750   0.150
   7.850   0.154
   7.950   0.159
   8.050   0.164
   8.150   0.168
   8.250   0.172
   8.350   0.175
   8.450   0.174
   8.550   0.172
   8.650   0.169
   8.750   0.166
   8.850   0.163
   8.950   0.160
   9.050   0.159
   9.150   0.159
   9.250   0.160
   9.350   0.163
   9.450   0.167
   9.550   0.173
   9.650   0.179
   9.750   0.185
   9.850   0.191
   9.950   0.197
  10.050   0.204
  10.150   0.210
  10.250   0.215
  10.350   0.219
  10.450   0.219
  10.550   0.215
  10.650   0.207
  10.750   0.199
  10.850   0.192
  10.950   0.187
  11.050   0.184
  11.150   0.182
  11.250   0.180
  11.350   0.178
  11.450   0.176
  11.550   0.172
  11.650   0.170
  11.750   0.169
  11.850   0.168
  11.950   0.169
  12.050   0.169
  12.150   0.169
  12.250   0.168
  12.350   0.166
  12.450   0.164
  12.550   0.162
  12.650   0.159
  12.750   0.156
  12.850   0.154
  12.950   0.152
  13.050   0.151
  13.150   0.149
  13.250   0.149
  13.350   0.148
  13.450   0.147
  13.550   0.147
  13.650   0.147
  13.750   0.148
  13.850   0.149
  13.950   0.150
  14.050   0.151
  14.150   0.152
  14.250   0.152
  14.350   0.152
  14.450   0.151
  14.550   0.150
  14.650   0.148
  14.750   0.146
  14.850   0.143
  14.950   0.141
  15.050   0.138
  15.150   0.136
  15.250   0.133
  15.350   0.131
  15.450   0.128
  15.550   0.126
  15.650   0.123
  15.750   0.121
  15.850   0.119
  15.950   0.117
  16.050   0.116
  16.150   0.116
  16.250   0.115
  16.350   0.115
  16.450   0.115
  16.550   0.116
  16.650   0.116
  16.750   0.115
  16.850   0.115
  16.950   0.114
  17.050   0.112
  17.150   0.110
  17.250   0.108
  17.350   0.106
  17.450   0.104
  17.550   0.103
  17.650   0.101
  17.750   0.100
  17.850   0.099
  17.950   0.097
  18.050   0.096
  18.150   0.096
  18.250   0.095
  18.350   0.094
  18.450   0.094
  18.550   0.093
  18.650   0.093
  18.750   0.092
  18.850   0.092
  18.950   0.091
  19.050   0.090
  19.150   0.090
  19.250   0.089
  19.350   0.088
  19.450   0.088
  19.550   0.087
  19.650   0.087
  19.750   0.086
  19.850   0.086
  19.950   0.086
  20.050   0.086
  20.150   0.085
  20.250   0.085
  20.350   0.085
  20.450   0.085
  20.550   0.085
  20.650   0.085
  20.750   0.085
  20.850   0.084
  20.950   0.084
  21.050   0.083
  21.150   0.083
  21.250   0.082
  21.350   0.081
  21.450   0.080
  21.550   0.080
  21.650   0.079
  21.750   0.078
  21.850   0.078
  21.950   0.077
  22.050   0.076
  22.150   0.076
  22.250   0.075
  22.350   0.074
  22.450   0.074
  22.550   0.073
  22.650   0.072
  22.750   0.072
  22.850   0.071
  22.950   0.070
  23.050   0.070
  23.150   0.069
  23.250   0.068
  23.350   0.067
  23.450   0.067
  23.550   0.066
  23.650   0.065
  23.750   0.064
  23.850   0.064
  23.950   0.063
  24.050   0.063
  24.150   0.062
  24.250   0.062
  24.350   0.061
  24.450   0.061
  24.550   0.061
  24.650   0.060
  24.750   0.060
  24.850   0.060
  24.950   0.059
  25.050   0.059
  25.150   0.059
  25.250   0.059
  25.350   0.059
  25.450   0.058
  25.550   0.058
  25.650   0.058
  25.750   0.058
  25.850   0.058
  25.950   0.057
  26.050   0.057
  26.150   0.057
  26.250   0.056
  26.350   0.056
  26.450   0.055
  26.550   0.055
  26.650   0.055
  26.750   0.054
  26.850   0.053
  26.950   0.053
  27.050   0.053
  27.150   0.052
  27.250   0.052
  27.350   0.051
  27.450   0.051
  27.550   0.051
  27.650   0.051
  27.750   0.050
  27.850   0.050
  27.950   0.050
  28.050   0.049
  28.150   0.049
  28.250   0.048
  28.350   0.048
  28.450   0.048
  28.550   0.047
  28.650   0.047
  28.750   0.046
  28.850   0.046
  28.950   0.045
  29.050   0.045
  29.150   0.044
  29.250   0.044
  29.350   0.044
  29.450   0.043
  29.550   0.043
  29.650   0.042
  29.750   0.042
  29.850   0.042
  29.950   0.041
