   0.050   0.000
   0.150   0.000
   0.250   0.000
   0.350   0.000
   0.450   0.000
   0.550   0.000
   0.650   0.000
   0.750   0.000
   0.850   0.000
   0.950   0.000
   1.050   0.000
   1.150   0.000
   1.250   0.000
   1.350   0.000
   1.450   0.000
   1.550   0.000
   1.650   0.000
   1.750   0.000
   1.850   0.000
   1.950   0.000
   2.050   0.000
   2.150   0.000
   2.250   0.000
   2.350   0.000
   2.450   0.000
   2.550   0.000
   2.650   0.000
   2.750   0.000
   2.850   0.000
   2.950   0.000
   3.050   0.000
   3.150   0.000
   3.250   0.000
   3.350   0.000
   3.450   0.000
   3.550   0.003
   3.650   0.012
   3.750   0.035
   3.850   0.086
   3.950   0.166
   4.050   0.232
   4.150   0.242
   4.250   0.174
   4.350   0.082
   4.450   0.046
   4.550   0.043
   4.650   0.046
   4.750   0.050
   4.850   0.056
   4.950   0.063
   5.050   0.071
   5.150   0.079
   5.250   0.085
   5.350   0.090
   5.450   0.094
   5.550   0.098
   5.650   0.103
   5.750   0.112
   5.850   0.124
   5.950   0.139
   6.050   0.155
   6.150   0.170
   6.250   0.181
   6.350   0.187
   6.450   0.188
   6.550   0.186
   6.650   0.181
   6.750   0.177
   6.850   0.176
   6.950   0.179
   7.050   0.188
   7.150   0.201
   7.250   0.218
   7.350   0.231
   7.450   0.238
   7.550   0.238
   7.650   0.236
   7.750   0.231
   7.850   0.225
   7.950   0.217
   8.050   0.208
   8.150   0.198
   8.250   0.189
   8.350   0.181
   8.450   0.173
   8.550   0.167
   8.650   0.162
   8.750   0.158
   8.850   0.157
   8.950   0.159
   9.050   0.162
   9.150   0.167
   9.250   0.171
   9.350   0.173
   9.450   0.174
   9.550   0.176
   9.650   0.177
   9.750   0.178
   9.850   0.181
   9.950   0.183
  10.050   0.187
  10.150   0.191
  10.250   0.195
  10.350   0.200
  10.450   0.204
  10.550   0.207
  10.650   0.206
  10.750   0.205
  10.850   0.202
  10.950   0.201
  11.050   0.200
  11.150   0.199
  11.250   0.197
  11.350   0.194
  11.450   0.191
  11.550   0.189
  11.650   0.187
  11.750   0.185
  11.850   0.183
  11.950   0.181
  12.050   0.178
  12.150   0.174
  12.250   0.171
  12.350   0.167
  12.450   0.165
  12.550   0.162
  12.650   0.159
  12.750   0.158
  12.850   0.156
  12.950   0.154
  13.050   0.153
  13.150   0.151
  13.250   0.150
  13.350   0.149
  13.450   0.148
  13.550   0.148
  13.650   0.148
  13.750   0.148
  13.850   0.148
  13.950   0.147
  14.050   0.147
  14.150   0.146
  14.250   0.146
  14.350   0.145
  14.450   0.144
  14.550   0.143
  14.650   0.142
  14.750   0.141
  14.850   0.139
  14.950   0.137
  15.050   0.134
  15.150   0.132
  15.250   0.130
  15.350   0.128
  15.450   0.126
  15.550   0.124
  15.650   0.123
  15.750   0.122
  15.850   0.120
  15.950   0.119
  16.050   0.118
  16.150   0.117
  16.250   0.116
  16.350   0.115
  16.450   0.114
  16.550   0.113
  16.650   0.112
  16.750   0.111
  16.850   0.109
  16.950   0.108
  17.050   0.107
  17.150   0.106
  17.250   0.105
  17.350   0.104
  17.450   0.103
  17.550   0.102
  17.650   0.101
  17.750   0.100
  17.850   0.100
  17.950   0.099
  18.050   0.098
  18.150   0.097
  18.250   0.097
  18.350   0.096
  18.450   0.096
  18.550   0.095
  18.650   0.094
  18.750   0.094
  18.850   0.093
  18.950   0.092
  19.050   0.091
  19.150   0.091
  19.250   0.090
  19.350   0.089
  19.450   0.088
  19.550   0.088
  19.650   0.087
  19.750   0.087
  19.850   0.086
  19.950   0.086
  20.050   0.085
  20.150   0.085
  20.250   0.085
  20.350   0.085
  20.450   0.084
  20.550   0.084
  20.650   0.084
  20.750   0.083
  20.850   0.083
  20.950   0.082
  21.050   0.081
  21.150   0.081
  21.250   0.080
  21.350   0.079
  21.450   0.079
  21.550   0.078
  21.650   0.077
  21.750   0.077
  21.850   0.076
  21.950   0.075
  22.050   0.075
  22.150   0.074
  22.250   0.073
  22.350   0.073
  22.450   0.072
  22.550   0.071
  22.650   0.071
  22.750   0.070
  22.850   0.070
  22.950   0.069
  23.050   0.069
  23.150   0.068
  23.250   0.068
  23.350   0.067
  23.450   0.067
  23.550   0.067
  23.650   0.066
  23.750   0.066
  23.850   0.065
  23.950   0.065
  24.050   0.064
  24.150   0.064
  24.250   0.064
  24.350   0.063
  24.450   0.063
  24.550   0.063
  24.650   0.062
  24.750   0.062
  24.850   0.062
  24.950   0.061
  25.050   0.061
  25.150   0.061
  25.250   0.060
  25.350   0.060
  25.450   0.060
  25.550   0.059
  25.650   0.059
  25.750   0.059
  25.850   0.058
  25.950   0.058
  26.050   0.057
  26.150   0.057
  26.250   0.056
  26.350   0.056
  26.450   0.055
  26.550   0.055
  26.650   0.055
  26.750   0.054
  26.850   0.054
  26.950   0.053
  27.050   0.053
  27.150   0.053
  27.250   0.052
  27.350   0.052
  27.450   0.051
  27.550   0.051
  27.650   0.050
  27.750   0.050
  27.850   0.050
  27.950   0.049
  28.050   0.049
  28.150   0.048
  28.250   0.048
  28.350   0.048
  28.450   0.047
  28.550   0.047
  28.650   0.047
  28.750   0.046
  28.850   0.046
  28.950   0.045
  29.050   0.045
  29.150   0.045
  29.250   0.044
  29.350   0.044
  29.450   0.043
  29.550   0.043
  29.650   0.043
  29.750   0.042
  29.850   0.042
  29.950   0.042
