   0.050   0.000
   0.150   0.000
   0.250   0.000
   0.350   0.000
   0.450   0.000
   0.550   0.000
   0.650   0.000
   0.750   0.000
   0.850   0.000
   0.950   0.000
   1.050   0.000
   1.150   0.000
   1.250   0.000
   1.350   0.000
   1.450   0.000
   1.550   0.000
   1.650   0.000
   1.750   0.000
   1.850   0.000
   1.950   0.000
   2.050   0.000
   2.150   0.000
   2.250   0.000
   2.350   0.000
   2.450   0.000
   2.550   0.000
   2.650   0.000
   2.750   0.000
   2.850   0.000
   2.950   0.000
   3.050   0.000
   3.150   0.000
   3.250   0.000
   3.350   0.000
   3.450   0.001
   3.550   0.007
   3.650   0.023
   3.750   0.061
   3.850   0.123
   3.950   0.208
   4.050   0.305
   4.150   0.395
   4.250   0.457
   4.350   0.477
   4.450   0.455
   4.550   0.408
   4.650   0.351
   4.750   0.297
   4.850   0.246
   4.950   0.206
   5.050   0.176
   5.150   0.155
   5.250   0.143
   5.350   0.137
   5.450   0.134
   5.550   0.133
   5.650   0.133
   5.750   0.134
   5.850   0.134
   5.950   0.136
   6.050   0.139
   6.150   0.144
   6.250   0.151
   6.350   0.159
   6.450   0.167
   6.550   0.174
   6.650   0.177
   6.750   0.178
   6.850   0.177
   6.950   0.174
   7.050   0.170
   7.150   0.168
   7.250   0.167
   7.350   0.167
   7.450   0.168
   7.550   0.170
   7.650   0.172
   7.750   0.172
   7.850   0.173
   7.950   0.173
   8.050   0.173
   8.150   0.172
   8.250   0.172
   8.350   0.170
   8.450   0.167
   8.550   0.164
   8.650   0.161
   8.750   0.161
   8.850   0.162
   8.950   0.165
   9.050   0.170
   9.150   0.176
   9.250   0.184
   9.350   0.194
   9.450   0.205
   9.550   0.213
   9.650   0.216
   9.750   0.209
   9.850   0.196
   9.950   0.184
  10.050   0.174
  10.150   0.168
  10.250   0.165
  10.350   0.165
  10.450   0.165
  10.550   0.167
  10.650   0.167
  10.750   0.167
  10.850   0.166
  10.950   0.166
  11.050   0.166
  11.150   0.168
  11.250   0.171
  11.350   0.174
  11.450   0.177
  11.550   0.180
  11.650   0.182
  11.750   0.183
  11.850   0.184
  11.950   0.184
  12.050   0.183
  12.150   0.180
  12.250   0.176
  12.350   0.170
  12.450   0.165
  12.550   0.159
  12.650   0.155
  12.750   0.152
  12.850   0.149
  12.950   0.147
  13.050   0.145
  13.150   0.142
  13.250   0.140
  13.350   0.137
  13.450   0.135
  13.550   0.133
  13.650   0.132
  13.750   0.132
  13.850   0.132
  13.950   0.132
  14.050   0.132
  14.150   0.133
  14.250   0.132
  14.350   0.132
  14.450   0.131
  14.550   0.130
  14.650   0.129
  14.750   0.129
  14.850   0.129
  14.950   0.129
  15.050   0.130
  15.150   0.130
  15.250   0.130
  15.350   0.129
  15.450   0.128
  15.550   0.126
  15.650   0.125
  15.750   0.123
  15.850   0.122
  15.950   0.121
  16.050   0.120
  16.150   0.120
  16.250   0.119
  16.350   0.119
  16.450   0.118
  16.550   0.117
  16.650   0.115
  16.750   0.113
  16.850   0.112
  16.950   0.111
  17.050   0.109
  17.150   0.108
  17.250   0.107
  17.350   0.107
  17.450   0.106
  17.550   0.105
  17.650   0.105
  17.750   0.104
  17.850   0.103
  17.950   0.103
  18.050   0.102
  18.150   0.102
  18.250   0.101
  18.350   0.100
  18.450   0.100
  18.550   0.099
  18.650   0.098
  18.750   0.097
  18.850   0.096
  18.950   0.094
  19.050   0.093
  19.150   0.092
  19.250   0.091
  19.350   0.090
  19.450   0.089
  19.550   0.088
  19.650   0.088
  19.750   0.087
  19.850   0.086
  19.950   0.085
  20.050   0.085
  20.150   0.084
  20.250   0.083
  20.350   0.083
  20.450   0.082
  20.550   0.081
  20.650   0.080
  20.750   0.079
  20.850   0.079
  20.950   0.078
  21.050   0.077
  21.150   0.076
  21.250   0.076
  21.350   0.075
  21.450   0.075
  21.550   0.074
  21.650   0.073
  21.750   0.073
  21.850   0.072
  21.950   0.072
  22.050   0.072
  22.150   0.072
  22.250   0.071
  22.350   0.071
  22.450   0.071
  22.550   0.071
  22.650   0.071
  22.750   0.071
  22.850   0.071
  22.950   0.071
  23.050   0.071
  23.150   0.071
  23.250   0.070
  23.350   0.070
  23.450   0.070
  23.550   0.069
  23.650   0.069
  23.750   0.068
  23.850   0.068
  23.950   0.068
  24.050   0.067
  24.150   0.066
  24.250   0.066
  24.350   0.065
  24.450   0.065
  24.550   0.064
  24.650   0.063
  24.750   0.062
  24.850   0.062
  24.950   0.061
  25.050   0.060
  25.150   0.060
  25.250   0.059
  25.350   0.059
  25.450   0.058
  25.550   0.058
  25.650   0.058
  25.750   0.057
  25.850   0.057
  25.950   0.057
  26.050   0.056
  26.150   0.056
  26.250   0.056
  26.350   0.056
  26.450   0.056
  26.550   0.055
  26.650   0.055
  26.750   0.055
  26.850   0.055
  26.950   0.054
  27.050   0.054
  27.150   0.054
  27.250   0.053
  27.350   0.053
  27.450   0.052
  27.550   0.052
  27.650   0.051
  27.750   0.051
  27.850   0.050
  27.950   0.049
  28.050   0.049
  28.150   0.048
  28.250   0.048
  28.350   0.047
  28.450   0.047
  28.550   0.046
  28.650   0.046
  28.750   0.046
  28.850   0.045
  28.950   0.045
  29.050   0.045
  29.150   0.045
  29.250   0.044
  29.350   0.044
  29.450   0.044
  29.550   0.043
  29.650   0.043
  29.750   0.043
  29.850   0.042
  29.950   0.042
