 0.05000 0.00000
 0.15000 0.00000
 0.25000 0.00000
 0.35000 0.00000
 0.45000 0.00000
 0.55000 0.00000
 0.65000 0.00000
 0.75000 0.00000
 0.85000 0.00000
 0.95000 0.00000
 1.05000 0.00000
 1.15000 0.00000
 1.25000 0.00000
 1.35000 0.00000
 1.45000 0.00000
 1.55000 0.00000
 1.65000 0.00000
 1.75000 0.00000
 1.85000 0.00000
 1.95000 0.00000
 2.05000 0.00000
 2.15000 0.00000
 2.25000 0.00000
 2.35000 0.00000
 2.45000 0.00000
 2.55000 0.00000
 2.65000 0.00000
 2.75000 0.00000
 2.85000 0.00000
 2.95000 0.00001
 3.05000 0.00027
 3.15000 0.00194
 3.25000 0.00734
 3.35000 0.01763
 3.45000 0.02989
 3.55000 0.03904
 3.65000 0.04283
 3.75000 0.04282
 3.85000 0.04075
 3.95000 0.03577
 4.05000 0.02732
 4.15000 0.01869
 4.25000 0.01325
 4.35000 0.01093
 4.45000 0.01036
 4.55000 0.01059
 4.65000 0.01122
 4.75000 0.01205
 4.85000 0.01303
 4.95000 0.01408
 5.05000 0.01516
 5.15000 0.01617
 5.25000 0.01710
 5.35000 0.01790
 5.45000 0.01857
 5.55000 0.01917
 5.65000 0.01970
 5.75000 0.02021
 5.85000 0.02066
 5.95000 0.02100
 6.05000 0.02116
 6.15000 0.02110
 6.25000 0.02084
 6.35000 0.02045
 6.45000 0.02005
 6.55000 0.01969
 6.65000 0.01944
 6.75000 0.01930
 6.85000 0.01930
 6.95000 0.01940
 7.05000 0.01960
 7.15000 0.01986
 7.25000 0.02013
 7.35000 0.02038
 7.45000 0.02060
 7.55000 0.02079
 7.65000 0.02097
 7.75000 0.02115
 7.85000 0.02134
 7.95000 0.02151
 8.05000 0.02169
 8.15000 0.02186
 8.25000 0.02199
 8.35000 0.02209
 8.45000 0.02218
 8.55000 0.02224
 8.65000 0.02229
 8.75000 0.02235
 8.85000 0.02239
 8.95000 0.02244
 9.05000 0.02250
 9.15000 0.02257
 9.25000 0.02266
 9.35000 0.02276
 9.45000 0.02288
 9.55000 0.02300
 9.65000 0.02313
 9.75000 0.02326
 9.85000 0.02339
 9.95000 0.02349
10.05000 0.02360
10.15000 0.02369
10.25000 0.02376
10.35000 0.02382
10.45000 0.02386
10.55000 0.02389
10.65000 0.02393
10.75000 0.02397
10.85000 0.02400
10.95000 0.02405
11.05000 0.02410
11.15000 0.02415
11.25000 0.02421
11.35000 0.02428
11.45000 0.02435
11.55000 0.02441
11.65000 0.02449
11.75000 0.02456
11.85000 0.02463
11.95000 0.02470
12.05000 0.02478
12.15000 0.02485
12.25000 0.02493
12.35000 0.02500
12.45000 0.02507
12.55000 0.02514
12.65000 0.02521
12.75000 0.02527
12.85000 0.02533
12.95000 0.02537
13.05000 0.02543
13.15000 0.02547
13.25000 0.02551
13.35000 0.02556
13.45000 0.02561
13.55000 0.02567
13.65000 0.02572
13.75000 0.02579
13.85000 0.02585
13.95000 0.02592
14.05000 0.02598
14.15000 0.02605
14.25000 0.02611
14.35000 0.02618
14.45000 0.02624
14.55000 0.02630
14.65000 0.02635
14.75000 0.02640
14.85000 0.02646
14.95000 0.02651
15.05000 0.02655
15.15000 0.02659
15.25000 0.02663
15.35000 0.02668
15.45000 0.02671
15.55000 0.02675
15.65000 0.02679
15.75000 0.02682
15.85000 0.02685
15.95000 0.02688
16.05000 0.02692
16.15000 0.02695
16.25000 0.02699
16.35000 0.02703
16.45000 0.02707
16.55000 0.02711
16.65000 0.02716
16.75000 0.02720
16.85000 0.02724
16.95000 0.02729
17.05000 0.02733
17.15000 0.02738
17.25000 0.02742
17.35000 0.02746
17.45000 0.02750
17.55000 0.02755
17.65000 0.02759
17.75000 0.02764
17.85000 0.02768
17.95000 0.02773
18.05000 0.02777
18.15000 0.02781
18.25000 0.02785
18.35000 0.02789
18.45000 0.02793
18.55000 0.02796
18.65000 0.02800
18.75000 0.02804
18.85000 0.02808
18.95000 0.02811
19.05000 0.02815
19.15000 0.02818
19.25000 0.02821
19.35000 0.02825
19.45000 0.02828
19.55000 0.02831
19.65000 0.02835
19.75000 0.02838
19.85000 0.02841
19.95000 0.02844
20.05000 0.02848
20.15000 0.02851
20.25000 0.02854
20.35000 0.02858
20.45000 0.02861
20.55000 0.02864
20.65000 0.02868
20.75000 0.02872
20.85000 0.02875
20.95000 0.02878
21.05000 0.02882
21.15000 0.02884
21.25000 0.02888
21.35000 0.02891
21.45000 0.02894
21.55000 0.02897
21.65000 0.02899
21.75000 0.02902
21.85000 0.02905
21.95000 0.02908
22.05000 0.02911
22.15000 0.02914
22.25000 0.02916
22.35000 0.02919
22.45000 0.02922
22.55000 0.02925
22.65000 0.02928
22.75000 0.02931
22.85000 0.02933
22.95000 0.02936
23.05000 0.02939
23.15000 0.02942
23.25000 0.02945
23.35000 0.02947
23.45000 0.02950
23.55000 0.02953
23.65000 0.02955
23.75000 0.02958
23.85000 0.02960
23.95000 0.02963
24.05000 0.02965
24.15000 0.02968
24.25000 0.02970
24.35000 0.02973
24.45000 0.02975
24.55000 0.02977
24.65000 0.02980
24.75000 0.02982
24.85000 0.02984
24.95000 0.02987
25.05000 0.02989
25.15000 0.02991
25.25000 0.02993
25.35000 0.02996
25.45000 0.02998
25.55000 0.03000
25.65000 0.03002
25.75000 0.03004
25.85000 0.03006
25.95000 0.03008
26.05000 0.03010
26.15000 0.03012
26.25000 0.03014
26.35000 0.03016
26.45000 0.03018
26.55000 0.03020
26.65000 0.03022
26.75000 0.03024
26.85000 0.03026
26.95000 0.03028
27.05000 0.03029
27.15000 0.03031
27.25000 0.03033
27.35000 0.03034
27.45000 0.03036
27.55000 0.03038
27.65000 0.03040
27.75000 0.03042
27.85000 0.03043
27.95000 0.03045
28.05000 0.03047
28.15000 0.03048
28.25000 0.03050
28.35000 0.03052
28.45000 0.03053
28.55000 0.03055
28.65000 0.03057
28.75000 0.03058
28.85000 0.03060
28.95000 0.03061
29.05000 0.03063
29.15000 0.03064
29.25000 0.03066
29.35000 0.03068
29.45000 0.03069
29.55000 0.03071
29.65000 0.03072
29.75000 0.03073
29.85000 0.03075
29.95000 0.03076
