 0.05000 0.00000
 0.15000 0.00000
 0.25000 0.00000
 0.35000 0.00000
 0.45000 0.00000
 0.55000 0.00000
 0.65000 0.00000
 0.75000 0.00000
 0.85000 0.00000
 0.95000 0.00000
 1.05000 0.00000
 1.15000 0.00000
 1.25000 0.00000
 1.35000 0.00000
 1.45000 0.00000
 1.55000 0.00000
 1.65000 0.00000
 1.75000 0.00000
 1.85000 0.00000
 1.95000 0.00000
 2.05000 0.00000
 2.15000 0.00000
 2.25000 0.00000
 2.35000 0.00000
 2.45000 0.00000
 2.55000 0.00001
 2.65000 0.00093
 2.75000 0.00917
 2.85000 0.02233
 2.95000 0.02645
 3.05000 0.02425
 3.15000 0.02167
 3.25000 0.02017
 3.35000 0.01934
 3.45000 0.01880
 3.55000 0.01821
 3.65000 0.01743
 3.75000 0.01644
 3.85000 0.01533
 3.95000 0.01422
 4.05000 0.01323
 4.15000 0.01239
 4.25000 0.01172
 4.35000 0.01124
 4.45000 0.01090
 4.55000 0.01068
 4.65000 0.01058
 4.75000 0.01056
 4.85000 0.01061
 4.95000 0.01073
 5.05000 0.01091
 5.15000 0.01116
 5.25000 0.01147
 5.35000 0.01186
 5.45000 0.01230
 5.55000 0.01276
 5.65000 0.01319
 5.75000 0.01357
 5.85000 0.01391
 5.95000 0.01421
 6.05000 0.01448
 6.15000 0.01473
 6.25000 0.01494
 6.35000 0.01513
 6.45000 0.01532
 6.55000 0.01551
 6.65000 0.01573
 6.75000 0.01601
 6.85000 0.01640
 6.95000 0.01689
 7.05000 0.01729
 7.15000 0.01742
 7.25000 0.01732
 7.35000 0.01722
 7.45000 0.01719
 7.55000 0.01726
 7.65000 0.01740
 7.75000 0.01757
 7.85000 0.01777
 7.95000 0.01798
 8.05000 0.01820
 8.15000 0.01842
 8.25000 0.01866
 8.35000 0.01892
 8.45000 0.01920
 8.55000 0.01948
 8.65000 0.01975
 8.75000 0.02000
 8.85000 0.02024
 8.95000 0.02041
 9.05000 0.02056
 9.15000 0.02067
 9.25000 0.02077
 9.35000 0.02087
 9.45000 0.02097
 9.55000 0.02108
 9.65000 0.02119
 9.75000 0.02129
 9.85000 0.02139
 9.95000 0.02149
10.05000 0.02159
10.15000 0.02171
10.25000 0.02183
10.35000 0.02197
10.45000 0.02212
10.55000 0.02229
10.65000 0.02245
10.75000 0.02261
10.85000 0.02276
10.95000 0.02292
11.05000 0.02306
11.15000 0.02319
11.25000 0.02332
11.35000 0.02345
11.45000 0.02356
11.55000 0.02367
11.65000 0.02377
11.75000 0.02385
11.85000 0.02392
11.95000 0.02398
12.05000 0.02404
12.15000 0.02409
12.25000 0.02415
12.35000 0.02420
12.45000 0.02425
12.55000 0.02431
12.65000 0.02437
12.75000 0.02445
12.85000 0.02453
12.95000 0.02461
13.05000 0.02470
13.15000 0.02479
13.25000 0.02487
13.35000 0.02496
13.45000 0.02504
13.55000 0.02512
13.65000 0.02518
13.75000 0.02524
13.85000 0.02529
13.95000 0.02535
14.05000 0.02542
14.15000 0.02548
14.25000 0.02556
14.35000 0.02563
14.45000 0.02570
14.55000 0.02578
14.65000 0.02584
14.75000 0.02591
14.85000 0.02598
14.95000 0.02605
15.05000 0.02611
15.15000 0.02617
15.25000 0.02624
15.35000 0.02631
15.45000 0.02638
15.55000 0.02645
15.65000 0.02652
15.75000 0.02660
15.85000 0.02667
15.95000 0.02674
16.05000 0.02681
16.15000 0.02688
16.25000 0.02694
16.35000 0.02701
16.45000 0.02707
16.55000 0.02713
16.65000 0.02718
16.75000 0.02724
16.85000 0.02729
16.95000 0.02734
17.05000 0.02739
17.15000 0.02744
17.25000 0.02748
17.35000 0.02753
17.45000 0.02758
17.55000 0.02763
17.65000 0.02768
17.75000 0.02772
17.85000 0.02777
17.95000 0.02782
18.05000 0.02786
18.15000 0.02791
18.25000 0.02795
18.35000 0.02800
18.45000 0.02804
18.55000 0.02809
18.65000 0.02813
18.75000 0.02817
18.85000 0.02821
18.95000 0.02825
19.05000 0.02829
19.15000 0.02833
19.25000 0.02837
19.35000 0.02840
19.45000 0.02844
19.55000 0.02847
19.65000 0.02851
19.75000 0.02854
19.85000 0.02858
19.95000 0.02862
20.05000 0.02865
20.15000 0.02869
20.25000 0.02872
20.35000 0.02876
20.45000 0.02879
20.55000 0.02882
20.65000 0.02886
20.75000 0.02889
20.85000 0.02892
20.95000 0.02895
21.05000 0.02899
21.15000 0.02902
21.25000 0.02905
21.35000 0.02908
21.45000 0.02911
21.55000 0.02915
21.65000 0.02918
21.75000 0.02921
21.85000 0.02924
21.95000 0.02928
22.05000 0.02930
22.15000 0.02933
22.25000 0.02936
22.35000 0.02940
22.45000 0.02943
22.55000 0.02945
22.65000 0.02948
22.75000 0.02951
22.85000 0.02954
22.95000 0.02957
23.05000 0.02960
23.15000 0.02962
23.25000 0.02965
23.35000 0.02968
23.45000 0.02970
23.55000 0.02973
23.65000 0.02975
23.75000 0.02978
23.85000 0.02980
23.95000 0.02983
24.05000 0.02985
24.15000 0.02988
24.25000 0.02990
24.35000 0.02993
24.45000 0.02995
24.55000 0.02998
24.65000 0.02999
24.75000 0.03002
24.85000 0.03004
24.95000 0.03006
25.05000 0.03008
25.15000 0.03011
25.25000 0.03013
25.35000 0.03014
25.45000 0.03016
25.55000 0.03018
25.65000 0.03020
25.75000 0.03022
25.85000 0.03024
25.95000 0.03026
26.05000 0.03027
26.15000 0.03029
26.25000 0.03031
26.35000 0.03032
26.45000 0.03034
26.55000 0.03035
26.65000 0.03037
26.75000 0.03038
26.85000 0.03040
26.95000 0.03042
27.05000 0.03043
27.15000 0.03045
27.25000 0.03046
27.35000 0.03047
27.45000 0.03049
27.55000 0.03050
27.65000 0.03052
27.75000 0.03053
27.85000 0.03054
27.95000 0.03056
28.05000 0.03057
28.15000 0.03058
28.25000 0.03060
28.35000 0.03061
28.45000 0.03062
28.55000 0.03064
28.65000 0.03065
28.75000 0.03066
28.85000 0.03067
28.95000 0.03069
29.05000 0.03070
29.15000 0.03070
29.25000 0.03072
29.35000 0.03073
29.45000 0.03074
29.55000 0.03075
29.65000 0.03076
29.75000 0.03078
29.85000 0.03079
29.95000 0.03080
