 0.05000 0.00000
 0.15000 0.00000
 0.25000 0.00000
 0.35000 0.00000
 0.45000 0.00000
 0.55000 0.00000
 0.65000 0.00000
 0.75000 0.00000
 0.85000 0.00000
 0.95000 0.00000
 1.05000 0.00000
 1.15000 0.00000
 1.25000 0.00000
 1.35000 0.00000
 1.45000 0.00000
 1.55000 0.00000
 1.65000 0.00000
 1.75000 0.00000
 1.85000 0.00000
 1.95000 0.00000
 2.05000 0.00000
 2.15000 0.00000
 2.25000 0.00000
 2.35000 0.00000
 2.45000 0.00000
 2.55000 0.00023
 2.65000 0.00350
 2.75000 0.01218
 2.85000 0.01836
 2.95000 0.01811
 3.05000 0.01554
 3.15000 0.01366
 3.25000 0.01293
 3.35000 0.01290
 3.45000 0.01321
 3.55000 0.01359
 3.65000 0.01391
 3.75000 0.01406
 3.85000 0.01408
 3.95000 0.01396
 4.05000 0.01375
 4.15000 0.01344
 4.25000 0.01312
 4.35000 0.01278
 4.45000 0.01244
 4.55000 0.01213
 4.65000 0.01188
 4.75000 0.01177
 4.85000 0.01178
 4.95000 0.01195
 5.05000 0.01225
 5.15000 0.01267
 5.25000 0.01320
 5.35000 0.01376
 5.45000 0.01429
 5.55000 0.01475
 5.65000 0.01517
 5.75000 0.01552
 5.85000 0.01583
 5.95000 0.01609
 6.05000 0.01639
 6.15000 0.01671
 6.25000 0.01703
 6.35000 0.01733
 6.45000 0.01754
 6.55000 0.01763
 6.65000 0.01764
 6.75000 0.01768
 6.85000 0.01777
 6.95000 0.01793
 7.05000 0.01814
 7.15000 0.01835
 7.25000 0.01854
 7.35000 0.01870
 7.45000 0.01883
 7.55000 0.01895
 7.65000 0.01904
 7.75000 0.01914
 7.85000 0.01929
 7.95000 0.01949
 8.05000 0.01976
 8.15000 0.02006
 8.25000 0.02038
 8.35000 0.02065
 8.45000 0.02087
 8.55000 0.02102
 8.65000 0.02111
 8.75000 0.02116
 8.85000 0.02121
 8.95000 0.02124
 9.05000 0.02127
 9.15000 0.02132
 9.25000 0.02138
 9.35000 0.02145
 9.45000 0.02154
 9.55000 0.02163
 9.65000 0.02174
 9.75000 0.02186
 9.85000 0.02200
 9.95000 0.02214
10.05000 0.02228
10.15000 0.02243
10.25000 0.02258
10.35000 0.02273
10.45000 0.02288
10.55000 0.02302
10.65000 0.02314
10.75000 0.02326
10.85000 0.02337
10.95000 0.02350
11.05000 0.02361
11.15000 0.02370
11.25000 0.02378
11.35000 0.02385
11.45000 0.02390
11.55000 0.02395
11.65000 0.02398
11.75000 0.02403
11.85000 0.02408
11.95000 0.02414
12.05000 0.02421
12.15000 0.02429
12.25000 0.02437
12.35000 0.02445
12.45000 0.02454
12.55000 0.02463
12.65000 0.02472
12.75000 0.02481
12.85000 0.02489
12.95000 0.02498
13.05000 0.02507
13.15000 0.02514
13.25000 0.02523
13.35000 0.02531
13.45000 0.02539
13.55000 0.02547
13.65000 0.02555
13.75000 0.02563
13.85000 0.02570
13.95000 0.02577
14.05000 0.02584
14.15000 0.02592
14.25000 0.02597
14.35000 0.02603
14.45000 0.02610
14.55000 0.02616
14.65000 0.02621
14.75000 0.02626
14.85000 0.02631
14.95000 0.02636
15.05000 0.02641
15.15000 0.02646
15.25000 0.02651
15.35000 0.02657
15.45000 0.02663
15.55000 0.02669
15.65000 0.02674
15.75000 0.02681
15.85000 0.02686
15.95000 0.02693
16.05000 0.02698
16.15000 0.02703
16.25000 0.02709
16.35000 0.02714
16.45000 0.02719
16.55000 0.02724
16.65000 0.02729
16.75000 0.02733
16.85000 0.02738
16.95000 0.02742
17.05000 0.02747
17.15000 0.02751
17.25000 0.02756
17.35000 0.02760
17.45000 0.02765
17.55000 0.02769
17.65000 0.02773
17.75000 0.02777
17.85000 0.02781
17.95000 0.02784
18.05000 0.02788
18.15000 0.02793
18.25000 0.02796
18.35000 0.02801
18.45000 0.02804
18.55000 0.02808
18.65000 0.02811
18.75000 0.02815
18.85000 0.02819
18.95000 0.02822
19.05000 0.02826
19.15000 0.02829
19.25000 0.02833
19.35000 0.02837
19.45000 0.02840
19.55000 0.02844
19.65000 0.02848
19.75000 0.02851
19.85000 0.02855
19.95000 0.02858
20.05000 0.02862
20.15000 0.02865
20.25000 0.02869
20.35000 0.02872
20.45000 0.02875
20.55000 0.02879
20.65000 0.02881
20.75000 0.02885
20.85000 0.02888
20.95000 0.02891
21.05000 0.02895
21.15000 0.02897
21.25000 0.02900
21.35000 0.02903
21.45000 0.02906
21.55000 0.02909
21.65000 0.02912
21.75000 0.02915
21.85000 0.02917
21.95000 0.02920
22.05000 0.02923
22.15000 0.02926
22.25000 0.02928
22.35000 0.02931
22.45000 0.02933
22.55000 0.02936
22.65000 0.02939
22.75000 0.02941
22.85000 0.02944
22.95000 0.02946
23.05000 0.02949
23.15000 0.02951
23.25000 0.02954
23.35000 0.02957
23.45000 0.02959
23.55000 0.02961
23.65000 0.02963
23.75000 0.02965
23.85000 0.02968
23.95000 0.02970
24.05000 0.02973
24.15000 0.02975
24.25000 0.02978
24.35000 0.02980
24.45000 0.02982
24.55000 0.02984
24.65000 0.02987
24.75000 0.02989
24.85000 0.02991
24.95000 0.02994
25.05000 0.02996
25.15000 0.02998
25.25000 0.03000
25.35000 0.03002
25.45000 0.03004
25.55000 0.03007
25.65000 0.03008
25.75000 0.03010
25.85000 0.03012
25.95000 0.03014
26.05000 0.03016
26.15000 0.03018
26.25000 0.03020
26.35000 0.03022
26.45000 0.03024
26.55000 0.03026
26.65000 0.03028
26.75000 0.03030
26.85000 0.03031
26.95000 0.03034
27.05000 0.03035
27.15000 0.03037
27.25000 0.03039
27.35000 0.03040
27.45000 0.03042
27.55000 0.03044
27.65000 0.03045
27.75000 0.03047
27.85000 0.03048
27.95000 0.03050
28.05000 0.03051
28.15000 0.03053
28.25000 0.03054
28.35000 0.03056
28.45000 0.03057
28.55000 0.03059
28.65000 0.03060
28.75000 0.03062
28.85000 0.03063
28.95000 0.03064
29.05000 0.03066
29.15000 0.03067
29.25000 0.03068
29.35000 0.03070
29.45000 0.03071
29.55000 0.03072
29.65000 0.03074
29.75000 0.03075
29.85000 0.03076
29.95000 0.03078
