 0.05000 0.00000
 0.15000 0.00000
 0.25000 0.00000
 0.35000 0.00000
 0.45000 0.00000
 0.55000 0.00000
 0.65000 0.00000
 0.75000 0.00000
 0.85000 0.00000
 0.95000 0.00000
 1.05000 0.00000
 1.15000 0.00000
 1.25000 0.00000
 1.35000 0.00000
 1.45000 0.00000
 1.55000 0.00000
 1.65000 0.00000
 1.75000 0.00000
 1.85000 0.00000
 1.95000 0.00000
 2.05000 0.00000
 2.15000 0.00000
 2.25000 0.00000
 2.35000 0.00000
 2.45000 0.00059
 2.55000 0.00805
 2.65000 0.02453
 2.75000 0.03214
 2.85000 0.02818
 2.95000 0.02228
 3.05000 0.01864
 3.15000 0.01711
 3.25000 0.01669
 3.35000 0.01677
 3.45000 0.01693
 3.55000 0.01706
 3.65000 0.01708
 3.75000 0.01695
 3.85000 0.01670
 3.95000 0.01640
 4.05000 0.01608
 4.15000 0.01581
 4.25000 0.01562
 4.35000 0.01554
 4.45000 0.01553
 4.55000 0.01560
 4.65000 0.01579
 4.75000 0.01609
 4.85000 0.01652
 4.95000 0.01706
 5.05000 0.01762
 5.15000 0.01811
 5.25000 0.01840
 5.35000 0.01846
 5.45000 0.01833
 5.55000 0.01811
 5.65000 0.01789
 5.75000 0.01775
 5.85000 0.01768
 5.95000 0.01769
 6.05000 0.01771
 6.15000 0.01778
 6.25000 0.01784
 6.35000 0.01792
 6.45000 0.01798
 6.55000 0.01805
 6.65000 0.01813
 6.75000 0.01822
 6.85000 0.01835
 6.95000 0.01852
 7.05000 0.01869
 7.15000 0.01878
 7.25000 0.01874
 7.35000 0.01872
 7.45000 0.01873
 7.55000 0.01881
 7.65000 0.01892
 7.75000 0.01906
 7.85000 0.01919
 7.95000 0.01934
 8.05000 0.01948
 8.15000 0.01962
 8.25000 0.01977
 8.35000 0.01990
 8.45000 0.02006
 8.55000 0.02021
 8.65000 0.02036
 8.75000 0.02050
 8.85000 0.02067
 8.95000 0.02081
 9.05000 0.02096
 9.15000 0.02111
 9.25000 0.02126
 9.35000 0.02141
 9.45000 0.02156
 9.55000 0.02171
 9.65000 0.02187
 9.75000 0.02204
 9.85000 0.02221
 9.95000 0.02240
10.05000 0.02260
10.15000 0.02280
10.25000 0.02301
10.35000 0.02324
10.45000 0.02347
10.55000 0.02368
10.65000 0.02386
10.75000 0.02401
10.85000 0.02412
10.95000 0.02420
11.05000 0.02425
11.15000 0.02427
11.25000 0.02429
11.35000 0.02430
11.45000 0.02430
11.55000 0.02432
11.65000 0.02434
11.75000 0.02437
11.85000 0.02441
11.95000 0.02447
12.05000 0.02452
12.15000 0.02459
12.25000 0.02467
12.35000 0.02475
12.45000 0.02484
12.55000 0.02494
12.65000 0.02505
12.75000 0.02515
12.85000 0.02526
12.95000 0.02537
13.05000 0.02547
13.15000 0.02557
13.25000 0.02564
13.35000 0.02571
13.45000 0.02578
13.55000 0.02584
13.65000 0.02590
13.75000 0.02596
13.85000 0.02603
13.95000 0.02608
14.05000 0.02614
14.15000 0.02619
14.25000 0.02624
14.35000 0.02628
14.45000 0.02633
14.55000 0.02637
14.65000 0.02641
14.75000 0.02646
14.85000 0.02650
14.95000 0.02655
15.05000 0.02661
15.15000 0.02666
15.25000 0.02672
15.35000 0.02678
15.45000 0.02684
15.55000 0.02689
15.65000 0.02696
15.75000 0.02701
15.85000 0.02707
15.95000 0.02713
16.05000 0.02719
16.15000 0.02725
16.25000 0.02732
16.35000 0.02737
16.45000 0.02742
16.55000 0.02747
16.65000 0.02753
16.75000 0.02757
16.85000 0.02762
16.95000 0.02767
17.05000 0.02772
17.15000 0.02776
17.25000 0.02781
17.35000 0.02785
17.45000 0.02790
17.55000 0.02795
17.65000 0.02800
17.75000 0.02804
17.85000 0.02808
17.95000 0.02812
18.05000 0.02816
18.15000 0.02819
18.25000 0.02823
18.35000 0.02826
18.45000 0.02830
18.55000 0.02833
18.65000 0.02836
18.75000 0.02839
18.85000 0.02842
18.95000 0.02846
19.05000 0.02849
19.15000 0.02853
19.25000 0.02856
19.35000 0.02860
19.45000 0.02863
19.55000 0.02867
19.65000 0.02870
19.75000 0.02873
19.85000 0.02876
19.95000 0.02879
20.05000 0.02882
20.15000 0.02885
20.25000 0.02888
20.35000 0.02890
20.45000 0.02893
20.55000 0.02895
20.65000 0.02898
20.75000 0.02900
20.85000 0.02903
20.95000 0.02905
21.05000 0.02907
21.15000 0.02910
21.25000 0.02912
21.35000 0.02914
21.45000 0.02916
21.55000 0.02919
21.65000 0.02921
21.75000 0.02923
21.85000 0.02925
21.95000 0.02928
22.05000 0.02931
22.15000 0.02933
22.25000 0.02935
22.35000 0.02938
22.45000 0.02941
22.55000 0.02943
22.65000 0.02946
22.75000 0.02948
22.85000 0.02951
22.95000 0.02953
23.05000 0.02955
23.15000 0.02958
23.25000 0.02960
23.35000 0.02961
23.45000 0.02963
23.55000 0.02966
23.65000 0.02967
23.75000 0.02969
23.85000 0.02971
23.95000 0.02973
24.05000 0.02975
24.15000 0.02977
24.25000 0.02978
24.35000 0.02980
24.45000 0.02982
24.55000 0.02984
24.65000 0.02986
24.75000 0.02987
24.85000 0.02989
24.95000 0.02991
25.05000 0.02993
25.15000 0.02994
25.25000 0.02996
25.35000 0.02998
25.45000 0.02999
25.55000 0.03001
25.65000 0.03002
25.75000 0.03004
25.85000 0.03006
25.95000 0.03007
26.05000 0.03009
26.15000 0.03011
26.25000 0.03013
26.35000 0.03014
26.45000 0.03015
26.55000 0.03017
26.65000 0.03019
26.75000 0.03020
26.85000 0.03022
26.95000 0.03023
27.05000 0.03025
27.15000 0.03026
27.25000 0.03028
27.35000 0.03029
27.45000 0.03031
27.55000 0.03032
27.65000 0.03034
27.75000 0.03034
27.85000 0.03036
27.95000 0.03038
28.05000 0.03039
28.15000 0.03040
28.25000 0.03042
28.35000 0.03043
28.45000 0.03045
28.55000 0.03046
28.65000 0.03047
28.75000 0.03049
28.85000 0.03051
28.95000 0.03052
29.05000 0.03054
29.15000 0.03056
29.25000 0.03057
29.35000 0.03059
29.45000 0.03060
29.55000 0.03062
29.65000 0.03063
29.75000 0.03065
29.85000 0.03066
29.95000 0.03068
