 0.05000 0.00000
 0.15000 0.00000
 0.25000 0.00000
 0.35000 0.00000
 0.45000 0.00000
 0.55000 0.00000
 0.65000 0.00000
 0.75000 0.00000
 0.85000 0.00000
 0.95000 0.00000
 1.05000 0.00000
 1.15000 0.00000
 1.25000 0.00000
 1.35000 0.00000
 1.45000 0.00000
 1.55000 0.00000
 1.65000 0.00000
 1.75000 0.00000
 1.85000 0.00000
 1.95000 0.00000
 2.05000 0.00000
 2.15000 0.00000
 2.25000 0.00000
 2.35000 0.00000
 2.45000 0.00000
 2.55000 0.00000
 2.65000 0.00030
 2.75000 0.00344
 2.85000 0.00903
 2.95000 0.01119
 3.05000 0.01072
 3.15000 0.01013
 3.25000 0.01006
 3.35000 0.01031
 3.45000 0.01068
 3.55000 0.01107
 3.65000 0.01144
 3.75000 0.01173
 3.85000 0.01197
 3.95000 0.01218
 4.05000 0.01237
 4.15000 0.01255
 4.25000 0.01278
 4.35000 0.01305
 4.45000 0.01343
 4.55000 0.01409
 4.65000 0.01526
 4.75000 0.01691
 4.85000 0.01841
 4.95000 0.01895
 5.05000 0.01823
 5.15000 0.01676
 5.25000 0.01533
 5.35000 0.01435
 5.45000 0.01380
 5.55000 0.01354
 5.65000 0.01345
 5.75000 0.01348
 5.85000 0.01360
 5.95000 0.01379
 6.05000 0.01402
 6.15000 0.01428
 6.25000 0.01454
 6.35000 0.01482
 6.45000 0.01509
 6.55000 0.01538
 6.65000 0.01569
 6.75000 0.01602
 6.85000 0.01636
 6.95000 0.01670
 7.05000 0.01706
 7.15000 0.01740
 7.25000 0.01772
 7.35000 0.01803
 7.45000 0.01828
 7.55000 0.01848
 7.65000 0.01861
 7.75000 0.01868
 7.85000 0.01870
 7.95000 0.01870
 8.05000 0.01870
 8.15000 0.01873
 8.25000 0.01880
 8.35000 0.01887
 8.45000 0.01896
 8.55000 0.01907
 8.65000 0.01919
 8.75000 0.01931
 8.85000 0.01945
 8.95000 0.01959
 9.05000 0.01976
 9.15000 0.01993
 9.25000 0.02010
 9.35000 0.02028
 9.45000 0.02046
 9.55000 0.02064
 9.65000 0.02081
 9.75000 0.02098
 9.85000 0.02115
 9.95000 0.02132
10.05000 0.02149
10.15000 0.02166
10.25000 0.02183
10.35000 0.02201
10.45000 0.02219
10.55000 0.02236
10.65000 0.02253
10.75000 0.02268
10.85000 0.02283
10.95000 0.02296
11.05000 0.02308
11.15000 0.02320
11.25000 0.02330
11.35000 0.02339
11.45000 0.02349
11.55000 0.02358
11.65000 0.02366
11.75000 0.02373
11.85000 0.02381
11.95000 0.02389
12.05000 0.02396
12.15000 0.02405
12.25000 0.02414
12.35000 0.02423
12.45000 0.02433
12.55000 0.02442
12.65000 0.02452
12.75000 0.02460
12.85000 0.02469
12.95000 0.02476
13.05000 0.02485
13.15000 0.02494
13.25000 0.02505
13.35000 0.02515
13.45000 0.02525
13.55000 0.02533
13.65000 0.02542
13.75000 0.02550
13.85000 0.02558
13.95000 0.02565
14.05000 0.02573
14.15000 0.02581
14.25000 0.02587
14.35000 0.02593
14.45000 0.02599
14.55000 0.02604
14.65000 0.02610
14.75000 0.02615
14.85000 0.02619
14.95000 0.02624
15.05000 0.02629
15.15000 0.02634
15.25000 0.02639
15.35000 0.02645
15.45000 0.02650
15.55000 0.02656
15.65000 0.02662
15.75000 0.02668
15.85000 0.02674
15.95000 0.02680
16.05000 0.02686
16.15000 0.02692
16.25000 0.02697
16.35000 0.02703
16.45000 0.02710
16.55000 0.02715
16.65000 0.02721
16.75000 0.02727
16.85000 0.02733
16.95000 0.02739
17.05000 0.02745
17.15000 0.02751
17.25000 0.02756
17.35000 0.02762
17.45000 0.02766
17.55000 0.02772
17.65000 0.02775
17.75000 0.02780
17.85000 0.02784
17.95000 0.02788
18.05000 0.02793
18.15000 0.02796
18.25000 0.02800
18.35000 0.02803
18.45000 0.02807
18.55000 0.02810
18.65000 0.02814
18.75000 0.02818
18.85000 0.02822
18.95000 0.02825
19.05000 0.02830
19.15000 0.02834
19.25000 0.02838
19.35000 0.02843
19.45000 0.02847
19.55000 0.02851
19.65000 0.02854
19.75000 0.02858
19.85000 0.02862
19.95000 0.02866
20.05000 0.02870
20.15000 0.02874
20.25000 0.02877
20.35000 0.02881
20.45000 0.02885
20.55000 0.02889
20.65000 0.02893
20.75000 0.02896
20.85000 0.02900
20.95000 0.02903
21.05000 0.02906
21.15000 0.02910
21.25000 0.02913
21.35000 0.02916
21.45000 0.02919
21.55000 0.02922
21.65000 0.02925
21.75000 0.02927
21.85000 0.02930
21.95000 0.02933
22.05000 0.02936
22.15000 0.02938
22.25000 0.02940
22.35000 0.02943
22.45000 0.02946
22.55000 0.02948
22.65000 0.02950
22.75000 0.02953
22.85000 0.02955
22.95000 0.02957
23.05000 0.02959
23.15000 0.02962
23.25000 0.02964
23.35000 0.02966
23.45000 0.02969
23.55000 0.02971
23.65000 0.02973
23.75000 0.02975
23.85000 0.02977
23.95000 0.02979
24.05000 0.02981
24.15000 0.02983
24.25000 0.02985
24.35000 0.02987
24.45000 0.02989
24.55000 0.02991
24.65000 0.02993
24.75000 0.02995
24.85000 0.02997
24.95000 0.02999
25.05000 0.03001
25.15000 0.03003
25.25000 0.03005
25.35000 0.03007
25.45000 0.03009
25.55000 0.03011
25.65000 0.03013
25.75000 0.03015
25.85000 0.03017
25.95000 0.03018
26.05000 0.03020
26.15000 0.03022
26.25000 0.03023
26.35000 0.03025
26.45000 0.03027
26.55000 0.03029
26.65000 0.03030
26.75000 0.03032
26.85000 0.03034
26.95000 0.03035
27.05000 0.03037
27.15000 0.03039
27.25000 0.03040
27.35000 0.03042
27.45000 0.03044
27.55000 0.03045
27.65000 0.03047
27.75000 0.03049
27.85000 0.03050
27.95000 0.03052
28.05000 0.03054
28.15000 0.03055
28.25000 0.03056
28.35000 0.03058
28.45000 0.03059
28.55000 0.03060
28.65000 0.03062
28.75000 0.03063
28.85000 0.03065
28.95000 0.03066
29.05000 0.03067
29.15000 0.03069
29.25000 0.03070
29.35000 0.03071
29.45000 0.03072
29.55000 0.03073
29.65000 0.03075
29.75000 0.03076
29.85000 0.03077
29.95000 0.03079
