 0.05000 0.00000
 0.15000 0.00000
 0.25000 0.00000
 0.35000 0.00000
 0.45000 0.00000
 0.55000 0.00000
 0.65000 0.00000
 0.75000 0.00000
 0.85000 0.00000
 0.95000 0.00000
 1.05000 0.00000
 1.15000 0.00000
 1.25000 0.00000
 1.35000 0.00000
 1.45000 0.00000
 1.55000 0.00000
 1.65000 0.00000
 1.75000 0.00000
 1.85000 0.00000
 1.95000 0.00000
 2.05000 0.00000
 2.15000 0.00000
 2.25000 0.00000
 2.35000 0.00000
 2.45000 0.00000
 2.55000 0.00010
 2.65000 0.00157
 2.75000 0.00589
 2.85000 0.00956
 2.95000 0.00999
 3.05000 0.00886
 3.15000 0.00782
 3.25000 0.00735
 3.35000 0.00734
 3.45000 0.00760
 3.55000 0.00795
 3.65000 0.00827
 3.75000 0.00845
 3.85000 0.00853
 3.95000 0.00845
 4.05000 0.00832
 4.15000 0.00816
 4.25000 0.00805
 4.35000 0.00806
 4.45000 0.00825
 4.55000 0.00890
 4.65000 0.01024
 4.75000 0.01176
 4.85000 0.01277
 4.95000 0.01333
 5.05000 0.01349
 5.15000 0.01330
 5.25000 0.01304
 5.35000 0.01290
 5.45000 0.01291
 5.55000 0.01304
 5.65000 0.01329
 5.75000 0.01371
 5.85000 0.01426
 5.95000 0.01488
 6.05000 0.01548
 6.15000 0.01598
 6.25000 0.01639
 6.35000 0.01667
 6.45000 0.01683
 6.55000 0.01696
 6.65000 0.01712
 6.75000 0.01722
 6.85000 0.01720
 6.95000 0.01716
 7.05000 0.01714
 7.15000 0.01720
 7.25000 0.01729
 7.35000 0.01743
 7.45000 0.01761
 7.55000 0.01780
 7.65000 0.01801
 7.75000 0.01819
 7.85000 0.01840
 7.95000 0.01859
 8.05000 0.01882
 8.15000 0.01907
 8.25000 0.01934
 8.35000 0.01963
 8.45000 0.01991
 8.55000 0.02019
 8.65000 0.02046
 8.75000 0.02067
 8.85000 0.02085
 8.95000 0.02101
 9.05000 0.02115
 9.15000 0.02130
 9.25000 0.02145
 9.35000 0.02160
 9.45000 0.02174
 9.55000 0.02187
 9.65000 0.02199
 9.75000 0.02210
 9.85000 0.02218
 9.95000 0.02227
10.05000 0.02236
10.15000 0.02244
10.25000 0.02253
10.35000 0.02262
10.45000 0.02271
10.55000 0.02278
10.65000 0.02285
10.75000 0.02293
10.85000 0.02301
10.95000 0.02309
11.05000 0.02320
11.15000 0.02330
11.25000 0.02341
11.35000 0.02352
11.45000 0.02362
11.55000 0.02370
11.65000 0.02379
11.75000 0.02386
11.85000 0.02395
11.95000 0.02404
12.05000 0.02414
12.15000 0.02424
12.25000 0.02434
12.35000 0.02442
12.45000 0.02450
12.55000 0.02458
12.65000 0.02466
12.75000 0.02472
12.85000 0.02478
12.95000 0.02485
13.05000 0.02490
13.15000 0.02494
13.25000 0.02499
13.35000 0.02503
13.45000 0.02507
13.55000 0.02512
13.65000 0.02517
13.75000 0.02522
13.85000 0.02528
13.95000 0.02534
14.05000 0.02540
14.15000 0.02546
14.25000 0.02553
14.35000 0.02561
14.45000 0.02568
14.55000 0.02577
14.65000 0.02584
14.75000 0.02593
14.85000 0.02602
14.95000 0.02610
15.05000 0.02618
15.15000 0.02627
15.25000 0.02634
15.35000 0.02642
15.45000 0.02648
15.55000 0.02655
15.65000 0.02661
15.75000 0.02667
15.85000 0.02674
15.95000 0.02679
16.05000 0.02684
16.15000 0.02690
16.25000 0.02694
16.35000 0.02699
16.45000 0.02704
16.55000 0.02709
16.65000 0.02713
16.75000 0.02718
16.85000 0.02722
16.95000 0.02727
17.05000 0.02731
17.15000 0.02736
17.25000 0.02741
17.35000 0.02745
17.45000 0.02750
17.55000 0.02755
17.65000 0.02760
17.75000 0.02766
17.85000 0.02771
17.95000 0.02776
18.05000 0.02781
18.15000 0.02786
18.25000 0.02791
18.35000 0.02795
18.45000 0.02800
18.55000 0.02804
18.65000 0.02808
18.75000 0.02812
18.85000 0.02816
18.95000 0.02820
19.05000 0.02824
19.15000 0.02828
19.25000 0.02831
19.35000 0.02836
19.45000 0.02839
19.55000 0.02843
19.65000 0.02848
19.75000 0.02851
19.85000 0.02856
19.95000 0.02859
20.05000 0.02863
20.15000 0.02867
20.25000 0.02871
20.35000 0.02875
20.45000 0.02879
20.55000 0.02883
20.65000 0.02886
20.75000 0.02890
20.85000 0.02893
20.95000 0.02896
21.05000 0.02899
21.15000 0.02903
21.25000 0.02905
21.35000 0.02908
21.45000 0.02911
21.55000 0.02914
21.65000 0.02917
21.75000 0.02920
21.85000 0.02923
21.95000 0.02925
22.05000 0.02928
22.15000 0.02931
22.25000 0.02934
22.35000 0.02937
22.45000 0.02940
22.55000 0.02942
22.65000 0.02945
22.75000 0.02948
22.85000 0.02951
22.95000 0.02953
23.05000 0.02955
23.15000 0.02958
23.25000 0.02960
23.35000 0.02963
23.45000 0.02965
23.55000 0.02967
23.65000 0.02970
23.75000 0.02972
23.85000 0.02974
23.95000 0.02976
24.05000 0.02979
24.15000 0.02981
24.25000 0.02983
24.35000 0.02986
24.45000 0.02988
24.55000 0.02990
24.65000 0.02993
24.75000 0.02995
24.85000 0.02997
24.95000 0.03000
25.05000 0.03002
25.15000 0.03005
25.25000 0.03007
25.35000 0.03009
25.45000 0.03011
25.55000 0.03013
25.65000 0.03015
25.75000 0.03017
25.85000 0.03018
25.95000 0.03020
26.05000 0.03022
26.15000 0.03024
26.25000 0.03026
26.35000 0.03027
26.45000 0.03029
26.55000 0.03031
26.65000 0.03032
26.75000 0.03034
26.85000 0.03036
26.95000 0.03038
27.05000 0.03040
27.15000 0.03041
27.25000 0.03043
27.35000 0.03045
27.45000 0.03046
27.55000 0.03048
27.65000 0.03049
27.75000 0.03051
27.85000 0.03052
27.95000 0.03054
28.05000 0.03056
28.15000 0.03057
28.25000 0.03058
28.35000 0.03060
28.45000 0.03061
28.55000 0.03063
28.65000 0.03064
28.75000 0.03065
28.85000 0.03067
28.95000 0.03068
29.05000 0.03069
29.15000 0.03070
29.25000 0.03072
29.35000 0.03073
29.45000 0.03074
29.55000 0.03075
29.65000 0.03076
29.75000 0.03077
29.85000 0.03078
29.95000 0.03080
