 0.05000 0.00000
 0.15000 0.00000
 0.25000 0.00000
 0.35000 0.00000
 0.45000 0.00000
 0.55000 0.00000
 0.65000 0.00000
 0.75000 0.00000
 0.85000 0.00000
 0.95000 0.00000
 1.05000 0.00000
 1.15000 0.00000
 1.25000 0.00000
 1.35000 0.00000
 1.45000 0.00000
 1.55000 0.00000
 1.65000 0.00000
 1.75000 0.00000
 1.85000 0.00000
 1.95000 0.00000
 2.05000 0.00000
 2.15000 0.00000
 2.25000 0.00000
 2.35000 0.00000
 2.45000 0.00035
 2.55000 0.00492
 2.65000 0.01524
 2.75000 0.02022
 2.85000 0.01814
 2.95000 0.01493
 3.05000 0.01320
 3.15000 0.01276
 3.25000 0.01295
 3.35000 0.01329
 3.45000 0.01355
 3.55000 0.01362
 3.65000 0.01348
 3.75000 0.01312
 3.85000 0.01261
 3.95000 0.01200
 4.05000 0.01140
 4.15000 0.01085
 4.25000 0.01044
 4.35000 0.01015
 4.45000 0.00999
 4.55000 0.00997
 4.65000 0.01005
 4.75000 0.01024
 4.85000 0.01056
 4.95000 0.01096
 5.05000 0.01146
 5.15000 0.01199
 5.25000 0.01252
 5.35000 0.01296
 5.45000 0.01331
 5.55000 0.01362
 5.65000 0.01394
 5.75000 0.01431
 5.85000 0.01472
 5.95000 0.01515
 6.05000 0.01560
 6.15000 0.01600
 6.25000 0.01641
 6.35000 0.01680
 6.45000 0.01717
 6.55000 0.01755
 6.65000 0.01797
 6.75000 0.01844
 6.85000 0.01889
 6.95000 0.01925
 7.05000 0.01940
 7.15000 0.01931
 7.25000 0.01905
 7.35000 0.01883
 7.45000 0.01870
 7.55000 0.01866
 7.65000 0.01867
 7.75000 0.01868
 7.85000 0.01875
 7.95000 0.01883
 8.05000 0.01894
 8.15000 0.01907
 8.25000 0.01923
 8.35000 0.01940
 8.45000 0.01959
 8.55000 0.01977
 8.65000 0.01998
 8.75000 0.02019
 8.85000 0.02042
 8.95000 0.02068
 9.05000 0.02095
 9.15000 0.02123
 9.25000 0.02151
 9.35000 0.02177
 9.45000 0.02202
 9.55000 0.02224
 9.65000 0.02241
 9.75000 0.02256
 9.85000 0.02268
 9.95000 0.02278
10.05000 0.02285
10.15000 0.02292
10.25000 0.02297
10.35000 0.02303
10.45000 0.02307
10.55000 0.02313
10.65000 0.02318
10.75000 0.02324
10.85000 0.02331
10.95000 0.02336
11.05000 0.02343
11.15000 0.02348
11.25000 0.02353
11.35000 0.02360
11.45000 0.02365
11.55000 0.02372
11.65000 0.02381
11.75000 0.02391
11.85000 0.02402
11.95000 0.02413
12.05000 0.02425
12.15000 0.02438
12.25000 0.02449
12.35000 0.02460
12.45000 0.02471
12.55000 0.02481
12.65000 0.02491
12.75000 0.02499
12.85000 0.02508
12.95000 0.02516
13.05000 0.02524
13.15000 0.02532
13.25000 0.02540
13.35000 0.02547
13.45000 0.02555
13.55000 0.02562
13.65000 0.02569
13.75000 0.02576
13.85000 0.02583
13.95000 0.02591
14.05000 0.02597
14.15000 0.02603
14.25000 0.02609
14.35000 0.02615
14.45000 0.02622
14.55000 0.02628
14.65000 0.02634
14.75000 0.02640
14.85000 0.02646
14.95000 0.02652
15.05000 0.02657
15.15000 0.02663
15.25000 0.02668
15.35000 0.02673
15.45000 0.02678
15.55000 0.02683
15.65000 0.02688
15.75000 0.02692
15.85000 0.02697
15.95000 0.02702
16.05000 0.02707
16.15000 0.02711
16.25000 0.02716
16.35000 0.02720
16.45000 0.02724
16.55000 0.02728
16.65000 0.02732
16.75000 0.02736
16.85000 0.02740
16.95000 0.02744
17.05000 0.02749
17.15000 0.02753
17.25000 0.02757
17.35000 0.02761
17.45000 0.02765
17.55000 0.02770
17.65000 0.02774
17.75000 0.02778
17.85000 0.02782
17.95000 0.02786
18.05000 0.02789
18.15000 0.02793
18.25000 0.02797
18.35000 0.02800
18.45000 0.02804
18.55000 0.02808
18.65000 0.02811
18.75000 0.02815
18.85000 0.02819
18.95000 0.02823
19.05000 0.02827
19.15000 0.02831
19.25000 0.02835
19.35000 0.02838
19.45000 0.02842
19.55000 0.02846
19.65000 0.02850
19.75000 0.02854
19.85000 0.02857
19.95000 0.02861
20.05000 0.02864
20.15000 0.02867
20.25000 0.02870
20.35000 0.02873
20.45000 0.02876
20.55000 0.02880
20.65000 0.02882
20.75000 0.02885
20.85000 0.02888
20.95000 0.02891
21.05000 0.02894
21.15000 0.02897
21.25000 0.02900
21.35000 0.02903
21.45000 0.02905
21.55000 0.02908
21.65000 0.02911
21.75000 0.02914
21.85000 0.02917
21.95000 0.02919
22.05000 0.02922
22.15000 0.02925
22.25000 0.02927
22.35000 0.02930
22.45000 0.02933
22.55000 0.02935
22.65000 0.02937
22.75000 0.02940
22.85000 0.02943
22.95000 0.02945
23.05000 0.02947
23.15000 0.02950
23.25000 0.02952
23.35000 0.02954
23.45000 0.02957
23.55000 0.02959
23.65000 0.02961
23.75000 0.02963
23.85000 0.02966
23.95000 0.02968
24.05000 0.02970
24.15000 0.02972
24.25000 0.02974
24.35000 0.02976
24.45000 0.02978
24.55000 0.02980
24.65000 0.02982
24.75000 0.02984
24.85000 0.02986
24.95000 0.02988
25.05000 0.02990
25.15000 0.02992
25.25000 0.02994
25.35000 0.02996
25.45000 0.02998
25.55000 0.03000
25.65000 0.03002
25.75000 0.03004
25.85000 0.03006
25.95000 0.03008
26.05000 0.03010
26.15000 0.03012
26.25000 0.03014
26.35000 0.03017
26.45000 0.03018
26.55000 0.03020
26.65000 0.03022
26.75000 0.03024
26.85000 0.03026
26.95000 0.03028
27.05000 0.03030
27.15000 0.03032
27.25000 0.03034
27.35000 0.03036
27.45000 0.03038
27.55000 0.03040
27.65000 0.03043
27.75000 0.03044
27.85000 0.03046
27.95000 0.03048
28.05000 0.03050
28.15000 0.03051
28.25000 0.03053
28.35000 0.03055
28.45000 0.03057
28.55000 0.03058
28.65000 0.03060
28.75000 0.03062
28.85000 0.03063
28.95000 0.03065
29.05000 0.03066
29.15000 0.03067
29.25000 0.03069
29.35000 0.03071
29.45000 0.03072
29.55000 0.03074
29.65000 0.03075
29.75000 0.03076
29.85000 0.03078
29.95000 0.03079
