 0.05000 0.00000
 0.15000 0.00000
 0.25000 0.00000
 0.35000 0.00000
 0.45000 0.00000
 0.55000 0.00000
 0.65000 0.00000
 0.75000 0.00000
 0.85000 0.00000
 0.95000 0.00000
 1.05000 0.00000
 1.15000 0.00000
 1.25000 0.00000
 1.35000 0.00000
 1.45000 0.00000
 1.55000 0.00000
 1.65000 0.00000
 1.75000 0.00000
 1.85000 0.00000
 1.95000 0.00000
 2.05000 0.00000
 2.15000 0.00000
 2.25000 0.00000
 2.35000 0.00000
 2.45000 0.00000
 2.55000 0.00000
 2.65000 0.00027
 2.75000 0.00329
 2.85000 0.00918
 2.95000 0.01170
 3.05000 0.01105
 3.15000 0.01009
 3.25000 0.00973
 3.35000 0.00986
 3.45000 0.01023
 3.55000 0.01077
 3.65000 0.01141
 3.75000 0.01206
 3.85000 0.01271
 3.95000 0.01329
 4.05000 0.01380
 4.15000 0.01417
 4.25000 0.01446
 4.35000 0.01467
 4.45000 0.01493
 4.55000 0.01533
 4.65000 0.01604
 4.75000 0.01694
 4.85000 0.01736
 4.95000 0.01669
 5.05000 0.01554
 5.15000 0.01472
 5.25000 0.01443
 5.35000 0.01457
 5.45000 0.01499
 5.55000 0.01558
 5.65000 0.01619
 5.75000 0.01668
 5.85000 0.01697
 5.95000 0.01708
 6.05000 0.01711
 6.15000 0.01709
 6.25000 0.01707
 6.35000 0.01708
 6.45000 0.01714
 6.55000 0.01722
 6.65000 0.01732
 6.75000 0.01743
 6.85000 0.01755
 6.95000 0.01766
 7.05000 0.01777
 7.15000 0.01789
 7.25000 0.01801
 7.35000 0.01811
 7.45000 0.01820
 7.55000 0.01830
 7.65000 0.01841
 7.75000 0.01853
 7.85000 0.01869
 7.95000 0.01888
 8.05000 0.01909
 8.15000 0.01931
 8.25000 0.01955
 8.35000 0.01979
 8.45000 0.02003
 8.55000 0.02027
 8.65000 0.02051
 8.75000 0.02074
 8.85000 0.02098
 8.95000 0.02120
 9.05000 0.02142
 9.15000 0.02161
 9.25000 0.02176
 9.35000 0.02188
 9.45000 0.02199
 9.55000 0.02208
 9.65000 0.02221
 9.75000 0.02232
 9.85000 0.02243
 9.95000 0.02253
10.05000 0.02263
10.15000 0.02272
10.25000 0.02282
10.35000 0.02292
10.45000 0.02301
10.55000 0.02312
10.65000 0.02323
10.75000 0.02334
10.85000 0.02345
10.95000 0.02355
11.05000 0.02366
11.15000 0.02376
11.25000 0.02385
11.35000 0.02392
11.45000 0.02399
11.55000 0.02403
11.65000 0.02407
11.75000 0.02412
11.85000 0.02418
11.95000 0.02426
12.05000 0.02435
12.15000 0.02445
12.25000 0.02456
12.35000 0.02466
12.45000 0.02477
12.55000 0.02487
12.65000 0.02497
12.75000 0.02506
12.85000 0.02514
12.95000 0.02522
13.05000 0.02530
13.15000 0.02536
13.25000 0.02542
13.35000 0.02548
13.45000 0.02555
13.55000 0.02561
13.65000 0.02567
13.75000 0.02574
13.85000 0.02579
13.95000 0.02587
14.05000 0.02593
14.15000 0.02601
14.25000 0.02608
14.35000 0.02615
14.45000 0.02622
14.55000 0.02629
14.65000 0.02637
14.75000 0.02643
14.85000 0.02650
14.95000 0.02657
15.05000 0.02664
15.15000 0.02670
15.25000 0.02675
15.35000 0.02681
15.45000 0.02686
15.55000 0.02691
15.65000 0.02695
15.75000 0.02700
15.85000 0.02705
15.95000 0.02710
16.05000 0.02715
16.15000 0.02719
16.25000 0.02724
16.35000 0.02728
16.45000 0.02733
16.55000 0.02737
16.65000 0.02741
16.75000 0.02746
16.85000 0.02751
16.95000 0.02755
17.05000 0.02760
17.15000 0.02765
17.25000 0.02770
17.35000 0.02775
17.45000 0.02780
17.55000 0.02785
17.65000 0.02789
17.75000 0.02794
17.85000 0.02798
17.95000 0.02803
18.05000 0.02807
18.15000 0.02811
18.25000 0.02815
18.35000 0.02819
18.45000 0.02822
18.55000 0.02825
18.65000 0.02829
18.75000 0.02832
18.85000 0.02835
18.95000 0.02837
19.05000 0.02841
19.15000 0.02843
19.25000 0.02846
19.35000 0.02849
19.45000 0.02852
19.55000 0.02855
19.65000 0.02858
19.75000 0.02861
19.85000 0.02864
19.95000 0.02867
20.05000 0.02871
20.15000 0.02874
20.25000 0.02878
20.35000 0.02881
20.45000 0.02884
20.55000 0.02888
20.65000 0.02891
20.75000 0.02894
20.85000 0.02898
20.95000 0.02901
21.05000 0.02904
21.15000 0.02907
21.25000 0.02910
21.35000 0.02912
21.45000 0.02914
21.55000 0.02917
21.65000 0.02919
21.75000 0.02922
21.85000 0.02924
21.95000 0.02926
22.05000 0.02928
22.15000 0.02930
22.25000 0.02932
22.35000 0.02934
22.45000 0.02937
22.55000 0.02939
22.65000 0.02941
22.75000 0.02944
22.85000 0.02946
22.95000 0.02949
23.05000 0.02951
23.15000 0.02953
23.25000 0.02955
23.35000 0.02958
23.45000 0.02960
23.55000 0.02962
23.65000 0.02964
23.75000 0.02966
23.85000 0.02968
23.95000 0.02970
24.05000 0.02972
24.15000 0.02974
24.25000 0.02976
24.35000 0.02977
24.45000 0.02979
24.55000 0.02981
24.65000 0.02983
24.75000 0.02985
24.85000 0.02987
24.95000 0.02989
25.05000 0.02990
25.15000 0.02992
25.25000 0.02994
25.35000 0.02996
25.45000 0.02998
25.55000 0.02999
25.65000 0.03001
25.75000 0.03003
25.85000 0.03005
25.95000 0.03007
26.05000 0.03008
26.15000 0.03010
26.25000 0.03012
26.35000 0.03014
26.45000 0.03015
26.55000 0.03017
26.65000 0.03019
26.75000 0.03021
26.85000 0.03023
26.95000 0.03025
27.05000 0.03026
27.15000 0.03028
27.25000 0.03030
27.35000 0.03031
27.45000 0.03033
27.55000 0.03035
27.65000 0.03037
27.75000 0.03039
27.85000 0.03040
27.95000 0.03042
28.05000 0.03043
28.15000 0.03045
28.25000 0.03047
28.35000 0.03049
28.45000 0.03050
28.55000 0.03052
28.65000 0.03054
28.75000 0.03055
28.85000 0.03057
28.95000 0.03058
29.05000 0.03060
29.15000 0.03062
29.25000 0.03063
29.35000 0.03065
29.45000 0.03067
29.55000 0.03068
29.65000 0.03069
29.75000 0.03071
29.85000 0.03073
29.95000 0.03074
