 0.05000 0.00000
 0.15000 0.00000
 0.25000 0.00000
 0.35000 0.00000
 0.45000 0.00000
 0.55000 0.00000
 0.65000 0.00000
 0.75000 0.00000
 0.85000 0.00000
 0.95000 0.00000
 1.05000 0.00000
 1.15000 0.00000
 1.25000 0.00000
 1.35000 0.00000
 1.45000 0.00000
 1.55000 0.00000
 1.65000 0.00000
 1.75000 0.00000
 1.85000 0.00000
 1.95000 0.00000
 2.05000 0.00000
 2.15000 0.00000
 2.25000 0.00000
 2.35000 0.00000
 2.45000 0.00054
 2.55000 0.00750
 2.65000 0.02307
 2.75000 0.03039
 2.85000 0.02685
 2.95000 0.02138
 3.05000 0.01796
 3.15000 0.01637
 3.25000 0.01577
 3.35000 0.01549
 3.45000 0.01531
 3.55000 0.01517
 3.65000 0.01498
 3.75000 0.01477
 3.85000 0.01460
 3.95000 0.01440
 4.05000 0.01422
 4.15000 0.01400
 4.25000 0.01375
 4.35000 0.01354
 4.45000 0.01341
 4.55000 0.01335
 4.65000 0.01341
 4.75000 0.01358
 4.85000 0.01386
 4.95000 0.01425
 5.05000 0.01470
 5.15000 0.01515
 5.25000 0.01554
 5.35000 0.01580
 5.45000 0.01586
 5.55000 0.01586
 5.65000 0.01586
 5.75000 0.01593
 5.85000 0.01605
 5.95000 0.01623
 6.05000 0.01644
 6.15000 0.01667
 6.25000 0.01687
 6.35000 0.01708
 6.45000 0.01728
 6.55000 0.01750
 6.65000 0.01779
 6.75000 0.01816
 6.85000 0.01846
 6.95000 0.01871
 7.05000 0.01896
 7.15000 0.01923
 7.25000 0.01929
 7.35000 0.01908
 7.45000 0.01874
 7.55000 0.01847
 7.65000 0.01828
 7.75000 0.01817
 7.85000 0.01810
 7.95000 0.01809
 8.05000 0.01811
 8.15000 0.01817
 8.25000 0.01826
 8.35000 0.01839
 8.45000 0.01855
 8.55000 0.01871
 8.65000 0.01888
 8.75000 0.01907
 8.85000 0.01927
 8.95000 0.01945
 9.05000 0.01965
 9.15000 0.01985
 9.25000 0.02004
 9.35000 0.02025
 9.45000 0.02045
 9.55000 0.02064
 9.65000 0.02081
 9.75000 0.02099
 9.85000 0.02115
 9.95000 0.02130
10.05000 0.02146
10.15000 0.02160
10.25000 0.02176
10.35000 0.02191
10.45000 0.02207
10.55000 0.02224
10.65000 0.02241
10.75000 0.02258
10.85000 0.02277
10.95000 0.02296
11.05000 0.02314
11.15000 0.02330
11.25000 0.02345
11.35000 0.02357
11.45000 0.02366
11.55000 0.02374
11.65000 0.02381
11.75000 0.02388
11.85000 0.02394
11.95000 0.02401
12.05000 0.02409
12.15000 0.02417
12.25000 0.02425
12.35000 0.02434
12.45000 0.02444
12.55000 0.02453
12.65000 0.02464
12.75000 0.02473
12.85000 0.02484
12.95000 0.02495
13.05000 0.02506
13.15000 0.02516
13.25000 0.02526
13.35000 0.02537
13.45000 0.02545
13.55000 0.02553
13.65000 0.02561
13.75000 0.02567
13.85000 0.02573
13.95000 0.02577
14.05000 0.02582
14.15000 0.02586
14.25000 0.02592
14.35000 0.02598
14.45000 0.02605
14.55000 0.02613
14.65000 0.02621
14.75000 0.02628
14.85000 0.02635
14.95000 0.02643
15.05000 0.02648
15.15000 0.02655
15.25000 0.02660
15.35000 0.02667
15.45000 0.02672
15.55000 0.02677
15.65000 0.02683
15.75000 0.02688
15.85000 0.02693
15.95000 0.02697
16.05000 0.02702
16.15000 0.02706
16.25000 0.02711
16.35000 0.02715
16.45000 0.02720
16.55000 0.02724
16.65000 0.02729
16.75000 0.02734
16.85000 0.02739
16.95000 0.02743
17.05000 0.02749
17.15000 0.02754
17.25000 0.02759
17.35000 0.02764
17.45000 0.02769
17.55000 0.02775
17.65000 0.02779
17.75000 0.02783
17.85000 0.02788
17.95000 0.02792
18.05000 0.02797
18.15000 0.02801
18.25000 0.02805
18.35000 0.02810
18.45000 0.02814
18.55000 0.02818
18.65000 0.02822
18.75000 0.02827
18.85000 0.02830
18.95000 0.02834
19.05000 0.02838
19.15000 0.02841
19.25000 0.02845
19.35000 0.02848
19.45000 0.02852
19.55000 0.02855
19.65000 0.02858
19.75000 0.02862
19.85000 0.02866
19.95000 0.02869
20.05000 0.02872
20.15000 0.02876
20.25000 0.02879
20.35000 0.02883
20.45000 0.02886
20.55000 0.02890
20.65000 0.02893
20.75000 0.02897
20.85000 0.02900
20.95000 0.02903
21.05000 0.02907
21.15000 0.02909
21.25000 0.02913
21.35000 0.02915
21.45000 0.02919
21.55000 0.02922
21.65000 0.02924
21.75000 0.02927
21.85000 0.02929
21.95000 0.02932
22.05000 0.02935
22.15000 0.02937
22.25000 0.02939
22.35000 0.02941
22.45000 0.02943
22.55000 0.02946
22.65000 0.02948
22.75000 0.02950
22.85000 0.02952
22.95000 0.02954
23.05000 0.02957
23.15000 0.02959
23.25000 0.02961
23.35000 0.02964
23.45000 0.02966
23.55000 0.02968
23.65000 0.02970
23.75000 0.02973
23.85000 0.02974
23.95000 0.02977
24.05000 0.02979
24.15000 0.02981
24.25000 0.02983
24.35000 0.02985
24.45000 0.02987
24.55000 0.02989
24.65000 0.02991
24.75000 0.02993
24.85000 0.02994
24.95000 0.02996
25.05000 0.02998
25.15000 0.03000
25.25000 0.03001
25.35000 0.03003
25.45000 0.03005
25.55000 0.03007
25.65000 0.03008
25.75000 0.03010
25.85000 0.03011
25.95000 0.03013
26.05000 0.03015
26.15000 0.03017
26.25000 0.03018
26.35000 0.03020
26.45000 0.03022
26.55000 0.03024
26.65000 0.03025
26.75000 0.03027
26.85000 0.03029
26.95000 0.03030
27.05000 0.03032
27.15000 0.03034
27.25000 0.03035
27.35000 0.03037
27.45000 0.03039
27.55000 0.03041
27.65000 0.03042
27.75000 0.03044
27.85000 0.03045
27.95000 0.03047
28.05000 0.03049
28.15000 0.03050
28.25000 0.03052
28.35000 0.03053
28.45000 0.03055
28.55000 0.03057
28.65000 0.03058
28.75000 0.03059
28.85000 0.03061
28.95000 0.03062
29.05000 0.03064
29.15000 0.03065
29.25000 0.03066
29.35000 0.03068
29.45000 0.03069
29.55000 0.03071
29.65000 0.03072
29.75000 0.03073
29.85000 0.03075
29.95000 0.03076
