#Distance_(Ang) :C3,C@O2_=>_:WAT@O
       0.050000           0.000000
       0.150000           0.000000
       0.250000           0.000000
       0.350000           0.000000
       0.450000           0.000000
       0.550000           0.000000
       0.650000           0.000000
       0.750000           0.000000
       0.850000           0.000000
       0.950000           0.000000
       1.050000           0.000000
       1.150000           0.000000
       1.250000           0.000000
       1.350000           0.000000
       1.450000           0.000000
       1.550000           0.000000
       1.650000           0.000000
       1.750000           0.000000
       1.850000           0.000000
       1.950000           0.000000
       2.050000           0.000000
       2.150000           0.000000
       2.250000           0.000000
       2.350000           0.000005
       2.450000           0.000798
       2.550000           0.009693
       2.650000           0.027161
       2.750000           0.034107
       2.850000           0.030431
       2.950000           0.025630
       3.050000           0.022828
       3.150000           0.021325
       3.250000           0.020236
       3.350000           0.019236
       3.450000           0.018310
       3.550000           0.017443
       3.650000           0.016669
       3.750000           0.016040
       3.850000           0.015484
       3.950000           0.015063
       4.050000           0.014726
       4.150000           0.014484
       4.250000           0.014367
       4.350000           0.014386
       4.450000           0.014637
       4.550000           0.015101
       4.650000           0.015510
       4.750000           0.015651
       4.850000           0.015616
       4.950000           0.015623
       5.050000           0.015715
       5.150000           0.015933
       5.250000           0.016172
       5.350000           0.016402
       5.450000           0.016625
       5.550000           0.016830
       5.650000           0.017015
       5.750000           0.017204
       5.850000           0.017415
       5.950000           0.017637
       6.050000           0.017867
       6.150000           0.018109
       6.250000           0.018365
       6.350000           0.018626
       6.450000           0.018899
       6.550000           0.019191
       6.650000           0.019537
       6.750000           0.019938
       6.850000           0.020415
       6.950000           0.020929
       7.050000           0.021261
       7.150000           0.021300
       7.250000           0.021068
       7.350000           0.020752
       7.450000           0.020473
       7.550000           0.020253
       7.650000           0.020090
       7.750000           0.019980
       7.850000           0.019904
       7.950000           0.019884
       8.050000           0.019895
       8.150000           0.019958
       8.250000           0.020068
       8.350000           0.020188
       8.450000           0.020330
       8.550000           0.020511
       8.650000           0.020684
       8.750000           0.020872
       8.850000           0.021054
       8.950000           0.021250
       9.050000           0.021458
       9.150000           0.021659
       9.250000           0.021872
       9.350000           0.022096
       9.450000           0.022319
       9.550000           0.022528
       9.650000           0.022721
       9.750000           0.022896
       9.850000           0.023052
       9.950000           0.023189
      10.050000           0.023285
      10.150000           0.023360
      10.250000           0.023413
      10.350000           0.023456
      10.450000           0.023511
      10.550000           0.023554
      10.650000           0.023612
      10.750000           0.023679
      10.850000           0.023734
      10.950000           0.023806
      11.050000           0.023853
      11.150000           0.023903
      11.250000           0.023956
      11.350000           0.023974
      11.450000           0.023991
      11.550000           0.024028
      11.650000           0.024071
      11.750000           0.024150
      11.850000           0.024232
      11.950000           0.024316
      12.050000           0.024415
      12.150000           0.024496
      12.250000           0.024579
      12.350000           0.024661
      12.450000           0.024734
      12.550000           0.024818
      12.650000           0.024897
      12.750000           0.024984
      12.850000           0.025068
      12.950000           0.025167
      13.050000           0.025268
      13.150000           0.025364
      13.250000           0.025454
      13.350000           0.025556
      13.450000           0.025629
      13.550000           0.025714
      13.650000           0.025792
      13.750000           0.025854
      13.850000           0.025933
      13.950000           0.025985
      14.050000           0.026049
      14.150000           0.026117
      14.250000           0.026180
      14.350000           0.026249
      14.450000           0.026312
      14.550000           0.026376
      14.650000           0.026433
      14.750000           0.026498
      14.850000           0.026562
      14.950000           0.026621
      15.050000           0.026687
      15.150000           0.026749
      15.250000           0.026820
      15.350000           0.026887
      15.450000           0.026959
      15.550000           0.027024
      15.650000           0.027090
      15.750000           0.027155
      15.850000           0.027225
      15.950000           0.027285
      16.050000           0.027353
      16.150000           0.027413
      16.250000           0.027466
      16.350000           0.027521
      16.450000           0.027571
      16.550000           0.027616
      16.650000           0.027647
      16.750000           0.027680
      16.850000           0.027716
      16.950000           0.027741
      17.050000           0.027779
      17.150000           0.027818
      17.250000           0.027851
      17.350000           0.027892
      17.450000           0.027931
      17.550000           0.027975
      17.650000           0.028013
      17.750000           0.028057
      17.850000           0.028102
      17.950000           0.028137
      18.050000           0.028176
      18.150000           0.028212
      18.250000           0.028249
      18.350000           0.028282
      18.450000           0.028311
      18.550000           0.028343
      18.650000           0.028378
      18.750000           0.028405
      18.850000           0.028440
      18.950000           0.028469
      19.050000           0.028493
      19.150000           0.028520
      19.250000           0.028542
      19.350000           0.028570
      19.450000           0.028598
      19.550000           0.028627
      19.650000           0.028649
      19.750000           0.028670
      19.850000           0.028702
      19.950000           0.028727
      20.050000           0.028751
      20.150000           0.028783
      20.250000           0.028810
      20.350000           0.028831
      20.450000           0.028862
      20.550000           0.028890
      20.650000           0.028915
      20.750000           0.028948
      20.850000           0.028975
      20.950000           0.029005
      21.050000           0.029027
      21.150000           0.029065
      21.250000           0.029091
      21.350000           0.029124
      21.450000           0.029153
      21.550000           0.029183
      21.650000           0.029209
      21.750000           0.029236
      21.850000           0.029267
      21.950000           0.029292
      22.050000           0.029316
      22.150000           0.029350
      22.250000           0.029370
      22.350000           0.029393
      22.450000           0.029421
      22.550000           0.029446
      22.650000           0.029466
      22.750000           0.029499
      22.850000           0.029518
      22.950000           0.029542
      23.050000           0.029565
      23.150000           0.029589
      23.250000           0.029606
      23.350000           0.029632
      23.450000           0.029650
      23.550000           0.029672
      23.650000           0.029689
      23.750000           0.029714
      23.850000           0.029736
      23.950000           0.029755
      24.050000           0.029774
      24.150000           0.029797
      24.250000           0.029815
      24.350000           0.029840
      24.450000           0.029864
      24.550000           0.029884
      24.650000           0.029909
      24.750000           0.029925
      24.850000           0.029946
      24.950000           0.029973
      25.050000           0.029992
      25.150000           0.030016
      25.250000           0.030039
      25.350000           0.030059
      25.450000           0.030082
      25.550000           0.030108
      25.650000           0.030126
      25.750000           0.030146
      25.850000           0.030167
      25.950000           0.030193
      26.050000           0.030206
      26.150000           0.030225
      26.250000           0.030242
      26.350000           0.030263
      26.450000           0.030277
      26.550000           0.030298
      26.650000           0.030315
      26.750000           0.030338
      26.850000           0.030355
      26.950000           0.030369
      27.050000           0.030389
      27.150000           0.030415
      27.250000           0.030431
      27.350000           0.030445
      27.450000           0.030467
      27.550000           0.030487
      27.650000           0.030502
      27.750000           0.030522
      27.850000           0.030540
      27.950000           0.030559
      28.050000           0.030581
      28.150000           0.030598
      28.250000           0.030616
      28.350000           0.030634
      28.450000           0.030651
      28.550000           0.030668
      28.650000           0.030688
      28.750000           0.030697
      28.850000           0.030719
      28.950000           0.030727
      29.050000           0.030743
      29.150000           0.030759
      29.250000           0.030769
      29.350000           0.030784
      29.450000           0.030795
      29.550000           0.030808
      29.650000           0.030818
      29.750000           0.030834
      29.850000           0.030843
      29.950000           0.030857
