#Distance_(Ang) :G5,G@N1_=>_:WAT@O
       0.050000           0.000000
       0.150000           0.000000
       0.250000           0.000000
       0.350000           0.000000
       0.450000           0.000000
       0.550000           0.000000
       0.650000           0.000000
       0.750000           0.000000
       0.850000           0.000000
       0.950000           0.000000
       1.050000           0.000000
       1.150000           0.000000
       1.250000           0.000000
       1.350000           0.000000
       1.450000           0.000000
       1.550000           0.000000
       1.650000           0.000000
       1.750000           0.000000
       1.850000           0.000000
       1.950000           0.000000
       2.050000           0.000000
       2.150000           0.000000
       2.250000           0.000000
       2.350000           0.000000
       2.450000           0.000000
       2.550000           0.000002
       2.650000           0.000308
       2.750000           0.003512
       2.850000           0.008928
       2.950000           0.010541
       3.050000           0.009645
       3.150000           0.008761
       3.250000           0.008446
       3.350000           0.008496
       3.450000           0.008735
       3.550000           0.009012
       3.650000           0.009328
       3.750000           0.009637
       3.850000           0.009931
       3.950000           0.010218
       4.050000           0.010511
       4.150000           0.010843
       4.250000           0.011219
       4.350000           0.011731
       4.450000           0.012433
       4.550000           0.013458
       4.650000           0.014998
       4.750000           0.016897
       4.850000           0.018366
       4.950000           0.018613
       5.050000           0.017725
       5.150000           0.016285
       5.250000           0.014933
       5.350000           0.013940
       5.450000           0.013324
       5.550000           0.012944
       5.650000           0.012743
       5.750000           0.012666
       5.850000           0.012712
       5.950000           0.012851
       6.050000           0.013076
       6.150000           0.013314
       6.250000           0.013607
       6.350000           0.013880
       6.450000           0.014129
       6.550000           0.014392
       6.650000           0.014637
       6.750000           0.014906
       6.850000           0.015165
       6.950000           0.015426
       7.050000           0.015700
       7.150000           0.015999
       7.250000           0.016313
       7.350000           0.016610
       7.450000           0.016896
       7.550000           0.017148
       7.650000           0.017380
       7.750000           0.017574
       7.850000           0.017747
       7.950000           0.017907
       8.050000           0.018067
       8.150000           0.018235
       8.250000           0.018395
       8.350000           0.018526
       8.450000           0.018653
       8.550000           0.018767
       8.650000           0.018880
       8.750000           0.018996
       8.850000           0.019140
       8.950000           0.019314
       9.050000           0.019496
       9.150000           0.019691
       9.250000           0.019876
       9.350000           0.020053
       9.450000           0.020225
       9.550000           0.020386
       9.650000           0.020560
       9.750000           0.020756
       9.850000           0.020958
       9.950000           0.021167
      10.050000           0.021369
      10.150000           0.021560
      10.250000           0.021754
      10.350000           0.021925
      10.450000           0.022095
      10.550000           0.022248
      10.650000           0.022422
      10.750000           0.022586
      10.850000           0.022742
      10.950000           0.022908
      11.050000           0.023070
      11.150000           0.023226
      11.250000           0.023368
      11.350000           0.023508
      11.450000           0.023630
      11.550000           0.023730
      11.650000           0.023824
      11.750000           0.023903
      11.850000           0.023977
      11.950000           0.024049
      12.050000           0.024127
      12.150000           0.024230
      12.250000           0.024331
      12.350000           0.024457
      12.450000           0.024582
      12.550000           0.024705
      12.650000           0.024818
      12.750000           0.024933
      12.850000           0.025014
      12.950000           0.025109
      13.050000           0.025201
      13.150000           0.025288
      13.250000           0.025378
      13.350000           0.025456
      13.450000           0.025529
      13.550000           0.025599
      13.650000           0.025667
      13.750000           0.025736
      13.850000           0.025810
      13.950000           0.025872
      14.050000           0.025934
      14.150000           0.025992
      14.250000           0.026038
      14.350000           0.026081
      14.450000           0.026113
      14.550000           0.026143
      14.650000           0.026169
      14.750000           0.026192
      14.850000           0.026220
      14.950000           0.026256
      15.050000           0.026286
      15.150000           0.026325
      15.250000           0.026384
      15.350000           0.026441
      15.450000           0.026502
      15.550000           0.026554
      15.650000           0.026632
      15.750000           0.026696
      15.850000           0.026758
      15.950000           0.026819
      16.050000           0.026875
      16.150000           0.026929
      16.250000           0.026974
      16.350000           0.027021
      16.450000           0.027062
      16.550000           0.027109
      16.650000           0.027144
      16.750000           0.027176
      16.850000           0.027212
      16.950000           0.027244
      17.050000           0.027265
      17.150000           0.027285
      17.250000           0.027306
      17.350000           0.027322
      17.450000           0.027343
      17.550000           0.027365
      17.650000           0.027387
      17.750000           0.027418
      17.850000           0.027446
      17.950000           0.027475
      18.050000           0.027512
      18.150000           0.027543
      18.250000           0.027580
      18.350000           0.027618
      18.450000           0.027653
      18.550000           0.027679
      18.650000           0.027722
      18.750000           0.027756
      18.850000           0.027782
      18.950000           0.027815
      19.050000           0.027845
      19.150000           0.027889
      19.250000           0.027917
      19.350000           0.027958
      19.450000           0.027997
      19.550000           0.028032
      19.650000           0.028072
      19.750000           0.028116
      19.850000           0.028160
      19.950000           0.028198
      20.050000           0.028233
      20.150000           0.028269
      20.250000           0.028296
      20.350000           0.028323
      20.450000           0.028361
      20.550000           0.028383
      20.650000           0.028415
      20.750000           0.028438
      20.850000           0.028466
      20.950000           0.028499
      21.050000           0.028531
      21.150000           0.028568
      21.250000           0.028601
      21.350000           0.028636
      21.450000           0.028676
      21.550000           0.028715
      21.650000           0.028748
      21.750000           0.028790
      21.850000           0.028820
      21.950000           0.028860
      22.050000           0.028890
      22.150000           0.028920
      22.250000           0.028954
      22.350000           0.028986
      22.450000           0.029012
      22.550000           0.029046
      22.650000           0.029076
      22.750000           0.029104
      22.850000           0.029133
      22.950000           0.029167
      23.050000           0.029201
      23.150000           0.029231
      23.250000           0.029261
      23.350000           0.029293
      23.450000           0.029324
      23.550000           0.029352
      23.650000           0.029374
      23.750000           0.029409
      23.850000           0.029435
      23.950000           0.029470
      24.050000           0.029501
      24.150000           0.029532
      24.250000           0.029559
      24.350000           0.029597
      24.450000           0.029633
      24.550000           0.029662
      24.650000           0.029694
      24.750000           0.029728
      24.850000           0.029760
      24.950000           0.029795
      25.050000           0.029824
      25.150000           0.029860
      25.250000           0.029892
      25.350000           0.029919
      25.450000           0.029951
      25.550000           0.029980
      25.650000           0.030009
      25.750000           0.030034
      25.850000           0.030062
      25.950000           0.030091
      26.050000           0.030113
      26.150000           0.030137
      26.250000           0.030160
      26.350000           0.030183
      26.450000           0.030213
      26.550000           0.030234
      26.650000           0.030257
      26.750000           0.030284
      26.850000           0.030304
      26.950000           0.030333
      27.050000           0.030361
      27.150000           0.030388
      27.250000           0.030416
      27.350000           0.030442
      27.450000           0.030469
      27.550000           0.030498
      27.650000           0.030523
      27.750000           0.030549
      27.850000           0.030575
      27.950000           0.030600
      28.050000           0.030625
      28.150000           0.030651
      28.250000           0.030678
      28.350000           0.030693
      28.450000           0.030721
      28.550000           0.030743
      28.650000           0.030763
      28.750000           0.030787
      28.850000           0.030803
      28.950000           0.030825
      29.050000           0.030846
      29.150000           0.030862
      29.250000           0.030885
      29.350000           0.030901
      29.450000           0.030917
      29.550000           0.030933
      29.650000           0.030956
      29.750000           0.030971
      29.850000           0.030989
      29.950000           0.031005
