#Distance_(Ang) :1-50@O6_=>_:WAT@O
       0.050000           0.000000
       0.150000           0.000000
       0.250000           0.000000
       0.350000           0.000000
       0.450000           0.000000
       0.550000           0.000000
       0.650000           0.000000
       0.750000           0.000000
       0.850000           0.000000
       0.950000           0.000000
       1.050000           0.000000
       1.150000           0.000000
       1.250000           0.000000
       1.350000           0.000000
       1.450000           0.000000
       1.550000           0.000000
       1.650000           0.000000
       1.750000           0.000000
       1.850000           0.000000
       1.950000           0.000000
       2.050000           0.000000
       2.150000           0.000000
       2.250000           0.000000
       2.350000           0.000003
       2.450000           0.000531
       2.550000           0.007275
       2.650000           0.022282
       2.750000           0.029627
       2.850000           0.027072
       2.950000           0.022700
       3.050000           0.019876
       3.150000           0.018257
       3.250000           0.017114
       3.350000           0.016182
       3.450000           0.015408
       3.550000           0.014780
       3.650000           0.014288
       3.750000           0.013911
       3.850000           0.013616
       3.950000           0.013395
       4.050000           0.013180
       4.150000           0.012965
       4.250000           0.012762
       4.350000           0.012696
       4.450000           0.012941
       4.550000           0.013495
       4.650000           0.013934
       4.750000           0.013972
       4.850000           0.013767
       4.950000           0.013557
       5.050000           0.013512
       5.150000           0.013618
       5.250000           0.013857
       5.350000           0.014139
       5.450000           0.014451
       5.550000           0.014770
       5.650000           0.015086
       5.750000           0.015416
       5.850000           0.015727
       5.950000           0.016028
       6.050000           0.016299
       6.150000           0.016545
       6.250000           0.016754
       6.350000           0.016908
       6.450000           0.017052
       6.550000           0.017176
       6.650000           0.017363
       6.750000           0.017541
       6.850000           0.017661
       6.950000           0.017711
       7.050000           0.017819
       7.150000           0.017945
       7.250000           0.017957
       7.350000           0.017793
       7.450000           0.017545
       7.550000           0.017358
       7.650000           0.017241
       7.750000           0.017219
       7.850000           0.017268
       7.950000           0.017347
       8.050000           0.017478
       8.150000           0.017650
       8.250000           0.017833
       8.350000           0.018053
       8.450000           0.018274
       8.550000           0.018508
       8.650000           0.018738
       8.750000           0.018964
       8.850000           0.019184
       8.950000           0.019396
       9.050000           0.019600
       9.150000           0.019794
       9.250000           0.019998
       9.350000           0.020166
       9.450000           0.020351
       9.550000           0.020514
       9.650000           0.020678
       9.750000           0.020830
       9.850000           0.020968
       9.950000           0.021103
      10.050000           0.021251
      10.150000           0.021394
      10.250000           0.021562
      10.350000           0.021742
      10.450000           0.021952
      10.550000           0.022170
      10.650000           0.022392
      10.750000           0.022624
      10.850000           0.022846
      10.950000           0.023066
      11.050000           0.023262
      11.150000           0.023444
      11.250000           0.023582
      11.350000           0.023702
      11.450000           0.023777
      11.550000           0.023835
      11.650000           0.023883
      11.750000           0.023915
      11.850000           0.023959
      11.950000           0.024006
      12.050000           0.024062
      12.150000           0.024129
      12.250000           0.024202
      12.350000           0.024275
      12.450000           0.024342
      12.550000           0.024433
      12.650000           0.024514
      12.750000           0.024604
      12.850000           0.024698
      12.950000           0.024805
      13.050000           0.024900
      13.150000           0.025014
      13.250000           0.025121
      13.350000           0.025233
      13.450000           0.025320
      13.550000           0.025421
      13.650000           0.025504
      13.750000           0.025569
      13.850000           0.025622
      13.950000           0.025684
      14.050000           0.025749
      14.150000           0.025822
      14.250000           0.025892
      14.350000           0.025970
      14.450000           0.026054
      14.550000           0.026124
      14.650000           0.026192
      14.750000           0.026258
      14.850000           0.026315
      14.950000           0.026380
      15.050000           0.026426
      15.150000           0.026477
      15.250000           0.026528
      15.350000           0.026566
      15.450000           0.026606
      15.550000           0.026651
      15.650000           0.026678
      15.750000           0.026708
      15.850000           0.026737
      15.950000           0.026769
      16.050000           0.026792
      16.150000           0.026824
      16.250000           0.026864
      16.350000           0.026892
      16.450000           0.026941
      16.550000           0.026969
      16.650000           0.027005
      16.750000           0.027042
      16.850000           0.027086
      16.950000           0.027113
      17.050000           0.027160
      17.150000           0.027202
      17.250000           0.027248
      17.350000           0.027286
      17.450000           0.027328
      17.550000           0.027372
      17.650000           0.027422
      17.750000           0.027463
      17.850000           0.027505
      17.950000           0.027541
      18.050000           0.027587
      18.150000           0.027626
      18.250000           0.027668
      18.350000           0.027703
      18.450000           0.027747
      18.550000           0.027777
      18.650000           0.027813
      18.750000           0.027851
      18.850000           0.027881
      18.950000           0.027918
      19.050000           0.027948
      19.150000           0.027989
      19.250000           0.028017
      19.350000           0.028048
      19.450000           0.028076
      19.550000           0.028109
      19.650000           0.028139
      19.750000           0.028171
      19.850000           0.028200
      19.950000           0.028227
      20.050000           0.028260
      20.150000           0.028292
      20.250000           0.028315
      20.350000           0.028341
      20.450000           0.028372
      20.550000           0.028396
      20.650000           0.028422
      20.750000           0.028445
      20.850000           0.028471
      20.950000           0.028508
      21.050000           0.028537
      21.150000           0.028567
      21.250000           0.028602
      21.350000           0.028632
      21.450000           0.028669
      21.550000           0.028702
      21.650000           0.028741
      21.750000           0.028779
      21.850000           0.028811
      21.950000           0.028848
      22.050000           0.028886
      22.150000           0.028919
      22.250000           0.028953
      22.350000           0.028987
      22.450000           0.029011
      22.550000           0.029049
      22.650000           0.029082
      22.750000           0.029111
      22.850000           0.029138
      22.950000           0.029168
      23.050000           0.029198
      23.150000           0.029232
      23.250000           0.029256
      23.350000           0.029285
      23.450000           0.029313
      23.550000           0.029338
      23.650000           0.029366
      23.750000           0.029402
      23.850000           0.029429
      23.950000           0.029455
      24.050000           0.029488
      24.150000           0.029521
      24.250000           0.029552
      24.350000           0.029586
      24.450000           0.029626
      24.550000           0.029652
      24.650000           0.029688
      24.750000           0.029721
      24.850000           0.029758
      24.950000           0.029789
      25.050000           0.029820
      25.150000           0.029853
      25.250000           0.029887
      25.350000           0.029919
      25.450000           0.029949
      25.550000           0.029978
      25.650000           0.030007
      25.750000           0.030033
      25.850000           0.030060
      25.950000           0.030085
      26.050000           0.030112
      26.150000           0.030137
      26.250000           0.030164
      26.350000           0.030184
      26.450000           0.030209
      26.550000           0.030232
      26.650000           0.030256
      26.750000           0.030281
      26.850000           0.030307
      26.950000           0.030331
      27.050000           0.030359
      27.150000           0.030382
      27.250000           0.030407
      27.350000           0.030430
      27.450000           0.030454
      27.550000           0.030480
      27.650000           0.030501
      27.750000           0.030525
      27.850000           0.030540
      27.950000           0.030565
      28.050000           0.030587
      28.150000           0.030607
      28.250000           0.030629
      28.350000           0.030645
      28.450000           0.030669
      28.550000           0.030687
      28.650000           0.030711
      28.750000           0.030729
      28.850000           0.030747
      28.950000           0.030767
      29.050000           0.030784
      29.150000           0.030803
      29.250000           0.030829
      29.350000           0.030845
      29.450000           0.030863
      29.550000           0.030886
      29.650000           0.030903
      29.750000           0.030924
      29.850000           0.030941
      29.950000           0.030958
