#Distance_(Ang) :G5,G@N2_=>_:WAT@O
       0.050000           0.000000
       0.150000           0.000000
       0.250000           0.000000
       0.350000           0.000000
       0.450000           0.000000
       0.550000           0.000000
       0.650000           0.000000
       0.750000           0.000000
       0.850000           0.000000
       0.950000           0.000000
       1.050000           0.000000
       1.150000           0.000000
       1.250000           0.000000
       1.350000           0.000000
       1.450000           0.000000
       1.550000           0.000000
       1.650000           0.000000
       1.750000           0.000000
       1.850000           0.000000
       1.950000           0.000000
       2.050000           0.000000
       2.150000           0.000000
       2.250000           0.000000
       2.350000           0.000000
       2.450000           0.000000
       2.550000           0.000009
       2.650000           0.000766
       2.750000           0.007616
       2.850000           0.019223
       2.950000           0.023762
       3.050000           0.022491
       3.150000           0.020443
       3.250000           0.019110
       3.350000           0.018317
       3.450000           0.017823
       3.550000           0.017296
       3.650000           0.016508
       3.750000           0.015470
       3.850000           0.014228
       3.950000           0.012990
       4.050000           0.011885
       4.150000           0.010970
       4.250000           0.010269
       4.350000           0.009748
       4.450000           0.009411
       4.550000           0.009215
       4.650000           0.009134
       4.750000           0.009139
       4.850000           0.009232
       4.950000           0.009409
       5.050000           0.009613
       5.150000           0.009892
       5.250000           0.010217
       5.350000           0.010595
       5.450000           0.011032
       5.550000           0.011462
       5.650000           0.011878
       5.750000           0.012280
       5.850000           0.012651
       5.950000           0.012982
       6.050000           0.013311
       6.150000           0.013607
       6.250000           0.013872
       6.350000           0.014141
       6.450000           0.014388
       6.550000           0.014664
       6.650000           0.014992
       6.750000           0.015396
       6.850000           0.015929
       6.950000           0.016527
       7.050000           0.016992
       7.150000           0.017114
       7.250000           0.016941
       7.350000           0.016747
       7.450000           0.016629
       7.550000           0.016636
       7.650000           0.016727
       7.750000           0.016881
       7.850000           0.017075
       7.950000           0.017275
       8.050000           0.017486
       8.150000           0.017720
       8.250000           0.017937
       8.350000           0.018187
       8.450000           0.018484
       8.550000           0.018755
       8.650000           0.019038
       8.750000           0.019306
       8.850000           0.019573
       8.950000           0.019802
       9.050000           0.019975
       9.150000           0.020101
       9.250000           0.020226
       9.350000           0.020348
       9.450000           0.020481
       9.550000           0.020649
       9.650000           0.020829
       9.750000           0.021001
       9.850000           0.021185
       9.950000           0.021357
      10.050000           0.021529
      10.150000           0.021679
      10.250000           0.021845
      10.350000           0.021995
      10.450000           0.022157
      10.550000           0.022306
      10.650000           0.022452
      10.750000           0.022611
      10.850000           0.022753
      10.950000           0.022911
      11.050000           0.023059
      11.150000           0.023220
      11.250000           0.023376
      11.350000           0.023519
      11.450000           0.023677
      11.550000           0.023818
      11.650000           0.023961
      11.750000           0.024083
      11.850000           0.024202
      11.950000           0.024319
      12.050000           0.024415
      12.150000           0.024496
      12.250000           0.024569
      12.350000           0.024624
      12.450000           0.024669
      12.550000           0.024716
      12.650000           0.024761
      12.750000           0.024808
      12.850000           0.024869
      12.950000           0.024929
      13.050000           0.025004
      13.150000           0.025077
      13.250000           0.025165
      13.350000           0.025255
      13.450000           0.025339
      13.550000           0.025406
      13.650000           0.025462
      13.750000           0.025508
      13.850000           0.025539
      13.950000           0.025588
      14.050000           0.025636
      14.150000           0.025697
      14.250000           0.025766
      14.350000           0.025839
      14.450000           0.025917
      14.550000           0.025995
      14.650000           0.026058
      14.750000           0.026134
      14.850000           0.026200
      14.950000           0.026258
      15.050000           0.026325
      15.150000           0.026388
      15.250000           0.026438
      15.350000           0.026494
      15.450000           0.026554
      15.550000           0.026604
      15.650000           0.026657
      15.750000           0.026706
      15.850000           0.026755
      15.950000           0.026809
      16.050000           0.026865
      16.150000           0.026912
      16.250000           0.026957
      16.350000           0.026998
      16.450000           0.027034
      16.550000           0.027074
      16.650000           0.027112
      16.750000           0.027139
      16.850000           0.027167
      16.950000           0.027198
      17.050000           0.027222
      17.150000           0.027252
      17.250000           0.027283
      17.350000           0.027319
      17.450000           0.027363
      17.550000           0.027397
      17.650000           0.027433
      17.750000           0.027463
      17.850000           0.027501
      17.950000           0.027539
      18.050000           0.027571
      18.150000           0.027602
      18.250000           0.027628
      18.350000           0.027664
      18.450000           0.027695
      18.550000           0.027720
      18.650000           0.027748
      18.750000           0.027779
      18.850000           0.027809
      18.950000           0.027838
      19.050000           0.027865
      19.150000           0.027897
      19.250000           0.027927
      19.350000           0.027957
      19.450000           0.027987
      19.550000           0.028029
      19.650000           0.028061
      19.750000           0.028103
      19.850000           0.028140
      19.950000           0.028183
      20.050000           0.028229
      20.150000           0.028276
      20.250000           0.028313
      20.350000           0.028354
      20.450000           0.028385
      20.550000           0.028428
      20.650000           0.028462
      20.750000           0.028491
      20.850000           0.028518
      20.950000           0.028551
      21.050000           0.028573
      21.150000           0.028609
      21.250000           0.028638
      21.350000           0.028669
      21.450000           0.028702
      21.550000           0.028730
      21.650000           0.028760
      21.750000           0.028795
      21.850000           0.028828
      21.950000           0.028864
      22.050000           0.028899
      22.150000           0.028934
      22.250000           0.028969
      22.350000           0.029010
      22.450000           0.029051
      22.550000           0.029085
      22.650000           0.029127
      22.750000           0.029175
      22.850000           0.029212
      22.950000           0.029251
      23.050000           0.029289
      23.150000           0.029324
      23.250000           0.029353
      23.350000           0.029382
      23.450000           0.029414
      23.550000           0.029440
      23.650000           0.029471
      23.750000           0.029488
      23.850000           0.029509
      23.950000           0.029533
      24.050000           0.029556
      24.150000           0.029587
      24.250000           0.029606
      24.350000           0.029635
      24.450000           0.029663
      24.550000           0.029683
      24.650000           0.029713
      24.750000           0.029739
      24.850000           0.029759
      24.950000           0.029789
      25.050000           0.029814
      25.150000           0.029840
      25.250000           0.029867
      25.350000           0.029892
      25.450000           0.029925
      25.550000           0.029947
      25.650000           0.029975
      25.750000           0.030010
      25.850000           0.030041
      25.950000           0.030067
      26.050000           0.030106
      26.150000           0.030132
      26.250000           0.030161
      26.350000           0.030186
      26.450000           0.030214
      26.550000           0.030241
      26.650000           0.030268
      26.750000           0.030296
      26.850000           0.030324
      26.950000           0.030347
      27.050000           0.030382
      27.150000           0.030408
      27.250000           0.030432
      27.350000           0.030464
      27.450000           0.030494
      27.550000           0.030523
      27.650000           0.030548
      27.750000           0.030577
      27.850000           0.030597
      27.950000           0.030622
      28.050000           0.030645
      28.150000           0.030672
      28.250000           0.030696
      28.350000           0.030715
      28.450000           0.030730
      28.550000           0.030755
      28.650000           0.030775
      28.750000           0.030794
      28.850000           0.030817
      28.950000           0.030829
      29.050000           0.030850
      29.150000           0.030862
      29.250000           0.030882
      29.350000           0.030897
      29.450000           0.030918
      29.550000           0.030933
      29.650000           0.030948
      29.750000           0.030966
      29.850000           0.030978
      29.950000           0.030994
