#Distance_(Ang) :C3,C@N3_=>_:WAT@O
       0.050000           0.000000
       0.150000           0.000000
       0.250000           0.000000
       0.350000           0.000000
       0.450000           0.000000
       0.550000           0.000000
       0.650000           0.000000
       0.750000           0.000000
       0.850000           0.000000
       0.950000           0.000000
       1.050000           0.000000
       1.150000           0.000000
       1.250000           0.000000
       1.350000           0.000000
       1.450000           0.000000
       1.550000           0.000000
       1.650000           0.000000
       1.750000           0.000000
       1.850000           0.000000
       1.950000           0.000000
       2.050000           0.000000
       2.150000           0.000000
       2.250000           0.000000
       2.350000           0.000000
       2.450000           0.000001
       2.550000           0.000220
       2.650000           0.003188
       2.750000           0.010932
       2.850000           0.016680
       2.950000           0.017056
       3.050000           0.015324
       3.150000           0.013997
       3.250000           0.013474
       3.350000           0.013452
       3.450000           0.013674
       3.550000           0.013951
       3.650000           0.014164
       3.750000           0.014328
       3.850000           0.014331
       3.950000           0.014306
       4.050000           0.014240
       4.150000           0.014268
       4.250000           0.014368
       4.350000           0.014638
       4.450000           0.015058
       4.550000           0.015709
       4.650000           0.016691
       4.750000           0.018204
       4.850000           0.019597
       4.950000           0.019884
       5.050000           0.019094
       5.150000           0.018121
       5.250000           0.017497
       5.350000           0.017285
       5.450000           0.017349
       5.550000           0.017635
       5.650000           0.018036
       5.750000           0.018421
       5.850000           0.018665
       5.950000           0.018721
       6.050000           0.018673
       6.150000           0.018574
       6.250000           0.018481
       6.350000           0.018384
       6.450000           0.018340
       6.550000           0.018339
       6.650000           0.018370
       6.750000           0.018434
       6.850000           0.018529
       6.950000           0.018609
       7.050000           0.018751
       7.150000           0.018871
       7.250000           0.019034
       7.350000           0.019191
       7.450000           0.019351
       7.550000           0.019513
       7.650000           0.019662
       7.750000           0.019801
       7.850000           0.019929
       7.950000           0.020057
       8.050000           0.020179
       8.150000           0.020315
       8.250000           0.020449
       8.350000           0.020585
       8.450000           0.020727
       8.550000           0.020888
       8.650000           0.021082
       8.750000           0.021274
       8.850000           0.021496
       8.950000           0.021712
       9.050000           0.021919
       9.150000           0.022113
       9.250000           0.022287
       9.350000           0.022430
       9.450000           0.022558
       9.550000           0.022675
       9.650000           0.022774
       9.750000           0.022860
       9.850000           0.022952
       9.950000           0.023009
      10.050000           0.023052
      10.150000           0.023076
      10.250000           0.023081
      10.350000           0.023111
      10.450000           0.023117
      10.550000           0.023141
      10.650000           0.023169
      10.750000           0.023194
      10.850000           0.023231
      10.950000           0.023287
      11.050000           0.023356
      11.150000           0.023435
      11.250000           0.023529
      11.350000           0.023635
      11.450000           0.023736
      11.550000           0.023808
      11.650000           0.023865
      11.750000           0.023931
      11.850000           0.023992
      11.950000           0.024084
      12.050000           0.024170
      12.150000           0.024283
      12.250000           0.024408
      12.350000           0.024541
      12.450000           0.024683
      12.550000           0.024803
      12.650000           0.024928
      12.750000           0.025028
      12.850000           0.025106
      12.950000           0.025189
      13.050000           0.025244
      13.150000           0.025306
      13.250000           0.025363
      13.350000           0.025414
      13.450000           0.025472
      13.550000           0.025544
      13.650000           0.025604
      13.750000           0.025676
      13.850000           0.025743
      13.950000           0.025813
      14.050000           0.025888
      14.150000           0.025968
      14.250000           0.026051
      14.350000           0.026124
      14.450000           0.026217
      14.550000           0.026301
      14.650000           0.026375
      14.750000           0.026454
      14.850000           0.026523
      14.950000           0.026590
      15.050000           0.026651
      15.150000           0.026716
      15.250000           0.026777
      15.350000           0.026830
      15.450000           0.026894
      15.550000           0.026951
      15.650000           0.027004
      15.750000           0.027060
      15.850000           0.027128
      15.950000           0.027196
      16.050000           0.027249
      16.150000           0.027305
      16.250000           0.027364
      16.350000           0.027403
      16.450000           0.027450
      16.550000           0.027491
      16.650000           0.027530
      16.750000           0.027573
      16.850000           0.027614
      16.950000           0.027662
      17.050000           0.027710
      17.150000           0.027757
      17.250000           0.027802
      17.350000           0.027843
      17.450000           0.027893
      17.550000           0.027921
      17.650000           0.027960
      17.750000           0.027992
      17.850000           0.028014
      17.950000           0.028047
      18.050000           0.028065
      18.150000           0.028084
      18.250000           0.028112
      18.350000           0.028133
      18.450000           0.028156
      18.550000           0.028188
      18.650000           0.028214
      18.750000           0.028239
      18.850000           0.028275
      18.950000           0.028313
      19.050000           0.028342
      19.150000           0.028383
      19.250000           0.028423
      19.350000           0.028460
      19.450000           0.028498
      19.550000           0.028543
      19.650000           0.028589
      19.750000           0.028612
      19.850000           0.028650
      19.950000           0.028687
      20.050000           0.028718
      20.150000           0.028751
      20.250000           0.028777
      20.350000           0.028812
      20.450000           0.028834
      20.550000           0.028870
      20.650000           0.028895
      20.750000           0.028931
      20.850000           0.028956
      20.950000           0.028987
      21.050000           0.029017
      21.150000           0.029043
      21.250000           0.029070
      21.350000           0.029100
      21.450000           0.029122
      21.550000           0.029151
      21.650000           0.029187
      21.750000           0.029211
      21.850000           0.029243
      21.950000           0.029267
      22.050000           0.029303
      22.150000           0.029333
      22.250000           0.029358
      22.350000           0.029390
      22.450000           0.029422
      22.550000           0.029457
      22.650000           0.029490
      22.750000           0.029515
      22.850000           0.029552
      22.950000           0.029578
      23.050000           0.029606
      23.150000           0.029636
      23.250000           0.029666
      23.350000           0.029691
      23.450000           0.029723
      23.550000           0.029744
      23.650000           0.029761
      23.750000           0.029781
      23.850000           0.029802
      23.950000           0.029815
      24.050000           0.029831
      24.150000           0.029841
      24.250000           0.029853
      24.350000           0.029865
      24.450000           0.029872
      24.550000           0.029888
      24.650000           0.029905
      24.750000           0.029921
      24.850000           0.029942
      24.950000           0.029960
      25.050000           0.029984
      25.150000           0.030010
      25.250000           0.030030
      25.350000           0.030055
      25.450000           0.030081
      25.550000           0.030107
      25.650000           0.030132
      25.750000           0.030155
      25.850000           0.030179
      25.950000           0.030204
      26.050000           0.030230
      26.150000           0.030250
      26.250000           0.030269
      26.350000           0.030290
      26.450000           0.030313
      26.550000           0.030329
      26.650000           0.030345
      26.750000           0.030364
      26.850000           0.030383
      26.950000           0.030399
      27.050000           0.030413
      27.150000           0.030429
      27.250000           0.030444
      27.350000           0.030464
      27.450000           0.030481
      27.550000           0.030499
      27.650000           0.030512
      27.750000           0.030531
      27.850000           0.030547
      27.950000           0.030564
      28.050000           0.030580
      28.150000           0.030598
      28.250000           0.030612
      28.350000           0.030628
      28.450000           0.030646
      28.550000           0.030666
      28.650000           0.030683
      28.750000           0.030695
      28.850000           0.030717
      28.950000           0.030731
      29.050000           0.030746
      29.150000           0.030765
      29.250000           0.030774
      29.350000           0.030786
      29.450000           0.030804
      29.550000           0.030819
      29.650000           0.030834
      29.750000           0.030844
      29.850000           0.030857
      29.950000           0.030875
