#Distance_(Ang) :G5,G@N7_=>_:WAT@O
       0.050000           0.000000
       0.150000           0.000000
       0.250000           0.000000
       0.350000           0.000000
       0.450000           0.000000
       0.550000           0.000000
       0.650000           0.000000
       0.750000           0.000000
       0.850000           0.000000
       0.950000           0.000000
       1.050000           0.000000
       1.150000           0.000000
       1.250000           0.000000
       1.350000           0.000000
       1.450000           0.000000
       1.550000           0.000000
       1.650000           0.000000
       1.750000           0.000000
       1.850000           0.000000
       1.950000           0.000000
       2.050000           0.000000
       2.150000           0.000000
       2.250000           0.000000
       2.350000           0.000000
       2.450000           0.000001
       2.550000           0.000255
       2.650000           0.003893
       2.750000           0.013735
       2.850000           0.020820
       2.950000           0.020405
       3.050000           0.017129
       3.150000           0.014452
       3.250000           0.013050
       3.350000           0.012535
       3.450000           0.012492
       3.550000           0.012498
       3.650000           0.012562
       3.750000           0.012528
       3.850000           0.012458
       3.950000           0.012321
       4.050000           0.012155
       4.150000           0.011934
       4.250000           0.011674
       4.350000           0.011403
       4.450000           0.011134
       4.550000           0.010955
       4.650000           0.010924
       4.750000           0.011004
       4.850000           0.011078
       4.950000           0.011101
       5.050000           0.011140
       5.150000           0.011291
       5.250000           0.011570
       5.350000           0.011977
       5.450000           0.012507
       5.550000           0.013139
       5.650000           0.013846
       5.750000           0.014513
       5.850000           0.015057
       5.950000           0.015416
       6.050000           0.015621
       6.150000           0.015767
       6.250000           0.015918
       6.350000           0.016077
       6.450000           0.016215
       6.550000           0.016205
       6.650000           0.016159
       6.750000           0.016175
       6.850000           0.016279
       6.950000           0.016477
       7.050000           0.016740
       7.150000           0.017039
       7.250000           0.017315
       7.350000           0.017565
       7.450000           0.017779
       7.550000           0.017986
       7.650000           0.018183
       7.750000           0.018420
       7.850000           0.018662
       7.950000           0.018939
       8.050000           0.019260
       8.150000           0.019595
       8.250000           0.019927
       8.350000           0.020218
       8.450000           0.020440
       8.550000           0.020606
       8.650000           0.020718
       8.750000           0.020777
       8.850000           0.020823
       8.950000           0.020863
       9.050000           0.020886
       9.150000           0.020905
       9.250000           0.020941
       9.350000           0.020991
       9.450000           0.021049
       9.550000           0.021139
       9.650000           0.021252
       9.750000           0.021368
       9.850000           0.021505
       9.950000           0.021642
      10.050000           0.021760
      10.150000           0.021901
      10.250000           0.022024
      10.350000           0.022144
      10.450000           0.022274
      10.550000           0.022395
      10.650000           0.022527
      10.750000           0.022660
      10.850000           0.022809
      10.950000           0.022975
      11.050000           0.023147
      11.150000           0.023335
      11.250000           0.023498
      11.350000           0.023645
      11.450000           0.023754
      11.550000           0.023856
      11.650000           0.023951
      11.750000           0.024044
      11.850000           0.024125
      11.950000           0.024206
      12.050000           0.024293
      12.150000           0.024373
      12.250000           0.024458
      12.350000           0.024540
      12.450000           0.024628
      12.550000           0.024708
      12.650000           0.024782
      12.750000           0.024873
      12.850000           0.024951
      12.950000           0.025016
      13.050000           0.025084
      13.150000           0.025159
      13.250000           0.025221
      13.350000           0.025290
      13.450000           0.025357
      13.550000           0.025439
      13.650000           0.025510
      13.750000           0.025581
      13.850000           0.025659
      13.950000           0.025746
      14.050000           0.025814
      14.150000           0.025890
      14.250000           0.025971
      14.350000           0.026035
      14.450000           0.026102
      14.550000           0.026168
      14.650000           0.026233
      14.750000           0.026283
      14.850000           0.026350
      14.950000           0.026398
      15.050000           0.026450
      15.150000           0.026502
      15.250000           0.026556
      15.350000           0.026613
      15.450000           0.026660
      15.550000           0.026722
      15.650000           0.026770
      15.750000           0.026821
      15.850000           0.026865
      15.950000           0.026918
      16.050000           0.026960
      16.150000           0.027004
      16.250000           0.027050
      16.350000           0.027087
      16.450000           0.027135
      16.550000           0.027168
      16.650000           0.027208
      16.750000           0.027243
      16.850000           0.027285
      16.950000           0.027318
      17.050000           0.027350
      17.150000           0.027396
      17.250000           0.027427
      17.350000           0.027457
      17.450000           0.027488
      17.550000           0.027530
      17.650000           0.027559
      17.750000           0.027596
      17.850000           0.027631
      17.950000           0.027673
      18.050000           0.027718
      18.150000           0.027760
      18.250000           0.027799
      18.350000           0.027844
      18.450000           0.027882
      18.550000           0.027919
      18.650000           0.027960
      18.750000           0.027997
      18.850000           0.028035
      18.950000           0.028072
      19.050000           0.028115
      19.150000           0.028146
      19.250000           0.028184
      19.350000           0.028226
      19.450000           0.028259
      19.550000           0.028294
      19.650000           0.028332
      19.750000           0.028363
      19.850000           0.028391
      19.950000           0.028416
      20.050000           0.028441
      20.150000           0.028474
      20.250000           0.028500
      20.350000           0.028518
      20.450000           0.028546
      20.550000           0.028564
      20.650000           0.028596
      20.750000           0.028620
      20.850000           0.028647
      20.950000           0.028670
      21.050000           0.028695
      21.150000           0.028722
      21.250000           0.028752
      21.350000           0.028782
      21.450000           0.028816
      21.550000           0.028842
      21.650000           0.028877
      21.750000           0.028903
      21.850000           0.028935
      21.950000           0.028970
      22.050000           0.028996
      22.150000           0.029016
      22.250000           0.029043
      22.350000           0.029070
      22.450000           0.029099
      22.550000           0.029128
      22.650000           0.029154
      22.750000           0.029186
      22.850000           0.029213
      22.950000           0.029244
      23.050000           0.029278
      23.150000           0.029314
      23.250000           0.029348
      23.350000           0.029381
      23.450000           0.029409
      23.550000           0.029445
      23.650000           0.029481
      23.750000           0.029511
      23.850000           0.029545
      23.950000           0.029573
      24.050000           0.029601
      24.150000           0.029635
      24.250000           0.029661
      24.350000           0.029690
      24.450000           0.029719
      24.550000           0.029752
      24.650000           0.029777
      24.750000           0.029805
      24.850000           0.029836
      24.950000           0.029857
      25.050000           0.029884
      25.150000           0.029913
      25.250000           0.029934
      25.350000           0.029959
      25.450000           0.029987
      25.550000           0.030012
      25.650000           0.030033
      25.750000           0.030061
      25.850000           0.030088
      25.950000           0.030121
      26.050000           0.030138
      26.150000           0.030165
      26.250000           0.030192
      26.350000           0.030217
      26.450000           0.030241
      26.550000           0.030270
      26.650000           0.030296
      26.750000           0.030316
      26.850000           0.030343
      26.950000           0.030365
      27.050000           0.030389
      27.150000           0.030416
      27.250000           0.030440
      27.350000           0.030466
      27.450000           0.030491
      27.550000           0.030514
      27.650000           0.030532
      27.750000           0.030559
      27.850000           0.030579
      27.950000           0.030606
      28.050000           0.030620
      28.150000           0.030646
      28.250000           0.030662
      28.350000           0.030682
      28.450000           0.030696
      28.550000           0.030711
      28.650000           0.030726
      28.750000           0.030738
      28.850000           0.030753
      28.950000           0.030769
      29.050000           0.030782
      29.150000           0.030797
      29.250000           0.030810
      29.350000           0.030825
      29.450000           0.030841
      29.550000           0.030853
      29.650000           0.030866
      29.750000           0.030881
      29.850000           0.030895
      29.950000           0.030913
