#Distance_(Ang) :G5,G@N3_=>_:WAT@O
       0.050000           0.000000
       0.150000           0.000000
       0.250000           0.000000
       0.350000           0.000000
       0.450000           0.000000
       0.550000           0.000000
       0.650000           0.000000
       0.750000           0.000000
       0.850000           0.000000
       0.950000           0.000000
       1.050000           0.000000
       1.150000           0.000000
       1.250000           0.000000
       1.350000           0.000000
       1.450000           0.000000
       1.550000           0.000000
       1.650000           0.000000
       1.750000           0.000000
       1.850000           0.000000
       1.950000           0.000000
       2.050000           0.000000
       2.150000           0.000000
       2.250000           0.000000
       2.350000           0.000000
       2.450000           0.000001
       2.550000           0.000129
       2.650000           0.002078
       2.750000           0.007554
       2.850000           0.011735
       2.950000           0.011676
       3.050000           0.009775
       3.150000           0.008119
       3.250000           0.007214
       3.350000           0.006899
       3.450000           0.006975
       3.550000           0.007181
       3.650000           0.007388
       3.750000           0.007523
       3.850000           0.007507
       3.950000           0.007438
       4.050000           0.007294
       4.150000           0.007170
       4.250000           0.007093
       4.350000           0.007102
       4.450000           0.007277
       4.550000           0.007864
       4.650000           0.009175
       4.750000           0.010669
       4.850000           0.011689
       4.950000           0.012351
       5.050000           0.012631
       5.150000           0.012424
       5.250000           0.012026
       5.350000           0.011730
       5.450000           0.011633
       5.550000           0.011774
       5.650000           0.012107
       5.750000           0.012650
       5.850000           0.013299
       5.950000           0.013896
       6.050000           0.014337
       6.150000           0.014597
       6.250000           0.014795
       6.350000           0.014927
       6.450000           0.015035
       6.550000           0.015172
       6.650000           0.015369
       6.750000           0.015461
       6.850000           0.015477
       6.950000           0.015456
       7.050000           0.015473
       7.150000           0.015551
       7.250000           0.015679
       7.350000           0.015871
       7.450000           0.016104
       7.550000           0.016367
       7.650000           0.016647
       7.750000           0.016949
       7.850000           0.017228
       7.950000           0.017519
       8.050000           0.017800
       8.150000           0.018097
       8.250000           0.018400
       8.350000           0.018701
       8.450000           0.019009
       8.550000           0.019327
       8.650000           0.019623
       8.750000           0.019912
       8.850000           0.020188
       8.950000           0.020447
       9.050000           0.020692
       9.150000           0.020911
       9.250000           0.021092
       9.350000           0.021244
       9.450000           0.021360
       9.550000           0.021467
       9.650000           0.021569
       9.750000           0.021663
       9.850000           0.021759
       9.950000           0.021845
      10.050000           0.021949
      10.150000           0.022034
      10.250000           0.022129
      10.350000           0.022242
      10.450000           0.022367
      10.550000           0.022498
      10.650000           0.022638
      10.750000           0.022780
      10.850000           0.022949
      10.950000           0.023130
      11.050000           0.023309
      11.150000           0.023501
      11.250000           0.023680
      11.350000           0.023854
      11.450000           0.023991
      11.550000           0.024076
      11.650000           0.024142
      11.750000           0.024186
      11.850000           0.024255
      11.950000           0.024325
      12.050000           0.024408
      12.150000           0.024479
      12.250000           0.024563
      12.350000           0.024626
      12.450000           0.024682
      12.550000           0.024740
      12.650000           0.024793
      12.750000           0.024857
      12.850000           0.024926
      12.950000           0.024997
      13.050000           0.025087
      13.150000           0.025182
      13.250000           0.025286
      13.350000           0.025388
      13.450000           0.025501
      13.550000           0.025605
      13.650000           0.025690
      13.750000           0.025786
      13.850000           0.025879
      13.950000           0.025968
      14.050000           0.026049
      14.150000           0.026131
      14.250000           0.026204
      14.350000           0.026264
      14.450000           0.026316
      14.550000           0.026372
      14.650000           0.026406
      14.750000           0.026441
      14.850000           0.026462
      14.950000           0.026494
      15.050000           0.026512
      15.150000           0.026541
      15.250000           0.026570
      15.350000           0.026591
      15.450000           0.026618
      15.550000           0.026653
      15.650000           0.026690
      15.750000           0.026733
      15.850000           0.026764
      15.950000           0.026811
      16.050000           0.026854
      16.150000           0.026894
      16.250000           0.026932
      16.350000           0.026972
      16.450000           0.027003
      16.550000           0.027042
      16.650000           0.027073
      16.750000           0.027114
      16.850000           0.027153
      16.950000           0.027193
      17.050000           0.027233
      17.150000           0.027272
      17.250000           0.027325
      17.350000           0.027364
      17.450000           0.027401
      17.550000           0.027443
      17.650000           0.027485
      17.750000           0.027523
      17.850000           0.027565
      17.950000           0.027606
      18.050000           0.027642
      18.150000           0.027677
      18.250000           0.027711
      18.350000           0.027747
      18.450000           0.027776
      18.550000           0.027822
      18.650000           0.027860
      18.750000           0.027893
      18.850000           0.027931
      18.950000           0.027962
      19.050000           0.027992
      19.150000           0.028019
      19.250000           0.028049
      19.350000           0.028070
      19.450000           0.028092
      19.550000           0.028119
      19.650000           0.028143
      19.750000           0.028164
      19.850000           0.028193
      19.950000           0.028219
      20.050000           0.028251
      20.150000           0.028282
      20.250000           0.028322
      20.350000           0.028358
      20.450000           0.028401
      20.550000           0.028446
      20.650000           0.028492
      20.750000           0.028529
      20.850000           0.028567
      20.950000           0.028613
      21.050000           0.028652
      21.150000           0.028692
      21.250000           0.028731
      21.350000           0.028768
      21.450000           0.028805
      21.550000           0.028837
      21.650000           0.028875
      21.750000           0.028902
      21.850000           0.028943
      21.950000           0.028969
      22.050000           0.028995
      22.150000           0.029023
      22.250000           0.029046
      22.350000           0.029065
      22.450000           0.029096
      22.550000           0.029118
      22.650000           0.029144
      22.750000           0.029166
      22.850000           0.029194
      22.950000           0.029218
      23.050000           0.029251
      23.150000           0.029280
      23.250000           0.029315
      23.350000           0.029345
      23.450000           0.029379
      23.550000           0.029415
      23.650000           0.029445
      23.750000           0.029479
      23.850000           0.029514
      23.950000           0.029542
      24.050000           0.029577
      24.150000           0.029608
      24.250000           0.029634
      24.350000           0.029666
      24.450000           0.029701
      24.550000           0.029726
      24.650000           0.029757
      24.750000           0.029784
      24.850000           0.029811
      24.950000           0.029842
      25.050000           0.029874
      25.150000           0.029897
      25.250000           0.029923
      25.350000           0.029954
      25.450000           0.029978
      25.550000           0.030002
      25.650000           0.030028
      25.750000           0.030054
      25.850000           0.030080
      25.950000           0.030104
      26.050000           0.030127
      26.150000           0.030147
      26.250000           0.030178
      26.350000           0.030202
      26.450000           0.030227
      26.550000           0.030253
      26.650000           0.030274
      26.750000           0.030303
      26.850000           0.030331
      26.950000           0.030359
      27.050000           0.030386
      27.150000           0.030411
      27.250000           0.030439
      27.350000           0.030460
      27.450000           0.030486
      27.550000           0.030513
      27.650000           0.030536
      27.750000           0.030560
      27.850000           0.030584
      27.950000           0.030606
      28.050000           0.030629
      28.150000           0.030649
      28.250000           0.030668
      28.350000           0.030693
      28.450000           0.030708
      28.550000           0.030728
      28.650000           0.030747
      28.750000           0.030766
      28.850000           0.030785
      28.950000           0.030806
      29.050000           0.030825
      29.150000           0.030842
      29.250000           0.030859
      29.350000           0.030881
      29.450000           0.030901
      29.550000           0.030919
      29.650000           0.030936
      29.750000           0.030958
      29.850000           0.030974
      29.950000           0.030991
