#Distance_(Ang) :G,G3,C,C3@P_=>_:WAT@O
       0.050000               0.000000
       0.150000               0.000000
       0.250000               0.000000
       0.350000               0.000000
       0.450000               0.000000
       0.550000               0.000000
       0.650000               0.000000
       0.750000               0.000000
       0.850000               0.000000
       0.950000               0.000000
       1.050000               0.000000
       1.150000               0.000000
       1.250000               0.000000
       1.350000               0.000000
       1.450000               0.000000
       1.550000               0.000000
       1.650000               0.000000
       1.750000               0.000000
       1.850000               0.000000
       1.950000               0.000000
       2.050000               0.000000
       2.150000               0.000000
       2.250000               0.000000
       2.350000               0.000000
       2.450000               0.000000
       2.550000               0.000000
       2.650000               0.000000
       2.750000               0.000000
       2.850000               0.000000
       2.950000               0.000017
       3.050000               0.000286
       3.150000               0.002021
       3.250000               0.007643
       3.350000               0.018171
       3.450000               0.030285
       3.550000               0.038901
       3.650000               0.042343
       3.750000               0.042357
       3.850000               0.040312
       3.950000               0.035470
       4.050000               0.027540
       4.150000               0.019471
       4.250000               0.014318
       4.350000               0.012045
       4.450000               0.011371
       4.550000               0.011431
       4.650000               0.011788
       4.750000               0.012266
       4.850000               0.012861
       4.950000               0.013544
       5.050000               0.014293
       5.150000               0.015126
       5.250000               0.015964
       5.350000               0.016811
       5.450000               0.017637
       5.550000               0.018411
       5.650000               0.019102
       5.750000               0.019691
       5.850000               0.020165
       5.950000               0.020487
       6.050000               0.020628
       6.150000               0.020616
       6.250000               0.020497
       6.350000               0.020294
       6.450000               0.020107
       6.550000               0.019944
       6.650000               0.019864
       6.750000               0.019879
       6.850000               0.019959
       6.950000               0.020086
       7.050000               0.020256
       7.150000               0.020426
       7.250000               0.020594
       7.350000               0.020767
       7.450000               0.020897
       7.550000               0.021048
       7.650000               0.021198
       7.750000               0.021340
       7.850000               0.021472
       7.950000               0.021604
       8.050000               0.021739
       8.150000               0.021832
       8.250000               0.021907
       8.350000               0.021968
       8.450000               0.022005
       8.550000               0.022052
       8.650000               0.022094
       8.750000               0.022179
       8.850000               0.022288
       8.950000               0.022437
       9.050000               0.022603
       9.150000               0.022774
       9.250000               0.022945
       9.350000               0.023114
       9.450000               0.023246
       9.550000               0.023372
       9.650000               0.023478
       9.750000               0.023577
       9.850000               0.023662
       9.950000               0.023715
      10.050000               0.023734
      10.150000               0.023729
      10.250000               0.023702
      10.350000               0.023676
      10.450000               0.023663
      10.550000               0.023673
      10.650000               0.023695
      10.750000               0.023729
      10.850000               0.023792
      10.950000               0.023851
      11.050000               0.023921
      11.150000               0.024020
      11.250000               0.024133
      11.350000               0.024263
      11.450000               0.024384
      11.550000               0.024504
      11.650000               0.024610
      11.750000               0.024709
      11.850000               0.024804
      11.950000               0.024893
      12.050000               0.024985
      12.150000               0.025074
      12.250000               0.025156
      12.350000               0.025240
      12.450000               0.025310
      12.550000               0.025372
      12.650000               0.025436
      12.750000               0.025498
      12.850000               0.025558
      12.950000               0.025600
      13.050000               0.025646
      13.150000               0.025684
      13.250000               0.025718
      13.350000               0.025764
      13.450000               0.025814
      13.550000               0.025865
      13.650000               0.025926
      13.750000               0.025986
      13.850000               0.026043
      13.950000               0.026102
      14.050000               0.026172
      14.150000               0.026236
      14.250000               0.026309
      14.350000               0.026373
      14.450000               0.026443
      14.550000               0.026501
      14.650000               0.026563
      14.750000               0.026616
      14.850000               0.026669
      14.950000               0.026710
      15.050000               0.026757
      15.150000               0.026800
      15.250000               0.026837
      15.350000               0.026877
      15.450000               0.026914
      15.550000               0.026958
      15.650000               0.027006
      15.750000               0.027056
      15.850000               0.027106
      15.950000               0.027155
      16.050000               0.027206
      16.150000               0.027254
      16.250000               0.027307
      16.350000               0.027361
      16.450000               0.027407
      16.550000               0.027452
      16.650000               0.027497
      16.750000               0.027537
      16.850000               0.027584
      16.950000               0.027628
      17.050000               0.027668
      17.150000               0.027710
      17.250000               0.027755
      17.350000               0.027798
      17.450000               0.027841
      17.550000               0.027884
      17.650000               0.027933
      17.750000               0.027976
      17.850000               0.028024
      17.950000               0.028057
      18.050000               0.028107
      18.150000               0.028146
      18.250000               0.028187
      18.350000               0.028235
      18.450000               0.028275
      18.550000               0.028320
      18.650000               0.028358
      18.750000               0.028404
      18.850000               0.028445
      18.950000               0.028484
      19.050000               0.028524
      19.150000               0.028558
      19.250000               0.028592
      19.350000               0.028615
      19.450000               0.028646
      19.550000               0.028674
      19.650000               0.028696
      19.750000               0.028719
      19.850000               0.028750
      19.950000               0.028778
      20.050000               0.028812
      20.150000               0.028844
      20.250000               0.028875
      20.350000               0.028908
      20.450000               0.028942
      20.550000               0.028976
      20.650000               0.029011
      20.750000               0.029042
      20.850000               0.029076
      20.950000               0.029107
      21.050000               0.029139
      21.150000               0.029171
      21.250000               0.029199
      21.350000               0.029233
      21.450000               0.029260
      21.550000               0.029287
      21.650000               0.029313
      21.750000               0.029334
      21.850000               0.029360
      21.950000               0.029380
      22.050000               0.029403
      22.150000               0.029423
      22.250000               0.029446
      22.350000               0.029468
      22.450000               0.029490
      22.550000               0.029516
      22.650000               0.029542
      22.750000               0.029565
      22.850000               0.029593
      22.950000               0.029620
      23.050000               0.029646
      23.150000               0.029667
      23.250000               0.029691
      23.350000               0.029715
      23.450000               0.029738
      23.550000               0.029758
      23.650000               0.029780
      23.750000               0.029800
      23.850000               0.029821
      23.950000               0.029838
      24.050000               0.029859
      24.150000               0.029873
      24.250000               0.029889
      24.350000               0.029908
      24.450000               0.029924
      24.550000               0.029943
      24.650000               0.029955
      24.750000               0.029972
      24.850000               0.029990
      24.950000               0.030007
      25.050000               0.030028
      25.150000               0.030045
      25.250000               0.030066
      25.350000               0.030086
      25.450000               0.030103
      25.550000               0.030123
      25.650000               0.030142
      25.750000               0.030164
      25.850000               0.030181
      25.950000               0.030197
      26.050000               0.030218
      26.150000               0.030235
      26.250000               0.030252
      26.350000               0.030270
      26.450000               0.030289
      26.550000               0.030301
      26.650000               0.030322
      26.750000               0.030335
      26.850000               0.030356
      26.950000               0.030369
      27.050000               0.030385
      27.150000               0.030405
      27.250000               0.030418
      27.350000               0.030436
      27.450000               0.030453
      27.550000               0.030470
      27.650000               0.030484
      27.750000               0.030503
      27.850000               0.030517
      27.950000               0.030530
      28.050000               0.030545
      28.150000               0.030558
      28.250000               0.030573
      28.350000               0.030589
      28.450000               0.030597
      28.550000               0.030609
      28.650000               0.030620
      28.750000               0.030634
      28.850000               0.030645
      28.950000               0.030650
      29.050000               0.030664
      29.150000               0.030673
      29.250000               0.030689
      29.350000               0.030698
      29.450000               0.030713
      29.550000               0.030726
      29.650000               0.030738
      29.750000               0.030752
      29.850000               0.030766
      29.950000               0.030782
