#Distance_(Ang) :C3,C@N4_=>_:WAT@O
       0.050000           0.000000
       0.150000           0.000000
       0.250000           0.000000
       0.350000           0.000000
       0.450000           0.000000
       0.550000           0.000000
       0.650000           0.000000
       0.750000           0.000000
       0.850000           0.000000
       0.950000           0.000000
       1.050000           0.000000
       1.150000           0.000000
       1.250000           0.000000
       1.350000           0.000000
       1.450000           0.000000
       1.550000           0.000000
       1.650000           0.000000
       1.750000           0.000000
       1.850000           0.000000
       1.950000           0.000000
       2.050000           0.000000
       2.150000           0.000000
       2.250000           0.000000
       2.350000           0.000000
       2.450000           0.000000
       2.550000           0.000008
       2.650000           0.000635
       2.750000           0.006982
       2.850000           0.019507
       2.950000           0.025962
       3.050000           0.025392
       3.150000           0.023216
       3.250000           0.021519
       3.350000           0.020308
       3.450000           0.019501
       3.550000           0.018880
       3.650000           0.018334
       3.750000           0.017954
       3.850000           0.017606
       3.950000           0.017266
       4.050000           0.016902
       4.150000           0.016501
       4.250000           0.016127
       4.350000           0.015760
       4.450000           0.015460
       4.550000           0.015234
       4.650000           0.015137
       4.750000           0.015156
       4.850000           0.015299
       4.950000           0.015534
       5.050000           0.015863
       5.150000           0.016177
       5.250000           0.016456
       5.350000           0.016761
       5.450000           0.017065
       5.550000           0.017375
       5.650000           0.017675
       5.750000           0.017968
       5.850000           0.018213
       5.950000           0.018416
       6.050000           0.018572
       6.150000           0.018700
       6.250000           0.018770
       6.350000           0.018831
       6.450000           0.018875
       6.550000           0.018888
       6.650000           0.018937
       6.750000           0.019039
       6.850000           0.019212
       6.950000           0.019407
       7.050000           0.019492
       7.150000           0.019390
       7.250000           0.019264
       7.350000           0.019220
       7.450000           0.019292
       7.550000           0.019421
       7.650000           0.019576
       7.750000           0.019731
       7.850000           0.019906
       7.950000           0.020088
       8.050000           0.020269
       8.150000           0.020483
       8.250000           0.020633
       8.350000           0.020780
       8.450000           0.020908
       8.550000           0.021026
       8.650000           0.021116
       8.750000           0.021200
       8.850000           0.021272
       8.950000           0.021338
       9.050000           0.021402
       9.150000           0.021466
       9.250000           0.021548
       9.350000           0.021640
       9.450000           0.021738
       9.550000           0.021851
       9.650000           0.021957
       9.750000           0.022071
       9.850000           0.022214
       9.950000           0.022374
      10.050000           0.022538
      10.150000           0.022711
      10.250000           0.022881
      10.350000           0.023073
      10.450000           0.023282
      10.550000           0.023462
      10.650000           0.023640
      10.750000           0.023786
      10.850000           0.023909
      10.950000           0.024007
      11.050000           0.024080
      11.150000           0.024128
      11.250000           0.024159
      11.350000           0.024177
      11.450000           0.024178
      11.550000           0.024179
      11.650000           0.024207
      11.750000           0.024233
      11.850000           0.024262
      11.950000           0.024317
      12.050000           0.024385
      12.150000           0.024457
      12.250000           0.024543
      12.350000           0.024625
      12.450000           0.024718
      12.550000           0.024821
      12.650000           0.024921
      12.750000           0.025036
      12.850000           0.025145
      12.950000           0.025254
      13.050000           0.025348
      13.150000           0.025416
      13.250000           0.025460
      13.350000           0.025492
      13.450000           0.025515
      13.550000           0.025543
      13.650000           0.025567
      13.750000           0.025592
      13.850000           0.025633
      13.950000           0.025673
      14.050000           0.025732
      14.150000           0.025794
      14.250000           0.025871
      14.350000           0.025952
      14.450000           0.026027
      14.550000           0.026108
      14.650000           0.026176
      14.750000           0.026254
      14.850000           0.026313
      14.950000           0.026379
      15.050000           0.026443
      15.150000           0.026501
      15.250000           0.026562
      15.350000           0.026629
      15.450000           0.026700
      15.550000           0.026773
      15.650000           0.026829
      15.750000           0.026899
      15.850000           0.026960
      15.950000           0.027020
      16.050000           0.027062
      16.150000           0.027116
      16.250000           0.027161
      16.350000           0.027208
      16.450000           0.027249
      16.550000           0.027291
      16.650000           0.027337
      16.750000           0.027380
      16.850000           0.027408
      16.950000           0.027449
      17.050000           0.027484
      17.150000           0.027516
      17.250000           0.027559
      17.350000           0.027588
      17.450000           0.027632
      17.550000           0.027663
      17.650000           0.027709
      17.750000           0.027752
      17.850000           0.027804
      17.950000           0.027847
      18.050000           0.027895
      18.150000           0.027939
      18.250000           0.027996
      18.350000           0.028045
      18.450000           0.028089
      18.550000           0.028129
      18.650000           0.028176
      18.750000           0.028213
      18.850000           0.028242
      18.950000           0.028278
      19.050000           0.028313
      19.150000           0.028346
      19.250000           0.028380
      19.350000           0.028418
      19.450000           0.028458
      19.550000           0.028499
      19.650000           0.028537
      19.750000           0.028574
      19.850000           0.028611
      19.950000           0.028648
      20.050000           0.028679
      20.150000           0.028717
      20.250000           0.028747
      20.350000           0.028777
      20.450000           0.028811
      20.550000           0.028842
      20.650000           0.028876
      20.750000           0.028909
      20.850000           0.028945
      20.950000           0.028984
      21.050000           0.029021
      21.150000           0.029052
      21.250000           0.029093
      21.350000           0.029127
      21.450000           0.029168
      21.550000           0.029202
      21.650000           0.029238
      21.750000           0.029266
      21.850000           0.029299
      21.950000           0.029320
      22.050000           0.029348
      22.150000           0.029370
      22.250000           0.029398
      22.350000           0.029422
      22.450000           0.029443
      22.550000           0.029464
      22.650000           0.029490
      22.750000           0.029513
      22.850000           0.029541
      22.950000           0.029555
      23.050000           0.029576
      23.150000           0.029605
      23.250000           0.029628
      23.350000           0.029655
      23.450000           0.029678
      23.550000           0.029697
      23.650000           0.029723
      23.750000           0.029747
      23.850000           0.029765
      23.950000           0.029791
      24.050000           0.029813
      24.150000           0.029828
      24.250000           0.029859
      24.350000           0.029880
      24.450000           0.029902
      24.550000           0.029924
      24.650000           0.029943
      24.750000           0.029964
      24.850000           0.029989
      24.950000           0.030007
      25.050000           0.030029
      25.150000           0.030047
      25.250000           0.030066
      25.350000           0.030085
      25.450000           0.030105
      25.550000           0.030123
      25.650000           0.030144
      25.750000           0.030159
      25.850000           0.030186
      25.950000           0.030204
      26.050000           0.030222
      26.150000           0.030245
      26.250000           0.030266
      26.350000           0.030286
      26.450000           0.030301
      26.550000           0.030323
      26.650000           0.030341
      26.750000           0.030361
      26.850000           0.030379
      26.950000           0.030396
      27.050000           0.030418
      27.150000           0.030429
      27.250000           0.030450
      27.350000           0.030467
      27.450000           0.030485
      27.550000           0.030499
      27.650000           0.030517
      27.750000           0.030533
      27.850000           0.030549
      27.950000           0.030566
      28.050000           0.030589
      28.150000           0.030598
      28.250000           0.030617
      28.350000           0.030635
      28.450000           0.030653
      28.550000           0.030671
      28.650000           0.030682
      28.750000           0.030700
      28.850000           0.030718
      28.950000           0.030727
      29.050000           0.030748
      29.150000           0.030758
      29.250000           0.030774
      29.350000           0.030789
      29.450000           0.030804
      29.550000           0.030817
      29.650000           0.030829
      29.750000           0.030844
      29.850000           0.030857
      29.950000           0.030872
