#Distance_(Ang) :1-50@N3_=>_:WAT@O
       0.050000           0.000000
       0.150000           0.000000
       0.250000           0.000000
       0.350000           0.000000
       0.450000           0.000000
       0.550000           0.000000
       0.650000           0.000000
       0.750000           0.000000
       0.850000           0.000000
       0.950000           0.000000
       1.050000           0.000000
       1.150000           0.000000
       1.250000           0.000000
       1.350000           0.000000
       1.450000           0.000000
       1.550000           0.000000
       1.650000           0.000000
       1.750000           0.000000
       1.850000           0.000000
       1.950000           0.000000
       2.050000           0.000000
       2.150000           0.000000
       2.250000           0.000000
       2.350000           0.000000
       2.450000           0.000000
       2.550000           0.000002
       2.650000           0.000295
       2.750000           0.003538
       2.850000           0.010011
       2.950000           0.013005
       3.050000           0.012502
       3.150000           0.011499
       3.250000           0.011091
       3.350000           0.011135
       3.450000           0.011464
       3.550000           0.011939
       3.650000           0.012494
       3.750000           0.013092
       3.850000           0.013649
       3.950000           0.014156
       4.050000           0.014607
       4.150000           0.015007
       4.250000           0.015374
       4.350000           0.015741
       4.450000           0.016152
       4.550000           0.016712
       4.650000           0.017505
       4.750000           0.018480
       4.850000           0.018951
       4.950000           0.018341
       5.050000           0.017161
       5.150000           0.016215
       5.250000           0.015797
       5.350000           0.015759
       5.450000           0.016017
       5.550000           0.016489
       5.650000           0.017033
       5.750000           0.017470
       5.850000           0.017730
       5.950000           0.017807
       6.050000           0.017792
       6.150000           0.017745
       6.250000           0.017697
       6.350000           0.017699
       6.450000           0.017753
       6.550000           0.017819
       6.650000           0.017911
       6.750000           0.018006
       6.850000           0.018081
       6.950000           0.018148
       7.050000           0.018210
       7.150000           0.018302
       7.250000           0.018423
       7.350000           0.018576
       7.450000           0.018742
       7.550000           0.018903
       7.650000           0.019071
       7.750000           0.019259
       7.850000           0.019478
       7.950000           0.019708
       8.050000           0.019936
       8.150000           0.020160
       8.250000           0.020369
       8.350000           0.020544
       8.450000           0.020716
       8.550000           0.020865
       8.650000           0.021033
       8.750000           0.021195
       8.850000           0.021362
       8.950000           0.021547
       9.050000           0.021721
       9.150000           0.021882
       9.250000           0.022031
       9.350000           0.022160
       9.450000           0.022287
       9.550000           0.022411
       9.650000           0.022549
       9.750000           0.022694
       9.850000           0.022831
       9.950000           0.022973
      10.050000           0.023109
      10.150000           0.023233
      10.250000           0.023347
      10.350000           0.023453
      10.450000           0.023554
      10.550000           0.023653
      10.650000           0.023754
      10.750000           0.023854
      10.850000           0.023946
      10.950000           0.024043
      11.050000           0.024134
      11.150000           0.024219
      11.250000           0.024278
      11.350000           0.024316
      11.450000           0.024335
      11.550000           0.024344
      11.650000           0.024353
      11.750000           0.024386
      11.850000           0.024423
      11.950000           0.024479
      12.050000           0.024553
      12.150000           0.024626
      12.250000           0.024703
      12.350000           0.024778
      12.450000           0.024856
      12.550000           0.024920
      12.650000           0.024987
      12.750000           0.025046
      12.850000           0.025106
      12.950000           0.025151
      13.050000           0.025203
      13.150000           0.025241
      13.250000           0.025281
      13.350000           0.025332
      13.450000           0.025374
      13.550000           0.025422
      13.650000           0.025465
      13.750000           0.025511
      13.850000           0.025559
      13.950000           0.025604
      14.050000           0.025653
      14.150000           0.025701
      14.250000           0.025754
      14.350000           0.025810
      14.450000           0.025855
      14.550000           0.025912
      14.650000           0.025957
      14.750000           0.026008
      14.850000           0.026057
      14.950000           0.026106
      15.050000           0.026147
      15.150000           0.026197
      15.250000           0.026241
      15.350000           0.026288
      15.450000           0.026335
      15.550000           0.026382
      15.650000           0.026427
      15.750000           0.026480
      15.850000           0.026532
      15.950000           0.026580
      16.050000           0.026632
      16.150000           0.026679
      16.250000           0.026736
      16.350000           0.026782
      16.450000           0.026835
      16.550000           0.026882
      16.650000           0.026930
      16.750000           0.026973
      16.850000           0.027020
      16.950000           0.027067
      17.050000           0.027106
      17.150000           0.027151
      17.250000           0.027187
      17.350000           0.027229
      17.450000           0.027267
      17.550000           0.027308
      17.650000           0.027344
      17.750000           0.027382
      17.850000           0.027422
      17.950000           0.027460
      18.050000           0.027499
      18.150000           0.027541
      18.250000           0.027583
      18.350000           0.027624
      18.450000           0.027669
      18.550000           0.027712
      18.650000           0.027761
      18.750000           0.027808
      18.850000           0.027858
      18.950000           0.027904
      19.050000           0.027952
      19.150000           0.028000
      19.250000           0.028045
      19.350000           0.028095
      19.450000           0.028135
      19.550000           0.028179
      19.650000           0.028222
      19.750000           0.028266
      19.850000           0.028306
      19.950000           0.028345
      20.050000           0.028386
      20.150000           0.028428
      20.250000           0.028468
      20.350000           0.028503
      20.450000           0.028544
      20.550000           0.028582
      20.650000           0.028618
      20.750000           0.028651
      20.850000           0.028687
      20.950000           0.028721
      21.050000           0.028755
      21.150000           0.028790
      21.250000           0.028822
      21.350000           0.028846
      21.450000           0.028882
      21.550000           0.028910
      21.650000           0.028940
      21.750000           0.028970
      21.850000           0.029000
      21.950000           0.029027
      22.050000           0.029059
      22.150000           0.029087
      22.250000           0.029118
      22.350000           0.029148
      22.450000           0.029178
      22.550000           0.029206
      22.650000           0.029234
      22.750000           0.029265
      22.850000           0.029291
      22.950000           0.029323
      23.050000           0.029349
      23.150000           0.029378
      23.250000           0.029410
      23.350000           0.029436
      23.450000           0.029461
      23.550000           0.029492
      23.650000           0.029516
      23.750000           0.029544
      23.850000           0.029570
      23.950000           0.029594
      24.050000           0.029621
      24.150000           0.029645
      24.250000           0.029674
      24.350000           0.029701
      24.450000           0.029724
      24.550000           0.029751
      24.650000           0.029775
      24.750000           0.029802
      24.850000           0.029831
      24.950000           0.029855
      25.050000           0.029879
      25.150000           0.029910
      25.250000           0.029930
      25.350000           0.029956
      25.450000           0.029981
      25.550000           0.030006
      25.650000           0.030033
      25.750000           0.030053
      25.850000           0.030080
      25.950000           0.030101
      26.050000           0.030121
      26.150000           0.030147
      26.250000           0.030171
      26.350000           0.030191
      26.450000           0.030208
      26.550000           0.030234
      26.650000           0.030253
      26.750000           0.030276
      26.850000           0.030301
      26.950000           0.030321
      27.050000           0.030340
      27.150000           0.030366
      27.250000           0.030389
      27.350000           0.030408
      27.450000           0.030434
      27.550000           0.030456
      27.650000           0.030478
      27.750000           0.030499
      27.850000           0.030524
      27.950000           0.030544
      28.050000           0.030564
      28.150000           0.030585
      28.250000           0.030604
      28.350000           0.030622
      28.450000           0.030641
      28.550000           0.030658
      28.650000           0.030676
      28.750000           0.030694
      28.850000           0.030712
      28.950000           0.030728
      29.050000           0.030749
      29.150000           0.030762
      29.250000           0.030781
      29.350000           0.030798
      29.450000           0.030813
      29.550000           0.030830
      29.650000           0.030846
      29.750000           0.030862
      29.850000           0.030877
      29.950000           0.030893
