#Distance_(Ang) :1-50@O2_=>_:WAT@O
       0.050000           0.000000
       0.150000           0.000000
       0.250000           0.000000
       0.350000           0.000000
       0.450000           0.000000
       0.550000           0.000000
       0.650000           0.000000
       0.750000           0.000000
       0.850000           0.000000
       0.950000           0.000000
       1.050000           0.000000
       1.150000           0.000000
       1.250000           0.000000
       1.350000           0.000000
       1.450000           0.000000
       1.550000           0.000000
       1.650000           0.000000
       1.750000           0.000000
       1.850000           0.000000
       1.950000           0.000000
       2.050000           0.000000
       2.150000           0.000000
       2.250000           0.000000
       2.350000           0.000002
       2.450000           0.000375
       2.550000           0.005421
       2.650000           0.017113
       2.750000           0.023181
       2.850000           0.021326
       2.950000           0.018080
       3.050000           0.016318
       3.150000           0.015697
       3.250000           0.015570
       3.350000           0.015509
       3.450000           0.015380
       3.550000           0.015111
       3.650000           0.014704
       3.750000           0.014188
       3.850000           0.013560
       3.950000           0.012899
       4.050000           0.012244
       4.150000           0.011695
       4.250000           0.011279
       4.350000           0.011066
       4.450000           0.011122
       4.550000           0.011463
       4.650000           0.011847
       4.750000           0.011984
       4.850000           0.011940
       4.950000           0.011892
       5.050000           0.012010
       5.150000           0.012308
       5.250000           0.012707
       5.350000           0.013168
       5.450000           0.013642
       5.550000           0.014110
       5.650000           0.014573
       5.750000           0.015031
       5.850000           0.015473
       5.950000           0.015885
       6.050000           0.016261
       6.150000           0.016624
       6.250000           0.016958
       6.350000           0.017278
       6.450000           0.017592
       6.550000           0.017929
       6.650000           0.018322
       6.750000           0.018762
       6.850000           0.019194
       6.950000           0.019560
       7.050000           0.019744
       7.150000           0.019693
       7.250000           0.019505
       7.350000           0.019327
       7.450000           0.019246
       7.550000           0.019234
       7.650000           0.019240
       7.750000           0.019288
       7.850000           0.019357
       7.950000           0.019456
       8.050000           0.019583
       8.150000           0.019722
       8.250000           0.019883
       8.350000           0.020053
       8.450000           0.020248
       8.550000           0.020455
       8.650000           0.020660
       8.750000           0.020881
       8.850000           0.021117
       8.950000           0.021371
       9.050000           0.021614
       9.150000           0.021871
       9.250000           0.022120
       9.350000           0.022374
       9.450000           0.022615
       9.550000           0.022844
       9.650000           0.023038
       9.750000           0.023209
       9.850000           0.023339
       9.950000           0.023444
      10.050000           0.023521
      10.150000           0.023577
      10.250000           0.023618
      10.350000           0.023676
      10.450000           0.023724
      10.550000           0.023776
      10.650000           0.023842
      10.750000           0.023899
      10.850000           0.023964
      10.950000           0.024023
      11.050000           0.024089
      11.150000           0.024142
      11.250000           0.024202
      11.350000           0.024251
      11.450000           0.024308
      11.550000           0.024375
      11.650000           0.024432
      11.750000           0.024501
      11.850000           0.024581
      11.950000           0.024667
      12.050000           0.024751
      12.150000           0.024850
      12.250000           0.024935
      12.350000           0.025017
      12.450000           0.025097
      12.550000           0.025170
      12.650000           0.025235
      12.750000           0.025294
      12.850000           0.025353
      12.950000           0.025398
      13.050000           0.025440
      13.150000           0.025478
      13.250000           0.025509
      13.350000           0.025534
      13.450000           0.025564
      13.550000           0.025596
      13.650000           0.025633
      13.750000           0.025660
      13.850000           0.025696
      13.950000           0.025734
      14.050000           0.025775
      14.150000           0.025817
      14.250000           0.025859
      14.350000           0.025907
      14.450000           0.025954
      14.550000           0.026009
      14.650000           0.026060
      14.750000           0.026113
      14.850000           0.026165
      14.950000           0.026213
      15.050000           0.026269
      15.150000           0.026318
      15.250000           0.026367
      15.350000           0.026419
      15.450000           0.026468
      15.550000           0.026504
      15.650000           0.026549
      15.750000           0.026587
      15.850000           0.026624
      15.950000           0.026660
      16.050000           0.026696
      16.150000           0.026741
      16.250000           0.026782
      16.350000           0.026825
      16.450000           0.026866
      16.550000           0.026914
      16.650000           0.026956
      16.750000           0.026998
      16.850000           0.027040
      16.950000           0.027078
      17.050000           0.027120
      17.150000           0.027158
      17.250000           0.027200
      17.350000           0.027238
      17.450000           0.027279
      17.550000           0.027324
      17.650000           0.027362
      17.750000           0.027404
      17.850000           0.027450
      17.950000           0.027491
      18.050000           0.027538
      18.150000           0.027574
      18.250000           0.027627
      18.350000           0.027667
      18.450000           0.027704
      18.550000           0.027743
      18.650000           0.027784
      18.750000           0.027824
      18.850000           0.027866
      18.950000           0.027903
      19.050000           0.027947
      19.150000           0.027992
      19.250000           0.028033
      19.350000           0.028073
      19.450000           0.028118
      19.550000           0.028157
      19.650000           0.028199
      19.750000           0.028237
      19.850000           0.028281
      19.950000           0.028321
      20.050000           0.028362
      20.150000           0.028403
      20.250000           0.028439
      20.350000           0.028480
      20.450000           0.028523
      20.550000           0.028559
      20.650000           0.028596
      20.750000           0.028631
      20.850000           0.028666
      20.950000           0.028709
      21.050000           0.028744
      21.150000           0.028778
      21.250000           0.028815
      21.350000           0.028848
      21.450000           0.028886
      21.550000           0.028919
      21.650000           0.028954
      21.750000           0.028986
      21.850000           0.029019
      21.950000           0.029049
      22.050000           0.029080
      22.150000           0.029107
      22.250000           0.029140
      22.350000           0.029162
      22.450000           0.029190
      22.550000           0.029214
      22.650000           0.029241
      22.750000           0.029266
      22.850000           0.029286
      22.950000           0.029312
      23.050000           0.029336
      23.150000           0.029361
      23.250000           0.029389
      23.350000           0.029414
      23.450000           0.029444
      23.550000           0.029470
      23.650000           0.029494
      23.750000           0.029521
      23.850000           0.029544
      23.950000           0.029567
      24.050000           0.029597
      24.150000           0.029620
      24.250000           0.029648
      24.350000           0.029671
      24.450000           0.029697
      24.550000           0.029717
      24.650000           0.029744
      24.750000           0.029769
      24.850000           0.029792
      24.950000           0.029818
      25.050000           0.029844
      25.150000           0.029867
      25.250000           0.029889
      25.350000           0.029917
      25.450000           0.029945
      25.550000           0.029969
      25.650000           0.029997
      25.750000           0.030021
      25.850000           0.030046
      25.950000           0.030070
      26.050000           0.030096
      26.150000           0.030118
      26.250000           0.030144
      26.350000           0.030164
      26.450000           0.030193
      26.550000           0.030214
      26.650000           0.030237
      26.750000           0.030261
      26.850000           0.030285
      26.950000           0.030305
      27.050000           0.030330
      27.150000           0.030351
      27.250000           0.030370
      27.350000           0.030392
      27.450000           0.030414
      27.550000           0.030434
      27.650000           0.030457
      27.750000           0.030478
      27.850000           0.030499
      27.950000           0.030517
      28.050000           0.030539
      28.150000           0.030559
      28.250000           0.030578
      28.350000           0.030597
      28.450000           0.030614
      28.550000           0.030637
      28.650000           0.030655
      28.750000           0.030674
      28.850000           0.030693
      28.950000           0.030709
      29.050000           0.030731
      29.150000           0.030750
      29.250000           0.030769
      29.350000           0.030785
      29.450000           0.030803
      29.550000           0.030825
      29.650000           0.030842
      29.750000           0.030858
      29.850000           0.030875
      29.950000           0.030895
