#Distance_(Ang) :U,U3@P_=>_:WAT@O
       0.050000          0.000000
       0.150000          0.000000
       0.250000          0.000000
       0.350000          0.000000
       0.450000          0.000000
       0.550000          0.000000
       0.650000          0.000000
       0.750000          0.000000
       0.850000          0.000000
       0.950000          0.000000
       1.050000          0.000000
       1.150000          0.000000
       1.250000          0.000000
       1.350000          0.000000
       1.450000          0.000000
       1.550000          0.000000
       1.650000          0.000000
       1.750000          0.000000
       1.850000          0.000000
       1.950000          0.000000
       2.050000          0.000000
       2.150000          0.000000
       2.250000          0.000000
       2.350000          0.000000
       2.450000          0.000000
       2.550000          0.000000
       2.650000          0.000000
       2.750000          0.000000
       2.850000          0.000000
       2.950000          0.000018
       3.050000          0.000312
       3.150000          0.002145
       3.250000          0.007814
       3.350000          0.018086
       3.450000          0.029947
       3.550000          0.038602
       3.650000          0.041923
       3.750000          0.041398
       3.850000          0.038813
       3.950000          0.034029
       4.050000          0.026639
       4.150000          0.019131
       4.250000          0.014240
       4.350000          0.012073
       4.450000          0.011420
       4.550000          0.011442
       4.650000          0.011759
       4.750000          0.012245
       4.850000          0.012836
       4.950000          0.013522
       5.050000          0.014304
       5.150000          0.015135
       5.250000          0.015994
       5.350000          0.016832
       5.450000          0.017642
       5.550000          0.018397
       5.650000          0.019086
       5.750000          0.019663
       5.850000          0.020093
       5.950000          0.020313
       6.050000          0.020242
       6.150000          0.019999
       6.250000          0.019626
       6.350000          0.019269
       6.450000          0.018944
       6.550000          0.018725
       6.650000          0.018610
       6.750000          0.018600
       6.850000          0.018683
       6.950000          0.018849
       7.050000          0.019045
       7.150000          0.019286
       7.250000          0.019496
       7.350000          0.019699
       7.450000          0.019872
       7.550000          0.020002
       7.650000          0.020123
       7.750000          0.020220
       7.850000          0.020346
       7.950000          0.020469
       8.050000          0.020609
       8.150000          0.020745
       8.250000          0.020849
       8.350000          0.020931
       8.450000          0.021000
       8.550000          0.021056
       8.650000          0.021115
       8.750000          0.021189
       8.850000          0.021275
       8.950000          0.021380
       9.050000          0.021498
       9.150000          0.021620
       9.250000          0.021753
       9.350000          0.021904
       9.450000          0.022055
       9.550000          0.022218
       9.650000          0.022375
       9.750000          0.022522
       9.850000          0.022662
       9.950000          0.022768
      10.050000          0.022871
      10.150000          0.022951
      10.250000          0.022986
      10.350000          0.022997
      10.450000          0.022979
      10.550000          0.022955
      10.650000          0.022928
      10.750000          0.022911
      10.850000          0.022912
      10.950000          0.022938
      11.050000          0.022973
      11.150000          0.023042
      11.250000          0.023100
      11.350000          0.023175
      11.450000          0.023247
      11.550000          0.023339
      11.650000          0.023415
      11.750000          0.023495
      11.850000          0.023587
      11.950000          0.023692
      12.050000          0.023799
      12.150000          0.023904
      12.250000          0.024033
      12.350000          0.024143
      12.450000          0.024252
      12.550000          0.024363
      12.650000          0.024469
      12.750000          0.024567
      12.850000          0.024663
      12.950000          0.024763
      13.050000          0.024850
      13.150000          0.024933
      13.250000          0.025013
      13.350000          0.025091
      13.450000          0.025161
      13.550000          0.025226
      13.650000          0.025303
      13.750000          0.025374
      13.850000          0.025439
      13.950000          0.025520
      14.050000          0.025589
      14.150000          0.025665
      14.250000          0.025743
      14.350000          0.025812
      14.450000          0.025888
      14.550000          0.025958
      14.650000          0.026031
      14.750000          0.026098
      14.850000          0.026159
      14.950000          0.026227
      15.050000          0.026287
      15.150000          0.026346
      15.250000          0.026401
      15.350000          0.026463
      15.450000          0.026519
      15.550000          0.026562
      15.650000          0.026616
      15.750000          0.026669
      15.850000          0.026709
      15.950000          0.026759
      16.050000          0.026804
      16.150000          0.026856
      16.250000          0.026908
      16.350000          0.026960
      16.450000          0.027020
      16.550000          0.027067
      16.650000          0.027125
      16.750000          0.027176
      16.850000          0.027221
      16.950000          0.027271
      17.050000          0.027315
      17.150000          0.027359
      17.250000          0.027407
      17.350000          0.027451
      17.450000          0.027498
      17.550000          0.027543
      17.650000          0.027585
      17.750000          0.027629
      17.850000          0.027672
      17.950000          0.027714
      18.050000          0.027757
      18.150000          0.027788
      18.250000          0.027827
      18.350000          0.027863
      18.450000          0.027895
      18.550000          0.027932
      18.650000          0.027966
      18.750000          0.027998
      18.850000          0.028033
      18.950000          0.028070
      19.050000          0.028106
      19.150000          0.028142
      19.250000          0.028174
      19.350000          0.028210
      19.450000          0.028245
      19.550000          0.028280
      19.650000          0.028309
      19.750000          0.028340
      19.850000          0.028375
      19.950000          0.028412
      20.050000          0.028442
      20.150000          0.028475
      20.250000          0.028512
      20.350000          0.028549
      20.450000          0.028582
      20.550000          0.028620
      20.650000          0.028661
      20.750000          0.028694
      20.850000          0.028733
      20.950000          0.028767
      21.050000          0.028806
      21.150000          0.028837
      21.250000          0.028870
      21.350000          0.028902
      21.450000          0.028934
      21.550000          0.028964
      21.650000          0.028999
      21.750000          0.029028
      21.850000          0.029054
      21.950000          0.029085
      22.050000          0.029117
      22.150000          0.029146
      22.250000          0.029174
      22.350000          0.029200
      22.450000          0.029231
      22.550000          0.029258
      22.650000          0.029287
      22.750000          0.029317
      22.850000          0.029345
      22.950000          0.029375
      23.050000          0.029404
      23.150000          0.029436
      23.250000          0.029462
      23.350000          0.029489
      23.450000          0.029518
      23.550000          0.029545
      23.650000          0.029570
      23.750000          0.029599
      23.850000          0.029624
      23.950000          0.029652
      24.050000          0.029677
      24.150000          0.029704
      24.250000          0.029729
      24.350000          0.029752
      24.450000          0.029779
      24.550000          0.029802
      24.650000          0.029828
      24.750000          0.029853
      24.850000          0.029878
      24.950000          0.029900
      25.050000          0.029924
      25.150000          0.029951
      25.250000          0.029974
      25.350000          0.029999
      25.450000          0.030022
      25.550000          0.030045
      25.650000          0.030068
      25.750000          0.030089
      25.850000          0.030109
      25.950000          0.030136
      26.050000          0.030156
      26.150000          0.030180
      26.250000          0.030200
      26.350000          0.030222
      26.450000          0.030246
      26.550000          0.030265
      26.650000          0.030286
      26.750000          0.030303
      26.850000          0.030323
      26.950000          0.030340
      27.050000          0.030360
      27.150000          0.030378
      27.250000          0.030394
      27.350000          0.030411
      27.450000          0.030431
      27.550000          0.030445
      27.650000          0.030465
      27.750000          0.030479
      27.850000          0.030501
      27.950000          0.030516
      28.050000          0.030528
      28.150000          0.030550
      28.250000          0.030563
      28.350000          0.030579
      28.450000          0.030595
      28.550000          0.030614
      28.650000          0.030629
      28.750000          0.030644
      28.850000          0.030662
      28.950000          0.030677
      29.050000          0.030694
      29.150000          0.030710
      29.250000          0.030726
      29.350000          0.030743
      29.450000          0.030758
      29.550000          0.030773
      29.650000          0.030790
      29.750000          0.030809
      29.850000          0.030824
      29.950000          0.030839
