#Distance_(Ang) :1-50@O4_=>_:WAT@O
       0.050000           0.000000
       0.150000           0.000000
       0.250000           0.000000
       0.350000           0.000000
       0.450000           0.000000
       0.550000           0.000000
       0.650000           0.000000
       0.750000           0.000000
       0.850000           0.000000
       0.950000           0.000000
       1.050000           0.000000
       1.150000           0.000000
       1.250000           0.000000
       1.350000           0.000000
       1.450000           0.000000
       1.550000           0.000000
       1.650000           0.000000
       1.750000           0.000000
       1.850000           0.000000
       1.950000           0.000000
       2.050000           0.000000
       2.150000           0.000000
       2.250000           0.000000
       2.350000           0.000003
       2.450000           0.000574
       2.550000           0.008043
       2.650000           0.024931
       2.750000           0.033085
       2.850000           0.029556
       2.950000           0.023939
       3.050000           0.020526
       3.150000           0.019031
       3.250000           0.018514
       3.350000           0.018338
       3.450000           0.018200
       3.550000           0.018004
       3.650000           0.017768
       3.750000           0.017484
       3.850000           0.017167
       3.950000           0.016826
       4.050000           0.016513
       4.150000           0.016275
       4.250000           0.016111
       4.350000           0.016072
       4.450000           0.016257
       4.550000           0.016719
       4.650000           0.017200
       4.750000           0.017437
       4.850000           0.017530
       4.950000           0.017680
       5.050000           0.017952
       5.150000           0.018260
       5.250000           0.018523
       5.350000           0.018716
       5.450000           0.018807
       5.550000           0.018870
       5.650000           0.018924
       5.750000           0.018967
       5.850000           0.019006
       5.950000           0.019059
       6.050000           0.019127
       6.150000           0.019162
       6.250000           0.019198
       6.350000           0.019233
       6.450000           0.019269
       6.550000           0.019321
       6.650000           0.019385
       6.750000           0.019461
       6.850000           0.019576
       6.950000           0.019727
       7.050000           0.019884
       7.150000           0.019937
       7.250000           0.019868
       7.350000           0.019763
       7.450000           0.019694
       7.550000           0.019690
       7.650000           0.019732
       7.750000           0.019796
       7.850000           0.019903
       7.950000           0.020019
       8.050000           0.020146
       8.150000           0.020298
       8.250000           0.020435
       8.350000           0.020580
       8.450000           0.020727
       8.550000           0.020860
       8.650000           0.020977
       8.750000           0.021088
       8.850000           0.021183
       8.950000           0.021266
       9.050000           0.021336
       9.150000           0.021405
       9.250000           0.021493
       9.350000           0.021587
       9.450000           0.021690
       9.550000           0.021795
       9.650000           0.021911
       9.750000           0.022037
       9.850000           0.022180
       9.950000           0.022341
      10.050000           0.022509
      10.150000           0.022676
      10.250000           0.022852
      10.350000           0.023047
      10.450000           0.023255
      10.550000           0.023456
      10.650000           0.023639
      10.750000           0.023794
      10.850000           0.023918
      10.950000           0.024008
      11.050000           0.024078
      11.150000           0.024123
      11.250000           0.024151
      11.350000           0.024169
      11.450000           0.024180
      11.550000           0.024183
      11.650000           0.024192
      11.750000           0.024222
      11.850000           0.024242
      11.950000           0.024277
      12.050000           0.024326
      12.150000           0.024387
      12.250000           0.024448
      12.350000           0.024519
      12.450000           0.024593
      12.550000           0.024673
      12.650000           0.024763
      12.750000           0.024850
      12.850000           0.024941
      12.950000           0.025037
      13.050000           0.025128
      13.150000           0.025204
      13.250000           0.025269
      13.350000           0.025313
      13.450000           0.025363
      13.550000           0.025400
      13.650000           0.025453
      13.750000           0.025497
      13.850000           0.025546
      13.950000           0.025589
      14.050000           0.025635
      14.150000           0.025674
      14.250000           0.025713
      14.350000           0.025752
      14.450000           0.025793
      14.550000           0.025828
      14.650000           0.025873
      14.750000           0.025918
      14.850000           0.025962
      14.950000           0.026002
      15.050000           0.026054
      15.150000           0.026102
      15.250000           0.026162
      15.350000           0.026222
      15.450000           0.026276
      15.550000           0.026337
      15.650000           0.026401
      15.750000           0.026462
      15.850000           0.026525
      15.950000           0.026586
      16.050000           0.026637
      16.150000           0.026691
      16.250000           0.026743
      16.350000           0.026792
      16.450000           0.026829
      16.550000           0.026877
      16.650000           0.026920
      16.750000           0.026958
      16.850000           0.026997
      16.950000           0.027036
      17.050000           0.027082
      17.150000           0.027124
      17.250000           0.027172
      17.350000           0.027217
      17.450000           0.027270
      17.550000           0.027317
      17.650000           0.027369
      17.750000           0.027424
      17.850000           0.027475
      17.950000           0.027523
      18.050000           0.027573
      18.150000           0.027625
      18.250000           0.027672
      18.350000           0.027722
      18.450000           0.027774
      18.550000           0.027822
      18.650000           0.027865
      18.750000           0.027912
      18.850000           0.027956
      18.950000           0.028000
      19.050000           0.028044
      19.150000           0.028088
      19.250000           0.028125
      19.350000           0.028166
      19.450000           0.028200
      19.550000           0.028235
      19.650000           0.028275
      19.750000           0.028310
      19.850000           0.028345
      19.950000           0.028379
      20.050000           0.028412
      20.150000           0.028447
      20.250000           0.028481
      20.350000           0.028513
      20.450000           0.028548
      20.550000           0.028583
      20.650000           0.028616
      20.750000           0.028651
      20.850000           0.028683
      20.950000           0.028718
      21.050000           0.028749
      21.150000           0.028787
      21.250000           0.028821
      21.350000           0.028853
      21.450000           0.028884
      21.550000           0.028919
      21.650000           0.028952
      21.750000           0.028985
      21.850000           0.029015
      21.950000           0.029045
      22.050000           0.029077
      22.150000           0.029106
      22.250000           0.029136
      22.350000           0.029167
      22.450000           0.029197
      22.550000           0.029230
      22.650000           0.029257
      22.750000           0.029286
      22.850000           0.029318
      22.950000           0.029348
      23.050000           0.029374
      23.150000           0.029404
      23.250000           0.029437
      23.350000           0.029466
      23.450000           0.029496
      23.550000           0.029524
      23.650000           0.029552
      23.750000           0.029583
      23.850000           0.029610
      23.950000           0.029638
      24.050000           0.029664
      24.150000           0.029696
      24.250000           0.029723
      24.350000           0.029747
      24.450000           0.029778
      24.550000           0.029798
      24.650000           0.029827
      24.750000           0.029850
      24.850000           0.029875
      24.950000           0.029896
      25.050000           0.029919
      25.150000           0.029940
      25.250000           0.029960
      25.350000           0.029980
      25.450000           0.030004
      25.550000           0.030028
      25.650000           0.030046
      25.750000           0.030069
      25.850000           0.030089
      25.950000           0.030109
      26.050000           0.030133
      26.150000           0.030156
      26.250000           0.030179
      26.350000           0.030200
      26.450000           0.030222
      26.550000           0.030248
      26.650000           0.030269
      26.750000           0.030292
      26.850000           0.030318
      26.950000           0.030338
      27.050000           0.030363
      27.150000           0.030383
      27.250000           0.030405
      27.350000           0.030428
      27.450000           0.030449
      27.550000           0.030472
      27.650000           0.030491
      27.750000           0.030511
      27.850000           0.030528
      27.950000           0.030550
      28.050000           0.030567
      28.150000           0.030589
      28.250000           0.030606
      28.350000           0.030623
      28.450000           0.030642
      28.550000           0.030656
      28.650000           0.030677
      28.750000           0.030693
      28.850000           0.030709
      28.950000           0.030726
      29.050000           0.030742
      29.150000           0.030759
      29.250000           0.030776
      29.350000           0.030793
      29.450000           0.030807
      29.550000           0.030821
      29.650000           0.030838
      29.750000           0.030856
      29.850000           0.030871
      29.950000           0.030887
