   0.050   0.000
   0.150   0.000
   0.250   0.000
   0.350   0.000
   0.450   0.000
   0.550   0.000
   0.650   0.000
   0.750   0.000
   0.850   0.000
   0.950   0.000
   1.050   0.000
   1.150   0.000
   1.250   0.000
   1.350   0.000
   1.450   0.000
   1.550   0.000
   1.650   0.000
   1.750   0.000
   1.850   0.000
   1.950   0.000
   2.050   0.000
   2.150   0.000
   2.250   0.000
   2.350   0.000
   2.450   0.000
   2.550   0.000
   2.650   0.000
   2.750   0.000
   2.850   0.000
   2.950   0.002
   3.050   0.018
   3.150   0.085
   3.250   0.215
   3.350   0.374
   3.450   0.466
   3.550   0.478
   3.650   0.476
   3.750   0.470
   3.850   0.430
   3.950   0.350
   4.050   0.244
   4.150   0.147
   4.250   0.084
   4.350   0.052
   4.450   0.037
   4.550   0.032
   4.650   0.032
   4.750   0.035
   4.850   0.042
   4.950   0.050
   5.050   0.060
   5.150   0.071
   5.250   0.082
   5.350   0.095
   5.450   0.109
   5.550   0.123
   5.650   0.138
   5.750   0.151
   5.850   0.161
   5.950   0.165
   6.050   0.164
   6.150   0.157
   6.250   0.149
   6.350   0.139
   6.450   0.129
   6.550   0.119
   6.650   0.110
   6.750   0.102
   6.850   0.097
   6.950   0.093
   7.050   0.093
   7.150   0.095
   7.250   0.101
   7.350   0.110
   7.450   0.120
   7.550   0.130
   7.650   0.137
   7.750   0.143
   7.850   0.147
   7.950   0.149
   8.050   0.150
   8.150   0.150
   8.250   0.153
   8.350   0.157
   8.450   0.161
   8.550   0.166
   8.650   0.172
   8.750   0.178
   8.850   0.184
   8.950   0.189
   9.050   0.193
   9.150   0.196
   9.250   0.199
   9.350   0.200
   9.450   0.200
   9.550   0.198
   9.650   0.195
   9.750   0.190
   9.850   0.185
   9.950   0.179
  10.050   0.173
  10.150   0.165
  10.250   0.157
  10.350   0.148
  10.450   0.138
  10.550   0.128
  10.650   0.120
  10.750   0.113
  10.850   0.110
  10.950   0.108
  11.050   0.107
  11.150   0.108
  11.250   0.108
  11.350   0.108
  11.450   0.108
  11.550   0.109
  11.650   0.109
  11.750   0.109
  11.850   0.110
  11.950   0.110
  12.050   0.110
  12.150   0.109
  12.250   0.109
  12.350   0.108
  12.450   0.106
  12.550   0.105
  12.650   0.104
  12.750   0.104
  12.850   0.104
  12.950   0.105
  13.050   0.106
  13.150   0.107
  13.250   0.107
  13.350   0.107
  13.450   0.107
  13.550   0.107
  13.650   0.107
  13.750   0.107
  13.850   0.106
  13.950   0.104
  14.050   0.103
  14.150   0.101
  14.250   0.100
  14.350   0.098
  14.450   0.096
  14.550   0.095
  14.650   0.093
  14.750   0.092
  14.850   0.090
  14.950   0.089
  15.050   0.088
  15.150   0.088
  15.250   0.087
  15.350   0.087
  15.450   0.087
  15.550   0.086
  15.650   0.086
  15.750   0.085
  15.850   0.085
  15.950   0.084
  16.050   0.083
  16.150   0.082
  16.250   0.081
  16.350   0.081
  16.450   0.080
  16.550   0.080
  16.650   0.080
  16.750   0.080
  16.850   0.080
  16.950   0.080
  17.050   0.079
  17.150   0.079
  17.250   0.079
  17.350   0.078
  17.450   0.078
  17.550   0.077
  17.650   0.076
  17.750   0.076
  17.850   0.076
  17.950   0.075
  18.050   0.075
  18.150   0.075
  18.250   0.074
  18.350   0.074
  18.450   0.074
  18.550   0.073
  18.650   0.073
  18.750   0.073
  18.850   0.072
  18.950   0.072
  19.050   0.072
  19.150   0.071
  19.250   0.071
  19.350   0.071
  19.450   0.070
  19.550   0.070
  19.650   0.069
  19.750   0.069
  19.850   0.069
  19.950   0.068
  20.050   0.068
  20.150   0.067
  20.250   0.067
  20.350   0.067
  20.450   0.066
  20.550   0.066
  20.650   0.065
  20.750   0.065
  20.850   0.065
  20.950   0.064
  21.050   0.063
  21.150   0.063
  21.250   0.063
  21.350   0.062
  21.450   0.062
  21.550   0.061
  21.650   0.061
  21.750   0.060
  21.850   0.060
  21.950   0.060
  22.050   0.059
  22.150   0.058
  22.250   0.058
  22.350   0.057
  22.450   0.056
  22.550   0.056
  22.650   0.055
  22.750   0.055
  22.850   0.054
  22.950   0.054
  23.050   0.054
  23.150   0.054
  23.250   0.054
  23.350   0.054
  23.450   0.053
  23.550   0.053
  23.650   0.053
  23.750   0.053
  23.850   0.053
  23.950   0.053
  24.050   0.052
  24.150   0.052
  24.250   0.052
  24.350   0.051
  24.450   0.051
  24.550   0.051
  24.650   0.050
  24.750   0.050
  24.850   0.050
  24.950   0.049
  25.050   0.049
  25.150   0.048
  25.250   0.048
  25.350   0.048
  25.450   0.048
  25.550   0.047
  25.650   0.047
  25.750   0.047
  25.850   0.046
  25.950   0.046
  26.050   0.046
  26.150   0.045
  26.250   0.045
  26.350   0.045
  26.450   0.045
  26.550   0.044
  26.650   0.044
  26.750   0.043
  26.850   0.043
  26.950   0.043
  27.050   0.042
  27.150   0.042
  27.250   0.042
  27.350   0.041
  27.450   0.041
  27.550   0.041
  27.650   0.041
  27.750   0.041
  27.850   0.040
  27.950   0.040
  28.050   0.040
  28.150   0.040
  28.250   0.040
  28.350   0.039
  28.450   0.039
  28.550   0.039
  28.650   0.039
  28.750   0.039
  28.850   0.039
  28.950   0.038
  29.050   0.038
  29.150   0.038
  29.250   0.038
  29.350   0.038
  29.450   0.038
  29.550   0.038
  29.650   0.038
  29.750   0.037
  29.850   0.037
  29.950   0.037
