   0.050   0.000
   0.150   0.000
   0.250   0.000
   0.350   0.000
   0.450   0.000
   0.550   0.000
   0.650   0.000
   0.750   0.000
   0.850   0.000
   0.950   0.000
   1.050   0.000
   1.150   0.000
   1.250   0.000
   1.350   0.000
   1.450   0.000
   1.550   0.000
   1.650   0.000
   1.750   0.000
   1.850   0.000
   1.950   0.000
   2.050   0.000
   2.150   0.000
   2.250   0.000
   2.350   0.000
   2.450   0.000
   2.550   0.056
   2.650   0.599
   2.750   1.557
   2.850   1.740
   2.950   1.232
   3.050   0.717
   3.150   0.401
   3.250   0.239
   3.350   0.158
   3.450   0.119
   3.550   0.101
   3.650   0.095
   3.750   0.098
   3.850   0.105
   3.950   0.117
   4.050   0.132
   4.150   0.149
   4.250   0.169
   4.350   0.190
   4.450   0.211
   4.550   0.233
   4.650   0.253
   4.750   0.258
   4.850   0.234
   4.950   0.194
   5.050   0.161
   5.150   0.141
   5.250   0.132
   5.350   0.129
   5.450   0.130
   5.550   0.133
   5.650   0.138
   5.750   0.142
   5.850   0.146
   5.950   0.149
   6.050   0.150
   6.150   0.150
   6.250   0.149
   6.350   0.148
   6.450   0.148
   6.550   0.148
   6.650   0.148
   6.750   0.145
   6.850   0.141
   6.950   0.136
   7.050   0.132
   7.150   0.128
   7.250   0.126
   7.350   0.125
   7.450   0.124
   7.550   0.125
   7.650   0.125
   7.750   0.125
   7.850   0.125
   7.950   0.125
   8.050   0.126
   8.150   0.126
   8.250   0.126
   8.350   0.126
   8.450   0.125
   8.550   0.125
   8.650   0.126
   8.750   0.127
   8.850   0.128
   8.950   0.129
   9.050   0.131
   9.150   0.133
   9.250   0.135
   9.350   0.138
   9.450   0.140
   9.550   0.141
   9.650   0.141
   9.750   0.140
   9.850   0.139
   9.950   0.138
  10.050   0.138
  10.150   0.139
  10.250   0.141
  10.350   0.142
  10.450   0.143
  10.550   0.142
  10.650   0.140
  10.750   0.137
  10.850   0.134
  10.950   0.132
  11.050   0.130
  11.150   0.128
  11.250   0.126
  11.350   0.124
  11.450   0.123
  11.550   0.121
  11.650   0.119
  11.750   0.118
  11.850   0.117
  11.950   0.117
  12.050   0.118
  12.150   0.119
  12.250   0.121
  12.350   0.122
  12.450   0.123
  12.550   0.124
  12.650   0.124
  12.750   0.124
  12.850   0.123
  12.950   0.122
  13.050   0.121
  13.150   0.120
  13.250   0.118
  13.350   0.116
  13.450   0.114
  13.550   0.113
  13.650   0.111
  13.750   0.110
  13.850   0.108
  13.950   0.107
  14.050   0.106
  14.150   0.106
  14.250   0.105
  14.350   0.105
  14.450   0.105
  14.550   0.104
  14.650   0.104
  14.750   0.104
  14.850   0.104
  14.950   0.104
  15.050   0.103
  15.150   0.103
  15.250   0.102
  15.350   0.102
  15.450   0.101
  15.550   0.099
  15.650   0.098
  15.750   0.097
  15.850   0.096
  15.950   0.095
  16.050   0.094
  16.150   0.093
  16.250   0.092
  16.350   0.091
  16.450   0.090
  16.550   0.090
  16.650   0.089
  16.750   0.088
  16.850   0.087
  16.950   0.087
  17.050   0.087
  17.150   0.086
  17.250   0.086
  17.350   0.085
  17.450   0.085
  17.550   0.084
  17.650   0.083
  17.750   0.083
  17.850   0.082
  17.950   0.081
  18.050   0.081
  18.150   0.081
  18.250   0.081
  18.350   0.080
  18.450   0.080
  18.550   0.079
  18.650   0.079
  18.750   0.078
  18.850   0.077
  18.950   0.076
  19.050   0.075
  19.150   0.074
  19.250   0.073
  19.350   0.072
  19.450   0.071
  19.550   0.070
  19.650   0.069
  19.750   0.068
  19.850   0.068
  19.950   0.067
  20.050   0.067
  20.150   0.066
  20.250   0.066
  20.350   0.065
  20.450   0.065
  20.550   0.065
  20.650   0.064
  20.750   0.064
  20.850   0.064
  20.950   0.063
  21.050   0.063
  21.150   0.062
  21.250   0.062
  21.350   0.061
  21.450   0.061
  21.550   0.060
  21.650   0.060
  21.750   0.060
  21.850   0.059
  21.950   0.059
  22.050   0.058
  22.150   0.058
  22.250   0.058
  22.350   0.057
  22.450   0.057
  22.550   0.056
  22.650   0.056
  22.750   0.055
  22.850   0.055
  22.950   0.054
  23.050   0.054
  23.150   0.053
  23.250   0.053
  23.350   0.052
  23.450   0.052
  23.550   0.051
  23.650   0.051
  23.750   0.050
  23.850   0.050
  23.950   0.050
  24.050   0.049
  24.150   0.049
  24.250   0.049
  24.350   0.048
  24.450   0.048
  24.550   0.048
  24.650   0.047
  24.750   0.047
  24.850   0.047
  24.950   0.047
  25.050   0.046
  25.150   0.046
  25.250   0.046
  25.350   0.046
  25.450   0.046
  25.550   0.045
  25.650   0.045
  25.750   0.045
  25.850   0.045
  25.950   0.044
  26.050   0.044
  26.150   0.044
  26.250   0.044
  26.350   0.044
  26.450   0.044
  26.550   0.043
  26.650   0.043
  26.750   0.043
  26.850   0.043
  26.950   0.043
  27.050   0.042
  27.150   0.042
  27.250   0.042
  27.350   0.041
  27.450   0.041
  27.550   0.041
  27.650   0.041
  27.750   0.041
  27.850   0.040
  27.950   0.040
  28.050   0.040
  28.150   0.040
  28.250   0.040
  28.350   0.040
  28.450   0.039
  28.550   0.039
  28.650   0.039
  28.750   0.039
  28.850   0.039
  28.950   0.038
  29.050   0.038
  29.150   0.038
  29.250   0.038
  29.350   0.038
  29.450   0.037
  29.550   0.037
  29.650   0.037
  29.750   0.037
  29.850   0.037
  29.950   0.036
