   0.050   0.000
   0.150   0.000
   0.250   0.000
   0.350   0.000
   0.450   0.000
   0.550   0.000
   0.650   0.000
   0.750   0.000
   0.850   0.000
   0.950   0.000
   1.050   0.000
   1.150   0.000
   1.250   0.000
   1.350   0.000
   1.450   0.000
   1.550   0.000
   1.650   0.000
   1.750   0.000
   1.850   0.000
   1.950   0.000
   2.050   0.000
   2.150   0.000
   2.250   0.000
   2.350   0.001
   2.450   0.065
   2.550   0.685
   2.650   1.818
   2.750   2.246
   2.850   1.887
   2.950   1.343
   3.050   0.904
   3.150   0.603
   3.250   0.407
   3.350   0.282
   3.450   0.202
   3.550   0.152
   3.650   0.121
   3.750   0.104
   3.850   0.095
   3.950   0.092
   4.050   0.092
   4.150   0.094
   4.250   0.096
   4.350   0.100
   4.450   0.105
   4.550   0.111
   4.650   0.119
   4.750   0.126
   4.850   0.131
   4.950   0.135
   5.050   0.137
   5.150   0.138
   5.250   0.137
   5.350   0.134
   5.450   0.128
   5.550   0.121
   5.650   0.115
   5.750   0.110
   5.850   0.107
   5.950   0.107
   6.050   0.108
   6.150   0.111
   6.250   0.115
   6.350   0.120
   6.450   0.126
   6.550   0.131
   6.650   0.135
   6.750   0.136
   6.850   0.136
   6.950   0.134
   7.050   0.131
   7.150   0.127
   7.250   0.124
   7.350   0.120
   7.450   0.118
   7.550   0.118
   7.650   0.119
   7.750   0.121
   7.850   0.124
   7.950   0.127
   8.050   0.131
   8.150   0.134
   8.250   0.136
   8.350   0.137
   8.450   0.137
   8.550   0.136
   8.650   0.135
   8.750   0.133
   8.850   0.132
   8.950   0.132
   9.050   0.132
   9.150   0.132
   9.250   0.134
   9.350   0.135
   9.450   0.135
   9.550   0.134
   9.650   0.133
   9.750   0.132
   9.850   0.131
   9.950   0.130
  10.050   0.130
  10.150   0.130
  10.250   0.131
  10.350   0.130
  10.450   0.130
  10.550   0.130
  10.650   0.129
  10.750   0.128
  10.850   0.127
  10.950   0.126
  11.050   0.125
  11.150   0.124
  11.250   0.123
  11.350   0.122
  11.450   0.122
  11.550   0.121
  11.650   0.121
  11.750   0.121
  11.850   0.121
  11.950   0.121
  12.050   0.121
  12.150   0.121
  12.250   0.121
  12.350   0.121
  12.450   0.120
  12.550   0.119
  12.650   0.118
  12.750   0.117
  12.850   0.116
  12.950   0.115
  13.050   0.115
  13.150   0.114
  13.250   0.114
  13.350   0.113
  13.450   0.113
  13.550   0.112
  13.650   0.112
  13.750   0.111
  13.850   0.111
  13.950   0.110
  14.050   0.109
  14.150   0.109
  14.250   0.108
  14.350   0.107
  14.450   0.107
  14.550   0.106
  14.650   0.106
  14.750   0.105
  14.850   0.104
  14.950   0.103
  15.050   0.102
  15.150   0.101
  15.250   0.099
  15.350   0.098
  15.450   0.097
  15.550   0.096
  15.650   0.095
  15.750   0.095
  15.850   0.094
  15.950   0.094
  16.050   0.093
  16.150   0.093
  16.250   0.092
  16.350   0.092
  16.450   0.091
  16.550   0.091
  16.650   0.090
  16.750   0.090
  16.850   0.089
  16.950   0.088
  17.050   0.087
  17.150   0.087
  17.250   0.086
  17.350   0.085
  17.450   0.084
  17.550   0.083
  17.650   0.082
  17.750   0.081
  17.850   0.080
  17.950   0.079
  18.050   0.079
  18.150   0.078
  18.250   0.077
  18.350   0.076
  18.450   0.076
  18.550   0.075
  18.650   0.075
  18.750   0.074
  18.850   0.074
  18.950   0.073
  19.050   0.073
  19.150   0.072
  19.250   0.071
  19.350   0.071
  19.450   0.070
  19.550   0.070
  19.650   0.070
  19.750   0.069
  19.850   0.069
  19.950   0.068
  20.050   0.068
  20.150   0.067
  20.250   0.067
  20.350   0.066
  20.450   0.066
  20.550   0.065
  20.650   0.065
  20.750   0.064
  20.850   0.064
  20.950   0.063
  21.050   0.063
  21.150   0.062
  21.250   0.062
  21.350   0.061
  21.450   0.061
  21.550   0.060
  21.650   0.060
  21.750   0.059
  21.850   0.059
  21.950   0.059
  22.050   0.058
  22.150   0.058
  22.250   0.057
  22.350   0.057
  22.450   0.057
  22.550   0.056
  22.650   0.056
  22.750   0.055
  22.850   0.055
  22.950   0.055
  23.050   0.054
  23.150   0.054
  23.250   0.053
  23.350   0.053
  23.450   0.053
  23.550   0.052
  23.650   0.052
  23.750   0.051
  23.850   0.051
  23.950   0.050
  24.050   0.050
  24.150   0.050
  24.250   0.049
  24.350   0.049
  24.450   0.049
  24.550   0.048
  24.650   0.048
  24.750   0.048
  24.850   0.047
  24.950   0.047
  25.050   0.047
  25.150   0.047
  25.250   0.046
  25.350   0.046
  25.450   0.046
  25.550   0.046
  25.650   0.045
  25.750   0.045
  25.850   0.045
  25.950   0.045
  26.050   0.044
  26.150   0.044
  26.250   0.044
  26.350   0.044
  26.450   0.043
  26.550   0.043
  26.650   0.043
  26.750   0.043
  26.850   0.043
  26.950   0.042
  27.050   0.042
  27.150   0.042
  27.250   0.042
  27.350   0.042
  27.450   0.041
  27.550   0.041
  27.650   0.041
  27.750   0.041
  27.850   0.041
  27.950   0.040
  28.050   0.040
  28.150   0.040
  28.250   0.040
  28.350   0.040
  28.450   0.040
  28.550   0.039
  28.650   0.039
  28.750   0.039
  28.850   0.039
  28.950   0.039
  29.050   0.039
  29.150   0.038
  29.250   0.038
  29.350   0.038
  29.450   0.038
  29.550   0.037
  29.650   0.037
  29.750   0.037
  29.850   0.037
  29.950   0.036
