#Distance_(Ang) :G,G3@P_=>_:WAT@O
       0.050000          0.000000
       0.150000          0.000000
       0.250000          0.000000
       0.350000          0.000000
       0.450000          0.000000
       0.550000          0.000000
       0.650000          0.000000
       0.750000          0.000000
       0.850000          0.000000
       0.950000          0.000000
       1.050000          0.000000
       1.150000          0.000000
       1.250000          0.000000
       1.350000          0.000000
       1.450000          0.000000
       1.550000          0.000000
       1.650000          0.000000
       1.750000          0.000000
       1.850000          0.000000
       1.950000          0.000000
       2.050000          0.000000
       2.150000          0.000000
       2.250000          0.000000
       2.350000          0.000000
       2.450000          0.000000
       2.550000          0.000000
       2.650000          0.000000
       2.750000          0.000000
       2.850000          0.000000
       2.950000          0.000017
       3.050000          0.000299
       3.150000          0.002112
       3.250000          0.008058
       3.350000          0.019558
       3.450000          0.033590
       3.550000          0.044152
       3.650000          0.048727
       3.750000          0.049165
       3.850000          0.047416
       3.950000          0.041700
       4.050000          0.031538
       4.150000          0.021552
       4.250000          0.015503
       4.350000          0.012959
       4.450000          0.012380
       4.550000          0.012679
       4.650000          0.013336
       4.750000          0.014221
       4.850000          0.015336
       4.950000          0.016538
       5.050000          0.017807
       5.150000          0.019091
       5.250000          0.020311
       5.350000          0.021405
       5.450000          0.022320
       5.550000          0.023156
       5.650000          0.023866
       5.750000          0.024481
       5.850000          0.025046
       5.950000          0.025491
       6.050000          0.025799
       6.150000          0.025852
       6.250000          0.025580
       6.350000          0.025140
       6.450000          0.024660
       6.550000          0.024195
       6.650000          0.023905
       6.750000          0.023825
       6.850000          0.023915
       6.950000          0.024163
       7.050000          0.024537
       7.150000          0.024941
       7.250000          0.025367
       7.350000          0.025716
       7.450000          0.026020
       7.550000          0.026283
       7.650000          0.026556
       7.750000          0.026787
       7.850000          0.027001
       7.950000          0.027181
       8.050000          0.027305
       8.150000          0.027391
       8.250000          0.027425
       8.350000          0.027426
       8.450000          0.027437
       8.550000          0.027410
       8.650000          0.027416
       8.750000          0.027416
       8.850000          0.027409
       8.950000          0.027443
       9.050000          0.027470
       9.150000          0.027507
       9.250000          0.027579
       9.350000          0.027669
       9.450000          0.027771
       9.550000          0.027880
       9.650000          0.028005
       9.750000          0.028128
       9.850000          0.028266
       9.950000          0.028400
      10.050000          0.028528
      10.150000          0.028680
      10.250000          0.028831
      10.350000          0.028979
      10.450000          0.029051
      10.550000          0.029099
      10.650000          0.029149
      10.750000          0.029145
      10.850000          0.029147
      10.950000          0.029115
      11.050000          0.029105
      11.150000          0.029102
      11.250000          0.029096
      11.350000          0.029141
      11.450000          0.029192
      11.550000          0.029281
      11.650000          0.029387
      11.750000          0.029573
      11.850000          0.029759
      11.950000          0.029923
      12.050000          0.030038
      12.150000          0.030118
      12.250000          0.030145
      12.350000          0.030115
      12.450000          0.030130
      12.550000          0.030103
      12.650000          0.030093
      12.750000          0.030092
      12.850000          0.030111
      12.950000          0.030097
      13.050000          0.030086
      13.150000          0.030095
      13.250000          0.030055
      13.350000          0.030058
      13.450000          0.030057
      13.550000          0.030056
      13.650000          0.030084
      13.750000          0.030099
      13.850000          0.030126
      13.950000          0.030165
      14.050000          0.030217
      14.150000          0.030259
      14.250000          0.030310
      14.350000          0.030359
      14.450000          0.030406
      14.550000          0.030427
      14.650000          0.030463
      14.750000          0.030461
      14.850000          0.030491
      14.950000          0.030495
      15.050000          0.030514
      15.150000          0.030510
      15.250000          0.030535
      15.350000          0.030538
      15.450000          0.030548
      15.550000          0.030529
      15.650000          0.030530
      15.750000          0.030529
      15.850000          0.030534
      15.950000          0.030509
      16.050000          0.030502
      16.150000          0.030486
      16.250000          0.030495
      16.350000          0.030498
      16.450000          0.030509
      16.550000          0.030519
      16.650000          0.030528
      16.750000          0.030561
      16.850000          0.030568
      16.950000          0.030602
      17.050000          0.030622
      17.150000          0.030648
      17.250000          0.030672
      17.350000          0.030680
      17.450000          0.030703
      17.550000          0.030709
      17.650000          0.030739
      17.750000          0.030745
      17.850000          0.030752
      17.950000          0.030769
      18.050000          0.030766
      18.150000          0.030774
      18.250000          0.030769
      18.350000          0.030784
      18.450000          0.030784
      18.550000          0.030776
      18.650000          0.030785
      18.750000          0.030791
      18.850000          0.030794
      18.950000          0.030799
      19.050000          0.030791
      19.150000          0.030797
      19.250000          0.030807
      19.350000          0.030811
      19.450000          0.030813
      19.550000          0.030822
      19.650000          0.030826
      19.750000          0.030819
      19.850000          0.030828
      19.950000          0.030848
      20.050000          0.030852
      20.150000          0.030860
      20.250000          0.030871
      20.350000          0.030873
      20.450000          0.030882
      20.550000          0.030902
      20.650000          0.030891
      20.750000          0.030900
      20.850000          0.030904
      20.950000          0.030904
      21.050000          0.030921
      21.150000          0.030924
      21.250000          0.030934
      21.350000          0.030934
      21.450000          0.030941
      21.550000          0.030947
      21.650000          0.030941
      21.750000          0.030942
      21.850000          0.030956
      21.950000          0.030947
      22.050000          0.030946
      22.150000          0.030945
      22.250000          0.030952
      22.350000          0.030962
      22.450000          0.030953
      22.550000          0.030956
      22.650000          0.030958
      22.750000          0.030959
      22.850000          0.030969
      22.950000          0.030979
      23.050000          0.030982
      23.150000          0.030989
      23.250000          0.030989
      23.350000          0.030995
      23.450000          0.031004
      23.550000          0.030993
      23.650000          0.031007
      23.750000          0.031016
      23.850000          0.031011
      23.950000          0.031010
      24.050000          0.031015
      24.150000          0.031020
      24.250000          0.031014
      24.350000          0.031022
      24.450000          0.031022
      24.550000          0.031027
      24.650000          0.031030
      24.750000          0.031028
      24.850000          0.031032
      24.950000          0.031044
      25.050000          0.031041
      25.150000          0.031050
      25.250000          0.031038
      25.350000          0.031050
      25.450000          0.031052
      25.550000          0.031054
      25.650000          0.031066
      25.750000          0.031065
      25.850000          0.031072
      25.950000          0.031076
      26.050000          0.031074
      26.150000          0.031080
      26.250000          0.031078
      26.350000          0.031084
      26.450000          0.031083
      26.550000          0.031092
      26.650000          0.031085
      26.750000          0.031094
      26.850000          0.031087
      26.950000          0.031096
      27.050000          0.031099
      27.150000          0.031096
      27.250000          0.031103
      27.350000          0.031107
      27.450000          0.031109
      27.550000          0.031108
      27.650000          0.031112
      27.750000          0.031109
      27.850000          0.031112
      27.950000          0.031120
      28.050000          0.031118
      28.150000          0.031119
      28.250000          0.031124
      28.350000          0.031133
      28.450000          0.031135
      28.550000          0.031143
      28.650000          0.031145
      28.750000          0.031143
      28.850000          0.031148
      28.950000          0.031159
      29.050000          0.031155
      29.150000          0.031160
      29.250000          0.031166
      29.350000          0.031169
      29.450000          0.031168
      29.550000          0.031164
      29.650000          0.031172
      29.750000          0.031172
      29.850000          0.031171
      29.950000          0.031180
