#Distance_(Ang) :1-10@N3_=>_:WAT@O
       0.050000           0.000000
       0.150000           0.000000
       0.250000           0.000000
       0.350000           0.000000
       0.450000           0.000000
       0.550000           0.000000
       0.650000           0.000000
       0.750000           0.000000
       0.850000           0.000000
       0.950000           0.000000
       1.050000           0.000000
       1.150000           0.000000
       1.250000           0.000000
       1.350000           0.000000
       1.450000           0.000000
       1.550000           0.000000
       1.650000           0.000000
       1.750000           0.000000
       1.850000           0.000000
       1.950000           0.000000
       2.050000           0.000000
       2.150000           0.000000
       2.250000           0.000000
       2.350000           0.000000
       2.450000           0.000000
       2.550000           0.000003
       2.650000           0.000351
       2.750000           0.004240
       2.850000           0.012010
       2.950000           0.015853
       3.050000           0.015306
       3.150000           0.014164
       3.250000           0.013646
       3.350000           0.013700
       3.450000           0.014079
       3.550000           0.014652
       3.650000           0.015291
       3.750000           0.015930
       3.850000           0.016591
       3.950000           0.017179
       4.050000           0.017692
       4.150000           0.018127
       4.250000           0.018447
       4.350000           0.018710
       4.450000           0.018944
       4.550000           0.019327
       4.650000           0.019870
       4.750000           0.020606
       4.850000           0.020844
       4.950000           0.019999
       5.050000           0.018633
       5.150000           0.017688
       5.250000           0.017255
       5.350000           0.017277
       5.450000           0.017692
       5.550000           0.018305
       5.650000           0.018972
       5.750000           0.019593
       5.850000           0.020014
       5.950000           0.020240
       6.050000           0.020407
       6.150000           0.020422
       6.250000           0.020436
       6.350000           0.020433
       6.450000           0.020461
       6.550000           0.020507
       6.650000           0.020538
       6.750000           0.020592
       6.850000           0.020679
       6.950000           0.020797
       7.050000           0.020866
       7.150000           0.020977
       7.250000           0.021104
       7.350000           0.021220
       7.450000           0.021368
       7.550000           0.021553
       7.650000           0.021718
       7.750000           0.021897
       7.850000           0.022117
       7.950000           0.022374
       8.050000           0.022655
       8.150000           0.022974
       8.250000           0.023271
       8.350000           0.023550
       8.450000           0.023835
       8.550000           0.024092
       8.650000           0.024323
       8.750000           0.024572
       8.850000           0.024811
       8.950000           0.025035
       9.050000           0.025227
       9.150000           0.025406
       9.250000           0.025560
       9.350000           0.025719
       9.450000           0.025838
       9.550000           0.025951
       9.650000           0.026086
       9.750000           0.026206
       9.850000           0.026293
       9.950000           0.026380
      10.050000           0.026471
      10.150000           0.026550
      10.250000           0.026632
      10.350000           0.026704
      10.450000           0.026781
      10.550000           0.026873
      10.650000           0.026988
      10.750000           0.027108
      10.850000           0.027245
      10.950000           0.027404
      11.050000           0.027568
      11.150000           0.027707
      11.250000           0.027858
      11.350000           0.027981
      11.450000           0.028059
      11.550000           0.028120
      11.650000           0.028140
      11.750000           0.028159
      11.850000           0.028211
      11.950000           0.028267
      12.050000           0.028348
      12.150000           0.028436
      12.250000           0.028520
      12.350000           0.028610
      12.450000           0.028707
      12.550000           0.028783
      12.650000           0.028872
      12.750000           0.028954
      12.850000           0.029016
      12.950000           0.029085
      13.050000           0.029115
      13.150000           0.029174
      13.250000           0.029201
      13.350000           0.029256
      13.450000           0.029294
      13.550000           0.029344
      13.650000           0.029379
      13.750000           0.029434
      13.850000           0.029471
      13.950000           0.029506
      14.050000           0.029564
      14.150000           0.029609
      14.250000           0.029643
      14.350000           0.029687
      14.450000           0.029731
      14.550000           0.029769
      14.650000           0.029821
      14.750000           0.029872
      14.850000           0.029922
      14.950000           0.029953
      15.050000           0.030011
      15.150000           0.030041
      15.250000           0.030092
      15.350000           0.030131
      15.450000           0.030168
      15.550000           0.030213
      15.650000           0.030246
      15.750000           0.030286
      15.850000           0.030308
      15.950000           0.030335
      16.050000           0.030370
      16.150000           0.030411
      16.250000           0.030442
      16.350000           0.030483
      16.450000           0.030491
      16.550000           0.030519
      16.650000           0.030558
      16.750000           0.030597
      16.850000           0.030623
      16.950000           0.030635
      17.050000           0.030664
      17.150000           0.030688
      17.250000           0.030726
      17.350000           0.030752
      17.450000           0.030777
      17.550000           0.030804
      17.650000           0.030828
      17.750000           0.030847
      17.850000           0.030873
      17.950000           0.030889
      18.050000           0.030904
      18.150000           0.030930
      18.250000           0.030936
      18.350000           0.030964
      18.450000           0.030987
      18.550000           0.030992
      18.650000           0.031022
      18.750000           0.031024
      18.850000           0.031040
      18.950000           0.031045
      19.050000           0.031067
      19.150000           0.031088
      19.250000           0.031092
      19.350000           0.031096
      19.450000           0.031123
      19.550000           0.031122
      19.650000           0.031129
      19.750000           0.031142
      19.850000           0.031158
      19.950000           0.031168
      20.050000           0.031174
      20.150000           0.031167
      20.250000           0.031180
      20.350000           0.031181
      20.450000           0.031198
      20.550000           0.031206
      20.650000           0.031232
      20.750000           0.031223
      20.850000           0.031226
      20.950000           0.031250
      21.050000           0.031251
      21.150000           0.031259
      21.250000           0.031266
      21.350000           0.031272
      21.450000           0.031263
      21.550000           0.031290
      21.650000           0.031283
      21.750000           0.031284
      21.850000           0.031290
      21.950000           0.031299
      22.050000           0.031296
      22.150000           0.031310
      22.250000           0.031299
      22.350000           0.031309
      22.450000           0.031315
      22.550000           0.031318
      22.650000           0.031307
      22.750000           0.031321
      22.850000           0.031327
      22.950000           0.031324
      23.050000           0.031332
      23.150000           0.031327
      23.250000           0.031337
      23.350000           0.031334
      23.450000           0.031327
      23.550000           0.031326
      23.650000           0.031328
      23.750000           0.031333
      23.850000           0.031331
      23.950000           0.031338
      24.050000           0.031334
      24.150000           0.031340
      24.250000           0.031337
      24.350000           0.031341
      24.450000           0.031343
      24.550000           0.031344
      24.650000           0.031343
      24.750000           0.031340
      24.850000           0.031349
      24.950000           0.031341
      25.050000           0.031345
      25.150000           0.031346
      25.250000           0.031344
      25.350000           0.031345
      25.450000           0.031350
      25.550000           0.031339
      25.650000           0.031339
      25.750000           0.031341
      25.850000           0.031345
      25.950000           0.031347
      26.050000           0.031347
      26.150000           0.031352
      26.250000           0.031340
      26.350000           0.031352
      26.450000           0.031352
      26.550000           0.031355
      26.650000           0.031346
      26.750000           0.031356
      26.850000           0.031346
      26.950000           0.031339
      27.050000           0.031357
      27.150000           0.031348
      27.250000           0.031345
      27.350000           0.031352
      27.450000           0.031356
      27.550000           0.031353
      27.650000           0.031347
      27.750000           0.031346
      27.850000           0.031344
      27.950000           0.031344
      28.050000           0.031353
      28.150000           0.031348
      28.250000           0.031336
      28.350000           0.031350
      28.450000           0.031340
      28.550000           0.031344
      28.650000           0.031355
      28.750000           0.031353
      28.850000           0.031352
      28.950000           0.031344
      29.050000           0.031348
      29.150000           0.031350
      29.250000           0.031344
      29.350000           0.031352
      29.450000           0.031344
      29.550000           0.031351
      29.650000           0.031348
      29.750000           0.031342
      29.850000           0.031350
      29.950000           0.031347
