#Distance_(Ang) :1-10@O2,O4_=>_:WAT@O
       0.050000              0.000000
       0.150000              0.000000
       0.250000              0.000000
       0.350000              0.000000
       0.450000              0.000000
       0.550000              0.000000
       0.650000              0.000000
       0.750000              0.000000
       0.850000              0.000000
       0.950000              0.000000
       1.050000              0.000000
       1.150000              0.000000
       1.250000              0.000000
       1.350000              0.000000
       1.450000              0.000000
       1.550000              0.000000
       1.650000              0.000000
       1.750000              0.000000
       1.850000              0.000000
       1.950000              0.000000
       2.050000              0.000000
       2.150000              0.000000
       2.250000              0.000000
       2.350000              0.000003
       2.450000              0.000584
       2.550000              0.008488
       2.650000              0.027027
       2.750000              0.037054
       2.850000              0.034163
       2.950000              0.028327
       3.050000              0.024469
       3.150000              0.022696
       3.250000              0.022242
       3.350000              0.022398
       3.450000              0.022863
       3.550000              0.023218
       3.650000              0.023402
       3.750000              0.023266
       3.850000              0.022903
       3.950000              0.022426
       4.050000              0.021884
       4.150000              0.021340
       4.250000              0.020926
       4.350000              0.020570
       4.450000              0.020405
       4.550000              0.020397
       4.650000              0.020525
       4.750000              0.020700
       4.850000              0.020851
       4.950000              0.021110
       5.050000              0.021454
       5.150000              0.021806
       5.250000              0.022135
       5.350000              0.022345
       5.450000              0.022483
       5.550000              0.022590
       5.650000              0.022709
       5.750000              0.022892
       5.850000              0.023099
       5.950000              0.023358
       6.050000              0.023601
       6.150000              0.023899
       6.250000              0.024181
       6.350000              0.024460
       6.450000              0.024733
       6.550000              0.024976
       6.650000              0.025198
       6.750000              0.025403
       6.850000              0.025589
       6.950000              0.025706
       7.050000              0.025744
       7.150000              0.025607
       7.250000              0.025327
       7.350000              0.025085
       7.450000              0.024936
       7.550000              0.024830
       7.650000              0.024831
       7.750000              0.024868
       7.850000              0.024916
       7.950000              0.024993
       8.050000              0.025125
       8.150000              0.025211
       8.250000              0.025340
       8.350000              0.025461
       8.450000              0.025577
       8.550000              0.025694
       8.650000              0.025811
       8.750000              0.025910
       8.850000              0.026004
       8.950000              0.026127
       9.050000              0.026234
       9.150000              0.026347
       9.250000              0.026479
       9.350000              0.026571
       9.450000              0.026693
       9.550000              0.026838
       9.650000              0.026901
       9.750000              0.026939
       9.850000              0.026970
       9.950000              0.027027
      10.050000              0.027041
      10.150000              0.027059
      10.250000              0.027121
      10.350000              0.027197
      10.450000              0.027287
      10.550000              0.027378
      10.650000              0.027491
      10.750000              0.027620
      10.850000              0.027730
      10.950000              0.027816
      11.050000              0.027876
      11.150000              0.027919
      11.250000              0.027944
      11.350000              0.027949
      11.450000              0.027975
      11.550000              0.027964
      11.650000              0.028003
      11.750000              0.027995
      11.850000              0.028031
      11.950000              0.028074
      12.050000              0.028120
      12.150000              0.028185
      12.250000              0.028244
      12.350000              0.028318
      12.450000              0.028374
      12.550000              0.028424
      12.650000              0.028505
      12.750000              0.028568
      12.850000              0.028634
      12.950000              0.028705
      13.050000              0.028778
      13.150000              0.028801
      13.250000              0.028820
      13.350000              0.028858
      13.450000              0.028865
      13.550000              0.028884
      13.650000              0.028939
      13.750000              0.028948
      13.850000              0.028970
      13.950000              0.029024
      14.050000              0.029050
      14.150000              0.029086
      14.250000              0.029138
      14.350000              0.029173
      14.450000              0.029226
      14.550000              0.029281
      14.650000              0.029318
      14.750000              0.029366
      14.850000              0.029423
      14.950000              0.029452
      15.050000              0.029506
      15.150000              0.029549
      15.250000              0.029585
      15.350000              0.029631
      15.450000              0.029663
      15.550000              0.029678
      15.650000              0.029709
      15.750000              0.029741
      15.850000              0.029767
      15.950000              0.029805
      16.050000              0.029831
      16.150000              0.029868
      16.250000              0.029905
      16.350000              0.029932
      16.450000              0.029958
      16.550000              0.030001
      16.650000              0.030046
      16.750000              0.030083
      16.850000              0.030136
      16.950000              0.030165
      17.050000              0.030214
      17.150000              0.030254
      17.250000              0.030286
      17.350000              0.030338
      17.450000              0.030366
      17.550000              0.030378
      17.650000              0.030427
      17.750000              0.030450
      17.850000              0.030478
      17.950000              0.030502
      18.050000              0.030520
      18.150000              0.030541
      18.250000              0.030554
      18.350000              0.030574
      18.450000              0.030591
      18.550000              0.030622
      18.650000              0.030645
      18.750000              0.030665
      18.850000              0.030686
      18.950000              0.030705
      19.050000              0.030726
      19.150000              0.030753
      19.250000              0.030780
      19.350000              0.030813
      19.450000              0.030839
      19.550000              0.030863
      19.650000              0.030894
      19.750000              0.030908
      19.850000              0.030938
      19.950000              0.030949
      20.050000              0.030982
      20.150000              0.030991
      20.250000              0.031004
      20.350000              0.031011
      20.450000              0.031019
      20.550000              0.031045
      20.650000              0.031040
      20.750000              0.031052
      20.850000              0.031077
      20.950000              0.031078
      21.050000              0.031083
      21.150000              0.031096
      21.250000              0.031115
      21.350000              0.031126
      21.450000              0.031137
      21.550000              0.031142
      21.650000              0.031153
      21.750000              0.031161
      21.850000              0.031166
      21.950000              0.031180
      22.050000              0.031180
      22.150000              0.031191
      22.250000              0.031195
      22.350000              0.031203
      22.450000              0.031206
      22.550000              0.031215
      22.650000              0.031220
      22.750000              0.031227
      22.850000              0.031228
      22.950000              0.031223
      23.050000              0.031243
      23.150000              0.031243
      23.250000              0.031230
      23.350000              0.031238
      23.450000              0.031247
      23.550000              0.031242
      23.650000              0.031243
      23.750000              0.031256
      23.850000              0.031253
      23.950000              0.031255
      24.050000              0.031254
      24.150000              0.031254
      24.250000              0.031261
      24.350000              0.031263
      24.450000              0.031262
      24.550000              0.031277
      24.650000              0.031263
      24.750000              0.031275
      24.850000              0.031274
      24.950000              0.031273
      25.050000              0.031272
      25.150000              0.031274
      25.250000              0.031276
      25.350000              0.031290
      25.450000              0.031292
      25.550000              0.031287
      25.650000              0.031291
      25.750000              0.031304
      25.850000              0.031295
      25.950000              0.031302
      26.050000              0.031310
      26.150000              0.031311
      26.250000              0.031312
      26.350000              0.031312
      26.450000              0.031305
      26.550000              0.031312
      26.650000              0.031310
      26.750000              0.031317
      26.850000              0.031312
      26.950000              0.031316
      27.050000              0.031313
      27.150000              0.031320
      27.250000              0.031318
      27.350000              0.031322
      27.450000              0.031330
      27.550000              0.031323
      27.650000              0.031332
      27.750000              0.031329
      27.850000              0.031336
      27.950000              0.031333
      28.050000              0.031340
      28.150000              0.031342
      28.250000              0.031342
      28.350000              0.031340
      28.450000              0.031338
      28.550000              0.031340
      28.650000              0.031338
      28.750000              0.031347
      28.850000              0.031348
      28.950000              0.031350
      29.050000              0.031346
      29.150000              0.031341
      29.250000              0.031346
      29.350000              0.031347
      29.450000              0.031345
      29.550000              0.031344
      29.650000              0.031349
      29.750000              0.031346
      29.850000              0.031351
      29.950000              0.031354
