#Distance_(Ang) :C,C3@P_=>_:WAT@O
       0.050000          0.000000
       0.150000          0.000000
       0.250000          0.000000
       0.350000          0.000000
       0.450000          0.000000
       0.550000          0.000000
       0.650000          0.000000
       0.750000          0.000000
       0.850000          0.000000
       0.950000          0.000000
       1.050000          0.000000
       1.150000          0.000000
       1.250000          0.000000
       1.350000          0.000000
       1.450000          0.000000
       1.550000          0.000000
       1.650000          0.000000
       1.750000          0.000000
       1.850000          0.000000
       1.950000          0.000000
       2.050000          0.000000
       2.150000          0.000000
       2.250000          0.000000
       2.350000          0.000000
       2.450000          0.000000
       2.550000          0.000000
       2.650000          0.000000
       2.750000          0.000000
       2.850000          0.000000
       2.950000          0.000014
       3.050000          0.000236
       3.150000          0.001796
       3.250000          0.006782
       3.350000          0.016029
       3.450000          0.027039
       3.550000          0.035357
       3.650000          0.038670
       3.750000          0.038224
       3.850000          0.035500
       3.950000          0.030436
       4.050000          0.023381
       4.150000          0.016597
       4.250000          0.012349
       4.350000          0.010639
       4.450000          0.010270
       4.550000          0.010477
       4.650000          0.010943
       4.750000          0.011542
       4.850000          0.012322
       4.950000          0.013164
       5.050000          0.014153
       5.150000          0.015300
       5.250000          0.016425
       5.350000          0.017547
       5.450000          0.018590
       5.550000          0.019496
       5.650000          0.020230
       5.750000          0.020793
       5.850000          0.021204
       5.950000          0.021391
       6.050000          0.021408
       6.150000          0.021300
       6.250000          0.021013
       6.350000          0.020655
       6.450000          0.020323
       6.550000          0.020067
       6.650000          0.019966
       6.750000          0.019964
       6.850000          0.020101
       6.950000          0.020377
       7.050000          0.020766
       7.150000          0.021224
       7.250000          0.021683
       7.350000          0.022098
       7.450000          0.022468
       7.550000          0.022756
       7.650000          0.022971
       7.750000          0.023168
       7.850000          0.023346
       7.950000          0.023524
       8.050000          0.023688
       8.150000          0.023784
       8.250000          0.023840
       8.350000          0.023925
       8.450000          0.024024
       8.550000          0.024135
       8.650000          0.024296
       8.750000          0.024504
       8.850000          0.024719
       8.950000          0.024927
       9.050000          0.025137
       9.150000          0.025328
       9.250000          0.025492
       9.350000          0.025695
       9.450000          0.025872
       9.550000          0.026047
       9.650000          0.026261
       9.750000          0.026466
       9.850000          0.026673
       9.950000          0.026846
      10.050000          0.026963
      10.150000          0.027042
      10.250000          0.027095
      10.350000          0.027143
      10.450000          0.027130
      10.550000          0.027152
      10.650000          0.027141
      10.750000          0.027181
      10.850000          0.027226
      10.950000          0.027293
      11.050000          0.027401
      11.150000          0.027511
      11.250000          0.027651
      11.350000          0.027796
      11.450000          0.027900
      11.550000          0.028013
      11.650000          0.028151
      11.750000          0.028248
      11.850000          0.028321
      11.950000          0.028418
      12.050000          0.028476
      12.150000          0.028552
      12.250000          0.028631
      12.350000          0.028686
      12.450000          0.028735
      12.550000          0.028788
      12.650000          0.028817
      12.750000          0.028863
      12.850000          0.028892
      12.950000          0.028936
      13.050000          0.028967
      13.150000          0.029011
      13.250000          0.029086
      13.350000          0.029140
      13.450000          0.029201
      13.550000          0.029254
      13.650000          0.029343
      13.750000          0.029397
      13.850000          0.029461
      13.950000          0.029543
      14.050000          0.029638
      14.150000          0.029679
      14.250000          0.029773
      14.350000          0.029852
      14.450000          0.029897
      14.550000          0.029938
      14.650000          0.029986
      14.750000          0.030004
      14.850000          0.030046
      14.950000          0.030076
      15.050000          0.030097
      15.150000          0.030144
      15.250000          0.030159
      15.350000          0.030161
      15.450000          0.030185
      15.550000          0.030235
      15.650000          0.030264
      15.750000          0.030294
      15.850000          0.030341
      15.950000          0.030376
      16.050000          0.030433
      16.150000          0.030475
      16.250000          0.030494
      16.350000          0.030538
      16.450000          0.030569
      16.550000          0.030613
      16.650000          0.030647
      16.750000          0.030678
      16.850000          0.030705
      16.950000          0.030722
      17.050000          0.030752
      17.150000          0.030779
      17.250000          0.030815
      17.350000          0.030837
      17.450000          0.030852
      17.550000          0.030875
      17.650000          0.030883
      17.750000          0.030895
      17.850000          0.030908
      17.950000          0.030912
      18.050000          0.030923
      18.150000          0.030906
      18.250000          0.030928
      18.350000          0.030901
      18.450000          0.030918
      18.550000          0.030940
      18.650000          0.030927
      18.750000          0.030940
      18.850000          0.030956
      18.950000          0.030960
      19.050000          0.030983
      19.150000          0.030990
      19.250000          0.031010
      19.350000          0.031024
      19.450000          0.031041
      19.550000          0.031050
      19.650000          0.031054
      19.750000          0.031071
      19.850000          0.031085
      19.950000          0.031091
      20.050000          0.031110
      20.150000          0.031116
      20.250000          0.031132
      20.350000          0.031136
      20.450000          0.031127
      20.550000          0.031144
      20.650000          0.031143
      20.750000          0.031145
      20.850000          0.031158
      20.950000          0.031159
      21.050000          0.031172
      21.150000          0.031174
      21.250000          0.031185
      21.350000          0.031186
      21.450000          0.031195
      21.550000          0.031205
      21.650000          0.031203
      21.750000          0.031207
      21.850000          0.031220
      21.950000          0.031224
      22.050000          0.031239
      22.150000          0.031229
      22.250000          0.031248
      22.350000          0.031252
      22.450000          0.031248
      22.550000          0.031255
      22.650000          0.031268
      22.750000          0.031272
      22.850000          0.031281
      22.950000          0.031283
      23.050000          0.031292
      23.150000          0.031294
      23.250000          0.031293
      23.350000          0.031298
      23.450000          0.031304
      23.550000          0.031304
      23.650000          0.031301
      23.750000          0.031310
      23.850000          0.031314
      23.950000          0.031309
      24.050000          0.031315
      24.150000          0.031312
      24.250000          0.031318
      24.350000          0.031314
      24.450000          0.031320
      24.550000          0.031321
      24.650000          0.031316
      24.750000          0.031329
      24.850000          0.031315
      24.950000          0.031317
      25.050000          0.031324
      25.150000          0.031328
      25.250000          0.031318
      25.350000          0.031338
      25.450000          0.031326
      25.550000          0.031330
      25.650000          0.031325
      25.750000          0.031326
      25.850000          0.031338
      25.950000          0.031329
      26.050000          0.031341
      26.150000          0.031335
      26.250000          0.031340
      26.350000          0.031339
      26.450000          0.031337
      26.550000          0.031334
      26.650000          0.031344
      26.750000          0.031340
      26.850000          0.031342
      26.950000          0.031343
      27.050000          0.031347
      27.150000          0.031338
      27.250000          0.031344
      27.350000          0.031339
      27.450000          0.031345
      27.550000          0.031346
      27.650000          0.031348
      27.750000          0.031341
      27.850000          0.031347
      27.950000          0.031346
      28.050000          0.031345
      28.150000          0.031343
      28.250000          0.031345
      28.350000          0.031348
      28.450000          0.031345
      28.550000          0.031349
      28.650000          0.031347
      28.750000          0.031343
      28.850000          0.031345
      28.950000          0.031344
      29.050000          0.031343
      29.150000          0.031350
      29.250000          0.031343
      29.350000          0.031351
      29.450000          0.031342
      29.550000          0.031352
      29.650000          0.031338
      29.750000          0.031352
      29.850000          0.031345
      29.950000          0.031349
