#Distance_(Ang) :1-10@N1,N2,N3,N7_=>_:WAT@O
       0.050000                    0.000000
       0.150000                    0.000000
       0.250000                    0.000000
       0.350000                    0.000000
       0.450000                    0.000000
       0.550000                    0.000000
       0.650000                    0.000000
       0.750000                    0.000000
       0.850000                    0.000000
       0.950000                    0.000000
       1.050000                    0.000000
       1.150000                    0.000000
       1.250000                    0.000000
       1.350000                    0.000000
       1.450000                    0.000000
       1.550000                    0.000000
       1.650000                    0.000000
       1.750000                    0.000000
       1.850000                    0.000000
       1.950000                    0.000000
       2.050000                    0.000000
       2.150000                    0.000000
       2.250000                    0.000000
       2.350000                    0.000000
       2.450000                    0.000000
       2.550000                    0.000061
       2.650000                    0.001170
       2.750000                    0.006141
       2.850000                    0.012631
       2.950000                    0.014585
       3.050000                    0.013456
       3.150000                    0.012186
       3.250000                    0.011689
       3.350000                    0.011748
       3.450000                    0.012067
       3.550000                    0.012446
       3.650000                    0.012882
       3.750000                    0.013243
       3.850000                    0.013557
       3.950000                    0.013826
       4.050000                    0.014117
       4.150000                    0.014402
       4.250000                    0.014661
       4.350000                    0.014939
       4.450000                    0.015215
       4.550000                    0.015639
       4.650000                    0.016313
       4.750000                    0.017106
       4.850000                    0.017647
       4.950000                    0.017739
       5.050000                    0.017352
       5.150000                    0.016798
       5.250000                    0.016335
       5.350000                    0.016163
       5.450000                    0.016215
       5.550000                    0.016457
       5.650000                    0.016831
       5.750000                    0.017271
       5.850000                    0.017699
       5.950000                    0.018102
       6.050000                    0.018499
       6.150000                    0.018865
       6.250000                    0.019281
       6.350000                    0.019629
       6.450000                    0.019953
       6.550000                    0.020243
       6.650000                    0.020471
       6.750000                    0.020685
       6.850000                    0.020938
       6.950000                    0.021179
       7.050000                    0.021421
       7.150000                    0.021630
       7.250000                    0.021793
       7.350000                    0.021952
       7.450000                    0.022113
       7.550000                    0.022320
       7.650000                    0.022503
       7.750000                    0.022688
       7.850000                    0.022873
       7.950000                    0.023052
       8.050000                    0.023259
       8.150000                    0.023472
       8.250000                    0.023699
       8.350000                    0.023960
       8.450000                    0.024193
       8.550000                    0.024416
       8.650000                    0.024660
       8.750000                    0.024838
       8.850000                    0.025037
       8.950000                    0.025196
       9.050000                    0.025344
       9.150000                    0.025465
       9.250000                    0.025554
       9.350000                    0.025628
       9.450000                    0.025702
       9.550000                    0.025772
       9.650000                    0.025852
       9.750000                    0.025951
       9.850000                    0.026052
       9.950000                    0.026190
      10.050000                    0.026301
      10.150000                    0.026435
      10.250000                    0.026560
      10.350000                    0.026679
      10.450000                    0.026812
      10.550000                    0.026940
      10.650000                    0.027041
      10.750000                    0.027152
      10.850000                    0.027253
      10.950000                    0.027357
      11.050000                    0.027462
      11.150000                    0.027574
      11.250000                    0.027680
      11.350000                    0.027776
      11.450000                    0.027849
      11.550000                    0.027925
      11.650000                    0.027993
      11.750000                    0.028063
      11.850000                    0.028124
      11.950000                    0.028203
      12.050000                    0.028275
      12.150000                    0.028343
      12.250000                    0.028409
      12.350000                    0.028485
      12.450000                    0.028538
      12.550000                    0.028601
      12.650000                    0.028650
      12.750000                    0.028693
      12.850000                    0.028747
      12.950000                    0.028784
      13.050000                    0.028837
      13.150000                    0.028891
      13.250000                    0.028937
      13.350000                    0.029004
      13.450000                    0.029069
      13.550000                    0.029143
      13.650000                    0.029205
      13.750000                    0.029273
      13.850000                    0.029333
      13.950000                    0.029389
      14.050000                    0.029455
      14.150000                    0.029508
      14.250000                    0.029563
      14.350000                    0.029631
      14.450000                    0.029679
      14.550000                    0.029734
      14.650000                    0.029783
      14.750000                    0.029836
      14.850000                    0.029881
      14.950000                    0.029929
      15.050000                    0.029970
      15.150000                    0.030018
      15.250000                    0.030060
      15.350000                    0.030103
      15.450000                    0.030158
      15.550000                    0.030183
      15.650000                    0.030228
      15.750000                    0.030273
      15.850000                    0.030313
      15.950000                    0.030349
      16.050000                    0.030386
      16.150000                    0.030417
      16.250000                    0.030462
      16.350000                    0.030495
      16.450000                    0.030523
      16.550000                    0.030541
      16.650000                    0.030576
      16.750000                    0.030593
      16.850000                    0.030623
      16.950000                    0.030644
      17.050000                    0.030677
      17.150000                    0.030697
      17.250000                    0.030724
      17.350000                    0.030749
      17.450000                    0.030775
      17.550000                    0.030798
      17.650000                    0.030817
      17.750000                    0.030851
      17.850000                    0.030866
      17.950000                    0.030891
      18.050000                    0.030917
      18.150000                    0.030940
      18.250000                    0.030951
      18.350000                    0.030972
      18.450000                    0.030988
      18.550000                    0.031011
      18.650000                    0.031025
      18.750000                    0.031042
      18.850000                    0.031051
      18.950000                    0.031067
      19.050000                    0.031074
      19.150000                    0.031091
      19.250000                    0.031099
      19.350000                    0.031111
      19.450000                    0.031116
      19.550000                    0.031126
      19.650000                    0.031133
      19.750000                    0.031143
      19.850000                    0.031152
      19.950000                    0.031161
      20.050000                    0.031169
      20.150000                    0.031175
      20.250000                    0.031177
      20.350000                    0.031181
      20.450000                    0.031188
      20.550000                    0.031193
      20.650000                    0.031196
      20.750000                    0.031203
      20.850000                    0.031206
      20.950000                    0.031212
      21.050000                    0.031211
      21.150000                    0.031214
      21.250000                    0.031219
      21.350000                    0.031232
      21.450000                    0.031234
      21.550000                    0.031240
      21.650000                    0.031245
      21.750000                    0.031244
      21.850000                    0.031250
      21.950000                    0.031254
      22.050000                    0.031260
      22.150000                    0.031260
      22.250000                    0.031265
      22.350000                    0.031269
      22.450000                    0.031272
      22.550000                    0.031277
      22.650000                    0.031280
      22.750000                    0.031290
      22.850000                    0.031283
      22.950000                    0.031288
      23.050000                    0.031292
      23.150000                    0.031289
      23.250000                    0.031299
      23.350000                    0.031298
      23.450000                    0.031299
      23.550000                    0.031305
      23.650000                    0.031303
      23.750000                    0.031302
      23.850000                    0.031311
      23.950000                    0.031317
      24.050000                    0.031315
      24.150000                    0.031311
      24.250000                    0.031316
      24.350000                    0.031324
      24.450000                    0.031321
      24.550000                    0.031324
      24.650000                    0.031327
      24.750000                    0.031330
      24.850000                    0.031330
      24.950000                    0.031330
      25.050000                    0.031331
      25.150000                    0.031333
      25.250000                    0.031333
      25.350000                    0.031334
      25.450000                    0.031334
      25.550000                    0.031337
      25.650000                    0.031337
      25.750000                    0.031337
      25.850000                    0.031339
      25.950000                    0.031343
      26.050000                    0.031341
      26.150000                    0.031342
      26.250000                    0.031347
      26.350000                    0.031349
      26.450000                    0.031349
      26.550000                    0.031350
      26.650000                    0.031342
      26.750000                    0.031345
      26.850000                    0.031348
      26.950000                    0.031348
      27.050000                    0.031347
      27.150000                    0.031349
      27.250000                    0.031348
      27.350000                    0.031350
      27.450000                    0.031349
      27.550000                    0.031353
      27.650000                    0.031353
      27.750000                    0.031353
      27.850000                    0.031355
      27.950000                    0.031356
      28.050000                    0.031355
      28.150000                    0.031357
      28.250000                    0.031357
      28.350000                    0.031353
      28.450000                    0.031350
      28.550000                    0.031353
      28.650000                    0.031357
      28.750000                    0.031355
      28.850000                    0.031353
      28.950000                    0.031355
      29.050000                    0.031356
      29.150000                    0.031358
      29.250000                    0.031353
      29.350000                    0.031355
      29.450000                    0.031352
      29.550000                    0.031355
      29.650000                    0.031352
      29.750000                    0.031356
      29.850000                    0.031349
      29.950000                    0.031354
