#Distance_(Ang) :1-10@N3,N4_=>_:WAT@O
       0.050000              0.000000
       0.150000              0.000000
       0.250000              0.000000
       0.350000              0.000000
       0.450000              0.000000
       0.550000              0.000000
       0.650000              0.000000
       0.750000              0.000000
       0.850000              0.000000
       0.950000              0.000000
       1.050000              0.000000
       1.150000              0.000000
       1.250000              0.000000
       1.350000              0.000000
       1.450000              0.000000
       1.550000              0.000000
       1.650000              0.000000
       1.750000              0.000000
       1.850000              0.000000
       1.950000              0.000000
       2.050000              0.000000
       2.150000              0.000000
       2.250000              0.000000
       2.350000              0.000000
       2.450000              0.000001
       2.550000              0.000133
       2.650000              0.002224
       2.750000              0.010188
       2.850000              0.020014
       2.950000              0.023171
       3.050000              0.021377
       3.150000              0.019151
       3.250000              0.017791
       3.350000              0.017263
       3.450000              0.017145
       3.550000              0.017181
       3.650000              0.017260
       3.750000              0.017305
       3.850000              0.017271
       3.950000              0.017155
       4.050000              0.016961
       4.150000              0.016760
       4.250000              0.016632
       4.350000              0.016524
       4.450000              0.016555
       4.550000              0.016705
       4.650000              0.017060
       4.750000              0.017603
       4.850000              0.018127
       4.950000              0.018142
       5.050000              0.017817
       5.150000              0.017471
       5.250000              0.017414
       5.350000              0.017564
       5.450000              0.017855
       5.550000              0.018219
       5.650000              0.018583
       5.750000              0.018922
       5.850000              0.019190
       5.950000              0.019419
       6.050000              0.019595
       6.150000              0.019733
       6.250000              0.019908
       6.350000              0.020060
       6.450000              0.020199
       6.550000              0.020348
       6.650000              0.020530
       6.750000              0.020678
       6.850000              0.020871
       6.950000              0.021035
       7.050000              0.021188
       7.150000              0.021275
       7.250000              0.021378
       7.350000              0.021528
       7.450000              0.021725
       7.550000              0.021939
       7.650000              0.022180
       7.750000              0.022411
       7.850000              0.022652
       7.950000              0.022906
       8.050000              0.023169
       8.150000              0.023442
       8.250000              0.023716
       8.350000              0.023992
       8.450000              0.024238
       8.550000              0.024472
       8.650000              0.024700
       8.750000              0.024946
       8.850000              0.025179
       8.950000              0.025421
       9.050000              0.025640
       9.150000              0.025842
       9.250000              0.026035
       9.350000              0.026222
       9.450000              0.026342
       9.550000              0.026485
       9.650000              0.026618
       9.750000              0.026739
       9.850000              0.026912
       9.950000              0.027067
      10.050000              0.027246
      10.150000              0.027408
      10.250000              0.027591
      10.350000              0.027758
      10.450000              0.027931
      10.550000              0.028109
      10.650000              0.028256
      10.750000              0.028394
      10.850000              0.028510
      10.950000              0.028622
      11.050000              0.028697
      11.150000              0.028763
      11.250000              0.028803
      11.350000              0.028835
      11.450000              0.028843
      11.550000              0.028828
      11.650000              0.028847
      11.750000              0.028853
      11.850000              0.028854
      11.950000              0.028897
      12.050000              0.028935
      12.150000              0.028976
      12.250000              0.029035
      12.350000              0.029087
      12.450000              0.029132
      12.550000              0.029205
      12.650000              0.029252
      12.750000              0.029333
      12.850000              0.029406
      12.950000              0.029454
      13.050000              0.029525
      13.150000              0.029579
      13.250000              0.029627
      13.350000              0.029668
      13.450000              0.029695
      13.550000              0.029718
      13.650000              0.029748
      13.750000              0.029802
      13.850000              0.029819
      13.950000              0.029872
      14.050000              0.029905
      14.150000              0.029953
      14.250000              0.029996
      14.350000              0.030026
      14.450000              0.030061
      14.550000              0.030093
      14.650000              0.030127
      14.750000              0.030141
      14.850000              0.030171
      14.950000              0.030199
      15.050000              0.030217
      15.150000              0.030233
      15.250000              0.030260
      15.350000              0.030272
      15.450000              0.030289
      15.550000              0.030307
      15.650000              0.030325
      15.750000              0.030347
      15.850000              0.030366
      15.950000              0.030375
      16.050000              0.030400
      16.150000              0.030420
      16.250000              0.030439
      16.350000              0.030457
      16.450000              0.030475
      16.550000              0.030496
      16.650000              0.030519
      16.750000              0.030532
      16.850000              0.030552
      16.950000              0.030574
      17.050000              0.030605
      17.150000              0.030624
      17.250000              0.030651
      17.350000              0.030661
      17.450000              0.030697
      17.550000              0.030708
      17.650000              0.030711
      17.750000              0.030736
      17.850000              0.030755
      17.950000              0.030764
      18.050000              0.030772
      18.150000              0.030789
      18.250000              0.030798
      18.350000              0.030817
      18.450000              0.030815
      18.550000              0.030838
      18.650000              0.030847
      18.750000              0.030863
      18.850000              0.030878
      18.950000              0.030888
      19.050000              0.030900
      19.150000              0.030912
      19.250000              0.030921
      19.350000              0.030930
      19.450000              0.030936
      19.550000              0.030948
      19.650000              0.030957
      19.750000              0.030976
      19.850000              0.030979
      19.950000              0.030991
      20.050000              0.030995
      20.150000              0.031005
      20.250000              0.031005
      20.350000              0.031021
      20.450000              0.031035
      20.550000              0.031034
      20.650000              0.031039
      20.750000              0.031046
      20.850000              0.031049
      20.950000              0.031059
      21.050000              0.031060
      21.150000              0.031075
      21.250000              0.031076
      21.350000              0.031085
      21.450000              0.031089
      21.550000              0.031100
      21.650000              0.031111
      21.750000              0.031109
      21.850000              0.031126
      21.950000              0.031130
      22.050000              0.031142
      22.150000              0.031145
      22.250000              0.031155
      22.350000              0.031158
      22.450000              0.031164
      22.550000              0.031170
      22.650000              0.031182
      22.750000              0.031184
      22.850000              0.031194
      22.950000              0.031198
      23.050000              0.031204
      23.150000              0.031213
      23.250000              0.031212
      23.350000              0.031219
      23.450000              0.031224
      23.550000              0.031223
      23.650000              0.031234
      23.750000              0.031236
      23.850000              0.031241
      23.950000              0.031246
      24.050000              0.031251
      24.150000              0.031253
      24.250000              0.031257
      24.350000              0.031259
      24.450000              0.031265
      24.550000              0.031268
      24.650000              0.031263
      24.750000              0.031269
      24.850000              0.031268
      24.950000              0.031270
      25.050000              0.031273
      25.150000              0.031269
      25.250000              0.031279
      25.350000              0.031273
      25.450000              0.031279
      25.550000              0.031279
      25.650000              0.031276
      25.750000              0.031281
      25.850000              0.031286
      25.950000              0.031284
      26.050000              0.031290
      26.150000              0.031286
      26.250000              0.031290
      26.350000              0.031296
      26.450000              0.031295
      26.550000              0.031298
      26.650000              0.031299
      26.750000              0.031307
      26.850000              0.031302
      26.950000              0.031311
      27.050000              0.031314
      27.150000              0.031314
      27.250000              0.031315
      27.350000              0.031315
      27.450000              0.031319
      27.550000              0.031323
      27.650000              0.031320
      27.750000              0.031322
      27.850000              0.031324
      27.950000              0.031326
      28.050000              0.031328
      28.150000              0.031332
      28.250000              0.031325
      28.350000              0.031327
      28.450000              0.031332
      28.550000              0.031329
      28.650000              0.031330
      28.750000              0.031334
      28.850000              0.031337
      28.950000              0.031331
      29.050000              0.031334
      29.150000              0.031332
      29.250000              0.031334
      29.350000              0.031336
      29.450000              0.031337
      29.550000              0.031341
      29.650000              0.031341
      29.750000              0.031340
      29.850000              0.031341
      29.950000              0.031345
