#Distance_(Ang) :1-10@O2,O4,O6_=>_:WAT@O
       0.050000                 0.000000
       0.150000                 0.000000
       0.250000                 0.000000
       0.350000                 0.000000
       0.450000                 0.000000
       0.550000                 0.000000
       0.650000                 0.000000
       0.750000                 0.000000
       0.850000                 0.000000
       0.950000                 0.000000
       1.050000                 0.000000
       1.150000                 0.000000
       1.250000                 0.000000
       1.350000                 0.000000
       1.450000                 0.000000
       1.550000                 0.000000
       1.650000                 0.000000
       1.750000                 0.000000
       1.850000                 0.000000
       1.950000                 0.000000
       2.050000                 0.000000
       2.150000                 0.000000
       2.250000                 0.000000
       2.350000                 0.000003
       2.450000                 0.000598
       2.550000                 0.008624
       2.650000                 0.027235
       2.750000                 0.036592
       2.850000                 0.032881
       2.950000                 0.026228
       3.050000                 0.021964
       3.150000                 0.020105
       3.250000                 0.019519
       3.350000                 0.019543
       3.450000                 0.019802
       3.550000                 0.019990
       3.650000                 0.020080
       3.750000                 0.020021
       3.850000                 0.019845
       3.950000                 0.019542
       4.050000                 0.019167
       4.150000                 0.018745
       4.250000                 0.018378
       4.350000                 0.018109
       4.450000                 0.018028
       4.550000                 0.018054
       4.650000                 0.018196
       4.750000                 0.018315
       4.850000                 0.018377
       4.950000                 0.018496
       5.050000                 0.018742
       5.150000                 0.019012
       5.250000                 0.019341
       5.350000                 0.019642
       5.450000                 0.019879
       5.550000                 0.020104
       5.650000                 0.020340
       5.750000                 0.020553
       5.850000                 0.020835
       5.950000                 0.021123
       6.050000                 0.021422
       6.150000                 0.021693
       6.250000                 0.021947
       6.350000                 0.022230
       6.450000                 0.022447
       6.550000                 0.022679
       6.650000                 0.022896
       6.750000                 0.023139
       6.850000                 0.023335
       6.950000                 0.023519
       7.050000                 0.023616
       7.150000                 0.023595
       7.250000                 0.023497
       7.350000                 0.023298
       7.450000                 0.023184
       7.550000                 0.023110
       7.650000                 0.023072
       7.750000                 0.023087
       7.850000                 0.023121
       7.950000                 0.023186
       8.050000                 0.023302
       8.150000                 0.023404
       8.250000                 0.023550
       8.350000                 0.023705
       8.450000                 0.023863
       8.550000                 0.023997
       8.650000                 0.024163
       8.750000                 0.024281
       8.850000                 0.024458
       8.950000                 0.024591
       9.050000                 0.024773
       9.150000                 0.024958
       9.250000                 0.025152
       9.350000                 0.025380
       9.450000                 0.025570
       9.550000                 0.025799
       9.650000                 0.025973
       9.750000                 0.026124
       9.850000                 0.026268
       9.950000                 0.026432
      10.050000                 0.026551
      10.150000                 0.026661
      10.250000                 0.026793
      10.350000                 0.026910
      10.450000                 0.027044
      10.550000                 0.027166
      10.650000                 0.027296
      10.750000                 0.027415
      10.850000                 0.027513
      10.950000                 0.027579
      11.050000                 0.027614
      11.150000                 0.027662
      11.250000                 0.027655
      11.350000                 0.027684
      11.450000                 0.027679
      11.550000                 0.027716
      11.650000                 0.027724
      11.750000                 0.027767
      11.850000                 0.027809
      11.950000                 0.027838
      12.050000                 0.027916
      12.150000                 0.027981
      12.250000                 0.028037
      12.350000                 0.028103
      12.450000                 0.028171
      12.550000                 0.028265
      12.650000                 0.028333
      12.750000                 0.028413
      12.850000                 0.028505
      12.950000                 0.028588
      13.050000                 0.028663
      13.150000                 0.028741
      13.250000                 0.028809
      13.350000                 0.028864
      13.450000                 0.028921
      13.550000                 0.028983
      13.650000                 0.029076
      13.750000                 0.029103
      13.850000                 0.029167
      13.950000                 0.029200
      14.050000                 0.029238
      14.150000                 0.029294
      14.250000                 0.029334
      14.350000                 0.029390
      14.450000                 0.029439
      14.550000                 0.029501
      14.650000                 0.029552
      14.750000                 0.029597
      14.850000                 0.029635
      14.950000                 0.029679
      15.050000                 0.029707
      15.150000                 0.029745
      15.250000                 0.029783
      15.350000                 0.029808
      15.450000                 0.029848
      15.550000                 0.029872
      15.650000                 0.029912
      15.750000                 0.029942
      15.850000                 0.029980
      15.950000                 0.030011
      16.050000                 0.030051
      16.150000                 0.030104
      16.250000                 0.030136
      16.350000                 0.030175
      16.450000                 0.030220
      16.550000                 0.030266
      16.650000                 0.030297
      16.750000                 0.030333
      16.850000                 0.030380
      16.950000                 0.030414
      17.050000                 0.030467
      17.150000                 0.030490
      17.250000                 0.030517
      17.350000                 0.030562
      17.450000                 0.030604
      17.550000                 0.030636
      17.650000                 0.030659
      17.750000                 0.030696
      17.850000                 0.030719
      17.950000                 0.030746
      18.050000                 0.030787
      18.150000                 0.030803
      18.250000                 0.030829
      18.350000                 0.030858
      18.450000                 0.030864
      18.550000                 0.030893
      18.650000                 0.030911
      18.750000                 0.030926
      18.850000                 0.030941
      18.950000                 0.030958
      19.050000                 0.030973
      19.150000                 0.030988
      19.250000                 0.031012
      19.350000                 0.031013
      19.450000                 0.031035
      19.550000                 0.031052
      19.650000                 0.031056
      19.750000                 0.031071
      19.850000                 0.031082
      19.950000                 0.031095
      20.050000                 0.031108
      20.150000                 0.031121
      20.250000                 0.031131
      20.350000                 0.031144
      20.450000                 0.031153
      20.550000                 0.031170
      20.650000                 0.031172
      20.750000                 0.031179
      20.850000                 0.031186
      20.950000                 0.031191
      21.050000                 0.031204
      21.150000                 0.031204
      21.250000                 0.031225
      21.350000                 0.031228
      21.450000                 0.031224
      21.550000                 0.031243
      21.650000                 0.031244
      21.750000                 0.031245
      21.850000                 0.031250
      21.950000                 0.031256
      22.050000                 0.031258
      22.150000                 0.031265
      22.250000                 0.031267
      22.350000                 0.031266
      22.450000                 0.031281
      22.550000                 0.031277
      22.650000                 0.031278
      22.750000                 0.031280
      22.850000                 0.031278
      22.950000                 0.031280
      23.050000                 0.031287
      23.150000                 0.031294
      23.250000                 0.031288
      23.350000                 0.031291
      23.450000                 0.031296
      23.550000                 0.031301
      23.650000                 0.031297
      23.750000                 0.031306
      23.850000                 0.031302
      23.950000                 0.031302
      24.050000                 0.031313
      24.150000                 0.031312
      24.250000                 0.031310
      24.350000                 0.031310
      24.450000                 0.031317
      24.550000                 0.031316
      24.650000                 0.031312
      24.750000                 0.031318
      24.850000                 0.031325
      24.950000                 0.031325
      25.050000                 0.031319
      25.150000                 0.031325
      25.250000                 0.031333
      25.350000                 0.031325
      25.450000                 0.031325
      25.550000                 0.031335
      25.650000                 0.031330
      25.750000                 0.031332
      25.850000                 0.031332
      25.950000                 0.031339
      26.050000                 0.031339
      26.150000                 0.031340
      26.250000                 0.031336
      26.350000                 0.031344
      26.450000                 0.031337
      26.550000                 0.031334
      26.650000                 0.031341
      26.750000                 0.031345
      26.850000                 0.031343
      26.950000                 0.031343
      27.050000                 0.031340
      27.150000                 0.031343
      27.250000                 0.031350
      27.350000                 0.031344
      27.450000                 0.031349
      27.550000                 0.031350
      27.650000                 0.031356
      27.750000                 0.031345
      27.850000                 0.031349
      27.950000                 0.031350
      28.050000                 0.031351
      28.150000                 0.031344
      28.250000                 0.031353
      28.350000                 0.031347
      28.450000                 0.031353
      28.550000                 0.031350
      28.650000                 0.031351
      28.750000                 0.031353
      28.850000                 0.031354
      28.950000                 0.031349
      29.050000                 0.031353
      29.150000                 0.031348
      29.250000                 0.031352
      29.350000                 0.031356
      29.450000                 0.031356
      29.550000                 0.031355
      29.650000                 0.031349
      29.750000                 0.031357
      29.850000                 0.031352
      29.950000                 0.031357
