#Distance_(Ang) :U,U3@P_=>_:WAT@O
       0.050000          0.000000
       0.150000          0.000000
       0.250000          0.000000
       0.350000          0.000000
       0.450000          0.000000
       0.550000          0.000000
       0.650000          0.000000
       0.750000          0.000000
       0.850000          0.000000
       0.950000          0.000000
       1.050000          0.000000
       1.150000          0.000000
       1.250000          0.000000
       1.350000          0.000000
       1.450000          0.000000
       1.550000          0.000000
       1.650000          0.000000
       1.750000          0.000000
       1.850000          0.000000
       1.950000          0.000000
       2.050000          0.000000
       2.150000          0.000000
       2.250000          0.000000
       2.350000          0.000000
       2.450000          0.000000
       2.550000          0.000000
       2.650000          0.000000
       2.750000          0.000000
       2.850000          0.000000
       2.950000          0.000016
       3.050000          0.000300
       3.150000          0.002154
       3.250000          0.008111
       3.350000          0.019210
       3.450000          0.032487
       3.550000          0.042459
       3.650000          0.046413
       3.750000          0.045910
       3.850000          0.043077
       3.950000          0.037377
       4.050000          0.028688
       4.150000          0.019980
       4.250000          0.014453
       4.350000          0.012074
       4.450000          0.011396
       4.550000          0.011570
       4.650000          0.012174
       4.750000          0.012999
       4.850000          0.013889
       4.950000          0.014862
       5.050000          0.015900
       5.150000          0.016901
       5.250000          0.017864
       5.350000          0.018712
       5.450000          0.019530
       5.550000          0.020258
       5.650000          0.020937
       5.750000          0.021510
       5.850000          0.022004
       5.950000          0.022298
       6.050000          0.022426
       6.150000          0.022338
       6.250000          0.022102
       6.350000          0.021751
       6.450000          0.021411
       6.550000          0.021133
       6.650000          0.020969
       6.750000          0.020959
       6.850000          0.020997
       6.950000          0.021175
       7.050000          0.021413
       7.150000          0.021696
       7.250000          0.021999
       7.350000          0.022288
       7.450000          0.022559
       7.550000          0.022823
       7.650000          0.023038
       7.750000          0.023246
       7.850000          0.023460
       7.950000          0.023693
       8.050000          0.023880
       8.150000          0.024053
       8.250000          0.024169
       8.350000          0.024259
       8.450000          0.024321
       8.550000          0.024420
       8.650000          0.024521
       8.750000          0.024657
       8.850000          0.024780
       8.950000          0.024964
       9.050000          0.025172
       9.150000          0.025368
       9.250000          0.025579
       9.350000          0.025825
       9.450000          0.026071
       9.550000          0.026280
       9.650000          0.026494
       9.750000          0.026657
       9.850000          0.026794
       9.950000          0.026887
      10.050000          0.026969
      10.150000          0.026995
      10.250000          0.027015
      10.350000          0.026985
      10.450000          0.026971
      10.550000          0.026919
      10.650000          0.026856
      10.750000          0.026801
      10.850000          0.026792
      10.950000          0.026778
      11.050000          0.026797
      11.150000          0.026856
      11.250000          0.026946
      11.350000          0.027039
      11.450000          0.027149
      11.550000          0.027266
      11.650000          0.027369
      11.750000          0.027476
      11.850000          0.027598
      11.950000          0.027727
      12.050000          0.027842
      12.150000          0.027957
      12.250000          0.028080
      12.350000          0.028172
      12.450000          0.028266
      12.550000          0.028349
      12.650000          0.028419
      12.750000          0.028489
      12.850000          0.028558
      12.950000          0.028624
      13.050000          0.028695
      13.150000          0.028752
      13.250000          0.028837
      13.350000          0.028904
      13.450000          0.028954
      13.550000          0.029029
      13.650000          0.029099
      13.750000          0.029179
      13.850000          0.029223
      13.950000          0.029312
      14.050000          0.029379
      14.150000          0.029446
      14.250000          0.029524
      14.350000          0.029573
      14.450000          0.029631
      14.550000          0.029684
      14.650000          0.029755
      14.750000          0.029794
      14.850000          0.029854
      14.950000          0.029891
      15.050000          0.029936
      15.150000          0.029970
      15.250000          0.030005
      15.350000          0.030041
      15.450000          0.030068
      15.550000          0.030104
      15.650000          0.030143
      15.750000          0.030162
      15.850000          0.030220
      15.950000          0.030259
      16.050000          0.030296
      16.150000          0.030326
      16.250000          0.030368
      16.350000          0.030401
      16.450000          0.030431
      16.550000          0.030489
      16.650000          0.030515
      16.750000          0.030551
      16.850000          0.030597
      16.950000          0.030634
      17.050000          0.030667
      17.150000          0.030704
      17.250000          0.030728
      17.350000          0.030748
      17.450000          0.030781
      17.550000          0.030804
      17.650000          0.030826
      17.750000          0.030863
      17.850000          0.030874
      17.950000          0.030886
      18.050000          0.030914
      18.150000          0.030935
      18.250000          0.030964
      18.350000          0.030978
      18.450000          0.030995
      18.550000          0.031005
      18.650000          0.031026
      18.750000          0.031052
      18.850000          0.031062
      18.950000          0.031071
      19.050000          0.031085
      19.150000          0.031090
      19.250000          0.031098
      19.350000          0.031117
      19.450000          0.031119
      19.550000          0.031124
      19.650000          0.031136
      19.750000          0.031142
      19.850000          0.031153
      19.950000          0.031172
      20.050000          0.031177
      20.150000          0.031180
      20.250000          0.031195
      20.350000          0.031190
      20.450000          0.031206
      20.550000          0.031200
      20.650000          0.031212
      20.750000          0.031227
      20.850000          0.031236
      20.950000          0.031246
      21.050000          0.031249
      21.150000          0.031251
      21.250000          0.031265
      21.350000          0.031269
      21.450000          0.031268
      21.550000          0.031274
      21.650000          0.031282
      21.750000          0.031287
      21.850000          0.031296
      21.950000          0.031294
      22.050000          0.031293
      22.150000          0.031289
      22.250000          0.031298
      22.350000          0.031295
      22.450000          0.031315
      22.550000          0.031313
      22.650000          0.031312
      22.750000          0.031319
      22.850000          0.031316
      22.950000          0.031325
      23.050000          0.031326
      23.150000          0.031326
      23.250000          0.031329
      23.350000          0.031337
      23.450000          0.031330
      23.550000          0.031340
      23.650000          0.031345
      23.750000          0.031339
      23.850000          0.031341
      23.950000          0.031343
      24.050000          0.031336
      24.150000          0.031340
      24.250000          0.031344
      24.350000          0.031345
      24.450000          0.031352
      24.550000          0.031355
      24.650000          0.031349
      24.750000          0.031347
      24.850000          0.031350
      24.950000          0.031349
      25.050000          0.031349
      25.150000          0.031353
      25.250000          0.031345
      25.350000          0.031353
      25.450000          0.031357
      25.550000          0.031348
      25.650000          0.031350
      25.750000          0.031349
      25.850000          0.031350
      25.950000          0.031354
      26.050000          0.031349
      26.150000          0.031346
      26.250000          0.031354
      26.350000          0.031359
      26.450000          0.031359
      26.550000          0.031354
      26.650000          0.031353
      26.750000          0.031348
      26.850000          0.031346
      26.950000          0.031356
      27.050000          0.031363
      27.150000          0.031355
      27.250000          0.031351
      27.350000          0.031352
      27.450000          0.031360
      27.550000          0.031360
      27.650000          0.031353
      27.750000          0.031352
      27.850000          0.031358
      27.950000          0.031351
      28.050000          0.031353
      28.150000          0.031350
      28.250000          0.031353
      28.350000          0.031347
      28.450000          0.031356
      28.550000          0.031349
      28.650000          0.031355
      28.750000          0.031352
      28.850000          0.031354
      28.950000          0.031351
      29.050000          0.031356
      29.150000          0.031346
      29.250000          0.031350
      29.350000          0.031350
      29.450000          0.031350
      29.550000          0.031350
      29.650000          0.031350
      29.750000          0.031354
      29.850000          0.031349
      29.950000          0.031350
