#Distance_(Ang) :1-10@N1,N2,N4,N3,N7_=>_:WAT@O
       0.050000                       0.000000
       0.150000                       0.000000
       0.250000                       0.000000
       0.350000                       0.000000
       0.450000                       0.000000
       0.550000                       0.000000
       0.650000                       0.000000
       0.750000                       0.000000
       0.850000                       0.000000
       0.950000                       0.000000
       1.050000                       0.000000
       1.150000                       0.000000
       1.250000                       0.000000
       1.350000                       0.000000
       1.450000                       0.000000
       1.550000                       0.000000
       1.650000                       0.000000
       1.750000                       0.000000
       1.850000                       0.000000
       1.950000                       0.000000
       2.050000                       0.000000
       2.150000                       0.000000
       2.250000                       0.000000
       2.350000                       0.000000
       2.450000                       0.000001
       2.550000                       0.000093
       2.650000                       0.001643
       2.750000                       0.008011
       2.850000                       0.015978
       2.950000                       0.018246
       3.050000                       0.016561
       3.150000                       0.014708
       3.250000                       0.013721
       3.350000                       0.013358
       3.450000                       0.013364
       3.550000                       0.013502
       3.650000                       0.013635
       3.750000                       0.013758
       3.850000                       0.013799
       3.950000                       0.013879
       4.050000                       0.013990
       4.150000                       0.014109
       4.250000                       0.014288
       4.350000                       0.014552
       4.450000                       0.014903
       4.550000                       0.015473
       4.650000                       0.016291
       4.750000                       0.017136
       4.850000                       0.017640
       4.950000                       0.017537
       5.050000                       0.017036
       5.150000                       0.016442
       5.250000                       0.016036
       5.350000                       0.015896
       5.450000                       0.015976
       5.550000                       0.016224
       5.650000                       0.016602
       5.750000                       0.017007
       5.850000                       0.017398
       5.950000                       0.017769
       6.050000                       0.018056
       6.150000                       0.018298
       6.250000                       0.018546
       6.350000                       0.018774
       6.450000                       0.019000
       6.550000                       0.019202
       6.650000                       0.019421
       6.750000                       0.019653
       6.850000                       0.019924
       6.950000                       0.020190
       7.050000                       0.020449
       7.150000                       0.020647
       7.250000                       0.020806
       7.350000                       0.020962
       7.450000                       0.021150
       7.550000                       0.021351
       7.650000                       0.021549
       7.750000                       0.021736
       7.850000                       0.021947
       7.950000                       0.022152
       8.050000                       0.022349
       8.150000                       0.022566
       8.250000                       0.022769
       8.350000                       0.022996
       8.450000                       0.023202
       8.550000                       0.023410
       8.650000                       0.023612
       8.750000                       0.023806
       8.850000                       0.023998
       8.950000                       0.024171
       9.050000                       0.024360
       9.150000                       0.024514
       9.250000                       0.024656
       9.350000                       0.024774
       9.450000                       0.024891
       9.550000                       0.025008
       9.650000                       0.025140
       9.750000                       0.025272
       9.850000                       0.025419
       9.950000                       0.025587
      10.050000                       0.025719
      10.150000                       0.025863
      10.250000                       0.026002
      10.350000                       0.026149
      10.450000                       0.026294
      10.550000                       0.026419
      10.650000                       0.026544
      10.750000                       0.026680
      10.850000                       0.026801
      10.950000                       0.026925
      11.050000                       0.027044
      11.150000                       0.027158
      11.250000                       0.027265
      11.350000                       0.027356
      11.450000                       0.027432
      11.550000                       0.027501
      11.650000                       0.027574
      11.750000                       0.027650
      11.850000                       0.027723
      11.950000                       0.027816
      12.050000                       0.027918
      12.150000                       0.028013
      12.250000                       0.028117
      12.350000                       0.028216
      12.450000                       0.028309
      12.550000                       0.028404
      12.650000                       0.028478
      12.750000                       0.028574
      12.850000                       0.028667
      12.950000                       0.028749
      13.050000                       0.028832
      13.150000                       0.028915
      13.250000                       0.028991
      13.350000                       0.029061
      13.450000                       0.029139
      13.550000                       0.029218
      13.650000                       0.029289
      13.750000                       0.029356
      13.850000                       0.029428
      13.950000                       0.029501
      14.050000                       0.029574
      14.150000                       0.029632
      14.250000                       0.029694
      14.350000                       0.029757
      14.450000                       0.029822
      14.550000                       0.029878
      14.650000                       0.029925
      14.750000                       0.029977
      14.850000                       0.030036
      14.950000                       0.030080
      15.050000                       0.030126
      15.150000                       0.030179
      15.250000                       0.030215
      15.350000                       0.030262
      15.450000                       0.030293
      15.550000                       0.030336
      15.650000                       0.030375
      15.750000                       0.030412
      15.850000                       0.030448
      15.950000                       0.030478
      16.050000                       0.030511
      16.150000                       0.030542
      16.250000                       0.030570
      16.350000                       0.030588
      16.450000                       0.030619
      16.550000                       0.030642
      16.650000                       0.030677
      16.750000                       0.030694
      16.850000                       0.030718
      16.950000                       0.030745
      17.050000                       0.030772
      17.150000                       0.030796
      17.250000                       0.030828
      17.350000                       0.030846
      17.450000                       0.030873
      17.550000                       0.030905
      17.650000                       0.030926
      17.750000                       0.030949
      17.850000                       0.030974
      17.950000                       0.031004
      18.050000                       0.031025
      18.150000                       0.031048
      18.250000                       0.031067
      18.350000                       0.031085
      18.450000                       0.031103
      18.550000                       0.031113
      18.650000                       0.031129
      18.750000                       0.031144
      18.850000                       0.031156
      18.950000                       0.031169
      19.050000                       0.031183
      19.150000                       0.031194
      19.250000                       0.031210
      19.350000                       0.031209
      19.450000                       0.031221
      19.550000                       0.031222
      19.650000                       0.031235
      19.750000                       0.031242
      19.850000                       0.031250
      19.950000                       0.031251
      20.050000                       0.031260
      20.150000                       0.031268
      20.250000                       0.031273
      20.350000                       0.031276
      20.450000                       0.031279
      20.550000                       0.031290
      20.650000                       0.031291
      20.750000                       0.031300
      20.850000                       0.031303
      20.950000                       0.031304
      21.050000                       0.031306
      21.150000                       0.031314
      21.250000                       0.031316
      21.350000                       0.031322
      21.450000                       0.031328
      21.550000                       0.031328
      21.650000                       0.031331
      21.750000                       0.031334
      21.850000                       0.031336
      21.950000                       0.031337
      22.050000                       0.031343
      22.150000                       0.031349
      22.250000                       0.031344
      22.350000                       0.031350
      22.450000                       0.031351
      22.550000                       0.031352
      22.650000                       0.031352
      22.750000                       0.031353
      22.850000                       0.031355
      22.950000                       0.031349
      23.050000                       0.031355
      23.150000                       0.031357
      23.250000                       0.031360
      23.350000                       0.031359
      23.450000                       0.031356
      23.550000                       0.031356
      23.650000                       0.031356
      23.750000                       0.031356
      23.850000                       0.031361
      23.950000                       0.031357
      24.050000                       0.031363
      24.150000                       0.031362
      24.250000                       0.031364
      24.350000                       0.031358
      24.450000                       0.031367
      24.550000                       0.031360
      24.650000                       0.031363
      24.750000                       0.031363
      24.850000                       0.031360
      24.950000                       0.031359
      25.050000                       0.031363
      25.150000                       0.031361
      25.250000                       0.031359
      25.350000                       0.031362
      25.450000                       0.031362
      25.550000                       0.031357
      25.650000                       0.031363
      25.750000                       0.031358
      25.850000                       0.031358
      25.950000                       0.031361
      26.050000                       0.031358
      26.150000                       0.031358
      26.250000                       0.031357
      26.350000                       0.031358
      26.450000                       0.031358
      26.550000                       0.031356
      26.650000                       0.031359
      26.750000                       0.031356
      26.850000                       0.031353
      26.950000                       0.031354
      27.050000                       0.031353
      27.150000                       0.031357
      27.250000                       0.031354
      27.350000                       0.031358
      27.450000                       0.031356
      27.550000                       0.031358
      27.650000                       0.031356
      27.750000                       0.031355
      27.850000                       0.031356
      27.950000                       0.031358
      28.050000                       0.031356
      28.150000                       0.031356
      28.250000                       0.031350
      28.350000                       0.031349
      28.450000                       0.031356
      28.550000                       0.031354
      28.650000                       0.031356
      28.750000                       0.031354
      28.850000                       0.031349
      28.950000                       0.031352
      29.050000                       0.031350
      29.150000                       0.031352
      29.250000                       0.031355
      29.350000                       0.031355
      29.450000                       0.031350
      29.550000                       0.031353
      29.650000                       0.031354
      29.750000                       0.031356
      29.850000                       0.031350
      29.950000                       0.031350
