#Distance_(Ang) :1-10@N1,N2,N3,N7_=>_:WAT@O
       0.050000                    0.000000
       0.150000                    0.000000
       0.250000                    0.000000
       0.350000                    0.000000
       0.450000                    0.000000
       0.550000                    0.000000
       0.650000                    0.000000
       0.750000                    0.000000
       0.850000                    0.000000
       0.950000                    0.000000
       1.050000                    0.000000
       1.150000                    0.000000
       1.250000                    0.000000
       1.350000                    0.000000
       1.450000                    0.000000
       1.550000                    0.000000
       1.650000                    0.000000
       1.750000                    0.000000
       1.850000                    0.000000
       1.950000                    0.000000
       2.050000                    0.000000
       2.150000                    0.000000
       2.250000                    0.000000
       2.350000                    0.000000
       2.450000                    0.000001
       2.550000                    0.000103
       2.650000                    0.002059
       2.750000                    0.011060
       2.850000                    0.022608
       2.950000                    0.025559
       3.050000                    0.022810
       3.150000                    0.019781
       3.250000                    0.017969
       3.350000                    0.017107
       3.450000                    0.016688
       3.550000                    0.016499
       3.650000                    0.016316
       3.750000                    0.016097
       3.850000                    0.015837
       3.950000                    0.015511
       4.050000                    0.015188
       4.150000                    0.014910
       4.250000                    0.014770
       4.350000                    0.014761
       4.450000                    0.014941
       4.550000                    0.015466
       4.650000                    0.016624
       4.750000                    0.018081
       4.850000                    0.019168
       4.950000                    0.019701
       5.050000                    0.019655
       5.150000                    0.019285
       5.250000                    0.018994
       5.350000                    0.018932
       5.450000                    0.019142
       5.550000                    0.019487
       5.650000                    0.019945
       5.750000                    0.020402
       5.850000                    0.020907
       5.950000                    0.021374
       6.050000                    0.021835
       6.150000                    0.022294
       6.250000                    0.022730
       6.350000                    0.023115
       6.450000                    0.023399
       6.550000                    0.023598
       6.650000                    0.023761
       6.750000                    0.023939
       6.850000                    0.024164
       6.950000                    0.024447
       7.050000                    0.024702
       7.150000                    0.024887
       7.250000                    0.024949
       7.350000                    0.024988
       7.450000                    0.025064
       7.550000                    0.025139
       7.650000                    0.025231
       7.750000                    0.025349
       7.850000                    0.025486
       7.950000                    0.025629
       8.050000                    0.025799
       8.150000                    0.026001
       8.250000                    0.026207
       8.350000                    0.026396
       8.450000                    0.026574
       8.550000                    0.026751
       8.650000                    0.026861
       8.750000                    0.027005
       8.850000                    0.027125
       8.950000                    0.027252
       9.050000                    0.027367
       9.150000                    0.027485
       9.250000                    0.027600
       9.350000                    0.027705
       9.450000                    0.027809
       9.550000                    0.027904
       9.650000                    0.028023
       9.750000                    0.028129
       9.850000                    0.028245
       9.950000                    0.028343
      10.050000                    0.028449
      10.150000                    0.028540
      10.250000                    0.028637
      10.350000                    0.028714
      10.450000                    0.028799
      10.550000                    0.028886
      10.650000                    0.028950
      10.750000                    0.029022
      10.850000                    0.029078
      10.950000                    0.029149
      11.050000                    0.029214
      11.150000                    0.029285
      11.250000                    0.029342
      11.350000                    0.029396
      11.450000                    0.029433
      11.550000                    0.029473
      11.650000                    0.029487
      11.750000                    0.029502
      11.850000                    0.029539
      11.950000                    0.029561
      12.050000                    0.029585
      12.150000                    0.029622
      12.250000                    0.029648
      12.350000                    0.029693
      12.450000                    0.029720
      12.550000                    0.029763
      12.650000                    0.029799
      12.750000                    0.029834
      12.850000                    0.029878
      12.950000                    0.029911
      13.050000                    0.029930
      13.150000                    0.029953
      13.250000                    0.029976
      13.350000                    0.029983
      13.450000                    0.029981
      13.550000                    0.029995
      13.650000                    0.030004
      13.750000                    0.030002
      13.850000                    0.030025
      13.950000                    0.030059
      14.050000                    0.030069
      14.150000                    0.030101
      14.250000                    0.030138
      14.350000                    0.030171
      14.450000                    0.030197
      14.550000                    0.030222
      14.650000                    0.030250
      14.750000                    0.030265
      14.850000                    0.030290
      14.950000                    0.030307
      15.050000                    0.030326
      15.150000                    0.030335
      15.250000                    0.030355
      15.350000                    0.030367
      15.450000                    0.030385
      15.550000                    0.030397
      15.650000                    0.030418
      15.750000                    0.030428
      15.850000                    0.030447
      15.950000                    0.030463
      16.050000                    0.030480
      16.150000                    0.030491
      16.250000                    0.030503
      16.350000                    0.030515
      16.450000                    0.030514
      16.550000                    0.030523
      16.650000                    0.030531
      16.750000                    0.030539
      16.850000                    0.030537
      16.950000                    0.030545
      17.050000                    0.030556
      17.150000                    0.030550
      17.250000                    0.030563
      17.350000                    0.030566
      17.450000                    0.030573
      17.550000                    0.030575
      17.650000                    0.030581
      17.750000                    0.030592
      17.850000                    0.030601
      17.950000                    0.030603
      18.050000                    0.030617
      18.150000                    0.030630
      18.250000                    0.030642
      18.350000                    0.030644
      18.450000                    0.030660
      18.550000                    0.030669
      18.650000                    0.030685
      18.750000                    0.030695
      18.850000                    0.030702
      18.950000                    0.030711
      19.050000                    0.030726
      19.150000                    0.030741
      19.250000                    0.030747
      19.350000                    0.030756
      19.450000                    0.030764
      19.550000                    0.030779
      19.650000                    0.030782
      19.750000                    0.030789
      19.850000                    0.030794
      19.950000                    0.030803
      20.050000                    0.030806
      20.150000                    0.030815
      20.250000                    0.030819
      20.350000                    0.030825
      20.450000                    0.030825
      20.550000                    0.030830
      20.650000                    0.030837
      20.750000                    0.030838
      20.850000                    0.030843
      20.950000                    0.030844
      21.050000                    0.030848
      21.150000                    0.030849
      21.250000                    0.030859
      21.350000                    0.030862
      21.450000                    0.030863
      21.550000                    0.030866
      21.650000                    0.030877
      21.750000                    0.030881
      21.850000                    0.030881
      21.950000                    0.030888
      22.050000                    0.030895
      22.150000                    0.030906
      22.250000                    0.030903
      22.350000                    0.030915
      22.450000                    0.030917
      22.550000                    0.030927
      22.650000                    0.030935
      22.750000                    0.030944
      22.850000                    0.030948
      22.950000                    0.030955
      23.050000                    0.030963
      23.150000                    0.030969
      23.250000                    0.030979
      23.350000                    0.030985
      23.450000                    0.030992
      23.550000                    0.030999
      23.650000                    0.030999
      23.750000                    0.031005
      23.850000                    0.031012
      23.950000                    0.031018
      24.050000                    0.031021
      24.150000                    0.031028
      24.250000                    0.031030
      24.350000                    0.031037
      24.450000                    0.031044
      24.550000                    0.031043
      24.650000                    0.031050
      24.750000                    0.031051
      24.850000                    0.031054
      24.950000                    0.031062
      25.050000                    0.031065
      25.150000                    0.031069
      25.250000                    0.031077
      25.350000                    0.031078
      25.450000                    0.031083
      25.550000                    0.031082
      25.650000                    0.031093
      25.750000                    0.031097
      25.850000                    0.031099
      25.950000                    0.031108
      26.050000                    0.031114
      26.150000                    0.031114
      26.250000                    0.031127
      26.350000                    0.031126
      26.450000                    0.031134
      26.550000                    0.031138
      26.650000                    0.031142
      26.750000                    0.031147
      26.850000                    0.031154
      26.950000                    0.031162
      27.050000                    0.031163
      27.150000                    0.031167
      27.250000                    0.031175
      27.350000                    0.031176
      27.450000                    0.031184
      27.550000                    0.031187
      27.650000                    0.031192
      27.750000                    0.031195
      27.850000                    0.031200
      27.950000                    0.031201
      28.050000                    0.031209
      28.150000                    0.031209
      28.250000                    0.031212
      28.350000                    0.031213
      28.450000                    0.031220
      28.550000                    0.031227
      28.650000                    0.031223
      28.750000                    0.031233
      28.850000                    0.031232
      28.950000                    0.031238
      29.050000                    0.031241
      29.150000                    0.031246
      29.250000                    0.031249
      29.350000                    0.031250
      29.450000                    0.031255
      29.550000                    0.031261
      29.650000                    0.031264
      29.750000                    0.031263
      29.850000                    0.031268
      29.950000                    0.031274
