#Distance_(Ang) :1-10@O2,O6_=>_:WAT@O
       0.050000              0.000000
       0.150000              0.000000
       0.250000              0.000000
       0.350000              0.000000
       0.450000              0.000000
       0.550000              0.000000
       0.650000              0.000000
       0.750000              0.000000
       0.850000              0.000000
       0.950000              0.000000
       1.050000              0.000000
       1.150000              0.000000
       1.250000              0.000000
       1.350000              0.000000
       1.450000              0.000000
       1.550000              0.000000
       1.650000              0.000000
       1.750000              0.000000
       1.850000              0.000000
       1.950000              0.000000
       2.050000              0.000000
       2.150000              0.000000
       2.250000              0.000000
       2.350000              0.000005
       2.450000              0.000780
       2.550000              0.010180
       2.650000              0.029851
       2.750000              0.038487
       2.850000              0.033824
       2.950000              0.026955
       3.050000              0.022383
       3.150000              0.019846
       3.250000              0.018545
       3.350000              0.017771
       3.450000              0.017317
       3.550000              0.016971
       3.650000              0.016771
       3.750000              0.016740
       3.850000              0.016617
       3.950000              0.016663
       4.050000              0.016639
       4.150000              0.016529
       4.250000              0.016476
       4.350000              0.016359
       4.450000              0.016418
       4.550000              0.016575
       4.650000              0.016789
       4.750000              0.016958
       4.850000              0.017047
       4.950000              0.017184
       5.050000              0.017439
       5.150000              0.017784
       5.250000              0.018123
       5.350000              0.018462
       5.450000              0.018683
       5.550000              0.018889
       5.650000              0.019081
       5.750000              0.019239
       5.850000              0.019427
       5.950000              0.019580
       6.050000              0.019779
       6.150000              0.020005
       6.250000              0.020184
       6.350000              0.020446
       6.450000              0.020671
       6.550000              0.020959
       6.650000              0.021302
       6.750000              0.021721
       6.850000              0.022150
       6.950000              0.022617
       7.050000              0.022976
       7.150000              0.023152
       7.250000              0.023075
       7.350000              0.022816
       7.450000              0.022513
       7.550000              0.022327
       7.650000              0.022191
       7.750000              0.022174
       7.850000              0.022179
       7.950000              0.022242
       8.050000              0.022332
       8.150000              0.022451
       8.250000              0.022614
       8.350000              0.022782
       8.450000              0.022929
       8.550000              0.023091
       8.650000              0.023279
       8.750000              0.023482
       8.850000              0.023656
       8.950000              0.023859
       9.050000              0.024111
       9.150000              0.024364
       9.250000              0.024584
       9.350000              0.024836
       9.450000              0.025067
       9.550000              0.025230
       9.650000              0.025448
       9.750000              0.025608
       9.850000              0.025737
       9.950000              0.025851
      10.050000              0.025944
      10.150000              0.026031
      10.250000              0.026110
      10.350000              0.026222
      10.450000              0.026331
      10.550000              0.026476
      10.650000              0.026610
      10.750000              0.026775
      10.850000              0.026895
      10.950000              0.027033
      11.050000              0.027164
      11.150000              0.027244
      11.250000              0.027317
      11.350000              0.027394
      11.450000              0.027454
      11.550000              0.027558
      11.650000              0.027625
      11.750000              0.027722
      11.850000              0.027818
      11.950000              0.027910
      12.050000              0.028003
      12.150000              0.028057
      12.250000              0.028131
      12.350000              0.028203
      12.450000              0.028288
      12.550000              0.028342
      12.650000              0.028435
      12.750000              0.028503
      12.850000              0.028587
      12.950000              0.028689
      13.050000              0.028768
      13.150000              0.028866
      13.250000              0.028950
      13.350000              0.029040
      13.450000              0.029128
      13.550000              0.029210
      13.650000              0.029275
      13.750000              0.029314
      13.850000              0.029330
      13.950000              0.029373
      14.050000              0.029405
      14.150000              0.029440
      14.250000              0.029477
      14.350000              0.029536
      14.450000              0.029569
      14.550000              0.029628
      14.650000              0.029683
      14.750000              0.029725
      14.850000              0.029760
      14.950000              0.029826
      15.050000              0.029858
      15.150000              0.029927
      15.250000              0.029948
      15.350000              0.029983
      15.450000              0.030046
      15.550000              0.030080
      15.650000              0.030100
      15.750000              0.030150
      15.850000              0.030197
      15.950000              0.030245
      16.050000              0.030288
      16.150000              0.030316
      16.250000              0.030353
      16.350000              0.030379
      16.450000              0.030426
      16.550000              0.030455
      16.650000              0.030491
      16.750000              0.030532
      16.850000              0.030555
      16.950000              0.030582
      17.050000              0.030611
      17.150000              0.030642
      17.250000              0.030660
      17.350000              0.030689
      17.450000              0.030712
      17.550000              0.030740
      17.650000              0.030769
      17.750000              0.030788
      17.850000              0.030822
      17.950000              0.030821
      18.050000              0.030849
      18.150000              0.030865
      18.250000              0.030891
      18.350000              0.030906
      18.450000              0.030931
      18.550000              0.030942
      18.650000              0.030968
      18.750000              0.030989
      18.850000              0.031009
      18.950000              0.031023
      19.050000              0.031029
      19.150000              0.031058
      19.250000              0.031077
      19.350000              0.031090
      19.450000              0.031122
      19.550000              0.031135
      19.650000              0.031147
      19.750000              0.031171
      19.850000              0.031177
      19.950000              0.031196
      20.050000              0.031195
      20.150000              0.031206
      20.250000              0.031226
      20.350000              0.031232
      20.450000              0.031235
      20.550000              0.031246
      20.650000              0.031249
      20.750000              0.031247
      20.850000              0.031251
      20.950000              0.031259
      21.050000              0.031262
      21.150000              0.031270
      21.250000              0.031273
      21.350000              0.031279
      21.450000              0.031285
      21.550000              0.031289
      21.650000              0.031294
      21.750000              0.031299
      21.850000              0.031307
      21.950000              0.031316
      22.050000              0.031315
      22.150000              0.031324
      22.250000              0.031332
      22.350000              0.031330
      22.450000              0.031324
      22.550000              0.031336
      22.650000              0.031341
      22.750000              0.031344
      22.850000              0.031343
      22.950000              0.031338
      23.050000              0.031343
      23.150000              0.031345
      23.250000              0.031347
      23.350000              0.031353
      23.450000              0.031351
      23.550000              0.031342
      23.650000              0.031358
      23.750000              0.031355
      23.850000              0.031360
      23.950000              0.031361
      24.050000              0.031361
      24.150000              0.031368
      24.250000              0.031369
      24.350000              0.031350
      24.450000              0.031366
      24.550000              0.031364
      24.650000              0.031363
      24.750000              0.031357
      24.850000              0.031355
      24.950000              0.031364
      25.050000              0.031363
      25.150000              0.031371
      25.250000              0.031357
      25.350000              0.031362
      25.450000              0.031364
      25.550000              0.031363
      25.650000              0.031352
      25.750000              0.031368
      25.850000              0.031356
      25.950000              0.031359
      26.050000              0.031362
      26.150000              0.031355
      26.250000              0.031360
      26.350000              0.031350
      26.450000              0.031357
      26.550000              0.031362
      26.650000              0.031364
      26.750000              0.031354
      26.850000              0.031355
      26.950000              0.031359
      27.050000              0.031358
      27.150000              0.031357
      27.250000              0.031357
      27.350000              0.031352
      27.450000              0.031359
      27.550000              0.031351
      27.650000              0.031353
      27.750000              0.031353
      27.850000              0.031358
      27.950000              0.031349
      28.050000              0.031356
      28.150000              0.031361
      28.250000              0.031356
      28.350000              0.031354
      28.450000              0.031357
      28.550000              0.031353
      28.650000              0.031353
      28.750000              0.031355
      28.850000              0.031356
      28.950000              0.031354
      29.050000              0.031353
      29.150000              0.031357
      29.250000              0.031357
      29.350000              0.031354
      29.450000              0.031360
      29.550000              0.031355
      29.650000              0.031353
      29.750000              0.031348
      29.850000              0.031344
      29.950000              0.031350
