#Distance_(Ang) :1-10@O2,O4_=>_:WAT@O
       0.050000              0.000000
       0.150000              0.000000
       0.250000              0.000000
       0.350000              0.000000
       0.450000              0.000000
       0.550000              0.000000
       0.650000              0.000000
       0.750000              0.000000
       0.850000              0.000000
       0.950000              0.000000
       1.050000              0.000000
       1.150000              0.000000
       1.250000              0.000000
       1.350000              0.000000
       1.450000              0.000000
       1.550000              0.000000
       1.650000              0.000000
       1.750000              0.000000
       1.850000              0.000000
       1.950000              0.000000
       2.050000              0.000000
       2.150000              0.000000
       2.250000              0.000000
       2.350000              0.000003
       2.450000              0.000540
       2.550000              0.007619
       2.650000              0.023757
       2.750000              0.031689
       2.850000              0.028220
       2.950000              0.022682
       3.050000              0.019321
       3.150000              0.018071
       3.250000              0.017883
       3.350000              0.018140
       3.450000              0.018417
       3.550000              0.018589
       3.650000              0.018663
       3.750000              0.018538
       3.850000              0.018231
       3.950000              0.017814
       4.050000              0.017360
       4.150000              0.016904
       4.250000              0.016544
       4.350000              0.016301
       4.450000              0.016223
       4.550000              0.016384
       4.650000              0.016581
       4.750000              0.016734
       4.850000              0.016809
       4.950000              0.016941
       5.050000              0.017216
       5.150000              0.017529
       5.250000              0.017862
       5.350000              0.018178
       5.450000              0.018455
       5.550000              0.018683
       5.650000              0.018923
       5.750000              0.019179
       5.850000              0.019454
       5.950000              0.019750
       6.050000              0.020059
       6.150000              0.020325
       6.250000              0.020600
       6.350000              0.020856
       6.450000              0.021110
       6.550000              0.021371
       6.650000              0.021642
       6.750000              0.021979
       6.850000              0.022276
       6.950000              0.022539
       7.050000              0.022683
       7.150000              0.022681
       7.250000              0.022517
       7.350000              0.022356
       7.450000              0.022283
       7.550000              0.022269
       7.650000              0.022318
       7.750000              0.022380
       7.850000              0.022477
       7.950000              0.022587
       8.050000              0.022735
       8.150000              0.022905
       8.250000              0.023079
       8.350000              0.023284
       8.450000              0.023490
       8.550000              0.023682
       8.650000              0.023901
       8.750000              0.024108
       8.850000              0.024299
       8.950000              0.024532
       9.050000              0.024727
       9.150000              0.024929
       9.250000              0.025118
       9.350000              0.025317
       9.450000              0.025511
       9.550000              0.025690
       9.650000              0.025868
       9.750000              0.026022
       9.850000              0.026162
       9.950000              0.026303
      10.050000              0.026433
      10.150000              0.026549
      10.250000              0.026708
      10.350000              0.026852
      10.450000              0.026993
      10.550000              0.027142
      10.650000              0.027280
      10.750000              0.027424
      10.850000              0.027538
      10.950000              0.027651
      11.050000              0.027738
      11.150000              0.027834
      11.250000              0.027883
      11.350000              0.027940
      11.450000              0.027970
      11.550000              0.028008
      11.650000              0.028059
      11.750000              0.028103
      11.850000              0.028165
      11.950000              0.028235
      12.050000              0.028303
      12.150000              0.028381
      12.250000              0.028458
      12.350000              0.028539
      12.450000              0.028606
      12.550000              0.028671
      12.650000              0.028756
      12.750000              0.028841
      12.850000              0.028920
      12.950000              0.029001
      13.050000              0.029072
      13.150000              0.029149
      13.250000              0.029206
      13.350000              0.029251
      13.450000              0.029288
      13.550000              0.029326
      13.650000              0.029376
      13.750000              0.029429
      13.850000              0.029474
      13.950000              0.029534
      14.050000              0.029586
      14.150000              0.029643
      14.250000              0.029680
      14.350000              0.029742
      14.450000              0.029765
      14.550000              0.029810
      14.650000              0.029851
      14.750000              0.029883
      14.850000              0.029922
      14.950000              0.029954
      15.050000              0.029986
      15.150000              0.030026
      15.250000              0.030058
      15.350000              0.030092
      15.450000              0.030118
      15.550000              0.030157
      15.650000              0.030199
      15.750000              0.030232
      15.850000              0.030269
      15.950000              0.030289
      16.050000              0.030332
      16.150000              0.030357
      16.250000              0.030394
      16.350000              0.030430
      16.450000              0.030457
      16.550000              0.030487
      16.650000              0.030516
      16.750000              0.030550
      16.850000              0.030575
      16.950000              0.030618
      17.050000              0.030640
      17.150000              0.030668
      17.250000              0.030692
      17.350000              0.030720
      17.450000              0.030740
      17.550000              0.030764
      17.650000              0.030780
      17.750000              0.030804
      17.850000              0.030832
      17.950000              0.030848
      18.050000              0.030868
      18.150000              0.030888
      18.250000              0.030912
      18.350000              0.030926
      18.450000              0.030936
      18.550000              0.030961
      18.650000              0.030976
      18.750000              0.030990
      18.850000              0.031008
      18.950000              0.031025
      19.050000              0.031034
      19.150000              0.031052
      19.250000              0.031062
      19.350000              0.031072
      19.450000              0.031082
      19.550000              0.031100
      19.650000              0.031114
      19.750000              0.031122
      19.850000              0.031131
      19.950000              0.031135
      20.050000              0.031155
      20.150000              0.031157
      20.250000              0.031164
      20.350000              0.031177
      20.450000              0.031181
      20.550000              0.031189
      20.650000              0.031204
      20.750000              0.031204
      20.850000              0.031213
      20.950000              0.031218
      21.050000              0.031222
      21.150000              0.031236
      21.250000              0.031238
      21.350000              0.031243
      21.450000              0.031251
      21.550000              0.031253
      21.650000              0.031265
      21.750000              0.031273
      21.850000              0.031271
      21.950000              0.031279
      22.050000              0.031280
      22.150000              0.031285
      22.250000              0.031297
      22.350000              0.031295
      22.450000              0.031291
      22.550000              0.031299
      22.650000              0.031307
      22.750000              0.031311
      22.850000              0.031313
      22.950000              0.031315
      23.050000              0.031317
      23.150000              0.031323
      23.250000              0.031325
      23.350000              0.031333
      23.450000              0.031320
      23.550000              0.031325
      23.650000              0.031329
      23.750000              0.031332
      23.850000              0.031328
      23.950000              0.031332
      24.050000              0.031331
      24.150000              0.031340
      24.250000              0.031332
      24.350000              0.031337
      24.450000              0.031339
      24.550000              0.031335
      24.650000              0.031334
      24.750000              0.031337
      24.850000              0.031335
      24.950000              0.031340
      25.050000              0.031343
      25.150000              0.031340
      25.250000              0.031342
      25.350000              0.031341
      25.450000              0.031346
      25.550000              0.031350
      25.650000              0.031345
      25.750000              0.031342
      25.850000              0.031342
      25.950000              0.031346
      26.050000              0.031346
      26.150000              0.031347
      26.250000              0.031349
      26.350000              0.031346
      26.450000              0.031342
      26.550000              0.031345
      26.650000              0.031349
      26.750000              0.031340
      26.850000              0.031346
      26.950000              0.031349
      27.050000              0.031343
      27.150000              0.031352
      27.250000              0.031351
      27.350000              0.031344
      27.450000              0.031350
      27.550000              0.031347
      27.650000              0.031343
      27.750000              0.031353
      27.850000              0.031344
      27.950000              0.031347
      28.050000              0.031352
      28.150000              0.031352
      28.250000              0.031343
      28.350000              0.031346
      28.450000              0.031350
      28.550000              0.031346
      28.650000              0.031351
      28.750000              0.031351
      28.850000              0.031347
      28.950000              0.031348
      29.050000              0.031348
      29.150000              0.031344
      29.250000              0.031346
      29.350000              0.031342
      29.450000              0.031350
      29.550000              0.031346
      29.650000              0.031346
      29.750000              0.031348
      29.850000              0.031348
      29.950000              0.031348
