#Distance_(Ang) :1-10@O6_=>_:WAT@O
       0.050000           0.000000
       0.150000           0.000000
       0.250000           0.000000
       0.350000           0.000000
       0.450000           0.000000
       0.550000           0.000000
       0.650000           0.000000
       0.750000           0.000000
       0.850000           0.000000
       0.950000           0.000000
       1.050000           0.000000
       1.150000           0.000000
       1.250000           0.000000
       1.350000           0.000000
       1.450000           0.000000
       1.550000           0.000000
       1.650000           0.000000
       1.750000           0.000000
       1.850000           0.000000
       1.950000           0.000000
       2.050000           0.000000
       2.150000           0.000000
       2.250000           0.000000
       2.350000           0.000004
       2.450000           0.000706
       2.550000           0.009960
       2.650000           0.030848
       2.750000           0.040753
       2.850000           0.035723
       2.950000           0.027542
       3.050000           0.022025
       3.150000           0.019283
       3.250000           0.017975
       3.350000           0.017532
       3.450000           0.017472
       3.550000           0.017599
       3.650000           0.017802
       3.750000           0.018148
       3.850000           0.018506
       3.950000           0.018901
       4.050000           0.019201
       4.150000           0.019231
       4.250000           0.019166
       4.350000           0.018990
       4.450000           0.018862
       4.550000           0.018878
       4.650000           0.018898
       4.750000           0.018841
       4.850000           0.018837
       4.950000           0.018858
       5.050000           0.018986
       5.150000           0.019180
       5.250000           0.019439
       5.350000           0.019738
       5.450000           0.020004
       5.550000           0.020277
       5.650000           0.020578
       5.750000           0.020947
       5.850000           0.021355
       5.950000           0.021797
       6.050000           0.022261
       6.150000           0.022738
       6.250000           0.023203
       6.350000           0.023616
       6.450000           0.024001
       6.550000           0.024355
       6.650000           0.024703
       6.750000           0.025043
       6.850000           0.025324
       6.950000           0.025644
       7.050000           0.026024
       7.150000           0.026338
       7.250000           0.026268
       7.350000           0.025859
       7.450000           0.025265
       7.550000           0.024847
       7.650000           0.024509
       7.750000           0.024320
       7.850000           0.024224
       7.950000           0.024175
       8.050000           0.024183
       8.150000           0.024241
       8.250000           0.024355
       8.350000           0.024493
       8.450000           0.024647
       8.550000           0.024840
       8.650000           0.025038
       8.750000           0.025294
       8.850000           0.025493
       8.950000           0.025724
       9.050000           0.025918
       9.150000           0.026181
       9.250000           0.026372
       9.350000           0.026601
       9.450000           0.026829
       9.550000           0.027038
       9.650000           0.027266
       9.750000           0.027487
       9.850000           0.027663
       9.950000           0.027823
      10.050000           0.027980
      10.150000           0.028115
      10.250000           0.028229
      10.350000           0.028323
      10.450000           0.028424
      10.550000           0.028544
      10.650000           0.028657
      10.750000           0.028777
      10.850000           0.028924
      10.950000           0.029067
      11.050000           0.029193
      11.150000           0.029309
      11.250000           0.029374
      11.350000           0.029371
      11.450000           0.029331
      11.550000           0.029293
      11.650000           0.029249
      11.750000           0.029210
      11.850000           0.029189
      11.950000           0.029197
      12.050000           0.029160
      12.150000           0.029172
      12.250000           0.029186
      12.350000           0.029237
      12.450000           0.029290
      12.550000           0.029348
      12.650000           0.029427
      12.750000           0.029495
      12.850000           0.029576
      12.950000           0.029669
      13.050000           0.029739
      13.150000           0.029827
      13.250000           0.029919
      13.350000           0.029997
      13.450000           0.030043
      13.550000           0.030086
      13.650000           0.030146
      13.750000           0.030176
      13.850000           0.030190
      13.950000           0.030224
      14.050000           0.030232
      14.150000           0.030243
      14.250000           0.030227
      14.350000           0.030221
      14.450000           0.030216
      14.550000           0.030178
      14.650000           0.030170
      14.750000           0.030165
      14.850000           0.030142
      14.950000           0.030126
      15.050000           0.030124
      15.150000           0.030115
      15.250000           0.030124
      15.350000           0.030120
      15.450000           0.030140
      15.550000           0.030135
      15.650000           0.030175
      15.750000           0.030182
      15.850000           0.030218
      15.950000           0.030258
      16.050000           0.030294
      16.150000           0.030320
      16.250000           0.030354
      16.350000           0.030394
      16.450000           0.030441
      16.550000           0.030468
      16.650000           0.030485
      16.750000           0.030518
      16.850000           0.030540
      16.950000           0.030549
      17.050000           0.030579
      17.150000           0.030580
      17.250000           0.030602
      17.350000           0.030589
      17.450000           0.030604
      17.550000           0.030602
      17.650000           0.030608
      17.750000           0.030603
      17.850000           0.030613
      17.950000           0.030600
      18.050000           0.030599
      18.150000           0.030605
      18.250000           0.030603
      18.350000           0.030589
      18.450000           0.030592
      18.550000           0.030596
      18.650000           0.030598
      18.750000           0.030606
      18.850000           0.030617
      18.950000           0.030620
      19.050000           0.030631
      19.150000           0.030636
      19.250000           0.030651
      19.350000           0.030667
      19.450000           0.030681
      19.550000           0.030697
      19.650000           0.030697
      19.750000           0.030718
      19.850000           0.030734
      19.950000           0.030744
      20.050000           0.030751
      20.150000           0.030771
      20.250000           0.030781
      20.350000           0.030802
      20.450000           0.030805
      20.550000           0.030809
      20.650000           0.030822
      20.750000           0.030840
      20.850000           0.030843
      20.950000           0.030850
      21.050000           0.030859
      21.150000           0.030860
      21.250000           0.030851
      21.350000           0.030865
      21.450000           0.030879
      21.550000           0.030878
      21.650000           0.030881
      21.750000           0.030880
      21.850000           0.030883
      21.950000           0.030888
      22.050000           0.030890
      22.150000           0.030909
      22.250000           0.030911
      22.350000           0.030911
      22.450000           0.030921
      22.550000           0.030926
      22.650000           0.030936
      22.750000           0.030940
      22.850000           0.030949
      22.950000           0.030952
      23.050000           0.030972
      23.150000           0.030973
      23.250000           0.030984
      23.350000           0.030987
      23.450000           0.031009
      23.550000           0.031007
      23.650000           0.031011
      23.750000           0.031027
      23.850000           0.031027
      23.950000           0.031044
      24.050000           0.031043
      24.150000           0.031063
      24.250000           0.031062
      24.350000           0.031072
      24.450000           0.031076
      24.550000           0.031077
      24.650000           0.031083
      24.750000           0.031092
      24.850000           0.031103
      24.950000           0.031098
      25.050000           0.031104
      25.150000           0.031119
      25.250000           0.031112
      25.350000           0.031124
      25.450000           0.031124
      25.550000           0.031127
      25.650000           0.031135
      25.750000           0.031141
      25.850000           0.031146
      25.950000           0.031156
      26.050000           0.031160
      26.150000           0.031160
      26.250000           0.031165
      26.350000           0.031170
      26.450000           0.031173
      26.550000           0.031181
      26.650000           0.031187
      26.750000           0.031187
      26.850000           0.031195
      26.950000           0.031206
      27.050000           0.031210
      27.150000           0.031217
      27.250000           0.031217
      27.350000           0.031220
      27.450000           0.031232
      27.550000           0.031237
      27.650000           0.031238
      27.750000           0.031249
      27.850000           0.031246
      27.950000           0.031253
      28.050000           0.031259
      28.150000           0.031261
      28.250000           0.031254
      28.350000           0.031269
      28.450000           0.031264
      28.550000           0.031272
      28.650000           0.031270
      28.750000           0.031278
      28.850000           0.031280
      28.950000           0.031284
      29.050000           0.031281
      29.150000           0.031286
      29.250000           0.031288
      29.350000           0.031292
      29.450000           0.031294
      29.550000           0.031294
      29.650000           0.031302
      29.750000           0.031306
      29.850000           0.031306
      29.950000           0.031306
