#Distance_(Ang) :A,A3,U,U3@P_=>_:WAT@O
       0.050000               0.000000
       0.150000               0.000000
       0.250000               0.000000
       0.350000               0.000000
       0.450000               0.000000
       0.550000               0.000000
       0.650000               0.000000
       0.750000               0.000000
       0.850000               0.000000
       0.950000               0.000000
       1.050000               0.000000
       1.150000               0.000000
       1.250000               0.000000
       1.350000               0.000000
       1.450000               0.000000
       1.550000               0.000000
       1.650000               0.000000
       1.750000               0.000000
       1.850000               0.000000
       1.950000               0.000000
       2.050000               0.000000
       2.150000               0.000000
       2.250000               0.000000
       2.350000               0.000000
       2.450000               0.000000
       2.550000               0.000000
       2.650000               0.000000
       2.750000               0.000000
       2.850000               0.000000
       2.950000               0.000014
       3.050000               0.000259
       3.150000               0.001925
       3.250000               0.007444
       3.350000               0.017915
       3.450000               0.030342
       3.550000               0.039436
       3.650000               0.042960
       3.750000               0.042835
       3.850000               0.040757
       3.950000               0.036045
       4.050000               0.028150
       4.150000               0.019975
       4.250000               0.014836
       4.350000               0.012749
       4.450000               0.012178
       4.550000               0.012172
       4.650000               0.012378
       4.750000               0.012764
       4.850000               0.013383
       4.950000               0.014150
       5.050000               0.015064
       5.150000               0.016082
       5.250000               0.017034
       5.350000               0.018016
       5.450000               0.018845
       5.550000               0.019674
       5.650000               0.020448
       5.750000               0.021183
       5.850000               0.021783
       5.950000               0.022207
       6.050000               0.022382
       6.150000               0.022250
       6.250000               0.021921
       6.350000               0.021458
       6.450000               0.021075
       6.550000               0.020690
       6.650000               0.020499
       6.750000               0.020378
       6.850000               0.020419
       6.950000               0.020566
       7.050000               0.020791
       7.150000               0.021093
       7.250000               0.021429
       7.350000               0.021758
       7.450000               0.022058
       7.550000               0.022369
       7.650000               0.022622
       7.750000               0.022833
       7.850000               0.023050
       7.950000               0.023219
       8.050000               0.023305
       8.150000               0.023387
       8.250000               0.023402
       8.350000               0.023393
       8.450000               0.023426
       8.550000               0.023442
       8.650000               0.023481
       8.750000               0.023606
       8.850000               0.023715
       8.950000               0.023903
       9.050000               0.024123
       9.150000               0.024305
       9.250000               0.024506
       9.350000               0.024720
       9.450000               0.024942
       9.550000               0.025195
       9.650000               0.025474
       9.750000               0.025714
       9.850000               0.025937
       9.950000               0.026127
      10.050000               0.026282
      10.150000               0.026425
      10.250000               0.026529
      10.350000               0.026588
      10.450000               0.026599
      10.550000               0.026620
      10.650000               0.026633
      10.750000               0.026676
      10.850000               0.026747
      10.950000               0.026850
      11.050000               0.026954
      11.150000               0.027093
      11.250000               0.027236
      11.350000               0.027368
      11.450000               0.027501
      11.550000               0.027646
      11.650000               0.027739
      11.750000               0.027836
      11.850000               0.027910
      11.950000               0.027996
      12.050000               0.028065
      12.150000               0.028147
      12.250000               0.028224
      12.350000               0.028329
      12.450000               0.028386
      12.550000               0.028447
      12.650000               0.028486
      12.750000               0.028527
      12.850000               0.028555
      12.950000               0.028605
      13.050000               0.028663
      13.150000               0.028739
      13.250000               0.028797
      13.350000               0.028851
      13.450000               0.028917
      13.550000               0.028990
      13.650000               0.029020
      13.750000               0.029088
      13.850000               0.029152
      13.950000               0.029224
      14.050000               0.029315
      14.150000               0.029372
      14.250000               0.029461
      14.350000               0.029516
      14.450000               0.029592
      14.550000               0.029671
      14.650000               0.029738
      14.750000               0.029772
      14.850000               0.029838
      14.950000               0.029870
      15.050000               0.029926
      15.150000               0.029956
      15.250000               0.029999
      15.350000               0.030035
      15.450000               0.030069
      15.550000               0.030101
      15.650000               0.030122
      15.750000               0.030155
      15.850000               0.030205
      15.950000               0.030232
      16.050000               0.030247
      16.150000               0.030271
      16.250000               0.030300
      16.350000               0.030328
      16.450000               0.030356
      16.550000               0.030375
      16.650000               0.030391
      16.750000               0.030425
      16.850000               0.030465
      16.950000               0.030487
      17.050000               0.030519
      17.150000               0.030534
      17.250000               0.030570
      17.350000               0.030601
      17.450000               0.030629
      17.550000               0.030669
      17.650000               0.030712
      17.750000               0.030737
      17.850000               0.030776
      17.950000               0.030801
      18.050000               0.030832
      18.150000               0.030877
      18.250000               0.030897
      18.350000               0.030921
      18.450000               0.030928
      18.550000               0.030966
      18.650000               0.030982
      18.750000               0.030992
      18.850000               0.031014
      18.950000               0.031033
      19.050000               0.031040
      19.150000               0.031059
      19.250000               0.031075
      19.350000               0.031096
      19.450000               0.031118
      19.550000               0.031136
      19.650000               0.031155
      19.750000               0.031161
      19.850000               0.031187
      19.950000               0.031201
      20.050000               0.031213
      20.150000               0.031244
      20.250000               0.031251
      20.350000               0.031252
      20.450000               0.031254
      20.550000               0.031261
      20.650000               0.031270
      20.750000               0.031280
      20.850000               0.031286
      20.950000               0.031283
      21.050000               0.031297
      21.150000               0.031306
      21.250000               0.031300
      21.350000               0.031293
      21.450000               0.031313
      21.550000               0.031306
      21.650000               0.031303
      21.750000               0.031312
      21.850000               0.031314
      21.950000               0.031316
      22.050000               0.031317
      22.150000               0.031310
      22.250000               0.031323
      22.350000               0.031323
      22.450000               0.031322
      22.550000               0.031327
      22.650000               0.031335
      22.750000               0.031335
      22.850000               0.031328
      22.950000               0.031327
      23.050000               0.031327
      23.150000               0.031335
      23.250000               0.031336
      23.350000               0.031339
      23.450000               0.031336
      23.550000               0.031334
      23.650000               0.031345
      23.750000               0.031344
      23.850000               0.031343
      23.950000               0.031344
      24.050000               0.031343
      24.150000               0.031342
      24.250000               0.031340
      24.350000               0.031345
      24.450000               0.031353
      24.550000               0.031347
      24.650000               0.031354
      24.750000               0.031357
      24.850000               0.031361
      24.950000               0.031359
      25.050000               0.031352
      25.150000               0.031366
      25.250000               0.031354
      25.350000               0.031359
      25.450000               0.031361
      25.550000               0.031359
      25.650000               0.031359
      25.750000               0.031349
      25.850000               0.031361
      25.950000               0.031362
      26.050000               0.031359
      26.150000               0.031362
      26.250000               0.031358
      26.350000               0.031363
      26.450000               0.031357
      26.550000               0.031361
      26.650000               0.031351
      26.750000               0.031353
      26.850000               0.031350
      26.950000               0.031351
      27.050000               0.031355
      27.150000               0.031353
      27.250000               0.031350
      27.350000               0.031353
      27.450000               0.031355
      27.550000               0.031351
      27.650000               0.031349
      27.750000               0.031353
      27.850000               0.031350
      27.950000               0.031349
      28.050000               0.031351
      28.150000               0.031344
      28.250000               0.031348
      28.350000               0.031348
      28.450000               0.031355
      28.550000               0.031353
      28.650000               0.031351
      28.750000               0.031353
      28.850000               0.031351
      28.950000               0.031360
      29.050000               0.031353
      29.150000               0.031351
      29.250000               0.031348
      29.350000               0.031352
      29.450000               0.031353
      29.550000               0.031347
      29.650000               0.031345
      29.750000               0.031355
      29.850000               0.031347
      29.950000               0.031345
