#Distance_(Ang) :G,G3,U,U3@P_=>_:WAT@O
       0.050000               0.000000
       0.150000               0.000000
       0.250000               0.000000
       0.350000               0.000000
       0.450000               0.000000
       0.550000               0.000000
       0.650000               0.000000
       0.750000               0.000000
       0.850000               0.000000
       0.950000               0.000000
       1.050000               0.000000
       1.150000               0.000000
       1.250000               0.000000
       1.350000               0.000000
       1.450000               0.000000
       1.550000               0.000000
       1.650000               0.000000
       1.750000               0.000000
       1.850000               0.000000
       1.950000               0.000000
       2.050000               0.000000
       2.150000               0.000000
       2.250000               0.000000
       2.350000               0.000000
       2.450000               0.000000
       2.550000               0.000000
       2.650000               0.000000
       2.750000               0.000000
       2.850000               0.000000
       2.950000               0.000015
       3.050000               0.000265
       3.150000               0.001956
       3.250000               0.007612
       3.350000               0.018503
       3.450000               0.031621
       3.550000               0.041286
       3.650000               0.045092
       3.750000               0.044689
       3.850000               0.041961
       3.950000               0.036563
       4.050000               0.028040
       4.150000               0.019476
       4.250000               0.014002
       4.350000               0.011626
       4.450000               0.011092
       4.550000               0.011271
       4.650000               0.011939
       4.750000               0.012752
       4.850000               0.013705
       4.950000               0.014712
       5.050000               0.015755
       5.150000               0.016759
       5.250000               0.017651
       5.350000               0.018511
       5.450000               0.019291
       5.550000               0.020017
       5.650000               0.020620
       5.750000               0.021155
       5.850000               0.021524
       5.950000               0.021757
       6.050000               0.021775
       6.150000               0.021614
       6.250000               0.021319
       6.350000               0.020987
       6.450000               0.020649
       6.550000               0.020440
       6.650000               0.020317
       6.750000               0.020280
       6.850000               0.020325
       6.950000               0.020463
       7.050000               0.020605
       7.150000               0.020887
       7.250000               0.021116
       7.350000               0.021380
       7.450000               0.021652
       7.550000               0.021863
       7.650000               0.022111
       7.750000               0.022359
       7.850000               0.022540
       7.950000               0.022810
       8.050000               0.023035
       8.150000               0.023252
       8.250000               0.023422
       8.350000               0.023601
       8.450000               0.023706
       8.550000               0.023833
       8.650000               0.023894
       8.750000               0.023967
       8.850000               0.024090
       8.950000               0.024211
       9.050000               0.024369
       9.150000               0.024512
       9.250000               0.024730
       9.350000               0.024943
       9.450000               0.025176
       9.550000               0.025416
       9.650000               0.025682
       9.750000               0.025921
       9.850000               0.026118
       9.950000               0.026267
      10.050000               0.026356
      10.150000               0.026391
      10.250000               0.026423
      10.350000               0.026435
      10.450000               0.026412
      10.550000               0.026449
      10.650000               0.026434
      10.750000               0.026486
      10.850000               0.026521
      10.950000               0.026574
      11.050000               0.026653
      11.150000               0.026763
      11.250000               0.026874
      11.350000               0.026998
      11.450000               0.027134
      11.550000               0.027254
      11.650000               0.027374
      11.750000               0.027487
      11.850000               0.027594
      11.950000               0.027689
      12.050000               0.027777
      12.150000               0.027873
      12.250000               0.027966
      12.350000               0.028035
      12.450000               0.028125
      12.550000               0.028203
      12.650000               0.028295
      12.750000               0.028397
      12.850000               0.028501
      12.950000               0.028593
      13.050000               0.028698
      13.150000               0.028761
      13.250000               0.028859
      13.350000               0.028928
      13.450000               0.028965
      13.550000               0.029033
      13.650000               0.029096
      13.750000               0.029139
      13.850000               0.029213
      13.950000               0.029270
      14.050000               0.029309
      14.150000               0.029379
      14.250000               0.029447
      14.350000               0.029503
      14.450000               0.029578
      14.550000               0.029623
      14.650000               0.029699
      14.750000               0.029774
      14.850000               0.029831
      14.950000               0.029888
      15.050000               0.029950
      15.150000               0.030006
      15.250000               0.030049
      15.350000               0.030092
      15.450000               0.030134
      15.550000               0.030190
      15.650000               0.030230
      15.750000               0.030271
      15.850000               0.030301
      15.950000               0.030351
      16.050000               0.030375
      16.150000               0.030396
      16.250000               0.030426
      16.350000               0.030441
      16.450000               0.030475
      16.550000               0.030501
      16.650000               0.030514
      16.750000               0.030537
      16.850000               0.030570
      16.950000               0.030606
      17.050000               0.030631
      17.150000               0.030668
      17.250000               0.030697
      17.350000               0.030725
      17.450000               0.030772
      17.550000               0.030809
      17.650000               0.030837
      17.750000               0.030865
      17.850000               0.030892
      17.950000               0.030918
      18.050000               0.030936
      18.150000               0.030959
      18.250000               0.030983
      18.350000               0.030995
      18.450000               0.031005
      18.550000               0.031028
      18.650000               0.031048
      18.750000               0.031059
      18.850000               0.031074
      18.950000               0.031080
      19.050000               0.031102
      19.150000               0.031090
      19.250000               0.031101
      19.350000               0.031110
      19.450000               0.031118
      19.550000               0.031113
      19.650000               0.031116
      19.750000               0.031130
      19.850000               0.031138
      19.950000               0.031140
      20.050000               0.031161
      20.150000               0.031154
      20.250000               0.031170
      20.350000               0.031170
      20.450000               0.031185
      20.550000               0.031192
      20.650000               0.031202
      20.750000               0.031205
      20.850000               0.031209
      20.950000               0.031224
      21.050000               0.031229
      21.150000               0.031250
      21.250000               0.031242
      21.350000               0.031251
      21.450000               0.031254
      21.550000               0.031268
      21.650000               0.031271
      21.750000               0.031278
      21.850000               0.031281
      21.950000               0.031283
      22.050000               0.031284
      22.150000               0.031284
      22.250000               0.031299
      22.350000               0.031304
      22.450000               0.031296
      22.550000               0.031301
      22.650000               0.031309
      22.750000               0.031322
      22.850000               0.031317
      22.950000               0.031321
      23.050000               0.031331
      23.150000               0.031326
      23.250000               0.031334
      23.350000               0.031338
      23.450000               0.031345
      23.550000               0.031338
      23.650000               0.031341
      23.750000               0.031334
      23.850000               0.031350
      23.950000               0.031347
      24.050000               0.031351
      24.150000               0.031346
      24.250000               0.031355
      24.350000               0.031349
      24.450000               0.031351
      24.550000               0.031357
      24.650000               0.031360
      24.750000               0.031359
      24.850000               0.031360
      24.950000               0.031357
      25.050000               0.031356
      25.150000               0.031362
      25.250000               0.031368
      25.350000               0.031362
      25.450000               0.031364
      25.550000               0.031363
      25.650000               0.031370
      25.750000               0.031361
      25.850000               0.031356
      25.950000               0.031362
      26.050000               0.031360
      26.150000               0.031368
      26.250000               0.031360
      26.350000               0.031368
      26.450000               0.031361
      26.550000               0.031367
      26.650000               0.031352
      26.750000               0.031360
      26.850000               0.031363
      26.950000               0.031365
      27.050000               0.031356
      27.150000               0.031360
      27.250000               0.031367
      27.350000               0.031363
      27.450000               0.031357
      27.550000               0.031350
      27.650000               0.031358
      27.750000               0.031356
      27.850000               0.031354
      27.950000               0.031355
      28.050000               0.031360
      28.150000               0.031353
      28.250000               0.031360
      28.350000               0.031351
      28.450000               0.031346
      28.550000               0.031357
      28.650000               0.031363
      28.750000               0.031354
      28.850000               0.031355
      28.950000               0.031355
      29.050000               0.031364
      29.150000               0.031357
      29.250000               0.031359
      29.350000               0.031355
      29.450000               0.031357
      29.550000               0.031354
      29.650000               0.031350
      29.750000               0.031356
      29.850000               0.031352
      29.950000               0.031361
