#Distance_(Ang) :G,G3,C,C3@P_=>_:WAT@O
       0.050000               0.000000
       0.150000               0.000000
       0.250000               0.000000
       0.350000               0.000000
       0.450000               0.000000
       0.550000               0.000000
       0.650000               0.000000
       0.750000               0.000000
       0.850000               0.000000
       0.950000               0.000000
       1.050000               0.000000
       1.150000               0.000000
       1.250000               0.000000
       1.350000               0.000000
       1.450000               0.000000
       1.550000               0.000000
       1.650000               0.000000
       1.750000               0.000000
       1.850000               0.000000
       1.950000               0.000000
       2.050000               0.000000
       2.150000               0.000000
       2.250000               0.000000
       2.350000               0.000000
       2.450000               0.000000
       2.550000               0.000000
       2.650000               0.000000
       2.750000               0.000000
       2.850000               0.000000
       2.950000               0.000017
       3.050000               0.000297
       3.150000               0.002057
       3.250000               0.007697
       3.350000               0.018592
       3.450000               0.031498
       3.550000               0.041286
       3.650000               0.045184
       3.750000               0.044895
       3.850000               0.042208
       3.950000               0.036159
       4.050000               0.027332
       4.150000               0.018904
       4.250000               0.013709
       4.350000               0.011521
       4.450000               0.011002
       4.550000               0.011334
       4.650000               0.012046
       4.750000               0.012982
       4.850000               0.014047
       4.950000               0.015208
       5.050000               0.016435
       5.150000               0.017630
       5.250000               0.018719
       5.350000               0.019770
       5.450000               0.020666
       5.550000               0.021480
       5.650000               0.022205
       5.750000               0.022795
       5.850000               0.023291
       5.950000               0.023554
       6.050000               0.023541
       6.150000               0.023330
       6.250000               0.022949
       6.350000               0.022514
       6.450000               0.022081
       6.550000               0.021829
       6.650000               0.021644
       6.750000               0.021653
       6.850000               0.021766
       6.950000               0.021961
       7.050000               0.022221
       7.150000               0.022611
       7.250000               0.022957
       7.350000               0.023275
       7.450000               0.023577
       7.550000               0.023832
       7.650000               0.024016
       7.750000               0.024180
       7.850000               0.024366
       7.950000               0.024522
       8.050000               0.024676
       8.150000               0.024814
       8.250000               0.024898
       8.350000               0.024967
       8.450000               0.024977
       8.550000               0.024962
       8.650000               0.024982
       8.750000               0.025010
       8.850000               0.025042
       8.950000               0.025114
       9.050000               0.025247
       9.150000               0.025400
       9.250000               0.025598
       9.350000               0.025820
       9.450000               0.026001
       9.550000               0.026227
       9.650000               0.026377
       9.750000               0.026490
       9.850000               0.026566
       9.950000               0.026588
      10.050000               0.026592
      10.150000               0.026616
      10.250000               0.026613
      10.350000               0.026562
      10.450000               0.026530
      10.550000               0.026515
      10.650000               0.026502
      10.750000               0.026499
      10.850000               0.026518
      10.950000               0.026564
      11.050000               0.026627
      11.150000               0.026714
      11.250000               0.026829
      11.350000               0.026906
      11.450000               0.027021
      11.550000               0.027133
      11.650000               0.027200
      11.750000               0.027292
      11.850000               0.027356
      11.950000               0.027405
      12.050000               0.027494
      12.150000               0.027555
      12.250000               0.027652
      12.350000               0.027723
      12.450000               0.027811
      12.550000               0.027881
      12.650000               0.027955
      12.750000               0.028035
      12.850000               0.028096
      12.950000               0.028150
      13.050000               0.028192
      13.150000               0.028226
      13.250000               0.028273
      13.350000               0.028314
      13.450000               0.028345
      13.550000               0.028406
      13.650000               0.028444
      13.750000               0.028511
      13.850000               0.028562
      13.950000               0.028630
      14.050000               0.028688
      14.150000               0.028755
      14.250000               0.028816
      14.350000               0.028882
      14.450000               0.028955
      14.550000               0.029038
      14.650000               0.029119
      14.750000               0.029197
      14.850000               0.029270
      14.950000               0.029317
      15.050000               0.029398
      15.150000               0.029470
      15.250000               0.029533
      15.350000               0.029602
      15.450000               0.029657
      15.550000               0.029715
      15.650000               0.029781
      15.750000               0.029821
      15.850000               0.029874
      15.950000               0.029938
      16.050000               0.029992
      16.150000               0.030045
      16.250000               0.030085
      16.350000               0.030135
      16.450000               0.030191
      16.550000               0.030213
      16.650000               0.030288
      16.750000               0.030336
      16.850000               0.030375
      16.950000               0.030405
      17.050000               0.030464
      17.150000               0.030492
      17.250000               0.030562
      17.350000               0.030597
      17.450000               0.030641
      17.550000               0.030698
      17.650000               0.030731
      17.750000               0.030776
      17.850000               0.030824
      17.950000               0.030853
      18.050000               0.030896
      18.150000               0.030919
      18.250000               0.030956
      18.350000               0.030984
      18.450000               0.030999
      18.550000               0.031036
      18.650000               0.031060
      18.750000               0.031083
      18.850000               0.031102
      18.950000               0.031132
      19.050000               0.031145
      19.150000               0.031160
      19.250000               0.031175
      19.350000               0.031184
      19.450000               0.031188
      19.550000               0.031211
      19.650000               0.031224
      19.750000               0.031234
      19.850000               0.031242
      19.950000               0.031241
      20.050000               0.031249
      20.150000               0.031264
      20.250000               0.031278
      20.350000               0.031289
      20.450000               0.031299
      20.550000               0.031308
      20.650000               0.031323
      20.750000               0.031331
      20.850000               0.031350
      20.950000               0.031360
      21.050000               0.031357
      21.150000               0.031369
      21.250000               0.031369
      21.350000               0.031374
      21.450000               0.031385
      21.550000               0.031387
      21.650000               0.031380
      21.750000               0.031383
      21.850000               0.031389
      21.950000               0.031387
      22.050000               0.031380
      22.150000               0.031374
      22.250000               0.031373
      22.350000               0.031376
      22.450000               0.031377
      22.550000               0.031369
      22.650000               0.031379
      22.750000               0.031370
      22.850000               0.031375
      22.950000               0.031367
      23.050000               0.031370
      23.150000               0.031367
      23.250000               0.031380
      23.350000               0.031366
      23.450000               0.031376
      23.550000               0.031379
      23.650000               0.031381
      23.750000               0.031381
      23.850000               0.031380
      23.950000               0.031381
      24.050000               0.031372
      24.150000               0.031382
      24.250000               0.031371
      24.350000               0.031373
      24.450000               0.031370
      24.550000               0.031375
      24.650000               0.031379
      24.750000               0.031373
      24.850000               0.031374
      24.950000               0.031375
      25.050000               0.031365
      25.150000               0.031366
      25.250000               0.031364
      25.350000               0.031362
      25.450000               0.031360
      25.550000               0.031360
      25.650000               0.031356
      25.750000               0.031358
      25.850000               0.031363
      25.950000               0.031365
      26.050000               0.031360
      26.150000               0.031361
      26.250000               0.031361
      26.350000               0.031362
      26.450000               0.031361
      26.550000               0.031356
      26.650000               0.031363
      26.750000               0.031362
      26.850000               0.031356
      26.950000               0.031363
      27.050000               0.031363
      27.150000               0.031361
      27.250000               0.031362
      27.350000               0.031359
      27.450000               0.031351
      27.550000               0.031360
      27.650000               0.031364
      27.750000               0.031362
      27.850000               0.031358
      27.950000               0.031354
      28.050000               0.031350
      28.150000               0.031355
      28.250000               0.031358
      28.350000               0.031352
      28.450000               0.031358
      28.550000               0.031353
      28.650000               0.031348
      28.750000               0.031350
      28.850000               0.031359
      28.950000               0.031347
      29.050000               0.031363
      29.150000               0.031355
      29.250000               0.031354
      29.350000               0.031351
      29.450000               0.031353
      29.550000               0.031355
      29.650000               0.031349
      29.750000               0.031353
      29.850000               0.031353
      29.950000               0.031354
