#Distance_(Ang) :1-10@O2_=>_:WAT@O
       0.050000           0.000000
       0.150000           0.000000
       0.250000           0.000000
       0.350000           0.000000
       0.450000           0.000000
       0.550000           0.000000
       0.650000           0.000000
       0.750000           0.000000
       0.850000           0.000000
       0.950000           0.000000
       1.050000           0.000000
       1.150000           0.000000
       1.250000           0.000000
       1.350000           0.000000
       1.450000           0.000000
       1.550000           0.000000
       1.650000           0.000000
       1.750000           0.000000
       1.850000           0.000000
       1.950000           0.000000
       2.050000           0.000000
       2.150000           0.000000
       2.250000           0.000000
       2.350000           0.000006
       2.450000           0.000913
       2.550000           0.011462
       2.650000           0.032894
       2.750000           0.041717
       2.850000           0.036683
       2.950000           0.029751
       3.050000           0.025191
       3.150000           0.022789
       3.250000           0.021450
       3.350000           0.020573
       3.450000           0.019879
       3.550000           0.019290
       3.650000           0.018767
       3.750000           0.018353
       3.850000           0.018009
       3.950000           0.017786
       4.050000           0.017608
       4.150000           0.017513
       4.250000           0.017527
       4.350000           0.017650
       4.450000           0.017844
       4.550000           0.018315
       4.650000           0.018666
       4.750000           0.018818
       4.850000           0.018829
       4.950000           0.018861
       5.050000           0.018964
       5.150000           0.019163
       5.250000           0.019377
       5.350000           0.019614
       5.450000           0.019765
       5.550000           0.019781
       5.650000           0.019838
       5.750000           0.019885
       5.850000           0.019987
       5.950000           0.020122
       6.050000           0.020241
       6.150000           0.020394
       6.250000           0.020601
       6.350000           0.020840
       6.450000           0.021111
       6.550000           0.021388
       6.650000           0.021748
       6.750000           0.022161
       6.850000           0.022684
       6.950000           0.023227
       7.050000           0.023591
       7.150000           0.023691
       7.250000           0.023606
       7.350000           0.023387
       7.450000           0.023257
       7.550000           0.023139
       7.650000           0.023085
       7.750000           0.023048
       7.850000           0.023055
       7.950000           0.023059
       8.050000           0.023122
       8.150000           0.023198
       8.250000           0.023295
       8.350000           0.023408
       8.450000           0.023565
       8.550000           0.023727
       8.650000           0.023930
       8.750000           0.024146
       8.850000           0.024394
       8.950000           0.024676
       9.050000           0.024960
       9.150000           0.025234
       9.250000           0.025536
       9.350000           0.025805
       9.450000           0.026081
       9.550000           0.026303
       9.650000           0.026511
       9.750000           0.026659
       9.850000           0.026768
       9.950000           0.026879
      10.050000           0.026943
      10.150000           0.027008
      10.250000           0.027103
      10.350000           0.027205
      10.450000           0.027304
      10.550000           0.027377
      10.650000           0.027487
      10.750000           0.027584
      10.850000           0.027684
      10.950000           0.027781
      11.050000           0.027897
      11.150000           0.028015
      11.250000           0.028120
      11.350000           0.028219
      11.450000           0.028306
      11.550000           0.028384
      11.650000           0.028445
      11.750000           0.028546
      11.850000           0.028636
      11.950000           0.028730
      12.050000           0.028784
      12.150000           0.028885
      12.250000           0.028978
      12.350000           0.029054
      12.450000           0.029135
      12.550000           0.029203
      12.650000           0.029239
      12.750000           0.029317
      12.850000           0.029356
      12.950000           0.029384
      13.050000           0.029397
      13.150000           0.029444
      13.250000           0.029452
      13.350000           0.029489
      13.450000           0.029531
      13.550000           0.029560
      13.650000           0.029594
      13.750000           0.029644
      13.850000           0.029695
      13.950000           0.029734
      14.050000           0.029780
      14.150000           0.029805
      14.250000           0.029841
      14.350000           0.029867
      14.450000           0.029901
      14.550000           0.029938
      14.650000           0.029956
      14.750000           0.030002
      14.850000           0.030025
      14.950000           0.030046
      15.050000           0.030066
      15.150000           0.030094
      15.250000           0.030123
      15.350000           0.030143
      15.450000           0.030167
      15.550000           0.030184
      15.650000           0.030214
      15.750000           0.030225
      15.850000           0.030245
      15.950000           0.030277
      16.050000           0.030314
      16.150000           0.030331
      16.250000           0.030354
      16.350000           0.030381
      16.450000           0.030409
      16.550000           0.030412
      16.650000           0.030441
      16.750000           0.030463
      16.850000           0.030490
      16.950000           0.030489
      17.050000           0.030522
      17.150000           0.030552
      17.250000           0.030560
      17.350000           0.030585
      17.450000           0.030600
      17.550000           0.030618
      17.650000           0.030648
      17.750000           0.030668
      17.850000           0.030692
      17.950000           0.030712
      18.050000           0.030748
      18.150000           0.030769
      18.250000           0.030800
      18.350000           0.030819
      18.450000           0.030821
      18.550000           0.030857
      18.650000           0.030864
      18.750000           0.030884
      18.850000           0.030887
      18.950000           0.030894
      19.050000           0.030902
      19.150000           0.030911
      19.250000           0.030931
      19.350000           0.030934
      19.450000           0.030937
      19.550000           0.030948
      19.650000           0.030952
      19.750000           0.030964
      19.850000           0.030974
      19.950000           0.030989
      20.050000           0.030997
      20.150000           0.031015
      20.250000           0.031014
      20.350000           0.031034
      20.450000           0.031035
      20.550000           0.031057
      20.650000           0.031065
      20.750000           0.031073
      20.850000           0.031080
      20.950000           0.031084
      21.050000           0.031082
      21.150000           0.031101
      21.250000           0.031107
      21.350000           0.031111
      21.450000           0.031108
      21.550000           0.031120
      21.650000           0.031123
      21.750000           0.031136
      21.850000           0.031131
      21.950000           0.031139
      22.050000           0.031140
      22.150000           0.031158
      22.250000           0.031150
      22.350000           0.031164
      22.450000           0.031170
      22.550000           0.031174
      22.650000           0.031181
      22.750000           0.031194
      22.850000           0.031195
      22.950000           0.031213
      23.050000           0.031208
      23.150000           0.031216
      23.250000           0.031231
      23.350000           0.031234
      23.450000           0.031239
      23.550000           0.031245
      23.650000           0.031263
      23.750000           0.031257
      23.850000           0.031264
      23.950000           0.031263
      24.050000           0.031277
      24.150000           0.031270
      24.250000           0.031271
      24.350000           0.031276
      24.450000           0.031269
      24.550000           0.031276
      24.650000           0.031271
      24.750000           0.031271
      24.850000           0.031272
      24.950000           0.031277
      25.050000           0.031279
      25.150000           0.031282
      25.250000           0.031275
      25.350000           0.031281
      25.450000           0.031270
      25.550000           0.031280
      25.650000           0.031284
      25.750000           0.031282
      25.850000           0.031288
      25.950000           0.031293
      26.050000           0.031282
      26.150000           0.031294
      26.250000           0.031296
      26.350000           0.031296
      26.450000           0.031302
      26.550000           0.031307
      26.650000           0.031312
      26.750000           0.031313
      26.850000           0.031312
      26.950000           0.031318
      27.050000           0.031320
      27.150000           0.031320
      27.250000           0.031325
      27.350000           0.031326
      27.450000           0.031329
      27.550000           0.031330
      27.650000           0.031329
      27.750000           0.031335
      27.850000           0.031327
      27.950000           0.031336
      28.050000           0.031339
      28.150000           0.031332
      28.250000           0.031336
      28.350000           0.031339
      28.450000           0.031337
      28.550000           0.031343
      28.650000           0.031336
      28.750000           0.031334
      28.850000           0.031340
      28.950000           0.031339
      29.050000           0.031340
      29.150000           0.031340
      29.250000           0.031342
      29.350000           0.031335
      29.450000           0.031340
      29.550000           0.031346
      29.650000           0.031341
      29.750000           0.031346
      29.850000           0.031345
      29.950000           0.031346
