#Distance_(Ang) :1-10@N1,N3,N7,N6_=>_:WAT@O
       0.050000                    0.000000
       0.150000                    0.000000
       0.250000                    0.000000
       0.350000                    0.000000
       0.450000                    0.000000
       0.550000                    0.000000
       0.650000                    0.000000
       0.750000                    0.000000
       0.850000                    0.000000
       0.950000                    0.000000
       1.050000                    0.000000
       1.150000                    0.000000
       1.250000                    0.000000
       1.350000                    0.000000
       1.450000                    0.000000
       1.550000                    0.000000
       1.650000                    0.000000
       1.750000                    0.000000
       1.850000                    0.000000
       1.950000                    0.000000
       2.050000                    0.000000
       2.150000                    0.000000
       2.250000                    0.000000
       2.350000                    0.000000
       2.450000                    0.000001
       2.550000                    0.000159
       2.650000                    0.002241
       2.750000                    0.008512
       2.850000                    0.014913
       2.950000                    0.016519
       3.050000                    0.015179
       3.150000                    0.013972
       3.250000                    0.013494
       3.350000                    0.013422
       3.450000                    0.013516
       3.550000                    0.013603
       3.650000                    0.013773
       3.750000                    0.013999
       3.850000                    0.014209
       3.950000                    0.014493
       4.050000                    0.014820
       4.150000                    0.015154
       4.250000                    0.015623
       4.350000                    0.016146
       4.450000                    0.016723
       4.550000                    0.017221
       4.650000                    0.017684
       4.750000                    0.018163
       4.850000                    0.018478
       4.950000                    0.018432
       5.050000                    0.017972
       5.150000                    0.017370
       5.250000                    0.016924
       5.350000                    0.016810
       5.450000                    0.016924
       5.550000                    0.017300
       5.650000                    0.017746
       5.750000                    0.018338
       5.850000                    0.018952
       5.950000                    0.019529
       6.050000                    0.019970
       6.150000                    0.020249
       6.250000                    0.020441
       6.350000                    0.020585
       6.450000                    0.020775
       6.550000                    0.020994
       6.650000                    0.021202
       6.750000                    0.021371
       6.850000                    0.021493
       6.950000                    0.021529
       7.050000                    0.021565
       7.150000                    0.021633
       7.250000                    0.021728
       7.350000                    0.021873
       7.450000                    0.022028
       7.550000                    0.022222
       7.650000                    0.022388
       7.750000                    0.022574
       7.850000                    0.022752
       7.950000                    0.022917
       8.050000                    0.023125
       8.150000                    0.023307
       8.250000                    0.023495
       8.350000                    0.023655
       8.450000                    0.023825
       8.550000                    0.023974
       8.650000                    0.024117
       8.750000                    0.024259
       8.850000                    0.024414
       8.950000                    0.024567
       9.050000                    0.024695
       9.150000                    0.024831
       9.250000                    0.024926
       9.350000                    0.025027
       9.450000                    0.025111
       9.550000                    0.025187
       9.650000                    0.025296
       9.750000                    0.025410
       9.850000                    0.025558
       9.950000                    0.025722
      10.050000                    0.025886
      10.150000                    0.026066
      10.250000                    0.026227
      10.350000                    0.026397
      10.450000                    0.026553
      10.550000                    0.026710
      10.650000                    0.026864
      10.750000                    0.027003
      10.850000                    0.027145
      10.950000                    0.027266
      11.050000                    0.027381
      11.150000                    0.027478
      11.250000                    0.027582
      11.350000                    0.027655
      11.450000                    0.027731
      11.550000                    0.027788
      11.650000                    0.027847
      11.750000                    0.027899
      11.850000                    0.027947
      11.950000                    0.028017
      12.050000                    0.028068
      12.150000                    0.028114
      12.250000                    0.028176
      12.350000                    0.028235
      12.450000                    0.028298
      12.550000                    0.028375
      12.650000                    0.028444
      12.750000                    0.028513
      12.850000                    0.028583
      12.950000                    0.028662
      13.050000                    0.028751
      13.150000                    0.028822
      13.250000                    0.028910
      13.350000                    0.028991
      13.450000                    0.029070
      13.550000                    0.029156
      13.650000                    0.029241
      13.750000                    0.029318
      13.850000                    0.029396
      13.950000                    0.029471
      14.050000                    0.029533
      14.150000                    0.029600
      14.250000                    0.029653
      14.350000                    0.029719
      14.450000                    0.029765
      14.550000                    0.029807
      14.650000                    0.029853
      14.750000                    0.029905
      14.850000                    0.029939
      14.950000                    0.029977
      15.050000                    0.030018
      15.150000                    0.030049
      15.250000                    0.030084
      15.350000                    0.030111
      15.450000                    0.030155
      15.550000                    0.030184
      15.650000                    0.030222
      15.750000                    0.030257
      15.850000                    0.030290
      15.950000                    0.030333
      16.050000                    0.030361
      16.150000                    0.030399
      16.250000                    0.030444
      16.350000                    0.030479
      16.450000                    0.030514
      16.550000                    0.030557
      16.650000                    0.030595
      16.750000                    0.030633
      16.850000                    0.030662
      16.950000                    0.030703
      17.050000                    0.030729
      17.150000                    0.030763
      17.250000                    0.030792
      17.350000                    0.030820
      17.450000                    0.030845
      17.550000                    0.030872
      17.650000                    0.030882
      17.750000                    0.030902
      17.850000                    0.030914
      17.950000                    0.030928
      18.050000                    0.030944
      18.150000                    0.030944
      18.250000                    0.030962
      18.350000                    0.030976
      18.450000                    0.030985
      18.550000                    0.030993
      18.650000                    0.031009
      18.750000                    0.031022
      18.850000                    0.031038
      18.950000                    0.031049
      19.050000                    0.031066
      19.150000                    0.031083
      19.250000                    0.031095
      19.350000                    0.031102
      19.450000                    0.031117
      19.550000                    0.031128
      19.650000                    0.031152
      19.750000                    0.031158
      19.850000                    0.031173
      19.950000                    0.031186
      20.050000                    0.031195
      20.150000                    0.031207
      20.250000                    0.031212
      20.350000                    0.031215
      20.450000                    0.031217
      20.550000                    0.031222
      20.650000                    0.031220
      20.750000                    0.031225
      20.850000                    0.031235
      20.950000                    0.031239
      21.050000                    0.031238
      21.150000                    0.031247
      21.250000                    0.031242
      21.350000                    0.031250
      21.450000                    0.031249
      21.550000                    0.031250
      21.650000                    0.031256
      21.750000                    0.031263
      21.850000                    0.031259
      21.950000                    0.031265
      22.050000                    0.031268
      22.150000                    0.031263
      22.250000                    0.031273
      22.350000                    0.031282
      22.450000                    0.031281
      22.550000                    0.031286
      22.650000                    0.031287
      22.750000                    0.031289
      22.850000                    0.031287
      22.950000                    0.031298
      23.050000                    0.031301
      23.150000                    0.031302
      23.250000                    0.031304
      23.350000                    0.031302
      23.450000                    0.031305
      23.550000                    0.031303
      23.650000                    0.031312
      23.750000                    0.031306
      23.850000                    0.031311
      23.950000                    0.031311
      24.050000                    0.031317
      24.150000                    0.031316
      24.250000                    0.031313
      24.350000                    0.031321
      24.450000                    0.031321
      24.550000                    0.031324
      24.650000                    0.031326
      24.750000                    0.031331
      24.850000                    0.031325
      24.950000                    0.031335
      25.050000                    0.031337
      25.150000                    0.031337
      25.250000                    0.031333
      25.350000                    0.031341
      25.450000                    0.031337
      25.550000                    0.031338
      25.650000                    0.031345
      25.750000                    0.031341
      25.850000                    0.031340
      25.950000                    0.031340
      26.050000                    0.031342
      26.150000                    0.031348
      26.250000                    0.031347
      26.350000                    0.031346
      26.450000                    0.031344
      26.550000                    0.031347
      26.650000                    0.031347
      26.750000                    0.031347
      26.850000                    0.031350
      26.950000                    0.031346
      27.050000                    0.031352
      27.150000                    0.031349
      27.250000                    0.031350
      27.350000                    0.031351
      27.450000                    0.031347
      27.550000                    0.031349
      27.650000                    0.031349
      27.750000                    0.031350
      27.850000                    0.031349
      27.950000                    0.031349
      28.050000                    0.031346
      28.150000                    0.031358
      28.250000                    0.031349
      28.350000                    0.031349
      28.450000                    0.031353
      28.550000                    0.031352
      28.650000                    0.031353
      28.750000                    0.031353
      28.850000                    0.031351
      28.950000                    0.031350
      29.050000                    0.031353
      29.150000                    0.031350
      29.250000                    0.031348
      29.350000                    0.031350
      29.450000                    0.031350
      29.550000                    0.031350
      29.650000                    0.031349
      29.750000                    0.031352
      29.850000                    0.031351
      29.950000                    0.031352
