#Distance_(Ang) :1-10@N1,N3,N7,N6_=>_:WAT@O
       0.050000                    0.000000
       0.150000                    0.000000
       0.250000                    0.000000
       0.350000                    0.000000
       0.450000                    0.000000
       0.550000                    0.000000
       0.650000                    0.000000
       0.750000                    0.000000
       0.850000                    0.000000
       0.950000                    0.000000
       1.050000                    0.000000
       1.150000                    0.000000
       1.250000                    0.000000
       1.350000                    0.000000
       1.450000                    0.000000
       1.550000                    0.000000
       1.650000                    0.000000
       1.750000                    0.000000
       1.850000                    0.000000
       1.950000                    0.000000
       2.050000                    0.000000
       2.150000                    0.000000
       2.250000                    0.000000
       2.350000                    0.000000
       2.450000                    0.000002
       2.550000                    0.000321
       2.650000                    0.004371
       2.750000                    0.015282
       2.850000                    0.024119
       2.950000                    0.024446
       3.050000                    0.020759
       3.150000                    0.017660
       3.250000                    0.016050
       3.350000                    0.015595
       3.450000                    0.015723
       3.550000                    0.016096
       3.650000                    0.016554
       3.750000                    0.016930
       3.850000                    0.017150
       3.950000                    0.017209
       4.050000                    0.017180
       4.150000                    0.017108
       4.250000                    0.017103
       4.350000                    0.017252
       4.450000                    0.017512
       4.550000                    0.017890
       4.650000                    0.018303
       4.750000                    0.018847
       4.850000                    0.019320
       4.950000                    0.019563
       5.050000                    0.019396
       5.150000                    0.019028
       5.250000                    0.018805
       5.350000                    0.018787
       5.450000                    0.019017
       5.550000                    0.019379
       5.650000                    0.019897
       5.750000                    0.020557
       5.850000                    0.021406
       5.950000                    0.022309
       6.050000                    0.023058
       6.150000                    0.023564
       6.250000                    0.023907
       6.350000                    0.024121
       6.450000                    0.024248
       6.550000                    0.024351
       6.650000                    0.024516
       6.750000                    0.024689
       6.850000                    0.024786
       6.950000                    0.024832
       7.050000                    0.024859
       7.150000                    0.024922
       7.250000                    0.024998
       7.350000                    0.025061
       7.450000                    0.025151
       7.550000                    0.025210
       7.650000                    0.025269
       7.750000                    0.025335
       7.850000                    0.025420
       7.950000                    0.025532
       8.050000                    0.025668
       8.150000                    0.025847
       8.250000                    0.026022
       8.350000                    0.026176
       8.450000                    0.026315
       8.550000                    0.026431
       8.650000                    0.026553
       8.750000                    0.026665
       8.850000                    0.026789
       8.950000                    0.026900
       9.050000                    0.027038
       9.150000                    0.027176
       9.250000                    0.027323
       9.350000                    0.027465
       9.450000                    0.027609
       9.550000                    0.027737
       9.650000                    0.027870
       9.750000                    0.027998
       9.850000                    0.028129
       9.950000                    0.028251
      10.050000                    0.028359
      10.150000                    0.028478
      10.250000                    0.028595
      10.350000                    0.028699
      10.450000                    0.028809
      10.550000                    0.028890
      10.650000                    0.028982
      10.750000                    0.029059
      10.850000                    0.029132
      10.950000                    0.029205
      11.050000                    0.029279
      11.150000                    0.029352
      11.250000                    0.029403
      11.350000                    0.029429
      11.450000                    0.029447
      11.550000                    0.029451
      11.650000                    0.029461
      11.750000                    0.029469
      11.850000                    0.029479
      11.950000                    0.029507
      12.050000                    0.029536
      12.150000                    0.029564
      12.250000                    0.029597
      12.350000                    0.029634
      12.450000                    0.029671
      12.550000                    0.029710
      12.650000                    0.029746
      12.750000                    0.029789
      12.850000                    0.029831
      12.950000                    0.029865
      13.050000                    0.029901
      13.150000                    0.029925
      13.250000                    0.029966
      13.350000                    0.029977
      13.450000                    0.030005
      13.550000                    0.030016
      13.650000                    0.030046
      13.750000                    0.030065
      13.850000                    0.030093
      13.950000                    0.030120
      14.050000                    0.030148
      14.150000                    0.030174
      14.250000                    0.030204
      14.350000                    0.030229
      14.450000                    0.030253
      14.550000                    0.030264
      14.650000                    0.030285
      14.750000                    0.030300
      14.850000                    0.030316
      14.950000                    0.030323
      15.050000                    0.030335
      15.150000                    0.030340
      15.250000                    0.030348
      15.350000                    0.030358
      15.450000                    0.030363
      15.550000                    0.030374
      15.650000                    0.030387
      15.750000                    0.030399
      15.850000                    0.030420
      15.950000                    0.030440
      16.050000                    0.030455
      16.150000                    0.030476
      16.250000                    0.030488
      16.350000                    0.030514
      16.450000                    0.030524
      16.550000                    0.030542
      16.650000                    0.030553
      16.750000                    0.030571
      16.850000                    0.030583
      16.950000                    0.030594
      17.050000                    0.030604
      17.150000                    0.030611
      17.250000                    0.030621
      17.350000                    0.030627
      17.450000                    0.030629
      17.550000                    0.030644
      17.650000                    0.030647
      17.750000                    0.030649
      17.850000                    0.030656
      17.950000                    0.030668
      18.050000                    0.030669
      18.150000                    0.030680
      18.250000                    0.030687
      18.350000                    0.030700
      18.450000                    0.030708
      18.550000                    0.030720
      18.650000                    0.030731
      18.750000                    0.030740
      18.850000                    0.030743
      18.950000                    0.030758
      19.050000                    0.030766
      19.150000                    0.030772
      19.250000                    0.030787
      19.350000                    0.030788
      19.450000                    0.030801
      19.550000                    0.030811
      19.650000                    0.030816
      19.750000                    0.030823
      19.850000                    0.030832
      19.950000                    0.030840
      20.050000                    0.030848
      20.150000                    0.030859
      20.250000                    0.030867
      20.350000                    0.030870
      20.450000                    0.030874
      20.550000                    0.030878
      20.650000                    0.030886
      20.750000                    0.030892
      20.850000                    0.030895
      20.950000                    0.030903
      21.050000                    0.030905
      21.150000                    0.030908
      21.250000                    0.030915
      21.350000                    0.030922
      21.450000                    0.030920
      21.550000                    0.030928
      21.650000                    0.030932
      21.750000                    0.030936
      21.850000                    0.030944
      21.950000                    0.030950
      22.050000                    0.030952
      22.150000                    0.030958
      22.250000                    0.030960
      22.350000                    0.030970
      22.450000                    0.030976
      22.550000                    0.030982
      22.650000                    0.030987
      22.750000                    0.030991
      22.850000                    0.030997
      22.950000                    0.031002
      23.050000                    0.031013
      23.150000                    0.031014
      23.250000                    0.031023
      23.350000                    0.031029
      23.450000                    0.031033
      23.550000                    0.031040
      23.650000                    0.031043
      23.750000                    0.031049
      23.850000                    0.031053
      23.950000                    0.031058
      24.050000                    0.031062
      24.150000                    0.031061
      24.250000                    0.031069
      24.350000                    0.031071
      24.450000                    0.031076
      24.550000                    0.031075
      24.650000                    0.031082
      24.750000                    0.031088
      24.850000                    0.031093
      24.950000                    0.031093
      25.050000                    0.031093
      25.150000                    0.031106
      25.250000                    0.031106
      25.350000                    0.031109
      25.450000                    0.031115
      25.550000                    0.031118
      25.650000                    0.031121
      25.750000                    0.031124
      25.850000                    0.031130
      25.950000                    0.031132
      26.050000                    0.031136
      26.150000                    0.031136
      26.250000                    0.031144
      26.350000                    0.031150
      26.450000                    0.031150
      26.550000                    0.031154
      26.650000                    0.031160
      26.750000                    0.031162
      26.850000                    0.031164
      26.950000                    0.031171
      27.050000                    0.031176
      27.150000                    0.031179
      27.250000                    0.031183
      27.350000                    0.031175
      27.450000                    0.031187
      27.550000                    0.031193
      27.650000                    0.031192
      27.750000                    0.031198
      27.850000                    0.031199
      27.950000                    0.031207
      28.050000                    0.031209
      28.150000                    0.031210
      28.250000                    0.031213
      28.350000                    0.031217
      28.450000                    0.031216
      28.550000                    0.031220
      28.650000                    0.031223
      28.750000                    0.031227
      28.850000                    0.031227
      28.950000                    0.031233
      29.050000                    0.031233
      29.150000                    0.031236
      29.250000                    0.031242
      29.350000                    0.031241
      29.450000                    0.031241
      29.550000                    0.031247
      29.650000                    0.031251
      29.750000                    0.031255
      29.850000                    0.031255
      29.950000                    0.031258
