#Distance_(Ang) :A,A3@P_=>_:WAT@O
       0.050000          0.000000
       0.150000          0.000000
       0.250000          0.000000
       0.350000          0.000000
       0.450000          0.000000
       0.550000          0.000000
       0.650000          0.000000
       0.750000          0.000000
       0.850000          0.000000
       0.950000          0.000000
       1.050000          0.000000
       1.150000          0.000000
       1.250000          0.000000
       1.350000          0.000000
       1.450000          0.000000
       1.550000          0.000000
       1.650000          0.000000
       1.750000          0.000000
       1.850000          0.000000
       1.950000          0.000000
       2.050000          0.000000
       2.150000          0.000000
       2.250000          0.000000
       2.350000          0.000000
       2.450000          0.000000
       2.550000          0.000000
       2.650000          0.000000
       2.750000          0.000000
       2.850000          0.000000
       2.950000          0.000017
       3.050000          0.000281
       3.150000          0.001997
       3.250000          0.007730
       3.350000          0.018858
       3.450000          0.032568
       3.550000          0.043133
       3.650000          0.047992
       3.750000          0.048721
       3.850000          0.047179
       3.950000          0.041368
       4.050000          0.030881
       4.150000          0.020926
       4.250000          0.015013
       4.350000          0.012585
       4.450000          0.012003
       4.550000          0.012378
       4.650000          0.013100
       4.750000          0.014078
       4.850000          0.015188
       4.950000          0.016456
       5.050000          0.017768
       5.150000          0.019077
       5.250000          0.020350
       5.350000          0.021420
       5.450000          0.022343
       5.550000          0.023191
       5.650000          0.023907
       5.750000          0.024474
       5.850000          0.025034
       5.950000          0.025488
       6.050000          0.025756
       6.150000          0.025740
       6.250000          0.025480
       6.350000          0.025010
       6.450000          0.024522
       6.550000          0.024090
       6.650000          0.023799
       6.750000          0.023676
       6.850000          0.023697
       6.950000          0.023904
       7.050000          0.024277
       7.150000          0.024714
       7.250000          0.025165
       7.350000          0.025531
       7.450000          0.025919
       7.550000          0.026243
       7.650000          0.026540
       7.750000          0.026850
       7.850000          0.027098
       7.950000          0.027309
       8.050000          0.027481
       8.150000          0.027593
       8.250000          0.027650
       8.350000          0.027583
       8.450000          0.027556
       8.550000          0.027480
       8.650000          0.027396
       8.750000          0.027347
       8.850000          0.027295
       8.950000          0.027270
       9.050000          0.027243
       9.150000          0.027268
       9.250000          0.027323
       9.350000          0.027367
       9.450000          0.027432
       9.550000          0.027526
       9.650000          0.027639
       9.750000          0.027769
       9.850000          0.027928
       9.950000          0.028074
      10.050000          0.028263
      10.150000          0.028460
      10.250000          0.028657
      10.350000          0.028831
      10.450000          0.028987
      10.550000          0.029118
      10.650000          0.029173
      10.750000          0.029216
      10.850000          0.029286
      10.950000          0.029239
      11.050000          0.029260
      11.150000          0.029226
      11.250000          0.029235
      11.350000          0.029256
      11.450000          0.029299
      11.550000          0.029371
      11.650000          0.029459
      11.750000          0.029540
      11.850000          0.029670
      11.950000          0.029775
      12.050000          0.029856
      12.150000          0.029944
      12.250000          0.029956
      12.350000          0.029976
      12.450000          0.029993
      12.550000          0.030005
      12.650000          0.029981
      12.750000          0.029989
      12.850000          0.029992
      12.950000          0.030008
      13.050000          0.030007
      13.150000          0.030004
      13.250000          0.030013
      13.350000          0.030008
      13.450000          0.030013
      13.550000          0.030037
      13.650000          0.030053
      13.750000          0.030074
      13.850000          0.030114
      13.950000          0.030154
      14.050000          0.030185
      14.150000          0.030245
      14.250000          0.030274
      14.350000          0.030345
      14.450000          0.030371
      14.550000          0.030419
      14.650000          0.030428
      14.750000          0.030478
      14.850000          0.030506
      14.950000          0.030519
      15.050000          0.030544
      15.150000          0.030553
      15.250000          0.030556
      15.350000          0.030557
      15.450000          0.030553
      15.550000          0.030555
      15.650000          0.030551
      15.750000          0.030520
      15.850000          0.030517
      15.950000          0.030491
      16.050000          0.030488
      16.150000          0.030488
      16.250000          0.030485
      16.350000          0.030485
      16.450000          0.030481
      16.550000          0.030491
      16.650000          0.030494
      16.750000          0.030501
      16.850000          0.030533
      16.950000          0.030542
      17.050000          0.030584
      17.150000          0.030598
      17.250000          0.030623
      17.350000          0.030641
      17.450000          0.030663
      17.550000          0.030677
      17.650000          0.030704
      17.750000          0.030717
      17.850000          0.030739
      17.950000          0.030750
      18.050000          0.030754
      18.150000          0.030768
      18.250000          0.030781
      18.350000          0.030796
      18.450000          0.030804
      18.550000          0.030794
      18.650000          0.030806
      18.750000          0.030816
      18.850000          0.030804
      18.950000          0.030806
      19.050000          0.030810
      19.150000          0.030812
      19.250000          0.030809
      19.350000          0.030813
      19.450000          0.030820
      19.550000          0.030821
      19.650000          0.030821
      19.750000          0.030816
      19.850000          0.030849
      19.950000          0.030837
      20.050000          0.030848
      20.150000          0.030866
      20.250000          0.030863
      20.350000          0.030876
      20.450000          0.030877
      20.550000          0.030877
      20.650000          0.030894
      20.750000          0.030904
      20.850000          0.030903
      20.950000          0.030917
      21.050000          0.030911
      21.150000          0.030927
      21.250000          0.030924
      21.350000          0.030939
      21.450000          0.030949
      21.550000          0.030953
      21.650000          0.030950
      21.750000          0.030961
      21.850000          0.030956
      21.950000          0.030957
      22.050000          0.030954
      22.150000          0.030944
      22.250000          0.030973
      22.350000          0.030959
      22.450000          0.030964
      22.550000          0.030977
      22.650000          0.030973
      22.750000          0.030981
      22.850000          0.030989
      22.950000          0.030998
      23.050000          0.031004
      23.150000          0.031002
      23.250000          0.031010
      23.350000          0.031014
      23.450000          0.031023
      23.550000          0.031027
      23.650000          0.031030
      23.750000          0.031027
      23.850000          0.031033
      23.950000          0.031031
      24.050000          0.031037
      24.150000          0.031031
      24.250000          0.031036
      24.350000          0.031043
      24.450000          0.031038
      24.550000          0.031052
      24.650000          0.031048
      24.750000          0.031049
      24.850000          0.031059
      24.950000          0.031054
      25.050000          0.031064
      25.150000          0.031068
      25.250000          0.031074
      25.350000          0.031074
      25.450000          0.031085
      25.550000          0.031087
      25.650000          0.031090
      25.750000          0.031093
      25.850000          0.031098
      25.950000          0.031094
      26.050000          0.031095
      26.150000          0.031102
      26.250000          0.031112
      26.350000          0.031110
      26.450000          0.031111
      26.550000          0.031120
      26.650000          0.031120
      26.750000          0.031128
      26.850000          0.031127
      26.950000          0.031134
      27.050000          0.031133
      27.150000          0.031130
      27.250000          0.031144
      27.350000          0.031149
      27.450000          0.031150
      27.550000          0.031143
      27.650000          0.031152
      27.750000          0.031150
      27.850000          0.031154
      27.950000          0.031153
      28.050000          0.031164
      28.150000          0.031162
      28.250000          0.031169
      28.350000          0.031165
      28.450000          0.031163
      28.550000          0.031174
      28.650000          0.031179
      28.750000          0.031178
      28.850000          0.031182
      28.950000          0.031185
      29.050000          0.031185
      29.150000          0.031189
      29.250000          0.031189
      29.350000          0.031191
      29.450000          0.031199
      29.550000          0.031195
      29.650000          0.031197
      29.750000          0.031198
      29.850000          0.031204
      29.950000          0.031207
