   0.050   0.000
   0.150   0.000
   0.250   0.000
   0.350   0.000
   0.450   0.000
   0.550   0.000
   0.650   0.000
   0.750   0.000
   0.850   0.000
   0.950   0.000
   1.050   0.000
   1.150   0.000
   1.250   0.000
   1.350   0.000
   1.450   0.000
   1.550   0.000
   1.650   0.000
   1.750   0.000
   1.850   0.000
   1.950   0.000
   2.050   0.000
   2.150   0.000
   2.250   0.000
   2.350   0.000
   2.450   0.000
   2.550   0.019
   2.650   0.203
   2.750   0.537
   2.850   0.634
   2.950   0.494
   3.050   0.326
   3.150   0.209
   3.250   0.141
   3.350   0.102
   3.450   0.081
   3.550   0.070
   3.650   0.066
   3.750   0.067
   3.850   0.072
   3.950   0.080
   4.050   0.090
   4.150   0.099
   4.250   0.104
   4.350   0.106
   4.450   0.106
   4.550   0.107
   4.650   0.113
   4.750   0.123
   4.850   0.125
   4.950   0.116
   5.050   0.109
   5.150   0.109
   5.250   0.112
   5.350   0.118
   5.450   0.125
   5.550   0.136
   5.650   0.158
   5.750   0.189
   5.850   0.209
   5.950   0.210
   6.050   0.203
   6.150   0.199
   6.250   0.198
   6.350   0.193
   6.450   0.185
   6.550   0.172
   6.650   0.157
   6.750   0.142
   6.850   0.131
   6.950   0.123
   7.050   0.117
   7.150   0.113
   7.250   0.111
   7.350   0.109
   7.450   0.109
   7.550   0.109
   7.650   0.109
   7.750   0.109
   7.850   0.109
   7.950   0.108
   8.050   0.108
   8.150   0.108
   8.250   0.108
   8.350   0.108
   8.450   0.108
   8.550   0.108
   8.650   0.108
   8.750   0.108
   8.850   0.108
   8.950   0.108
   9.050   0.109
   9.150   0.110
   9.250   0.111
   9.350   0.111
   9.450   0.111
   9.550   0.111
   9.650   0.111
   9.750   0.112
   9.850   0.113
   9.950   0.114
  10.050   0.115
  10.150   0.116
  10.250   0.116
  10.350   0.116
  10.450   0.116
  10.550   0.116
  10.650   0.115
  10.750   0.114
  10.850   0.113
  10.950   0.112
  11.050   0.111
  11.150   0.110
  11.250   0.108
  11.350   0.107
  11.450   0.106
  11.550   0.106
  11.650   0.105
  11.750   0.104
  11.850   0.103
  11.950   0.101
  12.050   0.100
  12.150   0.098
  12.250   0.097
  12.350   0.097
  12.450   0.096
  12.550   0.096
  12.650   0.096
  12.750   0.095
  12.850   0.095
  12.950   0.095
  13.050   0.095
  13.150   0.095
  13.250   0.095
  13.350   0.095
  13.450   0.095
  13.550   0.095
  13.650   0.094
  13.750   0.094
  13.850   0.093
  13.950   0.093
  14.050   0.092
  14.150   0.092
  14.250   0.091
  14.350   0.090
  14.450   0.090
  14.550   0.089
  14.650   0.088
  14.750   0.088
  14.850   0.087
  14.950   0.087
  15.050   0.086
  15.150   0.086
  15.250   0.085
  15.350   0.085
  15.450   0.085
  15.550   0.084
  15.650   0.084
  15.750   0.083
  15.850   0.083
  15.950   0.082
  16.050   0.082
  16.150   0.081
  16.250   0.081
  16.350   0.080
  16.450   0.080
  16.550   0.079
  16.650   0.079
  16.750   0.078
  16.850   0.078
  16.950   0.077
  17.050   0.077
  17.150   0.076
  17.250   0.076
  17.350   0.075
  17.450   0.075
  17.550   0.074
  17.650   0.074
  17.750   0.074
  17.850   0.073
  17.950   0.073
  18.050   0.072
  18.150   0.072
  18.250   0.071
  18.350   0.071
  18.450   0.070
  18.550   0.069
  18.650   0.069
  18.750   0.068
  18.850   0.067
  18.950   0.067
  19.050   0.066
  19.150   0.065
  19.250   0.065
  19.350   0.064
  19.450   0.064
  19.550   0.063
  19.650   0.063
  19.750   0.062
  19.850   0.062
  19.950   0.061
  20.050   0.061
  20.150   0.060
  20.250   0.060
  20.350   0.060
  20.450   0.060
  20.550   0.059
  20.650   0.059
  20.750   0.059
  20.850   0.059
  20.950   0.059
  21.050   0.059
  21.150   0.059
  21.250   0.059
  21.350   0.058
  21.450   0.058
  21.550   0.058
  21.650   0.057
  21.750   0.057
  21.850   0.056
  21.950   0.056
  22.050   0.055
  22.150   0.055
  22.250   0.054
  22.350   0.054
  22.450   0.054
  22.550   0.053
  22.650   0.053
  22.750   0.053
  22.850   0.052
  22.950   0.052
  23.050   0.052
  23.150   0.051
  23.250   0.051
  23.350   0.051
  23.450   0.051
  23.550   0.050
  23.650   0.050
  23.750   0.050
  23.850   0.050
  23.950   0.049
  24.050   0.049
  24.150   0.049
  24.250   0.049
  24.350   0.049
  24.450   0.048
  24.550   0.048
  24.650   0.048
  24.750   0.048
  24.850   0.047
  24.950   0.047
  25.050   0.047
  25.150   0.047
  25.250   0.047
  25.350   0.046
  25.450   0.046
  25.550   0.046
  25.650   0.045
  25.750   0.045
  25.850   0.045
  25.950   0.044
  26.050   0.044
  26.150   0.044
  26.250   0.043
  26.350   0.043
  26.450   0.043
  26.550   0.043
  26.650   0.042
  26.750   0.042
  26.850   0.042
  26.950   0.042
  27.050   0.042
  27.150   0.041
  27.250   0.041
  27.350   0.041
  27.450   0.041
  27.550   0.041
  27.650   0.040
  27.750   0.040
  27.850   0.040
  27.950   0.040
  28.050   0.039
  28.150   0.039
  28.250   0.039
  28.350   0.039
  28.450   0.039
  28.550   0.038
  28.650   0.038
  28.750   0.038
  28.850   0.038
  28.950   0.038
  29.050   0.037
  29.150   0.037
  29.250   0.037
  29.350   0.037
  29.450   0.037
  29.550   0.037
  29.650   0.037
  29.750   0.036
  29.850   0.036
  29.950   0.036
