   0.050   0.000
   0.150   0.000
   0.250   0.000
   0.350   0.000
   0.450   0.000
   0.550   0.000
   0.650   0.000
   0.750   0.000
   0.850   0.000
   0.950   0.000
   1.050   0.000
   1.150   0.000
   1.250   0.000
   1.350   0.000
   1.450   0.000
   1.550   0.000
   1.650   0.000
   1.750   0.000
   1.850   0.000
   1.950   0.000
   2.050   0.000
   2.150   0.000
   2.250   0.000
   2.350   0.000
   2.450   0.000
   2.550   0.000
   2.650   0.000
   2.750   0.000
   2.850   0.000
   2.950   0.001
   3.050   0.008
   3.150   0.044
   3.250   0.124
   3.350   0.215
   3.450   0.259
   3.550   0.261
   3.650   0.261
   3.750   0.269
   3.850   0.261
   3.950   0.224
   4.050   0.163
   4.150   0.098
   4.250   0.055
   4.350   0.034
   4.450   0.025
   4.550   0.022
   4.650   0.023
   4.750   0.027
   4.850   0.033
   4.950   0.041
   5.050   0.052
   5.150   0.065
   5.250   0.080
   5.350   0.096
   5.450   0.112
   5.550   0.128
   5.650   0.142
   5.750   0.154
   5.850   0.163
   5.950   0.167
   6.050   0.167
   6.150   0.165
   6.250   0.160
   6.350   0.153
   6.450   0.142
   6.550   0.129
   6.650   0.117
   6.750   0.108
   6.850   0.100
   6.950   0.095
   7.050   0.091
   7.150   0.091
   7.250   0.092
   7.350   0.095
   7.450   0.099
   7.550   0.105
   7.650   0.110
   7.750   0.116
   7.850   0.120
   7.950   0.123
   8.050   0.126
   8.150   0.128
   8.250   0.130
   8.350   0.131
   8.450   0.132
   8.550   0.134
   8.650   0.136
   8.750   0.138
   8.850   0.140
   8.950   0.141
   9.050   0.142
   9.150   0.142
   9.250   0.141
   9.350   0.140
   9.450   0.140
   9.550   0.139
   9.650   0.139
   9.750   0.138
   9.850   0.138
   9.950   0.137
  10.050   0.134
  10.150   0.129
  10.250   0.124
  10.350   0.119
  10.450   0.115
  10.550   0.110
  10.650   0.107
  10.750   0.104
  10.850   0.101
  10.950   0.098
  11.050   0.096
  11.150   0.094
  11.250   0.092
  11.350   0.092
  11.450   0.091
  11.550   0.092
  11.650   0.092
  11.750   0.093
  11.850   0.095
  11.950   0.096
  12.050   0.096
  12.150   0.096
  12.250   0.096
  12.350   0.095
  12.450   0.093
  12.550   0.090
  12.650   0.088
  12.750   0.086
  12.850   0.085
  12.950   0.084
  13.050   0.084
  13.150   0.083
  13.250   0.084
  13.350   0.084
  13.450   0.083
  13.550   0.083
  13.650   0.082
  13.750   0.081
  13.850   0.080
  13.950   0.079
  14.050   0.079
  14.150   0.078
  14.250   0.078
  14.350   0.078
  14.450   0.077
  14.550   0.077
  14.650   0.077
  14.750   0.077
  14.850   0.076
  14.950   0.076
  15.050   0.076
  15.150   0.075
  15.250   0.075
  15.350   0.075
  15.450   0.074
  15.550   0.074
  15.650   0.074
  15.750   0.073
  15.850   0.073
  15.950   0.072
  16.050   0.072
  16.150   0.072
  16.250   0.072
  16.350   0.071
  16.450   0.071
  16.550   0.071
  16.650   0.070
  16.750   0.070
  16.850   0.070
  16.950   0.070
  17.050   0.070
  17.150   0.070
  17.250   0.069
  17.350   0.069
  17.450   0.069
  17.550   0.068
  17.650   0.068
  17.750   0.068
  17.850   0.067
  17.950   0.067
  18.050   0.067
  18.150   0.067
  18.250   0.066
  18.350   0.066
  18.450   0.066
  18.550   0.066
  18.650   0.066
  18.750   0.066
  18.850   0.065
  18.950   0.065
  19.050   0.065
  19.150   0.064
  19.250   0.064
  19.350   0.063
  19.450   0.063
  19.550   0.063
  19.650   0.062
  19.750   0.062
  19.850   0.062
  19.950   0.062
  20.050   0.061
  20.150   0.061
  20.250   0.060
  20.350   0.060
  20.450   0.059
  20.550   0.059
  20.650   0.058
  20.750   0.058
  20.850   0.057
  20.950   0.057
  21.050   0.056
  21.150   0.056
  21.250   0.056
  21.350   0.056
  21.450   0.056
  21.550   0.056
  21.650   0.056
  21.750   0.055
  21.850   0.055
  21.950   0.055
  22.050   0.055
  22.150   0.054
  22.250   0.054
  22.350   0.054
  22.450   0.053
  22.550   0.053
  22.650   0.053
  22.750   0.053
  22.850   0.053
  22.950   0.052
  23.050   0.052
  23.150   0.052
  23.250   0.052
  23.350   0.052
  23.450   0.052
  23.550   0.051
  23.650   0.051
  23.750   0.051
  23.850   0.050
  23.950   0.050
  24.050   0.049
  24.150   0.049
  24.250   0.049
  24.350   0.048
  24.450   0.048
  24.550   0.048
  24.650   0.048
  24.750   0.047
  24.850   0.047
  24.950   0.047
  25.050   0.047
  25.150   0.047
  25.250   0.046
  25.350   0.046
  25.450   0.046
  25.550   0.046
  25.650   0.046
  25.750   0.045
  25.850   0.045
  25.950   0.045
  26.050   0.045
  26.150   0.045
  26.250   0.044
  26.350   0.044
  26.450   0.044
  26.550   0.044
  26.650   0.044
  26.750   0.044
  26.850   0.044
  26.950   0.043
  27.050   0.043
  27.150   0.043
  27.250   0.043
  27.350   0.043
  27.450   0.043
  27.550   0.042
  27.650   0.042
  27.750   0.042
  27.850   0.042
  27.950   0.041
  28.050   0.041
  28.150   0.041
  28.250   0.041
  28.350   0.040
  28.450   0.040
  28.550   0.040
  28.650   0.039
  28.750   0.039
  28.850   0.039
  28.950   0.039
  29.050   0.039
  29.150   0.038
  29.250   0.038
  29.350   0.038
  29.450   0.038
  29.550   0.038
  29.650   0.038
  29.750   0.037
  29.850   0.037
  29.950   0.037
