   0.050   0.000
   0.150   0.000
   0.250   0.000
   0.350   0.000
   0.450   0.000
   0.550   0.000
   0.650   0.000
   0.750   0.000
   0.850   0.000
   0.950   0.000
   1.050   0.000
   1.150   0.000
   1.250   0.000
   1.350   0.000
   1.450   0.000
   1.550   0.000
   1.650   0.000
   1.750   0.000
   1.850   0.000
   1.950   0.000
   2.050   0.000
   2.150   0.000
   2.250   0.000
   2.350   0.001
   2.450   0.079
   2.550   0.771
   2.650   1.816
   2.750   1.926
   2.850   1.364
   2.950   0.817
   3.050   0.472
   3.150   0.283
   3.250   0.184
   3.350   0.130
   3.450   0.100
   3.550   0.086
   3.650   0.077
   3.750   0.074
   3.850   0.075
   3.950   0.078
   4.050   0.084
   4.150   0.092
   4.250   0.101
   4.350   0.112
   4.450   0.123
   4.550   0.134
   4.650   0.142
   4.750   0.148
   4.850   0.149
   4.950   0.147
   5.050   0.142
   5.150   0.136
   5.250   0.131
   5.350   0.125
   5.450   0.120
   5.550   0.116
   5.650   0.113
   5.750   0.112
   5.850   0.113
   5.950   0.114
   6.050   0.116
   6.150   0.119
   6.250   0.120
   6.350   0.121
   6.450   0.122
   6.550   0.121
   6.650   0.120
   6.750   0.117
   6.850   0.115
   6.950   0.112
   7.050   0.110
   7.150   0.108
   7.250   0.107
   7.350   0.106
   7.450   0.106
   7.550   0.104
   7.650   0.102
   7.750   0.100
   7.850   0.099
   7.950   0.098
   8.050   0.099
   8.150   0.101
   8.250   0.104
   8.350   0.107
   8.450   0.110
   8.550   0.112
   8.650   0.115
   8.750   0.116
   8.850   0.117
   8.950   0.117
   9.050   0.116
   9.150   0.115
   9.250   0.113
   9.350   0.111
   9.450   0.109
   9.550   0.107
   9.650   0.106
   9.750   0.105
   9.850   0.104
   9.950   0.104
  10.050   0.103
  10.150   0.103
  10.250   0.103
  10.350   0.103
  10.450   0.104
  10.550   0.105
  10.650   0.105
  10.750   0.106
  10.850   0.106
  10.950   0.106
  11.050   0.105
  11.150   0.103
  11.250   0.102
  11.350   0.102
  11.450   0.101
  11.550   0.101
  11.650   0.101
  11.750   0.102
  11.850   0.102
  11.950   0.103
  12.050   0.103
  12.150   0.104
  12.250   0.104
  12.350   0.105
  12.450   0.105
  12.550   0.105
  12.650   0.106
  12.750   0.106
  12.850   0.107
  12.950   0.107
  13.050   0.107
  13.150   0.106
  13.250   0.105
  13.350   0.105
  13.450   0.104
  13.550   0.103
  13.650   0.101
  13.750   0.100
  13.850   0.098
  13.950   0.096
  14.050   0.095
  14.150   0.094
  14.250   0.093
  14.350   0.092
  14.450   0.091
  14.550   0.090
  14.650   0.090
  14.750   0.089
  14.850   0.088
  14.950   0.088
  15.050   0.087
  15.150   0.087
  15.250   0.087
  15.350   0.086
  15.450   0.086
  15.550   0.086
  15.650   0.086
  15.750   0.085
  15.850   0.085
  15.950   0.084
  16.050   0.084
  16.150   0.083
  16.250   0.082
  16.350   0.082
  16.450   0.081
  16.550   0.080
  16.650   0.079
  16.750   0.079
  16.850   0.078
  16.950   0.078
  17.050   0.077
  17.150   0.077
  17.250   0.076
  17.350   0.076
  17.450   0.075
  17.550   0.075
  17.650   0.075
  17.750   0.075
  17.850   0.075
  17.950   0.074
  18.050   0.074
  18.150   0.074
  18.250   0.074
  18.350   0.073
  18.450   0.073
  18.550   0.072
  18.650   0.072
  18.750   0.071
  18.850   0.070
  18.950   0.069
  19.050   0.068
  19.150   0.067
  19.250   0.066
  19.350   0.065
  19.450   0.064
  19.550   0.064
  19.650   0.063
  19.750   0.063
  19.850   0.062
  19.950   0.062
  20.050   0.062
  20.150   0.062
  20.250   0.062
  20.350   0.062
  20.450   0.062
  20.550   0.062
  20.650   0.062
  20.750   0.062
  20.850   0.062
  20.950   0.062
  21.050   0.062
  21.150   0.062
  21.250   0.061
  21.350   0.061
  21.450   0.060
  21.550   0.060
  21.650   0.059
  21.750   0.059
  21.850   0.058
  21.950   0.058
  22.050   0.057
  22.150   0.057
  22.250   0.056
  22.350   0.056
  22.450   0.055
  22.550   0.055
  22.650   0.054
  22.750   0.054
  22.850   0.054
  22.950   0.053
  23.050   0.053
  23.150   0.053
  23.250   0.052
  23.350   0.052
  23.450   0.051
  23.550   0.051
  23.650   0.051
  23.750   0.050
  23.850   0.050
  23.950   0.049
  24.050   0.049
  24.150   0.048
  24.250   0.048
  24.350   0.048
  24.450   0.047
  24.550   0.047
  24.650   0.047
  24.750   0.046
  24.850   0.046
  24.950   0.046
  25.050   0.045
  25.150   0.045
  25.250   0.045
  25.350   0.044
  25.450   0.044
  25.550   0.044
  25.650   0.044
  25.750   0.044
  25.850   0.044
  25.950   0.043
  26.050   0.043
  26.150   0.043
  26.250   0.043
  26.350   0.043
  26.450   0.043
  26.550   0.042
  26.650   0.042
  26.750   0.042
  26.850   0.042
  26.950   0.042
  27.050   0.042
  27.150   0.041
  27.250   0.041
  27.350   0.041
  27.450   0.041
  27.550   0.041
  27.650   0.040
  27.750   0.040
  27.850   0.040
  27.950   0.040
  28.050   0.040
  28.150   0.039
  28.250   0.039
  28.350   0.039
  28.450   0.039
  28.550   0.039
  28.650   0.039
  28.750   0.038
  28.850   0.038
  28.950   0.038
  29.050   0.038
  29.150   0.038
  29.250   0.038
  29.350   0.037
  29.450   0.037
  29.550   0.037
  29.650   0.037
  29.750   0.037
  29.850   0.036
  29.950   0.036
