   0.050   0.000
   0.150   0.000
   0.250   0.000
   0.350   0.000
   0.450   0.000
   0.550   0.000
   0.650   0.000
   0.750   0.000
   0.850   0.000
   0.950   0.000
   1.050   0.000
   1.150   0.000
   1.250   0.000
   1.350   0.000
   1.450   0.000
   1.550   0.000
   1.650   0.000
   1.750   0.000
   1.850   0.000
   1.950   0.000
   2.050   0.000
   2.150   0.000
   2.250   0.000
   2.350   0.000
   2.450   0.000
   2.550   0.028
   2.650   0.300
   2.750   0.815
   2.850   1.011
   2.950   0.817
   3.050   0.540
   3.150   0.334
   3.250   0.208
   3.350   0.138
   3.450   0.099
   3.550   0.079
   3.650   0.072
   3.750   0.072
   3.850   0.078
   3.950   0.089
   4.050   0.103
   4.150   0.116
   4.250   0.126
   4.350   0.131
   4.450   0.133
   4.550   0.133
   4.650   0.135
   4.750   0.136
   4.850   0.137
   4.950   0.138
   5.050   0.140
   5.150   0.144
   5.250   0.151
   5.350   0.162
   5.450   0.174
   5.550   0.185
   5.650   0.188
   5.750   0.178
   5.850   0.159
   5.950   0.142
   6.050   0.131
   6.150   0.125
   6.250   0.121
   6.350   0.118
   6.450   0.117
   6.550   0.116
   6.650   0.117
   6.750   0.118
   6.850   0.120
   6.950   0.122
   7.050   0.124
   7.150   0.125
   7.250   0.126
   7.350   0.126
   7.450   0.127
   7.550   0.128
   7.650   0.128
   7.750   0.127
   7.850   0.127
   7.950   0.126
   8.050   0.127
   8.150   0.128
   8.250   0.128
   8.350   0.128
   8.450   0.128
   8.550   0.127
   8.650   0.125
   8.750   0.123
   8.850   0.121
   8.950   0.119
   9.050   0.117
   9.150   0.116
   9.250   0.115
   9.350   0.115
   9.450   0.115
   9.550   0.114
   9.650   0.112
   9.750   0.110
   9.850   0.109
   9.950   0.108
  10.050   0.107
  10.150   0.107
  10.250   0.107
  10.350   0.106
  10.450   0.106
  10.550   0.106
  10.650   0.105
  10.750   0.104
  10.850   0.104
  10.950   0.103
  11.050   0.103
  11.150   0.104
  11.250   0.104
  11.350   0.104
  11.450   0.104
  11.550   0.103
  11.650   0.103
  11.750   0.104
  11.850   0.105
  11.950   0.106
  12.050   0.107
  12.150   0.107
  12.250   0.107
  12.350   0.106
  12.450   0.105
  12.550   0.104
  12.650   0.103
  12.750   0.102
  12.850   0.101
  12.950   0.100
  13.050   0.099
  13.150   0.098
  13.250   0.097
  13.350   0.096
  13.450   0.095
  13.550   0.095
  13.650   0.094
  13.750   0.093
  13.850   0.093
  13.950   0.092
  14.050   0.091
  14.150   0.090
  14.250   0.089
  14.350   0.089
  14.450   0.088
  14.550   0.087
  14.650   0.087
  14.750   0.086
  14.850   0.086
  14.950   0.085
  15.050   0.085
  15.150   0.085
  15.250   0.085
  15.350   0.085
  15.450   0.085
  15.550   0.085
  15.650   0.084
  15.750   0.084
  15.850   0.084
  15.950   0.084
  16.050   0.084
  16.150   0.084
  16.250   0.083
  16.350   0.083
  16.450   0.082
  16.550   0.081
  16.650   0.080
  16.750   0.079
  16.850   0.078
  16.950   0.077
  17.050   0.076
  17.150   0.076
  17.250   0.075
  17.350   0.075
  17.450   0.074
  17.550   0.074
  17.650   0.074
  17.750   0.074
  17.850   0.074
  17.950   0.074
  18.050   0.073
  18.150   0.072
  18.250   0.071
  18.350   0.071
  18.450   0.070
  18.550   0.069
  18.650   0.069
  18.750   0.068
  18.850   0.068
  18.950   0.067
  19.050   0.067
  19.150   0.066
  19.250   0.066
  19.350   0.065
  19.450   0.065
  19.550   0.065
  19.650   0.064
  19.750   0.064
  19.850   0.064
  19.950   0.063
  20.050   0.063
  20.150   0.063
  20.250   0.062
  20.350   0.062
  20.450   0.061
  20.550   0.061
  20.650   0.060
  20.750   0.060
  20.850   0.059
  20.950   0.059
  21.050   0.058
  21.150   0.058
  21.250   0.057
  21.350   0.057
  21.450   0.057
  21.550   0.057
  21.650   0.056
  21.750   0.056
  21.850   0.056
  21.950   0.056
  22.050   0.055
  22.150   0.055
  22.250   0.055
  22.350   0.055
  22.450   0.055
  22.550   0.054
  22.650   0.054
  22.750   0.054
  22.850   0.054
  22.950   0.053
  23.050   0.053
  23.150   0.052
  23.250   0.052
  23.350   0.052
  23.450   0.051
  23.550   0.051
  23.650   0.051
  23.750   0.051
  23.850   0.050
  23.950   0.050
  24.050   0.050
  24.150   0.050
  24.250   0.050
  24.350   0.049
  24.450   0.049
  24.550   0.049
  24.650   0.049
  24.750   0.048
  24.850   0.048
  24.950   0.048
  25.050   0.047
  25.150   0.047
  25.250   0.047
  25.350   0.046
  25.450   0.046
  25.550   0.045
  25.650   0.045
  25.750   0.045
  25.850   0.044
  25.950   0.044
  26.050   0.044
  26.150   0.044
  26.250   0.043
  26.350   0.043
  26.450   0.043
  26.550   0.043
  26.650   0.042
  26.750   0.042
  26.850   0.042
  26.950   0.042
  27.050   0.042
  27.150   0.041
  27.250   0.041
  27.350   0.041
  27.450   0.041
  27.550   0.041
  27.650   0.040
  27.750   0.040
  27.850   0.040
  27.950   0.040
  28.050   0.040
  28.150   0.039
  28.250   0.039
  28.350   0.039
  28.450   0.039
  28.550   0.039
  28.650   0.038
  28.750   0.038
  28.850   0.038
  28.950   0.038
  29.050   0.037
  29.150   0.037
  29.250   0.037
  29.350   0.037
  29.450   0.037
  29.550   0.036
  29.650   0.036
  29.750   0.036
  29.850   0.036
  29.950   0.036
