   0.050   0.000
   0.150   0.000
   0.250   0.000
   0.350   0.000
   0.450   0.000
   0.550   0.000
   0.650   0.000
   0.750   0.000
   0.850   0.000
   0.950   0.000
   1.050   0.000
   1.150   0.000
   1.250   0.000
   1.350   0.000
   1.450   0.000
   1.550   0.000
   1.650   0.000
   1.750   0.000
   1.850   0.000
   1.950   0.000
   2.050   0.000
   2.150   0.000
   2.250   0.000
   2.350   0.001
   2.450   0.076
   2.550   0.708
   2.650   1.671
   2.750   1.829
   2.850   1.374
   2.950   0.887
   3.050   0.551
   3.150   0.350
   3.250   0.232
   3.350   0.162
   3.450   0.120
   3.550   0.095
   3.650   0.080
   3.750   0.073
   3.850   0.069
   3.950   0.069
   4.050   0.071
   4.150   0.075
   4.250   0.080
   4.350   0.087
   4.450   0.096
   4.550   0.105
   4.650   0.114
   4.750   0.121
   4.850   0.125
   4.950   0.125
   5.050   0.121
   5.150   0.115
   5.250   0.109
   5.350   0.103
   5.450   0.098
   5.550   0.095
   5.650   0.093
   5.750   0.092
   5.850   0.090
   5.950   0.090
   6.050   0.089
   6.150   0.090
   6.250   0.090
   6.350   0.091
   6.450   0.092
   6.550   0.092
   6.650   0.092
   6.750   0.091
   6.850   0.090
   6.950   0.090
   7.050   0.090
   7.150   0.090
   7.250   0.092
   7.350   0.093
   7.450   0.096
   7.550   0.098
   7.650   0.101
   7.750   0.103
   7.850   0.104
   7.950   0.105
   8.050   0.106
   8.150   0.107
   8.250   0.108
   8.350   0.109
   8.450   0.110
   8.550   0.112
   8.650   0.113
   8.750   0.114
   8.850   0.114
   8.950   0.113
   9.050   0.111
   9.150   0.110
   9.250   0.109
   9.350   0.109
   9.450   0.109
   9.550   0.110
   9.650   0.110
   9.750   0.111
   9.850   0.111
   9.950   0.111
  10.050   0.112
  10.150   0.111
  10.250   0.111
  10.350   0.111
  10.450   0.112
  10.550   0.112
  10.650   0.112
  10.750   0.112
  10.850   0.112
  10.950   0.112
  11.050   0.112
  11.150   0.111
  11.250   0.109
  11.350   0.107
  11.450   0.105
  11.550   0.103
  11.650   0.101
  11.750   0.100
  11.850   0.100
  11.950   0.100
  12.050   0.100
  12.150   0.100
  12.250   0.101
  12.350   0.101
  12.450   0.101
  12.550   0.101
  12.650   0.101
  12.750   0.100
  12.850   0.100
  12.950   0.099
  13.050   0.098
  13.150   0.097
  13.250   0.096
  13.350   0.095
  13.450   0.093
  13.550   0.092
  13.650   0.091
  13.750   0.090
  13.850   0.089
  13.950   0.088
  14.050   0.088
  14.150   0.088
  14.250   0.088
  14.350   0.088
  14.450   0.088
  14.550   0.088
  14.650   0.088
  14.750   0.088
  14.850   0.088
  14.950   0.087
  15.050   0.086
  15.150   0.086
  15.250   0.085
  15.350   0.085
  15.450   0.085
  15.550   0.084
  15.650   0.084
  15.750   0.083
  15.850   0.082
  15.950   0.082
  16.050   0.081
  16.150   0.080
  16.250   0.080
  16.350   0.079
  16.450   0.078
  16.550   0.078
  16.650   0.077
  16.750   0.077
  16.850   0.076
  16.950   0.076
  17.050   0.075
  17.150   0.075
  17.250   0.074
  17.350   0.073
  17.450   0.073
  17.550   0.072
  17.650   0.072
  17.750   0.071
  17.850   0.071
  17.950   0.071
  18.050   0.071
  18.150   0.071
  18.250   0.070
  18.350   0.070
  18.450   0.070
  18.550   0.069
  18.650   0.069
  18.750   0.068
  18.850   0.068
  18.950   0.067
  19.050   0.066
  19.150   0.066
  19.250   0.065
  19.350   0.065
  19.450   0.064
  19.550   0.064
  19.650   0.063
  19.750   0.063
  19.850   0.063
  19.950   0.063
  20.050   0.062
  20.150   0.062
  20.250   0.062
  20.350   0.062
  20.450   0.061
  20.550   0.061
  20.650   0.060
  20.750   0.060
  20.850   0.059
  20.950   0.059
  21.050   0.058
  21.150   0.058
  21.250   0.058
  21.350   0.057
  21.450   0.057
  21.550   0.057
  21.650   0.056
  21.750   0.056
  21.850   0.056
  21.950   0.055
  22.050   0.055
  22.150   0.054
  22.250   0.054
  22.350   0.054
  22.450   0.054
  22.550   0.053
  22.650   0.053
  22.750   0.053
  22.850   0.053
  22.950   0.053
  23.050   0.053
  23.150   0.053
  23.250   0.053
  23.350   0.052
  23.450   0.052
  23.550   0.052
  23.650   0.052
  23.750   0.051
  23.850   0.051
  23.950   0.050
  24.050   0.050
  24.150   0.050
  24.250   0.049
  24.350   0.049
  24.450   0.048
  24.550   0.048
  24.650   0.047
  24.750   0.047
  24.850   0.046
  24.950   0.046
  25.050   0.046
  25.150   0.045
  25.250   0.045
  25.350   0.045
  25.450   0.045
  25.550   0.044
  25.650   0.044
  25.750   0.044
  25.850   0.044
  25.950   0.044
  26.050   0.044
  26.150   0.043
  26.250   0.043
  26.350   0.043
  26.450   0.043
  26.550   0.043
  26.650   0.042
  26.750   0.042
  26.850   0.042
  26.950   0.042
  27.050   0.041
  27.150   0.041
  27.250   0.041
  27.350   0.041
  27.450   0.040
  27.550   0.040
  27.650   0.040
  27.750   0.040
  27.850   0.040
  27.950   0.039
  28.050   0.039
  28.150   0.039
  28.250   0.039
  28.350   0.039
  28.450   0.039
  28.550   0.038
  28.650   0.038
  28.750   0.038
  28.850   0.038
  28.950   0.038
  29.050   0.038
  29.150   0.038
  29.250   0.038
  29.350   0.037
  29.450   0.037
  29.550   0.037
  29.650   0.037
  29.750   0.037
  29.850   0.037
  29.950   0.037
