#Distance_(Ang) :U,U3@P_=>_:Na+
       0.050000        0.000000
       0.150000        0.000000
       0.250000        0.000000
       0.350000        0.000000
       0.450000        0.000000
       0.550000        0.000000
       0.650000        0.000000
       0.750000        0.000000
       0.850000        0.000000
       0.950000        0.000000
       1.050000        0.000000
       1.150000        0.000000
       1.250000        0.000000
       1.350000        0.000000
       1.450000        0.000000
       1.550000        0.000000
       1.650000        0.000000
       1.750000        0.000000
       1.850000        0.000000
       1.950000        0.000000
       2.050000        0.000000
       2.150000        0.000000
       2.250000        0.000000
       2.350000        0.000000
       2.450000        0.000000
       2.550000        0.000013
       2.650000        0.001733
       2.750000        0.020930
       2.850000        0.076171
       2.950000        0.168107
       3.050000        0.282668
       3.150000        0.395144
       3.250000        0.539061
       3.350000        0.735200
       3.450000        0.912564
       3.550000        0.938269
       3.650000        0.715061
       3.750000        0.357036
       3.850000        0.125683
       3.950000        0.041871
       4.050000        0.018678
       4.150000        0.013680
       4.250000        0.014842
       4.350000        0.020141
       4.450000        0.029626
       4.550000        0.044007
       4.650000        0.062976
       4.750000        0.085269
       4.850000        0.107561
       4.950000        0.126545
       5.050000        0.140694
       5.150000        0.148629
       5.250000        0.153906
       5.350000        0.159398
       5.450000        0.165548
       5.550000        0.173223
       5.650000        0.180309
       5.750000        0.185312
       5.850000        0.185299
       5.950000        0.179869
       6.050000        0.167866
       6.150000        0.151150
       6.250000        0.131512
       6.350000        0.112113
       6.450000        0.095621
       6.550000        0.083785
       6.650000        0.078703
       6.750000        0.078565
       6.850000        0.082346
       6.950000        0.088007
       7.050000        0.095430
       7.150000        0.103763
       7.250000        0.112663
       7.350000        0.121885
       7.450000        0.130475
       7.550000        0.137751
       7.650000        0.143303
       7.750000        0.147477
       7.850000        0.150899
       7.950000        0.154406
       8.050000        0.158032
       8.150000        0.159423
       8.250000        0.157150
       8.350000        0.151721
       8.450000        0.144586
       8.550000        0.138679
       8.650000        0.134052
       8.750000        0.131130
       8.850000        0.128787
       8.950000        0.126230
       9.050000        0.124550
       9.150000        0.124212
       9.250000        0.124534
       9.350000        0.126106
       9.450000        0.126954
       9.550000        0.127265
       9.650000        0.126829
       9.750000        0.125924
       9.850000        0.124738
       9.950000        0.122925
      10.050000        0.120445
      10.150000        0.117917
      10.250000        0.115575
      10.350000        0.113995
      10.450000        0.112672
      10.550000        0.110911
      10.650000        0.108366
      10.750000        0.105360
      10.850000        0.103009
      10.950000        0.101952
      11.050000        0.102279
      11.150000        0.103274
      11.250000        0.104429
      11.350000        0.105305
      11.450000        0.105574
      11.550000        0.105198
      11.650000        0.104238
      11.750000        0.103145
      11.850000        0.102080
      11.950000        0.101482
      12.050000        0.101210
      12.150000        0.101260
      12.250000        0.101736
      12.350000        0.102054
      12.450000        0.102303
      12.550000        0.102180
      12.650000        0.102371
      12.750000        0.102384
      12.850000        0.102451
      12.950000        0.102727
      13.050000        0.102862
      13.150000        0.103402
      13.250000        0.103408
      13.350000        0.103022
      13.450000        0.102339
      13.550000        0.101578
      13.650000        0.100849
      13.750000        0.100060
      13.850000        0.099868
      13.950000        0.099906
      14.050000        0.100262
      14.150000        0.100667
      14.250000        0.101097
      14.350000        0.101251
      14.450000        0.100952
      14.550000        0.100225
      14.650000        0.098833
      14.750000        0.097387
      14.850000        0.095683
      14.950000        0.093906
      15.050000        0.091944
      15.150000        0.090261
      15.250000        0.088675
      15.350000        0.087251
      15.450000        0.086093
      15.550000        0.085105
      15.650000        0.084471
      15.750000        0.083871
      15.850000        0.083452
      15.950000        0.082981
      16.050000        0.082613
      16.150000        0.082403
      16.250000        0.082029
      16.350000        0.081679
      16.450000        0.081419
      16.550000        0.080991
      16.650000        0.080384
      16.750000        0.080005
      16.850000        0.079441
      16.950000        0.078985
      17.050000        0.078477
      17.150000        0.077948
      17.250000        0.077509
      17.350000        0.076979
      17.450000        0.076405
      17.550000        0.075896
      17.650000        0.075252
      17.750000        0.074622
      17.850000        0.074101
      17.950000        0.073387
      18.050000        0.072825
      18.150000        0.072443
      18.250000        0.071894
      18.350000        0.071536
      18.450000        0.071215
      18.550000        0.071043
      18.650000        0.070787
      18.750000        0.070446
      18.850000        0.070211
      18.950000        0.069725
      19.050000        0.069321
      19.150000        0.068762
      19.250000        0.068155
      19.350000        0.067562
      19.450000        0.067009
      19.550000        0.066625
      19.650000        0.066181
      19.750000        0.065798
      19.850000        0.065432
      19.950000        0.065203
      20.050000        0.064842
      20.150000        0.064451
      20.250000        0.064086
      20.350000        0.063543
      20.450000        0.062928
      20.550000        0.062367
      20.650000        0.061692
      20.750000        0.061094
      20.850000        0.060528
      20.950000        0.060016
      21.050000        0.059577
      21.150000        0.059175
      21.250000        0.058701
      21.350000        0.058366
      21.450000        0.057989
      21.550000        0.057664
      21.650000        0.057264
      21.750000        0.056939
      21.850000        0.056585
      21.950000        0.056280
      22.050000        0.056011
      22.150000        0.055665
      22.250000        0.055356
      22.350000        0.055173
      22.450000        0.054892
      22.550000        0.054651
      22.650000        0.054451
      22.750000        0.054149
      22.850000        0.054054
      22.950000        0.053651
      23.050000        0.053453
      23.150000        0.053102
      23.250000        0.052840
      23.350000        0.052454
      23.450000        0.052119
      23.550000        0.051814
      23.650000        0.051444
      23.750000        0.051051
      23.850000        0.050772
      23.950000        0.050396
      24.050000        0.050094
      24.150000        0.049695
      24.250000        0.049406
      24.350000        0.049079
      24.450000        0.048865
      24.550000        0.048560
      24.650000        0.048305
      24.750000        0.048034
      24.850000        0.047819
      24.950000        0.047517
      25.050000        0.047267
      25.150000        0.046973
      25.250000        0.046699
      25.350000        0.046374
      25.450000        0.046143
      25.550000        0.045833
      25.650000        0.045586
      25.750000        0.045366
      25.850000        0.045137
      25.950000        0.044894
      26.050000        0.044674
      26.150000        0.044400
      26.250000        0.044221
      26.350000        0.043920
      26.450000        0.043691
      26.550000        0.043467
      26.650000        0.043224
      26.750000        0.042957
      26.850000        0.042713
      26.950000        0.042485
      27.050000        0.042237
      27.150000        0.042025
      27.250000        0.041789
      27.350000        0.041628
      27.450000        0.041406
      27.550000        0.041203
      27.650000        0.040978
      27.750000        0.040741
      27.850000        0.040583
      27.950000        0.040398
      28.050000        0.040163
      28.150000        0.039963
      28.250000        0.039795
      28.350000        0.039601
      28.450000        0.039445
      28.550000        0.039296
      28.650000        0.039126
      28.750000        0.038942
      28.850000        0.038825
      28.950000        0.038686
      29.050000        0.038576
      29.150000        0.038365
      29.250000        0.038208
      29.350000        0.038030
      29.450000        0.037822
      29.550000        0.037616
      29.650000        0.037427
      29.750000        0.037183
      29.850000        0.036950
      29.950000        0.036723
