#Distance_(Ang) :1-50@N3_=>_:Na+
       0.050000         0.000000
       0.150000         0.000000
       0.250000         0.000000
       0.350000         0.000000
       0.450000         0.000000
       0.550000         0.000000
       0.650000         0.000000
       0.750000         0.000000
       0.850000         0.000000
       0.950000         0.000000
       1.050000         0.000000
       1.150000         0.000000
       1.250000         0.000000
       1.350000         0.000000
       1.450000         0.000000
       1.550000         0.000000
       1.650000         0.000000
       1.750000         0.000000
       1.850000         0.000000
       1.950000         0.000000
       2.050000         0.000000
       2.150000         0.000000
       2.250000         0.000000
       2.350000         0.000000
       2.450000         0.000000
       2.550000         0.000000
       2.650000         0.000003
       2.750000         0.000025
       2.850000         0.000220
       2.950000         0.001141
       3.050000         0.005829
       3.150000         0.020935
       3.250000         0.056806
       3.350000         0.117365
       3.450000         0.193061
       3.550000         0.259352
       3.650000         0.301118
       3.750000         0.314866
       3.850000         0.308935
       3.950000         0.297056
       4.050000         0.288992
       4.150000         0.290377
       4.250000         0.299758
       4.350000         0.320529
       4.450000         0.332554
       4.550000         0.285227
       4.650000         0.193957
       4.750000         0.123052
       4.850000         0.087998
       4.950000         0.073969
       5.050000         0.069031
       5.150000         0.067768
       5.250000         0.069759
       5.350000         0.073873
       5.450000         0.080078
       5.550000         0.088922
       5.650000         0.099411
       5.750000         0.112051
       5.850000         0.124834
       5.950000         0.137390
       6.050000         0.147035
       6.150000         0.153069
       6.250000         0.153893
       6.350000         0.150063
       6.450000         0.143097
       6.550000         0.135299
       6.650000         0.128337
       6.750000         0.122921
       6.850000         0.119719
       6.950000         0.117950
       7.050000         0.117580
       7.150000         0.117372
       7.250000         0.116725
       7.350000         0.116658
       7.450000         0.116760
       7.550000         0.116640
       7.650000         0.115231
       7.750000         0.114455
       7.850000         0.114107
       7.950000         0.114679
       8.050000         0.116388
       8.150000         0.118357
       8.250000         0.120734
       8.350000         0.123148
       8.450000         0.125577
       8.550000         0.127745
       8.650000         0.129269
       8.750000         0.130639
       8.850000         0.132166
       8.950000         0.133175
       9.050000         0.133836
       9.150000         0.134146
       9.250000         0.134074
       9.350000         0.133979
       9.450000         0.134438
       9.550000         0.135244
       9.650000         0.136625
       9.750000         0.138597
       9.850000         0.140431
       9.950000         0.142346
      10.050000         0.143766
      10.150000         0.144584
      10.250000         0.144470
      10.350000         0.143351
      10.450000         0.141468
      10.550000         0.139330
      10.650000         0.136771
      10.750000         0.134106
      10.850000         0.131209
      10.950000         0.128573
      11.050000         0.126060
      11.150000         0.124123
      11.250000         0.123019
      11.350000         0.122324
      11.450000         0.121666
      11.550000         0.121319
      11.650000         0.120786
      11.750000         0.120118
      11.850000         0.119853
      11.950000         0.119855
      12.050000         0.119769
      12.150000         0.119189
      12.250000         0.118658
      12.350000         0.117620
      12.450000         0.116574
      12.550000         0.115335
      12.650000         0.113985
      12.750000         0.112879
      12.850000         0.111352
      12.950000         0.109844
      13.050000         0.108394
      13.150000         0.106595
      13.250000         0.104736
      13.350000         0.102987
      13.450000         0.101163
      13.550000         0.099554
      13.650000         0.098082
      13.750000         0.096650
      13.850000         0.095306
      13.950000         0.094245
      14.050000         0.093296
      14.150000         0.092565
      14.250000         0.091727
      14.350000         0.091232
      14.450000         0.090712
      14.550000         0.090231
      14.650000         0.089887
      14.750000         0.089540
      14.850000         0.089232
      14.950000         0.089030
      15.050000         0.088705
      15.150000         0.088372
      15.250000         0.088009
      15.350000         0.087658
      15.450000         0.087268
      15.550000         0.086834
      15.650000         0.086355
      15.750000         0.085967
      15.850000         0.085399
      15.950000         0.085035
      16.050000         0.084483
      16.150000         0.083943
      16.250000         0.083295
      16.350000         0.082663
      16.450000         0.082073
      16.550000         0.081359
      16.650000         0.080646
      16.750000         0.079892
      16.850000         0.079124
      16.950000         0.078409
      17.050000         0.077503
      17.150000         0.076658
      17.250000         0.075927
      17.350000         0.075145
      17.450000         0.074328
      17.550000         0.073467
      17.650000         0.072643
      17.750000         0.071810
      17.850000         0.070953
      17.950000         0.070376
      18.050000         0.069865
      18.150000         0.069377
      18.250000         0.069054
      18.350000         0.068885
      18.450000         0.068618
      18.550000         0.068385
      18.650000         0.068241
      18.750000         0.068077
      18.850000         0.067951
      18.950000         0.067796
      19.050000         0.067716
      19.150000         0.067614
      19.250000         0.067513
      19.350000         0.067433
      19.450000         0.067214
      19.550000         0.067092
      19.650000         0.066882
      19.750000         0.066638
      19.850000         0.066443
      19.950000         0.066215
      20.050000         0.065809
      20.150000         0.065485
      20.250000         0.065130
      20.350000         0.064662
      20.450000         0.064134
      20.550000         0.063574
      20.650000         0.063105
      20.750000         0.062503
      20.850000         0.062019
      20.950000         0.061446
      21.050000         0.061018
      21.150000         0.060547
      21.250000         0.060032
      21.350000         0.059692
      21.450000         0.059348
      21.550000         0.058922
      21.650000         0.058680
      21.750000         0.058245
      21.850000         0.057809
      21.950000         0.057425
      22.050000         0.056917
      22.150000         0.056456
      22.250000         0.055814
      22.350000         0.055264
      22.450000         0.054732
      22.550000         0.054131
      22.650000         0.053582
      22.750000         0.053035
      22.850000         0.052529
      22.950000         0.052019
      23.050000         0.051542
      23.150000         0.051079
      23.250000         0.050612
      23.350000         0.050174
      23.450000         0.049792
      23.550000         0.049439
      23.650000         0.049153
      23.750000         0.048839
      23.850000         0.048543
      23.950000         0.048297
      24.050000         0.048041
      24.150000         0.047817
      24.250000         0.047659
      24.350000         0.047498
      24.450000         0.047344
      24.550000         0.047200
      24.650000         0.047038
      24.750000         0.046882
      24.850000         0.046742
      24.950000         0.046623
      25.050000         0.046475
      25.150000         0.046285
      25.250000         0.046113
      25.350000         0.045908
      25.450000         0.045747
      25.550000         0.045536
      25.650000         0.045316
      25.750000         0.045166
      25.850000         0.045002
      25.950000         0.044826
      26.050000         0.044629
      26.150000         0.044482
      26.250000         0.044236
      26.350000         0.044072
      26.450000         0.043878
      26.550000         0.043643
      26.650000         0.043497
      26.750000         0.043251
      26.850000         0.043025
      26.950000         0.042820
      27.050000         0.042549
      27.150000         0.042411
      27.250000         0.042234
      27.350000         0.042007
      27.450000         0.041791
      27.550000         0.041582
      27.650000         0.041394
      27.750000         0.041165
      27.850000         0.040932
      27.950000         0.040717
      28.050000         0.040562
      28.150000         0.040379
      28.250000         0.040139
      28.350000         0.039926
      28.450000         0.039680
      28.550000         0.039477
      28.650000         0.039289
      28.750000         0.039065
      28.850000         0.038836
      28.950000         0.038579
      29.050000         0.038352
      29.150000         0.038126
      29.250000         0.037915
      29.350000         0.037691
      29.450000         0.037495
      29.550000         0.037283
      29.650000         0.037070
      29.750000         0.036870
      29.850000         0.036708
      29.950000         0.036531
