#Distance_(Ang) :1-50@O2_=>_:Na+
       0.050000         0.000000
       0.150000         0.000000
       0.250000         0.000000
       0.350000         0.000000
       0.450000         0.000000
       0.550000         0.000000
       0.650000         0.000000
       0.750000         0.000000
       0.850000         0.000000
       0.950000         0.000000
       1.050000         0.000000
       1.150000         0.000000
       1.250000         0.000000
       1.350000         0.000000
       1.450000         0.000000
       1.550000         0.000000
       1.650000         0.000000
       1.750000         0.000000
       1.850000         0.000000
       1.950000         0.000000
       2.050000         0.001198
       2.150000         0.148942
       2.250000         1.066222
       2.350000         1.623215
       2.450000         1.100195
       2.550000         0.519561
       2.650000         0.222575
       2.750000         0.097551
       2.850000         0.047883
       2.950000         0.026391
       3.050000         0.017020
       3.150000         0.012605
       3.250000         0.010558
       3.350000         0.010268
       3.450000         0.011043
       3.550000         0.013048
       3.650000         0.016902
       3.750000         0.023091
       3.850000         0.032336
       3.950000         0.044787
       4.050000         0.060289
       4.150000         0.078731
       4.250000         0.097091
       4.350000         0.111857
       4.450000         0.122648
       4.550000         0.128387
       4.650000         0.131442
       4.750000         0.135151
       4.850000         0.138514
       4.950000         0.141644
       5.050000         0.141013
       5.150000         0.137782
       5.250000         0.132614
       5.350000         0.127778
       5.450000         0.123237
       5.550000         0.118999
       5.650000         0.115324
       5.750000         0.112214
       5.850000         0.110010
       5.950000         0.109416
       6.050000         0.108690
       6.150000         0.108910
       6.250000         0.109657
       6.350000         0.112122
       6.450000         0.117693
       6.550000         0.126760
       6.650000         0.139416
       6.750000         0.145908
       6.850000         0.137812
       6.950000         0.123330
       7.050000         0.112984
       7.150000         0.107293
       7.250000         0.105593
       7.350000         0.105469
       7.450000         0.107159
       7.550000         0.109335
       7.650000         0.112818
       7.750000         0.116617
       7.850000         0.121138
       7.950000         0.124812
       8.050000         0.127716
       8.150000         0.129466
       8.250000         0.130154
       8.350000         0.129986
       8.450000         0.130073
       8.550000         0.130701
       8.650000         0.132060
       8.750000         0.134233
       8.850000         0.137064
       8.950000         0.139949
       9.050000         0.143225
       9.150000         0.146542
       9.250000         0.149651
       9.350000         0.152905
       9.450000         0.156287
       9.550000         0.159539
       9.650000         0.161929
       9.750000         0.163332
       9.850000         0.163265
       9.950000         0.160719
      10.050000         0.156659
      10.150000         0.151559
      10.250000         0.145835
      10.350000         0.140856
      10.450000         0.136723
      10.550000         0.133209
      10.650000         0.130686
      10.750000         0.127984
      10.850000         0.125999
      10.950000         0.123843
      11.050000         0.121158
      11.150000         0.118545
      11.250000         0.116756
      11.350000         0.115722
      11.450000         0.115464
      11.550000         0.115127
      11.650000         0.114804
      11.750000         0.114347
      11.850000         0.113741
      11.950000         0.113212
      12.050000         0.112628
      12.150000         0.112021
      12.250000         0.111412
      12.350000         0.110772
      12.450000         0.110075
      12.550000         0.109163
      12.650000         0.108193
      12.750000         0.107089
      12.850000         0.106092
      12.950000         0.105100
      13.050000         0.104212
      13.150000         0.103528
      13.250000         0.103040
      13.350000         0.102790
      13.450000         0.102637
      13.550000         0.102405
      13.650000         0.102438
      13.750000         0.102208
      13.850000         0.101782
      13.950000         0.101364
      14.050000         0.100541
      14.150000         0.099620
      14.250000         0.098705
      14.350000         0.097492
      14.450000         0.096316
      14.550000         0.095207
      14.650000         0.094136
      14.750000         0.093166
      14.850000         0.092164
      14.950000         0.091231
      15.050000         0.090298
      15.150000         0.089407
      15.250000         0.088367
      15.350000         0.087531
      15.450000         0.086765
      15.550000         0.086174
      15.650000         0.085316
      15.750000         0.084644
      15.850000         0.084017
      15.950000         0.083445
      16.050000         0.082810
      16.150000         0.082186
      16.250000         0.081417
      16.350000         0.080866
      16.450000         0.080205
      16.550000         0.079440
      16.650000         0.078657
      16.750000         0.077975
      16.850000         0.077175
      16.950000         0.076645
      17.050000         0.076025
      17.150000         0.075581
      17.250000         0.075097
      17.350000         0.074759
      17.450000         0.074496
      17.550000         0.074202
      17.650000         0.073950
      17.750000         0.073598
      17.850000         0.073270
      17.950000         0.072913
      18.050000         0.072483
      18.150000         0.072050
      18.250000         0.071505
      18.350000         0.071044
      18.450000         0.070513
      18.550000         0.069892
      18.650000         0.069382
      18.750000         0.068826
      18.850000         0.068392
      18.950000         0.068016
      19.050000         0.067793
      19.150000         0.067471
      19.250000         0.067235
      19.350000         0.067187
      19.450000         0.067090
      19.550000         0.067068
      19.650000         0.066871
      19.750000         0.066663
      19.850000         0.066476
      19.950000         0.066046
      20.050000         0.065673
      20.150000         0.065185
      20.250000         0.064687
      20.350000         0.064092
      20.450000         0.063613
      20.550000         0.062986
      20.650000         0.062391
      20.750000         0.061816
      20.850000         0.061285
      20.950000         0.060795
      21.050000         0.060308
      21.150000         0.059792
      21.250000         0.059398
      21.350000         0.059018
      21.450000         0.058550
      21.550000         0.058240
      21.650000         0.057767
      21.750000         0.057324
      21.850000         0.056924
      21.950000         0.056526
      22.050000         0.056086
      22.150000         0.055644
      22.250000         0.055301
      22.350000         0.054860
      22.450000         0.054426
      22.550000         0.054080
      22.650000         0.053719
      22.750000         0.053312
      22.850000         0.052971
      22.950000         0.052535
      23.050000         0.052226
      23.150000         0.051795
      23.250000         0.051461
      23.350000         0.051101
      23.450000         0.050771
      23.550000         0.050412
      23.650000         0.050127
      23.750000         0.049796
      23.850000         0.049464
      23.950000         0.049211
      24.050000         0.048949
      24.150000         0.048629
      24.250000         0.048318
      24.350000         0.048013
      24.450000         0.047754
      24.550000         0.047435
      24.650000         0.047182
      24.750000         0.046912
      24.850000         0.046636
      24.950000         0.046436
      25.050000         0.046254
      25.150000         0.046070
      25.250000         0.045929
      25.350000         0.045789
      25.450000         0.045727
      25.550000         0.045638
      25.650000         0.045535
      25.750000         0.045486
      25.850000         0.045390
      25.950000         0.045226
      26.050000         0.045069
      26.150000         0.044861
      26.250000         0.044602
      26.350000         0.044305
      26.450000         0.044080
      26.550000         0.043786
      26.650000         0.043466
      26.750000         0.043194
      26.850000         0.042872
      26.950000         0.042642
      27.050000         0.042372
      27.150000         0.042154
      27.250000         0.041903
      27.350000         0.041653
      27.450000         0.041386
      27.550000         0.041196
      27.650000         0.040906
      27.750000         0.040691
      27.850000         0.040421
      27.950000         0.040164
      28.050000         0.039982
      28.150000         0.039750
      28.250000         0.039535
      28.350000         0.039324
      28.450000         0.039136
      28.550000         0.038914
      28.650000         0.038776
      28.750000         0.038592
      28.850000         0.038429
      28.950000         0.038222
      29.050000         0.038105
      29.150000         0.037959
      29.250000         0.037778
      29.350000         0.037594
      29.450000         0.037442
      29.550000         0.037229
      29.650000         0.037070
      29.750000         0.036910
      29.850000         0.036749
      29.950000         0.036580
