#Distance_(Ang) :1-50@O4_=>_:Na+
       0.050000         0.000000
       0.150000         0.000000
       0.250000         0.000000
       0.350000         0.000000
       0.450000         0.000000
       0.550000         0.000000
       0.650000         0.000000
       0.750000         0.000000
       0.850000         0.000000
       0.950000         0.000000
       1.050000         0.000000
       1.150000         0.000000
       1.250000         0.000000
       1.350000         0.000000
       1.450000         0.000000
       1.550000         0.000000
       1.650000         0.000000
       1.750000         0.000000
       1.850000         0.000000
       1.950000         0.000000
       2.050000         0.001230
       2.150000         0.144772
       2.250000         1.028621
       2.350000         1.615440
       2.450000         1.160102
       2.550000         0.591020
       2.650000         0.274306
       2.750000         0.131500
       2.850000         0.069041
       2.950000         0.040283
       3.050000         0.026282
       3.150000         0.019892
       3.250000         0.016805
       3.350000         0.015570
       3.450000         0.016465
       3.550000         0.018304
       3.650000         0.022312
       3.750000         0.028800
       3.850000         0.037189
       3.950000         0.049130
       4.050000         0.064124
       4.150000         0.082303
       4.250000         0.101505
       4.350000         0.122100
       4.450000         0.138493
       4.550000         0.150791
       4.650000         0.159538
       4.750000         0.164381
       4.850000         0.168349
       4.950000         0.169414
       5.050000         0.170517
       5.150000         0.170871
       5.250000         0.170691
       5.350000         0.168248
       5.450000         0.163757
       5.550000         0.157180
       5.650000         0.148720
       5.750000         0.140432
       5.850000         0.133503
       5.950000         0.128958
       6.050000         0.126716
       6.150000         0.127908
       6.250000         0.130757
       6.350000         0.134848
       6.450000         0.139776
       6.550000         0.144313
       6.650000         0.145373
       6.750000         0.137694
       6.850000         0.126331
       6.950000         0.118406
       7.050000         0.115006
       7.150000         0.114568
       7.250000         0.115193
       7.350000         0.115616
       7.450000         0.116570
       7.550000         0.116806
       7.650000         0.116871
       7.750000         0.116735
       7.850000         0.116851
       7.950000         0.116920
       8.050000         0.117026
       8.150000         0.117052
       8.250000         0.116576
       8.350000         0.116117
       8.450000         0.116470
       8.550000         0.117169
       8.650000         0.117564
       8.750000         0.117744
       8.850000         0.117765
       8.950000         0.117189
       9.050000         0.116792
       9.150000         0.116310
       9.250000         0.115398
       9.350000         0.114466
       9.450000         0.114117
       9.550000         0.113455
       9.650000         0.113255
       9.750000         0.113925
       9.850000         0.115028
       9.950000         0.116865
      10.050000         0.119051
      10.150000         0.121846
      10.250000         0.124636
      10.350000         0.127962
      10.450000         0.130807
      10.550000         0.133233
      10.650000         0.135130
      10.750000         0.136505
      10.850000         0.136898
      10.950000         0.137090
      11.050000         0.136968
      11.150000         0.136539
      11.250000         0.135263
      11.350000         0.134057
      11.450000         0.132387
      11.550000         0.130287
      11.650000         0.128510
      11.750000         0.126812
      11.850000         0.125355
      11.950000         0.123733
      12.050000         0.121864
      12.150000         0.120018
      12.250000         0.117972
      12.350000         0.115843
      12.450000         0.113577
      12.550000         0.111247
      12.650000         0.108916
      12.750000         0.106849
      12.850000         0.105110
      12.950000         0.103506
      13.050000         0.102135
      13.150000         0.100711
      13.250000         0.099637
      13.350000         0.098789
      13.450000         0.098307
      13.550000         0.098097
      13.650000         0.097952
      13.750000         0.098006
      13.850000         0.097777
      13.950000         0.097487
      14.050000         0.096859
      14.150000         0.096155
      14.250000         0.095369
      14.350000         0.094413
      14.450000         0.093374
      14.550000         0.092497
      14.650000         0.091548
      14.750000         0.090575
      14.850000         0.089664
      14.950000         0.088747
      15.050000         0.087965
      15.150000         0.087099
      15.250000         0.086416
      15.350000         0.085706
      15.450000         0.085146
      15.550000         0.084557
      15.650000         0.084012
      15.750000         0.083526
      15.850000         0.082821
      15.950000         0.082426
      16.050000         0.081843
      16.150000         0.081425
      16.250000         0.080877
      16.350000         0.080342
      16.450000         0.079712
      16.550000         0.079157
      16.650000         0.078293
      16.750000         0.077685
      16.850000         0.076816
      16.950000         0.076038
      17.050000         0.075419
      17.150000         0.074667
      17.250000         0.074066
      17.350000         0.073565
      17.450000         0.073133
      17.550000         0.072826
      17.650000         0.072529
      17.750000         0.072348
      17.850000         0.072287
      17.950000         0.072031
      18.050000         0.071800
      18.150000         0.071579
      18.250000         0.071288
      18.350000         0.070927
      18.450000         0.070588
      18.550000         0.070245
      18.650000         0.069859
      18.750000         0.069410
      18.850000         0.068911
      18.950000         0.068521
      19.050000         0.068046
      19.150000         0.067711
      19.250000         0.067320
      19.350000         0.067129
      19.450000         0.066797
      19.550000         0.066504
      19.650000         0.066053
      19.750000         0.065624
      19.850000         0.065102
      19.950000         0.064763
      20.050000         0.064340
      20.150000         0.063912
      20.250000         0.063669
      20.350000         0.063381
      20.450000         0.063137
      20.550000         0.062759
      20.650000         0.062474
      20.750000         0.062046
      20.850000         0.061661
      20.950000         0.061208
      21.050000         0.060726
      21.150000         0.060195
      21.250000         0.059636
      21.350000         0.059101
      21.450000         0.058610
      21.550000         0.058168
      21.650000         0.057681
      21.750000         0.057271
      21.850000         0.056740
      21.950000         0.056440
      22.050000         0.055982
      22.150000         0.055577
      22.250000         0.055094
      22.350000         0.054816
      22.450000         0.054483
      22.550000         0.054124
      22.650000         0.053838
      22.750000         0.053601
      22.850000         0.053309
      22.950000         0.053075
      23.050000         0.052786
      23.150000         0.052471
      23.250000         0.052177
      23.350000         0.051871
      23.450000         0.051572
      23.550000         0.051218
      23.650000         0.050870
      23.750000         0.050504
      23.850000         0.050159
      23.950000         0.049746
      24.050000         0.049413
      24.150000         0.049052
      24.250000         0.048706
      24.350000         0.048397
      24.450000         0.047990
      24.550000         0.047708
      24.650000         0.047369
      24.750000         0.047135
      24.850000         0.046797
      24.950000         0.046511
      25.050000         0.046233
      25.150000         0.045951
      25.250000         0.045717
      25.350000         0.045443
      25.450000         0.045244
      25.550000         0.044982
      25.650000         0.044759
      25.750000         0.044523
      25.850000         0.044367
      25.950000         0.044139
      26.050000         0.043946
      26.150000         0.043723
      26.250000         0.043572
      26.350000         0.043367
      26.450000         0.043189
      26.550000         0.043025
      26.650000         0.042802
      26.750000         0.042630
      26.850000         0.042416
      26.950000         0.042253
      27.050000         0.042133
      27.150000         0.041878
      27.250000         0.041748
      27.350000         0.041563
      27.450000         0.041377
      27.550000         0.041213
      27.650000         0.041052
      27.750000         0.040873
      27.850000         0.040744
      27.950000         0.040588
      28.050000         0.040406
      28.150000         0.040214
      28.250000         0.040044
      28.350000         0.039888
      28.450000         0.039681
      28.550000         0.039515
      28.650000         0.039316
      28.750000         0.039114
      28.850000         0.038950
      28.950000         0.038773
      29.050000         0.038588
      29.150000         0.038408
      29.250000         0.038263
      29.350000         0.038068
      29.450000         0.037860
      29.550000         0.037738
      29.650000         0.037502
      29.750000         0.037293
      29.850000         0.037119
      29.950000         0.036908
