#Distance_(Ang) :A5,A@N3_=>_:WAT@O
       0.050000           0.000000
       0.150000           0.000000
       0.250000           0.000000
       0.350000           0.000000
       0.450000           0.000000
       0.550000           0.000000
       0.650000           0.000000
       0.750000           0.000000
       0.850000           0.000000
       0.950000           0.000000
       1.050000           0.000000
       1.150000           0.000000
       1.250000           0.000000
       1.350000           0.000000
       1.450000           0.000000
       1.550000           0.000000
       1.650000           0.000000
       1.750000           0.000000
       1.850000           0.000000
       1.950000           0.000000
       2.050000           0.000000
       2.150000           0.000000
       2.250000           0.000000
       2.350000           0.000000
       2.450000           0.000001
       2.550000           0.000217
       2.650000           0.002981
       2.750000           0.009894
       2.850000           0.014370
       2.950000           0.013671
       3.050000           0.011170
       3.150000           0.009207
       3.250000           0.008213
       3.350000           0.007921
       3.450000           0.008032
       3.550000           0.008303
       3.650000           0.008678
       3.750000           0.009067
       3.850000           0.009455
       3.950000           0.009860
       4.050000           0.010293
       4.150000           0.010800
       4.250000           0.011430
       4.350000           0.012167
       4.450000           0.012936
       4.550000           0.013609
       4.650000           0.014022
       4.750000           0.014124
       4.850000           0.013941
       4.950000           0.013537
       5.050000           0.013018
       5.150000           0.012594
       5.250000           0.012357
       5.350000           0.012369
       5.450000           0.012616
       5.550000           0.013018
       5.650000           0.013554
       5.750000           0.014268
       5.850000           0.014981
       5.950000           0.015595
       6.050000           0.016166
       6.150000           0.016800
       6.250000           0.017360
       6.350000           0.017707
       6.450000           0.017800
       6.550000           0.017816
       6.650000           0.017891
       6.750000           0.018079
       6.850000           0.018275
       6.950000           0.018455
       7.050000           0.018560
       7.150000           0.018627
       7.250000           0.018668
       7.350000           0.018715
       7.450000           0.018766
       7.550000           0.018828
       7.650000           0.018878
       7.750000           0.018946
       7.850000           0.019015
       7.950000           0.019121
       8.050000           0.019246
       8.150000           0.019404
       8.250000           0.019564
       8.350000           0.019735
       8.450000           0.019914
       8.550000           0.020097
       8.650000           0.020281
       8.750000           0.020442
       8.850000           0.020594
       8.950000           0.020720
       9.050000           0.020848
       9.150000           0.020978
       9.250000           0.021096
       9.350000           0.021244
       9.450000           0.021387
       9.550000           0.021553
       9.650000           0.021723
       9.750000           0.021862
       9.850000           0.022004
       9.950000           0.022139
      10.050000           0.022232
      10.150000           0.022334
      10.250000           0.022412
      10.350000           0.022507
      10.450000           0.022589
      10.550000           0.022660
      10.650000           0.022732
      10.750000           0.022809
      10.850000           0.022893
      10.950000           0.022962
      11.050000           0.023020
      11.150000           0.023064
      11.250000           0.023110
      11.350000           0.023156
      11.450000           0.023192
      11.550000           0.023217
      11.650000           0.023266
      11.750000           0.023313
      11.850000           0.023367
      11.950000           0.023449
      12.050000           0.023531
      12.150000           0.023618
      12.250000           0.023699
      12.350000           0.023781
      12.450000           0.023869
      12.550000           0.023937
      12.650000           0.024009
      12.750000           0.024070
      12.850000           0.024134
      12.950000           0.024200
      13.050000           0.024256
      13.150000           0.024309
      13.250000           0.024354
      13.350000           0.024400
      13.450000           0.024446
      13.550000           0.024490
      13.650000           0.024544
      13.750000           0.024599
      13.850000           0.024649
      13.950000           0.024709
      14.050000           0.024784
      14.150000           0.024849
      14.250000           0.024914
      14.350000           0.024984
      14.450000           0.025059
      14.550000           0.025140
      14.650000           0.025212
      14.750000           0.025278
      14.850000           0.025348
      14.950000           0.025430
      15.050000           0.025488
      15.150000           0.025563
      15.250000           0.025633
      15.350000           0.025710
      15.450000           0.025780
      15.550000           0.025846
      15.650000           0.025923
      15.750000           0.025993
      15.850000           0.026069
      15.950000           0.026139
      16.050000           0.026204
      16.150000           0.026287
      16.250000           0.026362
      16.350000           0.026442
      16.450000           0.026511
      16.550000           0.026583
      16.650000           0.026663
      16.750000           0.026736
      16.850000           0.026802
      16.950000           0.026876
      17.050000           0.026941
      17.150000           0.027009
      17.250000           0.027067
      17.350000           0.027126
      17.450000           0.027189
      17.550000           0.027242
      17.650000           0.027298
      17.750000           0.027360
      17.850000           0.027411
      17.950000           0.027466
      18.050000           0.027520
      18.150000           0.027574
      18.250000           0.027627
      18.350000           0.027681
      18.450000           0.027737
      18.550000           0.027790
      18.650000           0.027841
      18.750000           0.027891
      18.850000           0.027948
      18.950000           0.028000
      19.050000           0.028047
      19.150000           0.028102
      19.250000           0.028156
      19.350000           0.028212
      19.450000           0.028270
      19.550000           0.028320
      19.650000           0.028373
      19.750000           0.028427
      19.850000           0.028475
      19.950000           0.028530
      20.050000           0.028577
      20.150000           0.028625
      20.250000           0.028674
      20.350000           0.028715
      20.450000           0.028768
      20.550000           0.028806
      20.650000           0.028847
      20.750000           0.028882
      20.850000           0.028920
      20.950000           0.028961
      21.050000           0.028997
      21.150000           0.029036
      21.250000           0.029072
      21.350000           0.029101
      21.450000           0.029140
      21.550000           0.029175
      21.650000           0.029209
      21.750000           0.029245
      21.850000           0.029272
      21.950000           0.029311
      22.050000           0.029339
      22.150000           0.029375
      22.250000           0.029406
      22.350000           0.029433
      22.450000           0.029472
      22.550000           0.029504
      22.650000           0.029534
      22.750000           0.029557
      22.850000           0.029586
      22.950000           0.029620
      23.050000           0.029652
      23.150000           0.029675
      23.250000           0.029710
      23.350000           0.029736
      23.450000           0.029767
      23.550000           0.029790
      23.650000           0.029824
      23.750000           0.029848
      23.850000           0.029883
      23.950000           0.029913
      24.050000           0.029940
      24.150000           0.029969
      24.250000           0.029992
      24.350000           0.030025
      24.450000           0.030054
      24.550000           0.030079
      24.650000           0.030111
      24.750000           0.030140
      24.850000           0.030163
      24.950000           0.030195
      25.050000           0.030225
      25.150000           0.030250
      25.250000           0.030276
      25.350000           0.030301
      25.450000           0.030326
      25.550000           0.030349
      25.650000           0.030373
      25.750000           0.030397
      25.850000           0.030416
      25.950000           0.030436
      26.050000           0.030450
      26.150000           0.030465
      26.250000           0.030483
      26.350000           0.030504
      26.450000           0.030515
      26.550000           0.030531
      26.650000           0.030549
      26.750000           0.030562
      26.850000           0.030582
      26.950000           0.030598
      27.050000           0.030617
      27.150000           0.030635
      27.250000           0.030650
      27.350000           0.030671
      27.450000           0.030689
      27.550000           0.030705
      27.650000           0.030729
      27.750000           0.030744
      27.850000           0.030761
      27.950000           0.030774
      28.050000           0.030791
      28.150000           0.030805
      28.250000           0.030824
      28.350000           0.030835
      28.450000           0.030854
      28.550000           0.030859
      28.650000           0.030872
      28.750000           0.030887
      28.850000           0.030895
      28.950000           0.030908
      29.050000           0.030921
      29.150000           0.030929
      29.250000           0.030943
      29.350000           0.030954
      29.450000           0.030964
      29.550000           0.030975
      29.650000           0.030988
      29.750000           0.031000
      29.850000           0.031009
      29.950000           0.031016
