#Distance_(Ang) :U,U3@O2_=>_:WAT@O
       0.050000           0.000000
       0.150000           0.000000
       0.250000           0.000000
       0.350000           0.000000
       0.450000           0.000000
       0.550000           0.000000
       0.650000           0.000000
       0.750000           0.000000
       0.850000           0.000000
       0.950000           0.000000
       1.050000           0.000000
       1.150000           0.000000
       1.250000           0.000000
       1.350000           0.000000
       1.450000           0.000000
       1.550000           0.000000
       1.650000           0.000000
       1.750000           0.000000
       1.850000           0.000000
       1.950000           0.000000
       2.050000           0.000000
       2.150000           0.000000
       2.250000           0.000000
       2.350000           0.000002
       2.450000           0.000383
       2.550000           0.005535
       2.650000           0.017389
       2.750000           0.023186
       2.850000           0.020633
       2.950000           0.016796
       3.050000           0.014711
       3.150000           0.014193
       3.250000           0.014422
       3.350000           0.014852
       3.450000           0.015192
       3.550000           0.015351
       3.650000           0.015252
       3.750000           0.014934
       3.850000           0.014437
       3.950000           0.013839
       4.050000           0.013191
       4.150000           0.012580
       4.250000           0.012062
       4.350000           0.011641
       4.450000           0.011336
       4.550000           0.011183
       4.650000           0.011150
       4.750000           0.011230
       4.850000           0.011418
       4.950000           0.011707
       5.050000           0.012075
       5.150000           0.012504
       5.250000           0.012920
       5.350000           0.013206
       5.450000           0.013404
       5.550000           0.013546
       5.650000           0.013717
       5.750000           0.013917
       5.850000           0.014211
       5.950000           0.014526
       6.050000           0.014868
       6.150000           0.015209
       6.250000           0.015535
       6.350000           0.015854
       6.450000           0.016163
       6.550000           0.016470
       6.650000           0.016845
       6.750000           0.017276
       6.850000           0.017702
       6.950000           0.018054
       7.050000           0.018160
       7.150000           0.018024
       7.250000           0.017742
       7.350000           0.017537
       7.450000           0.017451
       7.550000           0.017457
       7.650000           0.017495
       7.750000           0.017558
       7.850000           0.017638
       7.950000           0.017736
       8.050000           0.017865
       8.150000           0.017983
       8.250000           0.018146
       8.350000           0.018298
       8.450000           0.018459
       8.550000           0.018643
       8.650000           0.018811
       8.750000           0.018988
       8.850000           0.019183
       8.950000           0.019391
       9.050000           0.019594
       9.150000           0.019798
       9.250000           0.020021
       9.350000           0.020217
       9.450000           0.020422
       9.550000           0.020610
       9.650000           0.020774
       9.750000           0.020939
       9.850000           0.021101
       9.950000           0.021260
      10.050000           0.021407
      10.150000           0.021572
      10.250000           0.021720
      10.350000           0.021851
      10.450000           0.021980
      10.550000           0.022107
      10.650000           0.022229
      10.750000           0.022323
      10.850000           0.022422
      10.950000           0.022500
      11.050000           0.022555
      11.150000           0.022597
      11.250000           0.022628
      11.350000           0.022665
      11.450000           0.022694
      11.550000           0.022775
      11.650000           0.022847
      11.750000           0.022944
      11.850000           0.023051
      11.950000           0.023186
      12.050000           0.023314
      12.150000           0.023481
      12.250000           0.023625
      12.350000           0.023766
      12.450000           0.023911
      12.550000           0.024051
      12.650000           0.024173
      12.750000           0.024299
      12.850000           0.024425
      12.950000           0.024537
      13.050000           0.024651
      13.150000           0.024733
      13.250000           0.024825
      13.350000           0.024899
      13.450000           0.024959
      13.550000           0.025026
      13.650000           0.025079
      13.750000           0.025124
      13.850000           0.025178
      13.950000           0.025232
      14.050000           0.025280
      14.150000           0.025328
      14.250000           0.025381
      14.350000           0.025444
      14.450000           0.025503
      14.550000           0.025562
      14.650000           0.025622
      14.750000           0.025680
      14.850000           0.025747
      14.950000           0.025798
      15.050000           0.025863
      15.150000           0.025928
      15.250000           0.025988
      15.350000           0.026047
      15.450000           0.026116
      15.550000           0.026180
      15.650000           0.026236
      15.750000           0.026300
      15.850000           0.026369
      15.950000           0.026426
      16.050000           0.026492
      16.150000           0.026554
      16.250000           0.026610
      16.350000           0.026666
      16.450000           0.026714
      16.550000           0.026773
      16.650000           0.026826
      16.750000           0.026874
      16.850000           0.026929
      16.950000           0.026982
      17.050000           0.027041
      17.150000           0.027094
      17.250000           0.027149
      17.350000           0.027198
      17.450000           0.027261
      17.550000           0.027314
      17.650000           0.027367
      17.750000           0.027423
      17.850000           0.027479
      17.950000           0.027533
      18.050000           0.027586
      18.150000           0.027640
      18.250000           0.027692
      18.350000           0.027743
      18.450000           0.027791
      18.550000           0.027842
      18.650000           0.027886
      18.750000           0.027930
      18.850000           0.027974
      18.950000           0.028021
      19.050000           0.028061
      19.150000           0.028114
      19.250000           0.028154
      19.350000           0.028201
      19.450000           0.028243
      19.550000           0.028286
      19.650000           0.028328
      19.750000           0.028373
      19.850000           0.028420
      19.950000           0.028465
      20.050000           0.028511
      20.150000           0.028554
      20.250000           0.028601
      20.350000           0.028646
      20.450000           0.028686
      20.550000           0.028741
      20.650000           0.028783
      20.750000           0.028829
      20.850000           0.028875
      20.950000           0.028925
      21.050000           0.028969
      21.150000           0.029009
      21.250000           0.029051
      21.350000           0.029091
      21.450000           0.029134
      21.550000           0.029171
      21.650000           0.029207
      21.750000           0.029245
      21.850000           0.029281
      21.950000           0.029320
      22.050000           0.029349
      22.150000           0.029388
      22.250000           0.029426
      22.350000           0.029457
      22.450000           0.029487
      22.550000           0.029518
      22.650000           0.029546
      22.750000           0.029578
      22.850000           0.029607
      22.950000           0.029633
      23.050000           0.029659
      23.150000           0.029691
      23.250000           0.029722
      23.350000           0.029746
      23.450000           0.029775
      23.550000           0.029801
      23.650000           0.029834
      23.750000           0.029861
      23.850000           0.029890
      23.950000           0.029915
      24.050000           0.029941
      24.150000           0.029970
      24.250000           0.029993
      24.350000           0.030018
      24.450000           0.030047
      24.550000           0.030073
      24.650000           0.030095
      24.750000           0.030123
      24.850000           0.030146
      24.950000           0.030172
      25.050000           0.030197
      25.150000           0.030217
      25.250000           0.030249
      25.350000           0.030273
      25.450000           0.030297
      25.550000           0.030322
      25.650000           0.030344
      25.750000           0.030368
      25.850000           0.030395
      25.950000           0.030422
      26.050000           0.030443
      26.150000           0.030465
      26.250000           0.030491
      26.350000           0.030513
      26.450000           0.030532
      26.550000           0.030554
      26.650000           0.030576
      26.750000           0.030597
      26.850000           0.030614
      26.950000           0.030634
      27.050000           0.030655
      27.150000           0.030666
      27.250000           0.030687
      27.350000           0.030704
      27.450000           0.030721
      27.550000           0.030736
      27.650000           0.030755
      27.750000           0.030770
      27.850000           0.030790
      27.950000           0.030804
      28.050000           0.030817
      28.150000           0.030830
      28.250000           0.030852
      28.350000           0.030866
      28.450000           0.030878
      28.550000           0.030891
      28.650000           0.030902
      28.750000           0.030916
      28.850000           0.030933
      28.950000           0.030944
      29.050000           0.030955
      29.150000           0.030966
      29.250000           0.030979
      29.350000           0.030992
      29.450000           0.031001
      29.550000           0.031011
      29.650000           0.031021
      29.750000           0.031031
      29.850000           0.031045
      29.950000           0.031054
