#Distance_(Ang) :A5,A@N1_=>_:WAT@O
       0.050000           0.000000
       0.150000           0.000000
       0.250000           0.000000
       0.350000           0.000000
       0.450000           0.000000
       0.550000           0.000000
       0.650000           0.000000
       0.750000           0.000000
       0.850000           0.000000
       0.950000           0.000000
       1.050000           0.000000
       1.150000           0.000000
       1.250000           0.000000
       1.350000           0.000000
       1.450000           0.000000
       1.550000           0.000000
       1.650000           0.000000
       1.750000           0.000000
       1.850000           0.000000
       1.950000           0.000000
       2.050000           0.000000
       2.150000           0.000000
       2.250000           0.000000
       2.350000           0.000000
       2.450000           0.000002
       2.550000           0.000317
       2.650000           0.004028
       2.750000           0.012052
       2.850000           0.015836
       2.950000           0.013869
       3.050000           0.010754
       3.150000           0.008963
       3.250000           0.008538
       3.350000           0.009019
       3.450000           0.009881
       3.550000           0.010866
       3.650000           0.011777
       3.750000           0.012451
       3.850000           0.012870
       3.950000           0.013168
       4.050000           0.013425
       4.150000           0.013743
       4.250000           0.014272
       4.350000           0.014951
       4.450000           0.015704
       4.550000           0.016456
       4.650000           0.017268
       4.750000           0.018243
       4.850000           0.019250
       4.950000           0.019699
       5.050000           0.019109
       5.150000           0.017852
       5.250000           0.016686
       5.350000           0.015920
       5.450000           0.015417
       5.550000           0.015040
       5.650000           0.014761
       5.750000           0.014569
       5.850000           0.014507
       5.950000           0.014562
       6.050000           0.014699
       6.150000           0.014919
       6.250000           0.015190
       6.350000           0.015497
       6.450000           0.015827
       6.550000           0.016190
       6.650000           0.016561
       6.750000           0.016958
       6.850000           0.017360
       6.950000           0.017744
       7.050000           0.018086
       7.150000           0.018375
       7.250000           0.018603
       7.350000           0.018753
       7.450000           0.018848
       7.550000           0.018891
       7.650000           0.018883
       7.750000           0.018832
       7.850000           0.018727
       7.950000           0.018591
       8.050000           0.018469
       8.150000           0.018372
       8.250000           0.018325
       8.350000           0.018335
       8.450000           0.018360
       8.550000           0.018437
       8.650000           0.018508
       8.750000           0.018616
       8.850000           0.018741
       8.950000           0.018896
       9.050000           0.019072
       9.150000           0.019269
       9.250000           0.019469
       9.350000           0.019674
       9.450000           0.019854
       9.550000           0.020048
       9.650000           0.020227
       9.750000           0.020403
       9.850000           0.020589
       9.950000           0.020768
      10.050000           0.020930
      10.150000           0.021103
      10.250000           0.021274
      10.350000           0.021450
      10.450000           0.021602
      10.550000           0.021752
      10.650000           0.021908
      10.750000           0.022035
      10.850000           0.022155
      10.950000           0.022267
      11.050000           0.022388
      11.150000           0.022479
      11.250000           0.022601
      11.350000           0.022714
      11.450000           0.022841
      11.550000           0.022964
      11.650000           0.023074
      11.750000           0.023196
      11.850000           0.023287
      11.950000           0.023396
      12.050000           0.023486
      12.150000           0.023579
      12.250000           0.023656
      12.350000           0.023728
      12.450000           0.023816
      12.550000           0.023876
      12.650000           0.023934
      12.750000           0.023983
      12.850000           0.024032
      12.950000           0.024079
      13.050000           0.024125
      13.150000           0.024177
      13.250000           0.024224
      13.350000           0.024277
      13.450000           0.024333
      13.550000           0.024398
      13.650000           0.024469
      13.750000           0.024546
      13.850000           0.024637
      13.950000           0.024737
      14.050000           0.024835
      14.150000           0.024939
      14.250000           0.025044
      14.350000           0.025135
      14.450000           0.025226
      14.550000           0.025304
      14.650000           0.025389
      14.750000           0.025464
      14.850000           0.025538
      14.950000           0.025603
      15.050000           0.025673
      15.150000           0.025746
      15.250000           0.025800
      15.350000           0.025862
      15.450000           0.025923
      15.550000           0.025994
      15.650000           0.026059
      15.750000           0.026119
      15.850000           0.026187
      15.950000           0.026251
      16.050000           0.026329
      16.150000           0.026399
      16.250000           0.026462
      16.350000           0.026529
      16.450000           0.026599
      16.550000           0.026672
      16.650000           0.026731
      16.750000           0.026800
      16.850000           0.026867
      16.950000           0.026930
      17.050000           0.026993
      17.150000           0.027062
      17.250000           0.027126
      17.350000           0.027187
      17.450000           0.027248
      17.550000           0.027309
      17.650000           0.027374
      17.750000           0.027438
      17.850000           0.027494
      17.950000           0.027545
      18.050000           0.027605
      18.150000           0.027667
      18.250000           0.027725
      18.350000           0.027779
      18.450000           0.027828
      18.550000           0.027889
      18.650000           0.027941
      18.750000           0.027995
      18.850000           0.028052
      18.950000           0.028107
      19.050000           0.028155
      19.150000           0.028212
      19.250000           0.028260
      19.350000           0.028320
      19.450000           0.028369
      19.550000           0.028422
      19.650000           0.028467
      19.750000           0.028518
      19.850000           0.028558
      19.950000           0.028610
      20.050000           0.028646
      20.150000           0.028692
      20.250000           0.028733
      20.350000           0.028770
      20.450000           0.028810
      20.550000           0.028852
      20.650000           0.028889
      20.750000           0.028922
      20.850000           0.028963
      20.950000           0.028994
      21.050000           0.029021
      21.150000           0.029060
      21.250000           0.029093
      21.350000           0.029123
      21.450000           0.029154
      21.550000           0.029185
      21.650000           0.029215
      21.750000           0.029249
      21.850000           0.029283
      21.950000           0.029315
      22.050000           0.029344
      22.150000           0.029384
      22.250000           0.029419
      22.350000           0.029454
      22.450000           0.029485
      22.550000           0.029524
      22.650000           0.029562
      22.750000           0.029593
      22.850000           0.029627
      22.950000           0.029664
      23.050000           0.029700
      23.150000           0.029728
      23.250000           0.029764
      23.350000           0.029797
      23.450000           0.029824
      23.550000           0.029856
      23.650000           0.029886
      23.750000           0.029918
      23.850000           0.029941
      23.950000           0.029974
      24.050000           0.029995
      24.150000           0.030024
      24.250000           0.030048
      24.350000           0.030070
      24.450000           0.030098
      24.550000           0.030128
      24.650000           0.030148
      24.750000           0.030177
      24.850000           0.030200
      24.950000           0.030222
      25.050000           0.030242
      25.150000           0.030271
      25.250000           0.030288
      25.350000           0.030313
      25.450000           0.030341
      25.550000           0.030361
      25.650000           0.030384
      25.750000           0.030409
      25.850000           0.030430
      25.950000           0.030452
      26.050000           0.030477
      26.150000           0.030500
      26.250000           0.030521
      26.350000           0.030542
      26.450000           0.030566
      26.550000           0.030588
      26.650000           0.030604
      26.750000           0.030626
      26.850000           0.030646
      26.950000           0.030668
      27.050000           0.030682
      27.150000           0.030696
      27.250000           0.030718
      27.350000           0.030731
      27.450000           0.030751
      27.550000           0.030768
      27.650000           0.030783
      27.750000           0.030792
      27.850000           0.030805
      27.950000           0.030820
      28.050000           0.030835
      28.150000           0.030845
      28.250000           0.030853
      28.350000           0.030874
      28.450000           0.030881
      28.550000           0.030897
      28.650000           0.030906
      28.750000           0.030918
      28.850000           0.030928
      28.950000           0.030942
      29.050000           0.030954
      29.150000           0.030968
      29.250000           0.030978
      29.350000           0.030985
      29.450000           0.030998
      29.550000           0.031009
      29.650000           0.031017
      29.750000           0.031026
      29.850000           0.031041
      29.950000           0.031047
