#Distance_(Ang) :U,U3@O4_=>_:WAT@O
       0.050000           0.000000
       0.150000           0.000000
       0.250000           0.000000
       0.350000           0.000000
       0.450000           0.000000
       0.550000           0.000000
       0.650000           0.000000
       0.750000           0.000000
       0.850000           0.000000
       0.950000           0.000000
       1.050000           0.000000
       1.150000           0.000000
       1.250000           0.000000
       1.350000           0.000000
       1.450000           0.000000
       1.550000           0.000000
       1.650000           0.000000
       1.750000           0.000000
       1.850000           0.000000
       1.950000           0.000000
       2.050000           0.000000
       2.150000           0.000000
       2.250000           0.000000
       2.350000           0.000003
       2.450000           0.000664
       2.550000           0.009092
       2.650000           0.027257
       2.750000           0.034922
       2.850000           0.029743
       2.950000           0.022841
       3.050000           0.018840
       3.150000           0.017346
       3.250000           0.017152
       3.350000           0.017332
       3.450000           0.017571
       3.550000           0.017654
       3.650000           0.017564
       3.750000           0.017272
       3.850000           0.016848
       3.950000           0.016340
       4.050000           0.015865
       4.150000           0.015416
       4.250000           0.015088
       4.350000           0.014868
       4.450000           0.014750
       4.550000           0.014747
       4.650000           0.014852
       4.750000           0.015077
       4.850000           0.015406
       4.950000           0.015874
       5.050000           0.016352
       5.150000           0.016795
       5.250000           0.017095
       5.350000           0.017225
       5.450000           0.017172
       5.550000           0.017043
       5.650000           0.016938
       5.750000           0.016892
       5.850000           0.016900
       5.950000           0.016939
       6.050000           0.016972
       6.150000           0.017013
       6.250000           0.017035
       6.350000           0.017058
       6.450000           0.017059
       6.550000           0.017072
       6.650000           0.017132
       6.750000           0.017179
       6.850000           0.017287
       6.950000           0.017445
       7.050000           0.017620
       7.150000           0.017730
       7.250000           0.017691
       7.350000           0.017618
       7.450000           0.017580
       7.550000           0.017633
       7.650000           0.017718
       7.750000           0.017834
       7.850000           0.017952
       7.950000           0.018085
       8.050000           0.018207
       8.150000           0.018322
       8.250000           0.018469
       8.350000           0.018609
       8.450000           0.018728
       8.550000           0.018872
       8.650000           0.019000
       8.750000           0.019136
       8.850000           0.019253
       8.950000           0.019369
       9.050000           0.019477
       9.150000           0.019576
       9.250000           0.019673
       9.350000           0.019778
       9.450000           0.019869
       9.550000           0.019979
       9.650000           0.020084
       9.750000           0.020196
       9.850000           0.020332
       9.950000           0.020478
      10.050000           0.020634
      10.150000           0.020810
      10.250000           0.021006
      10.350000           0.021246
      10.450000           0.021469
      10.550000           0.021699
      10.650000           0.021909
      10.750000           0.022083
      10.850000           0.022224
      10.950000           0.022351
      11.050000           0.022434
      11.150000           0.022515
      11.250000           0.022583
      11.350000           0.022640
      11.450000           0.022696
      11.550000           0.022741
      11.650000           0.022797
      11.750000           0.022842
      11.850000           0.022908
      11.950000           0.022983
      12.050000           0.023059
      12.150000           0.023154
      12.250000           0.023246
      12.350000           0.023366
      12.450000           0.023478
      12.550000           0.023591
      12.650000           0.023712
      12.750000           0.023831
      12.850000           0.023939
      12.950000           0.024056
      13.050000           0.024168
      13.150000           0.024281
      13.250000           0.024393
      13.350000           0.024503
      13.450000           0.024614
      13.550000           0.024735
      13.650000           0.024841
      13.750000           0.024952
      13.850000           0.025046
      13.950000           0.025144
      14.050000           0.025238
      14.150000           0.025333
      14.250000           0.025417
      14.350000           0.025505
      14.450000           0.025583
      14.550000           0.025663
      14.650000           0.025741
      14.750000           0.025822
      14.850000           0.025897
      14.950000           0.025968
      15.050000           0.026040
      15.150000           0.026113
      15.250000           0.026184
      15.350000           0.026253
      15.450000           0.026317
      15.550000           0.026394
      15.650000           0.026458
      15.750000           0.026523
      15.850000           0.026598
      15.950000           0.026657
      16.050000           0.026723
      16.150000           0.026797
      16.250000           0.026861
      16.350000           0.026920
      16.450000           0.026978
      16.550000           0.027028
      16.650000           0.027073
      16.750000           0.027122
      16.850000           0.027159
      16.950000           0.027201
      17.050000           0.027245
      17.150000           0.027280
      17.250000           0.027314
      17.350000           0.027360
      17.450000           0.027402
      17.550000           0.027449
      17.650000           0.027498
      17.750000           0.027539
      17.850000           0.027591
      17.950000           0.027639
      18.050000           0.027692
      18.150000           0.027740
      18.250000           0.027786
      18.350000           0.027830
      18.450000           0.027883
      18.550000           0.027930
      18.650000           0.027975
      18.750000           0.028024
      18.850000           0.028078
      18.950000           0.028123
      19.050000           0.028161
      19.150000           0.028212
      19.250000           0.028258
      19.350000           0.028295
      19.450000           0.028341
      19.550000           0.028381
      19.650000           0.028423
      19.750000           0.028465
      19.850000           0.028505
      19.950000           0.028546
      20.050000           0.028590
      20.150000           0.028640
      20.250000           0.028676
      20.350000           0.028723
      20.450000           0.028770
      20.550000           0.028807
      20.650000           0.028850
      20.750000           0.028895
      20.850000           0.028930
      20.950000           0.028979
      21.050000           0.029019
      21.150000           0.029055
      21.250000           0.029092
      21.350000           0.029136
      21.450000           0.029173
      21.550000           0.029211
      21.650000           0.029248
      21.750000           0.029283
      21.850000           0.029320
      21.950000           0.029346
      22.050000           0.029382
      22.150000           0.029410
      22.250000           0.029446
      22.350000           0.029473
      22.450000           0.029504
      22.550000           0.029537
      22.650000           0.029562
      22.750000           0.029595
      22.850000           0.029625
      22.950000           0.029653
      23.050000           0.029688
      23.150000           0.029718
      23.250000           0.029747
      23.350000           0.029782
      23.450000           0.029814
      23.550000           0.029845
      23.650000           0.029870
      23.750000           0.029898
      23.850000           0.029934
      23.950000           0.029967
      24.050000           0.029995
      24.150000           0.030025
      24.250000           0.030055
      24.350000           0.030080
      24.450000           0.030109
      24.550000           0.030140
      24.650000           0.030165
      24.750000           0.030194
      24.850000           0.030220
      24.950000           0.030246
      25.050000           0.030269
      25.150000           0.030295
      25.250000           0.030322
      25.350000           0.030343
      25.450000           0.030366
      25.550000           0.030388
      25.650000           0.030410
      25.750000           0.030429
      25.850000           0.030452
      25.950000           0.030471
      26.050000           0.030495
      26.150000           0.030513
      26.250000           0.030529
      26.350000           0.030546
      26.450000           0.030565
      26.550000           0.030582
      26.650000           0.030596
      26.750000           0.030617
      26.850000           0.030639
      26.950000           0.030652
      27.050000           0.030671
      27.150000           0.030686
      27.250000           0.030701
      27.350000           0.030719
      27.450000           0.030739
      27.550000           0.030755
      27.650000           0.030769
      27.750000           0.030787
      27.850000           0.030801
      27.950000           0.030817
      28.050000           0.030834
      28.150000           0.030846
      28.250000           0.030864
      28.350000           0.030874
      28.450000           0.030887
      28.550000           0.030902
      28.650000           0.030913
      28.750000           0.030924
      28.850000           0.030934
      28.950000           0.030950
      29.050000           0.030961
      29.150000           0.030975
      29.250000           0.030983
      29.350000           0.030993
      29.450000           0.031001
      29.550000           0.031016
      29.650000           0.031025
      29.750000           0.031036
      29.850000           0.031046
      29.950000           0.031051
