#Distance_(Ang) :A5,A@N7_=>_:WAT@O
       0.050000           0.000000
       0.150000           0.000000
       0.250000           0.000000
       0.350000           0.000000
       0.450000           0.000000
       0.550000           0.000000
       0.650000           0.000000
       0.750000           0.000000
       0.850000           0.000000
       0.950000           0.000000
       1.050000           0.000000
       1.150000           0.000000
       1.250000           0.000000
       1.350000           0.000000
       1.450000           0.000000
       1.550000           0.000000
       1.650000           0.000000
       1.750000           0.000000
       1.850000           0.000000
       1.950000           0.000000
       2.050000           0.000000
       2.150000           0.000000
       2.250000           0.000000
       2.350000           0.000000
       2.450000           0.000003
       2.550000           0.000416
       2.650000           0.005329
       2.750000           0.016260
       2.850000           0.021573
       2.950000           0.018886
       3.050000           0.014544
       3.150000           0.011951
       3.250000           0.011204
       3.350000           0.011494
       3.450000           0.012163
       3.550000           0.012746
       3.650000           0.013102
       3.750000           0.013147
       3.850000           0.012932
       3.950000           0.012586
       4.050000           0.012161
       4.150000           0.011700
       4.250000           0.011279
       4.350000           0.010893
       4.450000           0.010566
       4.550000           0.010270
       4.650000           0.010009
       4.750000           0.009848
       4.850000           0.009821
       4.950000           0.009943
       5.050000           0.010214
       5.150000           0.010624
       5.250000           0.011170
       5.350000           0.011802
       5.450000           0.012362
       5.550000           0.012896
       5.650000           0.013453
       5.750000           0.014258
       5.850000           0.015431
       5.950000           0.016757
       6.050000           0.017572
       6.150000           0.017671
       6.250000           0.017427
       6.350000           0.017162
       6.450000           0.016932
       6.550000           0.016699
       6.650000           0.016539
       6.750000           0.016505
       6.850000           0.016597
       6.950000           0.016762
       7.050000           0.016967
       7.150000           0.017189
       7.250000           0.017420
       7.350000           0.017641
       7.450000           0.017872
       7.550000           0.018093
       7.650000           0.018320
       7.750000           0.018559
       7.850000           0.018839
       7.950000           0.019150
       8.050000           0.019445
       8.150000           0.019745
       8.250000           0.019997
       8.350000           0.020214
       8.450000           0.020372
       8.550000           0.020487
       8.650000           0.020565
       8.750000           0.020594
       8.850000           0.020624
       8.950000           0.020628
       9.050000           0.020626
       9.150000           0.020644
       9.250000           0.020658
       9.350000           0.020682
       9.450000           0.020742
       9.550000           0.020818
       9.650000           0.020905
       9.750000           0.021021
       9.850000           0.021132
       9.950000           0.021264
      10.050000           0.021383
      10.150000           0.021503
      10.250000           0.021607
      10.350000           0.021719
      10.450000           0.021815
      10.550000           0.021914
      10.650000           0.022002
      10.750000           0.022072
      10.850000           0.022138
      10.950000           0.022205
      11.050000           0.022286
      11.150000           0.022359
      11.250000           0.022446
      11.350000           0.022551
      11.450000           0.022622
      11.550000           0.022701
      11.650000           0.022779
      11.750000           0.022837
      11.850000           0.022907
      11.950000           0.022972
      12.050000           0.023043
      12.150000           0.023111
      12.250000           0.023198
      12.350000           0.023281
      12.450000           0.023369
      12.550000           0.023452
      12.650000           0.023525
      12.750000           0.023607
      12.850000           0.023675
      12.950000           0.023750
      13.050000           0.023814
      13.150000           0.023875
      13.250000           0.023943
      13.350000           0.024009
      13.450000           0.024081
      13.550000           0.024154
      13.650000           0.024235
      13.750000           0.024324
      13.850000           0.024407
      13.950000           0.024498
      14.050000           0.024587
      14.150000           0.024680
      14.250000           0.024767
      14.350000           0.024853
      14.450000           0.024951
      14.550000           0.025036
      14.650000           0.025121
      14.750000           0.025211
      14.850000           0.025284
      14.950000           0.025374
      15.050000           0.025447
      15.150000           0.025526
      15.250000           0.025597
      15.350000           0.025665
      15.450000           0.025744
      15.550000           0.025801
      15.650000           0.025868
      15.750000           0.025941
      15.850000           0.026004
      15.950000           0.026070
      16.050000           0.026145
      16.150000           0.026211
      16.250000           0.026282
      16.350000           0.026354
      16.450000           0.026430
      16.550000           0.026512
      16.650000           0.026586
      16.750000           0.026678
      16.850000           0.026748
      16.950000           0.026830
      17.050000           0.026903
      17.150000           0.026982
      17.250000           0.027045
      17.350000           0.027115
      17.450000           0.027176
      17.550000           0.027239
      17.650000           0.027302
      17.750000           0.027356
      17.850000           0.027417
      17.950000           0.027474
      18.050000           0.027530
      18.150000           0.027582
      18.250000           0.027641
      18.350000           0.027699
      18.450000           0.027753
      18.550000           0.027815
      18.650000           0.027879
      18.750000           0.027936
      18.850000           0.027995
      18.950000           0.028058
      19.050000           0.028117
      19.150000           0.028173
      19.250000           0.028230
      19.350000           0.028282
      19.450000           0.028335
      19.550000           0.028390
      19.650000           0.028436
      19.750000           0.028472
      19.850000           0.028520
      19.950000           0.028568
      20.050000           0.028610
      20.150000           0.028644
      20.250000           0.028691
      20.350000           0.028724
      20.450000           0.028760
      20.550000           0.028799
      20.650000           0.028838
      20.750000           0.028875
      20.850000           0.028910
      20.950000           0.028944
      21.050000           0.028992
      21.150000           0.029023
      21.250000           0.029063
      21.350000           0.029105
      21.450000           0.029148
      21.550000           0.029184
      21.650000           0.029221
      21.750000           0.029260
      21.850000           0.029292
      21.950000           0.029330
      22.050000           0.029370
      22.150000           0.029400
      22.250000           0.029430
      22.350000           0.029468
      22.450000           0.029510
      22.550000           0.029539
      22.650000           0.029570
      22.750000           0.029601
      22.850000           0.029635
      22.950000           0.029671
      23.050000           0.029704
      23.150000           0.029733
      23.250000           0.029765
      23.350000           0.029797
      23.450000           0.029822
      23.550000           0.029856
      23.650000           0.029889
      23.750000           0.029914
      23.850000           0.029946
      23.950000           0.029975
      24.050000           0.030008
      24.150000           0.030029
      24.250000           0.030057
      24.350000           0.030082
      24.450000           0.030111
      24.550000           0.030140
      24.650000           0.030158
      24.750000           0.030189
      24.850000           0.030216
      24.950000           0.030238
      25.050000           0.030266
      25.150000           0.030291
      25.250000           0.030314
      25.350000           0.030337
      25.450000           0.030364
      25.550000           0.030385
      25.650000           0.030411
      25.750000           0.030428
      25.850000           0.030453
      25.950000           0.030472
      26.050000           0.030492
      26.150000           0.030512
      26.250000           0.030532
      26.350000           0.030550
      26.450000           0.030565
      26.550000           0.030587
      26.650000           0.030599
      26.750000           0.030613
      26.850000           0.030631
      26.950000           0.030642
      27.050000           0.030657
      27.150000           0.030670
      27.250000           0.030684
      27.350000           0.030696
      27.450000           0.030707
      27.550000           0.030722
      27.650000           0.030733
      27.750000           0.030746
      27.850000           0.030762
      27.950000           0.030777
      28.050000           0.030790
      28.150000           0.030804
      28.250000           0.030814
      28.350000           0.030835
      28.450000           0.030854
      28.550000           0.030860
      28.650000           0.030881
      28.750000           0.030892
      28.850000           0.030906
      28.950000           0.030922
      29.050000           0.030938
      29.150000           0.030953
      29.250000           0.030967
      29.350000           0.030983
      29.450000           0.030997
      29.550000           0.031011
      29.650000           0.031021
      29.750000           0.031038
      29.850000           0.031048
      29.950000           0.031062
