#Distance_(Ang) :U3,U@N3_=>_:WAT@O
       0.050000           0.000000
       0.150000           0.000000
       0.250000           0.000000
       0.350000           0.000000
       0.450000           0.000000
       0.550000           0.000000
       0.650000           0.000000
       0.750000           0.000000
       0.850000           0.000000
       0.950000           0.000000
       1.050000           0.000000
       1.150000           0.000000
       1.250000           0.000000
       1.350000           0.000000
       1.450000           0.000000
       1.550000           0.000000
       1.650000           0.000000
       1.750000           0.000000
       1.850000           0.000000
       1.950000           0.000000
       2.050000           0.000000
       2.150000           0.000000
       2.250000           0.000000
       2.350000           0.000000
       2.450000           0.000000
       2.550000           0.000003
       2.650000           0.000333
       2.750000           0.003903
       2.850000           0.010716
       2.950000           0.013612
       3.050000           0.012657
       3.150000           0.011249
       3.250000           0.010561
       3.350000           0.010398
       3.450000           0.010613
       3.550000           0.010954
       3.650000           0.011413
       3.750000           0.011898
       3.850000           0.012363
       3.950000           0.012852
       4.050000           0.013287
       4.150000           0.013717
       4.250000           0.014161
       4.350000           0.014619
       4.450000           0.015138
       4.550000           0.015868
       4.650000           0.016883
       4.750000           0.017933
       4.850000           0.018300
       4.950000           0.017484
       5.050000           0.016107
       5.150000           0.015061
       5.250000           0.014604
       5.350000           0.014631
       5.450000           0.014964
       5.550000           0.015497
       5.650000           0.016095
       5.750000           0.016581
       5.850000           0.016864
       5.950000           0.016936
       6.050000           0.016908
       6.150000           0.016817
       6.250000           0.016705
       6.350000           0.016610
       6.450000           0.016554
       6.550000           0.016509
       6.650000           0.016493
       6.750000           0.016475
       6.850000           0.016459
       6.950000           0.016447
       7.050000           0.016430
       7.150000           0.016444
       7.250000           0.016470
       7.350000           0.016496
       7.450000           0.016561
       7.550000           0.016642
       7.650000           0.016744
       7.750000           0.016883
       7.850000           0.017083
       7.950000           0.017305
       8.050000           0.017542
       8.150000           0.017787
       8.250000           0.018031
       8.350000           0.018273
       8.450000           0.018515
       8.550000           0.018760
       8.650000           0.019005
       8.750000           0.019269
       8.850000           0.019539
       8.950000           0.019792
       9.050000           0.020041
       9.150000           0.020237
       9.250000           0.020397
       9.350000           0.020526
       9.450000           0.020651
       9.550000           0.020740
       9.650000           0.020843
       9.750000           0.020926
       9.850000           0.021006
       9.950000           0.021073
      10.050000           0.021128
      10.150000           0.021178
      10.250000           0.021249
      10.350000           0.021309
      10.450000           0.021394
      10.550000           0.021506
      10.650000           0.021623
      10.750000           0.021765
      10.850000           0.021910
      10.950000           0.022058
      11.050000           0.022212
      11.150000           0.022364
      11.250000           0.022514
      11.350000           0.022656
      11.450000           0.022785
      11.550000           0.022899
      11.650000           0.022978
      11.750000           0.023060
      11.850000           0.023126
      11.950000           0.023203
      12.050000           0.023302
      12.150000           0.023414
      12.250000           0.023513
      12.350000           0.023628
      12.450000           0.023739
      12.550000           0.023837
      12.650000           0.023937
      12.750000           0.024026
      12.850000           0.024132
      12.950000           0.024237
      13.050000           0.024325
      13.150000           0.024421
      13.250000           0.024521
      13.350000           0.024617
      13.450000           0.024702
      13.550000           0.024788
      13.650000           0.024876
      13.750000           0.024960
      13.850000           0.025044
      13.950000           0.025121
      14.050000           0.025205
      14.150000           0.025278
      14.250000           0.025352
      14.350000           0.025423
      14.450000           0.025490
      14.550000           0.025558
      14.650000           0.025627
      14.750000           0.025701
      14.850000           0.025775
      14.950000           0.025846
      15.050000           0.025917
      15.150000           0.025988
      15.250000           0.026054
      15.350000           0.026121
      15.450000           0.026180
      15.550000           0.026246
      15.650000           0.026303
      15.750000           0.026370
      15.850000           0.026414
      15.950000           0.026479
      16.050000           0.026534
      16.150000           0.026585
      16.250000           0.026655
      16.350000           0.026709
      16.450000           0.026769
      16.550000           0.026828
      16.650000           0.026887
      16.750000           0.026945
      16.850000           0.027000
      16.950000           0.027056
      17.050000           0.027113
      17.150000           0.027156
      17.250000           0.027212
      17.350000           0.027261
      17.450000           0.027309
      17.550000           0.027358
      17.650000           0.027406
      17.750000           0.027451
      17.850000           0.027501
      17.950000           0.027555
      18.050000           0.027605
      18.150000           0.027659
      18.250000           0.027718
      18.350000           0.027759
      18.450000           0.027817
      18.550000           0.027871
      18.650000           0.027920
      18.750000           0.027968
      18.850000           0.028012
      18.950000           0.028060
      19.050000           0.028114
      19.150000           0.028159
      19.250000           0.028209
      19.350000           0.028258
      19.450000           0.028298
      19.550000           0.028341
      19.650000           0.028384
      19.750000           0.028429
      19.850000           0.028475
      19.950000           0.028514
      20.050000           0.028555
      20.150000           0.028600
      20.250000           0.028639
      20.350000           0.028682
      20.450000           0.028720
      20.550000           0.028759
      20.650000           0.028799
      20.750000           0.028840
      20.850000           0.028875
      20.950000           0.028925
      21.050000           0.028965
      21.150000           0.029001
      21.250000           0.029043
      21.350000           0.029088
      21.450000           0.029127
      21.550000           0.029160
      21.650000           0.029204
      21.750000           0.029244
      21.850000           0.029279
      21.950000           0.029320
      22.050000           0.029359
      22.150000           0.029395
      22.250000           0.029439
      22.350000           0.029481
      22.450000           0.029510
      22.550000           0.029546
      22.650000           0.029586
      22.750000           0.029619
      22.850000           0.029656
      22.950000           0.029687
      23.050000           0.029723
      23.150000           0.029748
      23.250000           0.029784
      23.350000           0.029813
      23.450000           0.029841
      23.550000           0.029876
      23.650000           0.029900
      23.750000           0.029928
      23.850000           0.029958
      23.950000           0.029982
      24.050000           0.030012
      24.150000           0.030035
      24.250000           0.030059
      24.350000           0.030087
      24.450000           0.030109
      24.550000           0.030132
      24.650000           0.030159
      24.750000           0.030181
      24.850000           0.030202
      24.950000           0.030226
      25.050000           0.030251
      25.150000           0.030269
      25.250000           0.030293
      25.350000           0.030314
      25.450000           0.030340
      25.550000           0.030360
      25.650000           0.030385
      25.750000           0.030409
      25.850000           0.030433
      25.950000           0.030453
      26.050000           0.030478
      26.150000           0.030502
      26.250000           0.030524
      26.350000           0.030548
      26.450000           0.030573
      26.550000           0.030595
      26.650000           0.030615
      26.750000           0.030636
      26.850000           0.030655
      26.950000           0.030679
      27.050000           0.030692
      27.150000           0.030711
      27.250000           0.030725
      27.350000           0.030743
      27.450000           0.030755
      27.550000           0.030768
      27.650000           0.030785
      27.750000           0.030794
      27.850000           0.030808
      27.950000           0.030822
      28.050000           0.030832
      28.150000           0.030846
      28.250000           0.030857
      28.350000           0.030870
      28.450000           0.030884
      28.550000           0.030892
      28.650000           0.030906
      28.750000           0.030918
      28.850000           0.030929
      28.950000           0.030939
      29.050000           0.030956
      29.150000           0.030964
      29.250000           0.030977
      29.350000           0.030987
      29.450000           0.031001
      29.550000           0.031008
      29.650000           0.031020
      29.750000           0.031030
      29.850000           0.031042
      29.950000           0.031053
