#Distance_(Ang) :A,A3,U,U3@P_=>_:WAT@O
       0.050000               0.000000
       0.150000               0.000000
       0.250000               0.000000
       0.350000               0.000000
       0.450000               0.000000
       0.550000               0.000000
       0.650000               0.000000
       0.750000               0.000000
       0.850000               0.000000
       0.950000               0.000000
       1.050000               0.000000
       1.150000               0.000000
       1.250000               0.000000
       1.350000               0.000000
       1.450000               0.000000
       1.550000               0.000000
       1.650000               0.000000
       1.750000               0.000000
       1.850000               0.000000
       1.950000               0.000000
       2.050000               0.000000
       2.150000               0.000000
       2.250000               0.000000
       2.350000               0.000000
       2.450000               0.000000
       2.550000               0.000000
       2.650000               0.000000
       2.750000               0.000000
       2.850000               0.000000
       2.950000               0.000016
       3.050000               0.000289
       3.150000               0.002018
       3.250000               0.007427
       3.350000               0.017474
       3.450000               0.029309
       3.550000               0.038105
       3.650000               0.041878
       3.750000               0.042207
       3.850000               0.040538
       3.950000               0.035921
       4.050000               0.027738
       4.150000               0.019118
       4.250000               0.013525
       4.350000               0.011064
       4.450000               0.010400
       4.550000               0.010582
       4.650000               0.011145
       4.750000               0.011901
       4.850000               0.012791
       4.950000               0.013764
       5.050000               0.014783
       5.150000               0.015759
       5.250000               0.016685
       5.350000               0.017495
       5.450000               0.018228
       5.550000               0.018874
       5.650000               0.019454
       5.750000               0.020013
       5.850000               0.020517
       5.950000               0.020908
       6.050000               0.021131
       6.150000               0.021131
       6.250000               0.020891
       6.350000               0.020477
       6.450000               0.020010
       6.550000               0.019564
       6.650000               0.019220
       6.750000               0.018993
       6.850000               0.018929
       6.950000               0.019008
       7.050000               0.019231
       7.150000               0.019538
       7.250000               0.019877
       7.350000               0.020207
       7.450000               0.020527
       7.550000               0.020812
       7.650000               0.021077
       7.750000               0.021305
       7.850000               0.021514
       7.950000               0.021710
       8.050000               0.021903
       8.150000               0.022067
       8.250000               0.022206
       8.350000               0.022309
       8.450000               0.022398
       8.550000               0.022462
       8.650000               0.022514
       8.750000               0.022557
       8.850000               0.022586
       8.950000               0.022598
       9.050000               0.022615
       9.150000               0.022637
       9.250000               0.022681
       9.350000               0.022726
       9.450000               0.022776
       9.550000               0.022848
       9.650000               0.022927
       9.750000               0.023020
       9.850000               0.023112
       9.950000               0.023207
      10.050000               0.023312
      10.150000               0.023407
      10.250000               0.023499
      10.350000               0.023570
      10.450000               0.023618
      10.550000               0.023660
      10.650000               0.023683
      10.750000               0.023701
      10.850000               0.023712
      10.950000               0.023722
      11.050000               0.023735
      11.150000               0.023748
      11.250000               0.023772
      11.350000               0.023804
      11.450000               0.023838
      11.550000               0.023884
      11.650000               0.023930
      11.750000               0.023994
      11.850000               0.024057
      11.950000               0.024123
      12.050000               0.024200
      12.150000               0.024282
      12.250000               0.024368
      12.350000               0.024456
      12.450000               0.024538
      12.550000               0.024617
      12.650000               0.024694
      12.750000               0.024752
      12.850000               0.024806
      12.950000               0.024869
      13.050000               0.024925
      13.150000               0.024980
      13.250000               0.025025
      13.350000               0.025077
      13.450000               0.025132
      13.550000               0.025184
      13.650000               0.025230
      13.750000               0.025287
      13.850000               0.025336
      13.950000               0.025380
      14.050000               0.025422
      14.150000               0.025465
      14.250000               0.025499
      14.350000               0.025542
      14.450000               0.025584
      14.550000               0.025619
      14.650000               0.025666
      14.750000               0.025718
      14.850000               0.025769
      14.950000               0.025816
      15.050000               0.025869
      15.150000               0.025922
      15.250000               0.025972
      15.350000               0.026027
      15.450000               0.026072
      15.550000               0.026125
      15.650000               0.026176
      15.750000               0.026227
      15.850000               0.026284
      15.950000               0.026335
      16.050000               0.026400
      16.150000               0.026451
      16.250000               0.026507
      16.350000               0.026569
      16.450000               0.026629
      16.550000               0.026690
      16.650000               0.026750
      16.750000               0.026812
      16.850000               0.026874
      16.950000               0.026933
      17.050000               0.026997
      17.150000               0.027058
      17.250000               0.027116
      17.350000               0.027186
      17.450000               0.027245
      17.550000               0.027300
      17.650000               0.027359
      17.750000               0.027415
      17.850000               0.027471
      17.950000               0.027522
      18.050000               0.027572
      18.150000               0.027615
      18.250000               0.027669
      18.350000               0.027705
      18.450000               0.027748
      18.550000               0.027794
      18.650000               0.027845
      18.750000               0.027887
      18.850000               0.027935
      18.950000               0.027978
      19.050000               0.028022
      19.150000               0.028066
      19.250000               0.028110
      19.350000               0.028156
      19.450000               0.028194
      19.550000               0.028234
      19.650000               0.028277
      19.750000               0.028316
      19.850000               0.028357
      19.950000               0.028401
      20.050000               0.028443
      20.150000               0.028485
      20.250000               0.028528
      20.350000               0.028571
      20.450000               0.028612
      20.550000               0.028653
      20.650000               0.028693
      20.750000               0.028733
      20.850000               0.028774
      20.950000               0.028809
      21.050000               0.028846
      21.150000               0.028889
      21.250000               0.028930
      21.350000               0.028966
      21.450000               0.029009
      21.550000               0.029041
      21.650000               0.029085
      21.750000               0.029121
      21.850000               0.029154
      21.950000               0.029195
      22.050000               0.029230
      22.150000               0.029268
      22.250000               0.029303
      22.350000               0.029337
      22.450000               0.029370
      22.550000               0.029402
      22.650000               0.029433
      22.750000               0.029461
      22.850000               0.029490
      22.950000               0.029513
      23.050000               0.029540
      23.150000               0.029563
      23.250000               0.029588
      23.350000               0.029616
      23.450000               0.029643
      23.550000               0.029660
      23.650000               0.029686
      23.750000               0.029711
      23.850000               0.029738
      23.950000               0.029760
      24.050000               0.029785
      24.150000               0.029806
      24.250000               0.029836
      24.350000               0.029864
      24.450000               0.029888
      24.550000               0.029910
      24.650000               0.029936
      24.750000               0.029962
      24.850000               0.029987
      24.950000               0.030010
      25.050000               0.030036
      25.150000               0.030059
      25.250000               0.030086
      25.350000               0.030107
      25.450000               0.030130
      25.550000               0.030152
      25.650000               0.030177
      25.750000               0.030199
      25.850000               0.030220
      25.950000               0.030243
      26.050000               0.030265
      26.150000               0.030286
      26.250000               0.030311
      26.350000               0.030329
      26.450000               0.030352
      26.550000               0.030371
      26.650000               0.030392
      26.750000               0.030410
      26.850000               0.030431
      26.950000               0.030453
      27.050000               0.030469
      27.150000               0.030491
      27.250000               0.030508
      27.350000               0.030527
      27.450000               0.030547
      27.550000               0.030566
      27.650000               0.030583
      27.750000               0.030602
      27.850000               0.030621
      27.950000               0.030636
      28.050000               0.030652
      28.150000               0.030671
      28.250000               0.030688
      28.350000               0.030708
      28.450000               0.030721
      28.550000               0.030740
      28.650000               0.030756
      28.750000               0.030771
      28.850000               0.030788
      28.950000               0.030798
      29.050000               0.030816
      29.150000               0.030830
      29.250000               0.030847
      29.350000               0.030862
      29.450000               0.030876
      29.550000               0.030888
      29.650000               0.030902
      29.750000               0.030917
      29.850000               0.030930
      29.950000               0.030942
