#Distance_(Ang) :A5,A@N6_=>_:WAT@O
       0.050000           0.000000
       0.150000           0.000000
       0.250000           0.000000
       0.350000           0.000000
       0.450000           0.000000
       0.550000           0.000000
       0.650000           0.000000
       0.750000           0.000000
       0.850000           0.000000
       0.950000           0.000000
       1.050000           0.000000
       1.150000           0.000000
       1.250000           0.000000
       1.350000           0.000000
       1.450000           0.000000
       1.550000           0.000000
       1.650000           0.000000
       1.750000           0.000000
       1.850000           0.000000
       1.950000           0.000000
       2.050000           0.000000
       2.150000           0.000000
       2.250000           0.000000
       2.350000           0.000000
       2.450000           0.000000
       2.550000           0.000008
       2.650000           0.000733
       2.750000           0.007681
       2.850000           0.020715
       2.950000           0.026833
       3.050000           0.025709
       3.150000           0.023017
       3.250000           0.020943
       3.350000           0.019565
       3.450000           0.018548
       3.550000           0.017738
       3.650000           0.017002
       3.750000           0.016355
       3.850000           0.015692
       3.950000           0.015047
       4.050000           0.014412
       4.150000           0.013731
       4.250000           0.013100
       4.350000           0.012519
       4.450000           0.012044
       4.550000           0.011687
       4.650000           0.011470
       4.750000           0.011357
       4.850000           0.011373
       4.950000           0.011517
       5.050000           0.011765
       5.150000           0.012154
       5.250000           0.012653
       5.350000           0.013283
       5.450000           0.013986
       5.550000           0.014727
       5.650000           0.015436
       5.750000           0.016052
       5.850000           0.016592
       5.950000           0.017044
       6.050000           0.017458
       6.150000           0.017834
       6.250000           0.018151
       6.350000           0.018451
       6.450000           0.018735
       6.550000           0.018993
       6.650000           0.019170
       6.750000           0.019169
       6.850000           0.018870
       6.950000           0.018431
       7.050000           0.018028
       7.150000           0.017744
       7.250000           0.017545
       7.350000           0.017423
       7.450000           0.017329
       7.550000           0.017302
       7.650000           0.017280
       7.750000           0.017264
       7.850000           0.017280
       7.950000           0.017323
       8.050000           0.017411
       8.150000           0.017555
       8.250000           0.017713
       8.350000           0.017894
       8.450000           0.018081
       8.550000           0.018282
       8.650000           0.018458
       8.750000           0.018630
       8.850000           0.018773
       8.950000           0.018920
       9.050000           0.019058
       9.150000           0.019179
       9.250000           0.019286
       9.350000           0.019399
       9.450000           0.019501
       9.550000           0.019594
       9.650000           0.019693
       9.750000           0.019788
       9.850000           0.019899
       9.950000           0.020005
      10.050000           0.020117
      10.150000           0.020257
      10.250000           0.020393
      10.350000           0.020568
      10.450000           0.020738
      10.550000           0.020952
      10.650000           0.021175
      10.750000           0.021399
      10.850000           0.021635
      10.950000           0.021877
      11.050000           0.022093
      11.150000           0.022281
      11.250000           0.022456
      11.350000           0.022585
      11.450000           0.022699
      11.550000           0.022810
      11.650000           0.022905
      11.750000           0.022978
      11.850000           0.023051
      11.950000           0.023124
      12.050000           0.023187
      12.150000           0.023239
      12.250000           0.023295
      12.350000           0.023354
      12.450000           0.023415
      12.550000           0.023482
      12.650000           0.023551
      12.750000           0.023625
      12.850000           0.023718
      12.950000           0.023811
      13.050000           0.023915
      13.150000           0.024020
      13.250000           0.024128
      13.350000           0.024241
      13.450000           0.024365
      13.550000           0.024474
      13.650000           0.024569
      13.750000           0.024650
      13.850000           0.024723
      13.950000           0.024799
      14.050000           0.024867
      14.150000           0.024935
      14.250000           0.025009
      14.350000           0.025087
      14.450000           0.025166
      14.550000           0.025248
      14.650000           0.025335
      14.750000           0.025412
      14.850000           0.025491
      14.950000           0.025575
      15.050000           0.025653
      15.150000           0.025730
      15.250000           0.025794
      15.350000           0.025870
      15.450000           0.025939
      15.550000           0.026006
      15.650000           0.026080
      15.750000           0.026155
      15.850000           0.026223
      15.950000           0.026283
      16.050000           0.026360
      16.150000           0.026436
      16.250000           0.026495
      16.350000           0.026569
      16.450000           0.026639
      16.550000           0.026704
      16.650000           0.026777
      16.750000           0.026845
      16.850000           0.026912
      16.950000           0.026984
      17.050000           0.027051
      17.150000           0.027127
      17.250000           0.027186
      17.350000           0.027253
      17.450000           0.027316
      17.550000           0.027379
      17.650000           0.027446
      17.750000           0.027502
      17.850000           0.027564
      17.950000           0.027618
      18.050000           0.027665
      18.150000           0.027717
      18.250000           0.027770
      18.350000           0.027816
      18.450000           0.027864
      18.550000           0.027911
      18.650000           0.027958
      18.750000           0.028006
      18.850000           0.028053
      18.950000           0.028092
      19.050000           0.028143
      19.150000           0.028188
      19.250000           0.028234
      19.350000           0.028281
      19.450000           0.028332
      19.550000           0.028378
      19.650000           0.028432
      19.750000           0.028473
      19.850000           0.028530
      19.950000           0.028572
      20.050000           0.028619
      20.150000           0.028664
      20.250000           0.028705
      20.350000           0.028755
      20.450000           0.028798
      20.550000           0.028839
      20.650000           0.028882
      20.750000           0.028923
      20.850000           0.028963
      20.950000           0.029004
      21.050000           0.029039
      21.150000           0.029077
      21.250000           0.029117
      21.350000           0.029156
      21.450000           0.029189
      21.550000           0.029227
      21.650000           0.029263
      21.750000           0.029299
      21.850000           0.029335
      21.950000           0.029371
      22.050000           0.029407
      22.150000           0.029439
      22.250000           0.029467
      22.350000           0.029504
      22.450000           0.029538
      22.550000           0.029565
      22.650000           0.029600
      22.750000           0.029628
      22.850000           0.029668
      22.950000           0.029695
      23.050000           0.029725
      23.150000           0.029756
      23.250000           0.029787
      23.350000           0.029822
      23.450000           0.029854
      23.550000           0.029888
      23.650000           0.029914
      23.750000           0.029948
      23.850000           0.029979
      23.950000           0.030006
      24.050000           0.030033
      24.150000           0.030062
      24.250000           0.030093
      24.350000           0.030120
      24.450000           0.030144
      24.550000           0.030171
      24.650000           0.030196
      24.750000           0.030218
      24.850000           0.030241
      24.950000           0.030263
      25.050000           0.030283
      25.150000           0.030305
      25.250000           0.030323
      25.350000           0.030345
      25.450000           0.030368
      25.550000           0.030391
      25.650000           0.030411
      25.750000           0.030431
      25.850000           0.030457
      25.950000           0.030481
      26.050000           0.030500
      26.150000           0.030520
      26.250000           0.030544
      26.350000           0.030560
      26.450000           0.030582
      26.550000           0.030603
      26.650000           0.030620
      26.750000           0.030635
      26.850000           0.030651
      26.950000           0.030668
      27.050000           0.030682
      27.150000           0.030699
      27.250000           0.030708
      27.350000           0.030723
      27.450000           0.030737
      27.550000           0.030750
      27.650000           0.030764
      27.750000           0.030776
      27.850000           0.030792
      27.950000           0.030803
      28.050000           0.030815
      28.150000           0.030830
      28.250000           0.030840
      28.350000           0.030853
      28.450000           0.030868
      28.550000           0.030881
      28.650000           0.030899
      28.750000           0.030908
      28.850000           0.030922
      28.950000           0.030934
      29.050000           0.030946
      29.150000           0.030961
      29.250000           0.030975
      29.350000           0.030988
      29.450000           0.030995
      29.550000           0.031013
      29.650000           0.031025
      29.750000           0.031036
      29.850000           0.031050
      29.950000           0.031057
