 0.05000 0.00000
 0.15000 0.00000
 0.25000 0.00000
 0.35000 0.00000
 0.45000 0.00000
 0.55000 0.00000
 0.65000 0.00000
 0.75000 0.00000
 0.85000 0.00000
 0.95000 0.00000
 1.05000 0.00000
 1.15000 0.00000
 1.25000 0.00000
 1.35000 0.00000
 1.45000 0.00000
 1.55000 0.00000
 1.65000 0.00000
 1.75000 0.00000
 1.85000 0.00000
 1.95000 0.00000
 2.05000 0.00000
 2.15000 0.00000
 2.25000 0.00000
 2.35000 0.00000
 2.45000 0.00000
 2.55000 0.00001
 2.65000 0.00078
 2.75000 0.00856
 2.85000 0.02304
 2.95000 0.02896
 3.05000 0.02662
 3.15000 0.02302
 3.25000 0.02062
 3.35000 0.01926
 3.45000 0.01852
 3.55000 0.01807
 3.65000 0.01779
 3.75000 0.01753
 3.85000 0.01724
 3.95000 0.01687
 4.05000 0.01641
 4.15000 0.01589
 4.25000 0.01537
 4.35000 0.01493
 4.45000 0.01457
 4.55000 0.01436
 4.65000 0.01430
 4.75000 0.01434
 4.85000 0.01450
 4.95000 0.01476
 5.05000 0.01510
 5.15000 0.01548
 5.25000 0.01588
 5.35000 0.01631
 5.45000 0.01674
 5.55000 0.01714
 5.65000 0.01753
 5.75000 0.01786
 5.85000 0.01815
 5.95000 0.01842
 6.05000 0.01869
 6.15000 0.01893
 6.25000 0.01914
 6.35000 0.01931
 6.45000 0.01943
 6.55000 0.01952
 6.65000 0.01957
 6.75000 0.01962
 6.85000 0.01971
 6.95000 0.01978
 7.05000 0.01974
 7.15000 0.01955
 7.25000 0.01931
 7.35000 0.01916
 7.45000 0.01913
 7.55000 0.01918
 7.65000 0.01928
 7.75000 0.01941
 7.85000 0.01955
 7.95000 0.01970
 8.05000 0.01985
 8.15000 0.02002
 8.25000 0.02018
 8.35000 0.02036
 8.45000 0.02053
 8.55000 0.02070
 8.65000 0.02087
 8.75000 0.02104
 8.85000 0.02121
 8.95000 0.02137
 9.05000 0.02152
 9.15000 0.02167
 9.25000 0.02182
 9.35000 0.02198
 9.45000 0.02214
 9.55000 0.02230
 9.65000 0.02249
 9.75000 0.02267
 9.85000 0.02287
 9.95000 0.02308
10.05000 0.02330
10.15000 0.02353
10.25000 0.02376
10.35000 0.02402
10.45000 0.02427
10.55000 0.02449
10.65000 0.02469
10.75000 0.02483
10.85000 0.02494
10.95000 0.02502
11.05000 0.02507
11.15000 0.02510
11.25000 0.02512
11.35000 0.02513
11.45000 0.02514
11.55000 0.02516
11.65000 0.02518
11.75000 0.02521
11.85000 0.02525
11.95000 0.02531
12.05000 0.02537
12.15000 0.02544
12.25000 0.02553
12.35000 0.02562
12.45000 0.02571
12.55000 0.02581
12.65000 0.02593
12.75000 0.02605
12.85000 0.02617
12.95000 0.02628
13.05000 0.02639
13.15000 0.02648
13.25000 0.02656
13.35000 0.02663
13.45000 0.02669
13.55000 0.02676
13.65000 0.02682
13.75000 0.02687
13.85000 0.02693
13.95000 0.02697
14.05000 0.02701
14.15000 0.02705
14.25000 0.02708
14.35000 0.02710
14.45000 0.02712
14.55000 0.02715
14.65000 0.02717
14.75000 0.02719
14.85000 0.02721
14.95000 0.02725
15.05000 0.02728
15.15000 0.02731
15.25000 0.02735
15.35000 0.02739
15.45000 0.02744
15.55000 0.02748
15.65000 0.02754
15.75000 0.02758
15.85000 0.02762
15.95000 0.02768
16.05000 0.02772
16.15000 0.02776
16.25000 0.02781
16.35000 0.02785
16.45000 0.02790
16.55000 0.02793
16.65000 0.02798
16.75000 0.02801
16.85000 0.02805
16.95000 0.02809
17.05000 0.02813
17.15000 0.02816
17.25000 0.02820
17.35000 0.02823
17.45000 0.02826
17.55000 0.02830
17.65000 0.02833
17.75000 0.02837
17.85000 0.02840
17.95000 0.02843
18.05000 0.02846
18.15000 0.02848
18.25000 0.02852
18.35000 0.02854
18.45000 0.02857
18.55000 0.02859
18.65000 0.02862
18.75000 0.02865
18.85000 0.02868
18.95000 0.02871
19.05000 0.02874
19.15000 0.02877
19.25000 0.02880
19.35000 0.02883
19.45000 0.02885
19.55000 0.02888
19.65000 0.02890
19.75000 0.02893
19.85000 0.02894
19.95000 0.02897
20.05000 0.02898
20.15000 0.02900
20.25000 0.02903
20.35000 0.02904
20.45000 0.02906
20.55000 0.02908
20.65000 0.02911
20.75000 0.02913
20.85000 0.02916
20.95000 0.02918
21.05000 0.02921
21.15000 0.02923
21.25000 0.02925
21.35000 0.02928
21.45000 0.02931
21.55000 0.02933
21.65000 0.02936
21.75000 0.02938
21.85000 0.02941
21.95000 0.02944
22.05000 0.02946
22.15000 0.02948
22.25000 0.02951
22.35000 0.02953
22.45000 0.02955
22.55000 0.02957
22.65000 0.02959
22.75000 0.02960
22.85000 0.02962
22.95000 0.02964
23.05000 0.02966
23.15000 0.02968
23.25000 0.02970
23.35000 0.02972
23.45000 0.02974
23.55000 0.02976
23.65000 0.02978
23.75000 0.02980
23.85000 0.02982
23.95000 0.02984
24.05000 0.02986
24.15000 0.02988
24.25000 0.02991
24.35000 0.02993
24.45000 0.02994
24.55000 0.02997
24.65000 0.02998
24.75000 0.03000
24.85000 0.03002
24.95000 0.03004
25.05000 0.03006
25.15000 0.03008
25.25000 0.03010
25.35000 0.03012
25.45000 0.03014
25.55000 0.03016
25.65000 0.03017
25.75000 0.03019
25.85000 0.03021
25.95000 0.03023
26.05000 0.03024
26.15000 0.03026
26.25000 0.03028
26.35000 0.03030
26.45000 0.03032
26.55000 0.03034
26.65000 0.03035
26.75000 0.03037
26.85000 0.03039
26.95000 0.03040
27.05000 0.03042
27.15000 0.03044
27.25000 0.03045
27.35000 0.03047
27.45000 0.03049
27.55000 0.03050
27.65000 0.03052
27.75000 0.03053
27.85000 0.03055
27.95000 0.03056
28.05000 0.03058
28.15000 0.03060
28.25000 0.03061
28.35000 0.03062
28.45000 0.03064
28.55000 0.03066
28.65000 0.03067
28.75000 0.03068
28.85000 0.03070
28.95000 0.03071
29.05000 0.03073
29.15000 0.03074
29.25000 0.03075
29.35000 0.03077
29.45000 0.03078
29.55000 0.03079
29.65000 0.03080
29.75000 0.03081
29.85000 0.03082
29.95000 0.03084
