 0.05000 0.00000
 0.15000 0.00000
 0.25000 0.00000
 0.35000 0.00000
 0.45000 0.00000
 0.55000 0.00000
 0.65000 0.00000
 0.75000 0.00000
 0.85000 0.00000
 0.95000 0.00000
 1.05000 0.00000
 1.15000 0.00000
 1.25000 0.00000
 1.35000 0.00000
 1.45000 0.00000
 1.55000 0.00000
 1.65000 0.00000
 1.75000 0.00000
 1.85000 0.00000
 1.95000 0.00000
 2.05000 0.00000
 2.15000 0.00000
 2.25000 0.00000
 2.35000 0.00000
 2.45000 0.00000
 2.55000 0.00000
 2.65000 0.00025
 2.75000 0.00297
 2.85000 0.00805
 2.95000 0.01044
 3.05000 0.01045
 3.15000 0.01019
 3.25000 0.01019
 3.35000 0.01034
 3.45000 0.01055
 3.55000 0.01078
 3.65000 0.01106
 3.75000 0.01136
 3.85000 0.01170
 3.95000 0.01203
 4.05000 0.01240
 4.15000 0.01281
 4.25000 0.01328
 4.35000 0.01387
 4.45000 0.01468
 4.55000 0.01580
 4.65000 0.01747
 4.75000 0.01957
 4.85000 0.02113
 4.95000 0.02129
 5.05000 0.02014
 5.15000 0.01844
 5.25000 0.01694
 5.35000 0.01595
 5.45000 0.01537
 5.55000 0.01503
 5.65000 0.01486
 5.75000 0.01479
 5.85000 0.01482
 5.95000 0.01489
 6.05000 0.01502
 6.15000 0.01518
 6.25000 0.01538
 6.35000 0.01560
 6.45000 0.01586
 6.55000 0.01618
 6.65000 0.01656
 6.75000 0.01697
 6.85000 0.01739
 6.95000 0.01779
 7.05000 0.01814
 7.15000 0.01844
 7.25000 0.01869
 7.35000 0.01888
 7.45000 0.01900
 7.55000 0.01906
 7.65000 0.01905
 7.75000 0.01900
 7.85000 0.01892
 7.95000 0.01887
 8.05000 0.01885
 8.15000 0.01888
 8.25000 0.01896
 8.35000 0.01909
 8.45000 0.01924
 8.55000 0.01942
 8.65000 0.01963
 8.75000 0.01985
 8.85000 0.02009
 8.95000 0.02036
 9.05000 0.02064
 9.15000 0.02093
 9.25000 0.02118
 9.35000 0.02142
 9.45000 0.02162
 9.55000 0.02181
 9.65000 0.02199
 9.75000 0.02216
 9.85000 0.02234
 9.95000 0.02252
10.05000 0.02272
10.15000 0.02290
10.25000 0.02310
10.35000 0.02331
10.45000 0.02350
10.55000 0.02369
10.65000 0.02385
10.75000 0.02400
10.85000 0.02414
10.95000 0.02426
11.05000 0.02437
11.15000 0.02448
11.25000 0.02460
11.35000 0.02468
11.45000 0.02477
11.55000 0.02484
11.65000 0.02493
11.75000 0.02500
11.85000 0.02506
11.95000 0.02514
12.05000 0.02522
12.15000 0.02529
12.25000 0.02538
12.35000 0.02546
12.45000 0.02552
12.55000 0.02558
12.65000 0.02563
12.75000 0.02566
12.85000 0.02569
12.95000 0.02572
13.05000 0.02578
13.15000 0.02585
13.25000 0.02592
13.35000 0.02600
13.45000 0.02609
13.55000 0.02615
13.65000 0.02622
13.75000 0.02628
13.85000 0.02634
13.95000 0.02638
14.05000 0.02642
14.15000 0.02646
14.25000 0.02650
14.35000 0.02654
14.45000 0.02658
14.55000 0.02662
14.65000 0.02666
14.75000 0.02672
14.85000 0.02676
14.95000 0.02682
15.05000 0.02688
15.15000 0.02693
15.25000 0.02699
15.35000 0.02705
15.45000 0.02712
15.55000 0.02718
15.65000 0.02724
15.75000 0.02730
15.85000 0.02736
15.95000 0.02741
16.05000 0.02745
16.15000 0.02750
16.25000 0.02753
16.35000 0.02756
16.45000 0.02760
16.55000 0.02763
16.65000 0.02766
16.75000 0.02770
16.85000 0.02773
16.95000 0.02777
17.05000 0.02781
17.15000 0.02785
17.25000 0.02788
17.35000 0.02792
17.45000 0.02795
17.55000 0.02798
17.65000 0.02802
17.75000 0.02805
17.85000 0.02808
17.95000 0.02812
18.05000 0.02815
18.15000 0.02819
18.25000 0.02823
18.35000 0.02827
18.45000 0.02830
18.55000 0.02834
18.65000 0.02837
18.75000 0.02841
18.85000 0.02844
18.95000 0.02847
19.05000 0.02851
19.15000 0.02853
19.25000 0.02856
19.35000 0.02859
19.45000 0.02861
19.55000 0.02864
19.65000 0.02866
19.75000 0.02870
19.85000 0.02873
19.95000 0.02876
20.05000 0.02879
20.15000 0.02882
20.25000 0.02886
20.35000 0.02889
20.45000 0.02892
20.55000 0.02895
20.65000 0.02899
20.75000 0.02902
20.85000 0.02905
20.95000 0.02908
21.05000 0.02912
21.15000 0.02915
21.25000 0.02919
21.35000 0.02922
21.45000 0.02924
21.55000 0.02928
21.65000 0.02931
21.75000 0.02934
21.85000 0.02937
21.95000 0.02940
22.05000 0.02943
22.15000 0.02946
22.25000 0.02950
22.35000 0.02952
22.45000 0.02956
22.55000 0.02958
22.65000 0.02961
22.75000 0.02964
22.85000 0.02966
22.95000 0.02969
23.05000 0.02971
23.15000 0.02975
23.25000 0.02977
23.35000 0.02980
23.45000 0.02982
23.55000 0.02984
23.65000 0.02987
23.75000 0.02989
23.85000 0.02992
23.95000 0.02994
24.05000 0.02996
24.15000 0.02999
24.25000 0.03001
24.35000 0.03003
24.45000 0.03004
24.55000 0.03006
24.65000 0.03008
24.75000 0.03010
24.85000 0.03012
24.95000 0.03014
25.05000 0.03016
25.15000 0.03018
25.25000 0.03019
25.35000 0.03021
25.45000 0.03023
25.55000 0.03025
25.65000 0.03027
25.75000 0.03028
25.85000 0.03030
25.95000 0.03032
26.05000 0.03034
26.15000 0.03035
26.25000 0.03037
26.35000 0.03038
26.45000 0.03040
26.55000 0.03042
26.65000 0.03043
26.75000 0.03045
26.85000 0.03047
26.95000 0.03048
27.05000 0.03050
27.15000 0.03051
27.25000 0.03053
27.35000 0.03054
27.45000 0.03056
27.55000 0.03058
27.65000 0.03059
27.75000 0.03061
27.85000 0.03062
27.95000 0.03063
28.05000 0.03065
28.15000 0.03066
28.25000 0.03068
28.35000 0.03069
28.45000 0.03070
28.55000 0.03072
28.65000 0.03073
28.75000 0.03075
28.85000 0.03076
28.95000 0.03077
29.05000 0.03079
29.15000 0.03080
29.25000 0.03081
29.35000 0.03082
29.45000 0.03083
29.55000 0.03085
29.65000 0.03086
29.75000 0.03087
29.85000 0.03088
29.95000 0.03089
