 0.05000 0.00000
 0.15000 0.00000
 0.25000 0.00000
 0.35000 0.00000
 0.45000 0.00000
 0.55000 0.00000
 0.65000 0.00000
 0.75000 0.00000
 0.85000 0.00000
 0.95000 0.00000
 1.05000 0.00000
 1.15000 0.00000
 1.25000 0.00000
 1.35000 0.00000
 1.45000 0.00000
 1.55000 0.00000
 1.65000 0.00000
 1.75000 0.00000
 1.85000 0.00000
 1.95000 0.00000
 2.05000 0.00000
 2.15000 0.00000
 2.25000 0.00000
 2.35000 0.00000
 2.45000 0.00086
 2.55000 0.01082
 2.65000 0.03057
 2.75000 0.03753
 2.85000 0.03107
 2.95000 0.02304
 3.05000 0.01797
 3.15000 0.01546
 3.25000 0.01447
 3.35000 0.01414
 3.45000 0.01415
 3.55000 0.01430
 3.65000 0.01446
 3.75000 0.01465
 3.85000 0.01481
 3.95000 0.01496
 4.05000 0.01505
 4.15000 0.01505
 4.25000 0.01495
 4.35000 0.01481
 4.45000 0.01468
 4.55000 0.01459
 4.65000 0.01459
 4.75000 0.01468
 4.85000 0.01486
 4.95000 0.01509
 5.05000 0.01536
 5.15000 0.01559
 5.25000 0.01579
 5.35000 0.01590
 5.45000 0.01590
 5.55000 0.01578
 5.65000 0.01567
 5.75000 0.01564
 5.85000 0.01572
 5.95000 0.01592
 6.05000 0.01618
 6.15000 0.01648
 6.25000 0.01678
 6.35000 0.01707
 6.45000 0.01735
 6.55000 0.01764
 6.65000 0.01794
 6.75000 0.01826
 6.85000 0.01850
 6.95000 0.01868
 7.05000 0.01893
 7.15000 0.01918
 7.25000 0.01926
 7.35000 0.01909
 7.45000 0.01885
 7.55000 0.01866
 7.65000 0.01853
 7.75000 0.01845
 7.85000 0.01842
 7.95000 0.01843
 8.05000 0.01848
 8.15000 0.01857
 8.25000 0.01868
 8.35000 0.01882
 8.45000 0.01899
 8.55000 0.01919
 8.65000 0.01940
 8.75000 0.01963
 8.85000 0.01986
 8.95000 0.02010
 9.05000 0.02033
 9.15000 0.02056
 9.25000 0.02079
 9.35000 0.02101
 9.45000 0.02123
 9.55000 0.02146
 9.65000 0.02167
 9.75000 0.02189
 9.85000 0.02211
 9.95000 0.02233
10.05000 0.02255
10.15000 0.02276
10.25000 0.02298
10.35000 0.02320
10.45000 0.02341
10.55000 0.02361
10.65000 0.02379
10.75000 0.02397
10.85000 0.02415
10.95000 0.02432
11.05000 0.02447
11.15000 0.02461
11.25000 0.02473
11.35000 0.02482
11.45000 0.02489
11.55000 0.02495
11.65000 0.02501
11.75000 0.02508
11.85000 0.02514
11.95000 0.02521
12.05000 0.02527
12.15000 0.02534
12.25000 0.02540
12.35000 0.02546
12.45000 0.02551
12.55000 0.02559
12.65000 0.02564
12.75000 0.02569
12.85000 0.02576
12.95000 0.02581
13.05000 0.02588
13.15000 0.02595
13.25000 0.02603
13.35000 0.02613
13.45000 0.02622
13.55000 0.02632
13.65000 0.02641
13.75000 0.02648
13.85000 0.02654
13.95000 0.02659
14.05000 0.02662
14.15000 0.02667
14.25000 0.02672
14.35000 0.02677
14.45000 0.02682
14.55000 0.02687
14.65000 0.02692
14.75000 0.02698
14.85000 0.02703
14.95000 0.02708
15.05000 0.02712
15.15000 0.02717
15.25000 0.02721
15.35000 0.02724
15.45000 0.02729
15.55000 0.02733
15.65000 0.02737
15.75000 0.02740
15.85000 0.02743
15.95000 0.02746
16.05000 0.02749
16.15000 0.02753
16.25000 0.02757
16.35000 0.02761
16.45000 0.02765
16.55000 0.02769
16.65000 0.02772
16.75000 0.02777
16.85000 0.02781
16.95000 0.02785
17.05000 0.02788
17.15000 0.02792
17.25000 0.02795
17.35000 0.02799
17.45000 0.02801
17.55000 0.02805
17.65000 0.02807
17.75000 0.02810
17.85000 0.02812
17.95000 0.02815
18.05000 0.02818
18.15000 0.02821
18.25000 0.02824
18.35000 0.02826
18.45000 0.02829
18.55000 0.02832
18.65000 0.02835
18.75000 0.02838
18.85000 0.02842
18.95000 0.02844
19.05000 0.02848
19.15000 0.02851
19.25000 0.02854
19.35000 0.02858
19.45000 0.02861
19.55000 0.02865
19.65000 0.02868
19.75000 0.02872
19.85000 0.02876
19.95000 0.02879
20.05000 0.02883
20.15000 0.02886
20.25000 0.02889
20.35000 0.02893
20.45000 0.02896
20.55000 0.02899
20.65000 0.02902
20.75000 0.02905
20.85000 0.02908
20.95000 0.02911
21.05000 0.02914
21.15000 0.02917
21.25000 0.02920
21.35000 0.02922
21.45000 0.02925
21.55000 0.02928
21.65000 0.02931
21.75000 0.02933
21.85000 0.02936
21.95000 0.02939
22.05000 0.02942
22.15000 0.02945
22.25000 0.02948
22.35000 0.02951
22.45000 0.02954
22.55000 0.02956
22.65000 0.02959
22.75000 0.02962
22.85000 0.02965
22.95000 0.02967
23.05000 0.02970
23.15000 0.02972
23.25000 0.02975
23.35000 0.02977
23.45000 0.02980
23.55000 0.02982
23.65000 0.02985
23.75000 0.02987
23.85000 0.02990
23.95000 0.02992
24.05000 0.02994
24.15000 0.02997
24.25000 0.02999
24.35000 0.03001
24.45000 0.03003
24.55000 0.03005
24.65000 0.03007
24.75000 0.03008
24.85000 0.03011
24.95000 0.03012
25.05000 0.03014
25.15000 0.03016
25.25000 0.03017
25.35000 0.03019
25.45000 0.03021
25.55000 0.03023
25.65000 0.03025
25.75000 0.03026
25.85000 0.03028
25.95000 0.03029
26.05000 0.03031
26.15000 0.03032
26.25000 0.03034
26.35000 0.03036
26.45000 0.03037
26.55000 0.03039
26.65000 0.03041
26.75000 0.03042
26.85000 0.03044
26.95000 0.03045
27.05000 0.03047
27.15000 0.03049
27.25000 0.03050
27.35000 0.03052
27.45000 0.03053
27.55000 0.03055
27.65000 0.03057
27.75000 0.03058
27.85000 0.03059
27.95000 0.03061
28.05000 0.03062
28.15000 0.03063
28.25000 0.03065
28.35000 0.03066
28.45000 0.03068
28.55000 0.03069
28.65000 0.03070
28.75000 0.03071
28.85000 0.03072
28.95000 0.03074
29.05000 0.03075
29.15000 0.03076
29.25000 0.03077
29.35000 0.03078
29.45000 0.03079
29.55000 0.03080
29.65000 0.03081
29.75000 0.03082
29.85000 0.03084
29.95000 0.03085
