 0.05000 0.00000
 0.15000 0.00000
 0.25000 0.00000
 0.35000 0.00000
 0.45000 0.00000
 0.55000 0.00000
 0.65000 0.00000
 0.75000 0.00000
 0.85000 0.00000
 0.95000 0.00000
 1.05000 0.00000
 1.15000 0.00000
 1.25000 0.00000
 1.35000 0.00000
 1.45000 0.00000
 1.55000 0.00000
 1.65000 0.00000
 1.75000 0.00000
 1.85000 0.00000
 1.95000 0.00000
 2.05000 0.00000
 2.15000 0.00000
 2.25000 0.00000
 2.35000 0.00000
 2.45000 0.00000
 2.55000 0.00001
 2.65000 0.00094
 2.75000 0.00928
 2.85000 0.02263
 2.95000 0.02719
 3.05000 0.02562
 3.15000 0.02367
 3.25000 0.02257
 3.35000 0.02193
 3.45000 0.02141
 3.55000 0.02080
 3.65000 0.01997
 3.75000 0.01887
 3.85000 0.01757
 3.95000 0.01621
 4.05000 0.01497
 4.15000 0.01392
 4.25000 0.01308
 4.35000 0.01247
 4.45000 0.01203
 4.55000 0.01179
 4.65000 0.01168
 4.75000 0.01166
 4.85000 0.01176
 4.95000 0.01193
 5.05000 0.01218
 5.15000 0.01251
 5.25000 0.01289
 5.35000 0.01333
 5.45000 0.01381
 5.55000 0.01431
 5.65000 0.01477
 5.75000 0.01519
 5.85000 0.01557
 5.95000 0.01589
 6.05000 0.01615
 6.15000 0.01639
 6.25000 0.01657
 6.35000 0.01673
 6.45000 0.01690
 6.55000 0.01708
 6.65000 0.01728
 6.75000 0.01756
 6.85000 0.01796
 6.95000 0.01848
 7.05000 0.01889
 7.15000 0.01892
 7.25000 0.01867
 7.35000 0.01842
 7.45000 0.01828
 7.55000 0.01829
 7.65000 0.01837
 7.75000 0.01854
 7.85000 0.01876
 7.95000 0.01899
 8.05000 0.01924
 8.15000 0.01949
 8.25000 0.01976
 8.35000 0.02004
 8.45000 0.02036
 8.55000 0.02067
 8.65000 0.02095
 8.75000 0.02119
 8.85000 0.02142
 8.95000 0.02162
 9.05000 0.02178
 9.15000 0.02190
 9.25000 0.02200
 9.35000 0.02210
 9.45000 0.02220
 9.55000 0.02231
 9.65000 0.02241
 9.75000 0.02250
 9.85000 0.02256
 9.95000 0.02263
10.05000 0.02268
10.15000 0.02274
10.25000 0.02283
10.35000 0.02293
10.45000 0.02305
10.55000 0.02320
10.65000 0.02335
10.75000 0.02351
10.85000 0.02369
10.95000 0.02387
11.05000 0.02405
11.15000 0.02422
11.25000 0.02439
11.35000 0.02455
11.45000 0.02470
11.55000 0.02482
11.65000 0.02494
11.75000 0.02502
11.85000 0.02510
11.95000 0.02517
12.05000 0.02522
12.15000 0.02526
12.25000 0.02528
12.35000 0.02530
12.45000 0.02532
12.55000 0.02535
12.65000 0.02538
12.75000 0.02543
12.85000 0.02548
12.95000 0.02554
13.05000 0.02561
13.15000 0.02567
13.25000 0.02574
13.35000 0.02581
13.45000 0.02587
13.55000 0.02593
13.65000 0.02600
13.75000 0.02604
13.85000 0.02610
13.95000 0.02617
14.05000 0.02623
14.15000 0.02629
14.25000 0.02635
14.35000 0.02642
14.45000 0.02648
14.55000 0.02653
14.65000 0.02659
14.75000 0.02663
14.85000 0.02668
14.95000 0.02672
15.05000 0.02677
15.15000 0.02681
15.25000 0.02685
15.35000 0.02689
15.45000 0.02694
15.55000 0.02699
15.65000 0.02703
15.75000 0.02707
15.85000 0.02712
15.95000 0.02718
16.05000 0.02723
16.15000 0.02728
16.25000 0.02734
16.35000 0.02740
16.45000 0.02747
16.55000 0.02751
16.65000 0.02758
16.75000 0.02763
16.85000 0.02767
16.95000 0.02772
17.05000 0.02777
17.15000 0.02781
17.25000 0.02785
17.35000 0.02790
17.45000 0.02794
17.55000 0.02797
17.65000 0.02801
17.75000 0.02805
17.85000 0.02809
17.95000 0.02812
18.05000 0.02816
18.15000 0.02819
18.25000 0.02822
18.35000 0.02826
18.45000 0.02829
18.55000 0.02832
18.65000 0.02837
18.75000 0.02841
18.85000 0.02845
18.95000 0.02848
19.05000 0.02852
19.15000 0.02855
19.25000 0.02858
19.35000 0.02861
19.45000 0.02864
19.55000 0.02867
19.65000 0.02869
19.75000 0.02872
19.85000 0.02875
19.95000 0.02877
20.05000 0.02880
20.15000 0.02883
20.25000 0.02886
20.35000 0.02889
20.45000 0.02893
20.55000 0.02896
20.65000 0.02899
20.75000 0.02902
20.85000 0.02905
20.95000 0.02909
21.05000 0.02911
21.15000 0.02915
21.25000 0.02918
21.35000 0.02921
21.45000 0.02925
21.55000 0.02928
21.65000 0.02930
21.75000 0.02933
21.85000 0.02936
21.95000 0.02939
22.05000 0.02942
22.15000 0.02945
22.25000 0.02948
22.35000 0.02951
22.45000 0.02954
22.55000 0.02956
22.65000 0.02959
22.75000 0.02962
22.85000 0.02965
22.95000 0.02967
23.05000 0.02970
23.15000 0.02973
23.25000 0.02975
23.35000 0.02978
23.45000 0.02980
23.55000 0.02983
23.65000 0.02985
23.75000 0.02988
23.85000 0.02990
23.95000 0.02992
24.05000 0.02995
24.15000 0.02998
24.25000 0.03000
24.35000 0.03003
24.45000 0.03005
24.55000 0.03007
24.65000 0.03010
24.75000 0.03012
24.85000 0.03014
24.95000 0.03016
25.05000 0.03019
25.15000 0.03021
25.25000 0.03023
25.35000 0.03025
25.45000 0.03027
25.55000 0.03029
25.65000 0.03031
25.75000 0.03033
25.85000 0.03034
25.95000 0.03036
26.05000 0.03038
26.15000 0.03040
26.25000 0.03041
26.35000 0.03042
26.45000 0.03044
26.55000 0.03045
26.65000 0.03047
26.75000 0.03048
26.85000 0.03050
26.95000 0.03051
27.05000 0.03052
27.15000 0.03054
27.25000 0.03056
27.35000 0.03057
27.45000 0.03059
27.55000 0.03060
27.65000 0.03062
27.75000 0.03063
27.85000 0.03065
27.95000 0.03067
28.05000 0.03068
28.15000 0.03069
28.25000 0.03071
28.35000 0.03072
28.45000 0.03074
28.55000 0.03075
28.65000 0.03076
28.75000 0.03078
28.85000 0.03079
28.95000 0.03080
29.05000 0.03081
29.15000 0.03082
29.25000 0.03083
29.35000 0.03084
29.45000 0.03086
29.55000 0.03087
29.65000 0.03088
29.75000 0.03089
29.85000 0.03090
29.95000 0.03091
