 0.05000 0.00000
 0.15000 0.00000
 0.25000 0.00000
 0.35000 0.00000
 0.45000 0.00000
 0.55000 0.00000
 0.65000 0.00000
 0.75000 0.00000
 0.85000 0.00000
 0.95000 0.00000
 1.05000 0.00000
 1.15000 0.00000
 1.25000 0.00000
 1.35000 0.00000
 1.45000 0.00000
 1.55000 0.00000
 1.65000 0.00000
 1.75000 0.00000
 1.85000 0.00000
 1.95000 0.00000
 2.05000 0.00000
 2.15000 0.00000
 2.25000 0.00000
 2.35000 0.00000
 2.45000 0.00000
 2.55000 0.00035
 2.65000 0.00495
 2.75000 0.01641
 2.85000 0.02360
 2.95000 0.02208
 3.05000 0.01770
 3.15000 0.01444
 3.25000 0.01290
 3.35000 0.01248
 3.45000 0.01270
 3.55000 0.01320
 3.65000 0.01372
 3.75000 0.01417
 3.85000 0.01443
 3.95000 0.01451
 4.05000 0.01443
 4.15000 0.01421
 4.25000 0.01396
 4.35000 0.01366
 4.45000 0.01337
 4.55000 0.01311
 4.65000 0.01289
 4.75000 0.01276
 4.85000 0.01274
 4.95000 0.01287
 5.05000 0.01316
 5.15000 0.01359
 5.25000 0.01416
 5.35000 0.01480
 5.45000 0.01546
 5.55000 0.01600
 5.65000 0.01636
 5.75000 0.01649
 5.85000 0.01645
 5.95000 0.01638
 6.05000 0.01633
 6.15000 0.01639
 6.25000 0.01658
 6.35000 0.01688
 6.45000 0.01720
 6.55000 0.01743
 6.65000 0.01759
 6.75000 0.01774
 6.85000 0.01794
 6.95000 0.01819
 7.05000 0.01847
 7.15000 0.01876
 7.25000 0.01900
 7.35000 0.01923
 7.45000 0.01942
 7.55000 0.01961
 7.65000 0.01983
 7.75000 0.02007
 7.85000 0.02037
 7.95000 0.02070
 8.05000 0.02108
 8.15000 0.02149
 8.25000 0.02185
 8.35000 0.02213
 8.45000 0.02231
 8.55000 0.02239
 8.65000 0.02240
 8.75000 0.02236
 8.85000 0.02229
 8.95000 0.02223
 9.05000 0.02218
 9.15000 0.02215
 9.25000 0.02213
 9.35000 0.02215
 9.45000 0.02219
 9.55000 0.02225
 9.65000 0.02234
 9.75000 0.02244
 9.85000 0.02257
 9.95000 0.02269
10.05000 0.02281
10.15000 0.02294
10.25000 0.02307
10.35000 0.02321
10.45000 0.02335
10.55000 0.02349
10.65000 0.02363
10.75000 0.02376
10.85000 0.02392
10.95000 0.02406
11.05000 0.02421
11.15000 0.02435
11.25000 0.02445
11.35000 0.02453
11.45000 0.02460
11.55000 0.02465
11.65000 0.02468
11.75000 0.02473
11.85000 0.02479
11.95000 0.02485
12.05000 0.02495
12.15000 0.02503
12.25000 0.02511
12.35000 0.02520
12.45000 0.02530
12.55000 0.02537
12.65000 0.02545
12.75000 0.02552
12.85000 0.02558
12.95000 0.02566
13.05000 0.02573
13.15000 0.02581
13.25000 0.02589
13.35000 0.02597
13.45000 0.02606
13.55000 0.02616
13.65000 0.02625
13.75000 0.02634
13.85000 0.02643
13.95000 0.02651
14.05000 0.02659
14.15000 0.02667
14.25000 0.02673
14.35000 0.02680
14.45000 0.02686
14.55000 0.02691
14.65000 0.02696
14.75000 0.02700
14.85000 0.02705
14.95000 0.02709
15.05000 0.02713
15.15000 0.02716
15.25000 0.02721
15.35000 0.02724
15.45000 0.02729
15.55000 0.02734
15.65000 0.02739
15.75000 0.02745
15.85000 0.02750
15.95000 0.02755
16.05000 0.02760
16.15000 0.02765
16.25000 0.02769
16.35000 0.02773
16.45000 0.02778
16.55000 0.02781
16.65000 0.02785
16.75000 0.02789
16.85000 0.02793
16.95000 0.02797
17.05000 0.02801
17.15000 0.02804
17.25000 0.02806
17.35000 0.02810
17.45000 0.02812
17.55000 0.02815
17.65000 0.02817
17.75000 0.02820
17.85000 0.02822
17.95000 0.02825
18.05000 0.02827
18.15000 0.02829
18.25000 0.02832
18.35000 0.02834
18.45000 0.02837
18.55000 0.02839
18.65000 0.02842
18.75000 0.02845
18.85000 0.02847
18.95000 0.02851
19.05000 0.02854
19.15000 0.02856
19.25000 0.02860
19.35000 0.02863
19.45000 0.02865
19.55000 0.02868
19.65000 0.02871
19.75000 0.02874
19.85000 0.02876
19.95000 0.02879
20.05000 0.02881
20.15000 0.02884
20.25000 0.02886
20.35000 0.02888
20.45000 0.02891
20.55000 0.02893
20.65000 0.02896
20.75000 0.02898
20.85000 0.02901
20.95000 0.02903
21.05000 0.02905
21.15000 0.02908
21.25000 0.02911
21.35000 0.02914
21.45000 0.02917
21.55000 0.02920
21.65000 0.02923
21.75000 0.02925
21.85000 0.02928
21.95000 0.02931
22.05000 0.02934
22.15000 0.02937
22.25000 0.02940
22.35000 0.02943
22.45000 0.02946
22.55000 0.02949
22.65000 0.02952
22.75000 0.02954
22.85000 0.02957
22.95000 0.02960
23.05000 0.02963
23.15000 0.02966
23.25000 0.02968
23.35000 0.02972
23.45000 0.02974
23.55000 0.02976
23.65000 0.02979
23.75000 0.02982
23.85000 0.02985
23.95000 0.02987
24.05000 0.02989
24.15000 0.02991
24.25000 0.02993
24.35000 0.02995
24.45000 0.02997
24.55000 0.03000
24.65000 0.03001
24.75000 0.03004
24.85000 0.03007
24.95000 0.03009
25.05000 0.03011
25.15000 0.03013
25.25000 0.03015
25.35000 0.03017
25.45000 0.03019
25.55000 0.03021
25.65000 0.03023
25.75000 0.03025
25.85000 0.03027
25.95000 0.03029
26.05000 0.03030
26.15000 0.03033
26.25000 0.03034
26.35000 0.03036
26.45000 0.03037
26.55000 0.03039
26.65000 0.03041
26.75000 0.03043
26.85000 0.03044
26.95000 0.03046
27.05000 0.03047
27.15000 0.03048
27.25000 0.03050
27.35000 0.03051
27.45000 0.03053
27.55000 0.03054
27.65000 0.03056
27.75000 0.03057
27.85000 0.03059
27.95000 0.03060
28.05000 0.03061
28.15000 0.03063
28.25000 0.03064
28.35000 0.03065
28.45000 0.03066
28.55000 0.03068
28.65000 0.03069
28.75000 0.03070
28.85000 0.03071
28.95000 0.03073
29.05000 0.03074
29.15000 0.03075
29.25000 0.03076
29.35000 0.03077
29.45000 0.03079
29.55000 0.03080
29.65000 0.03081
29.75000 0.03083
29.85000 0.03084
29.95000 0.03085
