 0.05000 0.00000
 0.15000 0.00000
 0.25000 0.00000
 0.35000 0.00000
 0.45000 0.00000
 0.55000 0.00000
 0.65000 0.00000
 0.75000 0.00000
 0.85000 0.00000
 0.95000 0.00000
 1.05000 0.00000
 1.15000 0.00000
 1.25000 0.00000
 1.35000 0.00000
 1.45000 0.00000
 1.55000 0.00000
 1.65000 0.00000
 1.75000 0.00000
 1.85000 0.00000
 1.95000 0.00000
 2.05000 0.00000
 2.15000 0.00000
 2.25000 0.00000
 2.35000 0.00001
 2.45000 0.00116
 2.55000 0.01283
 2.65000 0.03411
 2.75000 0.04213
 2.85000 0.03599
 2.95000 0.02716
 3.05000 0.02127
 3.15000 0.01834
 3.25000 0.01702
 3.35000 0.01634
 3.45000 0.01589
 3.55000 0.01553
 3.65000 0.01520
 3.75000 0.01494
 3.85000 0.01477
 3.95000 0.01513
 4.05000 0.01530
 4.15000 0.01469
 4.25000 0.01436
 4.35000 0.01432
 4.45000 0.01437
 4.55000 0.01451
 4.65000 0.01472
 4.75000 0.01502
 4.85000 0.01543
 4.95000 0.01590
 5.05000 0.01642
 5.15000 0.01694
 5.25000 0.01746
 5.35000 0.01783
 5.45000 0.01788
 5.55000 0.01764
 5.65000 0.01727
 5.75000 0.01696
 5.85000 0.01682
 5.95000 0.01681
 6.05000 0.01693
 6.15000 0.01713
 6.25000 0.01739
 6.35000 0.01768
 6.45000 0.01800
 6.55000 0.01837
 6.65000 0.01880
 6.75000 0.01935
 6.85000 0.02004
 6.95000 0.02077
 7.05000 0.02129
 7.15000 0.02144
 7.25000 0.02129
 7.35000 0.02104
 7.45000 0.02084
 7.55000 0.02070
 7.65000 0.02062
 7.75000 0.02056
 7.85000 0.02054
 7.95000 0.02054
 8.05000 0.02054
 8.15000 0.02058
 8.25000 0.02062
 8.35000 0.02070
 8.45000 0.02078
 8.55000 0.02089
 8.65000 0.02104
 8.75000 0.02120
 8.85000 0.02139
 8.95000 0.02162
 9.05000 0.02188
 9.15000 0.02216
 9.25000 0.02247
 9.35000 0.02277
 9.45000 0.02308
 9.55000 0.02335
 9.65000 0.02357
 9.75000 0.02374
 9.85000 0.02388
 9.95000 0.02397
10.05000 0.02404
10.15000 0.02409
10.25000 0.02412
10.35000 0.02416
10.45000 0.02418
10.55000 0.02422
10.65000 0.02426
10.75000 0.02431
10.85000 0.02435
10.95000 0.02439
11.05000 0.02443
11.15000 0.02446
11.25000 0.02448
11.35000 0.02451
11.45000 0.02455
11.55000 0.02461
11.65000 0.02469
11.75000 0.02479
11.85000 0.02491
11.95000 0.02503
12.05000 0.02516
12.15000 0.02528
12.25000 0.02538
12.35000 0.02548
12.45000 0.02557
12.55000 0.02566
12.65000 0.02574
12.75000 0.02582
12.85000 0.02589
12.95000 0.02596
13.05000 0.02604
13.15000 0.02610
13.25000 0.02616
13.35000 0.02622
13.45000 0.02627
13.55000 0.02633
13.65000 0.02637
13.75000 0.02643
13.85000 0.02647
13.95000 0.02653
14.05000 0.02657
14.15000 0.02662
14.25000 0.02666
14.35000 0.02672
14.45000 0.02678
14.55000 0.02683
14.65000 0.02687
14.75000 0.02692
14.85000 0.02696
14.95000 0.02700
15.05000 0.02705
15.15000 0.02709
15.25000 0.02714
15.35000 0.02719
15.45000 0.02722
15.55000 0.02727
15.65000 0.02731
15.75000 0.02736
15.85000 0.02741
15.95000 0.02746
16.05000 0.02751
16.15000 0.02755
16.25000 0.02761
16.35000 0.02765
16.45000 0.02769
16.55000 0.02773
16.65000 0.02778
16.75000 0.02781
16.85000 0.02785
16.95000 0.02790
17.05000 0.02794
17.15000 0.02797
17.25000 0.02801
17.35000 0.02805
17.45000 0.02809
17.55000 0.02813
17.65000 0.02817
17.75000 0.02821
17.85000 0.02825
17.95000 0.02829
18.05000 0.02832
18.15000 0.02835
18.25000 0.02838
18.35000 0.02842
18.45000 0.02845
18.55000 0.02848
18.65000 0.02851
18.75000 0.02855
18.85000 0.02858
18.95000 0.02861
19.05000 0.02864
19.15000 0.02867
19.25000 0.02871
19.35000 0.02874
19.45000 0.02877
19.55000 0.02880
19.65000 0.02883
19.75000 0.02886
19.85000 0.02889
19.95000 0.02893
20.05000 0.02896
20.15000 0.02899
20.25000 0.02903
20.35000 0.02906
20.45000 0.02909
20.55000 0.02912
20.65000 0.02916
20.75000 0.02919
20.85000 0.02922
20.95000 0.02925
21.05000 0.02927
21.15000 0.02930
21.25000 0.02932
21.35000 0.02935
21.45000 0.02937
21.55000 0.02939
21.65000 0.02941
21.75000 0.02943
21.85000 0.02945
21.95000 0.02947
22.05000 0.02949
22.15000 0.02952
22.25000 0.02954
22.35000 0.02956
22.45000 0.02958
22.55000 0.02960
22.65000 0.02963
22.75000 0.02965
22.85000 0.02967
22.95000 0.02969
23.05000 0.02971
23.15000 0.02974
23.25000 0.02976
23.35000 0.02978
23.45000 0.02980
23.55000 0.02982
23.65000 0.02984
23.75000 0.02986
23.85000 0.02987
23.95000 0.02989
24.05000 0.02991
24.15000 0.02993
24.25000 0.02995
24.35000 0.02996
24.45000 0.02998
24.55000 0.03000
24.65000 0.03001
24.75000 0.03003
24.85000 0.03005
24.95000 0.03006
25.05000 0.03009
25.15000 0.03010
25.25000 0.03012
25.35000 0.03014
25.45000 0.03016
25.55000 0.03018
25.65000 0.03020
25.75000 0.03021
25.85000 0.03023
25.95000 0.03026
26.05000 0.03027
26.15000 0.03029
26.25000 0.03031
26.35000 0.03033
26.45000 0.03034
26.55000 0.03037
26.65000 0.03038
26.75000 0.03040
26.85000 0.03042
26.95000 0.03044
27.05000 0.03045
27.15000 0.03047
27.25000 0.03049
27.35000 0.03050
27.45000 0.03052
27.55000 0.03053
27.65000 0.03055
27.75000 0.03056
27.85000 0.03057
27.95000 0.03059
28.05000 0.03060
28.15000 0.03062
28.25000 0.03063
28.35000 0.03064
28.45000 0.03066
28.55000 0.03066
28.65000 0.03068
28.75000 0.03069
28.85000 0.03071
28.95000 0.03071
29.05000 0.03073
29.15000 0.03074
29.25000 0.03075
29.35000 0.03077
29.45000 0.03078
29.55000 0.03079
29.65000 0.03080
29.75000 0.03081
29.85000 0.03083
29.95000 0.03084
