 0.05000 0.00000
 0.15000 0.00000
 0.25000 0.00000
 0.35000 0.00000
 0.45000 0.00000
 0.55000 0.00000
 0.65000 0.00000
 0.75000 0.00000
 0.85000 0.00000
 0.95000 0.00000
 1.05000 0.00000
 1.15000 0.00000
 1.25000 0.00000
 1.35000 0.00000
 1.45000 0.00000
 1.55000 0.00000
 1.65000 0.00000
 1.75000 0.00000
 1.85000 0.00000
 1.95000 0.00000
 2.05000 0.00000
 2.15000 0.00000
 2.25000 0.00000
 2.35000 0.00000
 2.45000 0.00000
 2.55000 0.00014
 2.65000 0.00220
 2.75000 0.00818
 2.85000 0.01304
 2.95000 0.01339
 3.05000 0.01153
 3.15000 0.00986
 3.25000 0.00896
 3.35000 0.00878
 3.45000 0.00900
 3.55000 0.00937
 3.65000 0.00969
 3.75000 0.00985
 3.85000 0.00982
 3.95000 0.00971
 4.05000 0.00961
 4.15000 0.00951
 4.25000 0.00953
 4.35000 0.00966
 4.45000 0.00995
 4.55000 0.01070
 4.65000 0.01221
 4.75000 0.01380
 4.85000 0.01469
 4.95000 0.01506
 5.05000 0.01514
 5.15000 0.01498
 5.25000 0.01473
 5.35000 0.01454
 5.45000 0.01449
 5.55000 0.01454
 5.65000 0.01474
 5.75000 0.01513
 5.85000 0.01574
 5.95000 0.01648
 6.05000 0.01724
 6.15000 0.01785
 6.25000 0.01823
 6.35000 0.01841
 6.45000 0.01844
 6.55000 0.01846
 6.65000 0.01854
 6.75000 0.01853
 6.85000 0.01842
 6.95000 0.01834
 7.05000 0.01837
 7.15000 0.01848
 7.25000 0.01861
 7.35000 0.01875
 7.45000 0.01888
 7.55000 0.01902
 7.65000 0.01912
 7.75000 0.01925
 7.85000 0.01937
 7.95000 0.01952
 8.05000 0.01970
 8.15000 0.01992
 8.25000 0.02018
 8.35000 0.02045
 8.45000 0.02074
 8.55000 0.02103
 8.65000 0.02129
 8.75000 0.02151
 8.85000 0.02167
 8.95000 0.02179
 9.05000 0.02189
 9.15000 0.02197
 9.25000 0.02204
 9.35000 0.02212
 9.45000 0.02225
 9.55000 0.02239
 9.65000 0.02255
 9.75000 0.02271
 9.85000 0.02286
 9.95000 0.02299
10.05000 0.02311
10.15000 0.02323
10.25000 0.02334
10.35000 0.02346
10.45000 0.02356
10.55000 0.02366
10.65000 0.02375
10.75000 0.02386
10.85000 0.02398
10.95000 0.02410
11.05000 0.02422
11.15000 0.02432
11.25000 0.02444
11.35000 0.02455
11.45000 0.02464
11.55000 0.02472
11.65000 0.02480
11.75000 0.02488
11.85000 0.02495
11.95000 0.02502
12.05000 0.02508
12.15000 0.02515
12.25000 0.02522
12.35000 0.02528
12.45000 0.02534
12.55000 0.02541
12.65000 0.02547
12.75000 0.02553
12.85000 0.02559
12.95000 0.02565
13.05000 0.02572
13.15000 0.02578
13.25000 0.02585
13.35000 0.02592
13.45000 0.02598
13.55000 0.02604
13.65000 0.02611
13.75000 0.02617
13.85000 0.02623
13.95000 0.02629
14.05000 0.02635
14.15000 0.02641
14.25000 0.02647
14.35000 0.02653
14.45000 0.02658
14.55000 0.02663
14.65000 0.02668
14.75000 0.02673
14.85000 0.02678
14.95000 0.02683
15.05000 0.02688
15.15000 0.02693
15.25000 0.02699
15.35000 0.02704
15.45000 0.02709
15.55000 0.02714
15.65000 0.02719
15.75000 0.02723
15.85000 0.02729
15.95000 0.02734
16.05000 0.02738
16.15000 0.02742
16.25000 0.02747
16.35000 0.02750
16.45000 0.02755
16.55000 0.02759
16.65000 0.02763
16.75000 0.02768
16.85000 0.02772
16.95000 0.02776
17.05000 0.02780
17.15000 0.02784
17.25000 0.02787
17.35000 0.02790
17.45000 0.02794
17.55000 0.02796
17.65000 0.02799
17.75000 0.02802
17.85000 0.02806
17.95000 0.02809
18.05000 0.02812
18.15000 0.02815
18.25000 0.02819
18.35000 0.02822
18.45000 0.02827
18.55000 0.02830
18.65000 0.02834
18.75000 0.02838
18.85000 0.02841
18.95000 0.02845
19.05000 0.02848
19.15000 0.02851
19.25000 0.02854
19.35000 0.02857
19.45000 0.02860
19.55000 0.02862
19.65000 0.02865
19.75000 0.02868
19.85000 0.02872
19.95000 0.02874
20.05000 0.02878
20.15000 0.02881
20.25000 0.02884
20.35000 0.02887
20.45000 0.02891
20.55000 0.02893
20.65000 0.02896
20.75000 0.02899
20.85000 0.02902
20.95000 0.02905
21.05000 0.02908
21.15000 0.02911
21.25000 0.02913
21.35000 0.02916
21.45000 0.02920
21.55000 0.02923
21.65000 0.02926
21.75000 0.02929
21.85000 0.02932
21.95000 0.02935
22.05000 0.02939
22.15000 0.02941
22.25000 0.02945
22.35000 0.02948
22.45000 0.02951
22.55000 0.02955
22.65000 0.02958
22.75000 0.02961
22.85000 0.02964
22.95000 0.02967
23.05000 0.02970
23.15000 0.02973
23.25000 0.02976
23.35000 0.02979
23.45000 0.02982
23.55000 0.02984
23.65000 0.02987
23.75000 0.02989
23.85000 0.02991
23.95000 0.02994
24.05000 0.02996
24.15000 0.02998
24.25000 0.03000
24.35000 0.03001
24.45000 0.03004
24.55000 0.03005
24.65000 0.03007
24.75000 0.03009
24.85000 0.03010
24.95000 0.03012
25.05000 0.03014
25.15000 0.03016
25.25000 0.03018
25.35000 0.03020
25.45000 0.03022
25.55000 0.03024
25.65000 0.03026
25.75000 0.03028
25.85000 0.03030
25.95000 0.03032
26.05000 0.03034
26.15000 0.03036
26.25000 0.03038
26.35000 0.03041
26.45000 0.03043
26.55000 0.03044
26.65000 0.03046
26.75000 0.03048
26.85000 0.03049
26.95000 0.03051
27.05000 0.03052
27.15000 0.03054
27.25000 0.03055
27.35000 0.03057
27.45000 0.03058
27.55000 0.03059
27.65000 0.03061
27.75000 0.03062
27.85000 0.03063
27.95000 0.03064
28.05000 0.03066
28.15000 0.03067
28.25000 0.03069
28.35000 0.03070
28.45000 0.03071
28.55000 0.03073
28.65000 0.03074
28.75000 0.03075
28.85000 0.03076
28.95000 0.03078
29.05000 0.03079
29.15000 0.03080
29.25000 0.03082
29.35000 0.03083
29.45000 0.03084
29.55000 0.03086
29.65000 0.03087
29.75000 0.03088
29.85000 0.03089
29.95000 0.03091
