 0.05000 0.00000
 0.15000 0.00000
 0.25000 0.00000
 0.35000 0.00000
 0.45000 0.00000
 0.55000 0.00000
 0.65000 0.00000
 0.75000 0.00000
 0.85000 0.00000
 0.95000 0.00000
 1.05000 0.00000
 1.15000 0.00000
 1.25000 0.00000
 1.35000 0.00000
 1.45000 0.00000
 1.55000 0.00000
 1.65000 0.00000
 1.75000 0.00000
 1.85000 0.00000
 1.95000 0.00000
 2.05000 0.00000
 2.15000 0.00000
 2.25000 0.00000
 2.35000 0.00000
 2.45000 0.00000
 2.55000 0.00034
 2.65000 0.00450
 2.75000 0.01443
 2.85000 0.02059
 2.95000 0.01961
 3.05000 0.01620
 3.15000 0.01366
 3.25000 0.01255
 3.35000 0.01247
 3.45000 0.01294
 3.55000 0.01360
 3.65000 0.01425
 3.75000 0.01469
 3.85000 0.01491
 3.95000 0.01491
 4.05000 0.01480
 4.15000 0.01468
 4.25000 0.01467
 4.35000 0.01477
 4.45000 0.01504
 4.55000 0.01551
 4.65000 0.01641
 4.75000 0.01792
 4.85000 0.01951
 4.95000 0.01995
 5.05000 0.01916
 5.15000 0.01808
 5.25000 0.01744
 5.35000 0.01727
 5.45000 0.01743
 5.55000 0.01771
 5.65000 0.01802
 5.75000 0.01825
 5.85000 0.01834
 5.95000 0.01831
 6.05000 0.01823
 6.15000 0.01812
 6.25000 0.01802
 6.35000 0.01794
 6.45000 0.01791
 6.55000 0.01792
 6.65000 0.01799
 6.75000 0.01812
 6.85000 0.01828
 6.95000 0.01845
 7.05000 0.01863
 7.15000 0.01881
 7.25000 0.01901
 7.35000 0.01919
 7.45000 0.01937
 7.55000 0.01956
 7.65000 0.01971
 7.75000 0.01986
 7.85000 0.02000
 7.95000 0.02015
 8.05000 0.02031
 8.15000 0.02048
 8.25000 0.02064
 8.35000 0.02080
 8.45000 0.02095
 8.55000 0.02111
 8.65000 0.02128
 8.75000 0.02149
 8.85000 0.02172
 8.95000 0.02195
 9.05000 0.02218
 9.15000 0.02239
 9.25000 0.02257
 9.35000 0.02273
 9.45000 0.02289
 9.55000 0.02305
 9.65000 0.02320
 9.75000 0.02335
 9.85000 0.02349
 9.95000 0.02360
10.05000 0.02368
10.15000 0.02375
10.25000 0.02382
10.35000 0.02389
10.45000 0.02397
10.55000 0.02405
10.65000 0.02415
10.75000 0.02424
10.85000 0.02434
10.95000 0.02445
11.05000 0.02455
11.15000 0.02465
11.25000 0.02474
11.35000 0.02482
11.45000 0.02488
11.55000 0.02493
11.65000 0.02497
11.75000 0.02501
11.85000 0.02505
11.95000 0.02511
12.05000 0.02518
12.15000 0.02528
12.25000 0.02538
12.35000 0.02549
12.45000 0.02561
12.55000 0.02571
12.65000 0.02580
12.75000 0.02589
12.85000 0.02597
12.95000 0.02604
13.05000 0.02610
13.15000 0.02616
13.25000 0.02623
13.35000 0.02628
13.45000 0.02634
13.55000 0.02641
13.65000 0.02647
13.75000 0.02654
13.85000 0.02659
13.95000 0.02664
14.05000 0.02669
14.15000 0.02674
14.25000 0.02680
14.35000 0.02684
14.45000 0.02689
14.55000 0.02695
14.65000 0.02700
14.75000 0.02705
14.85000 0.02711
14.95000 0.02717
15.05000 0.02722
15.15000 0.02728
15.25000 0.02733
15.35000 0.02739
15.45000 0.02744
15.55000 0.02749
15.65000 0.02754
15.75000 0.02759
15.85000 0.02763
15.95000 0.02767
16.05000 0.02771
16.15000 0.02774
16.25000 0.02777
16.35000 0.02780
16.45000 0.02782
16.55000 0.02785
16.65000 0.02788
16.75000 0.02791
16.85000 0.02794
16.95000 0.02797
17.05000 0.02800
17.15000 0.02803
17.25000 0.02806
17.35000 0.02810
17.45000 0.02813
17.55000 0.02818
17.65000 0.02822
17.75000 0.02826
17.85000 0.02830
17.95000 0.02834
18.05000 0.02838
18.15000 0.02842
18.25000 0.02846
18.35000 0.02849
18.45000 0.02853
18.55000 0.02856
18.65000 0.02859
18.75000 0.02862
18.85000 0.02865
18.95000 0.02868
19.05000 0.02871
19.15000 0.02873
19.25000 0.02876
19.35000 0.02878
19.45000 0.02881
19.55000 0.02884
19.65000 0.02886
19.75000 0.02889
19.85000 0.02892
19.95000 0.02895
20.05000 0.02897
20.15000 0.02900
20.25000 0.02903
20.35000 0.02906
20.45000 0.02909
20.55000 0.02911
20.65000 0.02914
20.75000 0.02917
20.85000 0.02919
20.95000 0.02921
21.05000 0.02923
21.15000 0.02926
21.25000 0.02928
21.35000 0.02931
21.45000 0.02933
21.55000 0.02936
21.65000 0.02938
21.75000 0.02941
21.85000 0.02943
21.95000 0.02946
22.05000 0.02948
22.15000 0.02950
22.25000 0.02953
22.35000 0.02955
22.45000 0.02957
22.55000 0.02959
22.65000 0.02960
22.75000 0.02962
22.85000 0.02964
22.95000 0.02966
23.05000 0.02967
23.15000 0.02969
23.25000 0.02970
23.35000 0.02972
23.45000 0.02974
23.55000 0.02976
23.65000 0.02977
23.75000 0.02979
23.85000 0.02981
23.95000 0.02984
24.05000 0.02986
24.15000 0.02988
24.25000 0.02990
24.35000 0.02992
24.45000 0.02994
24.55000 0.02997
24.65000 0.02999
24.75000 0.03001
24.85000 0.03003
24.95000 0.03005
25.05000 0.03007
25.15000 0.03009
25.25000 0.03011
25.35000 0.03013
25.45000 0.03015
25.55000 0.03017
25.65000 0.03019
25.75000 0.03021
25.85000 0.03022
25.95000 0.03024
26.05000 0.03026
26.15000 0.03028
26.25000 0.03029
26.35000 0.03031
26.45000 0.03033
26.55000 0.03035
26.65000 0.03036
26.75000 0.03038
26.85000 0.03039
26.95000 0.03041
27.05000 0.03043
27.15000 0.03045
27.25000 0.03047
27.35000 0.03049
27.45000 0.03050
27.55000 0.03052
27.65000 0.03054
27.75000 0.03056
27.85000 0.03057
27.95000 0.03059
28.05000 0.03060
28.15000 0.03061
28.25000 0.03063
28.35000 0.03065
28.45000 0.03066
28.55000 0.03067
28.65000 0.03069
28.75000 0.03070
28.85000 0.03071
28.95000 0.03073
29.05000 0.03074
29.15000 0.03075
29.25000 0.03076
29.35000 0.03077
29.45000 0.03078
29.55000 0.03079
29.65000 0.03080
29.75000 0.03081
29.85000 0.03083
29.95000 0.03084
