 0.05000 0.00000
 0.15000 0.00000
 0.25000 0.00000
 0.35000 0.00000
 0.45000 0.00000
 0.55000 0.00000
 0.65000 0.00000
 0.75000 0.00000
 0.85000 0.00000
 0.95000 0.00000
 1.05000 0.00000
 1.15000 0.00000
 1.25000 0.00000
 1.35000 0.00000
 1.45000 0.00000
 1.55000 0.00000
 1.65000 0.00000
 1.75000 0.00000
 1.85000 0.00000
 1.95000 0.00000
 2.05000 0.00000
 2.15000 0.00000
 2.25000 0.00000
 2.35000 0.00000
 2.45000 0.00000
 2.55000 0.00000
 2.65000 0.00000
 2.75000 0.00000
 2.85000 0.00000
 2.95000 0.00001
 3.05000 0.00027
 3.15000 0.00200
 3.25000 0.00762
 3.35000 0.01824
 3.45000 0.03074
 3.55000 0.03995
 3.65000 0.04397
 3.75000 0.04452
 3.85000 0.04320
 3.95000 0.03879
 4.05000 0.03051
 4.15000 0.02140
 4.25000 0.01498
 4.35000 0.01165
 4.45000 0.01042
 4.55000 0.01037
 4.65000 0.01090
 4.75000 0.01172
 4.85000 0.01273
 4.95000 0.01385
 5.05000 0.01501
 5.15000 0.01620
 5.25000 0.01755
 5.35000 0.01923
 5.45000 0.02010
 5.55000 0.01989
 5.65000 0.02006
 5.75000 0.02055
 5.85000 0.02112
 5.95000 0.02168
 6.05000 0.02216
 6.15000 0.02237
 6.25000 0.02223
 6.35000 0.02178
 6.45000 0.02125
 6.55000 0.02075
 6.65000 0.02039
 6.75000 0.02013
 6.85000 0.02000
 6.95000 0.02001
 7.05000 0.02020
 7.15000 0.02052
 7.25000 0.02087
 7.35000 0.02120
 7.45000 0.02147
 7.55000 0.02168
 7.65000 0.02183
 7.75000 0.02197
 7.85000 0.02211
 7.95000 0.02226
 8.05000 0.02240
 8.15000 0.02257
 8.25000 0.02271
 8.35000 0.02283
 8.45000 0.02294
 8.55000 0.02302
 8.65000 0.02309
 8.75000 0.02315
 8.85000 0.02321
 8.95000 0.02328
 9.05000 0.02335
 9.15000 0.02344
 9.25000 0.02353
 9.35000 0.02362
 9.45000 0.02370
 9.55000 0.02377
 9.65000 0.02384
 9.75000 0.02391
 9.85000 0.02398
 9.95000 0.02404
10.05000 0.02409
10.15000 0.02413
10.25000 0.02415
10.35000 0.02414
10.45000 0.02414
10.55000 0.02414
10.65000 0.02416
10.75000 0.02418
10.85000 0.02422
10.95000 0.02428
11.05000 0.02434
11.15000 0.02444
11.25000 0.02453
11.35000 0.02463
11.45000 0.02473
11.55000 0.02481
11.65000 0.02489
11.75000 0.02495
11.85000 0.02500
11.95000 0.02504
12.05000 0.02509
12.15000 0.02513
12.25000 0.02517
12.35000 0.02522
12.45000 0.02527
12.55000 0.02534
12.65000 0.02539
12.75000 0.02546
12.85000 0.02551
12.95000 0.02556
13.05000 0.02560
13.15000 0.02564
13.25000 0.02569
13.35000 0.02573
13.45000 0.02578
13.55000 0.02583
13.65000 0.02590
13.75000 0.02596
13.85000 0.02603
13.95000 0.02609
14.05000 0.02614
14.15000 0.02620
14.25000 0.02625
14.35000 0.02629
14.45000 0.02635
14.55000 0.02640
14.65000 0.02645
14.75000 0.02651
14.85000 0.02656
14.95000 0.02662
15.05000 0.02668
15.15000 0.02674
15.25000 0.02679
15.35000 0.02685
15.45000 0.02690
15.55000 0.02695
15.65000 0.02701
15.75000 0.02706
15.85000 0.02711
15.95000 0.02716
16.05000 0.02721
16.15000 0.02725
16.25000 0.02730
16.35000 0.02735
16.45000 0.02741
16.55000 0.02747
16.65000 0.02753
16.75000 0.02759
16.85000 0.02766
16.95000 0.02773
17.05000 0.02778
17.15000 0.02785
17.25000 0.02790
17.35000 0.02796
17.45000 0.02801
17.55000 0.02805
17.65000 0.02810
17.75000 0.02814
17.85000 0.02818
17.95000 0.02822
18.05000 0.02826
18.15000 0.02830
18.25000 0.02833
18.35000 0.02837
18.45000 0.02840
18.55000 0.02843
18.65000 0.02847
18.75000 0.02850
18.85000 0.02853
18.95000 0.02857
19.05000 0.02860
19.15000 0.02864
19.25000 0.02867
19.35000 0.02871
19.45000 0.02874
19.55000 0.02878
19.65000 0.02881
19.75000 0.02884
19.85000 0.02887
19.95000 0.02891
20.05000 0.02894
20.15000 0.02896
20.25000 0.02899
20.35000 0.02902
20.45000 0.02905
20.55000 0.02908
20.65000 0.02910
20.75000 0.02913
20.85000 0.02916
20.95000 0.02918
21.05000 0.02921
21.15000 0.02923
21.25000 0.02926
21.35000 0.02929
21.45000 0.02931
21.55000 0.02934
21.65000 0.02936
21.75000 0.02939
21.85000 0.02941
21.95000 0.02943
22.05000 0.02946
22.15000 0.02948
22.25000 0.02950
22.35000 0.02952
22.45000 0.02954
22.55000 0.02956
22.65000 0.02958
22.75000 0.02960
22.85000 0.02962
22.95000 0.02964
23.05000 0.02966
23.15000 0.02968
23.25000 0.02970
23.35000 0.02972
23.45000 0.02974
23.55000 0.02976
23.65000 0.02978
23.75000 0.02980
23.85000 0.02983
23.95000 0.02984
24.05000 0.02987
24.15000 0.02988
24.25000 0.02990
24.35000 0.02992
24.45000 0.02994
24.55000 0.02996
24.65000 0.02997
24.75000 0.02999
24.85000 0.03001
24.95000 0.03002
25.05000 0.03004
25.15000 0.03006
25.25000 0.03008
25.35000 0.03009
25.45000 0.03011
25.55000 0.03013
25.65000 0.03015
25.75000 0.03016
25.85000 0.03018
25.95000 0.03020
26.05000 0.03022
26.15000 0.03023
26.25000 0.03025
26.35000 0.03027
26.45000 0.03029
26.55000 0.03030
26.65000 0.03032
26.75000 0.03033
26.85000 0.03034
26.95000 0.03036
27.05000 0.03038
27.15000 0.03039
27.25000 0.03041
27.35000 0.03042
27.45000 0.03044
27.55000 0.03046
27.65000 0.03047
27.75000 0.03049
27.85000 0.03050
27.95000 0.03052
28.05000 0.03053
28.15000 0.03055
28.25000 0.03056
28.35000 0.03058
28.45000 0.03059
28.55000 0.03061
28.65000 0.03062
28.75000 0.03064
28.85000 0.03065
28.95000 0.03066
29.05000 0.03068
29.15000 0.03069
29.25000 0.03070
29.35000 0.03071
29.45000 0.03073
29.55000 0.03074
29.65000 0.03075
29.75000 0.03077
29.85000 0.03078
29.95000 0.03079
