   0.050   0.000
   0.150   0.000
   0.250   0.000
   0.350   0.000
   0.450   0.000
   0.550   0.000
   0.650   0.000
   0.750   0.000
   0.850   0.000
   0.950   0.000
   1.050   0.000
   1.150   0.000
   1.250   0.000
   1.350   0.000
   1.450   0.000
   1.550   0.000
   1.650   0.000
   1.750   0.000
   1.850   0.000
   1.950   0.000
   2.050   0.000
   2.150   0.000
   2.250   0.000
   2.350   0.000
   2.450   0.000
   2.550   0.002
   2.650   0.036
   2.750   0.132
   2.850   0.204
   2.950   0.190
   3.050   0.139
   3.150   0.092
   3.250   0.062
   3.350   0.045
   3.450   0.035
   3.550   0.030
   3.650   0.027
   3.750   0.026
   3.850   0.026
   3.950   0.026
   4.050   0.026
   4.150   0.027
   4.250   0.027
   4.350   0.027
   4.450   0.029
   4.550   0.033
   4.650   0.038
   4.750   0.046
   4.850   0.056
   4.950   0.068
   5.050   0.082
   5.150   0.095
   5.250   0.108
   5.350   0.121
   5.450   0.136
   5.550   0.155
   5.650   0.185
   5.750   0.231
   5.850   0.264
   5.950   0.266
   6.050   0.250
   6.150   0.238
   6.250   0.232
   6.350   0.223
   6.450   0.207
   6.550   0.194
   6.650   0.182
   6.750   0.161
   6.850   0.137
   6.950   0.117
   7.050   0.106
   7.150   0.101
   7.250   0.099
   7.350   0.100
   7.450   0.101
   7.550   0.104
   7.650   0.106
   7.750   0.108
   7.850   0.111
   7.950   0.114
   8.050   0.118
   8.150   0.121
   8.250   0.124
   8.350   0.126
   8.450   0.127
   8.550   0.127
   8.650   0.126
   8.750   0.125
   8.850   0.124
   8.950   0.124
   9.050   0.124
   9.150   0.124
   9.250   0.124
   9.350   0.124
   9.450   0.124
   9.550   0.124
   9.650   0.123
   9.750   0.122
   9.850   0.121
   9.950   0.120
  10.050   0.119
  10.150   0.117
  10.250   0.116
  10.350   0.114
  10.450   0.112
  10.550   0.111
  10.650   0.110
  10.750   0.110
  10.850   0.110
  10.950   0.110
  11.050   0.111
  11.150   0.111
  11.250   0.112
  11.350   0.112
  11.450   0.112
  11.550   0.111
  11.650   0.110
  11.750   0.109
  11.850   0.107
  11.950   0.106
  12.050   0.104
  12.150   0.103
  12.250   0.102
  12.350   0.102
  12.450   0.101
  12.550   0.100
  12.650   0.099
  12.750   0.098
  12.850   0.097
  12.950   0.097
  13.050   0.096
  13.150   0.095
  13.250   0.094
  13.350   0.093
  13.450   0.092
  13.550   0.092
  13.650   0.091
  13.750   0.091
  13.850   0.091
  13.950   0.091
  14.050   0.091
  14.150   0.091
  14.250   0.090
  14.350   0.089
  14.450   0.088
  14.550   0.088
  14.650   0.087
  14.750   0.086
  14.850   0.085
  14.950   0.085
  15.050   0.084
  15.150   0.083
  15.250   0.083
  15.350   0.082
  15.450   0.082
  15.550   0.081
  15.650   0.080
  15.750   0.080
  15.850   0.079
  15.950   0.079
  16.050   0.078
  16.150   0.078
  16.250   0.077
  16.350   0.077
  16.450   0.076
  16.550   0.076
  16.650   0.076
  16.750   0.075
  16.850   0.075
  16.950   0.074
  17.050   0.074
  17.150   0.073
  17.250   0.073
  17.350   0.073
  17.450   0.072
  17.550   0.072
  17.650   0.072
  17.750   0.071
  17.850   0.071
  17.950   0.070
  18.050   0.070
  18.150   0.069
  18.250   0.069
  18.350   0.068
  18.450   0.068
  18.550   0.067
  18.650   0.067
  18.750   0.067
  18.850   0.067
  18.950   0.067
  19.050   0.067
  19.150   0.067
  19.250   0.067
  19.350   0.066
  19.450   0.066
  19.550   0.066
  19.650   0.066
  19.750   0.065
  19.850   0.064
  19.950   0.064
  20.050   0.063
  20.150   0.062
  20.250   0.062
  20.350   0.061
  20.450   0.061
  20.550   0.060
  20.650   0.060
  20.750   0.059
  20.850   0.059
  20.950   0.059
  21.050   0.058
  21.150   0.058
  21.250   0.058
  21.350   0.057
  21.450   0.057
  21.550   0.057
  21.650   0.056
  21.750   0.056
  21.850   0.055
  21.950   0.055
  22.050   0.054
  22.150   0.054
  22.250   0.054
  22.350   0.053
  22.450   0.053
  22.550   0.053
  22.650   0.052
  22.750   0.052
  22.850   0.052
  22.950   0.051
  23.050   0.051
  23.150   0.051
  23.250   0.050
  23.350   0.050
  23.450   0.050
  23.550   0.049
  23.650   0.049
  23.750   0.049
  23.850   0.049
  23.950   0.049
  24.050   0.048
  24.150   0.048
  24.250   0.048
  24.350   0.048
  24.450   0.048
  24.550   0.047
  24.650   0.047
  24.750   0.047
  24.850   0.046
  24.950   0.046
  25.050   0.046
  25.150   0.046
  25.250   0.045
  25.350   0.045
  25.450   0.045
  25.550   0.045
  25.650   0.044
  25.750   0.044
  25.850   0.044
  25.950   0.043
  26.050   0.043
  26.150   0.043
  26.250   0.042
  26.350   0.042
  26.450   0.042
  26.550   0.042
  26.650   0.041
  26.750   0.041
  26.850   0.041
  26.950   0.041
  27.050   0.041
  27.150   0.041
  27.250   0.040
  27.350   0.040
  27.450   0.040
  27.550   0.040
  27.650   0.040
  27.750   0.039
  27.850   0.039
  27.950   0.039
  28.050   0.039
  28.150   0.039
  28.250   0.038
  28.350   0.038
  28.450   0.038
  28.550   0.038
  28.650   0.038
  28.750   0.038
  28.850   0.037
  28.950   0.037
  29.050   0.037
  29.150   0.037
  29.250   0.037
  29.350   0.037
  29.450   0.037
  29.550   0.036
  29.650   0.036
  29.750   0.036
  29.850   0.036
  29.950   0.036
