   0.050   0.000
   0.150   0.000
   0.250   0.000
   0.350   0.000
   0.450   0.000
   0.550   0.000
   0.650   0.000
   0.750   0.000
   0.850   0.000
   0.950   0.000
   1.050   0.000
   1.150   0.000
   1.250   0.000
   1.350   0.000
   1.450   0.000
   1.550   0.000
   1.650   0.000
   1.750   0.000
   1.850   0.000
   1.950   0.000
   2.050   0.000
   2.150   0.000
   2.250   0.000
   2.350   0.000
   2.450   0.000
   2.550   0.000
   2.650   0.000
   2.750   0.000
   2.850   0.000
   2.950   0.001
   3.050   0.009
   3.150   0.045
   3.250   0.124
   3.350   0.226
   3.450   0.284
   3.550   0.280
   3.650   0.262
   3.750   0.260
   3.850   0.268
   3.950   0.248
   4.050   0.180
   4.150   0.105
   4.250   0.059
   4.350   0.038
   4.450   0.029
   4.550   0.026
   4.650   0.027
   4.750   0.029
   4.850   0.034
   4.950   0.041
   5.050   0.050
   5.150   0.062
   5.250   0.077
   5.350   0.095
   5.450   0.114
   5.550   0.135
   5.650   0.155
   5.750   0.174
   5.850   0.189
   5.950   0.199
   6.050   0.203
   6.150   0.200
   6.250   0.192
   6.350   0.179
   6.450   0.163
   6.550   0.145
   6.650   0.130
   6.750   0.119
   6.850   0.115
   6.950   0.115
   7.050   0.118
   7.150   0.120
   7.250   0.122
   7.350   0.123
   7.450   0.125
   7.550   0.127
   7.650   0.130
   7.750   0.131
   7.850   0.131
   7.950   0.131
   8.050   0.131
   8.150   0.132
   8.250   0.132
   8.350   0.130
   8.450   0.128
   8.550   0.125
   8.650   0.123
   8.750   0.122
   8.850   0.122
   8.950   0.122
   9.050   0.122
   9.150   0.122
   9.250   0.122
   9.350   0.121
   9.450   0.119
   9.550   0.117
   9.650   0.114
   9.750   0.112
   9.850   0.109
   9.950   0.107
  10.050   0.105
  10.150   0.104
  10.250   0.103
  10.350   0.102
  10.450   0.102
  10.550   0.101
  10.650   0.099
  10.750   0.098
  10.850   0.096
  10.950   0.095
  11.050   0.094
  11.150   0.093
  11.250   0.093
  11.350   0.093
  11.450   0.093
  11.550   0.094
  11.650   0.093
  11.750   0.093
  11.850   0.093
  11.950   0.093
  12.050   0.093
  12.150   0.093
  12.250   0.092
  12.350   0.091
  12.450   0.090
  12.550   0.089
  12.650   0.089
  12.750   0.088
  12.850   0.087
  12.950   0.085
  13.050   0.083
  13.150   0.082
  13.250   0.080
  13.350   0.079
  13.450   0.078
  13.550   0.078
  13.650   0.078
  13.750   0.078
  13.850   0.078
  13.950   0.078
  14.050   0.078
  14.150   0.078
  14.250   0.079
  14.350   0.079
  14.450   0.079
  14.550   0.078
  14.650   0.078
  14.750   0.078
  14.850   0.078
  14.950   0.078
  15.050   0.078
  15.150   0.077
  15.250   0.077
  15.350   0.076
  15.450   0.076
  15.550   0.075
  15.650   0.074
  15.750   0.074
  15.850   0.073
  15.950   0.072
  16.050   0.072
  16.150   0.071
  16.250   0.071
  16.350   0.071
  16.450   0.071
  16.550   0.071
  16.650   0.071
  16.750   0.071
  16.850   0.071
  16.950   0.071
  17.050   0.071
  17.150   0.070
  17.250   0.070
  17.350   0.070
  17.450   0.070
  17.550   0.070
  17.650   0.069
  17.750   0.069
  17.850   0.069
  17.950   0.069
  18.050   0.069
  18.150   0.068
  18.250   0.068
  18.350   0.068
  18.450   0.067
  18.550   0.067
  18.650   0.066
  18.750   0.066
  18.850   0.066
  18.950   0.066
  19.050   0.066
  19.150   0.066
  19.250   0.065
  19.350   0.065
  19.450   0.064
  19.550   0.064
  19.650   0.063
  19.750   0.063
  19.850   0.062
  19.950   0.061
  20.050   0.061
  20.150   0.061
  20.250   0.060
  20.350   0.060
  20.450   0.060
  20.550   0.059
  20.650   0.059
  20.750   0.058
  20.850   0.058
  20.950   0.057
  21.050   0.057
  21.150   0.056
  21.250   0.056
  21.350   0.055
  21.450   0.055
  21.550   0.055
  21.650   0.054
  21.750   0.054
  21.850   0.054
  21.950   0.054
  22.050   0.053
  22.150   0.053
  22.250   0.053
  22.350   0.052
  22.450   0.052
  22.550   0.052
  22.650   0.052
  22.750   0.051
  22.850   0.051
  22.950   0.051
  23.050   0.051
  23.150   0.051
  23.250   0.050
  23.350   0.050
  23.450   0.050
  23.550   0.050
  23.650   0.049
  23.750   0.049
  23.850   0.049
  23.950   0.048
  24.050   0.048
  24.150   0.048
  24.250   0.048
  24.350   0.047
  24.450   0.047
  24.550   0.047
  24.650   0.047
  24.750   0.047
  24.850   0.047
  24.950   0.046
  25.050   0.046
  25.150   0.046
  25.250   0.046
  25.350   0.046
  25.450   0.046
  25.550   0.045
  25.650   0.045
  25.750   0.045
  25.850   0.045
  25.950   0.045
  26.050   0.044
  26.150   0.044
  26.250   0.044
  26.350   0.044
  26.450   0.043
  26.550   0.043
  26.650   0.043
  26.750   0.043
  26.850   0.042
  26.950   0.042
  27.050   0.042
  27.150   0.041
  27.250   0.041
  27.350   0.041
  27.450   0.041
  27.550   0.040
  27.650   0.040
  27.750   0.040
  27.850   0.040
  27.950   0.040
  28.050   0.040
  28.150   0.039
  28.250   0.039
  28.350   0.039
  28.450   0.039
  28.550   0.039
  28.650   0.039
  28.750   0.038
  28.850   0.038
  28.950   0.038
  29.050   0.038
  29.150   0.038
  29.250   0.038
  29.350   0.038
  29.450   0.037
  29.550   0.037
  29.650   0.037
  29.750   0.037
  29.850   0.037
  29.950   0.036
