   0.050   0.000
   0.150   0.000
   0.250   0.000
   0.350   0.000
   0.450   0.000
   0.550   0.000
   0.650   0.000
   0.750   0.000
   0.850   0.000
   0.950   0.000
   1.050   0.000
   1.150   0.000
   1.250   0.000
   1.350   0.000
   1.450   0.000
   1.550   0.000
   1.650   0.000
   1.750   0.000
   1.850   0.000
   1.950   0.000
   2.050   0.000
   2.150   0.000
   2.250   0.000
   2.350   0.000
   2.450   0.000
   2.550   0.023
   2.650   0.270
   2.750   0.787
   2.850   1.015
   2.950   0.844
   3.050   0.571
   3.150   0.365
   3.250   0.235
   3.350   0.160
   3.450   0.117
   3.550   0.091
   3.650   0.077
   3.750   0.069
   3.850   0.065
   3.950   0.066
   4.050   0.070
   4.150   0.076
   4.250   0.086
   4.350   0.099
   4.450   0.115
   4.550   0.133
   4.650   0.150
   4.750   0.164
   4.850   0.173
   4.950   0.177
   5.050   0.178
   5.150   0.179
   5.250   0.183
   5.350   0.189
   5.450   0.198
   5.550   0.203
   5.650   0.199
   5.750   0.184
   5.850   0.161
   5.950   0.139
   6.050   0.122
   6.150   0.111
   6.250   0.105
   6.350   0.101
   6.450   0.100
   6.550   0.101
   6.650   0.102
   6.750   0.103
   6.850   0.105
   6.950   0.107
   7.050   0.110
   7.150   0.112
   7.250   0.115
   7.350   0.118
   7.450   0.121
   7.550   0.122
   7.650   0.122
   7.750   0.122
   7.850   0.122
   7.950   0.122
   8.050   0.122
   8.150   0.121
   8.250   0.120
   8.350   0.119
   8.450   0.119
   8.550   0.119
   8.650   0.119
   8.750   0.120
   8.850   0.120
   8.950   0.120
   9.050   0.119
   9.150   0.119
   9.250   0.118
   9.350   0.118
   9.450   0.118
   9.550   0.117
   9.650   0.116
   9.750   0.115
   9.850   0.114
   9.950   0.114
  10.050   0.114
  10.150   0.115
  10.250   0.116
  10.350   0.116
  10.450   0.116
  10.550   0.115
  10.650   0.113
  10.750   0.112
  10.850   0.110
  10.950   0.108
  11.050   0.107
  11.150   0.105
  11.250   0.104
  11.350   0.103
  11.450   0.101
  11.550   0.100
  11.650   0.099
  11.750   0.098
  11.850   0.097
  11.950   0.097
  12.050   0.096
  12.150   0.097
  12.250   0.097
  12.350   0.098
  12.450   0.098
  12.550   0.099
  12.650   0.099
  12.750   0.099
  12.850   0.099
  12.950   0.099
  13.050   0.098
  13.150   0.098
  13.250   0.097
  13.350   0.096
  13.450   0.095
  13.550   0.093
  13.650   0.092
  13.750   0.090
  13.850   0.089
  13.950   0.087
  14.050   0.086
  14.150   0.085
  14.250   0.084
  14.350   0.084
  14.450   0.083
  14.550   0.082
  14.650   0.082
  14.750   0.081
  14.850   0.081
  14.950   0.080
  15.050   0.080
  15.150   0.080
  15.250   0.079
  15.350   0.079
  15.450   0.078
  15.550   0.078
  15.650   0.078
  15.750   0.077
  15.850   0.077
  15.950   0.076
  16.050   0.076
  16.150   0.076
  16.250   0.075
  16.350   0.075
  16.450   0.074
  16.550   0.074
  16.650   0.074
  16.750   0.074
  16.850   0.074
  16.950   0.074
  17.050   0.073
  17.150   0.073
  17.250   0.073
  17.350   0.072
  17.450   0.072
  17.550   0.071
  17.650   0.071
  17.750   0.071
  17.850   0.070
  17.950   0.070
  18.050   0.069
  18.150   0.069
  18.250   0.068
  18.350   0.068
  18.450   0.067
  18.550   0.067
  18.650   0.066
  18.750   0.066
  18.850   0.065
  18.950   0.065
  19.050   0.065
  19.150   0.064
  19.250   0.064
  19.350   0.064
  19.450   0.064
  19.550   0.063
  19.650   0.063
  19.750   0.063
  19.850   0.063
  19.950   0.062
  20.050   0.062
  20.150   0.062
  20.250   0.062
  20.350   0.061
  20.450   0.061
  20.550   0.061
  20.650   0.060
  20.750   0.060
  20.850   0.059
  20.950   0.059
  21.050   0.058
  21.150   0.058
  21.250   0.057
  21.350   0.057
  21.450   0.056
  21.550   0.056
  21.650   0.056
  21.750   0.055
  21.850   0.055
  21.950   0.055
  22.050   0.054
  22.150   0.054
  22.250   0.054
  22.350   0.054
  22.450   0.053
  22.550   0.053
  22.650   0.053
  22.750   0.052
  22.850   0.052
  22.950   0.052
  23.050   0.051
  23.150   0.051
  23.250   0.050
  23.350   0.050
  23.450   0.049
  23.550   0.049
  23.650   0.049
  23.750   0.048
  23.850   0.048
  23.950   0.048
  24.050   0.047
  24.150   0.047
  24.250   0.047
  24.350   0.047
  24.450   0.046
  24.550   0.046
  24.650   0.046
  24.750   0.046
  24.850   0.045
  24.950   0.045
  25.050   0.045
  25.150   0.045
  25.250   0.045
  25.350   0.045
  25.450   0.044
  25.550   0.044
  25.650   0.044
  25.750   0.044
  25.850   0.044
  25.950   0.043
  26.050   0.043
  26.150   0.043
  26.250   0.043
  26.350   0.043
  26.450   0.042
  26.550   0.042
  26.650   0.042
  26.750   0.042
  26.850   0.042
  26.950   0.041
  27.050   0.041
  27.150   0.041
  27.250   0.041
  27.350   0.040
  27.450   0.040
  27.550   0.040
  27.650   0.040
  27.750   0.039
  27.850   0.039
  27.950   0.039
  28.050   0.039
  28.150   0.039
  28.250   0.039
  28.350   0.038
  28.450   0.038
  28.550   0.038
  28.650   0.038
  28.750   0.038
  28.850   0.038
  28.950   0.037
  29.050   0.037
  29.150   0.037
  29.250   0.037
  29.350   0.037
  29.450   0.037
  29.550   0.036
  29.650   0.036
  29.750   0.036
  29.850   0.036
  29.950   0.036
