   0.050   0.000
   0.150   0.000
   0.250   0.000
   0.350   0.000
   0.450   0.000
   0.550   0.000
   0.650   0.000
   0.750   0.000
   0.850   0.000
   0.950   0.000
   1.050   0.000
   1.150   0.000
   1.250   0.000
   1.350   0.000
   1.450   0.000
   1.550   0.000
   1.650   0.000
   1.750   0.000
   1.850   0.000
   1.950   0.000
   2.050   0.000
   2.150   0.000
   2.250   0.000
   2.350   0.000
   2.450   0.055
   2.550   0.577
   2.650   1.477
   2.750   1.693
   2.850   1.289
   2.950   0.821
   3.050   0.501
   3.150   0.315
   3.250   0.211
   3.350   0.153
   3.450   0.120
   3.550   0.103
   3.650   0.093
   3.750   0.091
   3.850   0.093
   3.950   0.099
   4.050   0.108
   4.150   0.119
   4.250   0.132
   4.350   0.145
   4.450   0.158
   4.550   0.168
   4.650   0.174
   4.750   0.175
   4.850   0.173
   4.950   0.167
   5.050   0.159
   5.150   0.152
   5.250   0.144
   5.350   0.137
   5.450   0.132
   5.550   0.128
   5.650   0.126
   5.750   0.126
   5.850   0.126
   5.950   0.126
   6.050   0.127
   6.150   0.127
   6.250   0.127
   6.350   0.126
   6.450   0.124
   6.550   0.119
   6.650   0.113
   6.750   0.106
   6.850   0.100
   6.950   0.095
   7.050   0.092
   7.150   0.090
   7.250   0.089
   7.350   0.089
   7.450   0.090
   7.550   0.091
   7.650   0.093
   7.750   0.096
   7.850   0.098
   7.950   0.101
   8.050   0.104
   8.150   0.106
   8.250   0.109
   8.350   0.110
   8.450   0.112
   8.550   0.113
   8.650   0.114
   8.750   0.114
   8.850   0.115
   8.950   0.114
   9.050   0.113
   9.150   0.112
   9.250   0.110
   9.350   0.108
   9.450   0.106
   9.550   0.105
   9.650   0.105
   9.750   0.104
   9.850   0.105
   9.950   0.105
  10.050   0.106
  10.150   0.107
  10.250   0.108
  10.350   0.108
  10.450   0.108
  10.550   0.108
  10.650   0.107
  10.750   0.107
  10.850   0.106
  10.950   0.106
  11.050   0.106
  11.150   0.106
  11.250   0.106
  11.350   0.106
  11.450   0.106
  11.550   0.107
  11.650   0.106
  11.750   0.106
  11.850   0.106
  11.950   0.105
  12.050   0.105
  12.150   0.104
  12.250   0.104
  12.350   0.103
  12.450   0.102
  12.550   0.101
  12.650   0.100
  12.750   0.100
  12.850   0.099
  12.950   0.098
  13.050   0.098
  13.150   0.097
  13.250   0.096
  13.350   0.096
  13.450   0.095
  13.550   0.094
  13.650   0.094
  13.750   0.093
  13.850   0.092
  13.950   0.092
  14.050   0.091
  14.150   0.090
  14.250   0.090
  14.350   0.089
  14.450   0.089
  14.550   0.088
  14.650   0.088
  14.750   0.088
  14.850   0.088
  14.950   0.088
  15.050   0.088
  15.150   0.088
  15.250   0.088
  15.350   0.088
  15.450   0.088
  15.550   0.087
  15.650   0.086
  15.750   0.085
  15.850   0.084
  15.950   0.082
  16.050   0.081
  16.150   0.080
  16.250   0.080
  16.350   0.079
  16.450   0.078
  16.550   0.078
  16.650   0.078
  16.750   0.077
  16.850   0.077
  16.950   0.076
  17.050   0.076
  17.150   0.076
  17.250   0.075
  17.350   0.075
  17.450   0.074
  17.550   0.073
  17.650   0.073
  17.750   0.072
  17.850   0.072
  17.950   0.071
  18.050   0.070
  18.150   0.069
  18.250   0.069
  18.350   0.068
  18.450   0.067
  18.550   0.067
  18.650   0.066
  18.750   0.066
  18.850   0.065
  18.950   0.065
  19.050   0.065
  19.150   0.064
  19.250   0.064
  19.350   0.063
  19.450   0.063
  19.550   0.063
  19.650   0.062
  19.750   0.062
  19.850   0.061
  19.950   0.061
  20.050   0.060
  20.150   0.060
  20.250   0.059
  20.350   0.059
  20.450   0.058
  20.550   0.058
  20.650   0.058
  20.750   0.057
  20.850   0.057
  20.950   0.057
  21.050   0.056
  21.150   0.056
  21.250   0.056
  21.350   0.056
  21.450   0.055
  21.550   0.055
  21.650   0.055
  21.750   0.054
  21.850   0.054
  21.950   0.054
  22.050   0.053
  22.150   0.053
  22.250   0.053
  22.350   0.053
  22.450   0.053
  22.550   0.053
  22.650   0.052
  22.750   0.052
  22.850   0.052
  22.950   0.052
  23.050   0.052
  23.150   0.051
  23.250   0.051
  23.350   0.051
  23.450   0.050
  23.550   0.050
  23.650   0.049
  23.750   0.049
  23.850   0.049
  23.950   0.048
  24.050   0.048
  24.150   0.048
  24.250   0.048
  24.350   0.047
  24.450   0.047
  24.550   0.047
  24.650   0.047
  24.750   0.047
  24.850   0.046
  24.950   0.046
  25.050   0.046
  25.150   0.046
  25.250   0.045
  25.350   0.045
  25.450   0.045
  25.550   0.044
  25.650   0.044
  25.750   0.044
  25.850   0.044
  25.950   0.043
  26.050   0.043
  26.150   0.043
  26.250   0.042
  26.350   0.042
  26.450   0.042
  26.550   0.042
  26.650   0.041
  26.750   0.041
  26.850   0.041
  26.950   0.041
  27.050   0.041
  27.150   0.040
  27.250   0.040
  27.350   0.040
  27.450   0.040
  27.550   0.040
  27.650   0.040
  27.750   0.039
  27.850   0.039
  27.950   0.039
  28.050   0.039
  28.150   0.039
  28.250   0.038
  28.350   0.038
  28.450   0.038
  28.550   0.038
  28.650   0.038
  28.750   0.037
  28.850   0.037
  28.950   0.037
  29.050   0.037
  29.150   0.037
  29.250   0.036
  29.350   0.036
  29.450   0.036
  29.550   0.036
  29.650   0.036
  29.750   0.036
  29.850   0.036
  29.950   0.036
