 0.05000 0.00000
 0.15000 0.00000
 0.25000 0.00000
 0.35000 0.00000
 0.45000 0.00000
 0.55000 0.00000
 0.65000 0.00000
 0.75000 0.00000
 0.85000 0.00000
 0.95000 0.00000
 1.05000 0.00000
 1.15000 0.00000
 1.25000 0.00000
 1.35000 0.00000
 1.45000 0.00000
 1.55000 0.00000
 1.65000 0.00000
 1.75000 0.00000
 1.85000 0.00000
 1.95000 0.00000
 2.05000 0.00000
 2.15000 0.00000
 2.25000 0.00000
 2.35000 0.00000
 2.45000 0.00000
 2.55000 0.00017
 2.65000 0.00241
 2.75000 0.00819
 2.85000 0.01230
 2.95000 0.01235
 3.05000 0.01100
 3.15000 0.01026
 3.25000 0.01047
 3.35000 0.01124
 3.45000 0.01208
 3.55000 0.01266
 3.65000 0.01288
 3.75000 0.01283
 3.85000 0.01260
 3.95000 0.01232
 4.05000 0.01207
 4.15000 0.01195
 4.25000 0.01197
 4.35000 0.01216
 4.45000 0.01251
 4.55000 0.01315
 4.65000 0.01429
 4.75000 0.01617
 4.85000 0.01806
 4.95000 0.01867
 5.05000 0.01796
 5.15000 0.01688
 5.25000 0.01617
 5.35000 0.01592
 5.45000 0.01592
 5.55000 0.01606
 5.65000 0.01627
 5.75000 0.01649
 5.85000 0.01662
 5.95000 0.01665
 6.05000 0.01660
 6.15000 0.01650
 6.25000 0.01639
 6.35000 0.01630
 6.45000 0.01621
 6.55000 0.01615
 6.65000 0.01613
 6.75000 0.01615
 6.85000 0.01618
 6.95000 0.01627
 7.05000 0.01637
 7.15000 0.01649
 7.25000 0.01663
 7.35000 0.01678
 7.45000 0.01691
 7.55000 0.01704
 7.65000 0.01716
 7.75000 0.01730
 7.85000 0.01745
 7.95000 0.01760
 8.05000 0.01778
 8.15000 0.01795
 8.25000 0.01812
 8.35000 0.01829
 8.45000 0.01847
 8.55000 0.01865
 8.65000 0.01884
 8.75000 0.01907
 8.85000 0.01931
 8.95000 0.01957
 9.05000 0.01984
 9.15000 0.02010
 9.25000 0.02033
 9.35000 0.02055
 9.45000 0.02075
 9.55000 0.02096
 9.65000 0.02115
 9.75000 0.02132
 9.85000 0.02150
 9.95000 0.02167
10.05000 0.02182
10.15000 0.02195
10.25000 0.02209
10.35000 0.02221
10.45000 0.02235
10.55000 0.02248
10.65000 0.02260
10.75000 0.02272
10.85000 0.02283
10.95000 0.02294
11.05000 0.02304
11.15000 0.02313
11.25000 0.02322
11.35000 0.02330
11.45000 0.02337
11.55000 0.02342
11.65000 0.02348
11.75000 0.02355
11.85000 0.02363
11.95000 0.02373
12.05000 0.02383
12.15000 0.02394
12.25000 0.02405
12.35000 0.02418
12.45000 0.02431
12.55000 0.02444
12.65000 0.02457
12.75000 0.02469
12.85000 0.02480
12.95000 0.02490
13.05000 0.02500
13.15000 0.02508
13.25000 0.02516
13.35000 0.02524
13.45000 0.02530
13.55000 0.02537
13.65000 0.02543
13.75000 0.02550
13.85000 0.02556
13.95000 0.02562
14.05000 0.02568
14.15000 0.02575
14.25000 0.02581
14.35000 0.02589
14.45000 0.02597
14.55000 0.02606
14.65000 0.02614
14.75000 0.02622
14.85000 0.02628
14.95000 0.02635
15.05000 0.02641
15.15000 0.02647
15.25000 0.02652
15.35000 0.02657
15.45000 0.02662
15.55000 0.02666
15.65000 0.02671
15.75000 0.02676
15.85000 0.02681
15.95000 0.02685
16.05000 0.02690
16.15000 0.02695
16.25000 0.02700
16.35000 0.02704
16.45000 0.02708
16.55000 0.02712
16.65000 0.02716
16.75000 0.02719
16.85000 0.02723
16.95000 0.02727
17.05000 0.02730
17.15000 0.02734
17.25000 0.02738
17.35000 0.02742
17.45000 0.02746
17.55000 0.02749
17.65000 0.02754
17.75000 0.02757
17.85000 0.02761
17.95000 0.02765
18.05000 0.02769
18.15000 0.02773
18.25000 0.02778
18.35000 0.02781
18.45000 0.02786
18.55000 0.02789
18.65000 0.02793
18.75000 0.02796
18.85000 0.02800
18.95000 0.02803
19.05000 0.02806
19.15000 0.02809
19.25000 0.02812
19.35000 0.02816
19.45000 0.02819
19.55000 0.02822
19.65000 0.02825
19.75000 0.02828
19.85000 0.02832
19.95000 0.02835
20.05000 0.02839
20.15000 0.02842
20.25000 0.02846
20.35000 0.02849
20.45000 0.02852
20.55000 0.02856
20.65000 0.02859
20.75000 0.02862
20.85000 0.02865
20.95000 0.02869
21.05000 0.02872
21.15000 0.02876
21.25000 0.02880
21.35000 0.02883
21.45000 0.02887
21.55000 0.02890
21.65000 0.02893
21.75000 0.02897
21.85000 0.02900
21.95000 0.02903
22.05000 0.02906
22.15000 0.02909
22.25000 0.02912
22.35000 0.02914
22.45000 0.02917
22.55000 0.02919
22.65000 0.02921
22.75000 0.02923
22.85000 0.02926
22.95000 0.02929
23.05000 0.02931
23.15000 0.02934
23.25000 0.02936
23.35000 0.02939
23.45000 0.02942
23.55000 0.02944
23.65000 0.02947
23.75000 0.02950
23.85000 0.02952
23.95000 0.02955
24.05000 0.02958
24.15000 0.02960
24.25000 0.02962
24.35000 0.02965
24.45000 0.02967
24.55000 0.02969
24.65000 0.02971
24.75000 0.02973
24.85000 0.02975
24.95000 0.02978
25.05000 0.02980
25.15000 0.02982
25.25000 0.02985
25.35000 0.02987
25.45000 0.02989
25.55000 0.02992
25.65000 0.02994
25.75000 0.02997
25.85000 0.02999
25.95000 0.03002
26.05000 0.03004
26.15000 0.03007
26.25000 0.03009
26.35000 0.03012
26.45000 0.03014
26.55000 0.03017
26.65000 0.03019
26.75000 0.03022
26.85000 0.03024
26.95000 0.03027
27.05000 0.03029
27.15000 0.03031
27.25000 0.03033
27.35000 0.03036
27.45000 0.03038
27.55000 0.03040
27.65000 0.03043
27.75000 0.03045
27.85000 0.03047
27.95000 0.03049
28.05000 0.03051
28.15000 0.03053
28.25000 0.03055
28.35000 0.03057
28.45000 0.03059
28.55000 0.03061
28.65000 0.03063
28.75000 0.03064
28.85000 0.03066
28.95000 0.03068
29.05000 0.03070
29.15000 0.03072
29.25000 0.03074
29.35000 0.03076
29.45000 0.03078
29.55000 0.03079
29.65000 0.03081
29.75000 0.03083
29.85000 0.03084
29.95000 0.03086
