 0.05000 0.00000
 0.15000 0.00000
 0.25000 0.00000
 0.35000 0.00000
 0.45000 0.00000
 0.55000 0.00000
 0.65000 0.00000
 0.75000 0.00000
 0.85000 0.00000
 0.95000 0.00000
 1.05000 0.00000
 1.15000 0.00000
 1.25000 0.00000
 1.35000 0.00000
 1.45000 0.00000
 1.55000 0.00000
 1.65000 0.00000
 1.75000 0.00000
 1.85000 0.00000
 1.95000 0.00000
 2.05000 0.00000
 2.15000 0.00000
 2.25000 0.00000
 2.35000 0.00000
 2.45000 0.00000
 2.55000 0.00001
 2.65000 0.00088
 2.75000 0.00884
 2.85000 0.02180
 2.95000 0.02612
 3.05000 0.02406
 3.15000 0.02145
 3.25000 0.01979
 3.35000 0.01881
 3.45000 0.01819
 3.55000 0.01760
 3.65000 0.01693
 3.75000 0.01601
 3.85000 0.01494
 3.95000 0.01380
 4.05000 0.01273
 4.15000 0.01177
 4.25000 0.01102
 4.35000 0.01045
 4.45000 0.01008
 4.55000 0.00987
 4.65000 0.00978
 4.75000 0.00982
 4.85000 0.00991
 4.95000 0.01006
 5.05000 0.01025
 5.15000 0.01049
 5.25000 0.01079
 5.35000 0.01116
 5.45000 0.01157
 5.55000 0.01201
 5.65000 0.01243
 5.75000 0.01283
 5.85000 0.01322
 5.95000 0.01359
 6.05000 0.01394
 6.15000 0.01425
 6.25000 0.01449
 6.35000 0.01470
 6.45000 0.01485
 6.55000 0.01496
 6.65000 0.01508
 6.75000 0.01526
 6.85000 0.01553
 6.95000 0.01589
 7.05000 0.01621
 7.15000 0.01633
 7.25000 0.01629
 7.35000 0.01622
 7.45000 0.01625
 7.55000 0.01638
 7.65000 0.01659
 7.75000 0.01685
 7.85000 0.01713
 7.95000 0.01745
 8.05000 0.01777
 8.15000 0.01809
 8.25000 0.01841
 8.35000 0.01873
 8.45000 0.01903
 8.55000 0.01931
 8.65000 0.01955
 8.75000 0.01974
 8.85000 0.01990
 8.95000 0.02003
 9.05000 0.02012
 9.15000 0.02018
 9.25000 0.02024
 9.35000 0.02032
 9.45000 0.02043
 9.55000 0.02054
 9.65000 0.02064
 9.75000 0.02073
 9.85000 0.02082
 9.95000 0.02091
10.05000 0.02102
10.15000 0.02114
10.25000 0.02128
10.35000 0.02144
10.45000 0.02162
10.55000 0.02181
10.65000 0.02201
10.75000 0.02219
10.85000 0.02238
10.95000 0.02256
11.05000 0.02274
11.15000 0.02293
11.25000 0.02310
11.35000 0.02328
11.45000 0.02343
11.55000 0.02359
11.65000 0.02373
11.75000 0.02387
11.85000 0.02397
11.95000 0.02406
12.05000 0.02413
12.15000 0.02418
12.25000 0.02422
12.35000 0.02425
12.45000 0.02428
12.55000 0.02432
12.65000 0.02437
12.75000 0.02443
12.85000 0.02450
12.95000 0.02458
13.05000 0.02466
13.15000 0.02476
13.25000 0.02485
13.35000 0.02493
13.45000 0.02503
13.55000 0.02512
13.65000 0.02520
13.75000 0.02528
13.85000 0.02536
13.95000 0.02543
14.05000 0.02551
14.15000 0.02558
14.25000 0.02566
14.35000 0.02573
14.45000 0.02581
14.55000 0.02589
14.65000 0.02597
14.75000 0.02605
14.85000 0.02613
14.95000 0.02620
15.05000 0.02627
15.15000 0.02633
15.25000 0.02640
15.35000 0.02645
15.45000 0.02650
15.55000 0.02655
15.65000 0.02660
15.75000 0.02664
15.85000 0.02668
15.95000 0.02672
16.05000 0.02677
16.15000 0.02681
16.25000 0.02686
16.35000 0.02691
16.45000 0.02696
16.55000 0.02701
16.65000 0.02706
16.75000 0.02712
16.85000 0.02717
16.95000 0.02722
17.05000 0.02728
17.15000 0.02732
17.25000 0.02737
17.35000 0.02741
17.45000 0.02745
17.55000 0.02749
17.65000 0.02753
17.75000 0.02756
17.85000 0.02760
17.95000 0.02763
18.05000 0.02766
18.15000 0.02770
18.25000 0.02773
18.35000 0.02777
18.45000 0.02781
18.55000 0.02784
18.65000 0.02788
18.75000 0.02791
18.85000 0.02795
18.95000 0.02799
19.05000 0.02803
19.15000 0.02806
19.25000 0.02810
19.35000 0.02814
19.45000 0.02817
19.55000 0.02821
19.65000 0.02824
19.75000 0.02826
19.85000 0.02830
19.95000 0.02832
20.05000 0.02835
20.15000 0.02839
20.25000 0.02842
20.35000 0.02846
20.45000 0.02849
20.55000 0.02853
20.65000 0.02856
20.75000 0.02860
20.85000 0.02864
20.95000 0.02867
21.05000 0.02871
21.15000 0.02874
21.25000 0.02877
21.35000 0.02881
21.45000 0.02884
21.55000 0.02887
21.65000 0.02890
21.75000 0.02893
21.85000 0.02896
21.95000 0.02899
22.05000 0.02902
22.15000 0.02905
22.25000 0.02909
22.35000 0.02912
22.45000 0.02915
22.55000 0.02919
22.65000 0.02922
22.75000 0.02926
22.85000 0.02929
22.95000 0.02933
23.05000 0.02936
23.15000 0.02940
23.25000 0.02944
23.35000 0.02947
23.45000 0.02951
23.55000 0.02954
23.65000 0.02958
23.75000 0.02961
23.85000 0.02964
23.95000 0.02966
24.05000 0.02969
24.15000 0.02972
24.25000 0.02974
24.35000 0.02976
24.45000 0.02979
24.55000 0.02981
24.65000 0.02983
24.75000 0.02985
24.85000 0.02987
24.95000 0.02989
25.05000 0.02991
25.15000 0.02993
25.25000 0.02995
25.35000 0.02998
25.45000 0.03000
25.55000 0.03002
25.65000 0.03004
25.75000 0.03006
25.85000 0.03007
25.95000 0.03009
26.05000 0.03011
26.15000 0.03013
26.25000 0.03015
26.35000 0.03017
26.45000 0.03018
26.55000 0.03021
26.65000 0.03022
26.75000 0.03025
26.85000 0.03026
26.95000 0.03028
27.05000 0.03030
27.15000 0.03031
27.25000 0.03033
27.35000 0.03035
27.45000 0.03037
27.55000 0.03039
27.65000 0.03041
27.75000 0.03042
27.85000 0.03044
27.95000 0.03046
28.05000 0.03048
28.15000 0.03050
28.25000 0.03051
28.35000 0.03053
28.45000 0.03055
28.55000 0.03057
28.65000 0.03058
28.75000 0.03060
28.85000 0.03062
28.95000 0.03064
29.05000 0.03066
29.15000 0.03067
29.25000 0.03069
29.35000 0.03071
29.45000 0.03073
29.55000 0.03075
29.65000 0.03076
29.75000 0.03078
29.85000 0.03080
29.95000 0.03082
