 0.05000 0.00000
 0.15000 0.00000
 0.25000 0.00000
 0.35000 0.00000
 0.45000 0.00000
 0.55000 0.00000
 0.65000 0.00000
 0.75000 0.00000
 0.85000 0.00000
 0.95000 0.00000
 1.05000 0.00000
 1.15000 0.00000
 1.25000 0.00000
 1.35000 0.00000
 1.45000 0.00000
 1.55000 0.00000
 1.65000 0.00000
 1.75000 0.00000
 1.85000 0.00000
 1.95000 0.00000
 2.05000 0.00000
 2.15000 0.00000
 2.25000 0.00000
 2.35000 0.00000
 2.45000 0.00000
 2.55000 0.00001
 2.65000 0.00082
 2.75000 0.00873
 2.85000 0.02331
 2.95000 0.02914
 3.05000 0.02678
 3.15000 0.02315
 3.25000 0.02059
 3.35000 0.01898
 3.45000 0.01792
 3.55000 0.01719
 3.65000 0.01657
 3.75000 0.01610
 3.85000 0.01568
 3.95000 0.01528
 4.05000 0.01489
 4.15000 0.01450
 4.25000 0.01412
 4.35000 0.01378
 4.45000 0.01355
 4.55000 0.01340
 4.65000 0.01336
 4.75000 0.01344
 4.85000 0.01363
 4.95000 0.01393
 5.05000 0.01431
 5.15000 0.01468
 5.25000 0.01504
 5.35000 0.01534
 5.45000 0.01559
 5.55000 0.01581
 5.65000 0.01599
 5.75000 0.01614
 5.85000 0.01628
 5.95000 0.01641
 6.05000 0.01655
 6.15000 0.01668
 6.25000 0.01682
 6.35000 0.01694
 6.45000 0.01704
 6.55000 0.01713
 6.65000 0.01720
 6.75000 0.01728
 6.85000 0.01738
 6.95000 0.01747
 7.05000 0.01746
 7.15000 0.01728
 7.25000 0.01710
 7.35000 0.01702
 7.45000 0.01704
 7.55000 0.01712
 7.65000 0.01725
 7.75000 0.01742
 7.85000 0.01760
 7.95000 0.01778
 8.05000 0.01798
 8.15000 0.01818
 8.25000 0.01836
 8.35000 0.01855
 8.45000 0.01872
 8.55000 0.01889
 8.65000 0.01902
 8.75000 0.01917
 8.85000 0.01931
 8.95000 0.01943
 9.05000 0.01957
 9.15000 0.01971
 9.25000 0.01984
 9.35000 0.01998
 9.45000 0.02014
 9.55000 0.02029
 9.65000 0.02046
 9.75000 0.02064
 9.85000 0.02083
 9.95000 0.02105
10.05000 0.02127
10.15000 0.02151
10.25000 0.02176
10.35000 0.02201
10.45000 0.02228
10.55000 0.02252
10.65000 0.02274
10.75000 0.02292
10.85000 0.02306
10.95000 0.02317
11.05000 0.02325
11.15000 0.02331
11.25000 0.02335
11.35000 0.02338
11.45000 0.02341
11.55000 0.02345
11.65000 0.02349
11.75000 0.02355
11.85000 0.02361
11.95000 0.02369
12.05000 0.02378
12.15000 0.02388
12.25000 0.02398
12.35000 0.02408
12.45000 0.02418
12.55000 0.02430
12.65000 0.02441
12.75000 0.02452
12.85000 0.02464
12.95000 0.02476
13.05000 0.02488
13.15000 0.02497
13.25000 0.02506
13.35000 0.02514
13.45000 0.02522
13.55000 0.02531
13.65000 0.02540
13.75000 0.02548
13.85000 0.02557
13.95000 0.02566
14.05000 0.02574
14.15000 0.02582
14.25000 0.02590
14.35000 0.02598
14.45000 0.02605
14.55000 0.02611
14.65000 0.02616
14.75000 0.02621
14.85000 0.02625
14.95000 0.02629
15.05000 0.02632
15.15000 0.02636
15.25000 0.02640
15.35000 0.02643
15.45000 0.02647
15.55000 0.02652
15.65000 0.02657
15.75000 0.02663
15.85000 0.02669
15.95000 0.02675
16.05000 0.02681
16.15000 0.02687
16.25000 0.02693
16.35000 0.02700
16.45000 0.02706
16.55000 0.02713
16.65000 0.02718
16.75000 0.02724
16.85000 0.02729
16.95000 0.02734
17.05000 0.02738
17.15000 0.02743
17.25000 0.02748
17.35000 0.02752
17.45000 0.02757
17.55000 0.02761
17.65000 0.02765
17.75000 0.02768
17.85000 0.02772
17.95000 0.02775
18.05000 0.02777
18.15000 0.02780
18.25000 0.02783
18.35000 0.02786
18.45000 0.02788
18.55000 0.02790
18.65000 0.02793
18.75000 0.02796
18.85000 0.02799
18.95000 0.02803
19.05000 0.02806
19.15000 0.02810
19.25000 0.02814
19.35000 0.02817
19.45000 0.02821
19.55000 0.02825
19.65000 0.02829
19.75000 0.02834
19.85000 0.02838
19.95000 0.02842
20.05000 0.02845
20.15000 0.02849
20.25000 0.02853
20.35000 0.02856
20.45000 0.02860
20.55000 0.02863
20.65000 0.02865
20.75000 0.02869
20.85000 0.02871
20.95000 0.02874
21.05000 0.02877
21.15000 0.02880
21.25000 0.02883
21.35000 0.02885
21.45000 0.02888
21.55000 0.02891
21.65000 0.02894
21.75000 0.02897
21.85000 0.02900
21.95000 0.02903
22.05000 0.02906
22.15000 0.02909
22.25000 0.02912
22.35000 0.02915
22.45000 0.02918
22.55000 0.02920
22.65000 0.02923
22.75000 0.02926
22.85000 0.02929
22.95000 0.02932
23.05000 0.02934
23.15000 0.02937
23.25000 0.02940
23.35000 0.02942
23.45000 0.02945
23.55000 0.02947
23.65000 0.02950
23.75000 0.02953
23.85000 0.02955
23.95000 0.02958
24.05000 0.02961
24.15000 0.02963
24.25000 0.02966
24.35000 0.02969
24.45000 0.02971
24.55000 0.02974
24.65000 0.02976
24.75000 0.02978
24.85000 0.02981
24.95000 0.02983
25.05000 0.02985
25.15000 0.02988
25.25000 0.02989
25.35000 0.02992
25.45000 0.02994
25.55000 0.02996
25.65000 0.02998
25.75000 0.03000
25.85000 0.03002
25.95000 0.03004
26.05000 0.03007
26.15000 0.03009
26.25000 0.03011
26.35000 0.03013
26.45000 0.03016
26.55000 0.03018
26.65000 0.03020
26.75000 0.03022
26.85000 0.03024
26.95000 0.03026
27.05000 0.03029
27.15000 0.03031
27.25000 0.03033
27.35000 0.03035
27.45000 0.03037
27.55000 0.03039
27.65000 0.03042
27.75000 0.03044
27.85000 0.03046
27.95000 0.03048
28.05000 0.03051
28.15000 0.03053
28.25000 0.03055
28.35000 0.03057
28.45000 0.03059
28.55000 0.03061
28.65000 0.03063
28.75000 0.03065
28.85000 0.03067
28.95000 0.03069
29.05000 0.03071
29.15000 0.03073
29.25000 0.03075
29.35000 0.03077
29.45000 0.03078
29.55000 0.03080
29.65000 0.03082
29.75000 0.03084
29.85000 0.03086
29.95000 0.03087
