 0.05000 0.00000
 0.15000 0.00000
 0.25000 0.00000
 0.35000 0.00000
 0.45000 0.00000
 0.55000 0.00000
 0.65000 0.00000
 0.75000 0.00000
 0.85000 0.00000
 0.95000 0.00000
 1.05000 0.00000
 1.15000 0.00000
 1.25000 0.00000
 1.35000 0.00000
 1.45000 0.00000
 1.55000 0.00000
 1.65000 0.00000
 1.75000 0.00000
 1.85000 0.00000
 1.95000 0.00000
 2.05000 0.00000
 2.15000 0.00000
 2.25000 0.00000
 2.35000 0.00000
 2.45000 0.00000
 2.55000 0.00000
 2.65000 0.00026
 2.75000 0.00302
 2.85000 0.00807
 2.95000 0.01013
 3.05000 0.00962
 3.15000 0.00890
 3.25000 0.00857
 3.35000 0.00852
 3.45000 0.00862
 3.55000 0.00876
 3.65000 0.00893
 3.75000 0.00910
 3.85000 0.00927
 3.95000 0.00945
 4.05000 0.00965
 4.15000 0.00990
 4.25000 0.01025
 4.35000 0.01069
 4.45000 0.01135
 4.55000 0.01232
 4.65000 0.01375
 4.75000 0.01557
 4.85000 0.01714
 4.95000 0.01770
 5.05000 0.01699
 5.15000 0.01557
 5.25000 0.01417
 5.35000 0.01317
 5.45000 0.01255
 5.55000 0.01219
 5.65000 0.01201
 5.75000 0.01196
 5.85000 0.01201
 5.95000 0.01212
 6.05000 0.01228
 6.15000 0.01249
 6.25000 0.01273
 6.35000 0.01300
 6.45000 0.01329
 6.55000 0.01361
 6.65000 0.01394
 6.75000 0.01430
 6.85000 0.01464
 6.95000 0.01498
 7.05000 0.01532
 7.15000 0.01564
 7.25000 0.01597
 7.35000 0.01629
 7.45000 0.01656
 7.55000 0.01677
 7.65000 0.01694
 7.75000 0.01707
 7.85000 0.01716
 7.95000 0.01721
 8.05000 0.01727
 8.15000 0.01735
 8.25000 0.01747
 8.35000 0.01761
 8.45000 0.01776
 8.55000 0.01792
 8.65000 0.01808
 8.75000 0.01824
 8.85000 0.01842
 8.95000 0.01860
 9.05000 0.01879
 9.15000 0.01898
 9.25000 0.01919
 9.35000 0.01938
 9.45000 0.01956
 9.55000 0.01974
 9.65000 0.01993
 9.75000 0.02012
 9.85000 0.02031
 9.95000 0.02052
10.05000 0.02073
10.15000 0.02095
10.25000 0.02116
10.35000 0.02136
10.45000 0.02157
10.55000 0.02177
10.65000 0.02196
10.75000 0.02214
10.85000 0.02232
10.95000 0.02247
11.05000 0.02261
11.15000 0.02274
11.25000 0.02285
11.35000 0.02297
11.45000 0.02308
11.55000 0.02319
11.65000 0.02330
11.75000 0.02341
11.85000 0.02353
11.95000 0.02366
12.05000 0.02379
12.15000 0.02392
12.25000 0.02406
12.35000 0.02418
12.45000 0.02428
12.55000 0.02437
12.65000 0.02445
12.75000 0.02450
12.85000 0.02456
12.95000 0.02462
13.05000 0.02469
13.15000 0.02476
13.25000 0.02483
13.35000 0.02490
13.45000 0.02499
13.55000 0.02506
13.65000 0.02516
13.75000 0.02524
13.85000 0.02533
13.95000 0.02542
14.05000 0.02551
14.15000 0.02559
14.25000 0.02567
14.35000 0.02574
14.45000 0.02581
14.55000 0.02588
14.65000 0.02595
14.75000 0.02601
14.85000 0.02609
14.95000 0.02616
15.05000 0.02623
15.15000 0.02630
15.25000 0.02637
15.35000 0.02644
15.45000 0.02651
15.55000 0.02657
15.65000 0.02663
15.75000 0.02669
15.85000 0.02674
15.95000 0.02679
16.05000 0.02684
16.15000 0.02689
16.25000 0.02693
16.35000 0.02698
16.45000 0.02702
16.55000 0.02706
16.65000 0.02711
16.75000 0.02715
16.85000 0.02719
16.95000 0.02723
17.05000 0.02727
17.15000 0.02731
17.25000 0.02735
17.35000 0.02739
17.45000 0.02743
17.55000 0.02746
17.65000 0.02750
17.75000 0.02754
17.85000 0.02758
17.95000 0.02762
18.05000 0.02766
18.15000 0.02770
18.25000 0.02774
18.35000 0.02778
18.45000 0.02782
18.55000 0.02786
18.65000 0.02790
18.75000 0.02794
18.85000 0.02797
18.95000 0.02801
19.05000 0.02804
19.15000 0.02808
19.25000 0.02811
19.35000 0.02814
19.45000 0.02817
19.55000 0.02821
19.65000 0.02824
19.75000 0.02827
19.85000 0.02830
19.95000 0.02833
20.05000 0.02836
20.15000 0.02839
20.25000 0.02842
20.35000 0.02845
20.45000 0.02848
20.55000 0.02851
20.65000 0.02854
20.75000 0.02858
20.85000 0.02861
20.95000 0.02865
21.05000 0.02868
21.15000 0.02872
21.25000 0.02875
21.35000 0.02879
21.45000 0.02883
21.55000 0.02886
21.65000 0.02889
21.75000 0.02892
21.85000 0.02896
21.95000 0.02899
22.05000 0.02902
22.15000 0.02906
22.25000 0.02909
22.35000 0.02912
22.45000 0.02915
22.55000 0.02918
22.65000 0.02921
22.75000 0.02924
22.85000 0.02927
22.95000 0.02930
23.05000 0.02933
23.15000 0.02936
23.25000 0.02939
23.35000 0.02941
23.45000 0.02944
23.55000 0.02947
23.65000 0.02950
23.75000 0.02952
23.85000 0.02955
23.95000 0.02957
24.05000 0.02960
24.15000 0.02962
24.25000 0.02965
24.35000 0.02967
24.45000 0.02970
24.55000 0.02972
24.65000 0.02975
24.75000 0.02978
24.85000 0.02980
24.95000 0.02983
25.05000 0.02986
25.15000 0.02988
25.25000 0.02991
25.35000 0.02993
25.45000 0.02996
25.55000 0.02998
25.65000 0.03001
25.75000 0.03003
25.85000 0.03006
25.95000 0.03008
26.05000 0.03010
26.15000 0.03012
26.25000 0.03015
26.35000 0.03017
26.45000 0.03019
26.55000 0.03021
26.65000 0.03023
26.75000 0.03025
26.85000 0.03027
26.95000 0.03028
27.05000 0.03030
27.15000 0.03032
27.25000 0.03034
27.35000 0.03035
27.45000 0.03037
27.55000 0.03040
27.65000 0.03041
27.75000 0.03043
27.85000 0.03046
27.95000 0.03047
28.05000 0.03050
28.15000 0.03052
28.25000 0.03054
28.35000 0.03056
28.45000 0.03058
28.55000 0.03060
28.65000 0.03062
28.75000 0.03063
28.85000 0.03065
28.95000 0.03067
29.05000 0.03069
29.15000 0.03070
29.25000 0.03072
29.35000 0.03074
29.45000 0.03076
29.55000 0.03077
29.65000 0.03079
29.75000 0.03081
29.85000 0.03083
29.95000 0.03085
