 0.05000 0.00000
 0.15000 0.00000
 0.25000 0.00000
 0.35000 0.00000
 0.45000 0.00000
 0.55000 0.00000
 0.65000 0.00000
 0.75000 0.00000
 0.85000 0.00000
 0.95000 0.00000
 1.05000 0.00000
 1.15000 0.00000
 1.25000 0.00000
 1.35000 0.00000
 1.45000 0.00000
 1.55000 0.00000
 1.65000 0.00000
 1.75000 0.00000
 1.85000 0.00000
 1.95000 0.00000
 2.05000 0.00000
 2.15000 0.00000
 2.25000 0.00000
 2.35000 0.00000
 2.45000 0.00000
 2.55000 0.00011
 2.65000 0.00187
 2.75000 0.00711
 2.85000 0.01143
 2.95000 0.01167
 3.05000 0.00996
 3.15000 0.00843
 3.25000 0.00768
 3.35000 0.00752
 3.45000 0.00764
 3.55000 0.00786
 3.65000 0.00804
 3.75000 0.00816
 3.85000 0.00817
 3.95000 0.00808
 4.05000 0.00794
 4.15000 0.00779
 4.25000 0.00769
 4.35000 0.00770
 4.45000 0.00788
 4.55000 0.00849
 4.65000 0.00979
 4.75000 0.01118
 4.85000 0.01194
 4.95000 0.01228
 5.05000 0.01241
 5.15000 0.01229
 5.25000 0.01211
 5.35000 0.01200
 5.45000 0.01203
 5.55000 0.01215
 5.65000 0.01238
 5.75000 0.01275
 5.85000 0.01321
 5.95000 0.01373
 6.05000 0.01418
 6.15000 0.01455
 6.25000 0.01485
 6.35000 0.01506
 6.45000 0.01522
 6.55000 0.01538
 6.65000 0.01559
 6.75000 0.01574
 6.85000 0.01581
 6.95000 0.01587
 7.05000 0.01596
 7.15000 0.01610
 7.25000 0.01627
 7.35000 0.01645
 7.45000 0.01665
 7.55000 0.01684
 7.65000 0.01703
 7.75000 0.01721
 7.85000 0.01739
 7.95000 0.01759
 8.05000 0.01782
 8.15000 0.01805
 8.25000 0.01834
 8.35000 0.01862
 8.45000 0.01889
 8.55000 0.01915
 8.65000 0.01937
 8.75000 0.01955
 8.85000 0.01970
 8.95000 0.01984
 9.05000 0.01996
 9.15000 0.02008
 9.25000 0.02025
 9.35000 0.02044
 9.45000 0.02065
 9.55000 0.02091
 9.65000 0.02117
 9.75000 0.02141
 9.85000 0.02164
 9.95000 0.02182
10.05000 0.02194
10.15000 0.02204
10.25000 0.02211
10.35000 0.02217
10.45000 0.02224
10.55000 0.02231
10.65000 0.02240
10.75000 0.02249
10.85000 0.02258
10.95000 0.02267
11.05000 0.02275
11.15000 0.02283
11.25000 0.02289
11.35000 0.02296
11.45000 0.02302
11.55000 0.02307
11.65000 0.02314
11.75000 0.02321
11.85000 0.02331
11.95000 0.02340
12.05000 0.02352
12.15000 0.02363
12.25000 0.02374
12.35000 0.02386
12.45000 0.02398
12.55000 0.02409
12.65000 0.02421
12.75000 0.02432
12.85000 0.02442
12.95000 0.02453
13.05000 0.02462
13.15000 0.02471
13.25000 0.02480
13.35000 0.02488
13.45000 0.02498
13.55000 0.02507
13.65000 0.02517
13.75000 0.02527
13.85000 0.02536
13.95000 0.02545
14.05000 0.02555
14.15000 0.02563
14.25000 0.02571
14.35000 0.02577
14.45000 0.02584
14.55000 0.02591
14.65000 0.02597
14.75000 0.02603
14.85000 0.02610
14.95000 0.02617
15.05000 0.02624
15.15000 0.02631
15.25000 0.02638
15.35000 0.02645
15.45000 0.02651
15.55000 0.02658
15.65000 0.02664
15.75000 0.02669
15.85000 0.02674
15.95000 0.02678
16.05000 0.02682
16.15000 0.02686
16.25000 0.02691
16.35000 0.02695
16.45000 0.02700
16.55000 0.02704
16.65000 0.02710
16.75000 0.02715
16.85000 0.02720
16.95000 0.02726
17.05000 0.02731
17.15000 0.02736
17.25000 0.02741
17.35000 0.02746
17.45000 0.02750
17.55000 0.02754
17.65000 0.02759
17.75000 0.02762
17.85000 0.02766
17.95000 0.02770
18.05000 0.02773
18.15000 0.02775
18.25000 0.02779
18.35000 0.02781
18.45000 0.02784
18.55000 0.02787
18.65000 0.02790
18.75000 0.02793
18.85000 0.02796
18.95000 0.02800
19.05000 0.02803
19.15000 0.02807
19.25000 0.02810
19.35000 0.02814
19.45000 0.02817
19.55000 0.02820
19.65000 0.02824
19.75000 0.02827
19.85000 0.02830
19.95000 0.02834
20.05000 0.02837
20.15000 0.02841
20.25000 0.02845
20.35000 0.02848
20.45000 0.02851
20.55000 0.02855
20.65000 0.02858
20.75000 0.02862
20.85000 0.02865
20.95000 0.02868
21.05000 0.02871
21.15000 0.02874
21.25000 0.02877
21.35000 0.02879
21.45000 0.02883
21.55000 0.02886
21.65000 0.02888
21.75000 0.02891
21.85000 0.02895
21.95000 0.02898
22.05000 0.02901
22.15000 0.02904
22.25000 0.02907
22.35000 0.02911
22.45000 0.02914
22.55000 0.02917
22.65000 0.02921
22.75000 0.02925
22.85000 0.02928
22.95000 0.02931
23.05000 0.02935
23.15000 0.02939
23.25000 0.02942
23.35000 0.02946
23.45000 0.02950
23.55000 0.02952
23.65000 0.02956
23.75000 0.02959
23.85000 0.02962
23.95000 0.02964
24.05000 0.02967
24.15000 0.02970
24.25000 0.02972
24.35000 0.02974
24.45000 0.02976
24.55000 0.02979
24.65000 0.02981
24.75000 0.02983
24.85000 0.02986
24.95000 0.02988
25.05000 0.02990
25.15000 0.02993
25.25000 0.02995
25.35000 0.02998
25.45000 0.03000
25.55000 0.03002
25.65000 0.03005
25.75000 0.03007
25.85000 0.03010
25.95000 0.03011
26.05000 0.03014
26.15000 0.03016
26.25000 0.03017
26.35000 0.03019
26.45000 0.03021
26.55000 0.03022
26.65000 0.03024
26.75000 0.03026
26.85000 0.03028
26.95000 0.03030
27.05000 0.03031
27.15000 0.03033
27.25000 0.03035
27.35000 0.03037
27.45000 0.03039
27.55000 0.03041
27.65000 0.03043
27.75000 0.03044
27.85000 0.03046
27.95000 0.03048
28.05000 0.03050
28.15000 0.03052
28.25000 0.03053
28.35000 0.03055
28.45000 0.03057
28.55000 0.03059
28.65000 0.03060
28.75000 0.03062
28.85000 0.03063
28.95000 0.03065
29.05000 0.03066
29.15000 0.03068
29.25000 0.03069
29.35000 0.03071
29.45000 0.03072
29.55000 0.03074
29.65000 0.03076
29.75000 0.03077
29.85000 0.03079
29.95000 0.03081
