 0.05000 0.00000
 0.15000 0.00000
 0.25000 0.00000
 0.35000 0.00000
 0.45000 0.00000
 0.55000 0.00000
 0.65000 0.00000
 0.75000 0.00000
 0.85000 0.00000
 0.95000 0.00000
 1.05000 0.00000
 1.15000 0.00000
 1.25000 0.00000
 1.35000 0.00000
 1.45000 0.00000
 1.55000 0.00000
 1.65000 0.00000
 1.75000 0.00000
 1.85000 0.00000
 1.95000 0.00000
 2.05000 0.00000
 2.15000 0.00000
 2.25000 0.00000
 2.35000 0.00000
 2.45000 0.00043
 2.55000 0.00608
 2.65000 0.01876
 2.75000 0.02481
 2.85000 0.02208
 2.95000 0.01786
 3.05000 0.01531
 3.15000 0.01418
 3.25000 0.01369
 3.35000 0.01341
 3.45000 0.01318
 3.55000 0.01292
 3.65000 0.01265
 3.75000 0.01244
 3.85000 0.01227
 3.95000 0.01217
 4.05000 0.01208
 4.15000 0.01196
 4.25000 0.01175
 4.35000 0.01155
 4.45000 0.01138
 4.55000 0.01127
 4.65000 0.01128
 4.75000 0.01138
 4.85000 0.01157
 4.95000 0.01186
 5.05000 0.01222
 5.15000 0.01259
 5.25000 0.01290
 5.35000 0.01306
 5.45000 0.01308
 5.55000 0.01304
 5.65000 0.01305
 5.75000 0.01311
 5.85000 0.01325
 5.95000 0.01345
 6.05000 0.01370
 6.15000 0.01398
 6.25000 0.01427
 6.35000 0.01458
 6.45000 0.01492
 6.55000 0.01527
 6.65000 0.01566
 6.75000 0.01603
 6.85000 0.01632
 6.95000 0.01655
 7.05000 0.01678
 7.15000 0.01699
 7.25000 0.01701
 7.35000 0.01680
 7.45000 0.01649
 7.55000 0.01621
 7.65000 0.01604
 7.75000 0.01594
 7.85000 0.01591
 7.95000 0.01595
 8.05000 0.01603
 8.15000 0.01615
 8.25000 0.01632
 8.35000 0.01651
 8.45000 0.01674
 8.55000 0.01699
 8.65000 0.01726
 8.75000 0.01752
 8.85000 0.01779
 8.95000 0.01807
 9.05000 0.01833
 9.15000 0.01856
 9.25000 0.01879
 9.35000 0.01900
 9.45000 0.01919
 9.55000 0.01938
 9.65000 0.01955
 9.75000 0.01971
 9.85000 0.01986
 9.95000 0.02002
10.05000 0.02018
10.15000 0.02035
10.25000 0.02054
10.35000 0.02074
10.45000 0.02096
10.55000 0.02119
10.65000 0.02143
10.75000 0.02167
10.85000 0.02191
10.95000 0.02215
11.05000 0.02237
11.15000 0.02256
11.25000 0.02273
11.35000 0.02287
11.45000 0.02299
11.55000 0.02309
11.65000 0.02317
11.75000 0.02325
11.85000 0.02332
11.95000 0.02340
12.05000 0.02348
12.15000 0.02356
12.25000 0.02366
12.35000 0.02376
12.45000 0.02386
12.55000 0.02397
12.65000 0.02408
12.75000 0.02418
12.85000 0.02430
12.95000 0.02442
13.05000 0.02454
13.15000 0.02468
13.25000 0.02481
13.35000 0.02493
13.45000 0.02506
13.55000 0.02518
13.65000 0.02529
13.75000 0.02537
13.85000 0.02545
13.95000 0.02552
14.05000 0.02559
14.15000 0.02566
14.25000 0.02573
14.35000 0.02580
14.45000 0.02587
14.55000 0.02594
14.65000 0.02600
14.75000 0.02607
14.85000 0.02614
14.95000 0.02621
15.05000 0.02627
15.15000 0.02634
15.25000 0.02640
15.35000 0.02647
15.45000 0.02652
15.55000 0.02658
15.65000 0.02663
15.75000 0.02668
15.85000 0.02672
15.95000 0.02677
16.05000 0.02682
16.15000 0.02686
16.25000 0.02690
16.35000 0.02694
16.45000 0.02699
16.55000 0.02704
16.65000 0.02707
16.75000 0.02712
16.85000 0.02717
16.95000 0.02721
17.05000 0.02726
17.15000 0.02730
17.25000 0.02735
17.35000 0.02739
17.45000 0.02744
17.55000 0.02749
17.65000 0.02753
17.75000 0.02757
17.85000 0.02762
17.95000 0.02766
18.05000 0.02770
18.15000 0.02773
18.25000 0.02777
18.35000 0.02780
18.45000 0.02783
18.55000 0.02786
18.65000 0.02789
18.75000 0.02792
18.85000 0.02795
18.95000 0.02798
19.05000 0.02801
19.15000 0.02804
19.25000 0.02807
19.35000 0.02810
19.45000 0.02814
19.55000 0.02818
19.65000 0.02822
19.75000 0.02826
19.85000 0.02830
19.95000 0.02834
20.05000 0.02838
20.15000 0.02841
20.25000 0.02844
20.35000 0.02848
20.45000 0.02852
20.55000 0.02855
20.65000 0.02859
20.75000 0.02863
20.85000 0.02866
20.95000 0.02869
21.05000 0.02873
21.15000 0.02876
21.25000 0.02880
21.35000 0.02883
21.45000 0.02886
21.55000 0.02889
21.65000 0.02892
21.75000 0.02895
21.85000 0.02898
21.95000 0.02900
22.05000 0.02902
22.15000 0.02904
22.25000 0.02906
22.35000 0.02908
22.45000 0.02911
22.55000 0.02913
22.65000 0.02916
22.75000 0.02918
22.85000 0.02921
22.95000 0.02923
23.05000 0.02926
23.15000 0.02929
23.25000 0.02931
23.35000 0.02934
23.45000 0.02937
23.55000 0.02940
23.65000 0.02942
23.75000 0.02945
23.85000 0.02947
23.95000 0.02950
24.05000 0.02953
24.15000 0.02956
24.25000 0.02959
24.35000 0.02962
24.45000 0.02965
24.55000 0.02967
24.65000 0.02970
24.75000 0.02973
24.85000 0.02975
24.95000 0.02978
25.05000 0.02981
25.15000 0.02983
25.25000 0.02986
25.35000 0.02988
25.45000 0.02991
25.55000 0.02993
25.65000 0.02995
25.75000 0.02998
25.85000 0.03000
25.95000 0.03003
26.05000 0.03005
26.15000 0.03008
26.25000 0.03011
26.35000 0.03013
26.45000 0.03016
26.55000 0.03019
26.65000 0.03021
26.75000 0.03024
26.85000 0.03026
26.95000 0.03029
27.05000 0.03032
27.15000 0.03034
27.25000 0.03036
27.35000 0.03038
27.45000 0.03040
27.55000 0.03043
27.65000 0.03045
27.75000 0.03047
27.85000 0.03049
27.95000 0.03051
28.05000 0.03053
28.15000 0.03054
28.25000 0.03056
28.35000 0.03058
28.45000 0.03060
28.55000 0.03062
28.65000 0.03064
28.75000 0.03066
28.85000 0.03067
28.95000 0.03069
29.05000 0.03071
29.15000 0.03073
29.25000 0.03075
29.35000 0.03077
29.45000 0.03079
29.55000 0.03081
29.65000 0.03083
29.75000 0.03085
29.85000 0.03087
29.95000 0.03089
