 0.05000 0.00000
 0.15000 0.00000
 0.25000 0.00000
 0.35000 0.00000
 0.45000 0.00000
 0.55000 0.00000
 0.65000 0.00000
 0.75000 0.00000
 0.85000 0.00000
 0.95000 0.00000
 1.05000 0.00000
 1.15000 0.00000
 1.25000 0.00000
 1.35000 0.00000
 1.45000 0.00000
 1.55000 0.00000
 1.65000 0.00000
 1.75000 0.00000
 1.85000 0.00000
 1.95000 0.00000
 2.05000 0.00000
 2.15000 0.00000
 2.25000 0.00000
 2.35000 0.00000
 2.45000 0.00000
 2.55000 0.00000
 2.65000 0.00000
 2.75000 0.00000
 2.85000 0.00000
 2.95000 0.00001
 3.05000 0.00029
 3.15000 0.00206
 3.25000 0.00779
 3.35000 0.01858
 3.45000 0.03132
 3.55000 0.04071
 3.65000 0.04449
 3.75000 0.04429
 3.85000 0.04190
 3.95000 0.03661
 4.05000 0.02795
 4.15000 0.01911
 4.25000 0.01342
 4.35000 0.01090
 4.45000 0.01019
 4.55000 0.01035
 4.65000 0.01093
 4.75000 0.01175
 4.85000 0.01276
 4.95000 0.01385
 5.05000 0.01500
 5.15000 0.01612
 5.25000 0.01716
 5.35000 0.01807
 5.45000 0.01886
 5.55000 0.01956
 5.65000 0.02019
 5.75000 0.02077
 5.85000 0.02130
 5.95000 0.02171
 6.05000 0.02191
 6.15000 0.02188
 6.25000 0.02160
 6.35000 0.02119
 6.45000 0.02074
 6.55000 0.02037
 6.65000 0.02012
 6.75000 0.01999
 6.85000 0.02000
 6.95000 0.02014
 7.05000 0.02038
 7.15000 0.02066
 7.25000 0.02095
 7.35000 0.02121
 7.45000 0.02143
 7.55000 0.02162
 7.65000 0.02178
 7.75000 0.02191
 7.85000 0.02203
 7.95000 0.02215
 8.05000 0.02227
 8.15000 0.02236
 8.25000 0.02246
 8.35000 0.02253
 8.45000 0.02256
 8.55000 0.02258
 8.65000 0.02258
 8.75000 0.02258
 8.85000 0.02260
 8.95000 0.02262
 9.05000 0.02265
 9.15000 0.02271
 9.25000 0.02277
 9.35000 0.02285
 9.45000 0.02294
 9.55000 0.02304
 9.65000 0.02314
 9.75000 0.02322
 9.85000 0.02330
 9.95000 0.02337
10.05000 0.02343
10.15000 0.02349
10.25000 0.02354
10.35000 0.02357
10.45000 0.02359
10.55000 0.02361
10.65000 0.02361
10.75000 0.02363
10.85000 0.02364
10.95000 0.02368
11.05000 0.02372
11.15000 0.02378
11.25000 0.02384
11.35000 0.02391
11.45000 0.02398
11.55000 0.02404
11.65000 0.02410
11.75000 0.02415
11.85000 0.02421
11.95000 0.02426
12.05000 0.02431
12.15000 0.02437
12.25000 0.02443
12.35000 0.02448
12.45000 0.02454
12.55000 0.02458
12.65000 0.02464
12.75000 0.02467
12.85000 0.02471
12.95000 0.02475
13.05000 0.02479
13.15000 0.02482
13.25000 0.02485
13.35000 0.02489
13.45000 0.02493
13.55000 0.02497
13.65000 0.02502
13.75000 0.02508
13.85000 0.02514
13.95000 0.02520
14.05000 0.02525
14.15000 0.02531
14.25000 0.02537
14.35000 0.02544
14.45000 0.02550
14.55000 0.02556
14.65000 0.02562
14.75000 0.02567
14.85000 0.02573
14.95000 0.02579
15.05000 0.02585
15.15000 0.02591
15.25000 0.02597
15.35000 0.02602
15.45000 0.02609
15.55000 0.02615
15.65000 0.02621
15.75000 0.02628
15.85000 0.02634
15.95000 0.02640
16.05000 0.02647
16.15000 0.02654
16.25000 0.02660
16.35000 0.02667
16.45000 0.02673
16.55000 0.02678
16.65000 0.02684
16.75000 0.02690
16.85000 0.02696
16.95000 0.02702
17.05000 0.02708
17.15000 0.02715
17.25000 0.02721
17.35000 0.02727
17.45000 0.02733
17.55000 0.02740
17.65000 0.02745
17.75000 0.02751
17.85000 0.02757
17.95000 0.02762
18.05000 0.02767
18.15000 0.02772
18.25000 0.02777
18.35000 0.02782
18.45000 0.02786
18.55000 0.02791
18.65000 0.02795
18.75000 0.02800
18.85000 0.02805
18.95000 0.02809
19.05000 0.02814
19.15000 0.02818
19.25000 0.02823
19.35000 0.02827
19.45000 0.02832
19.55000 0.02837
19.65000 0.02840
19.75000 0.02845
19.85000 0.02849
19.95000 0.02853
20.05000 0.02857
20.15000 0.02861
20.25000 0.02865
20.35000 0.02869
20.45000 0.02873
20.55000 0.02877
20.65000 0.02880
20.75000 0.02884
20.85000 0.02887
20.95000 0.02891
21.05000 0.02894
21.15000 0.02897
21.25000 0.02900
21.35000 0.02903
21.45000 0.02906
21.55000 0.02908
21.65000 0.02911
21.75000 0.02914
21.85000 0.02916
21.95000 0.02919
22.05000 0.02921
22.15000 0.02924
22.25000 0.02926
22.35000 0.02928
22.45000 0.02930
22.55000 0.02933
22.65000 0.02935
22.75000 0.02937
22.85000 0.02939
22.95000 0.02942
23.05000 0.02944
23.15000 0.02946
23.25000 0.02949
23.35000 0.02951
23.45000 0.02953
23.55000 0.02956
23.65000 0.02958
23.75000 0.02961
23.85000 0.02963
23.95000 0.02966
24.05000 0.02968
24.15000 0.02970
24.25000 0.02973
24.35000 0.02975
24.45000 0.02977
24.55000 0.02979
24.65000 0.02981
24.75000 0.02983
24.85000 0.02985
24.95000 0.02987
25.05000 0.02989
25.15000 0.02991
25.25000 0.02993
25.35000 0.02995
25.45000 0.02997
25.55000 0.02999
25.65000 0.03001
25.75000 0.03003
25.85000 0.03005
25.95000 0.03008
26.05000 0.03009
26.15000 0.03011
26.25000 0.03014
26.35000 0.03016
26.45000 0.03017
26.55000 0.03020
26.65000 0.03022
26.75000 0.03024
26.85000 0.03026
26.95000 0.03028
27.05000 0.03030
27.15000 0.03032
27.25000 0.03034
27.35000 0.03036
27.45000 0.03038
27.55000 0.03040
27.65000 0.03042
27.75000 0.03043
27.85000 0.03045
27.95000 0.03047
28.05000 0.03048
28.15000 0.03050
28.25000 0.03051
28.35000 0.03053
28.45000 0.03054
28.55000 0.03056
28.65000 0.03057
28.75000 0.03058
28.85000 0.03060
28.95000 0.03061
29.05000 0.03063
29.15000 0.03064
29.25000 0.03065
29.35000 0.03067
29.45000 0.03068
29.55000 0.03069
29.65000 0.03071
29.75000 0.03072
29.85000 0.03074
29.95000 0.03075
