 0.05000 0.00000
 0.15000 0.00000
 0.25000 0.00000
 0.35000 0.00000
 0.45000 0.00000
 0.55000 0.00000
 0.65000 0.00000
 0.75000 0.00000
 0.85000 0.00000
 0.95000 0.00000
 1.05000 0.00000
 1.15000 0.00000
 1.25000 0.00000
 1.35000 0.00000
 1.45000 0.00000
 1.55000 0.00000
 1.65000 0.00000
 1.75000 0.00000
 1.85000 0.00000
 1.95000 0.00000
 2.05000 0.00000
 2.15000 0.00000
 2.25000 0.00000
 2.35000 0.00000
 2.45000 0.00065
 2.55000 0.00799
 2.65000 0.02213
 2.75000 0.02732
 2.85000 0.02359
 2.95000 0.01909
 3.05000 0.01651
 3.15000 0.01543
 3.25000 0.01502
 3.35000 0.01480
 3.45000 0.01458
 3.55000 0.01430
 3.65000 0.01399
 3.75000 0.01368
 3.85000 0.01337
 3.95000 0.01311
 4.05000 0.01285
 4.15000 0.01262
 4.25000 0.01245
 4.35000 0.01234
 4.45000 0.01233
 4.55000 0.01241
 4.65000 0.01260
 4.75000 0.01286
 4.85000 0.01319
 4.95000 0.01358
 5.05000 0.01397
 5.15000 0.01435
 5.25000 0.01463
 5.35000 0.01476
 5.45000 0.01471
 5.55000 0.01460
 5.65000 0.01453
 5.75000 0.01453
 5.85000 0.01463
 5.95000 0.01481
 6.05000 0.01503
 6.15000 0.01530
 6.25000 0.01557
 6.35000 0.01585
 6.45000 0.01616
 6.55000 0.01650
 6.65000 0.01691
 6.75000 0.01743
 6.85000 0.01812
 6.95000 0.01885
 7.05000 0.01935
 7.15000 0.01943
 7.25000 0.01919
 7.35000 0.01887
 7.45000 0.01857
 7.55000 0.01837
 7.65000 0.01823
 7.75000 0.01813
 7.85000 0.01807
 7.95000 0.01804
 8.05000 0.01805
 8.15000 0.01808
 8.25000 0.01814
 8.35000 0.01823
 8.45000 0.01835
 8.55000 0.01849
 8.65000 0.01866
 8.75000 0.01885
 8.85000 0.01909
 8.95000 0.01933
 9.05000 0.01961
 9.15000 0.01990
 9.25000 0.02020
 9.35000 0.02054
 9.45000 0.02086
 9.55000 0.02117
 9.65000 0.02145
 9.75000 0.02170
 9.85000 0.02190
 9.95000 0.02207
10.05000 0.02222
10.15000 0.02236
10.25000 0.02247
10.35000 0.02257
10.45000 0.02266
10.55000 0.02275
10.65000 0.02283
10.75000 0.02292
10.85000 0.02300
10.95000 0.02309
11.05000 0.02316
11.15000 0.02323
11.25000 0.02330
11.35000 0.02337
11.45000 0.02341
11.55000 0.02346
11.65000 0.02352
11.75000 0.02360
11.85000 0.02369
11.95000 0.02380
12.05000 0.02393
12.15000 0.02405
12.25000 0.02417
12.35000 0.02429
12.45000 0.02441
12.55000 0.02452
12.65000 0.02464
12.75000 0.02476
12.85000 0.02487
12.95000 0.02498
13.05000 0.02509
13.15000 0.02519
13.25000 0.02529
13.35000 0.02539
13.45000 0.02547
13.55000 0.02556
13.65000 0.02564
13.75000 0.02571
13.85000 0.02577
13.95000 0.02583
14.05000 0.02588
14.15000 0.02593
14.25000 0.02598
14.35000 0.02602
14.45000 0.02606
14.55000 0.02611
14.65000 0.02615
14.75000 0.02620
14.85000 0.02625
14.95000 0.02630
15.05000 0.02635
15.15000 0.02640
15.25000 0.02646
15.35000 0.02652
15.45000 0.02657
15.55000 0.02662
15.65000 0.02668
15.75000 0.02672
15.85000 0.02676
15.95000 0.02679
16.05000 0.02683
16.15000 0.02686
16.25000 0.02690
16.35000 0.02693
16.45000 0.02697
16.55000 0.02702
16.65000 0.02706
16.75000 0.02710
16.85000 0.02715
16.95000 0.02720
17.05000 0.02725
17.15000 0.02730
17.25000 0.02736
17.35000 0.02741
17.45000 0.02746
17.55000 0.02750
17.65000 0.02755
17.75000 0.02759
17.85000 0.02763
17.95000 0.02767
18.05000 0.02771
18.15000 0.02774
18.25000 0.02777
18.35000 0.02781
18.45000 0.02783
18.55000 0.02786
18.65000 0.02788
18.75000 0.02791
18.85000 0.02794
18.95000 0.02796
19.05000 0.02799
19.15000 0.02803
19.25000 0.02806
19.35000 0.02809
19.45000 0.02813
19.55000 0.02817
19.65000 0.02821
19.75000 0.02825
19.85000 0.02829
19.95000 0.02833
20.05000 0.02837
20.15000 0.02841
20.25000 0.02844
20.35000 0.02847
20.45000 0.02852
20.55000 0.02854
20.65000 0.02858
20.75000 0.02861
20.85000 0.02864
20.95000 0.02868
21.05000 0.02871
21.15000 0.02874
21.25000 0.02878
21.35000 0.02881
21.45000 0.02885
21.55000 0.02888
21.65000 0.02891
21.75000 0.02894
21.85000 0.02897
21.95000 0.02901
22.05000 0.02903
22.15000 0.02906
22.25000 0.02910
22.35000 0.02912
22.45000 0.02915
22.55000 0.02918
22.65000 0.02922
22.75000 0.02925
22.85000 0.02928
22.95000 0.02931
23.05000 0.02934
23.15000 0.02936
23.25000 0.02939
23.35000 0.02942
23.45000 0.02944
23.55000 0.02947
23.65000 0.02949
23.75000 0.02952
23.85000 0.02954
23.95000 0.02956
24.05000 0.02959
24.15000 0.02961
24.25000 0.02963
24.35000 0.02965
24.45000 0.02967
24.55000 0.02969
24.65000 0.02971
24.75000 0.02973
24.85000 0.02976
24.95000 0.02978
25.05000 0.02980
25.15000 0.02983
25.25000 0.02985
25.35000 0.02987
25.45000 0.02989
25.55000 0.02992
25.65000 0.02994
25.75000 0.02996
25.85000 0.02998
25.95000 0.03000
26.05000 0.03002
26.15000 0.03005
26.25000 0.03007
26.35000 0.03009
26.45000 0.03011
26.55000 0.03014
26.65000 0.03016
26.75000 0.03018
26.85000 0.03021
26.95000 0.03023
27.05000 0.03026
27.15000 0.03028
27.25000 0.03030
27.35000 0.03032
27.45000 0.03035
27.55000 0.03037
27.65000 0.03039
27.75000 0.03041
27.85000 0.03044
27.95000 0.03046
28.05000 0.03048
28.15000 0.03050
28.25000 0.03052
28.35000 0.03055
28.45000 0.03057
28.55000 0.03059
28.65000 0.03061
28.75000 0.03063
28.85000 0.03065
28.95000 0.03067
29.05000 0.03068
29.15000 0.03070
29.25000 0.03072
29.35000 0.03074
29.45000 0.03075
29.55000 0.03077
29.65000 0.03079
29.75000 0.03081
29.85000 0.03082
29.95000 0.03084
