 0.05000 0.00000
 0.15000 0.00000
 0.25000 0.00000
 0.35000 0.00000
 0.45000 0.00000
 0.55000 0.00000
 0.65000 0.00000
 0.75000 0.00000
 0.85000 0.00000
 0.95000 0.00000
 1.05000 0.00000
 1.15000 0.00000
 1.25000 0.00000
 1.35000 0.00000
 1.45000 0.00000
 1.55000 0.00000
 1.65000 0.00000
 1.75000 0.00000
 1.85000 0.00000
 1.95000 0.00000
 2.05000 0.00000
 2.15000 0.00000
 2.25000 0.00000
 2.35000 0.00000
 2.45000 0.00000
 2.55000 0.00024
 2.65000 0.00343
 2.75000 0.01155
 2.85000 0.01689
 2.95000 0.01624
 3.05000 0.01368
 3.15000 0.01189
 3.25000 0.01114
 3.35000 0.01096
 3.45000 0.01099
 3.55000 0.01107
 3.65000 0.01115
 3.75000 0.01120
 3.85000 0.01119
 3.95000 0.01114
 4.05000 0.01102
 4.15000 0.01083
 4.25000 0.01061
 4.35000 0.01030
 4.45000 0.00997
 4.55000 0.00967
 4.65000 0.00942
 4.75000 0.00930
 4.85000 0.00934
 4.95000 0.00950
 5.05000 0.00981
 5.15000 0.01024
 5.25000 0.01076
 5.35000 0.01130
 5.45000 0.01178
 5.55000 0.01221
 5.65000 0.01260
 5.75000 0.01297
 5.85000 0.01329
 5.95000 0.01361
 6.05000 0.01391
 6.15000 0.01417
 6.25000 0.01444
 6.35000 0.01473
 6.45000 0.01503
 6.55000 0.01524
 6.65000 0.01541
 6.75000 0.01558
 6.85000 0.01580
 6.95000 0.01605
 7.05000 0.01630
 7.15000 0.01655
 7.25000 0.01676
 7.35000 0.01697
 7.45000 0.01716
 7.55000 0.01736
 7.65000 0.01758
 7.75000 0.01780
 7.85000 0.01806
 7.95000 0.01833
 8.05000 0.01862
 8.15000 0.01892
 8.25000 0.01918
 8.35000 0.01939
 8.45000 0.01954
 8.55000 0.01964
 8.65000 0.01972
 8.75000 0.01978
 8.85000 0.01984
 8.95000 0.01990
 9.05000 0.01996
 9.15000 0.02004
 9.25000 0.02013
 9.35000 0.02023
 9.45000 0.02034
 9.55000 0.02045
 9.65000 0.02056
 9.75000 0.02070
 9.85000 0.02081
 9.95000 0.02094
10.05000 0.02106
10.15000 0.02119
10.25000 0.02132
10.35000 0.02144
10.45000 0.02156
10.55000 0.02167
10.65000 0.02180
10.75000 0.02193
10.85000 0.02209
10.95000 0.02227
11.05000 0.02245
11.15000 0.02262
11.25000 0.02276
11.35000 0.02287
11.45000 0.02298
11.55000 0.02307
11.65000 0.02314
11.75000 0.02322
11.85000 0.02331
11.95000 0.02339
12.05000 0.02347
12.15000 0.02356
12.25000 0.02364
12.35000 0.02373
12.45000 0.02381
12.55000 0.02390
12.65000 0.02398
12.75000 0.02406
12.85000 0.02414
12.95000 0.02423
13.05000 0.02433
13.15000 0.02443
13.25000 0.02452
13.35000 0.02463
13.45000 0.02473
13.55000 0.02483
13.65000 0.02493
13.75000 0.02503
13.85000 0.02513
13.95000 0.02521
14.05000 0.02530
14.15000 0.02539
14.25000 0.02547
14.35000 0.02555
14.45000 0.02562
14.55000 0.02570
14.65000 0.02577
14.75000 0.02585
14.85000 0.02593
14.95000 0.02600
15.05000 0.02609
15.15000 0.02617
15.25000 0.02624
15.35000 0.02632
15.45000 0.02639
15.55000 0.02646
15.65000 0.02652
15.75000 0.02659
15.85000 0.02666
15.95000 0.02673
16.05000 0.02680
16.15000 0.02687
16.25000 0.02694
16.35000 0.02701
16.45000 0.02708
16.55000 0.02713
16.65000 0.02719
16.75000 0.02724
16.85000 0.02728
16.95000 0.02732
17.05000 0.02735
17.15000 0.02739
17.25000 0.02742
17.35000 0.02746
17.45000 0.02749
17.55000 0.02752
17.65000 0.02756
17.75000 0.02760
17.85000 0.02763
17.95000 0.02767
18.05000 0.02770
18.15000 0.02774
18.25000 0.02778
18.35000 0.02781
18.45000 0.02785
18.55000 0.02788
18.65000 0.02792
18.75000 0.02796
18.85000 0.02800
18.95000 0.02803
19.05000 0.02807
19.15000 0.02810
19.25000 0.02814
19.35000 0.02817
19.45000 0.02820
19.55000 0.02823
19.65000 0.02827
19.75000 0.02830
19.85000 0.02833
19.95000 0.02837
20.05000 0.02840
20.15000 0.02843
20.25000 0.02846
20.35000 0.02850
20.45000 0.02853
20.55000 0.02855
20.65000 0.02858
20.75000 0.02861
20.85000 0.02863
20.95000 0.02866
21.05000 0.02869
21.15000 0.02871
21.25000 0.02874
21.35000 0.02876
21.45000 0.02879
21.55000 0.02882
21.65000 0.02885
21.75000 0.02888
21.85000 0.02892
21.95000 0.02895
22.05000 0.02899
22.15000 0.02903
22.25000 0.02906
22.35000 0.02910
22.45000 0.02913
22.55000 0.02917
22.65000 0.02920
22.75000 0.02923
22.85000 0.02927
22.95000 0.02929
23.05000 0.02932
23.15000 0.02935
23.25000 0.02937
23.35000 0.02939
23.45000 0.02942
23.55000 0.02944
23.65000 0.02947
23.75000 0.02949
23.85000 0.02951
23.95000 0.02954
24.05000 0.02957
24.15000 0.02959
24.25000 0.02962
24.35000 0.02964
24.45000 0.02967
24.55000 0.02970
24.65000 0.02973
24.75000 0.02976
24.85000 0.02978
24.95000 0.02981
25.05000 0.02984
25.15000 0.02987
25.25000 0.02989
25.35000 0.02992
25.45000 0.02994
25.55000 0.02997
25.65000 0.02999
25.75000 0.03002
25.85000 0.03004
25.95000 0.03007
26.05000 0.03009
26.15000 0.03012
26.25000 0.03014
26.35000 0.03016
26.45000 0.03019
26.55000 0.03021
26.65000 0.03024
26.75000 0.03026
26.85000 0.03028
26.95000 0.03031
27.05000 0.03032
27.15000 0.03035
27.25000 0.03037
27.35000 0.03039
27.45000 0.03041
27.55000 0.03043
27.65000 0.03046
27.75000 0.03047
27.85000 0.03049
27.95000 0.03051
28.05000 0.03053
28.15000 0.03055
28.25000 0.03057
28.35000 0.03058
28.45000 0.03060
28.55000 0.03062
28.65000 0.03064
28.75000 0.03065
28.85000 0.03067
28.95000 0.03068
29.05000 0.03070
29.15000 0.03072
29.25000 0.03073
29.35000 0.03075
29.45000 0.03076
29.55000 0.03078
29.65000 0.03079
29.75000 0.03081
29.85000 0.03083
29.95000 0.03084
