#Distance_(Ang) :1-50@N2_=>_:WAT@O
       0.050000           0.000000
       0.150000           0.000000
       0.250000           0.000000
       0.350000           0.000000
       0.450000           0.000000
       0.550000           0.000000
       0.650000           0.000000
       0.750000           0.000000
       0.850000           0.000000
       0.950000           0.000000
       1.050000           0.000000
       1.150000           0.000000
       1.250000           0.000000
       1.350000           0.000000
       1.450000           0.000000
       1.550000           0.000000
       1.650000           0.000000
       1.750000           0.000000
       1.850000           0.000000
       1.950000           0.000000
       2.050000           0.000000
       2.150000           0.000000
       2.250000           0.000000
       2.350000           0.000000
       2.450000           0.000000
       2.550000           0.000011
       2.650000           0.000872
       2.750000           0.008821
       2.850000           0.022230
       2.950000           0.027317
       3.050000           0.025773
       3.150000           0.023376
       3.250000           0.021719
       3.350000           0.020693
       3.450000           0.019978
       3.550000           0.019312
       3.650000           0.018538
       3.750000           0.017559
       3.850000           0.016448
       3.950000           0.015257
       4.050000           0.014117
       4.150000           0.013183
       4.250000           0.012441
       4.350000           0.011938
       4.450000           0.011607
       4.550000           0.011432
       4.650000           0.011378
       4.750000           0.011423
       4.850000           0.011554
       4.950000           0.011756
       5.050000           0.012005
       5.150000           0.012292
       5.250000           0.012648
       5.350000           0.013040
       5.450000           0.013475
       5.550000           0.013916
       5.650000           0.014320
       5.750000           0.014683
       5.850000           0.015023
       5.950000           0.015335
       6.050000           0.015619
       6.150000           0.015866
       6.250000           0.016094
       6.350000           0.016282
       6.450000           0.016450
       6.550000           0.016616
       6.650000           0.016809
       6.750000           0.017093
       6.850000           0.017520
       6.950000           0.018033
       7.050000           0.018426
       7.150000           0.018479
       7.250000           0.018286
       7.350000           0.018078
       7.450000           0.017997
       7.550000           0.018032
       7.650000           0.018146
       7.750000           0.018303
       7.850000           0.018463
       7.950000           0.018632
       8.050000           0.018782
       8.150000           0.018939
       8.250000           0.019096
       8.350000           0.019276
       8.450000           0.019459
       8.550000           0.019648
       8.650000           0.019825
       8.750000           0.019989
       8.850000           0.020147
       8.950000           0.020282
       9.050000           0.020400
       9.150000           0.020501
       9.250000           0.020600
       9.350000           0.020705
       9.450000           0.020837
       9.550000           0.020971
       9.650000           0.021103
       9.750000           0.021220
       9.850000           0.021340
       9.950000           0.021445
      10.050000           0.021541
      10.150000           0.021635
      10.250000           0.021730
      10.350000           0.021828
      10.450000           0.021931
      10.550000           0.022036
      10.650000           0.022132
      10.750000           0.022229
      10.850000           0.022325
      10.950000           0.022431
      11.050000           0.022532
      11.150000           0.022643
      11.250000           0.022748
      11.350000           0.022861
      11.450000           0.022967
      11.550000           0.023060
      11.650000           0.023157
      11.750000           0.023236
      11.850000           0.023315
      11.950000           0.023398
      12.050000           0.023471
      12.150000           0.023544
      12.250000           0.023617
      12.350000           0.023689
      12.450000           0.023752
      12.550000           0.023818
      12.650000           0.023891
      12.750000           0.023957
      12.850000           0.024025
      12.950000           0.024093
      13.050000           0.024159
      13.150000           0.024220
      13.250000           0.024279
      13.350000           0.024343
      13.450000           0.024400
      13.550000           0.024457
      13.650000           0.024512
      13.750000           0.024577
      13.850000           0.024640
      13.950000           0.024707
      14.050000           0.024789
      14.150000           0.024860
      14.250000           0.024933
      14.350000           0.025002
      14.450000           0.025074
      14.550000           0.025148
      14.650000           0.025210
      14.750000           0.025281
      14.850000           0.025341
      14.950000           0.025402
      15.050000           0.025462
      15.150000           0.025521
      15.250000           0.025590
      15.350000           0.025645
      15.450000           0.025712
      15.550000           0.025775
      15.650000           0.025839
      15.750000           0.025898
      15.850000           0.025954
      15.950000           0.026013
      16.050000           0.026066
      16.150000           0.026117
      16.250000           0.026167
      16.350000           0.026214
      16.450000           0.026263
      16.550000           0.026313
      16.650000           0.026363
      16.750000           0.026411
      16.850000           0.026466
      16.950000           0.026531
      17.050000           0.026587
      17.150000           0.026650
      17.250000           0.026710
      17.350000           0.026767
      17.450000           0.026822
      17.550000           0.026881
      17.650000           0.026929
      17.750000           0.026979
      17.850000           0.027026
      17.950000           0.027079
      18.050000           0.027127
      18.150000           0.027174
      18.250000           0.027229
      18.350000           0.027272
      18.450000           0.027322
      18.550000           0.027369
      18.650000           0.027421
      18.750000           0.027475
      18.850000           0.027531
      18.950000           0.027587
      19.050000           0.027642
      19.150000           0.027698
      19.250000           0.027759
      19.350000           0.027810
      19.450000           0.027866
      19.550000           0.027917
      19.650000           0.027977
      19.750000           0.028026
      19.850000           0.028080
      19.950000           0.028133
      20.050000           0.028185
      20.150000           0.028239
      20.250000           0.028297
      20.350000           0.028348
      20.450000           0.028402
      20.550000           0.028460
      20.650000           0.028508
      20.750000           0.028557
      20.850000           0.028606
      20.950000           0.028656
      21.050000           0.028699
      21.150000           0.028740
      21.250000           0.028784
      21.350000           0.028828
      21.450000           0.028866
      21.550000           0.028908
      21.650000           0.028949
      21.750000           0.028985
      21.850000           0.029029
      21.950000           0.029066
      22.050000           0.029110
      22.150000           0.029151
      22.250000           0.029190
      22.350000           0.029232
      22.450000           0.029271
      22.550000           0.029310
      22.650000           0.029351
      22.750000           0.029391
      22.850000           0.029432
      22.950000           0.029466
      23.050000           0.029505
      23.150000           0.029541
      23.250000           0.029577
      23.350000           0.029611
      23.450000           0.029644
      23.550000           0.029674
      23.650000           0.029707
      23.750000           0.029736
      23.850000           0.029770
      23.950000           0.029797
      24.050000           0.029824
      24.150000           0.029854
      24.250000           0.029877
      24.350000           0.029906
      24.450000           0.029932
      24.550000           0.029954
      24.650000           0.029982
      24.750000           0.030004
      24.850000           0.030027
      24.950000           0.030045
      25.050000           0.030071
      25.150000           0.030088
      25.250000           0.030108
      25.350000           0.030132
      25.450000           0.030151
      25.550000           0.030169
      25.650000           0.030190
      25.750000           0.030209
      25.850000           0.030232
      25.950000           0.030253
      26.050000           0.030270
      26.150000           0.030291
      26.250000           0.030311
      26.350000           0.030331
      26.450000           0.030350
      26.550000           0.030367
      26.650000           0.030386
      26.750000           0.030405
      26.850000           0.030422
      26.950000           0.030436
      27.050000           0.030452
      27.150000           0.030464
      27.250000           0.030480
      27.350000           0.030493
      27.450000           0.030508
      27.550000           0.030519
      27.650000           0.030531
      27.750000           0.030545
      27.850000           0.030555
      27.950000           0.030567
      28.050000           0.030577
      28.150000           0.030590
      28.250000           0.030604
      28.350000           0.030615
      28.450000           0.030627
      28.550000           0.030639
      28.650000           0.030652
      28.750000           0.030663
      28.850000           0.030674
      28.950000           0.030688
      29.050000           0.030700
      29.150000           0.030715
      29.250000           0.030727
      29.350000           0.030743
      29.450000           0.030758
      29.550000           0.030774
      29.650000           0.030786
      29.750000           0.030803
      29.850000           0.030819
      29.950000           0.030835
