#Distance_(Ang) :1-50@N7_=>_:WAT@O
       0.050000           0.000000
       0.150000           0.000000
       0.250000           0.000000
       0.350000           0.000000
       0.450000           0.000000
       0.550000           0.000000
       0.650000           0.000000
       0.750000           0.000000
       0.850000           0.000000
       0.950000           0.000000
       1.050000           0.000000
       1.150000           0.000000
       1.250000           0.000000
       1.350000           0.000000
       1.450000           0.000000
       1.550000           0.000000
       1.650000           0.000000
       1.750000           0.000000
       1.850000           0.000000
       1.950000           0.000000
       2.050000           0.000000
       2.150000           0.000000
       2.250000           0.000000
       2.350000           0.000000
       2.450000           0.000002
       2.550000           0.000262
       2.650000           0.004012
       2.750000           0.014203
       2.850000           0.021496
       2.950000           0.021206
       3.050000           0.018109
       3.150000           0.015661
       3.250000           0.014390
       3.350000           0.013841
       3.450000           0.013641
       3.550000           0.013621
       3.650000           0.013692
       3.750000           0.013721
       3.850000           0.013693
       3.950000           0.013514
       4.050000           0.013163
       4.150000           0.012734
       4.250000           0.012253
       4.350000           0.011799
       4.450000           0.011413
       4.550000           0.011153
       4.650000           0.011075
       4.750000           0.011189
       4.850000           0.011327
       4.950000           0.011426
       5.050000           0.011536
       5.150000           0.011711
       5.250000           0.011984
       5.350000           0.012377
       5.450000           0.012865
       5.550000           0.013439
       5.650000           0.014100
       5.750000           0.014758
       5.850000           0.015293
       5.950000           0.015701
       6.050000           0.016019
       6.150000           0.016273
       6.250000           0.016518
       6.350000           0.016801
       6.450000           0.017045
       6.550000           0.017166
       6.650000           0.017181
       6.750000           0.017184
       6.850000           0.017229
       6.950000           0.017353
       7.050000           0.017524
       7.150000           0.017728
       7.250000           0.017967
       7.350000           0.018209
       7.450000           0.018470
       7.550000           0.018701
       7.650000           0.018923
       7.750000           0.019125
       7.850000           0.019343
       7.950000           0.019599
       8.050000           0.019894
       8.150000           0.020191
       8.250000           0.020456
       8.350000           0.020662
       8.450000           0.020800
       8.550000           0.020853
       8.650000           0.020872
       8.750000           0.020849
       8.850000           0.020841
       8.950000           0.020838
       9.050000           0.020840
       9.150000           0.020857
       9.250000           0.020892
       9.350000           0.020941
       9.450000           0.021017
       9.550000           0.021105
       9.650000           0.021205
       9.750000           0.021316
       9.850000           0.021421
       9.950000           0.021535
      10.050000           0.021650
      10.150000           0.021744
      10.250000           0.021843
      10.350000           0.021930
      10.450000           0.022011
      10.550000           0.022078
      10.650000           0.022154
      10.750000           0.022227
      10.850000           0.022311
      10.950000           0.022423
      11.050000           0.022556
      11.150000           0.022700
      11.250000           0.022837
      11.350000           0.022968
      11.450000           0.023073
      11.550000           0.023147
      11.650000           0.023211
      11.750000           0.023257
      11.850000           0.023309
      11.950000           0.023359
      12.050000           0.023426
      12.150000           0.023489
      12.250000           0.023553
      12.350000           0.023628
      12.450000           0.023699
      12.550000           0.023767
      12.650000           0.023843
      12.750000           0.023925
      12.850000           0.023992
      12.950000           0.024072
      13.050000           0.024150
      13.150000           0.024226
      13.250000           0.024302
      13.350000           0.024379
      13.450000           0.024464
      13.550000           0.024547
      13.650000           0.024640
      13.750000           0.024741
      13.850000           0.024832
      13.950000           0.024929
      14.050000           0.025018
      14.150000           0.025102
      14.250000           0.025185
      14.350000           0.025260
      14.450000           0.025342
      14.550000           0.025410
      14.650000           0.025485
      14.750000           0.025542
      14.850000           0.025608
      14.950000           0.025667
      15.050000           0.025726
      15.150000           0.025780
      15.250000           0.025828
      15.350000           0.025874
      15.450000           0.025925
      15.550000           0.025977
      15.650000           0.026035
      15.750000           0.026082
      15.850000           0.026137
      15.950000           0.026193
      16.050000           0.026241
      16.150000           0.026292
      16.250000           0.026351
      16.350000           0.026403
      16.450000           0.026463
      16.550000           0.026524
      16.650000           0.026583
      16.750000           0.026643
      16.850000           0.026703
      16.950000           0.026767
      17.050000           0.026824
      17.150000           0.026873
      17.250000           0.026929
      17.350000           0.026977
      17.450000           0.027025
      17.550000           0.027074
      17.650000           0.027126
      17.750000           0.027172
      17.850000           0.027219
      17.950000           0.027269
      18.050000           0.027320
      18.150000           0.027378
      18.250000           0.027431
      18.350000           0.027483
      18.450000           0.027533
      18.550000           0.027585
      18.650000           0.027639
      18.750000           0.027693
      18.850000           0.027735
      18.950000           0.027785
      19.050000           0.027828
      19.150000           0.027870
      19.250000           0.027910
      19.350000           0.027946
      19.450000           0.027983
      19.550000           0.028017
      19.650000           0.028052
      19.750000           0.028088
      19.850000           0.028123
      19.950000           0.028165
      20.050000           0.028206
      20.150000           0.028250
      20.250000           0.028289
      20.350000           0.028337
      20.450000           0.028385
      20.550000           0.028427
      20.650000           0.028482
      20.750000           0.028534
      20.850000           0.028580
      20.950000           0.028631
      21.050000           0.028683
      21.150000           0.028733
      21.250000           0.028778
      21.350000           0.028828
      21.450000           0.028874
      21.550000           0.028916
      21.650000           0.028957
      21.750000           0.029000
      21.850000           0.029039
      21.950000           0.029079
      22.050000           0.029120
      22.150000           0.029153
      22.250000           0.029192
      22.350000           0.029228
      22.450000           0.029262
      22.550000           0.029297
      22.650000           0.029330
      22.750000           0.029359
      22.850000           0.029390
      22.950000           0.029427
      23.050000           0.029455
      23.150000           0.029483
      23.250000           0.029513
      23.350000           0.029548
      23.450000           0.029573
      23.550000           0.029606
      23.650000           0.029633
      23.750000           0.029663
      23.850000           0.029692
      23.950000           0.029722
      24.050000           0.029751
      24.150000           0.029780
      24.250000           0.029809
      24.350000           0.029835
      24.450000           0.029864
      24.550000           0.029888
      24.650000           0.029912
      24.750000           0.029936
      24.850000           0.029962
      24.950000           0.029985
      25.050000           0.030006
      25.150000           0.030031
      25.250000           0.030052
      25.350000           0.030077
      25.450000           0.030094
      25.550000           0.030115
      25.650000           0.030137
      25.750000           0.030154
      25.850000           0.030170
      25.950000           0.030190
      26.050000           0.030213
      26.150000           0.030231
      26.250000           0.030248
      26.350000           0.030270
      26.450000           0.030289
      26.550000           0.030308
      26.650000           0.030329
      26.750000           0.030345
      26.850000           0.030362
      26.950000           0.030381
      27.050000           0.030400
      27.150000           0.030414
      27.250000           0.030433
      27.350000           0.030452
      27.450000           0.030470
      27.550000           0.030485
      27.650000           0.030505
      27.750000           0.030523
      27.850000           0.030541
      27.950000           0.030555
      28.050000           0.030575
      28.150000           0.030593
      28.250000           0.030613
      28.350000           0.030632
      28.450000           0.030650
      28.550000           0.030668
      28.650000           0.030686
      28.750000           0.030706
      28.850000           0.030724
      28.950000           0.030742
      29.050000           0.030760
      29.150000           0.030776
      29.250000           0.030793
      29.350000           0.030808
      29.450000           0.030826
      29.550000           0.030839
      29.650000           0.030853
      29.750000           0.030866
      29.850000           0.030884
      29.950000           0.030896
