#Distance_(Ang) :G,G3@P_=>_:WAT@O
       0.050000          0.000000
       0.150000          0.000000
       0.250000          0.000000
       0.350000          0.000000
       0.450000          0.000000
       0.550000          0.000000
       0.650000          0.000000
       0.750000          0.000000
       0.850000          0.000000
       0.950000          0.000000
       1.050000          0.000000
       1.150000          0.000000
       1.250000          0.000000
       1.350000          0.000000
       1.450000          0.000000
       1.550000          0.000000
       1.650000          0.000000
       1.750000          0.000000
       1.850000          0.000000
       1.950000          0.000000
       2.050000          0.000000
       2.150000          0.000000
       2.250000          0.000000
       2.350000          0.000000
       2.450000          0.000000
       2.550000          0.000000
       2.650000          0.000000
       2.750000          0.000000
       2.850000          0.000000
       2.950000          0.000021
       3.050000          0.000337
       3.150000          0.002221
       3.250000          0.007870
       3.350000          0.017967
       3.450000          0.029410
       3.550000          0.037547
       3.650000          0.040726
       3.750000          0.040763
       3.850000          0.039025
       3.950000          0.034307
       4.050000          0.026447
       4.150000          0.018501
       4.250000          0.013525
       4.350000          0.011398
       4.450000          0.010851
       4.550000          0.011024
       4.650000          0.011495
       4.750000          0.012069
       4.850000          0.012751
       4.950000          0.013484
       5.050000          0.014321
       5.150000          0.015203
       5.250000          0.016089
       5.350000          0.016990
       5.450000          0.017809
       5.550000          0.018527
       5.650000          0.019130
       5.750000          0.019596
       5.850000          0.019962
       5.950000          0.020179
       6.050000          0.020273
       6.150000          0.020210
       6.250000          0.020052
       6.350000          0.019815
       6.450000          0.019584
       6.550000          0.019423
       6.650000          0.019308
       6.750000          0.019275
       6.850000          0.019316
       6.950000          0.019402
       7.050000          0.019563
       7.150000          0.019768
       7.250000          0.019945
       7.350000          0.020104
       7.450000          0.020225
       7.550000          0.020339
       7.650000          0.020460
       7.750000          0.020586
       7.850000          0.020714
       7.950000          0.020836
       8.050000          0.020939
       8.150000          0.021013
       8.250000          0.021058
       8.350000          0.021091
       8.450000          0.021127
       8.550000          0.021144
       8.650000          0.021180
       8.750000          0.021209
       8.850000          0.021265
       8.950000          0.021340
       9.050000          0.021426
       9.150000          0.021543
       9.250000          0.021652
       9.350000          0.021779
       9.450000          0.021914
       9.550000          0.022035
       9.650000          0.022147
       9.750000          0.022260
       9.850000          0.022355
       9.950000          0.022451
      10.050000          0.022532
      10.150000          0.022619
      10.250000          0.022707
      10.350000          0.022776
      10.450000          0.022871
      10.550000          0.022939
      10.650000          0.023020
      10.750000          0.023091
      10.850000          0.023174
      10.950000          0.023266
      11.050000          0.023346
      11.150000          0.023444
      11.250000          0.023532
      11.350000          0.023624
      11.450000          0.023707
      11.550000          0.023789
      11.650000          0.023874
      11.750000          0.023973
      11.850000          0.024057
      11.950000          0.024148
      12.050000          0.024228
      12.150000          0.024300
      12.250000          0.024355
      12.350000          0.024393
      12.450000          0.024425
      12.550000          0.024449
      12.650000          0.024462
      12.750000          0.024485
      12.850000          0.024506
      12.950000          0.024535
      13.050000          0.024562
      13.150000          0.024600
      13.250000          0.024641
      13.350000          0.024701
      13.450000          0.024777
      13.550000          0.024848
      13.650000          0.024936
      13.750000          0.025027
      13.850000          0.025125
      13.950000          0.025222
      14.050000          0.025322
      14.150000          0.025441
      14.250000          0.025543
      14.350000          0.025654
      14.450000          0.025753
      14.550000          0.025852
      14.650000          0.025945
      14.750000          0.026025
      14.850000          0.026098
      14.950000          0.026153
      15.050000          0.026205
      15.150000          0.026250
      15.250000          0.026285
      15.350000          0.026315
      15.450000          0.026345
      15.550000          0.026373
      15.650000          0.026389
      15.750000          0.026414
      15.850000          0.026440
      15.950000          0.026462
      16.050000          0.026488
      16.150000          0.026517
      16.250000          0.026553
      16.350000          0.026598
      16.450000          0.026639
      16.550000          0.026690
      16.650000          0.026729
      16.750000          0.026776
      16.850000          0.026833
      16.950000          0.026885
      17.050000          0.026939
      17.150000          0.027001
      17.250000          0.027058
      17.350000          0.027122
      17.450000          0.027180
      17.550000          0.027238
      17.650000          0.027287
      17.750000          0.027334
      17.850000          0.027375
      17.950000          0.027417
      18.050000          0.027465
      18.150000          0.027500
      18.250000          0.027534
      18.350000          0.027568
      18.450000          0.027599
      18.550000          0.027633
      18.650000          0.027660
      18.750000          0.027687
      18.850000          0.027715
      18.950000          0.027736
      19.050000          0.027759
      19.150000          0.027782
      19.250000          0.027809
      19.350000          0.027832
      19.450000          0.027860
      19.550000          0.027887
      19.650000          0.027922
      19.750000          0.027956
      19.850000          0.027985
      19.950000          0.028022
      20.050000          0.028061
      20.150000          0.028097
      20.250000          0.028133
      20.350000          0.028164
      20.450000          0.028200
      20.550000          0.028237
      20.650000          0.028269
      20.750000          0.028308
      20.850000          0.028347
      20.950000          0.028381
      21.050000          0.028418
      21.150000          0.028457
      21.250000          0.028490
      21.350000          0.028525
      21.450000          0.028556
      21.550000          0.028592
      21.650000          0.028626
      21.750000          0.028662
      21.850000          0.028700
      21.950000          0.028735
      22.050000          0.028775
      22.150000          0.028814
      22.250000          0.028850
      22.350000          0.028884
      22.450000          0.028921
      22.550000          0.028956
      22.650000          0.028992
      22.750000          0.029021
      22.850000          0.029054
      22.950000          0.029084
      23.050000          0.029112
      23.150000          0.029141
      23.250000          0.029173
      23.350000          0.029203
      23.450000          0.029236
      23.550000          0.029269
      23.650000          0.029303
      23.750000          0.029340
      23.850000          0.029373
      23.950000          0.029408
      24.050000          0.029444
      24.150000          0.029478
      24.250000          0.029511
      24.350000          0.029548
      24.450000          0.029576
      24.550000          0.029614
      24.650000          0.029643
      24.750000          0.029677
      24.850000          0.029706
      24.950000          0.029736
      25.050000          0.029765
      25.150000          0.029797
      25.250000          0.029825
      25.350000          0.029858
      25.450000          0.029881
      25.550000          0.029910
      25.650000          0.029936
      25.750000          0.029962
      25.850000          0.029984
      25.950000          0.030009
      26.050000          0.030031
      26.150000          0.030052
      26.250000          0.030077
      26.350000          0.030101
      26.450000          0.030125
      26.550000          0.030149
      26.650000          0.030176
      26.750000          0.030201
      26.850000          0.030227
      26.950000          0.030254
      27.050000          0.030283
      27.150000          0.030308
      27.250000          0.030333
      27.350000          0.030358
      27.450000          0.030383
      27.550000          0.030408
      27.650000          0.030432
      27.750000          0.030460
      27.850000          0.030482
      27.950000          0.030507
      28.050000          0.030527
      28.150000          0.030546
      28.250000          0.030571
      28.350000          0.030587
      28.450000          0.030609
      28.550000          0.030626
      28.650000          0.030643
      28.750000          0.030661
      28.850000          0.030681
      28.950000          0.030699
      29.050000          0.030716
      29.150000          0.030732
      29.250000          0.030749
      29.350000          0.030765
      29.450000          0.030786
      29.550000          0.030798
      29.650000          0.030815
      29.750000          0.030830
      29.850000          0.030845
      29.950000          0.030862
