#Distance_(Ang) :1-50@N3_=>_:WAT@O
       0.050000           0.000000
       0.150000           0.000000
       0.250000           0.000000
       0.350000           0.000000
       0.450000           0.000000
       0.550000           0.000000
       0.650000           0.000000
       0.750000           0.000000
       0.850000           0.000000
       0.950000           0.000000
       1.050000           0.000000
       1.150000           0.000000
       1.250000           0.000000
       1.350000           0.000000
       1.450000           0.000000
       1.550000           0.000000
       1.650000           0.000000
       1.750000           0.000000
       1.850000           0.000000
       1.950000           0.000000
       2.050000           0.000000
       2.150000           0.000000
       2.250000           0.000000
       2.350000           0.000000
       2.450000           0.000001
       2.550000           0.000123
       2.650000           0.001978
       2.750000           0.007329
       2.850000           0.011517
       2.950000           0.011571
       3.050000           0.009780
       3.150000           0.008218
       3.250000           0.007490
       3.350000           0.007385
       3.450000           0.007625
       3.550000           0.007941
       3.650000           0.008176
       3.750000           0.008332
       3.850000           0.008377
       3.950000           0.008345
       4.050000           0.008267
       4.150000           0.008198
       4.250000           0.008215
       4.350000           0.008359
       4.450000           0.008723
       4.550000           0.009562
       4.650000           0.011213
       4.750000           0.013010
       4.850000           0.014098
       4.950000           0.014596
       5.050000           0.014750
       5.150000           0.014569
       5.250000           0.014245
       5.350000           0.014009
       5.450000           0.013976
       5.550000           0.014089
       5.650000           0.014368
       5.750000           0.014805
       5.850000           0.015436
       5.950000           0.016139
       6.050000           0.016738
       6.150000           0.017154
       6.250000           0.017422
       6.350000           0.017509
       6.450000           0.017487
       6.550000           0.017491
       6.650000           0.017587
       6.750000           0.017647
       6.850000           0.017619
       6.950000           0.017569
       7.050000           0.017553
       7.150000           0.017580
       7.250000           0.017646
       7.350000           0.017723
       7.450000           0.017833
       7.550000           0.017949
       7.650000           0.018076
       7.750000           0.018217
       7.850000           0.018370
       7.950000           0.018568
       8.050000           0.018794
       8.150000           0.019072
       8.250000           0.019346
       8.350000           0.019606
       8.450000           0.019835
       8.550000           0.020038
       8.650000           0.020214
       8.750000           0.020378
       8.850000           0.020519
       8.950000           0.020679
       9.050000           0.020829
       9.150000           0.020971
       9.250000           0.021100
       9.350000           0.021237
       9.450000           0.021360
       9.550000           0.021475
       9.650000           0.021596
       9.750000           0.021714
       9.850000           0.021845
       9.950000           0.021959
      10.050000           0.022065
      10.150000           0.022163
      10.250000           0.022247
      10.350000           0.022317
      10.450000           0.022387
      10.550000           0.022448
      10.650000           0.022505
      10.750000           0.022565
      10.850000           0.022627
      10.950000           0.022715
      11.050000           0.022805
      11.150000           0.022899
      11.250000           0.022999
      11.350000           0.023093
      11.450000           0.023183
      11.550000           0.023257
      11.650000           0.023327
      11.750000           0.023391
      11.850000           0.023461
      11.950000           0.023522
      12.050000           0.023581
      12.150000           0.023634
      12.250000           0.023693
      12.350000           0.023751
      12.450000           0.023804
      12.550000           0.023860
      12.650000           0.023925
      12.750000           0.023987
      12.850000           0.024054
      12.950000           0.024116
      13.050000           0.024190
      13.150000           0.024266
      13.250000           0.024341
      13.350000           0.024423
      13.450000           0.024502
      13.550000           0.024591
      13.650000           0.024668
      13.750000           0.024751
      13.850000           0.024828
      13.950000           0.024908
      14.050000           0.024976
      14.150000           0.025046
      14.250000           0.025098
      14.350000           0.025158
      14.450000           0.025201
      14.550000           0.025238
      14.650000           0.025284
      14.750000           0.025322
      14.850000           0.025362
      14.950000           0.025403
      15.050000           0.025456
      15.150000           0.025513
      15.250000           0.025571
      15.350000           0.025636
      15.450000           0.025700
      15.550000           0.025765
      15.650000           0.025834
      15.750000           0.025890
      15.850000           0.025953
      15.950000           0.026011
      16.050000           0.026067
      16.150000           0.026118
      16.250000           0.026171
      16.350000           0.026216
      16.450000           0.026265
      16.550000           0.026315
      16.650000           0.026363
      16.750000           0.026410
      16.850000           0.026465
      16.950000           0.026516
      17.050000           0.026566
      17.150000           0.026620
      17.250000           0.026673
      17.350000           0.026721
      17.450000           0.026779
      17.550000           0.026835
      17.650000           0.026898
      17.750000           0.026956
      17.850000           0.027024
      17.950000           0.027089
      18.050000           0.027159
      18.150000           0.027223
      18.250000           0.027294
      18.350000           0.027356
      18.450000           0.027423
      18.550000           0.027485
      18.650000           0.027553
      18.750000           0.027611
      18.850000           0.027670
      18.950000           0.027728
      19.050000           0.027775
      19.150000           0.027823
      19.250000           0.027871
      19.350000           0.027915
      19.450000           0.027957
      19.550000           0.027999
      19.650000           0.028039
      19.750000           0.028080
      19.850000           0.028120
      19.950000           0.028162
      20.050000           0.028199
      20.150000           0.028245
      20.250000           0.028286
      20.350000           0.028327
      20.450000           0.028374
      20.550000           0.028419
      20.650000           0.028463
      20.750000           0.028507
      20.850000           0.028555
      20.950000           0.028599
      21.050000           0.028645
      21.150000           0.028686
      21.250000           0.028727
      21.350000           0.028770
      21.450000           0.028808
      21.550000           0.028848
      21.650000           0.028898
      21.750000           0.028936
      21.850000           0.028976
      21.950000           0.029017
      22.050000           0.029059
      22.150000           0.029099
      22.250000           0.029142
      22.350000           0.029180
      22.450000           0.029217
      22.550000           0.029258
      22.650000           0.029299
      22.750000           0.029336
      22.850000           0.029373
      22.950000           0.029412
      23.050000           0.029445
      23.150000           0.029479
      23.250000           0.029515
      23.350000           0.029547
      23.450000           0.029576
      23.550000           0.029611
      23.650000           0.029637
      23.750000           0.029667
      23.850000           0.029696
      23.950000           0.029724
      24.050000           0.029755
      24.150000           0.029784
      24.250000           0.029812
      24.350000           0.029840
      24.450000           0.029865
      24.550000           0.029892
      24.650000           0.029920
      24.750000           0.029947
      24.850000           0.029967
      24.950000           0.029992
      25.050000           0.030014
      25.150000           0.030039
      25.250000           0.030065
      25.350000           0.030088
      25.450000           0.030111
      25.550000           0.030135
      25.650000           0.030160
      25.750000           0.030181
      25.850000           0.030202
      25.950000           0.030226
      26.050000           0.030246
      26.150000           0.030267
      26.250000           0.030288
      26.350000           0.030308
      26.450000           0.030331
      26.550000           0.030348
      26.650000           0.030365
      26.750000           0.030383
      26.850000           0.030399
      26.950000           0.030415
      27.050000           0.030433
      27.150000           0.030451
      27.250000           0.030468
      27.350000           0.030485
      27.450000           0.030505
      27.550000           0.030522
      27.650000           0.030542
      27.750000           0.030561
      27.850000           0.030577
      27.950000           0.030601
      28.050000           0.030618
      28.150000           0.030636
      28.250000           0.030657
      28.350000           0.030672
      28.450000           0.030688
      28.550000           0.030701
      28.650000           0.030717
      28.750000           0.030728
      28.850000           0.030744
      28.950000           0.030757
      29.050000           0.030772
      29.150000           0.030784
      29.250000           0.030794
      29.350000           0.030809
      29.450000           0.030818
      29.550000           0.030832
      29.650000           0.030839
      29.750000           0.030853
      29.850000           0.030864
      29.950000           0.030872
