#Distance_(Ang) :1-50@O6_=>_:WAT@O
       0.050000           0.000000
       0.150000           0.000000
       0.250000           0.000000
       0.350000           0.000000
       0.450000           0.000000
       0.550000           0.000000
       0.650000           0.000000
       0.750000           0.000000
       0.850000           0.000000
       0.950000           0.000000
       1.050000           0.000000
       1.150000           0.000000
       1.250000           0.000000
       1.350000           0.000000
       1.450000           0.000000
       1.550000           0.000000
       1.650000           0.000000
       1.750000           0.000000
       1.850000           0.000000
       1.950000           0.000000
       2.050000           0.000000
       2.150000           0.000000
       2.250000           0.000000
       2.350000           0.000003
       2.450000           0.000586
       2.550000           0.008073
       2.650000           0.024605
       2.750000           0.032507
       2.850000           0.029486
       2.950000           0.024604
       3.050000           0.021427
       3.150000           0.019646
       3.250000           0.018444
       3.350000           0.017391
       3.450000           0.016427
       3.550000           0.015596
       3.650000           0.014931
       3.750000           0.014439
       3.850000           0.014152
       3.950000           0.014022
       4.050000           0.013930
       4.150000           0.013826
       4.250000           0.013701
       4.350000           0.013613
       4.450000           0.013657
       4.550000           0.013903
       4.650000           0.014139
       4.750000           0.014130
       4.850000           0.013997
       4.950000           0.013912
       5.050000           0.013992
       5.150000           0.014219
       5.250000           0.014555
       5.350000           0.014929
       5.450000           0.015303
       5.550000           0.015662
       5.650000           0.015974
       5.750000           0.016280
       5.850000           0.016550
       5.950000           0.016795
       6.050000           0.017005
       6.150000           0.017185
       6.250000           0.017323
       6.350000           0.017442
       6.450000           0.017571
       6.550000           0.017705
       6.650000           0.017916
       6.750000           0.018135
       6.850000           0.018289
       6.950000           0.018362
       7.050000           0.018493
       7.150000           0.018650
       7.250000           0.018668
       7.350000           0.018453
       7.450000           0.018168
       7.550000           0.017919
       7.650000           0.017747
       7.750000           0.017668
       7.850000           0.017652
       7.950000           0.017698
       8.050000           0.017780
       8.150000           0.017895
       8.250000           0.018044
       8.350000           0.018193
       8.450000           0.018368
       8.550000           0.018525
       8.650000           0.018673
       8.750000           0.018816
       8.850000           0.018939
       8.950000           0.019055
       9.050000           0.019167
       9.150000           0.019273
       9.250000           0.019389
       9.350000           0.019510
       9.450000           0.019644
       9.550000           0.019777
       9.650000           0.019925
       9.750000           0.020074
       9.850000           0.020232
       9.950000           0.020383
      10.050000           0.020523
      10.150000           0.020675
      10.250000           0.020832
      10.350000           0.020989
      10.450000           0.021168
      10.550000           0.021346
      10.650000           0.021534
      10.750000           0.021717
      10.850000           0.021909
      10.950000           0.022095
      11.050000           0.022280
      11.150000           0.022443
      11.250000           0.022579
      11.350000           0.022692
      11.450000           0.022786
      11.550000           0.022857
      11.650000           0.022923
      11.750000           0.022987
      11.850000           0.023047
      11.950000           0.023111
      12.050000           0.023182
      12.150000           0.023260
      12.250000           0.023332
      12.350000           0.023405
      12.450000           0.023490
      12.550000           0.023573
      12.650000           0.023665
      12.750000           0.023768
      12.850000           0.023864
      12.950000           0.023967
      13.050000           0.024072
      13.150000           0.024184
      13.250000           0.024291
      13.350000           0.024410
      13.450000           0.024512
      13.550000           0.024625
      13.650000           0.024716
      13.750000           0.024798
      13.850000           0.024880
      13.950000           0.024946
      14.050000           0.025002
      14.150000           0.025058
      14.250000           0.025102
      14.350000           0.025157
      14.450000           0.025206
      14.550000           0.025244
      14.650000           0.025281
      14.750000           0.025330
      14.850000           0.025376
      14.950000           0.025427
      15.050000           0.025482
      15.150000           0.025536
      15.250000           0.025592
      15.350000           0.025653
      15.450000           0.025712
      15.550000           0.025775
      15.650000           0.025837
      15.750000           0.025895
      15.850000           0.025960
      15.950000           0.026027
      16.050000           0.026092
      16.150000           0.026155
      16.250000           0.026223
      16.350000           0.026291
      16.450000           0.026357
      16.550000           0.026426
      16.650000           0.026492
      16.750000           0.026560
      16.850000           0.026623
      16.950000           0.026678
      17.050000           0.026738
      17.150000           0.026793
      17.250000           0.026845
      17.350000           0.026899
      17.450000           0.026947
      17.550000           0.027002
      17.650000           0.027055
      17.750000           0.027115
      17.850000           0.027168
      17.950000           0.027228
      18.050000           0.027281
      18.150000           0.027343
      18.250000           0.027397
      18.350000           0.027451
      18.450000           0.027506
      18.550000           0.027554
      18.650000           0.027607
      18.750000           0.027663
      18.850000           0.027714
      18.950000           0.027765
      19.050000           0.027822
      19.150000           0.027879
      19.250000           0.027934
      19.350000           0.027987
      19.450000           0.028040
      19.550000           0.028090
      19.650000           0.028143
      19.750000           0.028193
      19.850000           0.028240
      19.950000           0.028292
      20.050000           0.028337
      20.150000           0.028389
      20.250000           0.028443
      20.350000           0.028496
      20.450000           0.028551
      20.550000           0.028606
      20.650000           0.028664
      20.750000           0.028724
      20.850000           0.028779
      20.950000           0.028833
      21.050000           0.028887
      21.150000           0.028936
      21.250000           0.028985
      21.350000           0.029034
      21.450000           0.029079
      21.550000           0.029118
      21.650000           0.029156
      21.750000           0.029191
      21.850000           0.029225
      21.950000           0.029261
      22.050000           0.029291
      22.150000           0.029321
      22.250000           0.029349
      22.350000           0.029382
      22.450000           0.029408
      22.550000           0.029434
      22.650000           0.029460
      22.750000           0.029485
      22.850000           0.029511
      22.950000           0.029540
      23.050000           0.029567
      23.150000           0.029589
      23.250000           0.029623
      23.350000           0.029651
      23.450000           0.029679
      23.550000           0.029709
      23.650000           0.029739
      23.750000           0.029767
      23.850000           0.029797
      23.950000           0.029826
      24.050000           0.029851
      24.150000           0.029871
      24.250000           0.029897
      24.350000           0.029918
      24.450000           0.029940
      24.550000           0.029958
      24.650000           0.029978
      24.750000           0.029994
      24.850000           0.030015
      24.950000           0.030033
      25.050000           0.030050
      25.150000           0.030071
      25.250000           0.030087
      25.350000           0.030104
      25.450000           0.030125
      25.550000           0.030145
      25.650000           0.030167
      25.750000           0.030186
      25.850000           0.030205
      25.950000           0.030226
      26.050000           0.030244
      26.150000           0.030263
      26.250000           0.030280
      26.350000           0.030299
      26.450000           0.030318
      26.550000           0.030335
      26.650000           0.030355
      26.750000           0.030370
      26.850000           0.030389
      26.950000           0.030406
      27.050000           0.030424
      27.150000           0.030439
      27.250000           0.030457
      27.350000           0.030472
      27.450000           0.030488
      27.550000           0.030505
      27.650000           0.030520
      27.750000           0.030534
      27.850000           0.030551
      27.950000           0.030566
      28.050000           0.030577
      28.150000           0.030596
      28.250000           0.030608
      28.350000           0.030620
      28.450000           0.030633
      28.550000           0.030649
      28.650000           0.030666
      28.750000           0.030684
      28.850000           0.030697
      28.950000           0.030711
      29.050000           0.030727
      29.150000           0.030739
      29.250000           0.030754
      29.350000           0.030770
      29.450000           0.030784
      29.550000           0.030799
      29.650000           0.030814
      29.750000           0.030829
      29.850000           0.030842
      29.950000           0.030857
