#Distance_(Ang) :1-50@N1_=>_:WAT@O
       0.050000           0.000000
       0.150000           0.000000
       0.250000           0.000000
       0.350000           0.000000
       0.450000           0.000000
       0.550000           0.000000
       0.650000           0.000000
       0.750000           0.000000
       0.850000           0.000000
       0.950000           0.000000
       1.050000           0.000000
       1.150000           0.000000
       1.250000           0.000000
       1.350000           0.000000
       1.450000           0.000000
       1.550000           0.000000
       1.650000           0.000000
       1.750000           0.000000
       1.850000           0.000000
       1.950000           0.000000
       2.050000           0.000000
       2.150000           0.000000
       2.250000           0.000000
       2.350000           0.000000
       2.450000           0.000000
       2.550000           0.000002
       2.650000           0.000316
       2.750000           0.003724
       2.850000           0.010148
       2.950000           0.012785
       3.050000           0.012034
       3.150000           0.010947
       3.250000           0.010426
       3.350000           0.010341
       3.450000           0.010448
       3.550000           0.010621
       3.650000           0.010848
       3.750000           0.011117
       3.850000           0.011442
       3.950000           0.011815
       4.050000           0.012209
       4.150000           0.012653
       4.250000           0.013130
       4.350000           0.013695
       4.450000           0.014363
       4.550000           0.015329
       4.650000           0.016849
       4.750000           0.018794
       4.850000           0.020310
       4.950000           0.020637
       5.050000           0.019758
       5.150000           0.018206
       5.250000           0.016737
       5.350000           0.015658
       5.450000           0.014985
       5.550000           0.014594
       5.650000           0.014410
       5.750000           0.014370
       5.850000           0.014412
       5.950000           0.014532
       6.050000           0.014713
       6.150000           0.014903
       6.250000           0.015153
       6.350000           0.015416
       6.450000           0.015729
       6.550000           0.016038
       6.650000           0.016351
       6.750000           0.016658
       6.850000           0.016956
       6.950000           0.017238
       7.050000           0.017523
       7.150000           0.017796
       7.250000           0.018009
       7.350000           0.018190
       7.450000           0.018314
       7.550000           0.018383
       7.650000           0.018397
       7.750000           0.018372
       7.850000           0.018319
       7.950000           0.018239
       8.050000           0.018177
       8.150000           0.018134
       8.250000           0.018139
       8.350000           0.018187
       8.450000           0.018269
       8.550000           0.018377
       8.650000           0.018499
       8.750000           0.018637
       8.850000           0.018796
       8.950000           0.018975
       9.050000           0.019182
       9.150000           0.019398
       9.250000           0.019620
       9.350000           0.019852
       9.450000           0.020068
       9.550000           0.020279
       9.650000           0.020478
       9.750000           0.020663
       9.850000           0.020824
       9.950000           0.020980
      10.050000           0.021129
      10.150000           0.021298
      10.250000           0.021481
      10.350000           0.021660
      10.450000           0.021858
      10.550000           0.022041
      10.650000           0.022204
      10.750000           0.022347
      10.850000           0.022474
      10.950000           0.022567
      11.050000           0.022639
      11.150000           0.022699
      11.250000           0.022753
      11.350000           0.022792
      11.450000           0.022830
      11.550000           0.022859
      11.650000           0.022894
      11.750000           0.022938
      11.850000           0.022993
      11.950000           0.023064
      12.050000           0.023136
      12.150000           0.023232
      12.250000           0.023346
      12.350000           0.023458
      12.450000           0.023582
      12.550000           0.023698
      12.650000           0.023813
      12.750000           0.023922
      12.850000           0.024026
      12.950000           0.024112
      13.050000           0.024207
      13.150000           0.024282
      13.250000           0.024356
      13.350000           0.024422
      13.450000           0.024483
      13.550000           0.024548
      13.650000           0.024611
      13.750000           0.024676
      13.850000           0.024745
      13.950000           0.024804
      14.050000           0.024867
      14.150000           0.024922
      14.250000           0.024973
      14.350000           0.025035
      14.450000           0.025083
      14.550000           0.025144
      14.650000           0.025206
      14.750000           0.025269
      14.850000           0.025336
      14.950000           0.025399
      15.050000           0.025461
      15.150000           0.025528
      15.250000           0.025584
      15.350000           0.025646
      15.450000           0.025699
      15.550000           0.025764
      15.650000           0.025813
      15.750000           0.025873
      15.850000           0.025926
      15.950000           0.025991
      16.050000           0.026048
      16.150000           0.026114
      16.250000           0.026176
      16.350000           0.026241
      16.450000           0.026304
      16.550000           0.026369
      16.650000           0.026431
      16.750000           0.026493
      16.850000           0.026555
      16.950000           0.026609
      17.050000           0.026668
      17.150000           0.026728
      17.250000           0.026780
      17.350000           0.026832
      17.450000           0.026879
      17.550000           0.026922
      17.650000           0.026964
      17.750000           0.026997
      17.850000           0.027034
      17.950000           0.027072
      18.050000           0.027111
      18.150000           0.027147
      18.250000           0.027191
      18.350000           0.027237
      18.450000           0.027287
      18.550000           0.027343
      18.650000           0.027393
      18.750000           0.027454
      18.850000           0.027518
      18.950000           0.027578
      19.050000           0.027642
      19.150000           0.027712
      19.250000           0.027779
      19.350000           0.027847
      19.450000           0.027914
      19.550000           0.027975
      19.650000           0.028048
      19.750000           0.028113
      19.850000           0.028168
      19.950000           0.028229
      20.050000           0.028284
      20.150000           0.028338
      20.250000           0.028394
      20.350000           0.028446
      20.450000           0.028498
      20.550000           0.028548
      20.650000           0.028601
      20.750000           0.028649
      20.850000           0.028697
      20.950000           0.028745
      21.050000           0.028795
      21.150000           0.028841
      21.250000           0.028887
      21.350000           0.028932
      21.450000           0.028974
      21.550000           0.029015
      21.650000           0.029057
      21.750000           0.029098
      21.850000           0.029136
      21.950000           0.029180
      22.050000           0.029217
      22.150000           0.029259
      22.250000           0.029301
      22.350000           0.029340
      22.450000           0.029377
      22.550000           0.029417
      22.650000           0.029457
      22.750000           0.029493
      22.850000           0.029527
      22.950000           0.029561
      23.050000           0.029590
      23.150000           0.029626
      23.250000           0.029654
      23.350000           0.029685
      23.450000           0.029716
      23.550000           0.029744
      23.650000           0.029773
      23.750000           0.029798
      23.850000           0.029828
      23.950000           0.029851
      24.050000           0.029875
      24.150000           0.029899
      24.250000           0.029923
      24.350000           0.029942
      24.450000           0.029966
      24.550000           0.029985
      24.650000           0.030003
      24.750000           0.030024
      24.850000           0.030045
      24.950000           0.030067
      25.050000           0.030084
      25.150000           0.030102
      25.250000           0.030125
      25.350000           0.030142
      25.450000           0.030163
      25.550000           0.030180
      25.650000           0.030200
      25.750000           0.030218
      25.850000           0.030235
      25.950000           0.030253
      26.050000           0.030271
      26.150000           0.030288
      26.250000           0.030307
      26.350000           0.030328
      26.450000           0.030345
      26.550000           0.030362
      26.650000           0.030377
      26.750000           0.030394
      26.850000           0.030411
      26.950000           0.030424
      27.050000           0.030441
      27.150000           0.030455
      27.250000           0.030468
      27.350000           0.030481
      27.450000           0.030497
      27.550000           0.030510
      27.650000           0.030523
      27.750000           0.030536
      27.850000           0.030552
      27.950000           0.030563
      28.050000           0.030578
      28.150000           0.030592
      28.250000           0.030611
      28.350000           0.030624
      28.450000           0.030640
      28.550000           0.030657
      28.650000           0.030669
      28.750000           0.030685
      28.850000           0.030697
      28.950000           0.030713
      29.050000           0.030727
      29.150000           0.030740
      29.250000           0.030753
      29.350000           0.030772
      29.450000           0.030784
      29.550000           0.030798
      29.650000           0.030813
      29.750000           0.030831
      29.850000           0.030846
      29.950000           0.030863
