#Distance_(Ang) :A,A3@P_=>_:Na+
       0.050000        0.000000
       0.150000        0.000000
       0.250000        0.000000
       0.350000        0.000000
       0.450000        0.000000
       0.550000        0.000000
       0.650000        0.000000
       0.750000        0.000000
       0.850000        0.000000
       0.950000        0.000000
       1.050000        0.000000
       1.150000        0.000000
       1.250000        0.000000
       1.350000        0.000000
       1.450000        0.000000
       1.550000        0.000000
       1.650000        0.000000
       1.750000        0.000000
       1.850000        0.000000
       1.950000        0.000000
       2.050000        0.000000
       2.150000        0.000000
       2.250000        0.000000
       2.350000        0.000000
       2.450000        0.000000
       2.550000        0.000022
       2.650000        0.001338
       2.750000        0.015134
       2.850000        0.074500
       2.950000        0.211099
       3.050000        0.302525
       3.150000        0.315952
       3.250000        0.375262
       3.350000        0.543418
       3.450000        0.823711
       3.550000        1.068476
       3.650000        0.940279
       3.750000        0.476304
       3.850000        0.149466
       3.950000        0.039264
       4.050000        0.012761
       4.150000        0.007576
       4.250000        0.008157
       4.350000        0.011956
       4.450000        0.019144
       4.550000        0.028981
       4.650000        0.042227
       4.750000        0.057879
       4.850000        0.075320
       4.950000        0.094597
       5.050000        0.114337
       5.150000        0.134052
       5.250000        0.154596
       5.350000        0.178021
       5.450000        0.204481
       5.550000        0.227428
       5.650000        0.240019
       5.750000        0.233196
       5.850000        0.210660
       5.950000        0.179385
       6.050000        0.148980
       6.150000        0.123794
       6.250000        0.107116
       6.350000        0.097715
       6.450000        0.096104
       6.550000        0.099110
       6.650000        0.103726
       6.750000        0.109084
       6.850000        0.114219
       6.950000        0.119301
       7.050000        0.123274
       7.150000        0.125284
       7.250000        0.127368
       7.350000        0.129928
       7.450000        0.133437
       7.550000        0.136543
       7.650000        0.139603
       7.750000        0.140440
       7.850000        0.139468
       7.950000        0.136377
       8.050000        0.131066
       8.150000        0.125751
       8.250000        0.121335
       8.350000        0.118991
       8.450000        0.118176
       8.550000        0.119470
       8.650000        0.122003
       8.750000        0.124606
       8.850000        0.125646
       8.950000        0.123558
       9.050000        0.118703
       9.150000        0.112422
       9.250000        0.106941
       9.350000        0.102452
       9.450000        0.099638
       9.550000        0.098897
       9.650000        0.100292
       9.750000        0.102629
       9.850000        0.104085
       9.950000        0.103804
      10.050000        0.101599
      10.150000        0.098179
      10.250000        0.094728
      10.350000        0.092105
      10.450000        0.090155
      10.550000        0.090035
      10.650000        0.090548
      10.750000        0.091485
      10.850000        0.092556
      10.950000        0.093084
      11.050000        0.093086
      11.150000        0.092632
      11.250000        0.091472
      11.350000        0.090697
      11.450000        0.089921
      11.550000        0.089864
      11.650000        0.090019
      11.750000        0.090607
      11.850000        0.091541
      11.950000        0.092161
      12.050000        0.092373
      12.150000        0.092313
      12.250000        0.091556
      12.350000        0.090682
      12.450000        0.089435
      12.550000        0.088239
      12.650000        0.087203
      12.750000        0.086144
      12.850000        0.085529
      12.950000        0.085005
      13.050000        0.084706
      13.150000        0.084475
      13.250000        0.084306
      13.350000        0.084415
      13.450000        0.084560
      13.550000        0.084802
      13.650000        0.085023
      13.750000        0.085060
      13.850000        0.085156
      13.950000        0.084894
      14.050000        0.084507
      14.150000        0.084106
      14.250000        0.083625
      14.350000        0.083245
      14.450000        0.082927
      14.550000        0.082611
      14.650000        0.082369
      14.750000        0.081894
      14.850000        0.081591
      14.950000        0.080972
      15.050000        0.080138
      15.150000        0.078974
      15.250000        0.077989
      15.350000        0.076855
      15.450000        0.076257
      15.550000        0.075590
      15.650000        0.074877
      15.750000        0.073919
      15.850000        0.072784
      15.950000        0.071800
      16.050000        0.070816
      16.150000        0.070228
      16.250000        0.069783
      16.350000        0.069625
      16.450000        0.069545
      16.550000        0.069588
      16.650000        0.069558
      16.750000        0.069485
      16.850000        0.069348
      16.950000        0.068863
      17.050000        0.068297
      17.150000        0.067778
      17.250000        0.067309
      17.350000        0.066977
      17.450000        0.066714
      17.550000        0.066423
      17.650000        0.066166
      17.750000        0.065901
      17.850000        0.065717
      17.950000        0.065531
      18.050000        0.065374
      18.150000        0.065183
      18.250000        0.065010
      18.350000        0.064737
      18.450000        0.064666
      18.550000        0.064485
      18.650000        0.064531
      18.750000        0.064362
      18.850000        0.064451
      18.950000        0.064593
      19.050000        0.064726
      19.150000        0.064729
      19.250000        0.064887
      19.350000        0.064953
      19.450000        0.065011
      19.550000        0.064889
      19.650000        0.064803
      19.750000        0.064591
      19.850000        0.064429
      19.950000        0.064243
      20.050000        0.063921
      20.150000        0.063666
      20.250000        0.063394
      20.350000        0.063003
      20.450000        0.062671
      20.550000        0.062230
      20.650000        0.061763
      20.750000        0.061266
      20.850000        0.060738
      20.950000        0.060208
      21.050000        0.059651
      21.150000        0.059015
      21.250000        0.058524
      21.350000        0.058083
      21.450000        0.057579
      21.550000        0.057090
      21.650000        0.056726
      21.750000        0.056345
      21.850000        0.056036
      21.950000        0.055623
      22.050000        0.055335
      22.150000        0.055023
      22.250000        0.054690
      22.350000        0.054304
      22.450000        0.053869
      22.550000        0.053423
      22.650000        0.052960
      22.750000        0.052478
      22.850000        0.052018
      22.950000        0.051604
      23.050000        0.051178
      23.150000        0.050827
      23.250000        0.050574
      23.350000        0.050312
      23.450000        0.050073
      23.550000        0.049872
      23.650000        0.049702
      23.750000        0.049634
      23.850000        0.049514
      23.950000        0.049411
      24.050000        0.049278
      24.150000        0.049248
      24.250000        0.049115
      24.350000        0.048987
      24.450000        0.048870
      24.550000        0.048779
      24.650000        0.048549
      24.750000        0.048392
      24.850000        0.048194
      24.950000        0.047965
      25.050000        0.047800
      25.150000        0.047502
      25.250000        0.047282
      25.350000        0.047049
      25.450000        0.046726
      25.550000        0.046450
      25.650000        0.046146
      25.750000        0.045829
      25.850000        0.045508
      25.950000        0.045244
      26.050000        0.044970
      26.150000        0.044695
      26.250000        0.044508
      26.350000        0.044319
      26.450000        0.044122
      26.550000        0.043937
      26.650000        0.043800
      26.750000        0.043599
      26.850000        0.043504
      26.950000        0.043324
      27.050000        0.043208
      27.150000        0.043080
      27.250000        0.042908
      27.350000        0.042706
      27.450000        0.042571
      27.550000        0.042367
      27.650000        0.042174
      27.750000        0.041966
      27.850000        0.041780
      27.950000        0.041621
      28.050000        0.041389
      28.150000        0.041168
      28.250000        0.041017
      28.350000        0.040822
      28.450000        0.040624
      28.550000        0.040497
      28.650000        0.040279
      28.750000        0.040139
      28.850000        0.039943
      28.950000        0.039758
      29.050000        0.039551
      29.150000        0.039410
      29.250000        0.039239
      29.350000        0.039024
      29.450000        0.038903
      29.550000        0.038697
      29.650000        0.038503
      29.750000        0.038364
      29.850000        0.038133
      29.950000        0.037928
