#Distance_(Ang) :1-50@N3_=>_:Na+
       0.050000         0.000000
       0.150000         0.000000
       0.250000         0.000000
       0.350000         0.000000
       0.450000         0.000000
       0.550000         0.000000
       0.650000         0.000000
       0.750000         0.000000
       0.850000         0.000000
       0.950000         0.000000
       1.050000         0.000000
       1.150000         0.000000
       1.250000         0.000000
       1.350000         0.000000
       1.450000         0.000000
       1.550000         0.000000
       1.650000         0.000000
       1.750000         0.000000
       1.850000         0.000000
       1.950000         0.000000
       2.050000         0.000000
       2.150000         0.000106
       2.250000         0.014930
       2.350000         0.116010
       2.450000         0.188448
       2.550000         0.121208
       2.650000         0.051454
       2.750000         0.020766
       2.850000         0.009980
       2.950000         0.006342
       3.050000         0.004636
       3.150000         0.004038
       3.250000         0.003824
       3.350000         0.003955
       3.450000         0.004221
       3.550000         0.004761
       3.650000         0.005822
       3.750000         0.007463
       3.850000         0.010934
       3.950000         0.016545
       4.050000         0.026287
       4.150000         0.043026
       4.250000         0.068543
       4.350000         0.104292
       4.450000         0.141972
       4.550000         0.163618
       4.650000         0.160279
       4.750000         0.142885
       4.850000         0.125511
       4.950000         0.112511
       5.050000         0.104268
       5.150000         0.100045
       5.250000         0.097947
       5.350000         0.099519
       5.450000         0.105303
       5.550000         0.117006
       5.650000         0.134182
       5.750000         0.157269
       5.850000         0.182983
       5.950000         0.191250
       6.050000         0.163691
       6.150000         0.127795
       6.250000         0.106375
       6.350000         0.099125
       6.450000         0.099830
       6.550000         0.103581
       6.650000         0.108639
       6.750000         0.113290
       6.850000         0.115585
       6.950000         0.116873
       7.050000         0.116116
       7.150000         0.115652
       7.250000         0.115978
       7.350000         0.117217
       7.450000         0.118314
       7.550000         0.119617
       7.650000         0.121240
       7.750000         0.124403
       7.850000         0.127562
       7.950000         0.129490
       8.050000         0.128800
       8.150000         0.128610
       8.250000         0.128720
       8.350000         0.129329
       8.450000         0.129336
       8.550000         0.128802
       8.650000         0.127761
       8.750000         0.128098
       8.850000         0.130116
       8.950000         0.133773
       9.050000         0.138260
       9.150000         0.141273
       9.250000         0.142265
       9.350000         0.140677
       9.450000         0.138087
       9.550000         0.135150
       9.650000         0.131956
       9.750000         0.128911
       9.850000         0.124978
       9.950000         0.120413
      10.050000         0.116498
      10.150000         0.113541
      10.250000         0.111728
      10.350000         0.110696
      10.450000         0.110180
      10.550000         0.110171
      10.650000         0.110512
      10.750000         0.110564
      10.850000         0.110276
      10.950000         0.109722
      11.050000         0.108059
      11.150000         0.104870
      11.250000         0.100813
      11.350000         0.097553
      11.450000         0.096341
      11.550000         0.096844
      11.650000         0.097966
      11.750000         0.099261
      11.850000         0.100352
      11.950000         0.101245
      12.050000         0.102008
      12.150000         0.102865
      12.250000         0.103411
      12.350000         0.103848
      12.450000         0.103587
      12.550000         0.102730
      12.650000         0.100799
      12.750000         0.098408
      12.850000         0.096191
      12.950000         0.094420
      13.050000         0.093323
      13.150000         0.092663
      13.250000         0.092343
      13.350000         0.092318
      13.450000         0.092393
      13.550000         0.092595
      13.650000         0.093062
      13.750000         0.093286
      13.850000         0.093407
      13.950000         0.093496
      14.050000         0.093224
      14.150000         0.092560
      14.250000         0.091555
      14.350000         0.090249
      14.450000         0.088947
      14.550000         0.087762
      14.650000         0.086544
      14.750000         0.085401
      14.850000         0.084141
      14.950000         0.082932
      15.050000         0.081888
      15.150000         0.080876
      15.250000         0.080099
      15.350000         0.079611
      15.450000         0.079535
      15.550000         0.079189
      15.650000         0.079137
      15.750000         0.078727
      15.850000         0.078348
      15.950000         0.077872
      16.050000         0.077445
      16.150000         0.077100
      16.250000         0.076892
      16.350000         0.076679
      16.450000         0.076678
      16.550000         0.076993
      16.650000         0.077305
      16.750000         0.077610
      16.850000         0.077962
      16.950000         0.078126
      17.050000         0.078126
      17.150000         0.077946
      17.250000         0.077663
      17.350000         0.077150
      17.450000         0.076877
      17.550000         0.076201
      17.650000         0.075592
      17.750000         0.074872
      17.850000         0.073981
      17.950000         0.072819
      18.050000         0.071673
      18.150000         0.070558
      18.250000         0.069628
      18.350000         0.068764
      18.450000         0.067943
      18.550000         0.067240
      18.650000         0.066571
      18.750000         0.065930
      18.850000         0.065368
      18.950000         0.064909
      19.050000         0.064540
      19.150000         0.064175
      19.250000         0.063944
      19.350000         0.063595
      19.450000         0.063294
      19.550000         0.062856
      19.650000         0.062401
      19.750000         0.061947
      19.850000         0.061424
      19.950000         0.060866
      20.050000         0.060400
      20.150000         0.059898
      20.250000         0.059327
      20.350000         0.058870
      20.450000         0.058258
      20.550000         0.057774
      20.650000         0.057268
      20.750000         0.056837
      20.850000         0.056464
      20.950000         0.056012
      21.050000         0.055693
      21.150000         0.055390
      21.250000         0.055074
      21.350000         0.054784
      21.450000         0.054495
      21.550000         0.054336
      21.650000         0.054127
      21.750000         0.054015
      21.850000         0.053814
      21.950000         0.053614
      22.050000         0.053478
      22.150000         0.053402
      22.250000         0.053234
      22.350000         0.053161
      22.450000         0.052923
      22.550000         0.052719
      22.650000         0.052556
      22.750000         0.052302
      22.850000         0.052104
      22.950000         0.051833
      23.050000         0.051615
      23.150000         0.051329
      23.250000         0.051103
      23.350000         0.050802
      23.450000         0.050539
      23.550000         0.050269
      23.650000         0.050016
      23.750000         0.049788
      23.850000         0.049565
      23.950000         0.049279
      24.050000         0.049061
      24.150000         0.048765
      24.250000         0.048555
      24.350000         0.048210
      24.450000         0.047906
      24.550000         0.047628
      24.650000         0.047287
      24.750000         0.046968
      24.850000         0.046668
      24.950000         0.046390
      25.050000         0.046122
      25.150000         0.045904
      25.250000         0.045679
      25.350000         0.045527
      25.450000         0.045328
      25.550000         0.045109
      25.650000         0.044918
      25.750000         0.044770
      25.850000         0.044598
      25.950000         0.044465
      26.050000         0.044288
      26.150000         0.044166
      26.250000         0.044054
      26.350000         0.043974
      26.450000         0.043855
      26.550000         0.043777
      26.650000         0.043620
      26.750000         0.043525
      26.850000         0.043371
      26.950000         0.043208
      27.050000         0.043075
      27.150000         0.042929
      27.250000         0.042676
      27.350000         0.042500
      27.450000         0.042290
      27.550000         0.042073
      27.650000         0.041880
      27.750000         0.041608
      27.850000         0.041412
      27.950000         0.041163
      28.050000         0.040907
      28.150000         0.040714
      28.250000         0.040373
      28.350000         0.040154
      28.450000         0.039910
      28.550000         0.039683
      28.650000         0.039466
      28.750000         0.039234
      28.850000         0.038995
      28.950000         0.038730
      29.050000         0.038530
      29.150000         0.038359
      29.250000         0.038197
      29.350000         0.037986
      29.450000         0.037813
      29.550000         0.037623
      29.650000         0.037515
      29.750000         0.037389
      29.850000         0.037275
      29.950000         0.037182
