#Distance_(Ang) :1-50@N7_=>_:Na+
       0.050000         0.000000
       0.150000         0.000000
       0.250000         0.000000
       0.350000         0.000000
       0.450000         0.000000
       0.550000         0.000000
       0.650000         0.000000
       0.750000         0.000000
       0.850000         0.000000
       0.950000         0.000000
       1.050000         0.000000
       1.150000         0.000000
       1.250000         0.000000
       1.350000         0.000000
       1.450000         0.000000
       1.550000         0.000000
       1.650000         0.000000
       1.750000         0.000000
       1.850000         0.000000
       1.950000         0.000000
       2.050000         0.000000
       2.150000         0.000917
       2.250000         0.089504
       2.350000         0.653195
       2.450000         1.111731
       2.550000         0.850465
       2.650000         0.439917
       2.750000         0.194426
       2.850000         0.085577
       2.950000         0.039450
       3.050000         0.020468
       3.150000         0.012431
       3.250000         0.008742
       3.350000         0.007189
       3.450000         0.006795
       3.550000         0.007301
       3.650000         0.009048
       3.750000         0.011814
       3.850000         0.016924
       3.950000         0.024523
       4.050000         0.036061
       4.150000         0.052157
       4.250000         0.073280
       4.350000         0.096592
       4.450000         0.118368
       4.550000         0.132344
       4.650000         0.135668
       4.750000         0.130425
       4.850000         0.123405
       4.950000         0.117808
       5.050000         0.115402
       5.150000         0.114523
       5.250000         0.116437
       5.350000         0.122363
       5.450000         0.129067
       5.550000         0.129805
       5.650000         0.124827
       5.750000         0.121680
       5.850000         0.123281
       5.950000         0.124823
       6.050000         0.119410
       6.150000         0.108091
       6.250000         0.096910
       6.350000         0.091064
       6.450000         0.090516
       6.550000         0.094200
       6.650000         0.099694
       6.750000         0.105968
       6.850000         0.112415
       6.950000         0.119372
       7.050000         0.125745
       7.150000         0.130335
       7.250000         0.132807
       7.350000         0.133067
       7.450000         0.132162
       7.550000         0.131461
       7.650000         0.130062
       7.750000         0.128765
       7.850000         0.128611
       7.950000         0.129440
       8.050000         0.131642
       8.150000         0.135822
       8.250000         0.139723
       8.350000         0.142319
       8.450000         0.142828
       8.550000         0.141228
       8.650000         0.139149
       8.750000         0.136680
       8.850000         0.133606
       8.950000         0.130470
       9.050000         0.126973
       9.150000         0.123702
       9.250000         0.121397
       9.350000         0.119983
       9.450000         0.119775
       9.550000         0.120572
       9.650000         0.121979
       9.750000         0.123273
       9.850000         0.124439
       9.950000         0.124780
      10.050000         0.124662
      10.150000         0.123955
      10.250000         0.122668
      10.350000         0.120837
      10.450000         0.119069
      10.550000         0.117337
      10.650000         0.116150
      10.750000         0.115416
      10.850000         0.114447
      10.950000         0.113245
      11.050000         0.111811
      11.150000         0.109962
      11.250000         0.108792
      11.350000         0.107061
      11.450000         0.105212
      11.550000         0.103346
      11.650000         0.101870
      11.750000         0.101234
      11.850000         0.101040
      11.950000         0.101484
      12.050000         0.102323
      12.150000         0.103186
      12.250000         0.103828
      12.350000         0.103898
      12.450000         0.103224
      12.550000         0.102198
      12.650000         0.100651
      12.750000         0.099208
      12.850000         0.097738
      12.950000         0.096450
      13.050000         0.095371
      13.150000         0.094248
      13.250000         0.093417
      13.350000         0.092576
      13.450000         0.091300
      13.550000         0.090025
      13.650000         0.088979
      13.750000         0.087531
      13.850000         0.086373
      13.950000         0.085394
      14.050000         0.084839
      14.150000         0.084597
      14.250000         0.084726
      14.350000         0.085206
      14.450000         0.085732
      14.550000         0.086188
      14.650000         0.086435
      14.750000         0.086389
      14.850000         0.085951
      14.950000         0.085603
      15.050000         0.084985
      15.150000         0.084655
      15.250000         0.084436
      15.350000         0.084255
      15.450000         0.083866
      15.550000         0.083244
      15.650000         0.082692
      15.750000         0.081917
      15.850000         0.081262
      15.950000         0.080715
      16.050000         0.080262
      16.150000         0.079722
      16.250000         0.079174
      16.350000         0.078678
      16.450000         0.077899
      16.550000         0.077085
      16.650000         0.076126
      16.750000         0.075294
      16.850000         0.074201
      16.950000         0.073454
      17.050000         0.072695
      17.150000         0.071991
      17.250000         0.071338
      17.350000         0.070760
      17.450000         0.070321
      17.550000         0.069930
      17.650000         0.069643
      17.750000         0.069284
      17.850000         0.069166
      17.950000         0.068792
      18.050000         0.068569
      18.150000         0.068172
      18.250000         0.067728
      18.350000         0.067297
      18.450000         0.066740
      18.550000         0.066185
      18.650000         0.065696
      18.750000         0.065303
      18.850000         0.064892
      18.950000         0.064459
      19.050000         0.064144
      19.150000         0.063729
      19.250000         0.063407
      19.350000         0.063058
      19.450000         0.062594
      19.550000         0.062144
      19.650000         0.061754
      19.750000         0.061368
      19.850000         0.060983
      19.950000         0.060508
      20.050000         0.060113
      20.150000         0.059851
      20.250000         0.059427
      20.350000         0.059104
      20.450000         0.058780
      20.550000         0.058490
      20.650000         0.058146
      20.750000         0.057901
      20.850000         0.057594
      20.950000         0.057280
      21.050000         0.057006
      21.150000         0.056661
      21.250000         0.056349
      21.350000         0.056010
      21.450000         0.055664
      21.550000         0.055266
      21.650000         0.055009
      21.750000         0.054620
      21.850000         0.054225
      21.950000         0.053986
      22.050000         0.053614
      22.150000         0.053355
      22.250000         0.053104
      22.350000         0.052897
      22.450000         0.052725
      22.550000         0.052529
      22.650000         0.052395
      22.750000         0.052228
      22.850000         0.051994
      22.950000         0.051824
      23.050000         0.051608
      23.150000         0.051370
      23.250000         0.051107
      23.350000         0.050786
      23.450000         0.050430
      23.550000         0.050029
      23.650000         0.049642
      23.750000         0.049294
      23.850000         0.048933
      23.950000         0.048617
      24.050000         0.048332
      24.150000         0.048039
      24.250000         0.047771
      24.350000         0.047503
      24.450000         0.047250
      24.550000         0.047032
      24.650000         0.046698
      24.750000         0.046502
      24.850000         0.046270
      24.950000         0.046120
      25.050000         0.046007
      25.150000         0.045859
      25.250000         0.045728
      25.350000         0.045598
      25.450000         0.045552
      25.550000         0.045387
      25.650000         0.045302
      25.750000         0.045118
      25.850000         0.044933
      25.950000         0.044752
      26.050000         0.044476
      26.150000         0.044281
      26.250000         0.043985
      26.350000         0.043748
      26.450000         0.043474
      26.550000         0.043177
      26.650000         0.042947
      26.750000         0.042707
      26.850000         0.042484
      26.950000         0.042221
      27.050000         0.042024
      27.150000         0.041782
      27.250000         0.041580
      27.350000         0.041383
      27.450000         0.041179
      27.550000         0.041033
      27.650000         0.040888
      27.750000         0.040722
      27.850000         0.040572
      27.950000         0.040433
      28.050000         0.040361
      28.150000         0.040260
      28.250000         0.040060
      28.350000         0.039965
      28.450000         0.039826
      28.550000         0.039672
      28.650000         0.039493
      28.750000         0.039348
      28.850000         0.039151
      28.950000         0.038978
      29.050000         0.038839
      29.150000         0.038649
      29.250000         0.038515
      29.350000         0.038394
      29.450000         0.038306
      29.550000         0.038184
      29.650000         0.038071
      29.750000         0.037891
      29.850000         0.037782
      29.950000         0.037631
