#Distance_(Ang) :1-50@N1_=>_:Na+
       0.050000         0.000000
       0.150000         0.000000
       0.250000         0.000000
       0.350000         0.000000
       0.450000         0.000000
       0.550000         0.000000
       0.650000         0.000000
       0.750000         0.000000
       0.850000         0.000000
       0.950000         0.000000
       1.050000         0.000000
       1.150000         0.000000
       1.250000         0.000000
       1.350000         0.000000
       1.450000         0.000000
       1.550000         0.000000
       1.650000         0.000000
       1.750000         0.000000
       1.850000         0.000000
       1.950000         0.000000
       2.050000         0.000000
       2.150000         0.000152
       2.250000         0.015942
       2.350000         0.154755
       2.450000         0.346901
       2.550000         0.349119
       2.650000         0.233323
       2.750000         0.131191
       2.850000         0.070593
       2.950000         0.038680
       3.050000         0.022355
       3.150000         0.013583
       3.250000         0.009339
       3.350000         0.007026
       3.450000         0.006086
       3.550000         0.006124
       3.650000         0.007081
       3.750000         0.009048
       3.850000         0.012623
       3.950000         0.019072
       4.050000         0.030023
       4.150000         0.048865
       4.250000         0.079293
       4.350000         0.118961
       4.450000         0.147406
       4.550000         0.152094
       4.650000         0.142893
       4.750000         0.133554
       4.850000         0.127318
       4.950000         0.124945
       5.050000         0.130081
       5.150000         0.141761
       5.250000         0.159472
       5.350000         0.179902
       5.450000         0.194769
       5.550000         0.198036
       5.650000         0.184454
       5.750000         0.158598
       5.850000         0.131303
       5.950000         0.112363
       6.050000         0.101927
       6.150000         0.097106
       6.250000         0.094133
       6.350000         0.092308
       6.450000         0.091236
       6.550000         0.091635
       6.650000         0.093666
       6.750000         0.097383
       6.850000         0.102342
       6.950000         0.107684
       7.050000         0.110979
       7.150000         0.111797
       7.250000         0.110132
       7.350000         0.107429
       7.450000         0.104660
       7.550000         0.103082
       7.650000         0.102338
       7.750000         0.102326
       7.850000         0.103068
       7.950000         0.104310
       8.050000         0.105352
       8.150000         0.106708
       8.250000         0.107048
       8.350000         0.105879
       8.450000         0.104594
       8.550000         0.104316
       8.650000         0.105135
       8.750000         0.106686
       8.850000         0.109489
       8.950000         0.111657
       9.050000         0.113703
       9.150000         0.115007
       9.250000         0.115821
       9.350000         0.116178
       9.450000         0.116439
       9.550000         0.116178
       9.650000         0.115402
       9.750000         0.114832
       9.850000         0.113950
       9.950000         0.113244
      10.050000         0.112874
      10.150000         0.112745
      10.250000         0.113616
      10.350000         0.115558
      10.450000         0.118223
      10.550000         0.121050
      10.650000         0.122668
      10.750000         0.122092
      10.850000         0.120809
      10.950000         0.118998
      11.050000         0.117877
      11.150000         0.117088
      11.250000         0.117404
      11.350000         0.117848
      11.450000         0.118179
      11.550000         0.118151
      11.650000         0.118116
      11.750000         0.118134
      11.850000         0.118120
      11.950000         0.118267
      12.050000         0.118307
      12.150000         0.118133
      12.250000         0.118050
      12.350000         0.117087
      12.450000         0.115728
      12.550000         0.113958
      12.650000         0.112099
      12.750000         0.110194
      12.850000         0.108142
      12.950000         0.105396
      13.050000         0.102116
      13.150000         0.099250
      13.250000         0.096702
      13.350000         0.095172
      13.450000         0.094332
      13.550000         0.093805
      13.650000         0.093672
      13.750000         0.093749
      13.850000         0.093916
      13.950000         0.094002
      14.050000         0.094013
      14.150000         0.093770
      14.250000         0.093335
      14.350000         0.092948
      14.450000         0.092257
      14.550000         0.091663
      14.650000         0.090669
      14.750000         0.089728
      14.850000         0.088792
      14.950000         0.087813
      15.050000         0.086963
      15.150000         0.086394
      15.250000         0.085989
      15.350000         0.085524
      15.450000         0.085029
      15.550000         0.084439
      15.650000         0.083555
      15.750000         0.082551
      15.850000         0.081500
      15.950000         0.080471
      16.050000         0.079693
      16.150000         0.079193
      16.250000         0.078909
      16.350000         0.078715
      16.450000         0.078335
      16.550000         0.078019
      16.650000         0.077617
      16.750000         0.076897
      16.850000         0.076256
      16.950000         0.075676
      17.050000         0.075062
      17.150000         0.074493
      17.250000         0.073774
      17.350000         0.073250
      17.450000         0.072427
      17.550000         0.071713
      17.650000         0.070819
      17.750000         0.069956
      17.850000         0.069145
      17.950000         0.068643
      18.050000         0.067973
      18.150000         0.067561
      18.250000         0.067153
      18.350000         0.066905
      18.450000         0.066723
      18.550000         0.066342
      18.650000         0.065936
      18.750000         0.065622
      18.850000         0.065245
      18.950000         0.064847
      19.050000         0.064331
      19.150000         0.063939
      19.250000         0.063477
      19.350000         0.062958
      19.450000         0.062577
      19.550000         0.062094
      19.650000         0.061619
      19.750000         0.061018
      19.850000         0.060555
      19.950000         0.060140
      20.050000         0.059653
      20.150000         0.059288
      20.250000         0.058852
      20.350000         0.058634
      20.450000         0.058256
      20.550000         0.058033
      20.650000         0.057708
      20.750000         0.057408
      20.850000         0.057187
      20.950000         0.056790
      21.050000         0.056511
      21.150000         0.056137
      21.250000         0.055902
      21.350000         0.055564
      21.450000         0.055328
      21.550000         0.055095
      21.650000         0.054906
      21.750000         0.054621
      21.850000         0.054463
      21.950000         0.054192
      22.050000         0.053820
      22.150000         0.053394
      22.250000         0.053039
      22.350000         0.052610
      22.450000         0.052213
      22.550000         0.051717
      22.650000         0.051421
      22.750000         0.051099
      22.850000         0.050749
      22.950000         0.050522
      23.050000         0.050256
      23.150000         0.049964
      23.250000         0.049777
      23.350000         0.049557
      23.450000         0.049396
      23.550000         0.049130
      23.650000         0.048997
      23.750000         0.048771
      23.850000         0.048636
      23.950000         0.048405
      24.050000         0.048310
      24.150000         0.048112
      24.250000         0.047957
      24.350000         0.047759
      24.450000         0.047612
      24.550000         0.047365
      24.650000         0.047186
      24.750000         0.046963
      24.850000         0.046769
      24.950000         0.046514
      25.050000         0.046306
      25.150000         0.045999
      25.250000         0.045815
      25.350000         0.045514
      25.450000         0.045333
      25.550000         0.045105
      25.650000         0.044895
      25.750000         0.044613
      25.850000         0.044407
      25.950000         0.044283
      26.050000         0.044010
      26.150000         0.043880
      26.250000         0.043690
      26.350000         0.043466
      26.450000         0.043244
      26.550000         0.043054
      26.650000         0.042885
      26.750000         0.042611
      26.850000         0.042367
      26.950000         0.042172
      27.050000         0.041979
      27.150000         0.041744
      27.250000         0.041544
      27.350000         0.041399
      27.450000         0.041249
      27.550000         0.041064
      27.650000         0.040930
      27.750000         0.040768
      27.850000         0.040636
      27.950000         0.040408
      28.050000         0.040346
      28.150000         0.040186
      28.250000         0.040025
      28.350000         0.039927
      28.450000         0.039758
      28.550000         0.039626
      28.650000         0.039523
      28.750000         0.039361
      28.850000         0.039273
      28.950000         0.039149
      29.050000         0.038956
      29.150000         0.038847
      29.250000         0.038716
      29.350000         0.038557
      29.450000         0.038441
      29.550000         0.038266
      29.650000         0.038153
      29.750000         0.038021
      29.850000         0.037878
      29.950000         0.037776
