   0.050   0.000
   0.150   0.000
   0.250   0.000
   0.350   0.000
   0.450   0.000
   0.550   0.000
   0.650   0.000
   0.750   0.000
   0.850   0.000
   0.950   0.000
   1.050   0.000
   1.150   0.000
   1.250   0.000
   1.350   0.000
   1.450   0.000
   1.550   0.000
   1.650   0.000
   1.750   0.000
   1.850   0.000
   1.950   0.000
   2.050   0.000
   2.150   0.000
   2.250   0.000
   2.350   0.000
   2.450   0.000
   2.550   0.006
   2.650   0.074
   2.750   0.229
   2.850   0.304
   2.950   0.256
   3.050   0.170
   3.150   0.104
   3.250   0.064
   3.350   0.042
   3.450   0.029
   3.550   0.023
   3.650   0.020
   3.750   0.018
   3.850   0.018
   3.950   0.020
   4.050   0.024
   4.150   0.030
   4.250   0.039
   4.350   0.051
   4.450   0.067
   4.550   0.087
   4.650   0.109
   4.750   0.128
   4.850   0.138
   4.950   0.135
   5.050   0.126
   5.150   0.118
   5.250   0.114
   5.350   0.116
   5.450   0.123
   5.550   0.134
   5.650   0.148
   5.750   0.160
   5.850   0.165
   5.950   0.160
   6.050   0.148
   6.150   0.133
   6.250   0.120
   6.350   0.110
   6.450   0.106
   6.550   0.104
   6.650   0.104
   6.750   0.104
   6.850   0.105
   6.950   0.106
   7.050   0.106
   7.150   0.106
   7.250   0.107
   7.350   0.106
   7.450   0.106
   7.550   0.104
   7.650   0.103
   7.750   0.101
   7.850   0.099
   7.950   0.098
   8.050   0.096
   8.150   0.095
   8.250   0.094
   8.350   0.094
   8.450   0.095
   8.550   0.095
   8.650   0.096
   8.750   0.096
   8.850   0.096
   8.950   0.095
   9.050   0.095
   9.150   0.096
   9.250   0.097
   9.350   0.098
   9.450   0.101
   9.550   0.103
   9.650   0.104
   9.750   0.106
   9.850   0.106
   9.950   0.106
  10.050   0.106
  10.150   0.105
  10.250   0.105
  10.350   0.104
  10.450   0.104
  10.550   0.103
  10.650   0.103
  10.750   0.102
  10.850   0.102
  10.950   0.102
  11.050   0.102
  11.150   0.102
  11.250   0.101
  11.350   0.101
  11.450   0.101
  11.550   0.100
  11.650   0.100
  11.750   0.100
  11.850   0.100
  11.950   0.100
  12.050   0.100
  12.150   0.099
  12.250   0.099
  12.350   0.098
  12.450   0.097
  12.550   0.097
  12.650   0.096
  12.750   0.095
  12.850   0.094
  12.950   0.093
  13.050   0.092
  13.150   0.091
  13.250   0.090
  13.350   0.089
  13.450   0.088
  13.550   0.087
  13.650   0.087
  13.750   0.086
  13.850   0.086
  13.950   0.085
  14.050   0.085
  14.150   0.085
  14.250   0.085
  14.350   0.084
  14.450   0.084
  14.550   0.083
  14.650   0.083
  14.750   0.082
  14.850   0.082
  14.950   0.081
  15.050   0.081
  15.150   0.080
  15.250   0.080
  15.350   0.079
  15.450   0.079
  15.550   0.078
  15.650   0.077
  15.750   0.077
  15.850   0.076
  15.950   0.075
  16.050   0.074
  16.150   0.074
  16.250   0.073
  16.350   0.072
  16.450   0.072
  16.550   0.072
  16.650   0.071
  16.750   0.071
  16.850   0.071
  16.950   0.071
  17.050   0.070
  17.150   0.070
  17.250   0.070
  17.350   0.069
  17.450   0.068
  17.550   0.068
  17.650   0.067
  17.750   0.067
  17.850   0.066
  17.950   0.066
  18.050   0.066
  18.150   0.065
  18.250   0.065
  18.350   0.064
  18.450   0.064
  18.550   0.063
  18.650   0.063
  18.750   0.063
  18.850   0.063
  18.950   0.062
  19.050   0.062
  19.150   0.061
  19.250   0.061
  19.350   0.060
  19.450   0.060
  19.550   0.059
  19.650   0.059
  19.750   0.058
  19.850   0.058
  19.950   0.058
  20.050   0.057
  20.150   0.057
  20.250   0.057
  20.350   0.056
  20.450   0.056
  20.550   0.056
  20.650   0.055
  20.750   0.055
  20.850   0.055
  20.950   0.054
  21.050   0.054
  21.150   0.054
  21.250   0.053
  21.350   0.053
  21.450   0.053
  21.550   0.052
  21.650   0.052
  21.750   0.052
  21.850   0.051
  21.950   0.051
  22.050   0.051
  22.150   0.050
  22.250   0.050
  22.350   0.050
  22.450   0.050
  22.550   0.049
  22.650   0.049
  22.750   0.049
  22.850   0.048
  22.950   0.048
  23.050   0.048
  23.150   0.048
  23.250   0.048
  23.350   0.047
  23.450   0.047
  23.550   0.047
  23.650   0.047
  23.750   0.047
  23.850   0.047
  23.950   0.047
  24.050   0.046
  24.150   0.046
  24.250   0.046
  24.350   0.046
  24.450   0.046
  24.550   0.045
  24.650   0.045
  24.750   0.045
  24.850   0.045
  24.950   0.045
  25.050   0.044
  25.150   0.044
  25.250   0.044
  25.350   0.044
  25.450   0.043
  25.550   0.043
  25.650   0.043
  25.750   0.043
  25.850   0.042
  25.950   0.042
  26.050   0.042
  26.150   0.042
  26.250   0.042
  26.350   0.042
  26.450   0.041
  26.550   0.041
  26.650   0.041
  26.750   0.041
  26.850   0.041
  26.950   0.041
  27.050   0.040
  27.150   0.040
  27.250   0.040
  27.350   0.040
  27.450   0.040
  27.550   0.039
  27.650   0.039
  27.750   0.039
  27.850   0.039
  27.950   0.039
  28.050   0.039
  28.150   0.039
  28.250   0.038
  28.350   0.038
  28.450   0.038
  28.550   0.038
  28.650   0.038
  28.750   0.038
  28.850   0.038
  28.950   0.038
  29.050   0.038
  29.150   0.037
  29.250   0.037
  29.350   0.037
  29.450   0.037
  29.550   0.037
  29.650   0.037
  29.750   0.037
  29.850   0.037
  29.950   0.037
