   0.050   0.000
   0.150   0.000
   0.250   0.000
   0.350   0.000
   0.450   0.000
   0.550   0.000
   0.650   0.000
   0.750   0.000
   0.850   0.000
   0.950   0.000
   1.050   0.000
   1.150   0.000
   1.250   0.000
   1.350   0.000
   1.450   0.000
   1.550   0.000
   1.650   0.000
   1.750   0.000
   1.850   0.000
   1.950   0.000
   2.050   0.000
   2.150   0.000
   2.250   0.000
   2.350   0.000
   2.450   0.000
   2.550   0.000
   2.650   0.000
   2.750   0.000
   2.850   0.000
   2.950   0.001
   3.050   0.014
   3.150   0.069
   3.250   0.172
   3.350   0.276
   3.450   0.322
   3.550   0.318
   3.650   0.313
   3.750   0.318
   3.850   0.319
   3.950   0.294
   4.050   0.218
   4.150   0.128
   4.250   0.069
   4.350   0.041
   4.450   0.030
   4.550   0.027
   4.650   0.028
   4.750   0.033
   4.850   0.040
   4.950   0.050
   5.050   0.063
   5.150   0.079
   5.250   0.098
   5.350   0.117
   5.450   0.137
   5.550   0.156
   5.650   0.173
   5.750   0.190
   5.850   0.204
   5.950   0.211
   6.050   0.206
   6.150   0.195
   6.250   0.179
   6.350   0.163
   6.450   0.146
   6.550   0.130
   6.650   0.114
   6.750   0.101
   6.850   0.093
   6.950   0.089
   7.050   0.091
   7.150   0.098
   7.250   0.104
   7.350   0.108
   7.450   0.110
   7.550   0.111
   7.650   0.111
   7.750   0.111
   7.850   0.109
   7.950   0.107
   8.050   0.105
   8.150   0.103
   8.250   0.101
   8.350   0.099
   8.450   0.095
   8.550   0.092
   8.650   0.089
   8.750   0.088
   8.850   0.086
   8.950   0.086
   9.050   0.087
   9.150   0.088
   9.250   0.090
   9.350   0.090
   9.450   0.090
   9.550   0.089
   9.650   0.088
   9.750   0.087
   9.850   0.086
   9.950   0.084
  10.050   0.083
  10.150   0.081
  10.250   0.080
  10.350   0.079
  10.450   0.078
  10.550   0.078
  10.650   0.078
  10.750   0.078
  10.850   0.078
  10.950   0.079
  11.050   0.080
  11.150   0.081
  11.250   0.082
  11.350   0.083
  11.450   0.085
  11.550   0.086
  11.650   0.087
  11.750   0.087
  11.850   0.086
  11.950   0.085
  12.050   0.084
  12.150   0.082
  12.250   0.081
  12.350   0.079
  12.450   0.078
  12.550   0.077
  12.650   0.077
  12.750   0.076
  12.850   0.076
  12.950   0.076
  13.050   0.076
  13.150   0.076
  13.250   0.076
  13.350   0.076
  13.450   0.075
  13.550   0.075
  13.650   0.075
  13.750   0.074
  13.850   0.074
  13.950   0.074
  14.050   0.073
  14.150   0.072
  14.250   0.072
  14.350   0.071
  14.450   0.071
  14.550   0.071
  14.650   0.070
  14.750   0.070
  14.850   0.069
  14.950   0.069
  15.050   0.069
  15.150   0.068
  15.250   0.068
  15.350   0.068
  15.450   0.068
  15.550   0.067
  15.650   0.067
  15.750   0.067
  15.850   0.067
  15.950   0.067
  16.050   0.066
  16.150   0.066
  16.250   0.066
  16.350   0.066
  16.450   0.065
  16.550   0.065
  16.650   0.065
  16.750   0.066
  16.850   0.066
  16.950   0.066
  17.050   0.066
  17.150   0.066
  17.250   0.066
  17.350   0.066
  17.450   0.066
  17.550   0.065
  17.650   0.065
  17.750   0.065
  17.850   0.064
  17.950   0.064
  18.050   0.063
  18.150   0.063
  18.250   0.063
  18.350   0.062
  18.450   0.062
  18.550   0.061
  18.650   0.061
  18.750   0.061
  18.850   0.060
  18.950   0.060
  19.050   0.060
  19.150   0.060
  19.250   0.060
  19.350   0.060
  19.450   0.059
  19.550   0.059
  19.650   0.059
  19.750   0.058
  19.850   0.058
  19.950   0.058
  20.050   0.057
  20.150   0.057
  20.250   0.057
  20.350   0.057
  20.450   0.056
  20.550   0.056
  20.650   0.056
  20.750   0.056
  20.850   0.055
  20.950   0.055
  21.050   0.055
  21.150   0.054
  21.250   0.054
  21.350   0.054
  21.450   0.054
  21.550   0.053
  21.650   0.053
  21.750   0.053
  21.850   0.052
  21.950   0.052
  22.050   0.052
  22.150   0.052
  22.250   0.052
  22.350   0.052
  22.450   0.051
  22.550   0.051
  22.650   0.051
  22.750   0.051
  22.850   0.051
  22.950   0.051
  23.050   0.050
  23.150   0.050
  23.250   0.050
  23.350   0.050
  23.450   0.049
  23.550   0.049
  23.650   0.049
  23.750   0.049
  23.850   0.048
  23.950   0.048
  24.050   0.048
  24.150   0.048
  24.250   0.047
  24.350   0.047
  24.450   0.047
  24.550   0.046
  24.650   0.046
  24.750   0.046
  24.850   0.046
  24.950   0.045
  25.050   0.045
  25.150   0.045
  25.250   0.045
  25.350   0.045
  25.450   0.045
  25.550   0.044
  25.650   0.044
  25.750   0.044
  25.850   0.044
  25.950   0.044
  26.050   0.044
  26.150   0.043
  26.250   0.043
  26.350   0.043
  26.450   0.043
  26.550   0.043
  26.650   0.042
  26.750   0.042
  26.850   0.042
  26.950   0.042
  27.050   0.041
  27.150   0.041
  27.250   0.041
  27.350   0.041
  27.450   0.041
  27.550   0.041
  27.650   0.040
  27.750   0.040
  27.850   0.040
  27.950   0.040
  28.050   0.040
  28.150   0.040
  28.250   0.039
  28.350   0.039
  28.450   0.039
  28.550   0.039
  28.650   0.039
  28.750   0.039
  28.850   0.039
  28.950   0.038
  29.050   0.038
  29.150   0.038
  29.250   0.038
  29.350   0.038
  29.450   0.038
  29.550   0.038
  29.650   0.037
  29.750   0.037
  29.850   0.037
  29.950   0.037
