   0.050   0.000
   0.150   0.000
   0.250   0.000
   0.350   0.000
   0.450   0.000
   0.550   0.000
   0.650   0.000
   0.750   0.000
   0.850   0.000
   0.950   0.000
   1.050   0.000
   1.150   0.000
   1.250   0.000
   1.350   0.000
   1.450   0.000
   1.550   0.000
   1.650   0.000
   1.750   0.000
   1.850   0.000
   1.950   0.000
   2.050   0.000
   2.150   0.000
   2.250   0.000
   2.350   0.000
   2.450   0.000
   2.550   0.004
   2.650   0.055
   2.750   0.183
   2.850   0.261
   2.950   0.231
   3.050   0.164
   3.150   0.107
   3.250   0.070
   3.350   0.048
   3.450   0.035
   3.550   0.028
   3.650   0.023
   3.750   0.020
   3.850   0.019
   3.950   0.019
   4.050   0.020
   4.150   0.024
   4.250   0.030
   4.350   0.042
   4.450   0.060
   4.550   0.084
   4.650   0.112
   4.750   0.138
   4.850   0.153
   4.950   0.151
   5.050   0.140
   5.150   0.128
   5.250   0.116
   5.350   0.106
   5.450   0.099
   5.550   0.095
   5.650   0.094
   5.750   0.096
   5.850   0.102
   5.950   0.113
   6.050   0.130
   6.150   0.151
   6.250   0.164
   6.350   0.156
   6.450   0.133
   6.550   0.111
   6.650   0.099
   6.750   0.093
   6.850   0.091
   6.950   0.091
   7.050   0.092
   7.150   0.093
   7.250   0.094
   7.350   0.096
   7.450   0.098
   7.550   0.100
   7.650   0.102
   7.750   0.105
   7.850   0.106
   7.950   0.108
   8.050   0.108
   8.150   0.108
   8.250   0.108
   8.350   0.107
   8.450   0.105
   8.550   0.104
   8.650   0.103
   8.750   0.104
   8.850   0.104
   8.950   0.105
   9.050   0.105
   9.150   0.106
   9.250   0.106
   9.350   0.106
   9.450   0.107
   9.550   0.108
   9.650   0.109
   9.750   0.110
   9.850   0.111
   9.950   0.112
  10.050   0.112
  10.150   0.112
  10.250   0.111
  10.350   0.109
  10.450   0.107
  10.550   0.105
  10.650   0.104
  10.750   0.102
  10.850   0.101
  10.950   0.100
  11.050   0.099
  11.150   0.098
  11.250   0.098
  11.350   0.098
  11.450   0.097
  11.550   0.097
  11.650   0.097
  11.750   0.097
  11.850   0.097
  11.950   0.096
  12.050   0.096
  12.150   0.095
  12.250   0.094
  12.350   0.093
  12.450   0.092
  12.550   0.091
  12.650   0.091
  12.750   0.091
  12.850   0.091
  12.950   0.091
  13.050   0.090
  13.150   0.090
  13.250   0.090
  13.350   0.089
  13.450   0.089
  13.550   0.088
  13.650   0.087
  13.750   0.087
  13.850   0.086
  13.950   0.085
  14.050   0.084
  14.150   0.084
  14.250   0.083
  14.350   0.082
  14.450   0.081
  14.550   0.080
  14.650   0.080
  14.750   0.079
  14.850   0.078
  14.950   0.078
  15.050   0.077
  15.150   0.077
  15.250   0.076
  15.350   0.076
  15.450   0.075
  15.550   0.075
  15.650   0.075
  15.750   0.074
  15.850   0.074
  15.950   0.074
  16.050   0.074
  16.150   0.073
  16.250   0.073
  16.350   0.072
  16.450   0.072
  16.550   0.071
  16.650   0.071
  16.750   0.070
  16.850   0.070
  16.950   0.069
  17.050   0.069
  17.150   0.069
  17.250   0.069
  17.350   0.069
  17.450   0.069
  17.550   0.068
  17.650   0.068
  17.750   0.067
  17.850   0.067
  17.950   0.066
  18.050   0.066
  18.150   0.065
  18.250   0.065
  18.350   0.064
  18.450   0.064
  18.550   0.064
  18.650   0.063
  18.750   0.063
  18.850   0.062
  18.950   0.062
  19.050   0.061
  19.150   0.061
  19.250   0.061
  19.350   0.060
  19.450   0.060
  19.550   0.060
  19.650   0.060
  19.750   0.059
  19.850   0.059
  19.950   0.058
  20.050   0.058
  20.150   0.058
  20.250   0.057
  20.350   0.057
  20.450   0.056
  20.550   0.056
  20.650   0.055
  20.750   0.055
  20.850   0.055
  20.950   0.054
  21.050   0.054
  21.150   0.054
  21.250   0.053
  21.350   0.053
  21.450   0.053
  21.550   0.052
  21.650   0.052
  21.750   0.052
  21.850   0.051
  21.950   0.051
  22.050   0.051
  22.150   0.050
  22.250   0.050
  22.350   0.050
  22.450   0.050
  22.550   0.049
  22.650   0.049
  22.750   0.049
  22.850   0.049
  22.950   0.048
  23.050   0.048
  23.150   0.048
  23.250   0.048
  23.350   0.047
  23.450   0.047
  23.550   0.047
  23.650   0.047
  23.750   0.047
  23.850   0.046
  23.950   0.046
  24.050   0.046
  24.150   0.046
  24.250   0.046
  24.350   0.046
  24.450   0.045
  24.550   0.045
  24.650   0.045
  24.750   0.045
  24.850   0.045
  24.950   0.045
  25.050   0.044
  25.150   0.044
  25.250   0.044
  25.350   0.044
  25.450   0.044
  25.550   0.044
  25.650   0.043
  25.750   0.043
  25.850   0.043
  25.950   0.043
  26.050   0.042
  26.150   0.042
  26.250   0.042
  26.350   0.042
  26.450   0.041
  26.550   0.041
  26.650   0.041
  26.750   0.041
  26.850   0.040
  26.950   0.040
  27.050   0.040
  27.150   0.040
  27.250   0.040
  27.350   0.040
  27.450   0.040
  27.550   0.040
  27.650   0.040
  27.750   0.039
  27.850   0.039
  27.950   0.039
  28.050   0.039
  28.150   0.039
  28.250   0.039
  28.350   0.038
  28.450   0.038
  28.550   0.038
  28.650   0.038
  28.750   0.038
  28.850   0.038
  28.950   0.038
  29.050   0.037
  29.150   0.037
  29.250   0.037
  29.350   0.037
  29.450   0.037
  29.550   0.037
  29.650   0.037
  29.750   0.036
  29.850   0.036
  29.950   0.036
