   0.050   0.000
   0.150   0.000
   0.250   0.000
   0.350   0.000
   0.450   0.000
   0.550   0.000
   0.650   0.000
   0.750   0.000
   0.850   0.000
   0.950   0.000
   1.050   0.000
   1.150   0.000
   1.250   0.000
   1.350   0.000
   1.450   0.000
   1.550   0.000
   1.650   0.000
   1.750   0.000
   1.850   0.000
   1.950   0.000
   2.050   0.000
   2.150   0.000
   2.250   0.000
   2.350   0.000
   2.450   0.000
   2.550   0.025
   2.650   0.251
   2.750   0.646
   2.850   0.736
   2.950   0.540
   3.050   0.323
   3.150   0.181
   3.250   0.103
   3.350   0.061
   3.450   0.039
   3.550   0.027
   3.650   0.021
   3.750   0.018
   3.850   0.017
   3.950   0.017
   4.050   0.019
   4.150   0.022
   4.250   0.027
   4.350   0.034
   4.450   0.042
   4.550   0.052
   4.650   0.063
   4.750   0.073
   4.850   0.083
   4.950   0.092
   5.050   0.099
   5.150   0.105
   5.250   0.111
   5.350   0.116
   5.450   0.122
   5.550   0.129
   5.650   0.135
   5.750   0.140
   5.850   0.139
   5.950   0.135
   6.050   0.129
   6.150   0.126
   6.250   0.127
   6.350   0.128
   6.450   0.125
   6.550   0.118
   6.650   0.110
   6.750   0.105
   6.850   0.103
   6.950   0.102
   7.050   0.102
   7.150   0.102
   7.250   0.103
   7.350   0.103
   7.450   0.104
   7.550   0.106
   7.650   0.107
   7.750   0.110
   7.850   0.112
   7.950   0.115
   8.050   0.117
   8.150   0.119
   8.250   0.121
   8.350   0.122
   8.450   0.124
   8.550   0.124
   8.650   0.124
   8.750   0.123
   8.850   0.121
   8.950   0.119
   9.050   0.117
   9.150   0.115
   9.250   0.113
   9.350   0.111
   9.450   0.109
   9.550   0.107
   9.650   0.104
   9.750   0.102
   9.850   0.101
   9.950   0.099
  10.050   0.098
  10.150   0.097
  10.250   0.097
  10.350   0.096
  10.450   0.096
  10.550   0.095
  10.650   0.095
  10.750   0.096
  10.850   0.096
  10.950   0.097
  11.050   0.097
  11.150   0.097
  11.250   0.097
  11.350   0.097
  11.450   0.097
  11.550   0.097
  11.650   0.097
  11.750   0.096
  11.850   0.095
  11.950   0.094
  12.050   0.093
  12.150   0.093
  12.250   0.093
  12.350   0.092
  12.450   0.092
  12.550   0.092
  12.650   0.091
  12.750   0.091
  12.850   0.090
  12.950   0.090
  13.050   0.089
  13.150   0.088
  13.250   0.087
  13.350   0.086
  13.450   0.086
  13.550   0.085
  13.650   0.085
  13.750   0.084
  13.850   0.084
  13.950   0.083
  14.050   0.083
  14.150   0.082
  14.250   0.082
  14.350   0.081
  14.450   0.081
  14.550   0.080
  14.650   0.080
  14.750   0.079
  14.850   0.079
  14.950   0.078
  15.050   0.078
  15.150   0.077
  15.250   0.076
  15.350   0.075
  15.450   0.074
  15.550   0.074
  15.650   0.073
  15.750   0.073
  15.850   0.073
  15.950   0.072
  16.050   0.072
  16.150   0.072
  16.250   0.072
  16.350   0.071
  16.450   0.071
  16.550   0.071
  16.650   0.070
  16.750   0.070
  16.850   0.070
  16.950   0.069
  17.050   0.069
  17.150   0.068
  17.250   0.067
  17.350   0.067
  17.450   0.066
  17.550   0.066
  17.650   0.065
  17.750   0.065
  17.850   0.064
  17.950   0.064
  18.050   0.064
  18.150   0.064
  18.250   0.064
  18.350   0.064
  18.450   0.064
  18.550   0.064
  18.650   0.064
  18.750   0.063
  18.850   0.063
  18.950   0.063
  19.050   0.063
  19.150   0.062
  19.250   0.062
  19.350   0.062
  19.450   0.061
  19.550   0.061
  19.650   0.060
  19.750   0.059
  19.850   0.059
  19.950   0.058
  20.050   0.058
  20.150   0.057
  20.250   0.057
  20.350   0.056
  20.450   0.056
  20.550   0.056
  20.650   0.055
  20.750   0.055
  20.850   0.055
  20.950   0.054
  21.050   0.054
  21.150   0.054
  21.250   0.054
  21.350   0.053
  21.450   0.053
  21.550   0.053
  21.650   0.053
  21.750   0.052
  21.850   0.052
  21.950   0.052
  22.050   0.052
  22.150   0.051
  22.250   0.051
  22.350   0.051
  22.450   0.051
  22.550   0.051
  22.650   0.050
  22.750   0.050
  22.850   0.050
  22.950   0.049
  23.050   0.049
  23.150   0.049
  23.250   0.049
  23.350   0.048
  23.450   0.048
  23.550   0.048
  23.650   0.047
  23.750   0.047
  23.850   0.047
  23.950   0.047
  24.050   0.047
  24.150   0.047
  24.250   0.046
  24.350   0.046
  24.450   0.046
  24.550   0.046
  24.650   0.046
  24.750   0.045
  24.850   0.045
  24.950   0.045
  25.050   0.045
  25.150   0.044
  25.250   0.044
  25.350   0.044
  25.450   0.044
  25.550   0.043
  25.650   0.043
  25.750   0.043
  25.850   0.043
  25.950   0.043
  26.050   0.042
  26.150   0.042
  26.250   0.042
  26.350   0.042
  26.450   0.042
  26.550   0.042
  26.650   0.042
  26.750   0.041
  26.850   0.041
  26.950   0.041
  27.050   0.041
  27.150   0.041
  27.250   0.041
  27.350   0.040
  27.450   0.040
  27.550   0.040
  27.650   0.040
  27.750   0.040
  27.850   0.039
  27.950   0.039
  28.050   0.039
  28.150   0.039
  28.250   0.039
  28.350   0.038
  28.450   0.038
  28.550   0.038
  28.650   0.038
  28.750   0.038
  28.850   0.038
  28.950   0.037
  29.050   0.037
  29.150   0.037
  29.250   0.037
  29.350   0.037
  29.450   0.037
  29.550   0.037
  29.650   0.037
  29.750   0.036
  29.850   0.036
  29.950   0.036
