   0.050   0.000
   0.150   0.000
   0.250   0.000
   0.350   0.000
   0.450   0.000
   0.550   0.000
   0.650   0.000
   0.750   0.000
   0.850   0.000
   0.950   0.000
   1.050   0.000
   1.150   0.000
   1.250   0.000
   1.350   0.000
   1.450   0.000
   1.550   0.000
   1.650   0.000
   1.750   0.000
   1.850   0.000
   1.950   0.000
   2.050   0.000
   2.150   0.000
   2.250   0.000
   2.350   0.000
   2.450   0.000
   2.550   0.000
   2.650   0.000
   2.750   0.000
   2.850   0.000
   2.950   0.000
   3.050   0.001
   3.150   0.004
   3.250   0.015
   3.350   0.036
   3.450   0.065
   3.550   0.082
   3.650   0.079
   3.750   0.077
   3.850   0.087
   3.950   0.099
   4.050   0.118
   4.150   0.155
   4.250   0.200
   4.350   0.230
   4.450   0.232
   4.550   0.211
   4.650   0.183
   4.750   0.161
   4.850   0.142
   4.950   0.126
   5.050   0.111
   5.150   0.101
   5.250   0.096
   5.350   0.099
   5.450   0.105
   5.550   0.110
   5.650   0.113
   5.750   0.112
   5.850   0.110
   5.950   0.109
   6.050   0.113
   6.150   0.118
   6.250   0.123
   6.350   0.126
   6.450   0.128
   6.550   0.131
   6.650   0.134
   6.750   0.139
   6.850   0.148
   6.950   0.160
   7.050   0.178
   7.150   0.199
   7.250   0.216
   7.350   0.224
   7.450   0.222
   7.550   0.220
   7.650   0.219
   7.750   0.217
   7.850   0.211
   7.950   0.201
   8.050   0.193
   8.150   0.190
   8.250   0.189
   8.350   0.189
   8.450   0.188
   8.550   0.185
   8.650   0.184
   8.750   0.184
   8.850   0.184
   8.950   0.184
   9.050   0.184
   9.150   0.185
   9.250   0.185
   9.350   0.183
   9.450   0.180
   9.550   0.176
   9.650   0.173
   9.750   0.171
   9.850   0.170
   9.950   0.170
  10.050   0.171
  10.150   0.173
  10.250   0.175
  10.350   0.175
  10.450   0.174
  10.550   0.172
  10.650   0.170
  10.750   0.169
  10.850   0.169
  10.950   0.170
  11.050   0.173
  11.150   0.175
  11.250   0.177
  11.350   0.177
  11.450   0.176
  11.550   0.172
  11.650   0.168
  11.750   0.163
  11.850   0.159
  11.950   0.157
  12.050   0.156
  12.150   0.156
  12.250   0.156
  12.350   0.156
  12.450   0.156
  12.550   0.154
  12.650   0.152
  12.750   0.149
  12.850   0.146
  12.950   0.143
  13.050   0.140
  13.150   0.137
  13.250   0.135
  13.350   0.133
  13.450   0.131
  13.550   0.130
  13.650   0.129
  13.750   0.129
  13.850   0.128
  13.950   0.128
  14.050   0.128
  14.150   0.128
  14.250   0.127
  14.350   0.127
  14.450   0.126
  14.550   0.125
  14.650   0.124
  14.750   0.123
  14.850   0.122
  14.950   0.121
  15.050   0.120
  15.150   0.119
  15.250   0.117
  15.350   0.116
  15.450   0.114
  15.550   0.113
  15.650   0.112
  15.750   0.110
  15.850   0.109
  15.950   0.108
  16.050   0.107
  16.150   0.105
  16.250   0.104
  16.350   0.104
  16.450   0.103
  16.550   0.102
  16.650   0.102
  16.750   0.101
  16.850   0.100
  16.950   0.099
  17.050   0.098
  17.150   0.096
  17.250   0.095
  17.350   0.094
  17.450   0.092
  17.550   0.091
  17.650   0.090
  17.750   0.089
  17.850   0.088
  17.950   0.088
  18.050   0.088
  18.150   0.088
  18.250   0.088
  18.350   0.088
  18.450   0.088
  18.550   0.088
  18.650   0.088
  18.750   0.088
  18.850   0.088
  18.950   0.088
  19.050   0.087
  19.150   0.086
  19.250   0.085
  19.350   0.084
  19.450   0.083
  19.550   0.081
  19.650   0.080
  19.750   0.079
  19.850   0.078
  19.950   0.077
  20.050   0.076
  20.150   0.076
  20.250   0.075
  20.350   0.074
  20.450   0.074
  20.550   0.073
  20.650   0.073
  20.750   0.072
  20.850   0.072
  20.950   0.071
  21.050   0.071
  21.150   0.071
  21.250   0.070
  21.350   0.070
  21.450   0.070
  21.550   0.070
  21.650   0.069
  21.750   0.069
  21.850   0.069
  21.950   0.069
  22.050   0.068
  22.150   0.068
  22.250   0.068
  22.350   0.067
  22.450   0.067
  22.550   0.067
  22.650   0.067
  22.750   0.066
  22.850   0.066
  22.950   0.066
  23.050   0.066
  23.150   0.065
  23.250   0.064
  23.350   0.064
  23.450   0.063
  23.550   0.062
  23.650   0.062
  23.750   0.061
  23.850   0.060
  23.950   0.060
  24.050   0.059
  24.150   0.059
  24.250   0.058
  24.350   0.058
  24.450   0.057
  24.550   0.057
  24.650   0.057
  24.750   0.056
  24.850   0.056
  24.950   0.055
  25.050   0.055
  25.150   0.055
  25.250   0.054
  25.350   0.054
  25.450   0.053
  25.550   0.053
  25.650   0.052
  25.750   0.052
  25.850   0.051
  25.950   0.051
  26.050   0.050
  26.150   0.050
  26.250   0.050
  26.350   0.049
  26.450   0.049
  26.550   0.049
  26.650   0.048
  26.750   0.048
  26.850   0.048
  26.950   0.047
  27.050   0.047
  27.150   0.047
  27.250   0.046
  27.350   0.046
  27.450   0.046
  27.550   0.045
  27.650   0.045
  27.750   0.045
  27.850   0.045
  27.950   0.045
  28.050   0.044
  28.150   0.044
  28.250   0.044
  28.350   0.044
  28.450   0.044
  28.550   0.044
  28.650   0.043
  28.750   0.043
  28.850   0.043
  28.950   0.043
  29.050   0.042
  29.150   0.042
  29.250   0.042
  29.350   0.042
  29.450   0.041
  29.550   0.041
  29.650   0.041
  29.750   0.041
  29.850   0.041
  29.950   0.041
