   0.050   0.000
   0.150   0.000
   0.250   0.000
   0.350   0.000
   0.450   0.000
   0.550   0.000
   0.650   0.000
   0.750   0.000
   0.850   0.000
   0.950   0.000
   1.050   0.000
   1.150   0.000
   1.250   0.000
   1.350   0.000
   1.450   0.000
   1.550   0.000
   1.650   0.000
   1.750   0.000
   1.850   0.000
   1.950   0.000
   2.050   0.000
   2.150   0.000
   2.250   0.000
   2.350   0.000
   2.450   0.000
   2.550   0.000
   2.650   0.000
   2.750   0.000
   2.850   0.000
   2.950   0.000
   3.050   0.000
   3.150   0.000
   3.250   0.000
   3.350   0.000
   3.450   0.001
   3.550   0.005
   3.650   0.020
   3.750   0.054
   3.850   0.115
   3.950   0.199
   4.050   0.294
   4.150   0.384
   4.250   0.453
   4.350   0.495
   4.450   0.500
   4.550   0.465
   4.650   0.394
   4.750   0.313
   4.850   0.244
   4.950   0.195
   5.050   0.165
   5.150   0.145
   5.250   0.133
   5.350   0.123
   5.450   0.115
   5.550   0.109
   5.650   0.105
   5.750   0.102
   5.850   0.101
   5.950   0.102
   6.050   0.105
   6.150   0.111
   6.250   0.119
   6.350   0.128
   6.450   0.138
   6.550   0.147
   6.650   0.155
   6.750   0.163
   6.850   0.170
   6.950   0.175
   7.050   0.178
   7.150   0.179
   7.250   0.179
   7.350   0.178
   7.450   0.177
   7.550   0.177
   7.650   0.180
   7.750   0.182
   7.850   0.183
   7.950   0.181
   8.050   0.177
   8.150   0.170
   8.250   0.165
   8.350   0.161
   8.450   0.159
   8.550   0.159
   8.650   0.161
   8.750   0.162
   8.850   0.165
   8.950   0.169
   9.050   0.174
   9.150   0.178
   9.250   0.183
   9.350   0.188
   9.450   0.193
   9.550   0.197
   9.650   0.200
   9.750   0.201
   9.850   0.199
   9.950   0.199
  10.050   0.198
  10.150   0.199
  10.250   0.199
  10.350   0.197
  10.450   0.195
  10.550   0.194
  10.650   0.191
  10.750   0.185
  10.850   0.175
  10.950   0.169
  11.050   0.168
  11.150   0.168
  11.250   0.163
  11.350   0.157
  11.450   0.154
  11.550   0.152
  11.650   0.151
  11.750   0.150
  11.850   0.150
  11.950   0.151
  12.050   0.153
  12.150   0.155
  12.250   0.155
  12.350   0.154
  12.450   0.150
  12.550   0.145
  12.650   0.139
  12.750   0.134
  12.850   0.130
  12.950   0.127
  13.050   0.124
  13.150   0.122
  13.250   0.121
  13.350   0.120
  13.450   0.120
  13.550   0.120
  13.650   0.120
  13.750   0.121
  13.850   0.121
  13.950   0.121
  14.050   0.121
  14.150   0.121
  14.250   0.120
  14.350   0.119
  14.450   0.118
  14.550   0.117
  14.650   0.117
  14.750   0.116
  14.850   0.116
  14.950   0.116
  15.050   0.116
  15.150   0.116
  15.250   0.116
  15.350   0.117
  15.450   0.117
  15.550   0.117
  15.650   0.117
  15.750   0.118
  15.850   0.118
  15.950   0.118
  16.050   0.117
  16.150   0.117
  16.250   0.116
  16.350   0.114
  16.450   0.113
  16.550   0.112
  16.650   0.110
  16.750   0.108
  16.850   0.107
  16.950   0.105
  17.050   0.103
  17.150   0.102
  17.250   0.100
  17.350   0.099
  17.450   0.098
  17.550   0.097
  17.650   0.096
  17.750   0.095
  17.850   0.093
  17.950   0.092
  18.050   0.091
  18.150   0.090
  18.250   0.088
  18.350   0.087
  18.450   0.086
  18.550   0.084
  18.650   0.083
  18.750   0.082
  18.850   0.081
  18.950   0.080
  19.050   0.079
  19.150   0.078
  19.250   0.077
  19.350   0.077
  19.450   0.076
  19.550   0.076
  19.650   0.076
  19.750   0.076
  19.850   0.076
  19.950   0.076
  20.050   0.076
  20.150   0.075
  20.250   0.075
  20.350   0.075
  20.450   0.075
  20.550   0.075
  20.650   0.074
  20.750   0.074
  20.850   0.073
  20.950   0.073
  21.050   0.072
  21.150   0.072
  21.250   0.072
  21.350   0.072
  21.450   0.072
  21.550   0.072
  21.650   0.072
  21.750   0.071
  21.850   0.071
  21.950   0.070
  22.050   0.070
  22.150   0.069
  22.250   0.069
  22.350   0.068
  22.450   0.067
  22.550   0.067
  22.650   0.066
  22.750   0.065
  22.850   0.065
  22.950   0.064
  23.050   0.064
  23.150   0.064
  23.250   0.063
  23.350   0.063
  23.450   0.062
  23.550   0.062
  23.650   0.061
  23.750   0.061
  23.850   0.061
  23.950   0.060
  24.050   0.060
  24.150   0.059
  24.250   0.059
  24.350   0.058
  24.450   0.058
  24.550   0.057
  24.650   0.057
  24.750   0.057
  24.850   0.056
  24.950   0.056
  25.050   0.056
  25.150   0.055
  25.250   0.055
  25.350   0.055
  25.450   0.054
  25.550   0.054
  25.650   0.054
  25.750   0.053
  25.850   0.053
  25.950   0.052
  26.050   0.052
  26.150   0.052
  26.250   0.051
  26.350   0.051
  26.450   0.050
  26.550   0.050
  26.650   0.050
  26.750   0.050
  26.850   0.050
  26.950   0.049
  27.050   0.049
  27.150   0.049
  27.250   0.048
  27.350   0.048
  27.450   0.048
  27.550   0.047
  27.650   0.047
  27.750   0.047
  27.850   0.046
  27.950   0.046
  28.050   0.046
  28.150   0.045
  28.250   0.045
  28.350   0.045
  28.450   0.044
  28.550   0.044
  28.650   0.044
  28.750   0.043
  28.850   0.043
  28.950   0.043
  29.050   0.042
  29.150   0.042
  29.250   0.042
  29.350   0.041
  29.450   0.041
  29.550   0.041
  29.650   0.041
  29.750   0.040
  29.850   0.040
  29.950   0.040
