   0.050   0.000
   0.150   0.000
   0.250   0.000
   0.350   0.000
   0.450   0.000
   0.550   0.000
   0.650   0.000
   0.750   0.000
   0.850   0.000
   0.950   0.000
   1.050   0.000
   1.150   0.000
   1.250   0.000
   1.350   0.000
   1.450   0.000
   1.550   0.000
   1.650   0.000
   1.750   0.000
   1.850   0.061
   1.950   1.458
   2.050   1.332
   2.150   0.180
   2.250   0.010
   2.350   0.000
   2.450   0.000
   2.550   0.000
   2.650   0.000
   2.750   0.000
   2.850   0.000
   2.950   0.000
   3.050   0.000
   3.150   0.001
   3.250   0.003
   3.350   0.014
   3.450   0.044
   3.550   0.105
   3.650   0.198
   3.750   0.310
   3.850   0.409
   3.950   0.474
   4.050   0.499
   4.150   0.495
   4.250   0.473
   4.350   0.437
   4.450   0.386
   4.550   0.324
   4.650   0.258
   4.750   0.199
   4.850   0.151
   4.950   0.117
   5.050   0.094
   5.150   0.078
   5.250   0.069
   5.350   0.063
   5.450   0.060
   5.550   0.059
   5.650   0.060
   5.750   0.063
   5.850   0.069
   5.950   0.075
   6.050   0.084
   6.150   0.094
   6.250   0.104
   6.350   0.112
   6.450   0.118
   6.550   0.122
   6.650   0.123
   6.750   0.122
   6.850   0.119
   6.950   0.115
   7.050   0.111
   7.150   0.107
   7.250   0.105
   7.350   0.105
   7.450   0.108
   7.550   0.113
   7.650   0.120
   7.750   0.128
   7.850   0.135
   7.950   0.142
   8.050   0.146
   8.150   0.149
   8.250   0.151
   8.350   0.154
   8.450   0.157
   8.550   0.161
   8.650   0.164
   8.750   0.168
   8.850   0.173
   8.950   0.180
   9.050   0.185
   9.150   0.185
   9.250   0.181
   9.350   0.176
   9.450   0.172
   9.550   0.169
   9.650   0.167
   9.750   0.164
   9.850   0.163
   9.950   0.162
  10.050   0.163
  10.150   0.165
  10.250   0.170
  10.350   0.177
  10.450   0.181
  10.550   0.181
  10.650   0.175
  10.750   0.171
  10.850   0.168
  10.950   0.169
  11.050   0.172
  11.150   0.175
  11.250   0.178
  11.350   0.179
  11.450   0.180
  11.550   0.179
  11.650   0.177
  11.750   0.174
  11.850   0.170
  11.950   0.167
  12.050   0.164
  12.150   0.162
  12.250   0.160
  12.350   0.158
  12.450   0.157
  12.550   0.155
  12.650   0.154
  12.750   0.152
  12.850   0.150
  12.950   0.147
  13.050   0.145
  13.150   0.143
  13.250   0.141
  13.350   0.141
  13.450   0.139
  13.550   0.138
  13.650   0.136
  13.750   0.134
  13.850   0.132
  13.950   0.129
  14.050   0.127
  14.150   0.125
  14.250   0.124
  14.350   0.122
  14.450   0.120
  14.550   0.118
  14.650   0.116
  14.750   0.114
  14.850   0.112
  14.950   0.110
  15.050   0.109
  15.150   0.107
  15.250   0.105
  15.350   0.103
  15.450   0.101
  15.550   0.100
  15.650   0.098
  15.750   0.098
  15.850   0.098
  15.950   0.098
  16.050   0.098
  16.150   0.099
  16.250   0.099
  16.350   0.100
  16.450   0.100
  16.550   0.100
  16.650   0.100
  16.750   0.100
  16.850   0.099
  16.950   0.099
  17.050   0.099
  17.150   0.099
  17.250   0.099
  17.350   0.099
  17.450   0.098
  17.550   0.098
  17.650   0.098
  17.750   0.097
  17.850   0.096
  17.950   0.095
  18.050   0.093
  18.150   0.091
  18.250   0.090
  18.350   0.089
  18.450   0.088
  18.550   0.086
  18.650   0.086
  18.750   0.085
  18.850   0.084
  18.950   0.083
  19.050   0.082
  19.150   0.082
  19.250   0.081
  19.350   0.080
  19.450   0.080
  19.550   0.079
  19.650   0.078
  19.750   0.077
  19.850   0.077
  19.950   0.076
  20.050   0.075
  20.150   0.074
  20.250   0.074
  20.350   0.073
  20.450   0.072
  20.550   0.072
  20.650   0.071
  20.750   0.071
  20.850   0.071
  20.950   0.071
  21.050   0.071
  21.150   0.071
  21.250   0.072
  21.350   0.071
  21.450   0.071
  21.550   0.071
  21.650   0.070
  21.750   0.070
  21.850   0.069
  21.950   0.068
  22.050   0.068
  22.150   0.067
  22.250   0.066
  22.350   0.066
  22.450   0.065
  22.550   0.065
  22.650   0.065
  22.750   0.064
  22.850   0.064
  22.950   0.064
  23.050   0.064
  23.150   0.064
  23.250   0.063
  23.350   0.063
  23.450   0.062
  23.550   0.062
  23.650   0.061
  23.750   0.060
  23.850   0.060
  23.950   0.060
  24.050   0.059
  24.150   0.059
  24.250   0.059
  24.350   0.058
  24.450   0.058
  24.550   0.058
  24.650   0.057
  24.750   0.057
  24.850   0.057
  24.950   0.056
  25.050   0.056
  25.150   0.055
  25.250   0.054
  25.350   0.054
  25.450   0.053
  25.550   0.053
  25.650   0.052
  25.750   0.051
  25.850   0.051
  25.950   0.050
  26.050   0.050
  26.150   0.049
  26.250   0.049
  26.350   0.048
  26.450   0.048
  26.550   0.047
  26.650   0.047
  26.750   0.047
  26.850   0.046
  26.950   0.046
  27.050   0.046
  27.150   0.046
  27.250   0.045
  27.350   0.045
  27.450   0.045
  27.550   0.045
  27.650   0.044
  27.750   0.044
  27.850   0.044
  27.950   0.044
  28.050   0.044
  28.150   0.044
  28.250   0.043
  28.350   0.043
  28.450   0.043
  28.550   0.043
  28.650   0.043
  28.750   0.043
  28.850   0.043
  28.950   0.042
  29.050   0.042
  29.150   0.042
  29.250   0.042
  29.350   0.042
  29.450   0.041
  29.550   0.041
  29.650   0.041
  29.750   0.041
  29.850   0.041
  29.950   0.040
