   0.050   0.000
   0.150   0.000
   0.250   0.000
   0.350   0.000
   0.450   0.000
   0.550   0.000
   0.650   0.000
   0.750   0.000
   0.850   0.000
   0.950   0.000
   1.050   0.000
   1.150   0.000
   1.250   0.000
   1.350   0.000
   1.450   0.000
   1.550   0.000
   1.650   0.000
   1.750   0.000
   1.850   0.000
   1.950   0.000
   2.050   0.000
   2.150   0.000
   2.250   0.000
   2.350   0.000
   2.450   0.000
   2.550   0.000
   2.650   0.000
   2.750   0.000
   2.850   0.000
   2.950   0.000
   3.050   0.000
   3.150   0.001
   3.250   0.003
   3.350   0.016
   3.450   0.054
   3.550   0.128
   3.650   0.221
   3.750   0.296
   3.850   0.341
   3.950   0.369
   4.050   0.391
   4.150   0.406
   4.250   0.406
   4.350   0.382
   4.450   0.343
   4.550   0.292
   4.650   0.242
   4.750   0.199
   4.850   0.166
   4.950   0.140
   5.050   0.123
   5.150   0.112
   5.250   0.107
   5.350   0.105
   5.450   0.107
   5.550   0.111
   5.650   0.117
   5.750   0.124
   5.850   0.133
   5.950   0.141
   6.050   0.149
   6.150   0.157
   6.250   0.162
   6.350   0.167
   6.450   0.168
   6.550   0.166
   6.650   0.159
   6.750   0.149
   6.850   0.139
   6.950   0.129
   7.050   0.122
   7.150   0.118
   7.250   0.117
   7.350   0.116
   7.450   0.118
   7.550   0.120
   7.650   0.122
   7.750   0.125
   7.850   0.128
   7.950   0.130
   8.050   0.133
   8.150   0.136
   8.250   0.141
   8.350   0.147
   8.450   0.153
   8.550   0.159
   8.650   0.163
   8.750   0.167
   8.850   0.171
   8.950   0.174
   9.050   0.178
   9.150   0.182
   9.250   0.186
   9.350   0.190
   9.450   0.192
   9.550   0.193
   9.650   0.192
   9.750   0.190
   9.850   0.186
   9.950   0.184
  10.050   0.181
  10.150   0.180
  10.250   0.178
  10.350   0.176
  10.450   0.175
  10.550   0.174
  10.650   0.173
  10.750   0.174
  10.850   0.173
  10.950   0.173
  11.050   0.171
  11.150   0.169
  11.250   0.168
  11.350   0.167
  11.450   0.167
  11.550   0.168
  11.650   0.168
  11.750   0.168
  11.850   0.167
  11.950   0.166
  12.050   0.168
  12.150   0.170
  12.250   0.173
  12.350   0.173
  12.450   0.171
  12.550   0.165
  12.650   0.159
  12.750   0.153
  12.850   0.149
  12.950   0.146
  13.050   0.143
  13.150   0.140
  13.250   0.137
  13.350   0.135
  13.450   0.133
  13.550   0.132
  13.650   0.132
  13.750   0.131
  13.850   0.131
  13.950   0.131
  14.050   0.131
  14.150   0.131
  14.250   0.131
  14.350   0.132
  14.450   0.132
  14.550   0.132
  14.650   0.132
  14.750   0.131
  14.850   0.129
  14.950   0.128
  15.050   0.126
  15.150   0.124
  15.250   0.122
  15.350   0.120
  15.450   0.117
  15.550   0.115
  15.650   0.112
  15.750   0.109
  15.850   0.107
  15.950   0.105
  16.050   0.103
  16.150   0.101
  16.250   0.100
  16.350   0.098
  16.450   0.097
  16.550   0.096
  16.650   0.094
  16.750   0.094
  16.850   0.093
  16.950   0.091
  17.050   0.091
  17.150   0.090
  17.250   0.089
  17.350   0.088
  17.450   0.088
  17.550   0.088
  17.650   0.087
  17.750   0.088
  17.850   0.088
  17.950   0.088
  18.050   0.088
  18.150   0.089
  18.250   0.089
  18.350   0.089
  18.450   0.090
  18.550   0.090
  18.650   0.090
  18.750   0.089
  18.850   0.089
  18.950   0.089
  19.050   0.089
  19.150   0.089
  19.250   0.088
  19.350   0.088
  19.450   0.087
  19.550   0.087
  19.650   0.086
  19.750   0.085
  19.850   0.084
  19.950   0.083
  20.050   0.082
  20.150   0.082
  20.250   0.081
  20.350   0.080
  20.450   0.080
  20.550   0.079
  20.650   0.078
  20.750   0.078
  20.850   0.077
  20.950   0.077
  21.050   0.076
  21.150   0.076
  21.250   0.075
  21.350   0.074
  21.450   0.074
  21.550   0.073
  21.650   0.072
  21.750   0.072
  21.850   0.071
  21.950   0.070
  22.050   0.070
  22.150   0.069
  22.250   0.068
  22.350   0.068
  22.450   0.067
  22.550   0.067
  22.650   0.066
  22.750   0.066
  22.850   0.065
  22.950   0.065
  23.050   0.064
  23.150   0.064
  23.250   0.063
  23.350   0.063
  23.450   0.063
  23.550   0.062
  23.650   0.062
  23.750   0.062
  23.850   0.061
  23.950   0.061
  24.050   0.061
  24.150   0.060
  24.250   0.060
  24.350   0.059
  24.450   0.059
  24.550   0.058
  24.650   0.057
  24.750   0.057
  24.850   0.056
  24.950   0.055
  25.050   0.055
  25.150   0.054
  25.250   0.054
  25.350   0.053
  25.450   0.053
  25.550   0.053
  25.650   0.052
  25.750   0.052
  25.850   0.052
  25.950   0.052
  26.050   0.051
  26.150   0.051
  26.250   0.050
  26.350   0.050
  26.450   0.050
  26.550   0.049
  26.650   0.049
  26.750   0.049
  26.850   0.048
  26.950   0.048
  27.050   0.047
  27.150   0.047
  27.250   0.046
  27.350   0.046
  27.450   0.046
  27.550   0.045
  27.650   0.045
  27.750   0.045
  27.850   0.044
  27.950   0.044
  28.050   0.044
  28.150   0.044
  28.250   0.043
  28.350   0.043
  28.450   0.043
  28.550   0.042
  28.650   0.042
  28.750   0.042
  28.850   0.042
  28.950   0.041
  29.050   0.041
  29.150   0.041
  29.250   0.041
  29.350   0.041
  29.450   0.041
  29.550   0.041
  29.650   0.041
  29.750   0.041
  29.850   0.040
  29.950   0.040
