   0.050   0.000
   0.150   0.000
   0.250   0.000
   0.350   0.000
   0.450   0.000
   0.550   0.000
   0.650   0.000
   0.750   0.000
   0.850   0.000
   0.950   0.000
   1.050   0.000
   1.150   0.000
   1.250   0.000
   1.350   0.000
   1.450   0.000
   1.550   0.000
   1.650   0.000
   1.750   0.000
   1.850   0.000
   1.950   0.000
   2.050   0.000
   2.150   0.000
   2.250   0.000
   2.350   0.000
   2.450   0.000
   2.550   0.000
   2.650   0.000
   2.750   0.000
   2.850   0.000
   2.950   0.000
   3.050   0.003
   3.150   0.070
   3.250   0.723
   3.350   2.565
   3.450   1.351
   3.550   0.090
   3.650   0.002
   3.750   0.000
   3.850   0.000
   3.950   0.000
   4.050   0.002
   4.150   0.014
   4.250   0.053
   4.350   0.134
   4.450   0.258
   4.550   0.384
   4.650   0.430
   4.750   0.387
   4.850   0.333
   4.950   0.317
   5.050   0.335
   5.150   0.373
   5.250   0.397
   5.350   0.390
   5.450   0.356
   5.550   0.304
   5.650   0.242
   5.750   0.178
   5.850   0.120
   5.950   0.079
   6.050   0.054
   6.150   0.045
   6.250   0.045
   6.350   0.051
   6.450   0.062
   6.550   0.076
   6.650   0.093
   6.750   0.113
   6.850   0.131
   6.950   0.149
   7.050   0.168
   7.150   0.185
   7.250   0.201
   7.350   0.214
   7.450   0.225
   7.550   0.234
   7.650   0.238
   7.750   0.234
   7.850   0.224
   7.950   0.210
   8.050   0.196
   8.150   0.184
   8.250   0.173
   8.350   0.165
   8.450   0.160
   8.550   0.158
   8.650   0.159
   8.750   0.162
   8.850   0.167
   8.950   0.172
   9.050   0.177
   9.150   0.181
   9.250   0.186
   9.350   0.189
   9.450   0.190
   9.550   0.187
   9.650   0.182
   9.750   0.177
   9.850   0.171
   9.950   0.166
  10.050   0.161
  10.150   0.156
  10.250   0.153
  10.350   0.151
  10.450   0.148
  10.550   0.146
  10.650   0.143
  10.750   0.140
  10.850   0.138
  10.950   0.136
  11.050   0.133
  11.150   0.132
  11.250   0.131
  11.350   0.131
  11.450   0.131
  11.550   0.131
  11.650   0.132
  11.750   0.132
  11.850   0.132
  11.950   0.133
  12.050   0.133
  12.150   0.133
  12.250   0.132
  12.350   0.129
  12.450   0.127
  12.550   0.124
  12.650   0.122
  12.750   0.121
  12.850   0.121
  12.950   0.121
  13.050   0.122
  13.150   0.122
  13.250   0.123
  13.350   0.123
  13.450   0.124
  13.550   0.124
  13.650   0.124
  13.750   0.123
  13.850   0.122
  13.950   0.119
  14.050   0.116
  14.150   0.114
  14.250   0.111
  14.350   0.109
  14.450   0.106
  14.550   0.104
  14.650   0.103
  14.750   0.102
  14.850   0.102
  14.950   0.102
  15.050   0.103
  15.150   0.103
  15.250   0.104
  15.350   0.104
  15.450   0.105
  15.550   0.106
  15.650   0.108
  15.750   0.109
  15.850   0.110
  15.950   0.110
  16.050   0.111
  16.150   0.111
  16.250   0.110
  16.350   0.110
  16.450   0.109
  16.550   0.108
  16.650   0.107
  16.750   0.105
  16.850   0.104
  16.950   0.102
  17.050   0.101
  17.150   0.100
  17.250   0.098
  17.350   0.097
  17.450   0.096
  17.550   0.095
  17.650   0.094
  17.750   0.093
  17.850   0.092
  17.950   0.091
  18.050   0.091
  18.150   0.091
  18.250   0.091
  18.350   0.091
  18.450   0.091
  18.550   0.091
  18.650   0.091
  18.750   0.091
  18.850   0.090
  18.950   0.090
  19.050   0.089
  19.150   0.088
  19.250   0.087
  19.350   0.085
  19.450   0.084
  19.550   0.083
  19.650   0.081
  19.750   0.080
  19.850   0.079
  19.950   0.078
  20.050   0.077
  20.150   0.076
  20.250   0.075
  20.350   0.074
  20.450   0.074
  20.550   0.074
  20.650   0.074
  20.750   0.074
  20.850   0.074
  20.950   0.074
  21.050   0.073
  21.150   0.073
  21.250   0.073
  21.350   0.072
  21.450   0.071
  21.550   0.071
  21.650   0.070
  21.750   0.069
  21.850   0.068
  21.950   0.068
  22.050   0.067
  22.150   0.066
  22.250   0.066
  22.350   0.065
  22.450   0.064
  22.550   0.063
  22.650   0.063
  22.750   0.062
  22.850   0.061
  22.950   0.061
  23.050   0.060
  23.150   0.060
  23.250   0.059
  23.350   0.059
  23.450   0.059
  23.550   0.058
  23.650   0.058
  23.750   0.058
  23.850   0.058
  23.950   0.058
  24.050   0.058
  24.150   0.058
  24.250   0.057
  24.350   0.057
  24.450   0.057
  24.550   0.056
  24.650   0.056
  24.750   0.056
  24.850   0.055
  24.950   0.055
  25.050   0.055
  25.150   0.054
  25.250   0.054
  25.350   0.054
  25.450   0.053
  25.550   0.053
  25.650   0.053
  25.750   0.052
  25.850   0.052
  25.950   0.051
  26.050   0.051
  26.150   0.050
  26.250   0.050
  26.350   0.050
  26.450   0.049
  26.550   0.049
  26.650   0.049
  26.750   0.049
  26.850   0.049
  26.950   0.049
  27.050   0.049
  27.150   0.048
  27.250   0.048
  27.350   0.048
  27.450   0.048
  27.550   0.048
  27.650   0.048
  27.750   0.048
  27.850   0.048
  27.950   0.048
  28.050   0.047
  28.150   0.047
  28.250   0.047
  28.350   0.046
  28.450   0.046
  28.550   0.045
  28.650   0.045
  28.750   0.044
  28.850   0.044
  28.950   0.043
  29.050   0.043
  29.150   0.043
  29.250   0.042
  29.350   0.042
  29.450   0.042
  29.550   0.041
  29.650   0.041
  29.750   0.041
  29.850   0.040
  29.950   0.040
