   0.050   0.000
   0.150   0.000
   0.250   0.000
   0.350   0.000
   0.450   0.000
   0.550   0.000
   0.650   0.000
   0.750   0.000
   0.850   0.000
   0.950   0.000
   1.050   0.000
   1.150   0.000
   1.250   0.000
   1.350   0.000
   1.450   0.000
   1.550   0.000
   1.650   0.000
   1.750   0.000
   1.850   0.000
   1.950   0.000
   2.050   0.000
   2.150   0.000
   2.250   0.000
   2.350   0.000
   2.450   0.000
   2.550   0.000
   2.650   0.001
   2.750   0.012
   2.850   0.052
   2.950   0.138
   3.050   0.225
   3.150   0.284
   3.250   0.362
   3.350   0.465
   3.450   0.542
   3.550   0.540
   3.650   0.420
   3.750   0.210
   3.850   0.070
   3.950   0.022
   4.050   0.009
   4.150   0.007
   4.250   0.008
   4.350   0.012
   4.450   0.018
   4.550   0.028
   4.650   0.040
   4.750   0.053
   4.850   0.068
   4.950   0.082
   5.050   0.097
   5.150   0.112
   5.250   0.128
   5.350   0.144
   5.450   0.158
   5.550   0.170
   5.650   0.175
   5.750   0.174
   5.850   0.165
   5.950   0.150
   6.050   0.131
   6.150   0.111
   6.250   0.094
   6.350   0.080
   6.450   0.071
   6.550   0.067
   6.650   0.067
   6.750   0.068
   6.850   0.071
   6.950   0.075
   7.050   0.079
   7.150   0.084
   7.250   0.089
   7.350   0.096
   7.450   0.103
   7.550   0.110
   7.650   0.116
   7.750   0.120
   7.850   0.123
   7.950   0.124
   8.050   0.124
   8.150   0.122
   8.250   0.120
   8.350   0.118
   8.450   0.117
   8.550   0.115
   8.650   0.114
   8.750   0.112
   8.850   0.111
   8.950   0.111
   9.050   0.111
   9.150   0.111
   9.250   0.110
   9.350   0.109
   9.450   0.107
   9.550   0.106
   9.650   0.104
   9.750   0.103
   9.850   0.102
   9.950   0.101
  10.050   0.100
  10.150   0.099
  10.250   0.099
  10.350   0.099
  10.450   0.099
  10.550   0.099
  10.650   0.099
  10.750   0.098
  10.850   0.098
  10.950   0.097
  11.050   0.097
  11.150   0.096
  11.250   0.096
  11.350   0.095
  11.450   0.094
  11.550   0.093
  11.650   0.092
  11.750   0.091
  11.850   0.091
  11.950   0.090
  12.050   0.089
  12.150   0.088
  12.250   0.088
  12.350   0.087
  12.450   0.087
  12.550   0.087
  12.650   0.087
  12.750   0.087
  12.850   0.086
  12.950   0.085
  13.050   0.084
  13.150   0.083
  13.250   0.083
  13.350   0.082
  13.450   0.082
  13.550   0.082
  13.650   0.082
  13.750   0.082
  13.850   0.082
  13.950   0.081
  14.050   0.081
  14.150   0.081
  14.250   0.080
  14.350   0.080
  14.450   0.079
  14.550   0.079
  14.650   0.078
  14.750   0.078
  14.850   0.077
  14.950   0.077
  15.050   0.076
  15.150   0.076
  15.250   0.075
  15.350   0.074
  15.450   0.073
  15.550   0.073
  15.650   0.072
  15.750   0.072
  15.850   0.071
  15.950   0.071
  16.050   0.071
  16.150   0.071
  16.250   0.071
  16.350   0.071
  16.450   0.071
  16.550   0.071
  16.650   0.071
  16.750   0.071
  16.850   0.071
  16.950   0.071
  17.050   0.070
  17.150   0.070
  17.250   0.070
  17.350   0.069
  17.450   0.069
  17.550   0.069
  17.650   0.068
  17.750   0.068
  17.850   0.068
  17.950   0.067
  18.050   0.067
  18.150   0.066
  18.250   0.066
  18.350   0.065
  18.450   0.065
  18.550   0.065
  18.650   0.064
  18.750   0.064
  18.850   0.064
  18.950   0.064
  19.050   0.064
  19.150   0.063
  19.250   0.063
  19.350   0.063
  19.450   0.063
  19.550   0.062
  19.650   0.062
  19.750   0.062
  19.850   0.061
  19.950   0.061
  20.050   0.061
  20.150   0.060
  20.250   0.060
  20.350   0.059
  20.450   0.059
  20.550   0.058
  20.650   0.058
  20.750   0.057
  20.850   0.057
  20.950   0.056
  21.050   0.056
  21.150   0.056
  21.250   0.055
  21.350   0.055
  21.450   0.055
  21.550   0.054
  21.650   0.054
  21.750   0.054
  21.850   0.054
  21.950   0.054
  22.050   0.053
  22.150   0.053
  22.250   0.053
  22.350   0.053
  22.450   0.052
  22.550   0.052
  22.650   0.052
  22.750   0.051
  22.850   0.051
  22.950   0.051
  23.050   0.051
  23.150   0.050
  23.250   0.050
  23.350   0.050
  23.450   0.049
  23.550   0.049
  23.650   0.049
  23.750   0.048
  23.850   0.048
  23.950   0.048
  24.050   0.048
  24.150   0.048
  24.250   0.047
  24.350   0.047
  24.450   0.047
  24.550   0.047
  24.650   0.047
  24.750   0.046
  24.850   0.046
  24.950   0.046
  25.050   0.046
  25.150   0.045
  25.250   0.045
  25.350   0.045
  25.450   0.045
  25.550   0.045
  25.650   0.044
  25.750   0.044
  25.850   0.044
  25.950   0.044
  26.050   0.044
  26.150   0.043
  26.250   0.043
  26.350   0.043
  26.450   0.043
  26.550   0.043
  26.650   0.043
  26.750   0.043
  26.850   0.042
  26.950   0.042
  27.050   0.042
  27.150   0.042
  27.250   0.042
  27.350   0.042
  27.450   0.041
  27.550   0.041
  27.650   0.041
  27.750   0.041
  27.850   0.041
  27.950   0.040
  28.050   0.040
  28.150   0.040
  28.250   0.040
  28.350   0.040
  28.450   0.039
  28.550   0.039
  28.650   0.039
  28.750   0.039
  28.850   0.038
  28.950   0.038
  29.050   0.038
  29.150   0.038
  29.250   0.038
  29.350   0.038
  29.450   0.037
  29.550   0.037
  29.650   0.037
  29.750   0.037
  29.850   0.037
  29.950   0.037
