   0.050   0.000
   0.150   0.000
   0.250   0.000
   0.350   0.000
   0.450   0.000
   0.550   0.000
   0.650   0.000
   0.750   0.000
   0.850   0.000
   0.950   0.000
   1.050   0.000
   1.150   0.000
   1.250   0.000
   1.350   0.000
   1.450   0.000
   1.550   0.000
   1.650   0.000
   1.750   0.000
   1.850   0.000
   1.950   0.000
   2.050   0.001
   2.150   0.167
   2.250   1.173
   2.350   1.891
   2.450   1.416
   2.550   0.761
   2.650   0.375
   2.750   0.194
   2.850   0.110
   2.950   0.071
   3.050   0.052
   3.150   0.043
   3.250   0.040
   3.350   0.041
   3.450   0.045
   3.550   0.053
   3.650   0.066
   3.750   0.085
   3.850   0.108
   3.950   0.136
   4.050   0.166
   4.150   0.193
   4.250   0.215
   4.350   0.227
   4.450   0.229
   4.550   0.224
   4.650   0.215
   4.750   0.204
   4.850   0.190
   4.950   0.173
   5.050   0.156
   5.150   0.140
   5.250   0.126
   5.350   0.115
   5.450   0.106
   5.550   0.099
   5.650   0.093
   5.750   0.088
   5.850   0.084
   5.950   0.081
   6.050   0.079
   6.150   0.077
   6.250   0.077
   6.350   0.077
   6.450   0.078
   6.550   0.079
   6.650   0.080
   6.750   0.082
   6.850   0.083
   6.950   0.084
   7.050   0.085
   7.150   0.086
   7.250   0.087
   7.350   0.088
   7.450   0.089
   7.550   0.090
   7.650   0.091
   7.750   0.092
   7.850   0.093
   7.950   0.095
   8.050   0.097
   8.150   0.100
   8.250   0.103
   8.350   0.106
   8.450   0.108
   8.550   0.110
   8.650   0.111
   8.750   0.111
   8.850   0.111
   8.950   0.110
   9.050   0.110
   9.150   0.110
   9.250   0.110
   9.350   0.110
   9.450   0.110
   9.550   0.109
   9.650   0.108
   9.750   0.107
   9.850   0.105
   9.950   0.104
  10.050   0.102
  10.150   0.101
  10.250   0.099
  10.350   0.098
  10.450   0.098
  10.550   0.097
  10.650   0.098
  10.750   0.098
  10.850   0.099
  10.950   0.100
  11.050   0.101
  11.150   0.102
  11.250   0.104
  11.350   0.104
  11.450   0.104
  11.550   0.104
  11.650   0.104
  11.750   0.103
  11.850   0.103
  11.950   0.103
  12.050   0.103
  12.150   0.102
  12.250   0.102
  12.350   0.102
  12.450   0.101
  12.550   0.101
  12.650   0.101
  12.750   0.101
  12.850   0.101
  12.950   0.101
  13.050   0.100
  13.150   0.100
  13.250   0.098
  13.350   0.097
  13.450   0.095
  13.550   0.094
  13.650   0.093
  13.750   0.093
  13.850   0.092
  13.950   0.092
  14.050   0.091
  14.150   0.090
  14.250   0.090
  14.350   0.089
  14.450   0.089
  14.550   0.088
  14.650   0.087
  14.750   0.086
  14.850   0.085
  14.950   0.084
  15.050   0.083
  15.150   0.082
  15.250   0.081
  15.350   0.081
  15.450   0.080
  15.550   0.079
  15.650   0.079
  15.750   0.078
  15.850   0.078
  15.950   0.077
  16.050   0.076
  16.150   0.076
  16.250   0.075
  16.350   0.074
  16.450   0.073
  16.550   0.073
  16.650   0.072
  16.750   0.072
  16.850   0.072
  16.950   0.071
  17.050   0.071
  17.150   0.071
  17.250   0.071
  17.350   0.071
  17.450   0.071
  17.550   0.071
  17.650   0.070
  17.750   0.070
  17.850   0.070
  17.950   0.070
  18.050   0.069
  18.150   0.069
  18.250   0.068
  18.350   0.068
  18.450   0.067
  18.550   0.067
  18.650   0.067
  18.750   0.067
  18.850   0.066
  18.950   0.066
  19.050   0.065
  19.150   0.065
  19.250   0.065
  19.350   0.064
  19.450   0.064
  19.550   0.064
  19.650   0.063
  19.750   0.063
  19.850   0.063
  19.950   0.062
  20.050   0.062
  20.150   0.061
  20.250   0.061
  20.350   0.060
  20.450   0.060
  20.550   0.060
  20.650   0.059
  20.750   0.058
  20.850   0.058
  20.950   0.058
  21.050   0.057
  21.150   0.057
  21.250   0.056
  21.350   0.056
  21.450   0.056
  21.550   0.055
  21.650   0.055
  21.750   0.054
  21.850   0.054
  21.950   0.054
  22.050   0.053
  22.150   0.053
  22.250   0.053
  22.350   0.052
  22.450   0.052
  22.550   0.052
  22.650   0.051
  22.750   0.051
  22.850   0.051
  22.950   0.050
  23.050   0.050
  23.150   0.050
  23.250   0.049
  23.350   0.049
  23.450   0.049
  23.550   0.049
  23.650   0.048
  23.750   0.048
  23.850   0.048
  23.950   0.047
  24.050   0.047
  24.150   0.047
  24.250   0.047
  24.350   0.046
  24.450   0.046
  24.550   0.046
  24.650   0.046
  24.750   0.046
  24.850   0.045
  24.950   0.045
  25.050   0.045
  25.150   0.045
  25.250   0.045
  25.350   0.044
  25.450   0.044
  25.550   0.044
  25.650   0.044
  25.750   0.044
  25.850   0.043
  25.950   0.043
  26.050   0.043
  26.150   0.042
  26.250   0.042
  26.350   0.042
  26.450   0.042
  26.550   0.041
  26.650   0.041
  26.750   0.041
  26.850   0.041
  26.950   0.040
  27.050   0.040
  27.150   0.040
  27.250   0.040
  27.350   0.040
  27.450   0.039
  27.550   0.039
  27.650   0.039
  27.750   0.039
  27.850   0.039
  27.950   0.039
  28.050   0.038
  28.150   0.038
  28.250   0.038
  28.350   0.038
  28.450   0.038
  28.550   0.038
  28.650   0.037
  28.750   0.037
  28.850   0.037
  28.950   0.037
  29.050   0.037
  29.150   0.037
  29.250   0.037
  29.350   0.037
  29.450   0.036
  29.550   0.036
  29.650   0.036
  29.750   0.036
  29.850   0.036
  29.950   0.036
