   0.050   0.000
   0.150   0.000
   0.250   0.000
   0.350   0.000
   0.450   0.000
   0.550   0.000
   0.650   0.000
   0.750   0.000
   0.850   0.000
   0.950   0.000
   1.050   0.000
   1.150   0.000
   1.250   0.000
   1.350   0.000
   1.450   0.000
   1.550   0.000
   1.650   0.000
   1.750   0.000
   1.850   0.000
   1.950   0.000
   2.050   0.001
   2.150   0.134
   2.250   0.909
   2.350   1.351
   2.450   0.917
   2.550   0.447
   2.650   0.200
   2.750   0.096
   2.850   0.051
   2.950   0.030
   3.050   0.022
   3.150   0.017
   3.250   0.016
   3.350   0.016
   3.450   0.018
   3.550   0.023
   3.650   0.030
   3.750   0.041
   3.850   0.056
   3.950   0.074
   4.050   0.095
   4.150   0.119
   4.250   0.140
   4.350   0.158
   4.450   0.172
   4.550   0.179
   4.650   0.179
   4.750   0.174
   4.850   0.164
   4.950   0.155
   5.050   0.145
   5.150   0.138
   5.250   0.132
   5.350   0.128
   5.450   0.126
   5.550   0.125
   5.650   0.125
   5.750   0.125
   5.850   0.124
   5.950   0.123
   6.050   0.121
   6.150   0.121
   6.250   0.121
   6.350   0.121
   6.450   0.122
   6.550   0.120
   6.650   0.115
   6.750   0.107
   6.850   0.099
   6.950   0.093
   7.050   0.090
   7.150   0.089
   7.250   0.089
   7.350   0.090
   7.450   0.091
   7.550   0.091
   7.650   0.092
   7.750   0.092
   7.850   0.092
   7.950   0.092
   8.050   0.092
   8.150   0.091
   8.250   0.092
   8.350   0.092
   8.450   0.092
   8.550   0.092
   8.650   0.092
   8.750   0.092
   8.850   0.092
   8.950   0.093
   9.050   0.094
   9.150   0.093
   9.250   0.093
   9.350   0.093
   9.450   0.092
   9.550   0.092
   9.650   0.092
   9.750   0.093
   9.850   0.093
   9.950   0.094
  10.050   0.096
  10.150   0.097
  10.250   0.099
  10.350   0.101
  10.450   0.102
  10.550   0.104
  10.650   0.105
  10.750   0.106
  10.850   0.106
  10.950   0.106
  11.050   0.105
  11.150   0.105
  11.250   0.105
  11.350   0.105
  11.450   0.105
  11.550   0.105
  11.650   0.104
  11.750   0.104
  11.850   0.103
  11.950   0.103
  12.050   0.102
  12.150   0.101
  12.250   0.101
  12.350   0.099
  12.450   0.098
  12.550   0.096
  12.650   0.095
  12.750   0.094
  12.850   0.093
  12.950   0.093
  13.050   0.092
  13.150   0.092
  13.250   0.091
  13.350   0.090
  13.450   0.090
  13.550   0.089
  13.650   0.088
  13.750   0.087
  13.850   0.086
  13.950   0.086
  14.050   0.085
  14.150   0.085
  14.250   0.085
  14.350   0.084
  14.450   0.084
  14.550   0.084
  14.650   0.084
  14.750   0.083
  14.850   0.083
  14.950   0.082
  15.050   0.082
  15.150   0.081
  15.250   0.081
  15.350   0.080
  15.450   0.080
  15.550   0.079
  15.650   0.078
  15.750   0.078
  15.850   0.077
  15.950   0.077
  16.050   0.077
  16.150   0.076
  16.250   0.076
  16.350   0.075
  16.450   0.075
  16.550   0.074
  16.650   0.074
  16.750   0.073
  16.850   0.073
  16.950   0.072
  17.050   0.071
  17.150   0.071
  17.250   0.070
  17.350   0.070
  17.450   0.069
  17.550   0.069
  17.650   0.068
  17.750   0.068
  17.850   0.068
  17.950   0.067
  18.050   0.067
  18.150   0.066
  18.250   0.066
  18.350   0.065
  18.450   0.065
  18.550   0.064
  18.650   0.064
  18.750   0.064
  18.850   0.063
  18.950   0.063
  19.050   0.062
  19.150   0.062
  19.250   0.062
  19.350   0.061
  19.450   0.061
  19.550   0.061
  19.650   0.061
  19.750   0.061
  19.850   0.061
  19.950   0.060
  20.050   0.060
  20.150   0.060
  20.250   0.060
  20.350   0.059
  20.450   0.059
  20.550   0.058
  20.650   0.058
  20.750   0.058
  20.850   0.058
  20.950   0.057
  21.050   0.057
  21.150   0.057
  21.250   0.057
  21.350   0.057
  21.450   0.056
  21.550   0.056
  21.650   0.056
  21.750   0.055
  21.850   0.055
  21.950   0.055
  22.050   0.054
  22.150   0.054
  22.250   0.054
  22.350   0.053
  22.450   0.053
  22.550   0.052
  22.650   0.052
  22.750   0.052
  22.850   0.051
  22.950   0.051
  23.050   0.051
  23.150   0.050
  23.250   0.050
  23.350   0.050
  23.450   0.049
  23.550   0.049
  23.650   0.049
  23.750   0.048
  23.850   0.048
  23.950   0.048
  24.050   0.048
  24.150   0.047
  24.250   0.047
  24.350   0.047
  24.450   0.047
  24.550   0.046
  24.650   0.046
  24.750   0.046
  24.850   0.046
  24.950   0.045
  25.050   0.045
  25.150   0.045
  25.250   0.045
  25.350   0.044
  25.450   0.044
  25.550   0.044
  25.650   0.044
  25.750   0.043
  25.850   0.043
  25.950   0.043
  26.050   0.043
  26.150   0.042
  26.250   0.042
  26.350   0.042
  26.450   0.042
  26.550   0.042
  26.650   0.041
  26.750   0.041
  26.850   0.041
  26.950   0.041
  27.050   0.040
  27.150   0.040
  27.250   0.040
  27.350   0.040
  27.450   0.040
  27.550   0.040
  27.650   0.039
  27.750   0.039
  27.850   0.039
  27.950   0.039
  28.050   0.039
  28.150   0.039
  28.250   0.039
  28.350   0.038
  28.450   0.038
  28.550   0.038
  28.650   0.038
  28.750   0.038
  28.850   0.038
  28.950   0.038
  29.050   0.037
  29.150   0.037
  29.250   0.037
  29.350   0.037
  29.450   0.037
  29.550   0.037
  29.650   0.036
  29.750   0.036
  29.850   0.036
  29.950   0.036
