   0.050   0.000
   0.150   0.000
   0.250   0.000
   0.350   0.000
   0.450   0.000
   0.550   0.000
   0.650   0.000
   0.750   0.000
   0.850   0.000
   0.950   0.000
   1.050   0.000
   1.150   0.000
   1.250   0.000
   1.350   0.000
   1.450   0.000
   1.550   0.000
   1.650   0.000
   1.750   0.000
   1.850   0.000
   1.950   0.000
   2.050   0.000
   2.150   0.000
   2.250   0.037
   2.350   0.337
   2.450   0.735
   2.550   0.721
   2.650   0.483
   2.750   0.272
   2.850   0.149
   2.950   0.083
   3.050   0.050
   3.150   0.033
   3.250   0.025
   3.350   0.023
   3.450   0.025
   3.550   0.033
   3.650   0.046
   3.750   0.065
   3.850   0.086
   3.950   0.107
   4.050   0.125
   4.150   0.140
   4.250   0.153
   4.350   0.164
   4.450   0.173
   4.550   0.179
   4.650   0.183
   4.750   0.184
   4.850   0.184
   4.950   0.183
   5.050   0.179
   5.150   0.174
   5.250   0.168
   5.350   0.157
   5.450   0.143
   5.550   0.125
   5.650   0.109
   5.750   0.098
   5.850   0.093
   5.950   0.091
   6.050   0.091
   6.150   0.091
   6.250   0.091
   6.350   0.092
   6.450   0.093
   6.550   0.095
   6.650   0.097
   6.750   0.100
   6.850   0.104
   6.950   0.109
   7.050   0.113
   7.150   0.118
   7.250   0.121
   7.350   0.124
   7.450   0.126
   7.550   0.127
   7.650   0.128
   7.750   0.128
   7.850   0.126
   7.950   0.124
   8.050   0.122
   8.150   0.120
   8.250   0.119
   8.350   0.118
   8.450   0.117
   8.550   0.117
   8.650   0.117
   8.750   0.118
   8.850   0.119
   8.950   0.120
   9.050   0.119
   9.150   0.118
   9.250   0.117
   9.350   0.115
   9.450   0.114
   9.550   0.113
   9.650   0.113
   9.750   0.113
   9.850   0.114
   9.950   0.114
  10.050   0.114
  10.150   0.113
  10.250   0.111
  10.350   0.109
  10.450   0.106
  10.550   0.103
  10.650   0.101
  10.750   0.100
  10.850   0.100
  10.950   0.100
  11.050   0.100
  11.150   0.100
  11.250   0.100
  11.350   0.100
  11.450   0.099
  11.550   0.099
  11.650   0.098
  11.750   0.097
  11.850   0.096
  11.950   0.095
  12.050   0.094
  12.150   0.093
  12.250   0.092
  12.350   0.091
  12.450   0.090
  12.550   0.090
  12.650   0.090
  12.750   0.091
  12.850   0.091
  12.950   0.091
  13.050   0.091
  13.150   0.091
  13.250   0.090
  13.350   0.089
  13.450   0.088
  13.550   0.087
  13.650   0.086
  13.750   0.086
  13.850   0.085
  13.950   0.084
  14.050   0.084
  14.150   0.083
  14.250   0.082
  14.350   0.081
  14.450   0.081
  14.550   0.080
  14.650   0.080
  14.750   0.080
  14.850   0.080
  14.950   0.079
  15.050   0.079
  15.150   0.079
  15.250   0.079
  15.350   0.079
  15.450   0.080
  15.550   0.080
  15.650   0.080
  15.750   0.080
  15.850   0.080
  15.950   0.080
  16.050   0.080
  16.150   0.079
  16.250   0.079
  16.350   0.078
  16.450   0.077
  16.550   0.077
  16.650   0.076
  16.750   0.075
  16.850   0.074
  16.950   0.074
  17.050   0.073
  17.150   0.072
  17.250   0.072
  17.350   0.071
  17.450   0.071
  17.550   0.070
  17.650   0.070
  17.750   0.069
  17.850   0.069
  17.950   0.069
  18.050   0.069
  18.150   0.069
  18.250   0.069
  18.350   0.068
  18.450   0.068
  18.550   0.068
  18.650   0.068
  18.750   0.067
  18.850   0.067
  18.950   0.066
  19.050   0.066
  19.150   0.065
  19.250   0.064
  19.350   0.063
  19.450   0.063
  19.550   0.062
  19.650   0.061
  19.750   0.061
  19.850   0.060
  19.950   0.060
  20.050   0.059
  20.150   0.059
  20.250   0.059
  20.350   0.059
  20.450   0.058
  20.550   0.058
  20.650   0.058
  20.750   0.058
  20.850   0.057
  20.950   0.057
  21.050   0.057
  21.150   0.057
  21.250   0.056
  21.350   0.056
  21.450   0.056
  21.550   0.055
  21.650   0.055
  21.750   0.055
  21.850   0.054
  21.950   0.054
  22.050   0.053
  22.150   0.053
  22.250   0.053
  22.350   0.052
  22.450   0.052
  22.550   0.052
  22.650   0.052
  22.750   0.051
  22.850   0.051
  22.950   0.051
  23.050   0.051
  23.150   0.050
  23.250   0.050
  23.350   0.050
  23.450   0.050
  23.550   0.049
  23.650   0.049
  23.750   0.049
  23.850   0.048
  23.950   0.048
  24.050   0.048
  24.150   0.048
  24.250   0.047
  24.350   0.047
  24.450   0.047
  24.550   0.047
  24.650   0.046
  24.750   0.046
  24.850   0.046
  24.950   0.046
  25.050   0.045
  25.150   0.045
  25.250   0.045
  25.350   0.044
  25.450   0.044
  25.550   0.044
  25.650   0.044
  25.750   0.043
  25.850   0.043
  25.950   0.043
  26.050   0.043
  26.150   0.042
  26.250   0.042
  26.350   0.042
  26.450   0.042
  26.550   0.042
  26.650   0.041
  26.750   0.041
  26.850   0.041
  26.950   0.041
  27.050   0.040
  27.150   0.040
  27.250   0.040
  27.350   0.040
  27.450   0.040
  27.550   0.039
  27.650   0.039
  27.750   0.039
  27.850   0.039
  27.950   0.039
  28.050   0.039
  28.150   0.038
  28.250   0.038
  28.350   0.038
  28.450   0.038
  28.550   0.038
  28.650   0.038
  28.750   0.037
  28.850   0.037
  28.950   0.037
  29.050   0.037
  29.150   0.037
  29.250   0.037
  29.350   0.037
  29.450   0.036
  29.550   0.036
  29.650   0.036
  29.750   0.036
  29.850   0.036
  29.950   0.036
