   0.050   0.000
   0.150   0.000
   0.250   0.000
   0.350   0.000
   0.450   0.000
   0.550   0.000
   0.650   0.000
   0.750   0.000
   0.850   0.000
   0.950   0.000
   1.050   0.000
   1.150   0.000
   1.250   0.000
   1.350   0.000
   1.450   0.000
   1.550   0.000
   1.650   0.000
   1.750   0.000
   1.850   0.000
   1.950   0.000
   2.050   0.001
   2.150   0.107
   2.250   0.785
   2.350   1.202
   2.450   0.797
   2.550   0.364
   2.650   0.149
   2.750   0.063
   2.850   0.030
   2.950   0.016
   3.050   0.010
   3.150   0.008
   3.250   0.007
   3.350   0.007
   3.450   0.008
   3.550   0.010
   3.650   0.013
   3.750   0.018
   3.850   0.026
   3.950   0.036
   4.050   0.048
   4.150   0.061
   4.250   0.074
   4.350   0.087
   4.450   0.097
   4.550   0.104
   4.650   0.108
   4.750   0.110
   4.850   0.111
   4.950   0.110
   5.050   0.109
   5.150   0.109
   5.250   0.108
   5.350   0.108
   5.450   0.107
   5.550   0.106
   5.650   0.104
   5.750   0.101
   5.850   0.098
   5.950   0.096
   6.050   0.095
   6.150   0.097
   6.250   0.101
   6.350   0.107
   6.450   0.114
   6.550   0.122
   6.650   0.127
   6.750   0.125
   6.850   0.114
   6.950   0.103
   7.050   0.097
   7.150   0.094
   7.250   0.094
   7.350   0.094
   7.450   0.096
   7.550   0.099
   7.650   0.101
   7.750   0.104
   7.850   0.106
   7.950   0.108
   8.050   0.111
   8.150   0.114
   8.250   0.117
   8.350   0.120
   8.450   0.122
   8.550   0.122
   8.650   0.122
   8.750   0.121
   8.850   0.119
   8.950   0.118
   9.050   0.116
   9.150   0.116
   9.250   0.115
   9.350   0.115
   9.450   0.115
   9.550   0.115
   9.650   0.115
   9.750   0.116
   9.850   0.116
   9.950   0.116
  10.050   0.116
  10.150   0.115
  10.250   0.115
  10.350   0.114
  10.450   0.113
  10.550   0.113
  10.650   0.112
  10.750   0.111
  10.850   0.109
  10.950   0.107
  11.050   0.105
  11.150   0.103
  11.250   0.101
  11.350   0.100
  11.450   0.100
  11.550   0.099
  11.650   0.099
  11.750   0.099
  11.850   0.098
  11.950   0.098
  12.050   0.097
  12.150   0.097
  12.250   0.096
  12.350   0.095
  12.450   0.094
  12.550   0.093
  12.650   0.093
  12.750   0.092
  12.850   0.092
  12.950   0.092
  13.050   0.091
  13.150   0.092
  13.250   0.092
  13.350   0.091
  13.450   0.091
  13.550   0.091
  13.650   0.090
  13.750   0.090
  13.850   0.089
  13.950   0.088
  14.050   0.088
  14.150   0.087
  14.250   0.086
  14.350   0.086
  14.450   0.086
  14.550   0.085
  14.650   0.084
  14.750   0.084
  14.850   0.083
  14.950   0.082
  15.050   0.081
  15.150   0.080
  15.250   0.079
  15.350   0.078
  15.450   0.078
  15.550   0.077
  15.650   0.076
  15.750   0.076
  15.850   0.075
  15.950   0.075
  16.050   0.075
  16.150   0.074
  16.250   0.074
  16.350   0.073
  16.450   0.073
  16.550   0.072
  16.650   0.072
  16.750   0.071
  16.850   0.071
  16.950   0.071
  17.050   0.070
  17.150   0.070
  17.250   0.070
  17.350   0.069
  17.450   0.069
  17.550   0.069
  17.650   0.069
  17.750   0.069
  17.850   0.069
  17.950   0.069
  18.050   0.068
  18.150   0.068
  18.250   0.068
  18.350   0.068
  18.450   0.067
  18.550   0.067
  18.650   0.067
  18.750   0.067
  18.850   0.066
  18.950   0.066
  19.050   0.066
  19.150   0.066
  19.250   0.065
  19.350   0.065
  19.450   0.064
  19.550   0.064
  19.650   0.063
  19.750   0.063
  19.850   0.062
  19.950   0.062
  20.050   0.062
  20.150   0.062
  20.250   0.061
  20.350   0.061
  20.450   0.061
  20.550   0.060
  20.650   0.060
  20.750   0.059
  20.850   0.059
  20.950   0.058
  21.050   0.057
  21.150   0.057
  21.250   0.056
  21.350   0.056
  21.450   0.056
  21.550   0.055
  21.650   0.055
  21.750   0.054
  21.850   0.054
  21.950   0.054
  22.050   0.053
  22.150   0.053
  22.250   0.053
  22.350   0.053
  22.450   0.052
  22.550   0.052
  22.650   0.052
  22.750   0.052
  22.850   0.051
  22.950   0.051
  23.050   0.051
  23.150   0.050
  23.250   0.050
  23.350   0.050
  23.450   0.049
  23.550   0.049
  23.650   0.049
  23.750   0.048
  23.850   0.048
  23.950   0.048
  24.050   0.047
  24.150   0.047
  24.250   0.047
  24.350   0.047
  24.450   0.046
  24.550   0.046
  24.650   0.046
  24.750   0.046
  24.850   0.045
  24.950   0.045
  25.050   0.045
  25.150   0.045
  25.250   0.044
  25.350   0.044
  25.450   0.044
  25.550   0.044
  25.650   0.044
  25.750   0.043
  25.850   0.043
  25.950   0.043
  26.050   0.043
  26.150   0.043
  26.250   0.042
  26.350   0.042
  26.450   0.042
  26.550   0.042
  26.650   0.042
  26.750   0.041
  26.850   0.041
  26.950   0.041
  27.050   0.041
  27.150   0.041
  27.250   0.041
  27.350   0.040
  27.450   0.040
  27.550   0.040
  27.650   0.040
  27.750   0.040
  27.850   0.039
  27.950   0.039
  28.050   0.039
  28.150   0.039
  28.250   0.039
  28.350   0.039
  28.450   0.038
  28.550   0.038
  28.650   0.038
  28.750   0.038
  28.850   0.038
  28.950   0.038
  29.050   0.038
  29.150   0.038
  29.250   0.037
  29.350   0.037
  29.450   0.037
  29.550   0.037
  29.650   0.037
  29.750   0.037
  29.850   0.037
  29.950   0.037
