 0.05000 0.00000
 0.15000 0.00000
 0.25000 0.00000
 0.35000 0.00000
 0.45000 0.00000
 0.55000 0.00000
 0.65000 0.00000
 0.75000 0.00000
 0.85000 0.00000
 0.95000 0.00000
 1.05000 0.00000
 1.15000 0.00000
 1.25000 0.00000
 1.35000 0.00000
 1.45000 0.00000
 1.55000 0.00000
 1.65000 0.00000
 1.75000 0.00000
 1.85000 0.00000
 1.95000 0.00000
 2.05000 0.00000
 2.15000 0.00000
 2.25000 0.00000
 2.35000 0.00000
 2.45000 0.00000
 2.55000 0.00000
 2.65000 0.00000
 2.75000 0.00000
 2.85000 0.00000
 2.95000 0.00002
 3.05000 0.00029
 3.15000 0.00210
 3.25000 0.00792
 3.35000 0.01879
 3.45000 0.03154
 3.55000 0.04093
 3.65000 0.04503
 3.75000 0.04570
 3.85000 0.04445
 3.95000 0.03975
 4.05000 0.03094
 4.15000 0.02147
 4.25000 0.01491
 4.35000 0.01170
 4.45000 0.01065
 4.55000 0.01074
 4.65000 0.01137
 4.75000 0.01226
 4.85000 0.01333
 4.95000 0.01449
 5.05000 0.01571
 5.15000 0.01695
 5.25000 0.01837
 5.35000 0.01998
 5.45000 0.02069
 5.55000 0.02063
 5.65000 0.02092
 5.75000 0.02138
 5.85000 0.02183
 5.95000 0.02227
 6.05000 0.02268
 6.15000 0.02287
 6.25000 0.02274
 6.35000 0.02233
 6.45000 0.02182
 6.55000 0.02135
 6.65000 0.02099
 6.75000 0.02072
 6.85000 0.02059
 6.95000 0.02062
 7.05000 0.02082
 7.15000 0.02112
 7.25000 0.02145
 7.35000 0.02175
 7.45000 0.02197
 7.55000 0.02215
 7.65000 0.02229
 7.75000 0.02242
 7.85000 0.02254
 7.95000 0.02268
 8.05000 0.02281
 8.15000 0.02295
 8.25000 0.02308
 8.35000 0.02319
 8.45000 0.02329
 8.55000 0.02336
 8.65000 0.02341
 8.75000 0.02344
 8.85000 0.02346
 8.95000 0.02347
 9.05000 0.02347
 9.15000 0.02346
 9.25000 0.02345
 9.35000 0.02344
 9.45000 0.02343
 9.55000 0.02345
 9.65000 0.02348
 9.75000 0.02352
 9.85000 0.02356
 9.95000 0.02360
10.05000 0.02366
10.15000 0.02373
10.25000 0.02381
10.35000 0.02390
10.45000 0.02399
10.55000 0.02409
10.65000 0.02417
10.75000 0.02425
10.85000 0.02432
10.95000 0.02438
11.05000 0.02444
11.15000 0.02449
11.25000 0.02455
11.35000 0.02461
11.45000 0.02466
11.55000 0.02471
11.65000 0.02476
11.75000 0.02480
11.85000 0.02485
11.95000 0.02490
12.05000 0.02494
12.15000 0.02498
12.25000 0.02502
12.35000 0.02507
12.45000 0.02511
12.55000 0.02516
12.65000 0.02521
12.75000 0.02524
12.85000 0.02527
12.95000 0.02530
13.05000 0.02532
13.15000 0.02535
13.25000 0.02538
13.35000 0.02543
13.45000 0.02548
13.55000 0.02553
13.65000 0.02558
13.75000 0.02565
13.85000 0.02571
13.95000 0.02578
14.05000 0.02585
14.15000 0.02592
14.25000 0.02599
14.35000 0.02607
14.45000 0.02614
14.55000 0.02621
14.65000 0.02628
14.75000 0.02634
14.85000 0.02640
14.95000 0.02646
15.05000 0.02652
15.15000 0.02658
15.25000 0.02663
15.35000 0.02668
15.45000 0.02673
15.55000 0.02678
15.65000 0.02684
15.75000 0.02687
15.85000 0.02692
15.95000 0.02696
16.05000 0.02700
16.15000 0.02704
16.25000 0.02708
16.35000 0.02712
16.45000 0.02716
16.55000 0.02720
16.65000 0.02724
16.75000 0.02728
16.85000 0.02732
16.95000 0.02736
17.05000 0.02740
17.15000 0.02745
17.25000 0.02750
17.35000 0.02754
17.45000 0.02759
17.55000 0.02764
17.65000 0.02769
17.75000 0.02774
17.85000 0.02779
17.95000 0.02783
18.05000 0.02787
18.15000 0.02791
18.25000 0.02795
18.35000 0.02799
18.45000 0.02802
18.55000 0.02805
18.65000 0.02807
18.75000 0.02810
18.85000 0.02812
18.95000 0.02814
19.05000 0.02817
19.15000 0.02819
19.25000 0.02822
19.35000 0.02824
19.45000 0.02826
19.55000 0.02829
19.65000 0.02832
19.75000 0.02835
19.85000 0.02839
19.95000 0.02842
20.05000 0.02846
20.15000 0.02849
20.25000 0.02853
20.35000 0.02857
20.45000 0.02861
20.55000 0.02864
20.65000 0.02868
20.75000 0.02871
20.85000 0.02875
20.95000 0.02878
21.05000 0.02881
21.15000 0.02884
21.25000 0.02887
21.35000 0.02889
21.45000 0.02892
21.55000 0.02894
21.65000 0.02896
21.75000 0.02899
21.85000 0.02901
21.95000 0.02904
22.05000 0.02906
22.15000 0.02909
22.25000 0.02911
22.35000 0.02914
22.45000 0.02916
22.55000 0.02919
22.65000 0.02922
22.75000 0.02925
22.85000 0.02927
22.95000 0.02930
23.05000 0.02933
23.15000 0.02935
23.25000 0.02938
23.35000 0.02941
23.45000 0.02943
23.55000 0.02946
23.65000 0.02949
23.75000 0.02951
23.85000 0.02953
23.95000 0.02956
24.05000 0.02959
24.15000 0.02961
24.25000 0.02964
24.35000 0.02966
24.45000 0.02968
24.55000 0.02971
24.65000 0.02973
24.75000 0.02976
24.85000 0.02978
24.95000 0.02981
25.05000 0.02983
25.15000 0.02986
25.25000 0.02988
25.35000 0.02990
25.45000 0.02992
25.55000 0.02995
25.65000 0.02997
25.75000 0.02999
25.85000 0.03001
25.95000 0.03004
26.05000 0.03006
26.15000 0.03008
26.25000 0.03011
26.35000 0.03013
26.45000 0.03015
26.55000 0.03018
26.65000 0.03020
26.75000 0.03022
26.85000 0.03024
26.95000 0.03027
27.05000 0.03029
27.15000 0.03032
27.25000 0.03034
27.35000 0.03036
27.45000 0.03039
27.55000 0.03041
27.65000 0.03043
27.75000 0.03045
27.85000 0.03048
27.95000 0.03050
28.05000 0.03052
28.15000 0.03054
28.25000 0.03056
28.35000 0.03058
28.45000 0.03061
28.55000 0.03062
28.65000 0.03064
28.75000 0.03066
28.85000 0.03068
28.95000 0.03069
29.05000 0.03071
29.15000 0.03073
29.25000 0.03074
29.35000 0.03076
29.45000 0.03078
29.55000 0.03079
29.65000 0.03081
29.75000 0.03082
29.85000 0.03084
29.95000 0.03085
