 0.05000 0.00000
 0.15000 0.00000
 0.25000 0.00000
 0.35000 0.00000
 0.45000 0.00000
 0.55000 0.00000
 0.65000 0.00000
 0.75000 0.00000
 0.85000 0.00000
 0.95000 0.00000
 1.05000 0.00000
 1.15000 0.00000
 1.25000 0.00000
 1.35000 0.00000
 1.45000 0.00000
 1.55000 0.00000
 1.65000 0.00000
 1.75000 0.00000
 1.85000 0.00000
 1.95000 0.00000
 2.05000 0.00000
 2.15000 0.00000
 2.25000 0.00000
 2.35000 0.00000
 2.45000 0.00000
 2.55000 0.00010
 2.65000 0.00172
 2.75000 0.00660
 2.85000 0.01078
 2.95000 0.01122
 3.05000 0.00978
 3.15000 0.00843
 3.25000 0.00775
 3.35000 0.00757
 3.45000 0.00769
 3.55000 0.00789
 3.65000 0.00806
 3.75000 0.00814
 3.85000 0.00812
 3.95000 0.00801
 4.05000 0.00786
 4.15000 0.00770
 4.25000 0.00763
 4.35000 0.00769
 4.45000 0.00798
 4.55000 0.00887
 4.65000 0.01072
 4.75000 0.01266
 4.85000 0.01367
 4.95000 0.01404
 5.05000 0.01401
 5.15000 0.01370
 5.25000 0.01337
 5.35000 0.01325
 5.45000 0.01337
 5.55000 0.01369
 5.65000 0.01417
 5.75000 0.01484
 5.85000 0.01567
 5.95000 0.01654
 6.05000 0.01728
 6.15000 0.01781
 6.25000 0.01812
 6.35000 0.01822
 6.45000 0.01819
 6.55000 0.01820
 6.65000 0.01821
 6.75000 0.01807
 6.85000 0.01781
 6.95000 0.01763
 7.05000 0.01758
 7.15000 0.01764
 7.25000 0.01776
 7.35000 0.01794
 7.45000 0.01813
 7.55000 0.01833
 7.65000 0.01855
 7.75000 0.01878
 7.85000 0.01904
 7.95000 0.01932
 8.05000 0.01962
 8.15000 0.01993
 8.25000 0.02027
 8.35000 0.02060
 8.45000 0.02092
 8.55000 0.02120
 8.65000 0.02145
 8.75000 0.02164
 8.85000 0.02180
 8.95000 0.02194
 9.05000 0.02206
 9.15000 0.02217
 9.25000 0.02228
 9.35000 0.02240
 9.45000 0.02252
 9.55000 0.02264
 9.65000 0.02275
 9.75000 0.02287
 9.85000 0.02299
 9.95000 0.02310
10.05000 0.02320
10.15000 0.02330
10.25000 0.02340
10.35000 0.02350
10.45000 0.02360
10.55000 0.02370
10.65000 0.02381
10.75000 0.02390
10.85000 0.02400
10.95000 0.02409
11.05000 0.02418
11.15000 0.02424
11.25000 0.02430
11.35000 0.02435
11.45000 0.02439
11.55000 0.02441
11.65000 0.02446
11.75000 0.02450
11.85000 0.02456
11.95000 0.02462
12.05000 0.02468
12.15000 0.02474
12.25000 0.02481
12.35000 0.02487
12.45000 0.02493
12.55000 0.02499
12.65000 0.02505
12.75000 0.02511
12.85000 0.02517
12.95000 0.02523
13.05000 0.02529
13.15000 0.02535
13.25000 0.02542
13.35000 0.02549
13.45000 0.02556
13.55000 0.02564
13.65000 0.02569
13.75000 0.02576
13.85000 0.02582
13.95000 0.02587
14.05000 0.02593
14.15000 0.02598
14.25000 0.02602
14.35000 0.02607
14.45000 0.02611
14.55000 0.02615
14.65000 0.02619
14.75000 0.02623
14.85000 0.02626
14.95000 0.02630
15.05000 0.02634
15.15000 0.02638
15.25000 0.02643
15.35000 0.02647
15.45000 0.02652
15.55000 0.02657
15.65000 0.02662
15.75000 0.02667
15.85000 0.02672
15.95000 0.02676
16.05000 0.02681
16.15000 0.02685
16.25000 0.02690
16.35000 0.02694
16.45000 0.02698
16.55000 0.02702
16.65000 0.02707
16.75000 0.02711
16.85000 0.02715
16.95000 0.02719
17.05000 0.02723
17.15000 0.02727
17.25000 0.02732
17.35000 0.02736
17.45000 0.02740
17.55000 0.02744
17.65000 0.02748
17.75000 0.02752
17.85000 0.02756
17.95000 0.02760
18.05000 0.02764
18.15000 0.02768
18.25000 0.02772
18.35000 0.02777
18.45000 0.02781
18.55000 0.02785
18.65000 0.02789
18.75000 0.02793
18.85000 0.02797
18.95000 0.02801
19.05000 0.02805
19.15000 0.02809
19.25000 0.02812
19.35000 0.02816
19.45000 0.02820
19.55000 0.02824
19.65000 0.02827
19.75000 0.02831
19.85000 0.02835
19.95000 0.02838
20.05000 0.02842
20.15000 0.02845
20.25000 0.02849
20.35000 0.02852
20.45000 0.02856
20.55000 0.02859
20.65000 0.02863
20.75000 0.02867
20.85000 0.02871
20.95000 0.02875
21.05000 0.02879
21.15000 0.02883
21.25000 0.02887
21.35000 0.02890
21.45000 0.02894
21.55000 0.02897
21.65000 0.02901
21.75000 0.02904
21.85000 0.02908
21.95000 0.02911
22.05000 0.02914
22.15000 0.02917
22.25000 0.02920
22.35000 0.02923
22.45000 0.02926
22.55000 0.02929
22.65000 0.02933
22.75000 0.02936
22.85000 0.02939
22.95000 0.02942
23.05000 0.02944
23.15000 0.02947
23.25000 0.02950
23.35000 0.02953
23.45000 0.02956
23.55000 0.02958
23.65000 0.02961
23.75000 0.02964
23.85000 0.02967
23.95000 0.02969
24.05000 0.02972
24.15000 0.02975
24.25000 0.02977
24.35000 0.02980
24.45000 0.02982
24.55000 0.02985
24.65000 0.02987
24.75000 0.02990
24.85000 0.02992
24.95000 0.02994
25.05000 0.02997
25.15000 0.02999
25.25000 0.03001
25.35000 0.03004
25.45000 0.03006
25.55000 0.03008
25.65000 0.03011
25.75000 0.03013
25.85000 0.03015
25.95000 0.03018
26.05000 0.03020
26.15000 0.03022
26.25000 0.03024
26.35000 0.03027
26.45000 0.03029
26.55000 0.03031
26.65000 0.03033
26.75000 0.03035
26.85000 0.03037
26.95000 0.03039
27.05000 0.03041
27.15000 0.03043
27.25000 0.03045
27.35000 0.03047
27.45000 0.03049
27.55000 0.03051
27.65000 0.03053
27.75000 0.03055
27.85000 0.03056
27.95000 0.03058
28.05000 0.03060
28.15000 0.03062
28.25000 0.03063
28.35000 0.03065
28.45000 0.03067
28.55000 0.03069
28.65000 0.03070
28.75000 0.03072
28.85000 0.03074
28.95000 0.03076
29.05000 0.03077
29.15000 0.03079
29.25000 0.03081
29.35000 0.03082
29.45000 0.03084
29.55000 0.03085
29.65000 0.03086
29.75000 0.03088
29.85000 0.03090
29.95000 0.03091
