 0.05000 0.00000
 0.15000 0.00000
 0.25000 0.00000
 0.35000 0.00000
 0.45000 0.00000
 0.55000 0.00000
 0.65000 0.00000
 0.75000 0.00000
 0.85000 0.00000
 0.95000 0.00000
 1.05000 0.00000
 1.15000 0.00000
 1.25000 0.00000
 1.35000 0.00000
 1.45000 0.00000
 1.55000 0.00000
 1.65000 0.00000
 1.75000 0.00000
 1.85000 0.00000
 1.95000 0.00000
 2.05000 0.00000
 2.15000 0.00000
 2.25000 0.00000
 2.35000 0.00000
 2.45000 0.00000
 2.55000 0.00001
 2.65000 0.00096
 2.75000 0.00957
 2.85000 0.02367
 2.95000 0.02833
 3.05000 0.02600
 3.15000 0.02305
 3.25000 0.02113
 3.35000 0.01997
 3.45000 0.01916
 3.55000 0.01842
 3.65000 0.01757
 3.75000 0.01656
 3.85000 0.01545
 3.95000 0.01435
 4.05000 0.01334
 4.15000 0.01248
 4.25000 0.01180
 4.35000 0.01129
 4.45000 0.01094
 4.55000 0.01073
 4.65000 0.01063
 4.75000 0.01064
 4.85000 0.01074
 4.95000 0.01092
 5.05000 0.01117
 5.15000 0.01149
 5.25000 0.01187
 5.35000 0.01231
 5.45000 0.01281
 5.55000 0.01330
 5.65000 0.01377
 5.75000 0.01421
 5.85000 0.01462
 5.95000 0.01501
 6.05000 0.01537
 6.15000 0.01570
 6.25000 0.01599
 6.35000 0.01626
 6.45000 0.01650
 6.55000 0.01674
 6.65000 0.01703
 6.75000 0.01738
 6.85000 0.01787
 6.95000 0.01844
 7.05000 0.01886
 7.15000 0.01889
 7.25000 0.01864
 7.35000 0.01838
 7.45000 0.01828
 7.55000 0.01829
 7.65000 0.01840
 7.75000 0.01855
 7.85000 0.01872
 7.95000 0.01890
 8.05000 0.01910
 8.15000 0.01931
 8.25000 0.01954
 8.35000 0.01981
 8.45000 0.02010
 8.55000 0.02040
 8.65000 0.02068
 8.75000 0.02094
 8.85000 0.02117
 8.95000 0.02137
 9.05000 0.02151
 9.15000 0.02163
 9.25000 0.02173
 9.35000 0.02181
 9.45000 0.02189
 9.55000 0.02199
 9.65000 0.02207
 9.75000 0.02215
 9.85000 0.02222
 9.95000 0.02228
10.05000 0.02234
10.15000 0.02242
10.25000 0.02251
10.35000 0.02261
10.45000 0.02274
10.55000 0.02288
10.65000 0.02303
10.75000 0.02319
10.85000 0.02335
10.95000 0.02352
11.05000 0.02368
11.15000 0.02384
11.25000 0.02400
11.35000 0.02416
11.45000 0.02432
11.55000 0.02446
11.65000 0.02459
11.75000 0.02470
11.85000 0.02479
11.95000 0.02486
12.05000 0.02493
12.15000 0.02497
12.25000 0.02501
12.35000 0.02505
12.45000 0.02509
12.55000 0.02513
12.65000 0.02517
12.75000 0.02521
12.85000 0.02526
12.95000 0.02530
13.05000 0.02534
13.15000 0.02538
13.25000 0.02541
13.35000 0.02544
13.45000 0.02547
13.55000 0.02550
13.65000 0.02554
13.75000 0.02558
13.85000 0.02563
13.95000 0.02570
14.05000 0.02577
14.15000 0.02584
14.25000 0.02592
14.35000 0.02600
14.45000 0.02607
14.55000 0.02613
14.65000 0.02619
14.75000 0.02625
14.85000 0.02631
14.95000 0.02636
15.05000 0.02641
15.15000 0.02645
15.25000 0.02650
15.35000 0.02654
15.45000 0.02658
15.55000 0.02661
15.65000 0.02665
15.75000 0.02669
15.85000 0.02673
15.95000 0.02676
16.05000 0.02680
16.15000 0.02683
16.25000 0.02687
16.35000 0.02690
16.45000 0.02694
16.55000 0.02699
16.65000 0.02702
16.75000 0.02707
16.85000 0.02711
16.95000 0.02716
17.05000 0.02720
17.15000 0.02725
17.25000 0.02729
17.35000 0.02734
17.45000 0.02739
17.55000 0.02743
17.65000 0.02747
17.75000 0.02751
17.85000 0.02756
17.95000 0.02760
18.05000 0.02764
18.15000 0.02768
18.25000 0.02772
18.35000 0.02776
18.45000 0.02780
18.55000 0.02784
18.65000 0.02788
18.75000 0.02792
18.85000 0.02796
18.95000 0.02800
19.05000 0.02804
19.15000 0.02808
19.25000 0.02812
19.35000 0.02816
19.45000 0.02820
19.55000 0.02824
19.65000 0.02828
19.75000 0.02831
19.85000 0.02835
19.95000 0.02840
20.05000 0.02843
20.15000 0.02847
20.25000 0.02851
20.35000 0.02854
20.45000 0.02858
20.55000 0.02862
20.65000 0.02865
20.75000 0.02869
20.85000 0.02872
20.95000 0.02876
21.05000 0.02879
21.15000 0.02883
21.25000 0.02887
21.35000 0.02890
21.45000 0.02894
21.55000 0.02897
21.65000 0.02900
21.75000 0.02904
21.85000 0.02907
21.95000 0.02911
22.05000 0.02914
22.15000 0.02917
22.25000 0.02921
22.35000 0.02924
22.45000 0.02928
22.55000 0.02931
22.65000 0.02935
22.75000 0.02939
22.85000 0.02942
22.95000 0.02946
23.05000 0.02950
23.15000 0.02953
23.25000 0.02956
23.35000 0.02959
23.45000 0.02963
23.55000 0.02966
23.65000 0.02969
23.75000 0.02972
23.85000 0.02974
23.95000 0.02977
24.05000 0.02979
24.15000 0.02981
24.25000 0.02984
24.35000 0.02986
24.45000 0.02988
24.55000 0.02990
24.65000 0.02992
24.75000 0.02995
24.85000 0.02997
24.95000 0.02999
25.05000 0.03001
25.15000 0.03003
25.25000 0.03005
25.35000 0.03007
25.45000 0.03009
25.55000 0.03012
25.65000 0.03014
25.75000 0.03016
25.85000 0.03018
25.95000 0.03020
26.05000 0.03022
26.15000 0.03025
26.25000 0.03027
26.35000 0.03029
26.45000 0.03031
26.55000 0.03033
26.65000 0.03035
26.75000 0.03037
26.85000 0.03039
26.95000 0.03041
27.05000 0.03043
27.15000 0.03045
27.25000 0.03047
27.35000 0.03049
27.45000 0.03051
27.55000 0.03053
27.65000 0.03055
27.75000 0.03057
27.85000 0.03059
27.95000 0.03061
28.05000 0.03063
28.15000 0.03064
28.25000 0.03066
28.35000 0.03068
28.45000 0.03070
28.55000 0.03071
28.65000 0.03072
28.75000 0.03074
28.85000 0.03076
28.95000 0.03077
29.05000 0.03079
29.15000 0.03080
29.25000 0.03082
29.35000 0.03083
29.45000 0.03084
29.55000 0.03086
29.65000 0.03087
29.75000 0.03088
29.85000 0.03090
29.95000 0.03091
