 0.05000 0.00000
 0.15000 0.00000
 0.25000 0.00000
 0.35000 0.00000
 0.45000 0.00000
 0.55000 0.00000
 0.65000 0.00000
 0.75000 0.00000
 0.85000 0.00000
 0.95000 0.00000
 1.05000 0.00000
 1.15000 0.00000
 1.25000 0.00000
 1.35000 0.00000
 1.45000 0.00000
 1.55000 0.00000
 1.65000 0.00000
 1.75000 0.00000
 1.85000 0.00000
 1.95000 0.00000
 2.05000 0.00000
 2.15000 0.00000
 2.25000 0.00000
 2.35000 0.00001
 2.45000 0.00092
 2.55000 0.01134
 2.65000 0.03172
 2.75000 0.03896
 2.85000 0.03258
 2.95000 0.02462
 3.05000 0.01958
 3.15000 0.01705
 3.25000 0.01594
 3.35000 0.01550
 3.45000 0.01536
 3.55000 0.01537
 3.65000 0.01543
 3.75000 0.01552
 3.85000 0.01563
 3.95000 0.01573
 4.05000 0.01578
 4.15000 0.01572
 4.25000 0.01558
 4.35000 0.01539
 4.45000 0.01524
 4.55000 0.01516
 4.65000 0.01516
 4.75000 0.01524
 4.85000 0.01539
 4.95000 0.01559
 5.05000 0.01582
 5.15000 0.01612
 5.25000 0.01647
 5.35000 0.01681
 5.45000 0.01698
 5.55000 0.01694
 5.65000 0.01678
 5.75000 0.01667
 5.85000 0.01670
 5.95000 0.01685
 6.05000 0.01708
 6.15000 0.01736
 6.25000 0.01764
 6.35000 0.01792
 6.45000 0.01818
 6.55000 0.01843
 6.65000 0.01871
 6.75000 0.01903
 6.85000 0.01926
 6.95000 0.01942
 7.05000 0.01959
 7.15000 0.01977
 7.25000 0.01976
 7.35000 0.01952
 7.45000 0.01922
 7.55000 0.01895
 7.65000 0.01878
 7.75000 0.01869
 7.85000 0.01865
 7.95000 0.01865
 8.05000 0.01868
 8.15000 0.01873
 8.25000 0.01882
 8.35000 0.01893
 8.45000 0.01906
 8.55000 0.01922
 8.65000 0.01940
 8.75000 0.01959
 8.85000 0.01980
 8.95000 0.01999
 9.05000 0.02019
 9.15000 0.02040
 9.25000 0.02059
 9.35000 0.02078
 9.45000 0.02097
 9.55000 0.02115
 9.65000 0.02132
 9.75000 0.02149
 9.85000 0.02164
 9.95000 0.02180
10.05000 0.02195
10.15000 0.02210
10.25000 0.02226
10.35000 0.02243
10.45000 0.02261
10.55000 0.02277
10.65000 0.02295
10.75000 0.02312
10.85000 0.02331
10.95000 0.02350
11.05000 0.02370
11.15000 0.02388
11.25000 0.02403
11.35000 0.02414
11.45000 0.02423
11.55000 0.02429
11.65000 0.02434
11.75000 0.02438
11.85000 0.02442
11.95000 0.02445
12.05000 0.02450
12.15000 0.02456
12.25000 0.02462
12.35000 0.02468
12.45000 0.02476
12.55000 0.02485
12.65000 0.02493
12.75000 0.02503
12.85000 0.02512
12.95000 0.02522
13.05000 0.02533
13.15000 0.02542
13.25000 0.02551
13.35000 0.02559
13.45000 0.02566
13.55000 0.02572
13.65000 0.02578
13.75000 0.02582
13.85000 0.02586
13.95000 0.02589
14.05000 0.02593
14.15000 0.02598
14.25000 0.02602
14.35000 0.02606
14.45000 0.02611
14.55000 0.02617
14.65000 0.02622
14.75000 0.02627
14.85000 0.02633
14.95000 0.02638
15.05000 0.02643
15.15000 0.02649
15.25000 0.02653
15.35000 0.02659
15.45000 0.02663
15.55000 0.02668
15.65000 0.02673
15.75000 0.02678
15.85000 0.02683
15.95000 0.02687
16.05000 0.02692
16.15000 0.02696
16.25000 0.02700
16.35000 0.02705
16.45000 0.02710
16.55000 0.02714
16.65000 0.02718
16.75000 0.02722
16.85000 0.02727
16.95000 0.02731
17.05000 0.02735
17.15000 0.02740
17.25000 0.02744
17.35000 0.02748
17.45000 0.02753
17.55000 0.02756
17.65000 0.02761
17.75000 0.02764
17.85000 0.02768
17.95000 0.02772
18.05000 0.02775
18.15000 0.02779
18.25000 0.02782
18.35000 0.02786
18.45000 0.02789
18.55000 0.02792
18.65000 0.02796
18.75000 0.02800
18.85000 0.02804
18.95000 0.02807
19.05000 0.02811
19.15000 0.02815
19.25000 0.02819
19.35000 0.02823
19.45000 0.02826
19.55000 0.02830
19.65000 0.02834
19.75000 0.02837
19.85000 0.02840
19.95000 0.02844
20.05000 0.02847
20.15000 0.02850
20.25000 0.02854
20.35000 0.02857
20.45000 0.02860
20.55000 0.02863
20.65000 0.02867
20.75000 0.02870
20.85000 0.02873
20.95000 0.02877
21.05000 0.02880
21.15000 0.02884
21.25000 0.02887
21.35000 0.02891
21.45000 0.02894
21.55000 0.02897
21.65000 0.02901
21.75000 0.02904
21.85000 0.02908
21.95000 0.02911
22.05000 0.02914
22.15000 0.02917
22.25000 0.02920
22.35000 0.02923
22.45000 0.02926
22.55000 0.02929
22.65000 0.02932
22.75000 0.02934
22.85000 0.02937
22.95000 0.02940
23.05000 0.02942
23.15000 0.02945
23.25000 0.02947
23.35000 0.02950
23.45000 0.02953
23.55000 0.02955
23.65000 0.02958
23.75000 0.02960
23.85000 0.02963
23.95000 0.02966
24.05000 0.02969
24.15000 0.02971
24.25000 0.02974
24.35000 0.02976
24.45000 0.02979
24.55000 0.02981
24.65000 0.02984
24.75000 0.02986
24.85000 0.02989
24.95000 0.02991
25.05000 0.02993
25.15000 0.02996
25.25000 0.02998
25.35000 0.03000
25.45000 0.03002
25.55000 0.03004
25.65000 0.03007
25.75000 0.03009
25.85000 0.03012
25.95000 0.03014
26.05000 0.03016
26.15000 0.03018
26.25000 0.03021
26.35000 0.03023
26.45000 0.03026
26.55000 0.03028
26.65000 0.03030
26.75000 0.03032
26.85000 0.03034
26.95000 0.03036
27.05000 0.03038
27.15000 0.03040
27.25000 0.03042
27.35000 0.03043
27.45000 0.03045
27.55000 0.03047
27.65000 0.03049
27.75000 0.03051
27.85000 0.03053
27.95000 0.03054
28.05000 0.03056
28.15000 0.03058
28.25000 0.03060
28.35000 0.03062
28.45000 0.03063
28.55000 0.03065
28.65000 0.03067
28.75000 0.03068
28.85000 0.03070
28.95000 0.03072
29.05000 0.03073
29.15000 0.03075
29.25000 0.03076
29.35000 0.03078
29.45000 0.03080
29.55000 0.03081
29.65000 0.03083
29.75000 0.03084
29.85000 0.03086
29.95000 0.03087
