 0.05000 0.00000
 0.15000 0.00000
 0.25000 0.00000
 0.35000 0.00000
 0.45000 0.00000
 0.55000 0.00000
 0.65000 0.00000
 0.75000 0.00000
 0.85000 0.00000
 0.95000 0.00000
 1.05000 0.00000
 1.15000 0.00000
 1.25000 0.00000
 1.35000 0.00000
 1.45000 0.00000
 1.55000 0.00000
 1.65000 0.00000
 1.75000 0.00000
 1.85000 0.00000
 1.95000 0.00000
 2.05000 0.00000
 2.15000 0.00000
 2.25000 0.00000
 2.35000 0.00000
 2.45000 0.00000
 2.55000 0.00038
 2.65000 0.00524
 2.75000 0.01710
 2.85000 0.02450
 2.95000 0.02316
 3.05000 0.01895
 3.15000 0.01574
 3.25000 0.01397
 3.35000 0.01324
 3.45000 0.01312
 3.55000 0.01329
 3.65000 0.01354
 3.75000 0.01377
 3.85000 0.01387
 3.95000 0.01383
 4.05000 0.01369
 4.15000 0.01346
 4.25000 0.01323
 4.35000 0.01300
 4.45000 0.01279
 4.55000 0.01262
 4.65000 0.01250
 4.75000 0.01248
 4.85000 0.01256
 4.95000 0.01278
 5.05000 0.01309
 5.15000 0.01352
 5.25000 0.01404
 5.35000 0.01465
 5.45000 0.01527
 5.55000 0.01581
 5.65000 0.01621
 5.75000 0.01639
 5.85000 0.01642
 5.95000 0.01643
 6.05000 0.01654
 6.15000 0.01681
 6.25000 0.01721
 6.35000 0.01770
 6.45000 0.01808
 6.55000 0.01826
 6.65000 0.01831
 6.75000 0.01837
 6.85000 0.01850
 6.95000 0.01868
 7.05000 0.01888
 7.15000 0.01908
 7.25000 0.01927
 7.35000 0.01945
 7.45000 0.01960
 7.55000 0.01974
 7.65000 0.01989
 7.75000 0.02006
 7.85000 0.02028
 7.95000 0.02057
 8.05000 0.02091
 8.15000 0.02126
 8.25000 0.02159
 8.35000 0.02185
 8.45000 0.02201
 8.55000 0.02209
 8.65000 0.02212
 8.75000 0.02211
 8.85000 0.02211
 8.95000 0.02212
 9.05000 0.02215
 9.15000 0.02220
 9.25000 0.02228
 9.35000 0.02235
 9.45000 0.02244
 9.55000 0.02253
 9.65000 0.02262
 9.75000 0.02271
 9.85000 0.02280
 9.95000 0.02290
10.05000 0.02299
10.15000 0.02309
10.25000 0.02321
10.35000 0.02331
10.45000 0.02342
10.55000 0.02352
10.65000 0.02361
10.75000 0.02369
10.85000 0.02378
10.95000 0.02386
11.05000 0.02396
11.15000 0.02405
11.25000 0.02413
11.35000 0.02421
11.45000 0.02428
11.55000 0.02435
11.65000 0.02441
11.75000 0.02447
11.85000 0.02453
11.95000 0.02459
12.05000 0.02465
12.15000 0.02471
12.25000 0.02478
12.35000 0.02484
12.45000 0.02489
12.55000 0.02495
12.65000 0.02500
12.75000 0.02506
12.85000 0.02511
12.95000 0.02517
13.05000 0.02523
13.15000 0.02529
13.25000 0.02535
13.35000 0.02542
13.45000 0.02549
13.55000 0.02556
13.65000 0.02564
13.75000 0.02571
13.85000 0.02578
13.95000 0.02584
14.05000 0.02591
14.15000 0.02597
14.25000 0.02603
14.35000 0.02610
14.45000 0.02616
14.55000 0.02621
14.65000 0.02627
14.75000 0.02631
14.85000 0.02636
14.95000 0.02640
15.05000 0.02644
15.15000 0.02647
15.25000 0.02651
15.35000 0.02656
15.45000 0.02660
15.55000 0.02665
15.65000 0.02671
15.75000 0.02676
15.85000 0.02681
15.95000 0.02687
16.05000 0.02692
16.15000 0.02697
16.25000 0.02702
16.35000 0.02706
16.45000 0.02711
16.55000 0.02715
16.65000 0.02720
16.75000 0.02724
16.85000 0.02728
16.95000 0.02732
17.05000 0.02736
17.15000 0.02740
17.25000 0.02744
17.35000 0.02748
17.45000 0.02751
17.55000 0.02755
17.65000 0.02759
17.75000 0.02762
17.85000 0.02766
17.95000 0.02770
18.05000 0.02774
18.15000 0.02778
18.25000 0.02783
18.35000 0.02787
18.45000 0.02791
18.55000 0.02796
18.65000 0.02800
18.75000 0.02804
18.85000 0.02808
18.95000 0.02812
19.05000 0.02816
19.15000 0.02820
19.25000 0.02824
19.35000 0.02827
19.45000 0.02831
19.55000 0.02834
19.65000 0.02838
19.75000 0.02841
19.85000 0.02844
19.95000 0.02848
20.05000 0.02851
20.15000 0.02854
20.25000 0.02857
20.35000 0.02861
20.45000 0.02864
20.55000 0.02867
20.65000 0.02870
20.75000 0.02873
20.85000 0.02876
20.95000 0.02879
21.05000 0.02882
21.15000 0.02885
21.25000 0.02887
21.35000 0.02890
21.45000 0.02893
21.55000 0.02895
21.65000 0.02898
21.75000 0.02901
21.85000 0.02904
21.95000 0.02907
22.05000 0.02910
22.15000 0.02912
22.25000 0.02915
22.35000 0.02919
22.45000 0.02921
22.55000 0.02924
22.65000 0.02927
22.75000 0.02930
22.85000 0.02933
22.95000 0.02935
23.05000 0.02938
23.15000 0.02941
23.25000 0.02943
23.35000 0.02946
23.45000 0.02948
23.55000 0.02950
23.65000 0.02953
23.75000 0.02955
23.85000 0.02958
23.95000 0.02961
24.05000 0.02963
24.15000 0.02966
24.25000 0.02969
24.35000 0.02971
24.45000 0.02974
24.55000 0.02977
24.65000 0.02979
24.75000 0.02982
24.85000 0.02985
24.95000 0.02987
25.05000 0.02990
25.15000 0.02992
25.25000 0.02995
25.35000 0.02997
25.45000 0.02999
25.55000 0.03002
25.65000 0.03004
25.75000 0.03006
25.85000 0.03008
25.95000 0.03010
26.05000 0.03012
26.15000 0.03014
26.25000 0.03017
26.35000 0.03019
26.45000 0.03021
26.55000 0.03023
26.65000 0.03025
26.75000 0.03028
26.85000 0.03030
26.95000 0.03032
27.05000 0.03034
27.15000 0.03036
27.25000 0.03038
27.35000 0.03040
27.45000 0.03042
27.55000 0.03044
27.65000 0.03046
27.75000 0.03048
27.85000 0.03050
27.95000 0.03052
28.05000 0.03054
28.15000 0.03055
28.25000 0.03058
28.35000 0.03059
28.45000 0.03061
28.55000 0.03063
28.65000 0.03064
28.75000 0.03066
28.85000 0.03068
28.95000 0.03069
29.05000 0.03071
29.15000 0.03073
29.25000 0.03074
29.35000 0.03076
29.45000 0.03078
29.55000 0.03079
29.65000 0.03081
29.75000 0.03082
29.85000 0.03084
29.95000 0.03086
