 0.05000 0.00000
 0.15000 0.00000
 0.25000 0.00000
 0.35000 0.00000
 0.45000 0.00000
 0.55000 0.00000
 0.65000 0.00000
 0.75000 0.00000
 0.85000 0.00000
 0.95000 0.00000
 1.05000 0.00000
 1.15000 0.00000
 1.25000 0.00000
 1.35000 0.00000
 1.45000 0.00000
 1.55000 0.00000
 1.65000 0.00000
 1.75000 0.00000
 1.85000 0.00000
 1.95000 0.00000
 2.05000 0.00000
 2.15000 0.00000
 2.25000 0.00000
 2.35000 0.00000
 2.45000 0.00000
 2.55000 0.00000
 2.65000 0.00041
 2.75000 0.00455
 2.85000 0.01144
 2.95000 0.01318
 3.05000 0.01140
 3.15000 0.00978
 3.25000 0.00902
 3.35000 0.00888
 3.45000 0.00903
 3.55000 0.00933
 3.65000 0.00972
 3.75000 0.01014
 3.85000 0.01060
 3.95000 0.01106
 4.05000 0.01156
 4.15000 0.01210
 4.25000 0.01269
 4.35000 0.01337
 4.45000 0.01419
 4.55000 0.01532
 4.65000 0.01698
 4.75000 0.01904
 4.85000 0.02052
 4.95000 0.02065
 5.05000 0.01955
 5.15000 0.01790
 5.25000 0.01643
 5.35000 0.01544
 5.45000 0.01487
 5.55000 0.01458
 5.65000 0.01447
 5.75000 0.01448
 5.85000 0.01458
 5.95000 0.01477
 6.05000 0.01501
 6.15000 0.01529
 6.25000 0.01557
 6.35000 0.01589
 6.45000 0.01620
 6.55000 0.01653
 6.65000 0.01687
 6.75000 0.01721
 6.85000 0.01755
 6.95000 0.01787
 7.05000 0.01818
 7.15000 0.01847
 7.25000 0.01874
 7.35000 0.01898
 7.45000 0.01918
 7.55000 0.01933
 7.65000 0.01941
 7.75000 0.01943
 7.85000 0.01942
 7.95000 0.01940
 8.05000 0.01938
 8.15000 0.01940
 8.25000 0.01945
 8.35000 0.01952
 8.45000 0.01959
 8.55000 0.01969
 8.65000 0.01978
 8.75000 0.01987
 8.85000 0.02000
 8.95000 0.02013
 9.05000 0.02030
 9.15000 0.02048
 9.25000 0.02067
 9.35000 0.02087
 9.45000 0.02107
 9.55000 0.02128
 9.65000 0.02149
 9.75000 0.02171
 9.85000 0.02192
 9.95000 0.02214
10.05000 0.02235
10.15000 0.02257
10.25000 0.02279
10.35000 0.02300
10.45000 0.02319
10.55000 0.02338
10.65000 0.02355
10.75000 0.02371
10.85000 0.02384
10.95000 0.02395
11.05000 0.02406
11.15000 0.02414
11.25000 0.02421
11.35000 0.02426
11.45000 0.02431
11.55000 0.02435
11.65000 0.02439
11.75000 0.02443
11.85000 0.02448
11.95000 0.02454
12.05000 0.02461
12.15000 0.02468
12.25000 0.02476
12.35000 0.02484
12.45000 0.02492
12.55000 0.02500
12.65000 0.02506
12.75000 0.02513
12.85000 0.02519
12.95000 0.02524
13.05000 0.02529
13.15000 0.02534
13.25000 0.02538
13.35000 0.02543
13.45000 0.02549
13.55000 0.02555
13.65000 0.02561
13.75000 0.02568
13.85000 0.02575
13.95000 0.02582
14.05000 0.02589
14.15000 0.02596
14.25000 0.02602
14.35000 0.02608
14.45000 0.02613
14.55000 0.02618
14.65000 0.02622
14.75000 0.02625
14.85000 0.02629
14.95000 0.02632
15.05000 0.02636
15.15000 0.02640
15.25000 0.02644
15.35000 0.02649
15.45000 0.02653
15.55000 0.02658
15.65000 0.02663
15.75000 0.02667
15.85000 0.02672
15.95000 0.02677
16.05000 0.02682
16.15000 0.02687
16.25000 0.02692
16.35000 0.02696
16.45000 0.02700
16.55000 0.02705
16.65000 0.02709
16.75000 0.02714
16.85000 0.02718
16.95000 0.02722
17.05000 0.02727
17.15000 0.02731
17.25000 0.02735
17.35000 0.02740
17.45000 0.02744
17.55000 0.02748
17.65000 0.02753
17.75000 0.02758
17.85000 0.02762
17.95000 0.02766
18.05000 0.02770
18.15000 0.02774
18.25000 0.02778
18.35000 0.02782
18.45000 0.02786
18.55000 0.02790
18.65000 0.02793
18.75000 0.02797
18.85000 0.02800
18.95000 0.02804
19.05000 0.02807
19.15000 0.02811
19.25000 0.02814
19.35000 0.02818
19.45000 0.02821
19.55000 0.02824
19.65000 0.02828
19.75000 0.02831
19.85000 0.02835
19.95000 0.02838
20.05000 0.02842
20.15000 0.02846
20.25000 0.02850
20.35000 0.02854
20.45000 0.02858
20.55000 0.02863
20.65000 0.02866
20.75000 0.02870
20.85000 0.02874
20.95000 0.02877
21.05000 0.02881
21.15000 0.02884
21.25000 0.02887
21.35000 0.02891
21.45000 0.02893
21.55000 0.02896
21.65000 0.02899
21.75000 0.02902
21.85000 0.02905
21.95000 0.02908
22.05000 0.02911
22.15000 0.02914
22.25000 0.02917
22.35000 0.02920
22.45000 0.02924
22.55000 0.02927
22.65000 0.02931
22.75000 0.02934
22.85000 0.02937
22.95000 0.02941
23.05000 0.02944
23.15000 0.02947
23.25000 0.02950
23.35000 0.02953
23.45000 0.02956
23.55000 0.02959
23.65000 0.02962
23.75000 0.02965
23.85000 0.02967
23.95000 0.02970
24.05000 0.02973
24.15000 0.02976
24.25000 0.02978
24.35000 0.02981
24.45000 0.02984
24.55000 0.02986
24.65000 0.02989
24.75000 0.02991
24.85000 0.02994
24.95000 0.02996
25.05000 0.02998
25.15000 0.03000
25.25000 0.03003
25.35000 0.03005
25.45000 0.03007
25.55000 0.03009
25.65000 0.03012
25.75000 0.03013
25.85000 0.03016
25.95000 0.03018
26.05000 0.03020
26.15000 0.03022
26.25000 0.03024
26.35000 0.03027
26.45000 0.03029
26.55000 0.03031
26.65000 0.03033
26.75000 0.03035
26.85000 0.03037
26.95000 0.03039
27.05000 0.03040
27.15000 0.03043
27.25000 0.03044
27.35000 0.03046
27.45000 0.03048
27.55000 0.03050
27.65000 0.03052
27.75000 0.03054
27.85000 0.03056
27.95000 0.03058
28.05000 0.03060
28.15000 0.03062
28.25000 0.03063
28.35000 0.03066
28.45000 0.03067
28.55000 0.03069
28.65000 0.03071
28.75000 0.03072
28.85000 0.03074
28.95000 0.03075
29.05000 0.03077
29.15000 0.03079
29.25000 0.03080
29.35000 0.03082
29.45000 0.03083
29.55000 0.03084
29.65000 0.03086
29.75000 0.03088
29.85000 0.03089
29.95000 0.03090
