   0.050   0.000
   0.150   0.000
   0.250   0.000
   0.350   0.000
   0.450   0.000
   0.550   0.000
   0.650   0.000
   0.750   0.000
   0.850   0.000
   0.950   0.000
   1.050   0.000
   1.150   0.000
   1.250   0.000
   1.350   0.000
   1.450   0.000
   1.550   0.000
   1.650   0.000
   1.750   0.000
   1.850   0.000
   1.950   0.000
   2.050   0.000
   2.150   0.000
   2.250   0.045
   2.350   0.314
   2.450   0.538
   2.550   0.439
   2.650   0.257
   2.750   0.138
   2.850   0.077
   2.950   0.046
   3.050   0.031
   3.150   0.024
   3.250   0.021
   3.350   0.021
   3.450   0.024
   3.550   0.030
   3.650   0.039
   3.750   0.051
   3.850   0.063
   3.950   0.075
   4.050   0.086
   4.150   0.098
   4.250   0.107
   4.350   0.115
   4.450   0.116
   4.550   0.102
   4.650   0.086
   4.750   0.079
   4.850   0.076
   4.950   0.075
   5.050   0.074
   5.150   0.074
   5.250   0.079
   5.350   0.091
   5.450   0.105
   5.550   0.117
   5.650   0.128
   5.750   0.141
   5.850   0.153
   5.950   0.158
   6.050   0.155
   6.150   0.149
   6.250   0.145
   6.350   0.138
   6.450   0.126
   6.550   0.116
   6.650   0.113
   6.750   0.114
   6.850   0.115
   6.950   0.115
   7.050   0.115
   7.150   0.115
   7.250   0.115
   7.350   0.116
   7.450   0.116
   7.550   0.117
   7.650   0.118
   7.750   0.118
   7.850   0.119
   7.950   0.119
   8.050   0.120
   8.150   0.121
   8.250   0.121
   8.350   0.121
   8.450   0.122
   8.550   0.123
   8.650   0.125
   8.750   0.128
   8.850   0.131
   8.950   0.133
   9.050   0.134
   9.150   0.135
   9.250   0.134
   9.350   0.133
   9.450   0.132
   9.550   0.131
   9.650   0.130
   9.750   0.130
   9.850   0.130
   9.950   0.130
  10.050   0.130
  10.150   0.131
  10.250   0.131
  10.350   0.130
  10.450   0.130
  10.550   0.129
  10.650   0.128
  10.750   0.127
  10.850   0.126
  10.950   0.125
  11.050   0.124
  11.150   0.123
  11.250   0.121
  11.350   0.119
  11.450   0.116
  11.550   0.112
  11.650   0.109
  11.750   0.107
  11.850   0.106
  11.950   0.105
  12.050   0.105
  12.150   0.104
  12.250   0.103
  12.350   0.102
  12.450   0.101
  12.550   0.100
  12.650   0.099
  12.750   0.097
  12.850   0.096
  12.950   0.095
  13.050   0.094
  13.150   0.093
  13.250   0.092
  13.350   0.092
  13.450   0.091
  13.550   0.091
  13.650   0.091
  13.750   0.091
  13.850   0.091
  13.950   0.090
  14.050   0.090
  14.150   0.090
  14.250   0.090
  14.350   0.089
  14.450   0.089
  14.550   0.089
  14.650   0.089
  14.750   0.088
  14.850   0.088
  14.950   0.087
  15.050   0.086
  15.150   0.085
  15.250   0.085
  15.350   0.084
  15.450   0.083
  15.550   0.082
  15.650   0.081
  15.750   0.080
  15.850   0.078
  15.950   0.077
  16.050   0.076
  16.150   0.075
  16.250   0.074
  16.350   0.074
  16.450   0.074
  16.550   0.073
  16.650   0.073
  16.750   0.073
  16.850   0.072
  16.950   0.072
  17.050   0.072
  17.150   0.071
  17.250   0.071
  17.350   0.070
  17.450   0.070
  17.550   0.069
  17.650   0.069
  17.750   0.068
  17.850   0.068
  17.950   0.068
  18.050   0.068
  18.150   0.067
  18.250   0.067
  18.350   0.066
  18.450   0.066
  18.550   0.066
  18.650   0.065
  18.750   0.065
  18.850   0.064
  18.950   0.064
  19.050   0.063
  19.150   0.063
  19.250   0.063
  19.350   0.062
  19.450   0.062
  19.550   0.061
  19.650   0.061
  19.750   0.060
  19.850   0.060
  19.950   0.060
  20.050   0.059
  20.150   0.059
  20.250   0.059
  20.350   0.058
  20.450   0.058
  20.550   0.058
  20.650   0.057
  20.750   0.057
  20.850   0.057
  20.950   0.057
  21.050   0.056
  21.150   0.056
  21.250   0.056
  21.350   0.055
  21.450   0.055
  21.550   0.055
  21.650   0.054
  21.750   0.054
  21.850   0.054
  21.950   0.054
  22.050   0.053
  22.150   0.053
  22.250   0.053
  22.350   0.052
  22.450   0.052
  22.550   0.051
  22.650   0.051
  22.750   0.051
  22.850   0.050
  22.950   0.050
  23.050   0.050
  23.150   0.049
  23.250   0.049
  23.350   0.049
  23.450   0.048
  23.550   0.048
  23.650   0.048
  23.750   0.047
  23.850   0.047
  23.950   0.047
  24.050   0.047
  24.150   0.046
  24.250   0.046
  24.350   0.046
  24.450   0.046
  24.550   0.045
  24.650   0.045
  24.750   0.045
  24.850   0.045
  24.950   0.045
  25.050   0.044
  25.150   0.044
  25.250   0.044
  25.350   0.044
  25.450   0.043
  25.550   0.043
  25.650   0.043
  25.750   0.042
  25.850   0.042
  25.950   0.042
  26.050   0.042
  26.150   0.041
  26.250   0.041
  26.350   0.041
  26.450   0.041
  26.550   0.040
  26.650   0.040
  26.750   0.040
  26.850   0.040
  26.950   0.040
  27.050   0.039
  27.150   0.039
  27.250   0.039
  27.350   0.039
  27.450   0.039
  27.550   0.039
  27.650   0.039
  27.750   0.038
  27.850   0.038
  27.950   0.038
  28.050   0.038
  28.150   0.038
  28.250   0.038
  28.350   0.038
  28.450   0.038
  28.550   0.038
  28.650   0.038
  28.750   0.038
  28.850   0.037
  28.950   0.037
  29.050   0.037
  29.150   0.037
  29.250   0.037
  29.350   0.037
  29.450   0.037
  29.550   0.036
  29.650   0.036
  29.750   0.036
  29.850   0.036
  29.950   0.036
