   0.050   0.000
   0.150   0.000
   0.250   0.000
   0.350   0.000
   0.450   0.000
   0.550   0.000
   0.650   0.000
   0.750   0.000
   0.850   0.000
   0.950   0.000
   1.050   0.000
   1.150   0.000
   1.250   0.000
   1.350   0.000
   1.450   0.000
   1.550   0.000
   1.650   0.000
   1.750   0.000
   1.850   0.000
   1.950   0.000
   2.050   0.000
   2.150   0.000
   2.250   0.000
   2.350   0.000
   2.450   0.000
   2.550   0.000
   2.650   0.011
   2.750   0.091
   2.850   0.193
   2.950   0.267
   3.050   0.378
   3.150   0.479
   3.250   0.559
   3.350   0.621
   3.450   0.657
   3.550   0.656
   3.650   0.538
   3.750   0.281
   3.850   0.096
   3.950   0.030
   4.050   0.012
   4.150   0.008
   4.250   0.008
   4.350   0.012
   4.450   0.017
   4.550   0.026
   4.650   0.038
   4.750   0.054
   4.850   0.074
   4.950   0.095
   5.050   0.118
   5.150   0.141
   5.250   0.164
   5.350   0.180
   5.450   0.191
   5.550   0.195
   5.650   0.195
   5.750   0.189
   5.850   0.177
   5.950   0.159
   6.050   0.139
   6.150   0.118
   6.250   0.100
   6.350   0.086
   6.450   0.076
   6.550   0.072
   6.650   0.072
   6.750   0.077
   6.850   0.085
   6.950   0.095
   7.050   0.103
   7.150   0.110
   7.250   0.115
   7.350   0.119
   7.450   0.123
   7.550   0.129
   7.650   0.134
   7.750   0.138
   7.850   0.140
   7.950   0.141
   8.050   0.141
   8.150   0.140
   8.250   0.138
   8.350   0.136
   8.450   0.133
   8.550   0.130
   8.650   0.127
   8.750   0.125
   8.850   0.123
   8.950   0.123
   9.050   0.123
   9.150   0.123
   9.250   0.123
   9.350   0.122
   9.450   0.119
   9.550   0.116
   9.650   0.111
   9.750   0.106
   9.850   0.102
   9.950   0.098
  10.050   0.094
  10.150   0.091
  10.250   0.089
  10.350   0.087
  10.450   0.086
  10.550   0.086
  10.650   0.087
  10.750   0.088
  10.850   0.089
  10.950   0.090
  11.050   0.091
  11.150   0.092
  11.250   0.092
  11.350   0.093
  11.450   0.094
  11.550   0.095
  11.650   0.096
  11.750   0.096
  11.850   0.097
  11.950   0.097
  12.050   0.098
  12.150   0.100
  12.250   0.101
  12.350   0.101
  12.450   0.101
  12.550   0.100
  12.650   0.098
  12.750   0.097
  12.850   0.095
  12.950   0.093
  13.050   0.092
  13.150   0.091
  13.250   0.090
  13.350   0.089
  13.450   0.089
  13.550   0.088
  13.650   0.087
  13.750   0.086
  13.850   0.085
  13.950   0.085
  14.050   0.084
  14.150   0.084
  14.250   0.083
  14.350   0.083
  14.450   0.082
  14.550   0.082
  14.650   0.082
  14.750   0.082
  14.850   0.081
  14.950   0.081
  15.050   0.081
  15.150   0.080
  15.250   0.079
  15.350   0.079
  15.450   0.078
  15.550   0.077
  15.650   0.076
  15.750   0.075
  15.850   0.075
  15.950   0.074
  16.050   0.073
  16.150   0.073
  16.250   0.072
  16.350   0.072
  16.450   0.072
  16.550   0.071
  16.650   0.071
  16.750   0.071
  16.850   0.072
  16.950   0.072
  17.050   0.072
  17.150   0.072
  17.250   0.072
  17.350   0.072
  17.450   0.072
  17.550   0.071
  17.650   0.071
  17.750   0.070
  17.850   0.070
  17.950   0.069
  18.050   0.069
  18.150   0.068
  18.250   0.068
  18.350   0.067
  18.450   0.066
  18.550   0.066
  18.650   0.065
  18.750   0.064
  18.850   0.064
  18.950   0.063
  19.050   0.063
  19.150   0.062
  19.250   0.062
  19.350   0.061
  19.450   0.061
  19.550   0.061
  19.650   0.061
  19.750   0.061
  19.850   0.060
  19.950   0.060
  20.050   0.060
  20.150   0.060
  20.250   0.060
  20.350   0.059
  20.450   0.059
  20.550   0.058
  20.650   0.058
  20.750   0.057
  20.850   0.057
  20.950   0.056
  21.050   0.056
  21.150   0.055
  21.250   0.055
  21.350   0.055
  21.450   0.054
  21.550   0.054
  21.650   0.054
  21.750   0.053
  21.850   0.053
  21.950   0.053
  22.050   0.053
  22.150   0.052
  22.250   0.052
  22.350   0.052
  22.450   0.051
  22.550   0.051
  22.650   0.051
  22.750   0.051
  22.850   0.051
  22.950   0.051
  23.050   0.050
  23.150   0.050
  23.250   0.050
  23.350   0.050
  23.450   0.050
  23.550   0.050
  23.650   0.049
  23.750   0.049
  23.850   0.049
  23.950   0.048
  24.050   0.048
  24.150   0.047
  24.250   0.047
  24.350   0.047
  24.450   0.046
  24.550   0.046
  24.650   0.046
  24.750   0.045
  24.850   0.045
  24.950   0.045
  25.050   0.044
  25.150   0.044
  25.250   0.044
  25.350   0.044
  25.450   0.044
  25.550   0.043
  25.650   0.043
  25.750   0.043
  25.850   0.043
  25.950   0.043
  26.050   0.043
  26.150   0.042
  26.250   0.042
  26.350   0.042
  26.450   0.042
  26.550   0.042
  26.650   0.041
  26.750   0.041
  26.850   0.041
  26.950   0.041
  27.050   0.041
  27.150   0.040
  27.250   0.040
  27.350   0.040
  27.450   0.040
  27.550   0.040
  27.650   0.039
  27.750   0.039
  27.850   0.039
  27.950   0.039
  28.050   0.039
  28.150   0.039
  28.250   0.038
  28.350   0.038
  28.450   0.038
  28.550   0.038
  28.650   0.038
  28.750   0.037
  28.850   0.037
  28.950   0.037
  29.050   0.037
  29.150   0.037
  29.250   0.037
  29.350   0.036
  29.450   0.036
  29.550   0.036
  29.650   0.036
  29.750   0.036
  29.850   0.036
  29.950   0.035
