   0.050   0.000
   0.150   0.000
   0.250   0.000
   0.350   0.000
   0.450   0.000
   0.550   0.000
   0.650   0.000
   0.750   0.000
   0.850   0.000
   0.950   0.000
   1.050   0.000
   1.150   0.000
   1.250   0.000
   1.350   0.000
   1.450   0.000
   1.550   0.000
   1.650   0.000
   1.750   0.000
   1.850   0.000
   1.950   0.000
   2.050   0.001
   2.150   0.157
   2.250   1.119
   2.350   1.742
   2.450   1.240
   2.550   0.644
   2.650   0.322
   2.750   0.175
   2.850   0.107
   2.950   0.073
   3.050   0.053
   3.150   0.041
   3.250   0.034
   3.350   0.031
   3.450   0.032
   3.550   0.037
   3.650   0.048
   3.750   0.062
   3.850   0.080
   3.950   0.100
   4.050   0.119
   4.150   0.135
   4.250   0.146
   4.350   0.153
   4.450   0.158
   4.550   0.160
   4.650   0.159
   4.750   0.155
   4.850   0.148
   4.950   0.139
   5.050   0.128
   5.150   0.119
   5.250   0.111
   5.350   0.106
   5.450   0.104
   5.550   0.103
   5.650   0.102
   5.750   0.099
   5.850   0.097
   5.950   0.094
   6.050   0.092
   6.150   0.091
   6.250   0.091
   6.350   0.091
   6.450   0.091
   6.550   0.090
   6.650   0.091
   6.750   0.092
   6.850   0.093
   6.950   0.095
   7.050   0.097
   7.150   0.099
   7.250   0.101
   7.350   0.103
   7.450   0.105
   7.550   0.106
   7.650   0.107
   7.750   0.107
   7.850   0.107
   7.950   0.107
   8.050   0.107
   8.150   0.108
   8.250   0.109
   8.350   0.110
   8.450   0.110
   8.550   0.111
   8.650   0.111
   8.750   0.112
   8.850   0.114
   8.950   0.116
   9.050   0.117
   9.150   0.118
   9.250   0.118
   9.350   0.117
   9.450   0.116
   9.550   0.115
   9.650   0.113
   9.750   0.112
   9.850   0.111
   9.950   0.111
  10.050   0.110
  10.150   0.110
  10.250   0.111
  10.350   0.112
  10.450   0.114
  10.550   0.116
  10.650   0.118
  10.750   0.119
  10.850   0.120
  10.950   0.120
  11.050   0.119
  11.150   0.119
  11.250   0.118
  11.350   0.118
  11.450   0.118
  11.550   0.119
  11.650   0.119
  11.750   0.119
  11.850   0.118
  11.950   0.118
  12.050   0.118
  12.150   0.118
  12.250   0.119
  12.350   0.119
  12.450   0.119
  12.550   0.119
  12.650   0.118
  12.750   0.117
  12.850   0.115
  12.950   0.113
  13.050   0.111
  13.150   0.109
  13.250   0.107
  13.350   0.105
  13.450   0.103
  13.550   0.100
  13.650   0.098
  13.750   0.097
  13.850   0.096
  13.950   0.095
  14.050   0.094
  14.150   0.094
  14.250   0.093
  14.350   0.093
  14.450   0.092
  14.550   0.092
  14.650   0.091
  14.750   0.090
  14.850   0.090
  14.950   0.089
  15.050   0.088
  15.150   0.087
  15.250   0.086
  15.350   0.084
  15.450   0.083
  15.550   0.081
  15.650   0.080
  15.750   0.079
  15.850   0.078
  15.950   0.078
  16.050   0.078
  16.150   0.078
  16.250   0.078
  16.350   0.078
  16.450   0.078
  16.550   0.078
  16.650   0.077
  16.750   0.077
  16.850   0.076
  16.950   0.075
  17.050   0.074
  17.150   0.074
  17.250   0.073
  17.350   0.072
  17.450   0.072
  17.550   0.071
  17.650   0.070
  17.750   0.069
  17.850   0.069
  17.950   0.068
  18.050   0.068
  18.150   0.067
  18.250   0.066
  18.350   0.066
  18.450   0.065
  18.550   0.064
  18.650   0.064
  18.750   0.063
  18.850   0.062
  18.950   0.062
  19.050   0.061
  19.150   0.061
  19.250   0.060
  19.350   0.060
  19.450   0.060
  19.550   0.060
  19.650   0.060
  19.750   0.060
  19.850   0.060
  19.950   0.060
  20.050   0.060
  20.150   0.059
  20.250   0.059
  20.350   0.059
  20.450   0.059
  20.550   0.058
  20.650   0.058
  20.750   0.058
  20.850   0.057
  20.950   0.057
  21.050   0.057
  21.150   0.056
  21.250   0.056
  21.350   0.056
  21.450   0.055
  21.550   0.055
  21.650   0.054
  21.750   0.054
  21.850   0.053
  21.950   0.053
  22.050   0.053
  22.150   0.052
  22.250   0.052
  22.350   0.051
  22.450   0.051
  22.550   0.051
  22.650   0.050
  22.750   0.050
  22.850   0.050
  22.950   0.049
  23.050   0.049
  23.150   0.049
  23.250   0.048
  23.350   0.048
  23.450   0.048
  23.550   0.048
  23.650   0.047
  23.750   0.047
  23.850   0.047
  23.950   0.047
  24.050   0.047
  24.150   0.046
  24.250   0.046
  24.350   0.046
  24.450   0.046
  24.550   0.046
  24.650   0.046
  24.750   0.045
  24.850   0.045
  24.950   0.045
  25.050   0.045
  25.150   0.045
  25.250   0.045
  25.350   0.044
  25.450   0.044
  25.550   0.044
  25.650   0.044
  25.750   0.044
  25.850   0.043
  25.950   0.043
  26.050   0.043
  26.150   0.043
  26.250   0.042
  26.350   0.042
  26.450   0.042
  26.550   0.042
  26.650   0.041
  26.750   0.041
  26.850   0.041
  26.950   0.041
  27.050   0.040
  27.150   0.040
  27.250   0.040
  27.350   0.040
  27.450   0.040
  27.550   0.039
  27.650   0.039
  27.750   0.039
  27.850   0.039
  27.950   0.039
  28.050   0.039
  28.150   0.038
  28.250   0.038
  28.350   0.038
  28.450   0.038
  28.550   0.038
  28.650   0.038
  28.750   0.037
  28.850   0.037
  28.950   0.037
  29.050   0.037
  29.150   0.037
  29.250   0.037
  29.350   0.037
  29.450   0.036
  29.550   0.036
  29.650   0.036
  29.750   0.036
  29.850   0.036
  29.950   0.036
