   0.050   0.000
   0.150   0.000
   0.250   0.000
   0.350   0.000
   0.450   0.000
   0.550   0.000
   0.650   0.000
   0.750   0.000
   0.850   0.000
   0.950   0.000
   1.050   0.000
   1.150   0.000
   1.250   0.000
   1.350   0.000
   1.450   0.000
   1.550   0.000
   1.650   0.000
   1.750   0.000
   1.850   0.000
   1.950   0.000
   2.050   0.002
   2.150   0.205
   2.250   1.329
   2.350   2.024
   2.450   1.515
   2.550   0.877
   2.650   0.495
   2.750   0.293
   2.850   0.187
   2.950   0.125
   3.050   0.087
   3.150   0.062
   3.250   0.047
   3.350   0.036
   3.450   0.030
   3.550   0.027
   3.650   0.028
   3.750   0.032
   3.850   0.040
   3.950   0.052
   4.050   0.066
   4.150   0.083
   4.250   0.099
   4.350   0.113
   4.450   0.125
   4.550   0.131
   4.650   0.134
   4.750   0.131
   4.850   0.124
   4.950   0.115
   5.050   0.103
   5.150   0.092
   5.250   0.084
   5.350   0.078
   5.450   0.074
   5.550   0.074
   5.650   0.073
   5.750   0.074
   5.850   0.073
   5.950   0.072
   6.050   0.071
   6.150   0.071
   6.250   0.071
   6.350   0.072
   6.450   0.072
   6.550   0.072
   6.650   0.072
   6.750   0.073
   6.850   0.075
   6.950   0.077
   7.050   0.081
   7.150   0.086
   7.250   0.091
   7.350   0.097
   7.450   0.102
   7.550   0.104
   7.650   0.105
   7.750   0.105
   7.850   0.106
   7.950   0.107
   8.050   0.110
   8.150   0.114
   8.250   0.118
   8.350   0.123
   8.450   0.127
   8.550   0.129
   8.650   0.130
   8.750   0.130
   8.850   0.128
   8.950   0.126
   9.050   0.123
   9.150   0.120
   9.250   0.118
   9.350   0.118
   9.450   0.118
   9.550   0.119
   9.650   0.121
   9.750   0.123
   9.850   0.124
   9.950   0.125
  10.050   0.126
  10.150   0.127
  10.250   0.128
  10.350   0.127
  10.450   0.126
  10.550   0.123
  10.650   0.119
  10.750   0.115
  10.850   0.110
  10.950   0.106
  11.050   0.102
  11.150   0.099
  11.250   0.096
  11.350   0.094
  11.450   0.093
  11.550   0.093
  11.650   0.094
  11.750   0.095
  11.850   0.096
  11.950   0.098
  12.050   0.099
  12.150   0.100
  12.250   0.100
  12.350   0.099
  12.450   0.098
  12.550   0.095
  12.650   0.093
  12.750   0.091
  12.850   0.090
  12.950   0.089
  13.050   0.089
  13.150   0.089
  13.250   0.089
  13.350   0.089
  13.450   0.089
  13.550   0.089
  13.650   0.089
  13.750   0.089
  13.850   0.089
  13.950   0.090
  14.050   0.090
  14.150   0.090
  14.250   0.090
  14.350   0.089
  14.450   0.088
  14.550   0.087
  14.650   0.086
  14.750   0.085
  14.850   0.085
  14.950   0.084
  15.050   0.083
  15.150   0.083
  15.250   0.082
  15.350   0.082
  15.450   0.082
  15.550   0.081
  15.650   0.081
  15.750   0.080
  15.850   0.080
  15.950   0.079
  16.050   0.078
  16.150   0.077
  16.250   0.077
  16.350   0.076
  16.450   0.075
  16.550   0.075
  16.650   0.075
  16.750   0.074
  16.850   0.074
  16.950   0.074
  17.050   0.073
  17.150   0.073
  17.250   0.072
  17.350   0.072
  17.450   0.071
  17.550   0.071
  17.650   0.070
  17.750   0.069
  17.850   0.069
  17.950   0.068
  18.050   0.068
  18.150   0.067
  18.250   0.067
  18.350   0.066
  18.450   0.066
  18.550   0.066
  18.650   0.065
  18.750   0.065
  18.850   0.065
  18.950   0.064
  19.050   0.064
  19.150   0.063
  19.250   0.063
  19.350   0.062
  19.450   0.061
  19.550   0.060
  19.650   0.060
  19.750   0.059
  19.850   0.059
  19.950   0.058
  20.050   0.058
  20.150   0.058
  20.250   0.057
  20.350   0.057
  20.450   0.057
  20.550   0.057
  20.650   0.057
  20.750   0.057
  20.850   0.056
  20.950   0.056
  21.050   0.056
  21.150   0.055
  21.250   0.055
  21.350   0.055
  21.450   0.054
  21.550   0.054
  21.650   0.054
  21.750   0.053
  21.850   0.053
  21.950   0.053
  22.050   0.052
  22.150   0.052
  22.250   0.052
  22.350   0.051
  22.450   0.051
  22.550   0.051
  22.650   0.050
  22.750   0.050
  22.850   0.050
  22.950   0.049
  23.050   0.049
  23.150   0.049
  23.250   0.048
  23.350   0.048
  23.450   0.048
  23.550   0.048
  23.650   0.047
  23.750   0.047
  23.850   0.047
  23.950   0.047
  24.050   0.047
  24.150   0.046
  24.250   0.046
  24.350   0.046
  24.450   0.046
  24.550   0.045
  24.650   0.045
  24.750   0.045
  24.850   0.044
  24.950   0.044
  25.050   0.044
  25.150   0.043
  25.250   0.043
  25.350   0.043
  25.450   0.042
  25.550   0.042
  25.650   0.042
  25.750   0.041
  25.850   0.041
  25.950   0.041
  26.050   0.041
  26.150   0.041
  26.250   0.040
  26.350   0.040
  26.450   0.040
  26.550   0.040
  26.650   0.040
  26.750   0.040
  26.850   0.040
  26.950   0.040
  27.050   0.040
  27.150   0.039
  27.250   0.039
  27.350   0.039
  27.450   0.039
  27.550   0.039
  27.650   0.039
  27.750   0.039
  27.850   0.039
  27.950   0.039
  28.050   0.039
  28.150   0.039
  28.250   0.039
  28.350   0.039
  28.450   0.039
  28.550   0.039
  28.650   0.038
  28.750   0.038
  28.850   0.038
  28.950   0.038
  29.050   0.038
  29.150   0.038
  29.250   0.038
  29.350   0.037
  29.450   0.037
  29.550   0.037
  29.650   0.037
  29.750   0.037
  29.850   0.037
  29.950   0.037
