   0.050   0.000
   0.150   0.000
   0.250   0.000
   0.350   0.000
   0.450   0.000
   0.550   0.000
   0.650   0.000
   0.750   0.000
   0.850   0.000
   0.950   0.000
   1.050   0.000
   1.150   0.000
   1.250   0.000
   1.350   0.000
   1.450   0.000
   1.550   0.000
   1.650   0.000
   1.750   0.000
   1.850   0.000
   1.950   0.000
   2.050   0.000
   2.150   0.000
   2.250   0.023
   2.350   0.209
   2.450   0.445
   2.550   0.421
   2.650   0.269
   2.750   0.149
   2.850   0.081
   2.950   0.047
   3.050   0.030
   3.150   0.022
   3.250   0.017
   3.350   0.016
   3.450   0.016
   3.550   0.019
   3.650   0.024
   3.750   0.033
   3.850   0.049
   3.950   0.070
   4.050   0.099
   4.150   0.134
   4.250   0.169
   4.350   0.198
   4.450   0.217
   4.550   0.227
   4.650   0.231
   4.750   0.234
   4.850   0.235
   4.950   0.232
   5.050   0.221
   5.150   0.203
   5.250   0.182
   5.350   0.159
   5.450   0.134
   5.550   0.111
   5.650   0.094
   5.750   0.085
   5.850   0.081
   5.950   0.080
   6.050   0.081
   6.150   0.083
   6.250   0.085
   6.350   0.087
   6.450   0.088
   6.550   0.090
   6.650   0.092
   6.750   0.096
   6.850   0.102
   6.950   0.107
   7.050   0.112
   7.150   0.116
   7.250   0.117
   7.350   0.119
   7.450   0.120
   7.550   0.122
   7.650   0.125
   7.750   0.128
   7.850   0.131
   7.950   0.134
   8.050   0.137
   8.150   0.139
   8.250   0.140
   8.350   0.140
   8.450   0.139
   8.550   0.138
   8.650   0.137
   8.750   0.137
   8.850   0.137
   8.950   0.137
   9.050   0.137
   9.150   0.137
   9.250   0.135
   9.350   0.132
   9.450   0.129
   9.550   0.126
   9.650   0.125
   9.750   0.125
   9.850   0.126
   9.950   0.128
  10.050   0.129
  10.150   0.129
  10.250   0.127
  10.350   0.126
  10.450   0.124
  10.550   0.123
  10.650   0.122
  10.750   0.122
  10.850   0.120
  10.950   0.118
  11.050   0.115
  11.150   0.112
  11.250   0.109
  11.350   0.107
  11.450   0.106
  11.550   0.106
  11.650   0.107
  11.750   0.108
  11.850   0.109
  11.950   0.110
  12.050   0.110
  12.150   0.111
  12.250   0.111
  12.350   0.111
  12.450   0.110
  12.550   0.109
  12.650   0.107
  12.750   0.105
  12.850   0.102
  12.950   0.100
  13.050   0.098
  13.150   0.097
  13.250   0.096
  13.350   0.096
  13.450   0.097
  13.550   0.097
  13.650   0.096
  13.750   0.096
  13.850   0.094
  13.950   0.092
  14.050   0.091
  14.150   0.089
  14.250   0.088
  14.350   0.087
  14.450   0.086
  14.550   0.085
  14.650   0.085
  14.750   0.085
  14.850   0.085
  14.950   0.085
  15.050   0.085
  15.150   0.085
  15.250   0.085
  15.350   0.085
  15.450   0.085
  15.550   0.084
  15.650   0.084
  15.750   0.083
  15.850   0.083
  15.950   0.082
  16.050   0.082
  16.150   0.081
  16.250   0.081
  16.350   0.080
  16.450   0.079
  16.550   0.078
  16.650   0.077
  16.750   0.076
  16.850   0.075
  16.950   0.074
  17.050   0.073
  17.150   0.072
  17.250   0.072
  17.350   0.071
  17.450   0.071
  17.550   0.071
  17.650   0.070
  17.750   0.070
  17.850   0.069
  17.950   0.069
  18.050   0.068
  18.150   0.068
  18.250   0.067
  18.350   0.067
  18.450   0.066
  18.550   0.066
  18.650   0.065
  18.750   0.065
  18.850   0.065
  18.950   0.064
  19.050   0.064
  19.150   0.063
  19.250   0.063
  19.350   0.062
  19.450   0.062
  19.550   0.062
  19.650   0.061
  19.750   0.061
  19.850   0.061
  19.950   0.060
  20.050   0.060
  20.150   0.060
  20.250   0.060
  20.350   0.059
  20.450   0.059
  20.550   0.058
  20.650   0.058
  20.750   0.057
  20.850   0.056
  20.950   0.056
  21.050   0.055
  21.150   0.054
  21.250   0.054
  21.350   0.054
  21.450   0.053
  21.550   0.053
  21.650   0.053
  21.750   0.052
  21.850   0.052
  21.950   0.052
  22.050   0.051
  22.150   0.051
  22.250   0.051
  22.350   0.051
  22.450   0.051
  22.550   0.050
  22.650   0.050
  22.750   0.050
  22.850   0.050
  22.950   0.050
  23.050   0.050
  23.150   0.049
  23.250   0.049
  23.350   0.049
  23.450   0.049
  23.550   0.049
  23.650   0.048
  23.750   0.048
  23.850   0.048
  23.950   0.048
  24.050   0.047
  24.150   0.047
  24.250   0.047
  24.350   0.046
  24.450   0.046
  24.550   0.046
  24.650   0.046
  24.750   0.045
  24.850   0.045
  24.950   0.045
  25.050   0.045
  25.150   0.044
  25.250   0.044
  25.350   0.044
  25.450   0.044
  25.550   0.043
  25.650   0.043
  25.750   0.043
  25.850   0.043
  25.950   0.043
  26.050   0.042
  26.150   0.042
  26.250   0.042
  26.350   0.041
  26.450   0.041
  26.550   0.041
  26.650   0.041
  26.750   0.040
  26.850   0.040
  26.950   0.040
  27.050   0.040
  27.150   0.040
  27.250   0.039
  27.350   0.039
  27.450   0.039
  27.550   0.039
  27.650   0.039
  27.750   0.039
  27.850   0.039
  27.950   0.038
  28.050   0.038
  28.150   0.038
  28.250   0.038
  28.350   0.038
  28.450   0.038
  28.550   0.037
  28.650   0.037
  28.750   0.037
  28.850   0.037
  28.950   0.037
  29.050   0.037
  29.150   0.037
  29.250   0.036
  29.350   0.036
  29.450   0.036
  29.550   0.036
  29.650   0.036
  29.750   0.036
  29.850   0.035
  29.950   0.035
