#Distance_(Ang) :G,G3,U,U3@P_=>_:WAT@O
       0.050000               0.000000
       0.150000               0.000000
       0.250000               0.000000
       0.350000               0.000000
       0.450000               0.000000
       0.550000               0.000000
       0.650000               0.000000
       0.750000               0.000000
       0.850000               0.000000
       0.950000               0.000000
       1.050000               0.000000
       1.150000               0.000000
       1.250000               0.000000
       1.350000               0.000000
       1.450000               0.000000
       1.550000               0.000000
       1.650000               0.000000
       1.750000               0.000000
       1.850000               0.000000
       1.950000               0.000000
       2.050000               0.000000
       2.150000               0.000000
       2.250000               0.000000
       2.350000               0.000000
       2.450000               0.000000
       2.550000               0.000000
       2.650000               0.000000
       2.750000               0.000000
       2.850000               0.000000
       2.950000               0.000014
       3.050000               0.000260
       3.150000               0.001890
       3.250000               0.007377
       3.350000               0.018031
       3.450000               0.030998
       3.550000               0.041118
       3.650000               0.045948
       3.750000               0.046474
       3.850000               0.044066
       3.950000               0.037769
       4.050000               0.028125
       4.150000               0.019021
       4.250000               0.013431
       4.350000               0.011120
       4.450000               0.010598
       4.550000               0.010884
       4.650000               0.011657
       4.750000               0.012597
       4.850000               0.013726
       4.950000               0.014963
       5.050000               0.016162
       5.150000               0.017414
       5.250000               0.018529
       5.350000               0.019619
       5.450000               0.020472
       5.550000               0.021270
       5.650000               0.021948
       5.750000               0.022560
       5.850000               0.023110
       5.950000               0.023515
       6.050000               0.023754
       6.150000               0.023721
       6.250000               0.023484
       6.350000               0.023055
       6.450000               0.022592
       6.550000               0.022189
       6.650000               0.021885
       6.750000               0.021746
       6.850000               0.021749
       6.950000               0.021912
       7.050000               0.022188
       7.150000               0.022559
       7.250000               0.022970
       7.350000               0.023339
       7.450000               0.023649
       7.550000               0.023943
       7.650000               0.024204
       7.750000               0.024416
       7.850000               0.024572
       7.950000               0.024770
       8.050000               0.024906
       8.150000               0.025064
       8.250000               0.025156
       8.350000               0.025224
       8.450000               0.025298
       8.550000               0.025364
       8.650000               0.025460
       8.750000               0.025520
       8.850000               0.025635
       8.950000               0.025739
       9.050000               0.025850
       9.150000               0.026013
       9.250000               0.026129
       9.350000               0.026311
       9.450000               0.026469
       9.550000               0.026617
       9.650000               0.026718
       9.750000               0.026844
       9.850000               0.026967
       9.950000               0.027072
      10.050000               0.027177
      10.150000               0.027273
      10.250000               0.027376
      10.350000               0.027436
      10.450000               0.027490
      10.550000               0.027512
      10.650000               0.027545
      10.750000               0.027577
      10.850000               0.027610
      10.950000               0.027688
      11.050000               0.027730
      11.150000               0.027806
      11.250000               0.027903
      11.350000               0.027977
      11.450000               0.028068
      11.550000               0.028159
      11.650000               0.028226
      11.750000               0.028320
      11.850000               0.028384
      11.950000               0.028473
      12.050000               0.028537
      12.150000               0.028629
      12.250000               0.028667
      12.350000               0.028750
      12.450000               0.028815
      12.550000               0.028866
      12.650000               0.028922
      12.750000               0.028968
      12.850000               0.029027
      12.950000               0.029045
      13.050000               0.029098
      13.150000               0.029116
      13.250000               0.029138
      13.350000               0.029159
      13.450000               0.029187
      13.550000               0.029252
      13.650000               0.029274
      13.750000               0.029322
      13.850000               0.029381
      13.950000               0.029421
      14.050000               0.029489
      14.150000               0.029545
      14.250000               0.029596
      14.350000               0.029644
      14.450000               0.029685
      14.550000               0.029740
      14.650000               0.029784
      14.750000               0.029830
      14.850000               0.029861
      14.950000               0.029904
      15.050000               0.029934
      15.150000               0.029966
      15.250000               0.029988
      15.350000               0.030007
      15.450000               0.030035
      15.550000               0.030053
      15.650000               0.030062
      15.750000               0.030057
      15.850000               0.030067
      15.950000               0.030073
      16.050000               0.030075
      16.150000               0.030091
      16.250000               0.030102
      16.350000               0.030112
      16.450000               0.030120
      16.550000               0.030144
      16.650000               0.030167
      16.750000               0.030198
      16.850000               0.030227
      16.950000               0.030265
      17.050000               0.030293
      17.150000               0.030336
      17.250000               0.030351
      17.350000               0.030394
      17.450000               0.030444
      17.550000               0.030475
      17.650000               0.030522
      17.750000               0.030539
      17.850000               0.030572
      17.950000               0.030584
      18.050000               0.030619
      18.150000               0.030634
      18.250000               0.030665
      18.350000               0.030679
      18.450000               0.030688
      18.550000               0.030711
      18.650000               0.030728
      18.750000               0.030726
      18.850000               0.030742
      18.950000               0.030767
      19.050000               0.030771
      19.150000               0.030799
      19.250000               0.030805
      19.350000               0.030829
      19.450000               0.030847
      19.550000               0.030854
      19.650000               0.030876
      19.750000               0.030897
      19.850000               0.030896
      19.950000               0.030916
      20.050000               0.030927
      20.150000               0.030945
      20.250000               0.030966
      20.350000               0.030963
      20.450000               0.030978
      20.550000               0.030994
      20.650000               0.030988
      20.750000               0.031004
      20.850000               0.031017
      20.950000               0.031018
      21.050000               0.031015
      21.150000               0.031030
      21.250000               0.031044
      21.350000               0.031056
      21.450000               0.031066
      21.550000               0.031083
      21.650000               0.031071
      21.750000               0.031089
      21.850000               0.031089
      21.950000               0.031110
      22.050000               0.031100
      22.150000               0.031111
      22.250000               0.031118
      22.350000               0.031131
      22.450000               0.031130
      22.550000               0.031129
      22.650000               0.031138
      22.750000               0.031147
      22.850000               0.031154
      22.950000               0.031154
      23.050000               0.031162
      23.150000               0.031162
      23.250000               0.031154
      23.350000               0.031172
      23.450000               0.031170
      23.550000               0.031173
      23.650000               0.031178
      23.750000               0.031183
      23.850000               0.031191
      23.950000               0.031195
      24.050000               0.031204
      24.150000               0.031207
      24.250000               0.031211
      24.350000               0.031209
      24.450000               0.031220
      24.550000               0.031224
      24.650000               0.031230
      24.750000               0.031237
      24.850000               0.031231
      24.950000               0.031250
      25.050000               0.031254
      25.150000               0.031258
      25.250000               0.031260
      25.350000               0.031266
      25.450000               0.031256
      25.550000               0.031271
      25.650000               0.031279
      25.750000               0.031284
      25.850000               0.031281
      25.950000               0.031290
      26.050000               0.031291
      26.150000               0.031288
      26.250000               0.031298
      26.350000               0.031296
      26.450000               0.031302
      26.550000               0.031315
      26.650000               0.031302
      26.750000               0.031317
      26.850000               0.031319
      26.950000               0.031318
      27.050000               0.031314
      27.150000               0.031311
      27.250000               0.031315
      27.350000               0.031321
      27.450000               0.031331
      27.550000               0.031324
      27.650000               0.031334
      27.750000               0.031332
      27.850000               0.031333
      27.950000               0.031337
      28.050000               0.031339
      28.150000               0.031341
      28.250000               0.031339
      28.350000               0.031339
      28.450000               0.031344
      28.550000               0.031350
      28.650000               0.031341
      28.750000               0.031350
      28.850000               0.031342
      28.950000               0.031351
      29.050000               0.031356
      29.150000               0.031357
      29.250000               0.031357
      29.350000               0.031351
      29.450000               0.031342
      29.550000               0.031348
      29.650000               0.031348
      29.750000               0.031354
      29.850000               0.031354
      29.950000               0.031351
