#Distance_(Ang) :A,A3,U,U3@P_=>_:WAT@O
       0.050000               0.000000
       0.150000               0.000000
       0.250000               0.000000
       0.350000               0.000000
       0.450000               0.000000
       0.550000               0.000000
       0.650000               0.000000
       0.750000               0.000000
       0.850000               0.000000
       0.950000               0.000000
       1.050000               0.000000
       1.150000               0.000000
       1.250000               0.000000
       1.350000               0.000000
       1.450000               0.000000
       1.550000               0.000000
       1.650000               0.000000
       1.750000               0.000000
       1.850000               0.000000
       1.950000               0.000000
       2.050000               0.000000
       2.150000               0.000000
       2.250000               0.000000
       2.350000               0.000000
       2.450000               0.000000
       2.550000               0.000000
       2.650000               0.000000
       2.750000               0.000000
       2.850000               0.000000
       2.950000               0.000015
       3.050000               0.000278
       3.150000               0.001989
       3.250000               0.007743
       3.350000               0.018895
       3.450000               0.032360
       3.550000               0.042593
       3.650000               0.047039
       3.750000               0.047158
       3.850000               0.044628
       3.950000               0.038563
       4.050000               0.029199
       4.150000               0.019890
       4.250000               0.014076
       4.350000               0.011624
       4.450000               0.010962
       4.550000               0.011212
       4.650000               0.011856
       4.750000               0.012759
       4.850000               0.013826
       4.950000               0.014991
       5.050000               0.016221
       5.150000               0.017407
       5.250000               0.018515
       5.350000               0.019539
       5.450000               0.020398
       5.550000               0.021209
       5.650000               0.021894
       5.750000               0.022604
       5.850000               0.023235
       5.950000               0.023627
       6.050000               0.023937
       6.150000               0.023921
       6.250000               0.023640
       6.350000               0.023189
       6.450000               0.022696
       6.550000               0.022239
       6.650000               0.021922
       6.750000               0.021784
       6.850000               0.021842
       6.950000               0.022030
       7.050000               0.022371
       7.150000               0.022805
       7.250000               0.023232
       7.350000               0.023651
       7.450000               0.024013
       7.550000               0.024369
       7.650000               0.024672
       7.750000               0.024913
       7.850000               0.025151
       7.950000               0.025385
       8.050000               0.025567
       8.150000               0.025711
       8.250000               0.025867
       8.350000               0.025930
       8.450000               0.026020
       8.550000               0.026076
       8.650000               0.026104
       8.750000               0.026163
       8.850000               0.026232
       8.950000               0.026271
       9.050000               0.026329
       9.150000               0.026421
       9.250000               0.026561
       9.350000               0.026683
       9.450000               0.026857
       9.550000               0.027032
       9.650000               0.027234
       9.750000               0.027420
       9.850000               0.027609
       9.950000               0.027797
      10.050000               0.027939
      10.150000               0.028064
      10.250000               0.028151
      10.350000               0.028223
      10.450000               0.028262
      10.550000               0.028296
      10.650000               0.028298
      10.750000               0.028298
      10.850000               0.028295
      10.950000               0.028286
      11.050000               0.028324
      11.150000               0.028364
      11.250000               0.028420
      11.350000               0.028440
      11.450000               0.028518
      11.550000               0.028570
      11.650000               0.028643
      11.750000               0.028725
      11.850000               0.028802
      11.950000               0.028899
      12.050000               0.028983
      12.150000               0.029077
      12.250000               0.029158
      12.350000               0.029250
      12.450000               0.029337
      12.550000               0.029394
      12.650000               0.029445
      12.750000               0.029500
      12.850000               0.029558
      12.950000               0.029583
      13.050000               0.029616
      13.150000               0.029648
      13.250000               0.029679
      13.350000               0.029709
      13.450000               0.029727
      13.550000               0.029743
      13.650000               0.029782
      13.750000               0.029817
      13.850000               0.029844
      13.950000               0.029881
      14.050000               0.029907
      14.150000               0.029947
      14.250000               0.029977
      14.350000               0.030018
      14.450000               0.030037
      14.550000               0.030071
      14.650000               0.030081
      14.750000               0.030105
      14.850000               0.030124
      14.950000               0.030149
      15.050000               0.030167
      15.150000               0.030207
      15.250000               0.030220
      15.350000               0.030230
      15.450000               0.030259
      15.550000               0.030284
      15.650000               0.030298
      15.750000               0.030323
      15.850000               0.030335
      15.950000               0.030345
      16.050000               0.030365
      16.150000               0.030382
      16.250000               0.030393
      16.350000               0.030417
      16.450000               0.030433
      16.550000               0.030434
      16.650000               0.030457
      16.750000               0.030474
      16.850000               0.030486
      16.950000               0.030498
      17.050000               0.030515
      17.150000               0.030519
      17.250000               0.030529
      17.350000               0.030549
      17.450000               0.030578
      17.550000               0.030585
      17.650000               0.030590
      17.750000               0.030611
      17.850000               0.030626
      17.950000               0.030646
      18.050000               0.030677
      18.150000               0.030670
      18.250000               0.030688
      18.350000               0.030692
      18.450000               0.030704
      18.550000               0.030722
      18.650000               0.030747
      18.750000               0.030756
      18.850000               0.030771
      18.950000               0.030770
      19.050000               0.030788
      19.150000               0.030804
      19.250000               0.030815
      19.350000               0.030826
      19.450000               0.030833
      19.550000               0.030850
      19.650000               0.030859
      19.750000               0.030876
      19.850000               0.030870
      19.950000               0.030885
      20.050000               0.030898
      20.150000               0.030901
      20.250000               0.030910
      20.350000               0.030930
      20.450000               0.030923
      20.550000               0.030934
      20.650000               0.030938
      20.750000               0.030943
      20.850000               0.030938
      20.950000               0.030956
      21.050000               0.030973
      21.150000               0.030980
      21.250000               0.030983
      21.350000               0.030985
      21.450000               0.030999
      21.550000               0.030999
      21.650000               0.031002
      21.750000               0.031013
      21.850000               0.031017
      21.950000               0.031024
      22.050000               0.031032
      22.150000               0.031039
      22.250000               0.031044
      22.350000               0.031052
      22.450000               0.031066
      22.550000               0.031056
      22.650000               0.031077
      22.750000               0.031087
      22.850000               0.031080
      22.950000               0.031086
      23.050000               0.031098
      23.150000               0.031102
      23.250000               0.031104
      23.350000               0.031117
      23.450000               0.031111
      23.550000               0.031124
      23.650000               0.031132
      23.750000               0.031128
      23.850000               0.031137
      23.950000               0.031137
      24.050000               0.031138
      24.150000               0.031148
      24.250000               0.031153
      24.350000               0.031151
      24.450000               0.031161
      24.550000               0.031163
      24.650000               0.031160
      24.750000               0.031167
      24.850000               0.031169
      24.950000               0.031178
      25.050000               0.031188
      25.150000               0.031188
      25.250000               0.031195
      25.350000               0.031187
      25.450000               0.031196
      25.550000               0.031209
      25.650000               0.031215
      25.750000               0.031211
      25.850000               0.031208
      25.950000               0.031213
      26.050000               0.031223
      26.150000               0.031220
      26.250000               0.031218
      26.350000               0.031226
      26.450000               0.031234
      26.550000               0.031232
      26.650000               0.031232
      26.750000               0.031239
      26.850000               0.031239
      26.950000               0.031251
      27.050000               0.031243
      27.150000               0.031252
      27.250000               0.031249
      27.350000               0.031249
      27.450000               0.031263
      27.550000               0.031259
      27.650000               0.031262
      27.750000               0.031270
      27.850000               0.031264
      27.950000               0.031279
      28.050000               0.031277
      28.150000               0.031277
      28.250000               0.031273
      28.350000               0.031275
      28.450000               0.031274
      28.550000               0.031284
      28.650000               0.031281
      28.750000               0.031285
      28.850000               0.031282
      28.950000               0.031284
      29.050000               0.031283
      29.150000               0.031283
      29.250000               0.031282
      29.350000               0.031293
      29.450000               0.031288
      29.550000               0.031288
      29.650000               0.031292
      29.750000               0.031298
      29.850000               0.031298
      29.950000               0.031294
