#Distance_(Ang) :1-10@O2,O4_=>_:WAT@O
       0.050000              0.000000
       0.150000              0.000000
       0.250000              0.000000
       0.350000              0.000000
       0.450000              0.000000
       0.550000              0.000000
       0.650000              0.000000
       0.750000              0.000000
       0.850000              0.000000
       0.950000              0.000000
       1.050000              0.000000
       1.150000              0.000000
       1.250000              0.000000
       1.350000              0.000000
       1.450000              0.000000
       1.550000              0.000000
       1.650000              0.000000
       1.750000              0.000000
       1.850000              0.000000
       1.950000              0.000000
       2.050000              0.000000
       2.150000              0.000000
       2.250000              0.000000
       2.350000              0.000003
       2.450000              0.000545
       2.550000              0.007845
       2.650000              0.024828
       2.750000              0.033508
       2.850000              0.030104
       2.950000              0.024151
       3.050000              0.020513
       3.150000              0.019208
       3.250000              0.019273
       3.350000              0.019960
       3.450000              0.020702
       3.550000              0.021275
       3.650000              0.021603
       3.750000              0.021609
       3.850000              0.021296
       3.950000              0.020770
       4.050000              0.020124
       4.150000              0.019598
       4.250000              0.019082
       4.350000              0.018732
       4.450000              0.018473
       4.550000              0.018347
       4.650000              0.018335
       4.750000              0.018474
       4.850000              0.018695
       4.950000              0.019059
       5.050000              0.019485
       5.150000              0.019973
       5.250000              0.020390
       5.350000              0.020689
       5.450000              0.020857
       5.550000              0.020951
       5.650000              0.021036
       5.750000              0.021193
       5.850000              0.021396
       5.950000              0.021638
       6.050000              0.021947
       6.150000              0.022249
       6.250000              0.022507
       6.350000              0.022773
       6.450000              0.023032
       6.550000              0.023287
       6.650000              0.023531
       6.750000              0.023799
       6.850000              0.024077
       6.950000              0.024309
       7.050000              0.024445
       7.150000              0.024407
       7.250000              0.024231
       7.350000              0.024077
       7.450000              0.023984
       7.550000              0.023924
       7.650000              0.023926
       7.750000              0.023963
       7.850000              0.024020
       7.950000              0.024069
       8.050000              0.024172
       8.150000              0.024254
       8.250000              0.024364
       8.350000              0.024494
       8.450000              0.024608
       8.550000              0.024747
       8.650000              0.024875
       8.750000              0.025005
       8.850000              0.025160
       8.950000              0.025314
       9.050000              0.025458
       9.150000              0.025619
       9.250000              0.025780
       9.350000              0.025966
       9.450000              0.026118
       9.550000              0.026268
       9.650000              0.026418
       9.750000              0.026540
       9.850000              0.026670
       9.950000              0.026793
      10.050000              0.026913
      10.150000              0.027025
      10.250000              0.027136
      10.350000              0.027276
      10.450000              0.027400
      10.550000              0.027521
      10.650000              0.027625
      10.750000              0.027696
      10.850000              0.027765
      10.950000              0.027830
      11.050000              0.027863
      11.150000              0.027887
      11.250000              0.027908
      11.350000              0.027926
      11.450000              0.027952
      11.550000              0.027956
      11.650000              0.028003
      11.750000              0.028064
      11.850000              0.028097
      11.950000              0.028166
      12.050000              0.028247
      12.150000              0.028315
      12.250000              0.028409
      12.350000              0.028469
      12.450000              0.028544
      12.550000              0.028619
      12.650000              0.028697
      12.750000              0.028762
      12.850000              0.028827
      12.950000              0.028910
      13.050000              0.028970
      13.150000              0.029026
      13.250000              0.029072
      13.350000              0.029108
      13.450000              0.029152
      13.550000              0.029191
      13.650000              0.029230
      13.750000              0.029275
      13.850000              0.029318
      13.950000              0.029358
      14.050000              0.029399
      14.150000              0.029441
      14.250000              0.029488
      14.350000              0.029526
      14.450000              0.029565
      14.550000              0.029611
      14.650000              0.029653
      14.750000              0.029687
      14.850000              0.029721
      14.950000              0.029756
      15.050000              0.029794
      15.150000              0.029814
      15.250000              0.029852
      15.350000              0.029883
      15.450000              0.029921
      15.550000              0.029949
      15.650000              0.029986
      15.750000              0.030022
      15.850000              0.030051
      15.950000              0.030087
      16.050000              0.030118
      16.150000              0.030154
      16.250000              0.030183
      16.350000              0.030212
      16.450000              0.030238
      16.550000              0.030277
      16.650000              0.030306
      16.750000              0.030324
      16.850000              0.030363
      16.950000              0.030390
      17.050000              0.030407
      17.150000              0.030434
      17.250000              0.030456
      17.350000              0.030486
      17.450000              0.030512
      17.550000              0.030528
      17.650000              0.030558
      17.750000              0.030577
      17.850000              0.030592
      17.950000              0.030620
      18.050000              0.030639
      18.150000              0.030660
      18.250000              0.030687
      18.350000              0.030704
      18.450000              0.030716
      18.550000              0.030750
      18.650000              0.030771
      18.750000              0.030779
      18.850000              0.030801
      18.950000              0.030814
      19.050000              0.030835
      19.150000              0.030842
      19.250000              0.030859
      19.350000              0.030883
      19.450000              0.030904
      19.550000              0.030913
      19.650000              0.030935
      19.750000              0.030943
      19.850000              0.030960
      19.950000              0.030972
      20.050000              0.030987
      20.150000              0.031007
      20.250000              0.031022
      20.350000              0.031031
      20.450000              0.031045
      20.550000              0.031062
      20.650000              0.031079
      20.750000              0.031089
      20.850000              0.031096
      20.950000              0.031113
      21.050000              0.031125
      21.150000              0.031135
      21.250000              0.031147
      21.350000              0.031161
      21.450000              0.031163
      21.550000              0.031180
      21.650000              0.031180
      21.750000              0.031197
      21.850000              0.031197
      21.950000              0.031199
      22.050000              0.031211
      22.150000              0.031218
      22.250000              0.031225
      22.350000              0.031227
      22.450000              0.031235
      22.550000              0.031247
      22.650000              0.031244
      22.750000              0.031250
      22.850000              0.031256
      22.950000              0.031267
      23.050000              0.031262
      23.150000              0.031262
      23.250000              0.031263
      23.350000              0.031267
      23.450000              0.031274
      23.550000              0.031274
      23.650000              0.031283
      23.750000              0.031276
      23.850000              0.031286
      23.950000              0.031288
      24.050000              0.031283
      24.150000              0.031291
      24.250000              0.031291
      24.350000              0.031291
      24.450000              0.031294
      24.550000              0.031290
      24.650000              0.031297
      24.750000              0.031300
      24.850000              0.031293
      24.950000              0.031303
      25.050000              0.031299
      25.150000              0.031301
      25.250000              0.031310
      25.350000              0.031309
      25.450000              0.031306
      25.550000              0.031306
      25.650000              0.031308
      25.750000              0.031306
      25.850000              0.031311
      25.950000              0.031312
      26.050000              0.031309
      26.150000              0.031312
      26.250000              0.031312
      26.350000              0.031312
      26.450000              0.031318
      26.550000              0.031310
      26.650000              0.031319
      26.750000              0.031318
      26.850000              0.031318
      26.950000              0.031320
      27.050000              0.031319
      27.150000              0.031322
      27.250000              0.031321
      27.350000              0.031330
      27.450000              0.031322
      27.550000              0.031325
      27.650000              0.031322
      27.750000              0.031327
      27.850000              0.031328
      27.950000              0.031326
      28.050000              0.031326
      28.150000              0.031326
      28.250000              0.031332
      28.350000              0.031330
      28.450000              0.031326
      28.550000              0.031324
      28.650000              0.031331
      28.750000              0.031330
      28.850000              0.031334
      28.950000              0.031331
      29.050000              0.031331
      29.150000              0.031331
      29.250000              0.031334
      29.350000              0.031334
      29.450000              0.031331
      29.550000              0.031334
      29.650000              0.031328
      29.750000              0.031335
      29.850000              0.031339
      29.950000              0.031339
