#Distance_(Ang) :C,C3@P_=>_:WAT@O
       0.050000          0.000000
       0.150000          0.000000
       0.250000          0.000000
       0.350000          0.000000
       0.450000          0.000000
       0.550000          0.000000
       0.650000          0.000000
       0.750000          0.000000
       0.850000          0.000000
       0.950000          0.000000
       1.050000          0.000000
       1.150000          0.000000
       1.250000          0.000000
       1.350000          0.000000
       1.450000          0.000000
       1.550000          0.000000
       1.650000          0.000000
       1.750000          0.000000
       1.850000          0.000000
       1.950000          0.000000
       2.050000          0.000000
       2.150000          0.000000
       2.250000          0.000000
       2.350000          0.000000
       2.450000          0.000000
       2.550000          0.000000
       2.650000          0.000000
       2.750000          0.000000
       2.850000          0.000000
       2.950000          0.000012
       3.050000          0.000237
       3.150000          0.001711
       3.250000          0.006645
       3.350000          0.016716
       3.450000          0.029549
       3.550000          0.040083
       3.650000          0.044950
       3.750000          0.045153
       3.850000          0.042187
       3.950000          0.036045
       4.050000          0.027046
       4.150000          0.018280
       4.250000          0.012833
       4.350000          0.010431
       4.450000          0.009824
       4.550000          0.010053
       4.650000          0.010712
       4.750000          0.011663
       4.850000          0.012750
       4.950000          0.013989
       5.050000          0.015303
       5.150000          0.016637
       5.250000          0.017838
       5.350000          0.018973
       5.450000          0.019969
       5.550000          0.020792
       5.650000          0.021502
       5.750000          0.022186
       5.850000          0.022672
       5.950000          0.023065
       6.050000          0.023240
       6.150000          0.023198
       6.250000          0.022945
       6.350000          0.022489
       6.450000          0.022014
       6.550000          0.021568
       6.650000          0.021268
       6.750000          0.021155
       6.850000          0.021210
       6.950000          0.021463
       7.050000          0.021811
       7.150000          0.022256
       7.250000          0.022730
       7.350000          0.023175
       7.450000          0.023533
       7.550000          0.023870
       7.650000          0.024193
       7.750000          0.024434
       7.850000          0.024665
       7.950000          0.024870
       8.050000          0.025033
       8.150000          0.025184
       8.250000          0.025282
       8.350000          0.025372
       8.450000          0.025487
       8.550000          0.025550
       8.650000          0.025679
       8.750000          0.025791
       8.850000          0.025913
       8.950000          0.026067
       9.050000          0.026236
       9.150000          0.026399
       9.250000          0.026587
       9.350000          0.026820
       9.450000          0.027068
       9.550000          0.027295
       9.650000          0.027565
       9.750000          0.027791
       9.850000          0.028013
       9.950000          0.028161
      10.050000          0.028282
      10.150000          0.028347
      10.250000          0.028352
      10.350000          0.028352
      10.450000          0.028298
      10.550000          0.028241
      10.650000          0.028197
      10.750000          0.028199
      10.850000          0.028211
      10.950000          0.028267
      11.050000          0.028390
      11.150000          0.028521
      11.250000          0.028623
      11.350000          0.028764
      11.450000          0.028890
      11.550000          0.028992
      11.650000          0.029073
      11.750000          0.029146
      11.850000          0.029214
      11.950000          0.029237
      12.050000          0.029285
      12.150000          0.029328
      12.250000          0.029342
      12.350000          0.029393
      12.450000          0.029422
      12.550000          0.029442
      12.650000          0.029469
      12.750000          0.029499
      12.850000          0.029531
      12.950000          0.029569
      13.050000          0.029610
      13.150000          0.029640
      13.250000          0.029687
      13.350000          0.029726
      13.450000          0.029780
      13.550000          0.029827
      13.650000          0.029869
      13.750000          0.029904
      13.850000          0.029955
      13.950000          0.029985
      14.050000          0.030018
      14.150000          0.030059
      14.250000          0.030089
      14.350000          0.030095
      14.450000          0.030123
      14.550000          0.030133
      14.650000          0.030157
      14.750000          0.030181
      14.850000          0.030198
      14.950000          0.030211
      15.050000          0.030237
      15.150000          0.030240
      15.250000          0.030250
      15.350000          0.030253
      15.450000          0.030276
      15.550000          0.030296
      15.650000          0.030300
      15.750000          0.030323
      15.850000          0.030334
      15.950000          0.030343
      16.050000          0.030369
      16.150000          0.030392
      16.250000          0.030401
      16.350000          0.030414
      16.450000          0.030440
      16.550000          0.030451
      16.650000          0.030476
      16.750000          0.030500
      16.850000          0.030510
      16.950000          0.030531
      17.050000          0.030542
      17.150000          0.030553
      17.250000          0.030564
      17.350000          0.030578
      17.450000          0.030582
      17.550000          0.030596
      17.650000          0.030616
      17.750000          0.030617
      17.850000          0.030620
      17.950000          0.030635
      18.050000          0.030650
      18.150000          0.030690
      18.250000          0.030685
      18.350000          0.030705
      18.450000          0.030715
      18.550000          0.030737
      18.650000          0.030748
      18.750000          0.030757
      18.850000          0.030761
      18.950000          0.030779
      19.050000          0.030784
      19.150000          0.030803
      19.250000          0.030806
      19.350000          0.030819
      19.450000          0.030831
      19.550000          0.030830
      19.650000          0.030843
      19.750000          0.030857
      19.850000          0.030863
      19.950000          0.030875
      20.050000          0.030873
      20.150000          0.030889
      20.250000          0.030888
      20.350000          0.030909
      20.450000          0.030917
      20.550000          0.030919
      20.650000          0.030928
      20.750000          0.030942
      20.850000          0.030946
      20.950000          0.030952
      21.050000          0.030977
      21.150000          0.030974
      21.250000          0.030982
      21.350000          0.030989
      21.450000          0.030996
      21.550000          0.030999
      21.650000          0.031010
      21.750000          0.031007
      21.850000          0.031022
      21.950000          0.031036
      22.050000          0.031030
      22.150000          0.031058
      22.250000          0.031052
      22.350000          0.031056
      22.450000          0.031067
      22.550000          0.031073
      22.650000          0.031081
      22.750000          0.031086
      22.850000          0.031089
      22.950000          0.031093
      23.050000          0.031104
      23.150000          0.031099
      23.250000          0.031098
      23.350000          0.031114
      23.450000          0.031114
      23.550000          0.031124
      23.650000          0.031138
      23.750000          0.031131
      23.850000          0.031142
      23.950000          0.031148
      24.050000          0.031152
      24.150000          0.031157
      24.250000          0.031159
      24.350000          0.031156
      24.450000          0.031167
      24.550000          0.031176
      24.650000          0.031188
      24.750000          0.031175
      24.850000          0.031177
      24.950000          0.031187
      25.050000          0.031200
      25.150000          0.031201
      25.250000          0.031200
      25.350000          0.031210
      25.450000          0.031208
      25.550000          0.031224
      25.650000          0.031221
      25.750000          0.031222
      25.850000          0.031230
      25.950000          0.031228
      26.050000          0.031235
      26.150000          0.031243
      26.250000          0.031239
      26.350000          0.031249
      26.450000          0.031244
      26.550000          0.031249
      26.650000          0.031254
      26.750000          0.031256
      26.850000          0.031256
      26.950000          0.031267
      27.050000          0.031270
      27.150000          0.031278
      27.250000          0.031279
      27.350000          0.031275
      27.450000          0.031277
      27.550000          0.031278
      27.650000          0.031280
      27.750000          0.031283
      27.850000          0.031287
      27.950000          0.031285
      28.050000          0.031291
      28.150000          0.031295
      28.250000          0.031289
      28.350000          0.031290
      28.450000          0.031301
      28.550000          0.031302
      28.650000          0.031301
      28.750000          0.031308
      28.850000          0.031309
      28.950000          0.031307
      29.050000          0.031308
      29.150000          0.031316
      29.250000          0.031309
      29.350000          0.031317
      29.450000          0.031308
      29.550000          0.031314
      29.650000          0.031318
      29.750000          0.031320
      29.850000          0.031324
      29.950000          0.031320
