#Distance_(Ang) :G,G3,C,C3@P_=>_:WAT@O
       0.050000               0.000000
       0.150000               0.000000
       0.250000               0.000000
       0.350000               0.000000
       0.450000               0.000000
       0.550000               0.000000
       0.650000               0.000000
       0.750000               0.000000
       0.850000               0.000000
       0.950000               0.000000
       1.050000               0.000000
       1.150000               0.000000
       1.250000               0.000000
       1.350000               0.000000
       1.450000               0.000000
       1.550000               0.000000
       1.650000               0.000000
       1.750000               0.000000
       1.850000               0.000000
       1.950000               0.000000
       2.050000               0.000000
       2.150000               0.000000
       2.250000               0.000000
       2.350000               0.000000
       2.450000               0.000000
       2.550000               0.000000
       2.650000               0.000000
       2.750000               0.000000
       2.850000               0.000000
       2.950000               0.000016
       3.050000               0.000293
       3.150000               0.002099
       3.250000               0.007900
       3.350000               0.018536
       3.450000               0.030857
       3.550000               0.039700
       3.650000               0.043274
       3.750000               0.043292
       3.850000               0.040968
       3.950000               0.035637
       4.050000               0.027410
       4.150000               0.019049
       4.250000               0.013594
       4.350000               0.011124
       4.450000               0.010429
       4.550000               0.010534
       4.650000               0.011010
       4.750000               0.011717
       4.850000               0.012568
       4.950000               0.013531
       5.050000               0.014535
       5.150000               0.015565
       5.250000               0.016539
       5.350000               0.017461
       5.450000               0.018346
       5.550000               0.019181
       5.650000               0.019895
       5.750000               0.020608
       5.850000               0.021262
       5.950000               0.021792
       6.050000               0.022183
       6.150000               0.022317
       6.250000               0.022254
       6.350000               0.022015
       6.450000               0.021698
       6.550000               0.021465
       6.650000               0.021258
       6.750000               0.021118
       6.850000               0.021098
       6.950000               0.021232
       7.050000               0.021456
       7.150000               0.021750
       7.250000               0.022061
       7.350000               0.022327
       7.450000               0.022608
       7.550000               0.022869
       7.650000               0.023083
       7.750000               0.023293
       7.850000               0.023521
       7.950000               0.023710
       8.050000               0.023913
       8.150000               0.024130
       8.250000               0.024288
       8.350000               0.024451
       8.450000               0.024602
       8.550000               0.024761
       8.650000               0.024919
       8.750000               0.025032
       8.850000               0.025115
       8.950000               0.025170
       9.050000               0.025219
       9.150000               0.025306
       9.250000               0.025385
       9.350000               0.025470
       9.450000               0.025600
       9.550000               0.025736
       9.650000               0.025871
       9.750000               0.026090
       9.850000               0.026282
       9.950000               0.026457
      10.050000               0.026620
      10.150000               0.026745
      10.250000               0.026871
      10.350000               0.026969
      10.450000               0.027046
      10.550000               0.027101
      10.650000               0.027191
      10.750000               0.027245
      10.850000               0.027317
      10.950000               0.027412
      11.050000               0.027522
      11.150000               0.027626
      11.250000               0.027773
      11.350000               0.027891
      11.450000               0.028031
      11.550000               0.028161
      11.650000               0.028265
      11.750000               0.028368
      11.850000               0.028432
      11.950000               0.028508
      12.050000               0.028571
      12.150000               0.028615
      12.250000               0.028673
      12.350000               0.028719
      12.450000               0.028744
      12.550000               0.028790
      12.650000               0.028845
      12.750000               0.028885
      12.850000               0.028921
      12.950000               0.028981
      13.050000               0.029024
      13.150000               0.029075
      13.250000               0.029151
      13.350000               0.029177
      13.450000               0.029227
      13.550000               0.029273
      13.650000               0.029322
      13.750000               0.029382
      13.850000               0.029400
      13.950000               0.029438
      14.050000               0.029478
      14.150000               0.029525
      14.250000               0.029565
      14.350000               0.029578
      14.450000               0.029614
      14.550000               0.029632
      14.650000               0.029654
      14.750000               0.029673
      14.850000               0.029698
      14.950000               0.029736
      15.050000               0.029763
      15.150000               0.029794
      15.250000               0.029816
      15.350000               0.029840
      15.450000               0.029881
      15.550000               0.029917
      15.650000               0.029952
      15.750000               0.029994
      15.850000               0.030035
      15.950000               0.030060
      16.050000               0.030091
      16.150000               0.030117
      16.250000               0.030145
      16.350000               0.030188
      16.450000               0.030207
      16.550000               0.030232
      16.650000               0.030262
      16.750000               0.030268
      16.850000               0.030295
      16.950000               0.030317
      17.050000               0.030355
      17.150000               0.030370
      17.250000               0.030389
      17.350000               0.030407
      17.450000               0.030425
      17.550000               0.030440
      17.650000               0.030469
      17.750000               0.030494
      17.850000               0.030502
      17.950000               0.030525
      18.050000               0.030557
      18.150000               0.030573
      18.250000               0.030596
      18.350000               0.030613
      18.450000               0.030634
      18.550000               0.030668
      18.650000               0.030691
      18.750000               0.030706
      18.850000               0.030740
      18.950000               0.030754
      19.050000               0.030764
      19.150000               0.030796
      19.250000               0.030819
      19.350000               0.030839
      19.450000               0.030864
      19.550000               0.030877
      19.650000               0.030900
      19.750000               0.030905
      19.850000               0.030943
      19.950000               0.030952
      20.050000               0.030966
      20.150000               0.030984
      20.250000               0.030995
      20.350000               0.031020
      20.450000               0.031042
      20.550000               0.031044
      20.650000               0.031051
      20.750000               0.031066
      20.850000               0.031085
      20.950000               0.031094
      21.050000               0.031112
      21.150000               0.031125
      21.250000               0.031128
      21.350000               0.031147
      21.450000               0.031155
      21.550000               0.031152
      21.650000               0.031173
      21.750000               0.031175
      21.850000               0.031189
      21.950000               0.031192
      22.050000               0.031211
      22.150000               0.031204
      22.250000               0.031218
      22.350000               0.031223
      22.450000               0.031233
      22.550000               0.031242
      22.650000               0.031239
      22.750000               0.031256
      22.850000               0.031257
      22.950000               0.031252
      23.050000               0.031263
      23.150000               0.031265
      23.250000               0.031269
      23.350000               0.031272
      23.450000               0.031283
      23.550000               0.031281
      23.650000               0.031278
      23.750000               0.031286
      23.850000               0.031293
      23.950000               0.031291
      24.050000               0.031296
      24.150000               0.031302
      24.250000               0.031318
      24.350000               0.031305
      24.450000               0.031315
      24.550000               0.031313
      24.650000               0.031323
      24.750000               0.031326
      24.850000               0.031322
      24.950000               0.031329
      25.050000               0.031325
      25.150000               0.031332
      25.250000               0.031327
      25.350000               0.031338
      25.450000               0.031332
      25.550000               0.031347
      25.650000               0.031337
      25.750000               0.031334
      25.850000               0.031346
      25.950000               0.031340
      26.050000               0.031341
      26.150000               0.031336
      26.250000               0.031343
      26.350000               0.031345
      26.450000               0.031349
      26.550000               0.031339
      26.650000               0.031347
      26.750000               0.031349
      26.850000               0.031355
      26.950000               0.031341
      27.050000               0.031344
      27.150000               0.031357
      27.250000               0.031343
      27.350000               0.031347
      27.450000               0.031343
      27.550000               0.031347
      27.650000               0.031350
      27.750000               0.031351
      27.850000               0.031351
      27.950000               0.031355
      28.050000               0.031353
      28.150000               0.031360
      28.250000               0.031351
      28.350000               0.031348
      28.450000               0.031357
      28.550000               0.031351
      28.650000               0.031356
      28.750000               0.031356
      28.850000               0.031357
      28.950000               0.031356
      29.050000               0.031359
      29.150000               0.031350
      29.250000               0.031357
      29.350000               0.031354
      29.450000               0.031353
      29.550000               0.031357
      29.650000               0.031360
      29.750000               0.031358
      29.850000               0.031352
      29.950000               0.031352
