#Distance_(Ang) :A,A3@P_=>_:WAT@O
       0.050000          0.000000
       0.150000          0.000000
       0.250000          0.000000
       0.350000          0.000000
       0.450000          0.000000
       0.550000          0.000000
       0.650000          0.000000
       0.750000          0.000000
       0.850000          0.000000
       0.950000          0.000000
       1.050000          0.000000
       1.150000          0.000000
       1.250000          0.000000
       1.350000          0.000000
       1.450000          0.000000
       1.550000          0.000000
       1.650000          0.000000
       1.750000          0.000000
       1.850000          0.000000
       1.950000          0.000000
       2.050000          0.000000
       2.150000          0.000000
       2.250000          0.000000
       2.350000          0.000000
       2.450000          0.000000
       2.550000          0.000000
       2.650000          0.000000
       2.750000          0.000000
       2.850000          0.000000
       2.950000          0.000015
       3.050000          0.000272
       3.150000          0.002006
       3.250000          0.007733
       3.350000          0.018864
       3.450000          0.032500
       3.550000          0.042934
       3.650000          0.047379
       3.750000          0.047798
       3.850000          0.045927
       3.950000          0.040380
       4.050000          0.030521
       4.150000          0.020833
       4.250000          0.014865
       4.350000          0.012329
       4.450000          0.011732
       4.550000          0.012049
       4.650000          0.012828
       4.750000          0.013832
       4.850000          0.015007
       4.950000          0.016329
       5.050000          0.017671
       5.150000          0.019045
       5.250000          0.020282
       5.350000          0.021344
       5.450000          0.022284
       5.550000          0.023066
       5.650000          0.023749
       5.750000          0.024370
       5.850000          0.024970
       5.950000          0.025484
       6.050000          0.025707
       6.150000          0.025664
       6.250000          0.025329
       6.350000          0.024763
       6.450000          0.024254
       6.550000          0.023733
       6.650000          0.023390
       6.750000          0.023261
       6.850000          0.023307
       6.950000          0.023494
       7.050000          0.023877
       7.150000          0.024368
       7.250000          0.024799
       7.350000          0.025221
       7.450000          0.025609
       7.550000          0.025945
       7.650000          0.026277
       7.750000          0.026537
       7.850000          0.026735
       7.950000          0.026939
       8.050000          0.027081
       8.150000          0.027196
       8.250000          0.027248
       8.350000          0.027292
       8.450000          0.027256
       8.550000          0.027225
       8.650000          0.027204
       8.750000          0.027190
       8.850000          0.027153
       8.950000          0.027145
       9.050000          0.027163
       9.150000          0.027201
       9.250000          0.027306
       9.350000          0.027350
       9.450000          0.027468
       9.550000          0.027627
       9.650000          0.027773
       9.750000          0.027923
       9.850000          0.028098
       9.950000          0.028281
      10.050000          0.028457
      10.150000          0.028671
      10.250000          0.028824
      10.350000          0.028971
      10.450000          0.029078
      10.550000          0.029143
      10.650000          0.029194
      10.750000          0.029221
      10.850000          0.029211
      10.950000          0.029221
      11.050000          0.029210
      11.150000          0.029221
      11.250000          0.029219
      11.350000          0.029252
      11.450000          0.029300
      11.550000          0.029390
      11.650000          0.029450
      11.750000          0.029539
      11.850000          0.029668
      11.950000          0.029772
      12.050000          0.029854
      12.150000          0.029936
      12.250000          0.029977
      12.350000          0.029987
      12.450000          0.029999
      12.550000          0.030001
      12.650000          0.030012
      12.750000          0.030001
      12.850000          0.029986
      12.950000          0.030006
      13.050000          0.030005
      13.150000          0.029995
      13.250000          0.030000
      13.350000          0.029995
      13.450000          0.030005
      13.550000          0.029999
      13.650000          0.030033
      13.750000          0.030068
      13.850000          0.030076
      13.950000          0.030135
      14.050000          0.030166
      14.150000          0.030214
      14.250000          0.030262
      14.350000          0.030303
      14.450000          0.030345
      14.550000          0.030385
      14.650000          0.030417
      14.750000          0.030472
      14.850000          0.030496
      14.950000          0.030511
      15.050000          0.030516
      15.150000          0.030530
      15.250000          0.030550
      15.350000          0.030560
      15.450000          0.030564
      15.550000          0.030562
      15.650000          0.030564
      15.750000          0.030542
      15.850000          0.030530
      15.950000          0.030531
      16.050000          0.030513
      16.150000          0.030503
      16.250000          0.030502
      16.350000          0.030498
      16.450000          0.030512
      16.550000          0.030502
      16.650000          0.030530
      16.750000          0.030531
      16.850000          0.030568
      16.950000          0.030570
      17.050000          0.030580
      17.150000          0.030601
      17.250000          0.030626
      17.350000          0.030624
      17.450000          0.030657
      17.550000          0.030684
      17.650000          0.030689
      17.750000          0.030714
      17.850000          0.030715
      17.950000          0.030736
      18.050000          0.030748
      18.150000          0.030743
      18.250000          0.030757
      18.350000          0.030779
      18.450000          0.030770
      18.550000          0.030790
      18.650000          0.030782
      18.750000          0.030804
      18.850000          0.030797
      18.950000          0.030811
      19.050000          0.030809
      19.150000          0.030800
      19.250000          0.030816
      19.350000          0.030811
      19.450000          0.030815
      19.550000          0.030822
      19.650000          0.030819
      19.750000          0.030835
      19.850000          0.030836
      19.950000          0.030840
      20.050000          0.030846
      20.150000          0.030863
      20.250000          0.030867
      20.350000          0.030874
      20.450000          0.030892
      20.550000          0.030883
      20.650000          0.030888
      20.750000          0.030908
      20.850000          0.030901
      20.950000          0.030910
      21.050000          0.030918
      21.150000          0.030931
      21.250000          0.030938
      21.350000          0.030933
      21.450000          0.030940
      21.550000          0.030947
      21.650000          0.030942
      21.750000          0.030956
      21.850000          0.030951
      21.950000          0.030951
      22.050000          0.030958
      22.150000          0.030954
      22.250000          0.030957
      22.350000          0.030968
      22.450000          0.030972
      22.550000          0.030971
      22.650000          0.030967
      22.750000          0.030984
      22.850000          0.030993
      22.950000          0.030991
      23.050000          0.031001
      23.150000          0.030998
      23.250000          0.031002
      23.350000          0.031006
      23.450000          0.031009
      23.550000          0.031010
      23.650000          0.031016
      23.750000          0.031016
      23.850000          0.031015
      23.950000          0.031037
      24.050000          0.031026
      24.150000          0.031029
      24.250000          0.031025
      24.350000          0.031031
      24.450000          0.031034
      24.550000          0.031046
      24.650000          0.031042
      24.750000          0.031049
      24.850000          0.031047
      24.950000          0.031054
      25.050000          0.031057
      25.150000          0.031063
      25.250000          0.031058
      25.350000          0.031069
      25.450000          0.031076
      25.550000          0.031074
      25.650000          0.031079
      25.750000          0.031074
      25.850000          0.031094
      25.950000          0.031082
      26.050000          0.031096
      26.150000          0.031101
      26.250000          0.031091
      26.350000          0.031097
      26.450000          0.031102
      26.550000          0.031103
      26.650000          0.031103
      26.750000          0.031102
      26.850000          0.031101
      26.950000          0.031108
      27.050000          0.031115
      27.150000          0.031112
      27.250000          0.031123
      27.350000          0.031118
      27.450000          0.031129
      27.550000          0.031134
      27.650000          0.031132
      27.750000          0.031129
      27.850000          0.031129
      27.950000          0.031139
      28.050000          0.031136
      28.150000          0.031143
      28.250000          0.031146
      28.350000          0.031150
      28.450000          0.031153
      28.550000          0.031151
      28.650000          0.031157
      28.750000          0.031163
      28.850000          0.031159
      28.950000          0.031168
      29.050000          0.031168
      29.150000          0.031176
      29.250000          0.031172
      29.350000          0.031171
      29.450000          0.031177
      29.550000          0.031185
      29.650000          0.031186
      29.750000          0.031189
      29.850000          0.031189
      29.950000          0.031187
