#Distance_(Ang) :G,G3@P_=>_:WAT@O
       0.050000          0.000000
       0.150000          0.000000
       0.250000          0.000000
       0.350000          0.000000
       0.450000          0.000000
       0.550000          0.000000
       0.650000          0.000000
       0.750000          0.000000
       0.850000          0.000000
       0.950000          0.000000
       1.050000          0.000000
       1.150000          0.000000
       1.250000          0.000000
       1.350000          0.000000
       1.450000          0.000000
       1.550000          0.000000
       1.650000          0.000000
       1.750000          0.000000
       1.850000          0.000000
       1.950000          0.000000
       2.050000          0.000000
       2.150000          0.000000
       2.250000          0.000000
       2.350000          0.000000
       2.450000          0.000000
       2.550000          0.000000
       2.650000          0.000000
       2.750000          0.000000
       2.850000          0.000000
       2.950000          0.000014
       3.050000          0.000258
       3.150000          0.001888
       3.250000          0.007235
       3.350000          0.017655
       3.450000          0.030385
       3.550000          0.040026
       3.650000          0.044050
       3.750000          0.043948
       3.850000          0.042020
       3.950000          0.037229
       4.050000          0.028464
       4.150000          0.019298
       4.250000          0.013665
       4.350000          0.011270
       4.450000          0.010722
       4.550000          0.010999
       4.650000          0.011789
       4.750000          0.012799
       4.850000          0.013994
       4.950000          0.015320
       5.050000          0.016653
       5.150000          0.017976
       5.250000          0.019154
       5.350000          0.020176
       5.450000          0.020994
       5.550000          0.021726
       5.650000          0.022289
       5.750000          0.022796
       5.850000          0.023260
       5.950000          0.023536
       6.050000          0.023712
       6.150000          0.023653
       6.250000          0.023338
       6.350000          0.022906
       6.450000          0.022405
       6.550000          0.022010
       6.650000          0.021719
       6.750000          0.021616
       6.850000          0.021726
       6.950000          0.021949
       7.050000          0.022275
       7.150000          0.022651
       7.250000          0.023059
       7.350000          0.023444
       7.450000          0.023784
       7.550000          0.024018
       7.650000          0.024212
       7.750000          0.024348
       7.850000          0.024475
       7.950000          0.024544
       8.050000          0.024613
       8.150000          0.024620
       8.250000          0.024632
       8.350000          0.024605
       8.450000          0.024607
       8.550000          0.024580
       8.650000          0.024563
       8.750000          0.024561
       8.850000          0.024557
       8.950000          0.024588
       9.050000          0.024657
       9.150000          0.024740
       9.250000          0.024847
       9.350000          0.024974
       9.450000          0.025099
       9.550000          0.025272
       9.650000          0.025427
       9.750000          0.025592
       9.850000          0.025765
       9.950000          0.025930
      10.050000          0.026115
      10.150000          0.026316
      10.250000          0.026482
      10.350000          0.026611
      10.450000          0.026747
      10.550000          0.026836
      10.650000          0.026908
      10.750000          0.026958
      10.850000          0.027017
      10.950000          0.027056
      11.050000          0.027103
      11.150000          0.027189
      11.250000          0.027276
      11.350000          0.027390
      11.450000          0.027505
      11.550000          0.027626
      11.650000          0.027744
      11.750000          0.027887
      11.850000          0.028036
      11.950000          0.028149
      12.050000          0.028292
      12.150000          0.028393
      12.250000          0.028435
      12.350000          0.028455
      12.450000          0.028473
      12.550000          0.028485
      12.650000          0.028513
      12.750000          0.028528
      12.850000          0.028545
      12.950000          0.028554
      13.050000          0.028590
      13.150000          0.028628
      13.250000          0.028654
      13.350000          0.028684
      13.450000          0.028751
      13.550000          0.028828
      13.650000          0.028917
      13.750000          0.029014
      13.850000          0.029094
      13.950000          0.029200
      14.050000          0.029287
      14.150000          0.029389
      14.250000          0.029492
      14.350000          0.029575
      14.450000          0.029660
      14.550000          0.029728
      14.650000          0.029812
      14.750000          0.029853
      14.850000          0.029905
      14.950000          0.029916
      15.050000          0.029951
      15.150000          0.029975
      15.250000          0.029993
      15.350000          0.030013
      15.450000          0.030047
      15.550000          0.030044
      15.650000          0.030080
      15.750000          0.030105
      15.850000          0.030134
      15.950000          0.030164
      16.050000          0.030196
      16.150000          0.030222
      16.250000          0.030245
      16.350000          0.030277
      16.450000          0.030305
      16.550000          0.030343
      16.650000          0.030356
      16.750000          0.030392
      16.850000          0.030402
      16.950000          0.030447
      17.050000          0.030471
      17.150000          0.030483
      17.250000          0.030533
      17.350000          0.030543
      17.450000          0.030563
      17.550000          0.030599
      17.650000          0.030600
      17.750000          0.030631
      17.850000          0.030641
      17.950000          0.030668
      18.050000          0.030678
      18.150000          0.030703
      18.250000          0.030725
      18.350000          0.030740
      18.450000          0.030763
      18.550000          0.030771
      18.650000          0.030798
      18.750000          0.030816
      18.850000          0.030842
      18.950000          0.030851
      19.050000          0.030865
      19.150000          0.030885
      19.250000          0.030902
      19.350000          0.030915
      19.450000          0.030923
      19.550000          0.030934
      19.650000          0.030943
      19.750000          0.030952
      19.850000          0.030961
      19.950000          0.030966
      20.050000          0.030981
      20.150000          0.030980
      20.250000          0.030985
      20.350000          0.030996
      20.450000          0.031004
      20.550000          0.031013
      20.650000          0.031016
      20.750000          0.031018
      20.850000          0.031037
      20.950000          0.031029
      21.050000          0.031050
      21.150000          0.031047
      21.250000          0.031070
      21.350000          0.031065
      21.450000          0.031077
      21.550000          0.031089
      21.650000          0.031104
      21.750000          0.031106
      21.850000          0.031119
      21.950000          0.031118
      22.050000          0.031120
      22.150000          0.031133
      22.250000          0.031140
      22.350000          0.031154
      22.450000          0.031154
      22.550000          0.031155
      22.650000          0.031162
      22.750000          0.031158
      22.850000          0.031150
      22.950000          0.031170
      23.050000          0.031160
      23.150000          0.031170
      23.250000          0.031169
      23.350000          0.031176
      23.450000          0.031184
      23.550000          0.031179
      23.650000          0.031182
      23.750000          0.031204
      23.850000          0.031208
      23.950000          0.031197
      24.050000          0.031202
      24.150000          0.031218
      24.250000          0.031213
      24.350000          0.031222
      24.450000          0.031212
      24.550000          0.031224
      24.650000          0.031226
      24.750000          0.031227
      24.850000          0.031230
      24.950000          0.031241
      25.050000          0.031239
      25.150000          0.031244
      25.250000          0.031245
      25.350000          0.031251
      25.450000          0.031256
      25.550000          0.031265
      25.650000          0.031252
      25.750000          0.031258
      25.850000          0.031268
      25.950000          0.031270
      26.050000          0.031268
      26.150000          0.031277
      26.250000          0.031272
      26.350000          0.031277
      26.450000          0.031287
      26.550000          0.031283
      26.650000          0.031291
      26.750000          0.031278
      26.850000          0.031295
      26.950000          0.031289
      27.050000          0.031290
      27.150000          0.031289
      27.250000          0.031297
      27.350000          0.031296
      27.450000          0.031296
      27.550000          0.031308
      27.650000          0.031299
      27.750000          0.031306
      27.850000          0.031304
      27.950000          0.031308
      28.050000          0.031307
      28.150000          0.031310
      28.250000          0.031313
      28.350000          0.031309
      28.450000          0.031313
      28.550000          0.031335
      28.650000          0.031319
      28.750000          0.031321
      28.850000          0.031324
      28.950000          0.031330
      29.050000          0.031337
      29.150000          0.031321
      29.250000          0.031327
      29.350000          0.031326
      29.450000          0.031332
      29.550000          0.031334
      29.650000          0.031341
      29.750000          0.031339
      29.850000          0.031345
      29.950000          0.031342
