#Distance_(Ang) :1-10@O6_=>_:WAT@O
       0.050000           0.000000
       0.150000           0.000000
       0.250000           0.000000
       0.350000           0.000000
       0.450000           0.000000
       0.550000           0.000000
       0.650000           0.000000
       0.750000           0.000000
       0.850000           0.000000
       0.950000           0.000000
       1.050000           0.000000
       1.150000           0.000000
       1.250000           0.000000
       1.350000           0.000000
       1.450000           0.000000
       1.550000           0.000000
       1.650000           0.000000
       1.750000           0.000000
       1.850000           0.000000
       1.950000           0.000000
       2.050000           0.000000
       2.150000           0.000000
       2.250000           0.000000
       2.350000           0.000003
       2.450000           0.000668
       2.550000           0.009365
       2.650000           0.029114
       2.750000           0.038620
       2.850000           0.033685
       2.950000           0.025905
       3.050000           0.020806
       3.150000           0.018372
       3.250000           0.017522
       3.350000           0.017458
       3.450000           0.017704
       3.550000           0.018079
       3.650000           0.018347
       3.750000           0.018602
       3.850000           0.018821
       3.950000           0.019026
       4.050000           0.019075
       4.150000           0.018954
       4.250000           0.018708
       4.350000           0.018424
       4.450000           0.018141
       4.550000           0.017901
       4.650000           0.017762
       4.750000           0.017770
       4.850000           0.017851
       4.950000           0.018020
       5.050000           0.018266
       5.150000           0.018543
       5.250000           0.018773
       5.350000           0.018942
       5.450000           0.018984
       5.550000           0.019050
       5.650000           0.019148
       5.750000           0.019336
       5.850000           0.019616
       5.950000           0.019978
       6.050000           0.020403
       6.150000           0.020853
       6.250000           0.021345
       6.350000           0.021723
       6.450000           0.022159
       6.550000           0.022537
       6.650000           0.022980
       6.750000           0.023390
       6.850000           0.023753
       6.950000           0.023923
       7.050000           0.024138
       7.150000           0.024245
       7.250000           0.024160
       7.350000           0.023786
       7.450000           0.023307
       7.550000           0.022860
       7.650000           0.022521
       7.750000           0.022273
       7.850000           0.022099
       7.950000           0.022022
       8.050000           0.021983
       8.150000           0.021999
       8.250000           0.022069
       8.350000           0.022175
       8.450000           0.022313
       8.550000           0.022475
       8.650000           0.022654
       8.750000           0.022830
       8.850000           0.023062
       8.950000           0.023261
       9.050000           0.023450
       9.150000           0.023639
       9.250000           0.023851
       9.350000           0.024052
       9.450000           0.024268
       9.550000           0.024508
       9.650000           0.024745
       9.750000           0.024976
       9.850000           0.025202
       9.950000           0.025399
      10.050000           0.025625
      10.150000           0.025789
      10.250000           0.025974
      10.350000           0.026162
      10.450000           0.026332
      10.550000           0.026503
      10.650000           0.026705
      10.750000           0.026897
      10.850000           0.027082
      10.950000           0.027292
      11.050000           0.027486
      11.150000           0.027623
      11.250000           0.027739
      11.350000           0.027839
      11.450000           0.027887
      11.550000           0.027927
      11.650000           0.027955
      11.750000           0.027972
      11.850000           0.028001
      11.950000           0.028009
      12.050000           0.028036
      12.150000           0.028081
      12.250000           0.028123
      12.350000           0.028191
      12.450000           0.028260
      12.550000           0.028334
      12.650000           0.028430
      12.750000           0.028509
      12.850000           0.028618
      12.950000           0.028707
      13.050000           0.028820
      13.150000           0.028934
      13.250000           0.029047
      13.350000           0.029148
      13.450000           0.029245
      13.550000           0.029347
      13.650000           0.029423
      13.750000           0.029465
      13.850000           0.029526
      13.950000           0.029571
      14.050000           0.029630
      14.150000           0.029682
      14.250000           0.029732
      14.350000           0.029791
      14.450000           0.029826
      14.550000           0.029859
      14.650000           0.029896
      14.750000           0.029939
      14.850000           0.029947
      14.950000           0.029984
      15.050000           0.030001
      15.150000           0.030010
      15.250000           0.030042
      15.350000           0.030049
      15.450000           0.030063
      15.550000           0.030084
      15.650000           0.030109
      15.750000           0.030140
      15.850000           0.030162
      15.950000           0.030197
      16.050000           0.030221
      16.150000           0.030266
      16.250000           0.030297
      16.350000           0.030329
      16.450000           0.030362
      16.550000           0.030402
      16.650000           0.030440
      16.750000           0.030491
      16.850000           0.030510
      16.950000           0.030543
      17.050000           0.030572
      17.150000           0.030596
      17.250000           0.030629
      17.350000           0.030646
      17.450000           0.030680
      17.550000           0.030695
      17.650000           0.030724
      17.750000           0.030743
      17.850000           0.030752
      17.950000           0.030761
      18.050000           0.030777
      18.150000           0.030789
      18.250000           0.030799
      18.350000           0.030810
      18.450000           0.030819
      18.550000           0.030837
      18.650000           0.030850
      18.750000           0.030865
      18.850000           0.030851
      18.950000           0.030872
      19.050000           0.030883
      19.150000           0.030892
      19.250000           0.030900
      19.350000           0.030926
      19.450000           0.030923
      19.550000           0.030940
      19.650000           0.030953
      19.750000           0.030959
      19.850000           0.030963
      19.950000           0.030987
      20.050000           0.030994
      20.150000           0.030997
      20.250000           0.031010
      20.350000           0.031012
      20.450000           0.031012
      20.550000           0.031017
      20.650000           0.031031
      20.750000           0.031034
      20.850000           0.031043
      20.950000           0.031056
      21.050000           0.031057
      21.150000           0.031066
      21.250000           0.031075
      21.350000           0.031081
      21.450000           0.031087
      21.550000           0.031095
      21.650000           0.031103
      21.750000           0.031111
      21.850000           0.031122
      21.950000           0.031125
      22.050000           0.031128
      22.150000           0.031126
      22.250000           0.031137
      22.350000           0.031143
      22.450000           0.031149
      22.550000           0.031153
      22.650000           0.031167
      22.750000           0.031164
      22.850000           0.031170
      22.950000           0.031165
      23.050000           0.031178
      23.150000           0.031184
      23.250000           0.031194
      23.350000           0.031192
      23.450000           0.031199
      23.550000           0.031197
      23.650000           0.031208
      23.750000           0.031214
      23.850000           0.031219
      23.950000           0.031222
      24.050000           0.031216
      24.150000           0.031223
      24.250000           0.031233
      24.350000           0.031231
      24.450000           0.031231
      24.550000           0.031235
      24.650000           0.031252
      24.750000           0.031244
      24.850000           0.031247
      24.950000           0.031261
      25.050000           0.031258
      25.150000           0.031261
      25.250000           0.031260
      25.350000           0.031271
      25.450000           0.031275
      25.550000           0.031273
      25.650000           0.031276
      25.750000           0.031286
      25.850000           0.031287
      25.950000           0.031286
      26.050000           0.031292
      26.150000           0.031287
      26.250000           0.031300
      26.350000           0.031302
      26.450000           0.031302
      26.550000           0.031294
      26.650000           0.031307
      26.750000           0.031304
      26.850000           0.031311
      26.950000           0.031311
      27.050000           0.031317
      27.150000           0.031320
      27.250000           0.031325
      27.350000           0.031320
      27.450000           0.031316
      27.550000           0.031320
      27.650000           0.031313
      27.750000           0.031331
      27.850000           0.031328
      27.950000           0.031334
      28.050000           0.031333
      28.150000           0.031326
      28.250000           0.031328
      28.350000           0.031335
      28.450000           0.031339
      28.550000           0.031342
      28.650000           0.031331
      28.750000           0.031342
      28.850000           0.031344
      28.950000           0.031335
      29.050000           0.031352
      29.150000           0.031340
      29.250000           0.031342
      29.350000           0.031339
      29.450000           0.031343
      29.550000           0.031343
      29.650000           0.031346
      29.750000           0.031348
      29.850000           0.031348
      29.950000           0.031336
