#Distance_(Ang) :1-10@N3_=>_:WAT@O
       0.050000           0.000000
       0.150000           0.000000
       0.250000           0.000000
       0.350000           0.000000
       0.450000           0.000000
       0.550000           0.000000
       0.650000           0.000000
       0.750000           0.000000
       0.850000           0.000000
       0.950000           0.000000
       1.050000           0.000000
       1.150000           0.000000
       1.250000           0.000000
       1.350000           0.000000
       1.450000           0.000000
       1.550000           0.000000
       1.650000           0.000000
       1.750000           0.000000
       1.850000           0.000000
       1.950000           0.000000
       2.050000           0.000000
       2.150000           0.000000
       2.250000           0.000000
       2.350000           0.000000
       2.450000           0.000000
       2.550000           0.000003
       2.650000           0.000406
       2.750000           0.004899
       2.850000           0.013945
       2.950000           0.018080
       3.050000           0.017323
       3.150000           0.015878
       3.250000           0.015319
       3.350000           0.015394
       3.450000           0.015821
       3.550000           0.016452
       3.650000           0.017124
       3.750000           0.017845
       3.850000           0.018526
       3.950000           0.019168
       4.050000           0.019767
       4.150000           0.020273
       4.250000           0.020683
       4.350000           0.020990
       4.450000           0.021355
       4.550000           0.021764
       4.650000           0.022370
       4.750000           0.023009
       4.850000           0.023198
       4.950000           0.022345
       5.050000           0.020909
       5.150000           0.019921
       5.250000           0.019501
       5.350000           0.019612
       5.450000           0.020017
       5.550000           0.020710
       5.650000           0.021359
       5.750000           0.022012
       5.850000           0.022413
       5.950000           0.022604
       6.050000           0.022689
       6.150000           0.022728
       6.250000           0.022732
       6.350000           0.022773
       6.450000           0.022783
       6.550000           0.022819
       6.650000           0.022883
       6.750000           0.022900
       6.850000           0.022937
       6.950000           0.023013
       7.050000           0.023015
       7.150000           0.023041
       7.250000           0.023052
       7.350000           0.023061
       7.450000           0.023098
       7.550000           0.023144
       7.650000           0.023200
       7.750000           0.023296
       7.850000           0.023443
       7.950000           0.023645
       8.050000           0.023866
       8.150000           0.024097
       8.250000           0.024341
       8.350000           0.024608
       8.450000           0.024822
       8.550000           0.025032
       8.650000           0.025231
       8.750000           0.025456
       8.850000           0.025656
       8.950000           0.025878
       9.050000           0.026074
       9.150000           0.026239
       9.250000           0.026368
       9.350000           0.026501
       9.450000           0.026589
       9.550000           0.026688
       9.650000           0.026761
       9.750000           0.026855
       9.850000           0.026918
       9.950000           0.026981
      10.050000           0.027043
      10.150000           0.027089
      10.250000           0.027129
      10.350000           0.027193
      10.450000           0.027224
      10.550000           0.027301
      10.650000           0.027374
      10.750000           0.027442
      10.850000           0.027551
      10.950000           0.027596
      11.050000           0.027689
      11.150000           0.027776
      11.250000           0.027805
      11.350000           0.027859
      11.450000           0.027896
      11.550000           0.027907
      11.650000           0.027939
      11.750000           0.027990
      11.850000           0.028052
      11.950000           0.028134
      12.050000           0.028202
      12.150000           0.028267
      12.250000           0.028372
      12.350000           0.028438
      12.450000           0.028523
      12.550000           0.028612
      12.650000           0.028671
      12.750000           0.028748
      12.850000           0.028794
      12.950000           0.028858
      13.050000           0.028919
      13.150000           0.028973
      13.250000           0.029027
      13.350000           0.029059
      13.450000           0.029114
      13.550000           0.029159
      13.650000           0.029199
      13.750000           0.029250
      13.850000           0.029293
      13.950000           0.029343
      14.050000           0.029376
      14.150000           0.029421
      14.250000           0.029455
      14.350000           0.029500
      14.450000           0.029541
      14.550000           0.029595
      14.650000           0.029627
      14.750000           0.029672
      14.850000           0.029711
      14.950000           0.029758
      15.050000           0.029804
      15.150000           0.029841
      15.250000           0.029875
      15.350000           0.029914
      15.450000           0.029957
      15.550000           0.029988
      15.650000           0.030038
      15.750000           0.030073
      15.850000           0.030105
      15.950000           0.030134
      16.050000           0.030172
      16.150000           0.030211
      16.250000           0.030234
      16.350000           0.030268
      16.450000           0.030301
      16.550000           0.030338
      16.650000           0.030363
      16.750000           0.030404
      16.850000           0.030419
      16.950000           0.030452
      17.050000           0.030478
      17.150000           0.030481
      17.250000           0.030504
      17.350000           0.030521
      17.450000           0.030552
      17.550000           0.030572
      17.650000           0.030576
      17.750000           0.030605
      17.850000           0.030619
      17.950000           0.030625
      18.050000           0.030650
      18.150000           0.030674
      18.250000           0.030683
      18.350000           0.030709
      18.450000           0.030729
      18.550000           0.030752
      18.650000           0.030766
      18.750000           0.030799
      18.850000           0.030806
      18.950000           0.030828
      19.050000           0.030846
      19.150000           0.030867
      19.250000           0.030893
      19.350000           0.030904
      19.450000           0.030930
      19.550000           0.030951
      19.650000           0.030961
      19.750000           0.030978
      19.850000           0.030992
      19.950000           0.031018
      20.050000           0.031026
      20.150000           0.031050
      20.250000           0.031058
      20.350000           0.031073
      20.450000           0.031087
      20.550000           0.031114
      20.650000           0.031103
      20.750000           0.031139
      20.850000           0.031139
      20.950000           0.031148
      21.050000           0.031168
      21.150000           0.031160
      21.250000           0.031178
      21.350000           0.031189
      21.450000           0.031196
      21.550000           0.031209
      21.650000           0.031225
      21.750000           0.031213
      21.850000           0.031219
      21.950000           0.031225
      22.050000           0.031242
      22.150000           0.031232
      22.250000           0.031245
      22.350000           0.031250
      22.450000           0.031246
      22.550000           0.031253
      22.650000           0.031252
      22.750000           0.031258
      22.850000           0.031259
      22.950000           0.031259
      23.050000           0.031268
      23.150000           0.031254
      23.250000           0.031271
      23.350000           0.031278
      23.450000           0.031280
      23.550000           0.031282
      23.650000           0.031279
      23.750000           0.031282
      23.850000           0.031277
      23.950000           0.031286
      24.050000           0.031287
      24.150000           0.031295
      24.250000           0.031289
      24.350000           0.031291
      24.450000           0.031291
      24.550000           0.031293
      24.650000           0.031301
      24.750000           0.031295
      24.850000           0.031294
      24.950000           0.031310
      25.050000           0.031308
      25.150000           0.031305
      25.250000           0.031309
      25.350000           0.031304
      25.450000           0.031301
      25.550000           0.031306
      25.650000           0.031315
      25.750000           0.031315
      25.850000           0.031310
      25.950000           0.031308
      26.050000           0.031312
      26.150000           0.031312
      26.250000           0.031316
      26.350000           0.031318
      26.450000           0.031318
      26.550000           0.031317
      26.650000           0.031318
      26.750000           0.031324
      26.850000           0.031326
      26.950000           0.031321
      27.050000           0.031314
      27.150000           0.031331
      27.250000           0.031322
      27.350000           0.031320
      27.450000           0.031313
      27.550000           0.031323
      27.650000           0.031324
      27.750000           0.031323
      27.850000           0.031326
      27.950000           0.031328
      28.050000           0.031324
      28.150000           0.031326
      28.250000           0.031328
      28.350000           0.031333
      28.450000           0.031333
      28.550000           0.031333
      28.650000           0.031336
      28.750000           0.031333
      28.850000           0.031336
      28.950000           0.031339
      29.050000           0.031339
      29.150000           0.031331
      29.250000           0.031321
      29.350000           0.031338
      29.450000           0.031341
      29.550000           0.031336
      29.650000           0.031332
      29.750000           0.031335
      29.850000           0.031329
      29.950000           0.031335
