#Distance_(Ang) :1-10@N3,N4_=>_:WAT@O
       0.050000              0.000000
       0.150000              0.000000
       0.250000              0.000000
       0.350000              0.000000
       0.450000              0.000000
       0.550000              0.000000
       0.650000              0.000000
       0.750000              0.000000
       0.850000              0.000000
       0.950000              0.000000
       1.050000              0.000000
       1.150000              0.000000
       1.250000              0.000000
       1.350000              0.000000
       1.450000              0.000000
       1.550000              0.000000
       1.650000              0.000000
       1.750000              0.000000
       1.850000              0.000000
       1.950000              0.000000
       2.050000              0.000000
       2.150000              0.000000
       2.250000              0.000000
       2.350000              0.000000
       2.450000              0.000001
       2.550000              0.000137
       2.650000              0.002353
       2.750000              0.011173
       2.850000              0.022548
       2.950000              0.026314
       3.050000              0.024445
       3.150000              0.021931
       3.250000              0.020531
       3.350000              0.020001
       3.450000              0.019916
       3.550000              0.019948
       3.650000              0.019945
       3.750000              0.019831
       3.850000              0.019644
       3.950000              0.019368
       4.050000              0.019036
       4.150000              0.018680
       4.250000              0.018444
       4.350000              0.018274
       4.450000              0.018272
       4.550000              0.018422
       4.650000              0.018866
       4.750000              0.019559
       4.850000              0.020301
       4.950000              0.020515
       5.050000              0.020228
       5.150000              0.019882
       5.250000              0.019746
       5.350000              0.019842
       5.450000              0.020122
       5.550000              0.020474
       5.650000              0.020858
       5.750000              0.021255
       5.850000              0.021575
       5.950000              0.021815
       6.050000              0.021967
       6.150000              0.022093
       6.250000              0.022169
       6.350000              0.022228
       6.450000              0.022308
       6.550000              0.022350
       6.650000              0.022401
       6.750000              0.022454
       6.850000              0.022534
       6.950000              0.022609
       7.050000              0.022632
       7.150000              0.022600
       7.250000              0.022531
       7.350000              0.022544
       7.450000              0.022611
       7.550000              0.022739
       7.650000              0.022865
       7.750000              0.023035
       7.850000              0.023230
       7.950000              0.023426
       8.050000              0.023652
       8.150000              0.023888
       8.250000              0.024099
       8.350000              0.024339
       8.450000              0.024546
       8.550000              0.024755
       8.650000              0.024964
       8.750000              0.025187
       8.850000              0.025400
       8.950000              0.025642
       9.050000              0.025857
       9.150000              0.026042
       9.250000              0.026210
       9.350000              0.026378
       9.450000              0.026502
       9.550000              0.026647
       9.650000              0.026775
       9.750000              0.026918
       9.850000              0.027054
       9.950000              0.027216
      10.050000              0.027358
      10.150000              0.027508
      10.250000              0.027670
      10.350000              0.027826
      10.450000              0.027981
      10.550000              0.028159
      10.650000              0.028292
      10.750000              0.028419
      10.850000              0.028518
      10.950000              0.028618
      11.050000              0.028697
      11.150000              0.028730
      11.250000              0.028791
      11.350000              0.028807
      11.450000              0.028833
      11.550000              0.028839
      11.650000              0.028842
      11.750000              0.028863
      11.850000              0.028882
      11.950000              0.028915
      12.050000              0.028955
      12.150000              0.029021
      12.250000              0.029085
      12.350000              0.029148
      12.450000              0.029212
      12.550000              0.029276
      12.650000              0.029351
      12.750000              0.029399
      12.850000              0.029475
      12.950000              0.029518
      13.050000              0.029562
      13.150000              0.029606
      13.250000              0.029642
      13.350000              0.029690
      13.450000              0.029699
      13.550000              0.029748
      13.650000              0.029771
      13.750000              0.029816
      13.850000              0.029841
      13.950000              0.029873
      14.050000              0.029910
      14.150000              0.029946
      14.250000              0.029974
      14.350000              0.030001
      14.450000              0.030026
      14.550000              0.030062
      14.650000              0.030078
      14.750000              0.030102
      14.850000              0.030135
      14.950000              0.030144
      15.050000              0.030172
      15.150000              0.030191
      15.250000              0.030200
      15.350000              0.030227
      15.450000              0.030234
      15.550000              0.030259
      15.650000              0.030284
      15.750000              0.030295
      15.850000              0.030319
      15.950000              0.030340
      16.050000              0.030353
      16.150000              0.030376
      16.250000              0.030395
      16.350000              0.030419
      16.450000              0.030441
      16.550000              0.030467
      16.650000              0.030484
      16.750000              0.030508
      16.850000              0.030526
      16.950000              0.030541
      17.050000              0.030560
      17.150000              0.030570
      17.250000              0.030590
      17.350000              0.030609
      17.450000              0.030620
      17.550000              0.030640
      17.650000              0.030648
      17.750000              0.030669
      17.850000              0.030685
      17.950000              0.030699
      18.050000              0.030709
      18.150000              0.030721
      18.250000              0.030734
      18.350000              0.030748
      18.450000              0.030761
      18.550000              0.030768
      18.650000              0.030787
      18.750000              0.030798
      18.850000              0.030810
      18.950000              0.030816
      19.050000              0.030835
      19.150000              0.030839
      19.250000              0.030847
      19.350000              0.030863
      19.450000              0.030875
      19.550000              0.030882
      19.650000              0.030886
      19.750000              0.030906
      19.850000              0.030911
      19.950000              0.030922
      20.050000              0.030926
      20.150000              0.030949
      20.250000              0.030951
      20.350000              0.030965
      20.450000              0.030965
      20.550000              0.030971
      20.650000              0.030987
      20.750000              0.030988
      20.850000              0.031003
      20.950000              0.031002
      21.050000              0.031013
      21.150000              0.031027
      21.250000              0.031033
      21.350000              0.031038
      21.450000              0.031043
      21.550000              0.031058
      21.650000              0.031063
      21.750000              0.031069
      21.850000              0.031074
      21.950000              0.031086
      22.050000              0.031090
      22.150000              0.031093
      22.250000              0.031100
      22.350000              0.031104
      22.450000              0.031111
      22.550000              0.031122
      22.650000              0.031120
      22.750000              0.031129
      22.850000              0.031128
      22.950000              0.031132
      23.050000              0.031147
      23.150000              0.031147
      23.250000              0.031160
      23.350000              0.031158
      23.450000              0.031161
      23.550000              0.031167
      23.650000              0.031171
      23.750000              0.031177
      23.850000              0.031177
      23.950000              0.031185
      24.050000              0.031187
      24.150000              0.031187
      24.250000              0.031200
      24.350000              0.031194
      24.450000              0.031197
      24.550000              0.031203
      24.650000              0.031215
      24.750000              0.031218
      24.850000              0.031220
      24.950000              0.031221
      25.050000              0.031224
      25.150000              0.031223
      25.250000              0.031230
      25.350000              0.031228
      25.450000              0.031235
      25.550000              0.031235
      25.650000              0.031241
      25.750000              0.031250
      25.850000              0.031251
      25.950000              0.031252
      26.050000              0.031247
      26.150000              0.031261
      26.250000              0.031258
      26.350000              0.031256
      26.450000              0.031260
      26.550000              0.031267
      26.650000              0.031266
      26.750000              0.031270
      26.850000              0.031271
      26.950000              0.031277
      27.050000              0.031278
      27.150000              0.031278
      27.250000              0.031278
      27.350000              0.031281
      27.450000              0.031286
      27.550000              0.031285
      27.650000              0.031284
      27.750000              0.031287
      27.850000              0.031290
      27.950000              0.031294
      28.050000              0.031298
      28.150000              0.031300
      28.250000              0.031296
      28.350000              0.031304
      28.450000              0.031301
      28.550000              0.031308
      28.650000              0.031306
      28.750000              0.031308
      28.850000              0.031301
      28.950000              0.031306
      29.050000              0.031308
      29.150000              0.031308
      29.250000              0.031314
      29.350000              0.031314
      29.450000              0.031314
      29.550000              0.031311
      29.650000              0.031317
      29.750000              0.031310
      29.850000              0.031314
      29.950000              0.031324
