#Distance_(Ang) :1-10@O2_=>_:WAT@O
       0.050000           0.000000
       0.150000           0.000000
       0.250000           0.000000
       0.350000           0.000000
       0.450000           0.000000
       0.550000           0.000000
       0.650000           0.000000
       0.750000           0.000000
       0.850000           0.000000
       0.950000           0.000000
       1.050000           0.000000
       1.150000           0.000000
       1.250000           0.000000
       1.350000           0.000000
       1.450000           0.000000
       1.550000           0.000000
       1.650000           0.000000
       1.750000           0.000000
       1.850000           0.000000
       1.950000           0.000000
       2.050000           0.000000
       2.150000           0.000000
       2.250000           0.000000
       2.350000           0.000006
       2.450000           0.000968
       2.550000           0.011969
       2.650000           0.033946
       2.750000           0.042538
       2.850000           0.036664
       2.950000           0.028876
       3.050000           0.023975
       3.150000           0.021577
       3.250000           0.020567
       3.350000           0.020144
       3.450000           0.019986
       3.550000           0.019817
       3.650000           0.019692
       3.750000           0.019518
       3.850000           0.019393
       3.950000           0.019205
       4.050000           0.019061
       4.150000           0.018883
       4.250000           0.018764
       4.350000           0.018678
       4.450000           0.018691
       4.550000           0.018746
       4.650000           0.018955
       4.750000           0.019214
       4.850000           0.019540
       4.950000           0.019897
       5.050000           0.020283
       5.150000           0.020623
       5.250000           0.020944
       5.350000           0.021110
       5.450000           0.021104
       5.550000           0.020994
       5.650000           0.020885
       5.750000           0.020801
       5.850000           0.020839
       5.950000           0.020987
       6.050000           0.021149
       6.150000           0.021463
       6.250000           0.021758
       6.350000           0.022116
       6.450000           0.022531
       6.550000           0.023015
       6.650000           0.023513
       6.750000           0.024059
       6.850000           0.024661
       6.950000           0.025287
       7.050000           0.025686
       7.150000           0.025730
       7.250000           0.025471
       7.350000           0.025175
       7.450000           0.024937
       7.550000           0.024708
       7.650000           0.024564
       7.750000           0.024466
       7.850000           0.024436
       7.950000           0.024426
       8.050000           0.024425
       8.150000           0.024467
       8.250000           0.024568
       8.350000           0.024661
       8.450000           0.024769
       8.550000           0.024930
       8.650000           0.025087
       8.750000           0.025268
       8.850000           0.025455
       8.950000           0.025677
       9.050000           0.025915
       9.150000           0.026133
       9.250000           0.026372
       9.350000           0.026629
       9.450000           0.026843
       9.550000           0.027043
       9.650000           0.027254
       9.750000           0.027412
       9.850000           0.027516
       9.950000           0.027583
      10.050000           0.027652
      10.150000           0.027693
      10.250000           0.027703
      10.350000           0.027729
      10.450000           0.027766
      10.550000           0.027799
      10.650000           0.027847
      10.750000           0.027894
      10.850000           0.027986
      10.950000           0.028039
      11.050000           0.028100
      11.150000           0.028170
      11.250000           0.028194
      11.350000           0.028245
      11.450000           0.028287
      11.550000           0.028330
      11.650000           0.028387
      11.750000           0.028461
      11.850000           0.028553
      11.950000           0.028665
      12.050000           0.028776
      12.150000           0.028884
      12.250000           0.028989
      12.350000           0.029087
      12.450000           0.029172
      12.550000           0.029234
      12.650000           0.029295
      12.750000           0.029361
      12.850000           0.029413
      12.950000           0.029462
      13.050000           0.029488
      13.150000           0.029518
      13.250000           0.029564
      13.350000           0.029581
      13.450000           0.029622
      13.550000           0.029658
      13.650000           0.029676
      13.750000           0.029714
      13.850000           0.029749
      13.950000           0.029770
      14.050000           0.029806
      14.150000           0.029845
      14.250000           0.029877
      14.350000           0.029907
      14.450000           0.029920
      14.550000           0.029959
      14.650000           0.029979
      14.750000           0.029981
      14.850000           0.030017
      14.950000           0.030047
      15.050000           0.030072
      15.150000           0.030089
      15.250000           0.030100
      15.350000           0.030134
      15.450000           0.030156
      15.550000           0.030169
      15.650000           0.030203
      15.750000           0.030205
      15.850000           0.030235
      15.950000           0.030264
      16.050000           0.030270
      16.150000           0.030312
      16.250000           0.030350
      16.350000           0.030373
      16.450000           0.030400
      16.550000           0.030407
      16.650000           0.030430
      16.750000           0.030454
      16.850000           0.030491
      16.950000           0.030521
      17.050000           0.030532
      17.150000           0.030555
      17.250000           0.030567
      17.350000           0.030580
      17.450000           0.030580
      17.550000           0.030612
      17.650000           0.030607
      17.750000           0.030623
      17.850000           0.030641
      17.950000           0.030647
      18.050000           0.030659
      18.150000           0.030685
      18.250000           0.030694
      18.350000           0.030703
      18.450000           0.030722
      18.550000           0.030728
      18.650000           0.030738
      18.750000           0.030760
      18.850000           0.030762
      18.950000           0.030781
      19.050000           0.030799
      19.150000           0.030803
      19.250000           0.030825
      19.350000           0.030841
      19.450000           0.030856
      19.550000           0.030862
      19.650000           0.030864
      19.750000           0.030869
      19.850000           0.030882
      19.950000           0.030897
      20.050000           0.030912
      20.150000           0.030918
      20.250000           0.030938
      20.350000           0.030936
      20.450000           0.030947
      20.550000           0.030951
      20.650000           0.030966
      20.750000           0.030975
      20.850000           0.030979
      20.950000           0.030979
      21.050000           0.030985
      21.150000           0.031009
      21.250000           0.031011
      21.350000           0.031020
      21.450000           0.031025
      21.550000           0.031034
      21.650000           0.031036
      21.750000           0.031037
      21.850000           0.031049
      21.950000           0.031060
      22.050000           0.031057
      22.150000           0.031070
      22.250000           0.031081
      22.350000           0.031085
      22.450000           0.031084
      22.550000           0.031106
      22.650000           0.031098
      22.750000           0.031110
      22.850000           0.031116
      22.950000           0.031123
      23.050000           0.031121
      23.150000           0.031127
      23.250000           0.031136
      23.350000           0.031134
      23.450000           0.031159
      23.550000           0.031148
      23.650000           0.031163
      23.750000           0.031161
      23.850000           0.031167
      23.950000           0.031166
      24.050000           0.031172
      24.150000           0.031181
      24.250000           0.031186
      24.350000           0.031184
      24.450000           0.031188
      24.550000           0.031194
      24.650000           0.031200
      24.750000           0.031204
      24.850000           0.031209
      24.950000           0.031211
      25.050000           0.031215
      25.150000           0.031216
      25.250000           0.031222
      25.350000           0.031218
      25.450000           0.031225
      25.550000           0.031237
      25.650000           0.031228
      25.750000           0.031242
      25.850000           0.031240
      25.950000           0.031238
      26.050000           0.031244
      26.150000           0.031252
      26.250000           0.031245
      26.350000           0.031252
      26.450000           0.031253
      26.550000           0.031254
      26.650000           0.031253
      26.750000           0.031267
      26.850000           0.031268
      26.950000           0.031274
      27.050000           0.031264
      27.150000           0.031273
      27.250000           0.031272
      27.350000           0.031273
      27.450000           0.031282
      27.550000           0.031284
      27.650000           0.031289
      27.750000           0.031287
      27.850000           0.031287
      27.950000           0.031290
      28.050000           0.031284
      28.150000           0.031290
      28.250000           0.031306
      28.350000           0.031298
      28.450000           0.031303
      28.550000           0.031295
      28.650000           0.031300
      28.750000           0.031298
      28.850000           0.031306
      28.950000           0.031307
      29.050000           0.031305
      29.150000           0.031303
      29.250000           0.031310
      29.350000           0.031312
      29.450000           0.031306
      29.550000           0.031314
      29.650000           0.031312
      29.750000           0.031320
      29.850000           0.031317
      29.950000           0.031316
