#Distance_(Ang) :1-10@N1,N3,N7,N6_=>_:WAT@O
       0.050000                    0.000000
       0.150000                    0.000000
       0.250000                    0.000000
       0.350000                    0.000000
       0.450000                    0.000000
       0.550000                    0.000000
       0.650000                    0.000000
       0.750000                    0.000000
       0.850000                    0.000000
       0.950000                    0.000000
       1.050000                    0.000000
       1.150000                    0.000000
       1.250000                    0.000000
       1.350000                    0.000000
       1.450000                    0.000000
       1.550000                    0.000000
       1.650000                    0.000000
       1.750000                    0.000000
       1.850000                    0.000000
       1.950000                    0.000000
       2.050000                    0.000000
       2.150000                    0.000000
       2.250000                    0.000000
       2.350000                    0.000000
       2.450000                    0.000001
       2.550000                    0.000183
       2.650000                    0.002579
       2.750000                    0.009823
       2.850000                    0.016785
       2.950000                    0.017970
       3.050000                    0.015824
       3.150000                    0.013915
       3.250000                    0.013102
       3.350000                    0.013122
       3.450000                    0.013494
       3.550000                    0.014043
       3.650000                    0.014593
       3.750000                    0.015084
       3.850000                    0.015543
       3.950000                    0.015926
       4.050000                    0.016309
       4.150000                    0.016673
       4.250000                    0.017064
       4.350000                    0.017529
       4.450000                    0.018007
       4.550000                    0.018480
       4.650000                    0.018963
       4.750000                    0.019470
       4.850000                    0.019933
       4.950000                    0.020024
       5.050000                    0.019652
       5.150000                    0.019053
       5.250000                    0.018587
       5.350000                    0.018428
       5.450000                    0.018525
       5.550000                    0.018818
       5.650000                    0.019265
       5.750000                    0.019813
       5.850000                    0.020441
       5.950000                    0.021075
       6.050000                    0.021559
       6.150000                    0.021940
       6.250000                    0.022185
       6.350000                    0.022408
       6.450000                    0.022566
       6.550000                    0.022726
       6.650000                    0.022918
       6.750000                    0.023101
       6.850000                    0.023269
       6.950000                    0.023386
       7.050000                    0.023549
       7.150000                    0.023739
       7.250000                    0.023919
       7.350000                    0.024083
       7.450000                    0.024230
       7.550000                    0.024385
       7.650000                    0.024497
       7.750000                    0.024610
       7.850000                    0.024721
       7.950000                    0.024848
       8.050000                    0.024996
       8.150000                    0.025142
       8.250000                    0.025313
       8.350000                    0.025473
       8.450000                    0.025633
       8.550000                    0.025768
       8.650000                    0.025915
       8.750000                    0.026030
       8.850000                    0.026168
       8.950000                    0.026301
       9.050000                    0.026436
       9.150000                    0.026559
       9.250000                    0.026669
       9.350000                    0.026781
       9.450000                    0.026865
       9.550000                    0.026963
       9.650000                    0.027083
       9.750000                    0.027198
       9.850000                    0.027324
       9.950000                    0.027454
      10.050000                    0.027586
      10.150000                    0.027706
      10.250000                    0.027838
      10.350000                    0.027950
      10.450000                    0.028059
      10.550000                    0.028152
      10.650000                    0.028259
      10.750000                    0.028355
      10.850000                    0.028444
      10.950000                    0.028525
      11.050000                    0.028591
      11.150000                    0.028668
      11.250000                    0.028724
      11.350000                    0.028792
      11.450000                    0.028832
      11.550000                    0.028865
      11.650000                    0.028903
      11.750000                    0.028932
      11.850000                    0.028969
      11.950000                    0.029015
      12.050000                    0.029052
      12.150000                    0.029098
      12.250000                    0.029151
      12.350000                    0.029206
      12.450000                    0.029265
      12.550000                    0.029318
      12.650000                    0.029369
      12.750000                    0.029424
      12.850000                    0.029465
      12.950000                    0.029519
      13.050000                    0.029563
      13.150000                    0.029602
      13.250000                    0.029651
      13.350000                    0.029687
      13.450000                    0.029719
      13.550000                    0.029761
      13.650000                    0.029789
      13.750000                    0.029843
      13.850000                    0.029872
      13.950000                    0.029893
      14.050000                    0.029928
      14.150000                    0.029958
      14.250000                    0.029990
      14.350000                    0.030026
      14.450000                    0.030061
      14.550000                    0.030081
      14.650000                    0.030117
      14.750000                    0.030149
      14.850000                    0.030179
      14.950000                    0.030200
      15.050000                    0.030228
      15.150000                    0.030256
      15.250000                    0.030276
      15.350000                    0.030306
      15.450000                    0.030319
      15.550000                    0.030345
      15.650000                    0.030366
      15.750000                    0.030386
      15.850000                    0.030405
      15.950000                    0.030426
      16.050000                    0.030448
      16.150000                    0.030468
      16.250000                    0.030482
      16.350000                    0.030504
      16.450000                    0.030516
      16.550000                    0.030536
      16.650000                    0.030559
      16.750000                    0.030569
      16.850000                    0.030585
      16.950000                    0.030606
      17.050000                    0.030621
      17.150000                    0.030635
      17.250000                    0.030658
      17.350000                    0.030670
      17.450000                    0.030688
      17.550000                    0.030694
      17.650000                    0.030711
      17.750000                    0.030720
      17.850000                    0.030728
      17.950000                    0.030747
      18.050000                    0.030754
      18.150000                    0.030769
      18.250000                    0.030784
      18.350000                    0.030787
      18.450000                    0.030798
      18.550000                    0.030808
      18.650000                    0.030818
      18.750000                    0.030828
      18.850000                    0.030832
      18.950000                    0.030845
      19.050000                    0.030852
      19.150000                    0.030860
      19.250000                    0.030872
      19.350000                    0.030877
      19.450000                    0.030888
      19.550000                    0.030894
      19.650000                    0.030909
      19.750000                    0.030916
      19.850000                    0.030922
      19.950000                    0.030932
      20.050000                    0.030938
      20.150000                    0.030947
      20.250000                    0.030948
      20.350000                    0.030951
      20.450000                    0.030968
      20.550000                    0.030974
      20.650000                    0.030975
      20.750000                    0.030984
      20.850000                    0.030986
      20.950000                    0.030992
      21.050000                    0.031001
      21.150000                    0.031013
      21.250000                    0.031009
      21.350000                    0.031017
      21.450000                    0.031026
      21.550000                    0.031030
      21.650000                    0.031038
      21.750000                    0.031043
      21.850000                    0.031051
      21.950000                    0.031055
      22.050000                    0.031057
      22.150000                    0.031068
      22.250000                    0.031072
      22.350000                    0.031075
      22.450000                    0.031080
      22.550000                    0.031089
      22.650000                    0.031092
      22.750000                    0.031093
      22.850000                    0.031101
      22.950000                    0.031101
      23.050000                    0.031109
      23.150000                    0.031109
      23.250000                    0.031116
      23.350000                    0.031126
      23.450000                    0.031127
      23.550000                    0.031131
      23.650000                    0.031136
      23.750000                    0.031142
      23.850000                    0.031143
      23.950000                    0.031149
      24.050000                    0.031154
      24.150000                    0.031158
      24.250000                    0.031154
      24.350000                    0.031166
      24.450000                    0.031168
      24.550000                    0.031171
      24.650000                    0.031174
      24.750000                    0.031180
      24.850000                    0.031176
      24.950000                    0.031182
      25.050000                    0.031187
      25.150000                    0.031190
      25.250000                    0.031192
      25.350000                    0.031195
      25.450000                    0.031198
      25.550000                    0.031203
      25.650000                    0.031207
      25.750000                    0.031206
      25.850000                    0.031212
      25.950000                    0.031210
      26.050000                    0.031215
      26.150000                    0.031218
      26.250000                    0.031219
      26.350000                    0.031225
      26.450000                    0.031227
      26.550000                    0.031234
      26.650000                    0.031229
      26.750000                    0.031232
      26.850000                    0.031237
      26.950000                    0.031239
      27.050000                    0.031242
      27.150000                    0.031243
      27.250000                    0.031246
      27.350000                    0.031245
      27.450000                    0.031246
      27.550000                    0.031253
      27.650000                    0.031251
      27.750000                    0.031258
      27.850000                    0.031258
      27.950000                    0.031260
      28.050000                    0.031261
      28.150000                    0.031264
      28.250000                    0.031270
      28.350000                    0.031267
      28.450000                    0.031270
      28.550000                    0.031269
      28.650000                    0.031276
      28.750000                    0.031278
      28.850000                    0.031278
      28.950000                    0.031279
      29.050000                    0.031285
      29.150000                    0.031281
      29.250000                    0.031279
      29.350000                    0.031285
      29.450000                    0.031286
      29.550000                    0.031291
      29.650000                    0.031288
      29.750000                    0.031291
      29.850000                    0.031290
      29.950000                    0.031293
