#Distance_(Ang) :1-10@N1,N2,N4,N3,N7_=>_:WAT@O
       0.050000                       0.000000
       0.150000                       0.000000
       0.250000                       0.000000
       0.350000                       0.000000
       0.450000                       0.000000
       0.550000                       0.000000
       0.650000                       0.000000
       0.750000                       0.000000
       0.850000                       0.000000
       0.950000                       0.000000
       1.050000                       0.000000
       1.150000                       0.000000
       1.250000                       0.000000
       1.350000                       0.000000
       1.450000                       0.000000
       1.550000                       0.000000
       1.650000                       0.000000
       1.750000                       0.000000
       1.850000                       0.000000
       1.950000                       0.000000
       2.050000                       0.000000
       2.150000                       0.000000
       2.250000                       0.000000
       2.350000                       0.000000
       2.450000                       0.000000
       2.550000                       0.000096
       2.650000                       0.001762
       2.750000                       0.009273
       2.850000                       0.019076
       2.950000                       0.021793
       3.050000                       0.019503
       3.150000                       0.017083
       3.250000                       0.015791
       3.350000                       0.015365
       3.450000                       0.015384
       3.550000                       0.015572
       3.650000                       0.015700
       3.750000                       0.015774
       3.850000                       0.015775
       3.950000                       0.015783
       4.050000                       0.015780
       4.150000                       0.015864
       4.250000                       0.016027
       4.350000                       0.016250
       4.450000                       0.016608
       4.550000                       0.017192
       4.650000                       0.018147
       4.750000                       0.019268
       4.850000                       0.020053
       4.950000                       0.020249
       5.050000                       0.019895
       5.150000                       0.019341
       5.250000                       0.018970
       5.350000                       0.018867
       5.450000                       0.018990
       5.550000                       0.019299
       5.650000                       0.019710
       5.750000                       0.020171
       5.850000                       0.020600
       5.950000                       0.020946
       6.050000                       0.021235
       6.150000                       0.021485
       6.250000                       0.021680
       6.350000                       0.021890
       6.450000                       0.022052
       6.550000                       0.022195
       6.650000                       0.022360
       6.750000                       0.022556
       6.850000                       0.022790
       6.950000                       0.023033
       7.050000                       0.023254
       7.150000                       0.023425
       7.250000                       0.023534
       7.350000                       0.023630
       7.450000                       0.023722
       7.550000                       0.023834
       7.650000                       0.023938
       7.750000                       0.024040
       7.850000                       0.024194
       7.950000                       0.024331
       8.050000                       0.024509
       8.150000                       0.024685
       8.250000                       0.024886
       8.350000                       0.025095
       8.450000                       0.025262
       8.550000                       0.025428
       8.650000                       0.025557
       8.750000                       0.025684
       8.850000                       0.025815
       8.950000                       0.025944
       9.050000                       0.026051
       9.150000                       0.026162
       9.250000                       0.026260
       9.350000                       0.026357
       9.450000                       0.026439
       9.550000                       0.026533
       9.650000                       0.026645
       9.750000                       0.026763
       9.850000                       0.026888
       9.950000                       0.027018
      10.050000                       0.027151
      10.150000                       0.027277
      10.250000                       0.027403
      10.350000                       0.027521
      10.450000                       0.027650
      10.550000                       0.027773
      10.650000                       0.027876
      10.750000                       0.027972
      10.850000                       0.028084
      10.950000                       0.028161
      11.050000                       0.028249
      11.150000                       0.028330
      11.250000                       0.028407
      11.350000                       0.028464
      11.450000                       0.028515
      11.550000                       0.028545
      11.650000                       0.028578
      11.750000                       0.028613
      11.850000                       0.028657
      11.950000                       0.028702
      12.050000                       0.028744
      12.150000                       0.028783
      12.250000                       0.028831
      12.350000                       0.028880
      12.450000                       0.028927
      12.550000                       0.028981
      12.650000                       0.029033
      12.750000                       0.029088
      12.850000                       0.029134
      12.950000                       0.029196
      13.050000                       0.029239
      13.150000                       0.029288
      13.250000                       0.029335
      13.350000                       0.029361
      13.450000                       0.029400
      13.550000                       0.029442
      13.650000                       0.029462
      13.750000                       0.029491
      13.850000                       0.029524
      13.950000                       0.029563
      14.050000                       0.029593
      14.150000                       0.029633
      14.250000                       0.029663
      14.350000                       0.029696
      14.450000                       0.029734
      14.550000                       0.029757
      14.650000                       0.029791
      14.750000                       0.029814
      14.850000                       0.029854
      14.950000                       0.029877
      15.050000                       0.029903
      15.150000                       0.029934
      15.250000                       0.029953
      15.350000                       0.029987
      15.450000                       0.030011
      15.550000                       0.030039
      15.650000                       0.030063
      15.750000                       0.030096
      15.850000                       0.030114
      15.950000                       0.030146
      16.050000                       0.030164
      16.150000                       0.030189
      16.250000                       0.030213
      16.350000                       0.030239
      16.450000                       0.030260
      16.550000                       0.030282
      16.650000                       0.030296
      16.750000                       0.030332
      16.850000                       0.030343
      16.950000                       0.030372
      17.050000                       0.030391
      17.150000                       0.030412
      17.250000                       0.030421
      17.350000                       0.030442
      17.450000                       0.030458
      17.550000                       0.030468
      17.650000                       0.030490
      17.750000                       0.030504
      17.850000                       0.030517
      17.950000                       0.030535
      18.050000                       0.030547
      18.150000                       0.030558
      18.250000                       0.030567
      18.350000                       0.030581
      18.450000                       0.030597
      18.550000                       0.030611
      18.650000                       0.030630
      18.750000                       0.030644
      18.850000                       0.030656
      18.950000                       0.030677
      19.050000                       0.030690
      19.150000                       0.030706
      19.250000                       0.030725
      19.350000                       0.030737
      19.450000                       0.030759
      19.550000                       0.030773
      19.650000                       0.030788
      19.750000                       0.030802
      19.850000                       0.030816
      19.950000                       0.030829
      20.050000                       0.030839
      20.150000                       0.030851
      20.250000                       0.030872
      20.350000                       0.030877
      20.450000                       0.030881
      20.550000                       0.030895
      20.650000                       0.030905
      20.750000                       0.030907
      20.850000                       0.030915
      20.950000                       0.030925
      21.050000                       0.030943
      21.150000                       0.030947
      21.250000                       0.030955
      21.350000                       0.030966
      21.450000                       0.030975
      21.550000                       0.030990
      21.650000                       0.030995
      21.750000                       0.031005
      21.850000                       0.031021
      21.950000                       0.031025
      22.050000                       0.031040
      22.150000                       0.031050
      22.250000                       0.031056
      22.350000                       0.031069
      22.450000                       0.031080
      22.550000                       0.031091
      22.650000                       0.031100
      22.750000                       0.031113
      22.850000                       0.031123
      22.950000                       0.031135
      23.050000                       0.031137
      23.150000                       0.031151
      23.250000                       0.031158
      23.350000                       0.031167
      23.450000                       0.031176
      23.550000                       0.031184
      23.650000                       0.031191
      23.750000                       0.031200
      23.850000                       0.031205
      23.950000                       0.031209
      24.050000                       0.031217
      24.150000                       0.031222
      24.250000                       0.031222
      24.350000                       0.031230
      24.450000                       0.031233
      24.550000                       0.031242
      24.650000                       0.031246
      24.750000                       0.031252
      24.850000                       0.031258
      24.950000                       0.031263
      25.050000                       0.031267
      25.150000                       0.031273
      25.250000                       0.031276
      25.350000                       0.031280
      25.450000                       0.031284
      25.550000                       0.031284
      25.650000                       0.031287
      25.750000                       0.031291
      25.850000                       0.031292
      25.950000                       0.031298
      26.050000                       0.031301
      26.150000                       0.031303
      26.250000                       0.031302
      26.350000                       0.031309
      26.450000                       0.031309
      26.550000                       0.031310
      26.650000                       0.031310
      26.750000                       0.031314
      26.850000                       0.031316
      26.950000                       0.031320
      27.050000                       0.031319
      27.150000                       0.031322
      27.250000                       0.031321
      27.350000                       0.031322
      27.450000                       0.031325
      27.550000                       0.031328
      27.650000                       0.031327
      27.750000                       0.031333
      27.850000                       0.031327
      27.950000                       0.031331
      28.050000                       0.031333
      28.150000                       0.031334
      28.250000                       0.031337
      28.350000                       0.031338
      28.450000                       0.031336
      28.550000                       0.031341
      28.650000                       0.031340
      28.750000                       0.031339
      28.850000                       0.031340
      28.950000                       0.031340
      29.050000                       0.031342
      29.150000                       0.031345
      29.250000                       0.031344
      29.350000                       0.031342
      29.450000                       0.031347
      29.550000                       0.031346
      29.650000                       0.031347
      29.750000                       0.031347
      29.850000                       0.031348
      29.950000                       0.031347
