#Distance_(Ang) :1-10@O2,O6_=>_:WAT@O
       0.050000              0.000000
       0.150000              0.000000
       0.250000              0.000000
       0.350000              0.000000
       0.450000              0.000000
       0.550000              0.000000
       0.650000              0.000000
       0.750000              0.000000
       0.850000              0.000000
       0.950000              0.000000
       1.050000              0.000000
       1.150000              0.000000
       1.250000              0.000000
       1.350000              0.000000
       1.450000              0.000000
       1.550000              0.000000
       1.650000              0.000000
       1.750000              0.000000
       1.850000              0.000000
       1.950000              0.000000
       2.050000              0.000000
       2.150000              0.000000
       2.250000              0.000000
       2.350000              0.000004
       2.450000              0.000751
       2.550000              0.009853
       2.650000              0.028786
       2.750000              0.037272
       2.850000              0.033014
       2.950000              0.026727
       3.050000              0.022853
       3.150000              0.021129
       3.250000              0.020346
       3.350000              0.019986
       3.450000              0.019779
       3.550000              0.019450
       3.650000              0.019210
       3.750000              0.018965
       3.850000              0.018740
       3.950000              0.018558
       4.050000              0.018335
       4.150000              0.018067
       4.250000              0.017758
       4.350000              0.017487
       4.450000              0.017327
       4.550000              0.017287
       4.650000              0.017410
       4.750000              0.017704
       4.850000              0.018088
       4.950000              0.018565
       5.050000              0.019065
       5.150000              0.019486
       5.250000              0.019863
       5.350000              0.019967
       5.450000              0.020018
       5.550000              0.019943
       5.650000              0.019863
       5.750000              0.019889
       5.850000              0.020021
       5.950000              0.020282
       6.050000              0.020529
       6.150000              0.020822
       6.250000              0.021153
       6.350000              0.021505
       6.450000              0.021825
       6.550000              0.022170
       6.650000              0.022574
       6.750000              0.023056
       6.850000              0.023616
       6.950000              0.024205
       7.050000              0.024758
       7.150000              0.024993
       7.250000              0.024884
       7.350000              0.024528
       7.450000              0.024122
       7.550000              0.023784
       7.650000              0.023559
       7.750000              0.023407
       7.850000              0.023291
       7.950000              0.023278
       8.050000              0.023293
       8.150000              0.023374
       8.250000              0.023462
       8.350000              0.023612
       8.450000              0.023746
       8.550000              0.023943
       8.650000              0.024137
       8.750000              0.024305
       8.850000              0.024533
       8.950000              0.024745
       9.050000              0.024978
       9.150000              0.025258
       9.250000              0.025512
       9.350000              0.025761
       9.450000              0.026043
       9.550000              0.026256
       9.650000              0.026457
       9.750000              0.026651
       9.850000              0.026784
       9.950000              0.026869
      10.050000              0.026996
      10.150000              0.027086
      10.250000              0.027178
      10.350000              0.027293
      10.450000              0.027407
      10.550000              0.027513
      10.650000              0.027630
      10.750000              0.027784
      10.850000              0.027933
      10.950000              0.028069
      11.050000              0.028233
      11.150000              0.028356
      11.250000              0.028445
      11.350000              0.028525
      11.450000              0.028566
      11.550000              0.028621
      11.650000              0.028622
      11.750000              0.028651
      11.850000              0.028700
      11.950000              0.028699
      12.050000              0.028757
      12.150000              0.028784
      12.250000              0.028825
      12.350000              0.028854
      12.450000              0.028915
      12.550000              0.028931
      12.650000              0.028986
      12.750000              0.028996
      12.850000              0.029055
      12.950000              0.029092
      13.050000              0.029153
      13.150000              0.029193
      13.250000              0.029237
      13.350000              0.029305
      13.450000              0.029370
      13.550000              0.029415
      13.650000              0.029483
      13.750000              0.029535
      13.850000              0.029582
      13.950000              0.029609
      14.050000              0.029641
      14.150000              0.029676
      14.250000              0.029713
      14.350000              0.029745
      14.450000              0.029802
      14.550000              0.029801
      14.650000              0.029825
      14.750000              0.029876
      14.850000              0.029892
      14.950000              0.029924
      15.050000              0.029926
      15.150000              0.029966
      15.250000              0.029994
      15.350000              0.030005
      15.450000              0.030039
      15.550000              0.030057
      15.650000              0.030067
      15.750000              0.030089
      15.850000              0.030111
      15.950000              0.030136
      16.050000              0.030153
      16.150000              0.030180
      16.250000              0.030207
      16.350000              0.030236
      16.450000              0.030269
      16.550000              0.030301
      16.650000              0.030323
      16.750000              0.030346
      16.850000              0.030355
      16.950000              0.030398
      17.050000              0.030420
      17.150000              0.030438
      17.250000              0.030464
      17.350000              0.030482
      17.450000              0.030496
      17.550000              0.030515
      17.650000              0.030522
      17.750000              0.030544
      17.850000              0.030550
      17.950000              0.030568
      18.050000              0.030565
      18.150000              0.030587
      18.250000              0.030590
      18.350000              0.030611
      18.450000              0.030627
      18.550000              0.030631
      18.650000              0.030653
      18.750000              0.030657
      18.850000              0.030675
      18.950000              0.030692
      19.050000              0.030704
      19.150000              0.030729
      19.250000              0.030738
      19.350000              0.030757
      19.450000              0.030768
      19.550000              0.030786
      19.650000              0.030808
      19.750000              0.030818
      19.850000              0.030834
      19.950000              0.030841
      20.050000              0.030871
      20.150000              0.030880
      20.250000              0.030888
      20.350000              0.030894
      20.450000              0.030913
      20.550000              0.030922
      20.650000              0.030937
      20.750000              0.030939
      20.850000              0.030952
      20.950000              0.030963
      21.050000              0.030977
      21.150000              0.030975
      21.250000              0.030977
      21.350000              0.030988
      21.450000              0.031005
      21.550000              0.031011
      21.650000              0.031014
      21.750000              0.031021
      21.850000              0.031031
      21.950000              0.031044
      22.050000              0.031054
      22.150000              0.031055
      22.250000              0.031062
      22.350000              0.031075
      22.450000              0.031086
      22.550000              0.031090
      22.650000              0.031098
      22.750000              0.031120
      22.850000              0.031119
      22.950000              0.031134
      23.050000              0.031143
      23.150000              0.031150
      23.250000              0.031154
      23.350000              0.031165
      23.450000              0.031168
      23.550000              0.031179
      23.650000              0.031181
      23.750000              0.031193
      23.850000              0.031194
      23.950000              0.031198
      24.050000              0.031209
      24.150000              0.031223
      24.250000              0.031226
      24.350000              0.031216
      24.450000              0.031232
      24.550000              0.031239
      24.650000              0.031236
      24.750000              0.031237
      24.850000              0.031246
      24.950000              0.031253
      25.050000              0.031255
      25.150000              0.031260
      25.250000              0.031265
      25.350000              0.031267
      25.450000              0.031274
      25.550000              0.031274
      25.650000              0.031277
      25.750000              0.031286
      25.850000              0.031284
      25.950000              0.031288
      26.050000              0.031288
      26.150000              0.031294
      26.250000              0.031302
      26.350000              0.031305
      26.450000              0.031302
      26.550000              0.031302
      26.650000              0.031308
      26.750000              0.031311
      26.850000              0.031309
      26.950000              0.031314
      27.050000              0.031319
      27.150000              0.031324
      27.250000              0.031328
      27.350000              0.031319
      27.450000              0.031320
      27.550000              0.031321
      27.650000              0.031321
      27.750000              0.031329
      27.850000              0.031329
      27.950000              0.031328
      28.050000              0.031329
      28.150000              0.031330
      28.250000              0.031332
      28.350000              0.031335
      28.450000              0.031331
      28.550000              0.031332
      28.650000              0.031341
      28.750000              0.031337
      28.850000              0.031331
      28.950000              0.031342
      29.050000              0.031339
      29.150000              0.031337
      29.250000              0.031336
      29.350000              0.031341
      29.450000              0.031350
      29.550000              0.031345
      29.650000              0.031344
      29.750000              0.031350
      29.850000              0.031346
      29.950000              0.031344
