#Distance_(Ang) :1-10@N1,N2,N3,N7_=>_:WAT@O
       0.050000                    0.000000
       0.150000                    0.000000
       0.250000                    0.000000
       0.350000                    0.000000
       0.450000                    0.000000
       0.550000                    0.000000
       0.650000                    0.000000
       0.750000                    0.000000
       0.850000                    0.000000
       0.950000                    0.000000
       1.050000                    0.000000
       1.150000                    0.000000
       1.250000                    0.000000
       1.350000                    0.000000
       1.450000                    0.000000
       1.550000                    0.000000
       1.650000                    0.000000
       1.750000                    0.000000
       1.850000                    0.000000
       1.950000                    0.000000
       2.050000                    0.000000
       2.150000                    0.000000
       2.250000                    0.000000
       2.350000                    0.000000
       2.450000                    0.000000
       2.550000                    0.000097
       2.650000                    0.001837
       2.750000                    0.009541
       2.850000                    0.019207
       2.950000                    0.021799
       3.050000                    0.019788
       3.150000                    0.017705
       3.250000                    0.016642
       3.350000                    0.016259
       3.450000                    0.016155
       3.550000                    0.016175
       3.650000                    0.016083
       3.750000                    0.015869
       3.850000                    0.015539
       3.950000                    0.015160
       4.050000                    0.014773
       4.150000                    0.014434
       4.250000                    0.014154
       4.350000                    0.014017
       4.450000                    0.014035
       4.550000                    0.014378
       4.650000                    0.015245
       4.750000                    0.016390
       4.850000                    0.017297
       4.950000                    0.017750
       5.050000                    0.017731
       5.150000                    0.017471
       5.250000                    0.017213
       5.350000                    0.017180
       5.450000                    0.017300
       5.550000                    0.017533
       5.650000                    0.017806
       5.750000                    0.018146
       5.850000                    0.018486
       5.950000                    0.018875
       6.050000                    0.019263
       6.150000                    0.019647
       6.250000                    0.020012
       6.350000                    0.020335
       6.450000                    0.020583
       6.550000                    0.020778
       6.650000                    0.020951
       6.750000                    0.021114
       6.850000                    0.021317
       6.950000                    0.021566
       7.050000                    0.021844
       7.150000                    0.022032
       7.250000                    0.022164
       7.350000                    0.022256
       7.450000                    0.022365
       7.550000                    0.022480
       7.650000                    0.022595
       7.750000                    0.022714
       7.850000                    0.022837
       7.950000                    0.022964
       8.050000                    0.023114
       8.150000                    0.023309
       8.250000                    0.023494
       8.350000                    0.023684
       8.450000                    0.023877
       8.550000                    0.024038
       8.650000                    0.024188
       8.750000                    0.024351
       8.850000                    0.024489
       8.950000                    0.024625
       9.050000                    0.024752
       9.150000                    0.024874
       9.250000                    0.024998
       9.350000                    0.025128
       9.450000                    0.025259
       9.550000                    0.025393
       9.650000                    0.025542
       9.750000                    0.025679
       9.850000                    0.025822
       9.950000                    0.025957
      10.050000                    0.026079
      10.150000                    0.026224
      10.250000                    0.026332
      10.350000                    0.026465
      10.450000                    0.026581
      10.550000                    0.026721
      10.650000                    0.026849
      10.750000                    0.026975
      10.850000                    0.027121
      10.950000                    0.027259
      11.050000                    0.027398
      11.150000                    0.027519
      11.250000                    0.027635
      11.350000                    0.027723
      11.450000                    0.027805
      11.550000                    0.027862
      11.650000                    0.027938
      11.750000                    0.027990
      11.850000                    0.028054
      11.950000                    0.028116
      12.050000                    0.028182
      12.150000                    0.028258
      12.250000                    0.028326
      12.350000                    0.028406
      12.450000                    0.028473
      12.550000                    0.028552
      12.650000                    0.028635
      12.750000                    0.028698
      12.850000                    0.028779
      12.950000                    0.028857
      13.050000                    0.028928
      13.150000                    0.029001
      13.250000                    0.029074
      13.350000                    0.029134
      13.450000                    0.029195
      13.550000                    0.029248
      13.650000                    0.029300
      13.750000                    0.029355
      13.850000                    0.029410
      13.950000                    0.029463
      14.050000                    0.029514
      14.150000                    0.029575
      14.250000                    0.029630
      14.350000                    0.029681
      14.450000                    0.029745
      14.550000                    0.029784
      14.650000                    0.029835
      14.750000                    0.029885
      14.850000                    0.029930
      14.950000                    0.029974
      15.050000                    0.030016
      15.150000                    0.030056
      15.250000                    0.030087
      15.350000                    0.030125
      15.450000                    0.030158
      15.550000                    0.030189
      15.650000                    0.030216
      15.750000                    0.030241
      15.850000                    0.030274
      15.950000                    0.030300
      16.050000                    0.030327
      16.150000                    0.030357
      16.250000                    0.030395
      16.350000                    0.030417
      16.450000                    0.030441
      16.550000                    0.030465
      16.650000                    0.030483
      16.750000                    0.030513
      16.850000                    0.030531
      16.950000                    0.030557
      17.050000                    0.030575
      17.150000                    0.030593
      17.250000                    0.030617
      17.350000                    0.030636
      17.450000                    0.030664
      17.550000                    0.030672
      17.650000                    0.030697
      17.750000                    0.030716
      17.850000                    0.030735
      17.950000                    0.030752
      18.050000                    0.030771
      18.150000                    0.030785
      18.250000                    0.030804
      18.350000                    0.030814
      18.450000                    0.030834
      18.550000                    0.030848
      18.650000                    0.030861
      18.750000                    0.030880
      18.850000                    0.030888
      18.950000                    0.030901
      19.050000                    0.030918
      19.150000                    0.030925
      19.250000                    0.030935
      19.350000                    0.030951
      19.450000                    0.030952
      19.550000                    0.030961
      19.650000                    0.030971
      19.750000                    0.030984
      19.850000                    0.030990
      19.950000                    0.031000
      20.050000                    0.031005
      20.150000                    0.031017
      20.250000                    0.031024
      20.350000                    0.031025
      20.450000                    0.031037
      20.550000                    0.031048
      20.650000                    0.031055
      20.750000                    0.031056
      20.850000                    0.031056
      20.950000                    0.031075
      21.050000                    0.031079
      21.150000                    0.031082
      21.250000                    0.031088
      21.350000                    0.031097
      21.450000                    0.031100
      21.550000                    0.031109
      21.650000                    0.031112
      21.750000                    0.031117
      21.850000                    0.031122
      21.950000                    0.031134
      22.050000                    0.031135
      22.150000                    0.031144
      22.250000                    0.031147
      22.350000                    0.031153
      22.450000                    0.031161
      22.550000                    0.031163
      22.650000                    0.031170
      22.750000                    0.031172
      22.850000                    0.031175
      22.950000                    0.031186
      23.050000                    0.031190
      23.150000                    0.031197
      23.250000                    0.031197
      23.350000                    0.031199
      23.450000                    0.031203
      23.550000                    0.031210
      23.650000                    0.031212
      23.750000                    0.031222
      23.850000                    0.031221
      23.950000                    0.031226
      24.050000                    0.031225
      24.150000                    0.031232
      24.250000                    0.031236
      24.350000                    0.031236
      24.450000                    0.031242
      24.550000                    0.031242
      24.650000                    0.031246
      24.750000                    0.031255
      24.850000                    0.031249
      24.950000                    0.031257
      25.050000                    0.031262
      25.150000                    0.031267
      25.250000                    0.031268
      25.350000                    0.031271
      25.450000                    0.031276
      25.550000                    0.031278
      25.650000                    0.031275
      25.750000                    0.031288
      25.850000                    0.031290
      25.950000                    0.031293
      26.050000                    0.031295
      26.150000                    0.031296
      26.250000                    0.031299
      26.350000                    0.031302
      26.450000                    0.031300
      26.550000                    0.031308
      26.650000                    0.031305
      26.750000                    0.031307
      26.850000                    0.031308
      26.950000                    0.031313
      27.050000                    0.031313
      27.150000                    0.031312
      27.250000                    0.031318
      27.350000                    0.031319
      27.450000                    0.031324
      27.550000                    0.031322
      27.650000                    0.031326
      27.750000                    0.031323
      27.850000                    0.031327
      27.950000                    0.031329
      28.050000                    0.031329
      28.150000                    0.031335
      28.250000                    0.031331
      28.350000                    0.031338
      28.450000                    0.031336
      28.550000                    0.031339
      28.650000                    0.031335
      28.750000                    0.031339
      28.850000                    0.031339
      28.950000                    0.031343
      29.050000                    0.031344
      29.150000                    0.031343
      29.250000                    0.031346
      29.350000                    0.031345
      29.450000                    0.031346
      29.550000                    0.031349
      29.650000                    0.031349
      29.750000                    0.031345
      29.850000                    0.031348
      29.950000                    0.031348
