#Distance_(Ang) :1-10@O2,O4,O6_=>_:WAT@O
       0.050000                 0.000000
       0.150000                 0.000000
       0.250000                 0.000000
       0.350000                 0.000000
       0.450000                 0.000000
       0.550000                 0.000000
       0.650000                 0.000000
       0.750000                 0.000000
       0.850000                 0.000000
       0.950000                 0.000000
       1.050000                 0.000000
       1.150000                 0.000000
       1.250000                 0.000000
       1.350000                 0.000000
       1.450000                 0.000000
       1.550000                 0.000000
       1.650000                 0.000000
       1.750000                 0.000000
       1.850000                 0.000000
       1.950000                 0.000000
       2.050000                 0.000000
       2.150000                 0.000000
       2.250000                 0.000000
       2.350000                 0.000003
       2.450000                 0.000590
       2.550000                 0.008521
       2.650000                 0.026758
       2.750000                 0.035903
       2.850000                 0.031937
       2.950000                 0.025248
       3.050000                 0.020977
       3.150000                 0.019217
       3.250000                 0.018864
       3.350000                 0.019247
       3.450000                 0.019707
       3.550000                 0.020179
       3.650000                 0.020388
       3.750000                 0.020474
       3.850000                 0.020330
       3.950000                 0.020018
       4.050000                 0.019626
       4.150000                 0.019192
       4.250000                 0.018731
       4.350000                 0.018362
       4.450000                 0.018110
       4.550000                 0.017968
       4.650000                 0.017927
       4.750000                 0.018016
       4.850000                 0.018209
       4.950000                 0.018540
       5.050000                 0.018864
       5.150000                 0.019278
       5.250000                 0.019633
       5.350000                 0.019856
       5.450000                 0.019992
       5.550000                 0.020059
       5.650000                 0.020156
       5.750000                 0.020301
       5.850000                 0.020559
       5.950000                 0.020884
       6.050000                 0.021247
       6.150000                 0.021618
       6.250000                 0.021976
       6.350000                 0.022348
       6.450000                 0.022680
       6.550000                 0.022998
       6.650000                 0.023346
       6.750000                 0.023711
       6.850000                 0.024042
       6.950000                 0.024282
       7.050000                 0.024492
       7.150000                 0.024527
       7.250000                 0.024425
       7.350000                 0.024204
       7.450000                 0.024037
       7.550000                 0.023929
       7.650000                 0.023884
       7.750000                 0.023839
       7.850000                 0.023851
       7.950000                 0.023918
       8.050000                 0.023993
       8.150000                 0.024085
       8.250000                 0.024205
       8.350000                 0.024338
       8.450000                 0.024497
       8.550000                 0.024636
       8.650000                 0.024809
       8.750000                 0.024975
       8.850000                 0.025158
       8.950000                 0.025326
       9.050000                 0.025495
       9.150000                 0.025658
       9.250000                 0.025827
       9.350000                 0.025978
       9.450000                 0.026144
       9.550000                 0.026322
       9.650000                 0.026426
       9.750000                 0.026576
       9.850000                 0.026700
       9.950000                 0.026828
      10.050000                 0.026955
      10.150000                 0.027083
      10.250000                 0.027204
      10.350000                 0.027366
      10.450000                 0.027510
      10.550000                 0.027670
      10.650000                 0.027812
      10.750000                 0.027948
      10.850000                 0.028059
      10.950000                 0.028149
      11.050000                 0.028232
      11.150000                 0.028281
      11.250000                 0.028320
      11.350000                 0.028320
      11.450000                 0.028317
      11.550000                 0.028334
      11.650000                 0.028331
      11.750000                 0.028339
      11.850000                 0.028360
      11.950000                 0.028380
      12.050000                 0.028431
      12.150000                 0.028451
      12.250000                 0.028507
      12.350000                 0.028567
      12.450000                 0.028622
      12.550000                 0.028677
      12.650000                 0.028744
      12.750000                 0.028813
      12.850000                 0.028880
      12.950000                 0.028950
      13.050000                 0.029023
      13.150000                 0.029096
      13.250000                 0.029149
      13.350000                 0.029199
      13.450000                 0.029261
      13.550000                 0.029307
      13.650000                 0.029368
      13.750000                 0.029406
      13.850000                 0.029452
      13.950000                 0.029497
      14.050000                 0.029524
      14.150000                 0.029548
      14.250000                 0.029574
      14.350000                 0.029606
      14.450000                 0.029644
      14.550000                 0.029653
      14.650000                 0.029688
      14.750000                 0.029714
      14.850000                 0.029750
      14.950000                 0.029783
      15.050000                 0.029806
      15.150000                 0.029838
      15.250000                 0.029873
      15.350000                 0.029901
      15.450000                 0.029934
      15.550000                 0.029982
      15.650000                 0.030012
      15.750000                 0.030061
      15.850000                 0.030104
      15.950000                 0.030138
      16.050000                 0.030182
      16.150000                 0.030225
      16.250000                 0.030245
      16.350000                 0.030274
      16.450000                 0.030303
      16.550000                 0.030327
      16.650000                 0.030369
      16.750000                 0.030366
      16.850000                 0.030400
      16.950000                 0.030408
      17.050000                 0.030409
      17.150000                 0.030427
      17.250000                 0.030443
      17.350000                 0.030470
      17.450000                 0.030475
      17.550000                 0.030491
      17.650000                 0.030507
      17.750000                 0.030527
      17.850000                 0.030533
      17.950000                 0.030551
      18.050000                 0.030572
      18.150000                 0.030588
      18.250000                 0.030596
      18.350000                 0.030624
      18.450000                 0.030636
      18.550000                 0.030663
      18.650000                 0.030668
      18.750000                 0.030686
      18.850000                 0.030710
      18.950000                 0.030720
      19.050000                 0.030742
      19.150000                 0.030753
      19.250000                 0.030776
      19.350000                 0.030786
      19.450000                 0.030800
      19.550000                 0.030812
      19.650000                 0.030825
      19.750000                 0.030849
      19.850000                 0.030864
      19.950000                 0.030882
      20.050000                 0.030896
      20.150000                 0.030901
      20.250000                 0.030912
      20.350000                 0.030930
      20.450000                 0.030941
      20.550000                 0.030950
      20.650000                 0.030953
      20.750000                 0.030962
      20.850000                 0.030978
      20.950000                 0.030990
      21.050000                 0.031004
      21.150000                 0.031009
      21.250000                 0.031024
      21.350000                 0.031045
      21.450000                 0.031046
      21.550000                 0.031061
      21.650000                 0.031071
      21.750000                 0.031078
      21.850000                 0.031098
      21.950000                 0.031099
      22.050000                 0.031118
      22.150000                 0.031125
      22.250000                 0.031128
      22.350000                 0.031138
      22.450000                 0.031141
      22.550000                 0.031144
      22.650000                 0.031150
      22.750000                 0.031156
      22.850000                 0.031162
      22.950000                 0.031166
      23.050000                 0.031181
      23.150000                 0.031176
      23.250000                 0.031182
      23.350000                 0.031189
      23.450000                 0.031198
      23.550000                 0.031200
      23.650000                 0.031200
      23.750000                 0.031205
      23.850000                 0.031207
      23.950000                 0.031223
      24.050000                 0.031228
      24.150000                 0.031234
      24.250000                 0.031236
      24.350000                 0.031240
      24.450000                 0.031245
      24.550000                 0.031252
      24.650000                 0.031253
      24.750000                 0.031257
      24.850000                 0.031265
      24.950000                 0.031267
      25.050000                 0.031272
      25.150000                 0.031276
      25.250000                 0.031282
      25.350000                 0.031279
      25.450000                 0.031281
      25.550000                 0.031287
      25.650000                 0.031286
      25.750000                 0.031294
      25.850000                 0.031291
      25.950000                 0.031296
      26.050000                 0.031295
      26.150000                 0.031295
      26.250000                 0.031303
      26.350000                 0.031303
      26.450000                 0.031307
      26.550000                 0.031306
      26.650000                 0.031308
      26.750000                 0.031311
      26.850000                 0.031305
      26.950000                 0.031317
      27.050000                 0.031314
      27.150000                 0.031320
      27.250000                 0.031314
      27.350000                 0.031318
      27.450000                 0.031320
      27.550000                 0.031318
      27.650000                 0.031322
      27.750000                 0.031322
      27.850000                 0.031329
      27.950000                 0.031325
      28.050000                 0.031321
      28.150000                 0.031321
      28.250000                 0.031328
      28.350000                 0.031327
      28.450000                 0.031333
      28.550000                 0.031333
      28.650000                 0.031326
      28.750000                 0.031341
      28.850000                 0.031330
      28.950000                 0.031333
      29.050000                 0.031333
      29.150000                 0.031333
      29.250000                 0.031329
      29.350000                 0.031338
      29.450000                 0.031340
      29.550000                 0.031336
      29.650000                 0.031344
      29.750000                 0.031339
      29.850000                 0.031338
      29.950000                 0.031348
