#Distance_(Ang) :1-10@N1,N3,N7,N6_=>_:WAT@O
       0.050000                    0.000000
       0.150000                    0.000000
       0.250000                    0.000000
       0.350000                    0.000000
       0.450000                    0.000000
       0.550000                    0.000000
       0.650000                    0.000000
       0.750000                    0.000000
       0.850000                    0.000000
       0.950000                    0.000000
       1.050000                    0.000000
       1.150000                    0.000000
       1.250000                    0.000000
       1.350000                    0.000000
       1.450000                    0.000000
       1.550000                    0.000000
       1.650000                    0.000000
       1.750000                    0.000000
       1.850000                    0.000000
       1.950000                    0.000000
       2.050000                    0.000000
       2.150000                    0.000000
       2.250000                    0.000000
       2.350000                    0.000000
       2.450000                    0.000002
       2.550000                    0.000299
       2.650000                    0.004112
       2.750000                    0.014536
       2.850000                    0.023294
       2.950000                    0.023949
       3.050000                    0.020572
       3.150000                    0.017526
       3.250000                    0.016001
       3.350000                    0.015584
       3.450000                    0.015781
       3.550000                    0.016255
       3.650000                    0.016752
       3.750000                    0.017171
       3.850000                    0.017451
       3.950000                    0.017574
       4.050000                    0.017555
       4.150000                    0.017539
       4.250000                    0.017556
       4.350000                    0.017652
       4.450000                    0.017850
       4.550000                    0.018093
       4.650000                    0.018384
       4.750000                    0.018744
       4.850000                    0.019120
       4.950000                    0.019376
       5.050000                    0.019276
       5.150000                    0.018955
       5.250000                    0.018730
       5.350000                    0.018732
       5.450000                    0.018937
       5.550000                    0.019286
       5.650000                    0.019750
       5.750000                    0.020408
       5.850000                    0.021206
       5.950000                    0.022081
       6.050000                    0.022832
       6.150000                    0.023348
       6.250000                    0.023709
       6.350000                    0.023934
       6.450000                    0.024094
       6.550000                    0.024220
       6.650000                    0.024337
       6.750000                    0.024506
       6.850000                    0.024642
       6.950000                    0.024745
       7.050000                    0.024812
       7.150000                    0.024898
       7.250000                    0.025003
       7.350000                    0.025102
       7.450000                    0.025192
       7.550000                    0.025271
       7.650000                    0.025320
       7.750000                    0.025370
       7.850000                    0.025433
       7.950000                    0.025509
       8.050000                    0.025595
       8.150000                    0.025728
       8.250000                    0.025879
       8.350000                    0.026019
       8.450000                    0.026155
       8.550000                    0.026300
       8.650000                    0.026435
       8.750000                    0.026562
       8.850000                    0.026701
       8.950000                    0.026827
       9.050000                    0.026968
       9.150000                    0.027112
       9.250000                    0.027237
       9.350000                    0.027377
       9.450000                    0.027515
       9.550000                    0.027659
       9.650000                    0.027790
       9.750000                    0.027914
       9.850000                    0.028025
       9.950000                    0.028163
      10.050000                    0.028258
      10.150000                    0.028369
      10.250000                    0.028463
      10.350000                    0.028564
      10.450000                    0.028649
      10.550000                    0.028739
      10.650000                    0.028813
      10.750000                    0.028891
      10.850000                    0.028947
      10.950000                    0.029038
      11.050000                    0.029117
      11.150000                    0.029195
      11.250000                    0.029244
      11.350000                    0.029288
      11.450000                    0.029311
      11.550000                    0.029315
      11.650000                    0.029332
      11.750000                    0.029357
      11.850000                    0.029374
      11.950000                    0.029408
      12.050000                    0.029441
      12.150000                    0.029479
      12.250000                    0.029515
      12.350000                    0.029565
      12.450000                    0.029595
      12.550000                    0.029649
      12.650000                    0.029695
      12.750000                    0.029729
      12.850000                    0.029773
      12.950000                    0.029806
      13.050000                    0.029831
      13.150000                    0.029863
      13.250000                    0.029896
      13.350000                    0.029920
      13.450000                    0.029941
      13.550000                    0.029961
      13.650000                    0.029980
      13.750000                    0.030011
      13.850000                    0.030036
      13.950000                    0.030070
      14.050000                    0.030090
      14.150000                    0.030117
      14.250000                    0.030151
      14.350000                    0.030165
      14.450000                    0.030197
      14.550000                    0.030219
      14.650000                    0.030236
      14.750000                    0.030251
      14.850000                    0.030269
      14.950000                    0.030284
      15.050000                    0.030294
      15.150000                    0.030305
      15.250000                    0.030316
      15.350000                    0.030330
      15.450000                    0.030337
      15.550000                    0.030344
      15.650000                    0.030357
      15.750000                    0.030375
      15.850000                    0.030393
      15.950000                    0.030410
      16.050000                    0.030428
      16.150000                    0.030445
      16.250000                    0.030455
      16.350000                    0.030486
      16.450000                    0.030502
      16.550000                    0.030516
      16.650000                    0.030528
      16.750000                    0.030542
      16.850000                    0.030556
      16.950000                    0.030568
      17.050000                    0.030574
      17.150000                    0.030586
      17.250000                    0.030599
      17.350000                    0.030605
      17.450000                    0.030613
      17.550000                    0.030617
      17.650000                    0.030628
      17.750000                    0.030638
      17.850000                    0.030639
      17.950000                    0.030646
      18.050000                    0.030657
      18.150000                    0.030660
      18.250000                    0.030676
      18.350000                    0.030679
      18.450000                    0.030684
      18.550000                    0.030694
      18.650000                    0.030705
      18.750000                    0.030711
      18.850000                    0.030724
      18.950000                    0.030730
      19.050000                    0.030744
      19.150000                    0.030754
      19.250000                    0.030761
      19.350000                    0.030765
      19.450000                    0.030770
      19.550000                    0.030785
      19.650000                    0.030796
      19.750000                    0.030803
      19.850000                    0.030808
      19.950000                    0.030818
      20.050000                    0.030824
      20.150000                    0.030837
      20.250000                    0.030846
      20.350000                    0.030847
      20.450000                    0.030855
      20.550000                    0.030859
      20.650000                    0.030867
      20.750000                    0.030871
      20.850000                    0.030879
      20.950000                    0.030881
      21.050000                    0.030883
      21.150000                    0.030892
      21.250000                    0.030901
      21.350000                    0.030902
      21.450000                    0.030903
      21.550000                    0.030914
      21.650000                    0.030913
      21.750000                    0.030928
      21.850000                    0.030929
      21.950000                    0.030936
      22.050000                    0.030935
      22.150000                    0.030941
      22.250000                    0.030948
      22.350000                    0.030945
      22.450000                    0.030951
      22.550000                    0.030965
      22.650000                    0.030972
      22.750000                    0.030979
      22.850000                    0.030980
      22.950000                    0.030985
      23.050000                    0.030990
      23.150000                    0.030996
      23.250000                    0.031002
      23.350000                    0.031009
      23.450000                    0.031013
      23.550000                    0.031023
      23.650000                    0.031023
      23.750000                    0.031028
      23.850000                    0.031036
      23.950000                    0.031040
      24.050000                    0.031038
      24.150000                    0.031047
      24.250000                    0.031046
      24.350000                    0.031058
      24.450000                    0.031062
      24.550000                    0.031065
      24.650000                    0.031068
      24.750000                    0.031076
      24.850000                    0.031083
      24.950000                    0.031081
      25.050000                    0.031090
      25.150000                    0.031090
      25.250000                    0.031096
      25.350000                    0.031099
      25.450000                    0.031107
      25.550000                    0.031107
      25.650000                    0.031116
      25.750000                    0.031116
      25.850000                    0.031119
      25.950000                    0.031125
      26.050000                    0.031129
      26.150000                    0.031136
      26.250000                    0.031137
      26.350000                    0.031140
      26.450000                    0.031143
      26.550000                    0.031148
      26.650000                    0.031155
      26.750000                    0.031157
      26.850000                    0.031163
      26.950000                    0.031169
      27.050000                    0.031170
      27.150000                    0.031175
      27.250000                    0.031176
      27.350000                    0.031179
      27.450000                    0.031185
      27.550000                    0.031191
      27.650000                    0.031195
      27.750000                    0.031197
      27.850000                    0.031201
      27.950000                    0.031206
      28.050000                    0.031209
      28.150000                    0.031211
      28.250000                    0.031216
      28.350000                    0.031217
      28.450000                    0.031218
      28.550000                    0.031224
      28.650000                    0.031224
      28.750000                    0.031229
      28.850000                    0.031232
      28.950000                    0.031233
      29.050000                    0.031236
      29.150000                    0.031244
      29.250000                    0.031243
      29.350000                    0.031245
      29.450000                    0.031247
      29.550000                    0.031253
      29.650000                    0.031254
      29.750000                    0.031257
      29.850000                    0.031261
      29.950000                    0.031261
