#Distance_(Ang) :1-10@O2,O4_=>_:WAT@O
       0.050000              0.000000
       0.150000              0.000000
       0.250000              0.000000
       0.350000              0.000000
       0.450000              0.000000
       0.550000              0.000000
       0.650000              0.000000
       0.750000              0.000000
       0.850000              0.000000
       0.950000              0.000000
       1.050000              0.000000
       1.150000              0.000000
       1.250000              0.000000
       1.350000              0.000000
       1.450000              0.000000
       1.550000              0.000000
       1.650000              0.000000
       1.750000              0.000000
       1.850000              0.000000
       1.950000              0.000000
       2.050000              0.000000
       2.150000              0.000000
       2.250000              0.000000
       2.350000              0.000003
       2.450000              0.000587
       2.550000              0.008434
       2.650000              0.026502
       2.750000              0.035398
       2.850000              0.031275
       2.950000              0.024465
       3.050000              0.020238
       3.150000              0.018581
       3.250000              0.018418
       3.350000              0.018962
       3.450000              0.019680
       3.550000              0.020294
       3.650000              0.020715
       3.750000              0.020766
       3.850000              0.020568
       3.950000              0.020152
       4.050000              0.019635
       4.150000              0.019176
       4.250000              0.018829
       4.350000              0.018509
       4.450000              0.018357
       4.550000              0.018327
       4.650000              0.018372
       4.750000              0.018571
       4.850000              0.018838
       4.950000              0.019229
       5.050000              0.019699
       5.150000              0.020149
       5.250000              0.020534
       5.350000              0.020795
       5.450000              0.021014
       5.550000              0.021093
       5.650000              0.021210
       5.750000              0.021412
       5.850000              0.021671
       5.950000              0.021994
       6.050000              0.022307
       6.150000              0.022656
       6.250000              0.022961
       6.350000              0.023200
       6.450000              0.023458
       6.550000              0.023750
       6.650000              0.024007
       6.750000              0.024290
       6.850000              0.024569
       6.950000              0.024827
       7.050000              0.025003
       7.150000              0.024957
       7.250000              0.024767
       7.350000              0.024585
       7.450000              0.024451
       7.550000              0.024437
       7.650000              0.024449
       7.750000              0.024485
       7.850000              0.024543
       7.950000              0.024615
       8.050000              0.024706
       8.150000              0.024872
       8.250000              0.024963
       8.350000              0.025068
       8.450000              0.025193
       8.550000              0.025334
       8.650000              0.025481
       8.750000              0.025600
       8.850000              0.025762
       8.950000              0.025931
       9.050000              0.026069
       9.150000              0.026223
       9.250000              0.026414
       9.350000              0.026581
       9.450000              0.026756
       9.550000              0.026885
       9.650000              0.026995
       9.750000              0.027133
       9.850000              0.027269
       9.950000              0.027393
      10.050000              0.027480
      10.150000              0.027624
      10.250000              0.027732
      10.350000              0.027876
      10.450000              0.028018
      10.550000              0.028167
      10.650000              0.028288
      10.750000              0.028370
      10.850000              0.028461
      10.950000              0.028507
      11.050000              0.028503
      11.150000              0.028501
      11.250000              0.028501
      11.350000              0.028478
      11.450000              0.028449
      11.550000              0.028444
      11.650000              0.028461
      11.750000              0.028479
      11.850000              0.028504
      11.950000              0.028549
      12.050000              0.028618
      12.150000              0.028668
      12.250000              0.028737
      12.350000              0.028802
      12.450000              0.028863
      12.550000              0.028928
      12.650000              0.029008
      12.750000              0.029081
      12.850000              0.029141
      12.950000              0.029225
      13.050000              0.029293
      13.150000              0.029348
      13.250000              0.029406
      13.350000              0.029461
      13.450000              0.029526
      13.550000              0.029594
      13.650000              0.029628
      13.750000              0.029694
      13.850000              0.029728
      13.950000              0.029781
      14.050000              0.029819
      14.150000              0.029854
      14.250000              0.029896
      14.350000              0.029935
      14.450000              0.029953
      14.550000              0.029990
      14.650000              0.030009
      14.750000              0.030040
      14.850000              0.030062
      14.950000              0.030080
      15.050000              0.030092
      15.150000              0.030116
      15.250000              0.030138
      15.350000              0.030169
      15.450000              0.030189
      15.550000              0.030224
      15.650000              0.030254
      15.750000              0.030283
      15.850000              0.030307
      15.950000              0.030344
      16.050000              0.030382
      16.150000              0.030397
      16.250000              0.030441
      16.350000              0.030451
      16.450000              0.030477
      16.550000              0.030500
      16.650000              0.030533
      16.750000              0.030559
      16.850000              0.030578
      16.950000              0.030588
      17.050000              0.030621
      17.150000              0.030637
      17.250000              0.030653
      17.350000              0.030675
      17.450000              0.030690
      17.550000              0.030701
      17.650000              0.030721
      17.750000              0.030733
      17.850000              0.030764
      17.950000              0.030765
      18.050000              0.030787
      18.150000              0.030804
      18.250000              0.030817
      18.350000              0.030830
      18.450000              0.030840
      18.550000              0.030855
      18.650000              0.030862
      18.750000              0.030875
      18.850000              0.030885
      18.950000              0.030898
      19.050000              0.030899
      19.150000              0.030902
      19.250000              0.030916
      19.350000              0.030914
      19.450000              0.030945
      19.550000              0.030944
      19.650000              0.030951
      19.750000              0.030949
      19.850000              0.030961
      19.950000              0.030973
      20.050000              0.030972
      20.150000              0.030970
      20.250000              0.030991
      20.350000              0.030999
      20.450000              0.030989
      20.550000              0.030996
      20.650000              0.031009
      20.750000              0.031017
      20.850000              0.031019
      20.950000              0.031016
      21.050000              0.031037
      21.150000              0.031036
      21.250000              0.031046
      21.350000              0.031045
      21.450000              0.031063
      21.550000              0.031061
      21.650000              0.031067
      21.750000              0.031076
      21.850000              0.031087
      21.950000              0.031085
      22.050000              0.031084
      22.150000              0.031096
      22.250000              0.031106
      22.350000              0.031097
      22.450000              0.031112
      22.550000              0.031112
      22.650000              0.031113
      22.750000              0.031114
      22.850000              0.031123
      22.950000              0.031130
      23.050000              0.031128
      23.150000              0.031127
      23.250000              0.031133
      23.350000              0.031143
      23.450000              0.031148
      23.550000              0.031146
      23.650000              0.031146
      23.750000              0.031157
      23.850000              0.031154
      23.950000              0.031169
      24.050000              0.031165
      24.150000              0.031165
      24.250000              0.031170
      24.350000              0.031172
      24.450000              0.031172
      24.550000              0.031187
      24.650000              0.031181
      24.750000              0.031185
      24.850000              0.031191
      24.950000              0.031185
      25.050000              0.031196
      25.150000              0.031196
      25.250000              0.031196
      25.350000              0.031205
      25.450000              0.031197
      25.550000              0.031205
      25.650000              0.031207
      25.750000              0.031204
      25.850000              0.031210
      25.950000              0.031215
      26.050000              0.031217
      26.150000              0.031217
      26.250000              0.031225
      26.350000              0.031220
      26.450000              0.031229
      26.550000              0.031231
      26.650000              0.031228
      26.750000              0.031222
      26.850000              0.031234
      26.950000              0.031237
      27.050000              0.031241
      27.150000              0.031239
      27.250000              0.031240
      27.350000              0.031239
      27.450000              0.031241
      27.550000              0.031252
      27.650000              0.031248
      27.750000              0.031254
      27.850000              0.031247
      27.950000              0.031245
      28.050000              0.031255
      28.150000              0.031252
      28.250000              0.031254
      28.350000              0.031257
      28.450000              0.031257
      28.550000              0.031269
      28.650000              0.031268
      28.750000              0.031267
      28.850000              0.031267
      28.950000              0.031265
      29.050000              0.031270
      29.150000              0.031270
      29.250000              0.031272
      29.350000              0.031279
      29.450000              0.031273
      29.550000              0.031277
      29.650000              0.031275
      29.750000              0.031286
      29.850000              0.031283
      29.950000              0.031280
