#Distance_(Ang) :U,U3@P_=>_:WAT@O
       0.050000          0.000000
       0.150000          0.000000
       0.250000          0.000000
       0.350000          0.000000
       0.450000          0.000000
       0.550000          0.000000
       0.650000          0.000000
       0.750000          0.000000
       0.850000          0.000000
       0.950000          0.000000
       1.050000          0.000000
       1.150000          0.000000
       1.250000          0.000000
       1.350000          0.000000
       1.450000          0.000000
       1.550000          0.000000
       1.650000          0.000000
       1.750000          0.000000
       1.850000          0.000000
       1.950000          0.000000
       2.050000          0.000000
       2.150000          0.000000
       2.250000          0.000000
       2.350000          0.000000
       2.450000          0.000000
       2.550000          0.000000
       2.650000          0.000000
       2.750000          0.000000
       2.850000          0.000000
       2.950000          0.000015
       3.050000          0.000255
       3.150000          0.001793
       3.250000          0.006760
       3.350000          0.016511
       3.450000          0.028619
       3.550000          0.038299
       3.650000          0.042889
       3.750000          0.043352
       3.850000          0.040995
       3.950000          0.035497
       4.050000          0.026808
       4.150000          0.018297
       4.250000          0.012857
       4.350000          0.010477
       4.450000          0.009909
       4.550000          0.010178
       4.650000          0.010887
       4.750000          0.011822
       4.850000          0.012898
       4.950000          0.014117
       5.050000          0.015358
       5.150000          0.016574
       5.250000          0.017708
       5.350000          0.018697
       5.450000          0.019548
       5.550000          0.020304
       5.650000          0.020920
       5.750000          0.021509
       5.850000          0.022016
       5.950000          0.022357
       6.050000          0.022474
       6.150000          0.022379
       6.250000          0.022022
       6.350000          0.021605
       6.450000          0.021074
       6.550000          0.020673
       6.650000          0.020377
       6.750000          0.020249
       6.850000          0.020240
       6.950000          0.020387
       7.050000          0.020655
       7.150000          0.021044
       7.250000          0.021427
       7.350000          0.021855
       7.450000          0.022248
       7.550000          0.022575
       7.650000          0.022873
       7.750000          0.023156
       7.850000          0.023463
       7.950000          0.023719
       8.050000          0.023961
       8.150000          0.024198
       8.250000          0.024352
       8.350000          0.024488
       8.450000          0.024576
       8.550000          0.024665
       8.650000          0.024753
       8.750000          0.024814
       8.850000          0.024919
       8.950000          0.025016
       9.050000          0.025159
       9.150000          0.025276
       9.250000          0.025460
       9.350000          0.025623
       9.450000          0.025851
       9.550000          0.026086
       9.650000          0.026303
       9.750000          0.026532
       9.850000          0.026726
       9.950000          0.026881
      10.050000          0.027011
      10.150000          0.027115
      10.250000          0.027158
      10.350000          0.027184
      10.450000          0.027166
      10.550000          0.027154
      10.650000          0.027072
      10.750000          0.027035
      10.850000          0.027024
      10.950000          0.027039
      11.050000          0.027086
      11.150000          0.027161
      11.250000          0.027212
      11.350000          0.027317
      11.450000          0.027427
      11.550000          0.027526
      11.650000          0.027622
      11.750000          0.027739
      11.850000          0.027844
      11.950000          0.027957
      12.050000          0.028080
      12.150000          0.028189
      12.250000          0.028264
      12.350000          0.028368
      12.450000          0.028469
      12.550000          0.028530
      12.650000          0.028608
      12.750000          0.028686
      12.850000          0.028730
      12.950000          0.028823
      13.050000          0.028898
      13.150000          0.028986
      13.250000          0.029070
      13.350000          0.029129
      13.450000          0.029206
      13.550000          0.029285
      13.650000          0.029360
      13.750000          0.029422
      13.850000          0.029491
      13.950000          0.029532
      14.050000          0.029595
      14.150000          0.029626
      14.250000          0.029671
      14.350000          0.029689
      14.450000          0.029713
      14.550000          0.029759
      14.650000          0.029797
      14.750000          0.029828
      14.850000          0.029843
      14.950000          0.029875
      15.050000          0.029925
      15.150000          0.029941
      15.250000          0.029990
      15.350000          0.030021
      15.450000          0.030067
      15.550000          0.030095
      15.650000          0.030123
      15.750000          0.030186
      15.850000          0.030229
      15.950000          0.030259
      16.050000          0.030300
      16.150000          0.030342
      16.250000          0.030392
      16.350000          0.030437
      16.450000          0.030465
      16.550000          0.030495
      16.650000          0.030539
      16.750000          0.030563
      16.850000          0.030589
      16.950000          0.030612
      17.050000          0.030627
      17.150000          0.030655
      17.250000          0.030681
      17.350000          0.030692
      17.450000          0.030725
      17.550000          0.030739
      17.650000          0.030750
      17.750000          0.030753
      17.850000          0.030783
      17.950000          0.030786
      18.050000          0.030804
      18.150000          0.030827
      18.250000          0.030834
      18.350000          0.030871
      18.450000          0.030879
      18.550000          0.030903
      18.650000          0.030909
      18.750000          0.030937
      18.850000          0.030956
      18.950000          0.030985
      19.050000          0.030998
      19.150000          0.031011
      19.250000          0.031029
      19.350000          0.031038
      19.450000          0.031041
      19.550000          0.031076
      19.650000          0.031097
      19.750000          0.031104
      19.850000          0.031113
      19.950000          0.031125
      20.050000          0.031152
      20.150000          0.031149
      20.250000          0.031158
      20.350000          0.031174
      20.450000          0.031174
      20.550000          0.031182
      20.650000          0.031186
      20.750000          0.031190
      20.850000          0.031207
      20.950000          0.031219
      21.050000          0.031224
      21.150000          0.031227
      21.250000          0.031228
      21.350000          0.031230
      21.450000          0.031229
      21.550000          0.031239
      21.650000          0.031246
      21.750000          0.031246
      21.850000          0.031256
      21.950000          0.031258
      22.050000          0.031255
      22.150000          0.031265
      22.250000          0.031266
      22.350000          0.031266
      22.450000          0.031275
      22.550000          0.031277
      22.650000          0.031274
      22.750000          0.031280
      22.850000          0.031290
      22.950000          0.031289
      23.050000          0.031286
      23.150000          0.031289
      23.250000          0.031296
      23.350000          0.031295
      23.450000          0.031284
      23.550000          0.031304
      23.650000          0.031297
      23.750000          0.031307
      23.850000          0.031302
      23.950000          0.031305
      24.050000          0.031305
      24.150000          0.031296
      24.250000          0.031304
      24.350000          0.031305
      24.450000          0.031308
      24.550000          0.031308
      24.650000          0.031306
      24.750000          0.031305
      24.850000          0.031315
      24.950000          0.031318
      25.050000          0.031310
      25.150000          0.031315
      25.250000          0.031312
      25.350000          0.031317
      25.450000          0.031313
      25.550000          0.031309
      25.650000          0.031315
      25.750000          0.031306
      25.850000          0.031317
      25.950000          0.031320
      26.050000          0.031311
      26.150000          0.031323
      26.250000          0.031326
      26.350000          0.031319
      26.450000          0.031318
      26.550000          0.031340
      26.650000          0.031328
      26.750000          0.031324
      26.850000          0.031335
      26.950000          0.031334
      27.050000          0.031321
      27.150000          0.031332
      27.250000          0.031329
      27.350000          0.031328
      27.450000          0.031324
      27.550000          0.031330
      27.650000          0.031336
      27.750000          0.031333
      27.850000          0.031325
      27.950000          0.031328
      28.050000          0.031335
      28.150000          0.031340
      28.250000          0.031331
      28.350000          0.031331
      28.450000          0.031326
      28.550000          0.031332
      28.650000          0.031326
      28.750000          0.031332
      28.850000          0.031334
      28.950000          0.031332
      29.050000          0.031332
      29.150000          0.031338
      29.250000          0.031344
      29.350000          0.031326
      29.450000          0.031339
      29.550000          0.031346
      29.650000          0.031331
      29.750000          0.031343
      29.850000          0.031337
      29.950000          0.031338
