#Distance_(Ang) :1-10@N1,N2,N3,N7_=>_:WAT@O
       0.050000                    0.000000
       0.150000                    0.000000
       0.250000                    0.000000
       0.350000                    0.000000
       0.450000                    0.000000
       0.550000                    0.000000
       0.650000                    0.000000
       0.750000                    0.000000
       0.850000                    0.000000
       0.950000                    0.000000
       1.050000                    0.000000
       1.150000                    0.000000
       1.250000                    0.000000
       1.350000                    0.000000
       1.450000                    0.000000
       1.550000                    0.000000
       1.650000                    0.000000
       1.750000                    0.000000
       1.850000                    0.000000
       1.950000                    0.000000
       2.050000                    0.000000
       2.150000                    0.000000
       2.250000                    0.000000
       2.350000                    0.000000
       2.450000                    0.000000
       2.550000                    0.000061
       2.650000                    0.001198
       2.750000                    0.006494
       2.850000                    0.013643
       2.950000                    0.015935
       3.050000                    0.014704
       3.150000                    0.013348
       3.250000                    0.012817
       3.350000                    0.012852
       3.450000                    0.013176
       3.550000                    0.013556
       3.650000                    0.013907
       3.750000                    0.014223
       3.850000                    0.014463
       3.950000                    0.014696
       4.050000                    0.014919
       4.150000                    0.015158
       4.250000                    0.015469
       4.350000                    0.015799
       4.450000                    0.016175
       4.550000                    0.016711
       4.650000                    0.017512
       4.750000                    0.018464
       4.850000                    0.019185
       4.950000                    0.019369
       5.050000                    0.018995
       5.150000                    0.018375
       5.250000                    0.017872
       5.350000                    0.017624
       5.450000                    0.017631
       5.550000                    0.017841
       5.650000                    0.018175
       5.750000                    0.018574
       5.850000                    0.018981
       5.950000                    0.019365
       6.050000                    0.019742
       6.150000                    0.020107
       6.250000                    0.020440
       6.350000                    0.020755
       6.450000                    0.021061
       6.550000                    0.021298
       6.650000                    0.021551
       6.750000                    0.021805
       6.850000                    0.022039
       6.950000                    0.022340
       7.050000                    0.022665
       7.150000                    0.022908
       7.250000                    0.023122
       7.350000                    0.023309
       7.450000                    0.023478
       7.550000                    0.023639
       7.650000                    0.023774
       7.750000                    0.023901
       7.850000                    0.024002
       7.950000                    0.024139
       8.050000                    0.024271
       8.150000                    0.024409
       8.250000                    0.024608
       8.350000                    0.024824
       8.450000                    0.025041
       8.550000                    0.025223
       8.650000                    0.025400
       8.750000                    0.025542
       8.850000                    0.025675
       8.950000                    0.025805
       9.050000                    0.025913
       9.150000                    0.026009
       9.250000                    0.026095
       9.350000                    0.026175
       9.450000                    0.026256
       9.550000                    0.026344
       9.650000                    0.026437
       9.750000                    0.026546
       9.850000                    0.026657
       9.950000                    0.026802
      10.050000                    0.026938
      10.150000                    0.027087
      10.250000                    0.027222
      10.350000                    0.027355
      10.450000                    0.027481
      10.550000                    0.027591
      10.650000                    0.027681
      10.750000                    0.027772
      10.850000                    0.027881
      10.950000                    0.027966
      11.050000                    0.028064
      11.150000                    0.028144
      11.250000                    0.028229
      11.350000                    0.028301
      11.450000                    0.028348
      11.550000                    0.028387
      11.650000                    0.028421
      11.750000                    0.028434
      11.850000                    0.028488
      11.950000                    0.028526
      12.050000                    0.028570
      12.150000                    0.028620
      12.250000                    0.028661
      12.350000                    0.028712
      12.450000                    0.028760
      12.550000                    0.028818
      12.650000                    0.028870
      12.750000                    0.028917
      12.850000                    0.028963
      12.950000                    0.029009
      13.050000                    0.029046
      13.150000                    0.029094
      13.250000                    0.029133
      13.350000                    0.029174
      13.450000                    0.029217
      13.550000                    0.029266
      13.650000                    0.029292
      13.750000                    0.029324
      13.850000                    0.029366
      13.950000                    0.029393
      14.050000                    0.029438
      14.150000                    0.029482
      14.250000                    0.029517
      14.350000                    0.029549
      14.450000                    0.029593
      14.550000                    0.029630
      14.650000                    0.029677
      14.750000                    0.029710
      14.850000                    0.029748
      14.950000                    0.029774
      15.050000                    0.029824
      15.150000                    0.029862
      15.250000                    0.029887
      15.350000                    0.029923
      15.450000                    0.029958
      15.550000                    0.029989
      15.650000                    0.030026
      15.750000                    0.030054
      15.850000                    0.030084
      15.950000                    0.030111
      16.050000                    0.030146
      16.150000                    0.030175
      16.250000                    0.030210
      16.350000                    0.030233
      16.450000                    0.030261
      16.550000                    0.030292
      16.650000                    0.030318
      16.750000                    0.030348
      16.850000                    0.030374
      16.950000                    0.030398
      17.050000                    0.030431
      17.150000                    0.030451
      17.250000                    0.030470
      17.350000                    0.030498
      17.450000                    0.030520
      17.550000                    0.030541
      17.650000                    0.030563
      17.750000                    0.030593
      17.850000                    0.030605
      17.950000                    0.030631
      18.050000                    0.030654
      18.150000                    0.030674
      18.250000                    0.030698
      18.350000                    0.030714
      18.450000                    0.030732
      18.550000                    0.030749
      18.650000                    0.030767
      18.750000                    0.030783
      18.850000                    0.030800
      18.950000                    0.030817
      19.050000                    0.030829
      19.150000                    0.030845
      19.250000                    0.030862
      19.350000                    0.030870
      19.450000                    0.030890
      19.550000                    0.030898
      19.650000                    0.030910
      19.750000                    0.030914
      19.850000                    0.030935
      19.950000                    0.030951
      20.050000                    0.030957
      20.150000                    0.030968
      20.250000                    0.030984
      20.350000                    0.030993
      20.450000                    0.031008
      20.550000                    0.031017
      20.650000                    0.031036
      20.750000                    0.031042
      20.850000                    0.031050
      20.950000                    0.031061
      21.050000                    0.031075
      21.150000                    0.031082
      21.250000                    0.031101
      21.350000                    0.031105
      21.450000                    0.031114
      21.550000                    0.031122
      21.650000                    0.031131
      21.750000                    0.031139
      21.850000                    0.031152
      21.950000                    0.031165
      22.050000                    0.031167
      22.150000                    0.031174
      22.250000                    0.031181
      22.350000                    0.031185
      22.450000                    0.031202
      22.550000                    0.031205
      22.650000                    0.031207
      22.750000                    0.031215
      22.850000                    0.031221
      22.950000                    0.031223
      23.050000                    0.031230
      23.150000                    0.031237
      23.250000                    0.031242
      23.350000                    0.031245
      23.450000                    0.031244
      23.550000                    0.031250
      23.650000                    0.031258
      23.750000                    0.031262
      23.850000                    0.031261
      23.950000                    0.031267
      24.050000                    0.031271
      24.150000                    0.031282
      24.250000                    0.031282
      24.350000                    0.031286
      24.450000                    0.031289
      24.550000                    0.031294
      24.650000                    0.031288
      24.750000                    0.031295
      24.850000                    0.031300
      24.950000                    0.031301
      25.050000                    0.031303
      25.150000                    0.031303
      25.250000                    0.031309
      25.350000                    0.031309
      25.450000                    0.031315
      25.550000                    0.031315
      25.650000                    0.031316
      25.750000                    0.031319
      25.850000                    0.031319
      25.950000                    0.031316
      26.050000                    0.031318
      26.150000                    0.031322
      26.250000                    0.031320
      26.350000                    0.031324
      26.450000                    0.031326
      26.550000                    0.031328
      26.650000                    0.031329
      26.750000                    0.031333
      26.850000                    0.031329
      26.950000                    0.031330
      27.050000                    0.031330
      27.150000                    0.031333
      27.250000                    0.031338
      27.350000                    0.031336
      27.450000                    0.031337
      27.550000                    0.031338
      27.650000                    0.031341
      27.750000                    0.031346
      27.850000                    0.031340
      27.950000                    0.031338
      28.050000                    0.031343
      28.150000                    0.031339
      28.250000                    0.031340
      28.350000                    0.031344
      28.450000                    0.031342
      28.550000                    0.031342
      28.650000                    0.031346
      28.750000                    0.031345
      28.850000                    0.031347
      28.950000                    0.031348
      29.050000                    0.031340
      29.150000                    0.031340
      29.250000                    0.031343
      29.350000                    0.031347
      29.450000                    0.031349
      29.550000                    0.031350
      29.650000                    0.031346
      29.750000                    0.031347
      29.850000                    0.031352
      29.950000                    0.031348
