#Distance_(Ang) :1-10@N7_=>_:Na+
       0.050000         0.000000
       0.150000         0.000000
       0.250000         0.000000
       0.350000         0.000000
       0.450000         0.000000
       0.550000         0.000000
       0.650000         0.000000
       0.750000         0.000000
       0.850000         0.000000
       0.950000         0.000000
       1.050000         0.000000
       1.150000         0.000000
       1.250000         0.000000
       1.350000         0.000000
       1.450000         0.000000
       1.550000         0.000000
       1.650000         0.000000
       1.750000         0.000000
       1.850000         0.000000
       1.950000         0.000000
       2.050000         0.000000
       2.150000         0.000234
       2.250000         0.030116
       2.350000         0.231759
       2.450000         0.420131
       2.550000         0.332526
       2.650000         0.176901
       2.750000         0.077779
       2.850000         0.035088
       2.950000         0.016070
       3.050000         0.008396
       3.150000         0.005108
       3.250000         0.003312
       3.350000         0.002977
       3.450000         0.002660
       3.550000         0.002980
       3.650000         0.004198
       3.750000         0.005744
       3.850000         0.009188
       3.950000         0.013410
       4.050000         0.021475
       4.150000         0.030874
       4.250000         0.045991
       4.350000         0.061397
       4.450000         0.074455
       4.550000         0.085066
       4.650000         0.087361
       4.750000         0.086609
       4.850000         0.079270
       4.950000         0.072159
       5.050000         0.064631
       5.150000         0.058188
       5.250000         0.052616
       5.350000         0.047512
       5.450000         0.044970
       5.550000         0.042895
       5.650000         0.043571
       5.750000         0.044952
       5.850000         0.047694
       5.950000         0.050062
       6.050000         0.051104
       6.150000         0.049085
       6.250000         0.047859
       6.350000         0.046223
       6.450000         0.046031
       6.550000         0.045636
       6.650000         0.046185
       6.750000         0.047316
       6.850000         0.048876
       6.950000         0.051025
       7.050000         0.053555
       7.150000         0.055943
       7.250000         0.058736
       7.350000         0.060370
       7.450000         0.062918
       7.550000         0.064243
       7.650000         0.064743
       7.750000         0.065525
       7.850000         0.065572
       7.950000         0.065566
       8.050000         0.065603
       8.150000         0.065839
       8.250000         0.065847
       8.350000         0.064606
       8.450000         0.064327
       8.550000         0.063445
       8.650000         0.062687
       8.750000         0.062153
       8.850000         0.061163
       8.950000         0.061801
       9.050000         0.061376
       9.150000         0.061952
       9.250000         0.061791
       9.350000         0.062939
       9.450000         0.063847
       9.550000         0.064871
       9.650000         0.064718
       9.750000         0.065180
       9.850000         0.064489
       9.950000         0.064228
      10.050000         0.063034
      10.150000         0.062409
      10.250000         0.061067
      10.350000         0.060374
      10.450000         0.058738
      10.550000         0.057577
      10.650000         0.057210
      10.750000         0.056064
      10.850000         0.055488
      10.950000         0.054911
      11.050000         0.054187
      11.150000         0.053817
      11.250000         0.053289
      11.350000         0.052408
      11.450000         0.052109
      11.550000         0.052036
      11.650000         0.051751
      11.750000         0.051919
      11.850000         0.051788
      11.950000         0.051538
      12.050000         0.051867
      12.150000         0.051706
      12.250000         0.051410
      12.350000         0.051402
      12.450000         0.051278
      12.550000         0.050891
      12.650000         0.050402
      12.750000         0.049936
      12.850000         0.049943
      12.950000         0.049842
      13.050000         0.049398
      13.150000         0.049195
      13.250000         0.048892
      13.350000         0.048783
      13.450000         0.048248
      13.550000         0.048480
      13.650000         0.047976
      13.750000         0.047525
      13.850000         0.047759
      13.950000         0.047580
      14.050000         0.047159
      14.150000         0.046693
      14.250000         0.046550
      14.350000         0.046383
      14.450000         0.045980
      14.550000         0.045282
      14.650000         0.045316
      14.750000         0.044953
      14.850000         0.044659
      14.950000         0.044488
      15.050000         0.044062
      15.150000         0.044091
      15.250000         0.043521
      15.350000         0.043173
      15.450000         0.042937
      15.550000         0.043393
      15.650000         0.042836
      15.750000         0.042501
      15.850000         0.042415
      15.950000         0.042335
      16.050000         0.042438
      16.150000         0.041967
      16.250000         0.041879
      16.350000         0.041806
      16.450000         0.041637
      16.550000         0.041571
      16.650000         0.041166
      16.750000         0.041029
      16.850000         0.041132
      16.950000         0.040711
      17.050000         0.040925
      17.150000         0.040403
      17.250000         0.040328
      17.350000         0.040205
      17.450000         0.040145
      17.550000         0.039994
      17.650000         0.039585
      17.750000         0.039770
      17.850000         0.039548
      17.950000         0.039641
      18.050000         0.039392
      18.150000         0.039195
      18.250000         0.039309
      18.350000         0.039044
      18.450000         0.038973
      18.550000         0.038834
      18.650000         0.038832
      18.750000         0.038638
      18.850000         0.038446
      18.950000         0.038393
      19.050000         0.038168
      19.150000         0.038130
      19.250000         0.038017
      19.350000         0.037892
      19.450000         0.037577
      19.550000         0.037643
      19.650000         0.037517
      19.750000         0.037416
      19.850000         0.037337
      19.950000         0.037203
      20.050000         0.037035
      20.150000         0.037095
      20.250000         0.036890
      20.350000         0.036899
      20.450000         0.036718
      20.550000         0.036555
      20.650000         0.036564
      20.750000         0.036434
      20.850000         0.036422
      20.950000         0.036395
      21.050000         0.036306
      21.150000         0.036293
      21.250000         0.035982
      21.350000         0.036011
      21.450000         0.036021
      21.550000         0.035717
      21.650000         0.035892
      21.750000         0.035727
      21.850000         0.035739
      21.950000         0.035878
      22.050000         0.035667
      22.150000         0.035733
      22.250000         0.035543
      22.350000         0.035520
      22.450000         0.035449
      22.550000         0.035292
      22.650000         0.035280
      22.750000         0.035237
      22.850000         0.035025
      22.950000         0.035018
      23.050000         0.034767
      23.150000         0.034985
      23.250000         0.034797
      23.350000         0.034664
      23.450000         0.034490
      23.550000         0.034373
      23.650000         0.034391
      23.750000         0.034395
      23.850000         0.034295
      23.950000         0.034272
      24.050000         0.034069
      24.150000         0.034170
      24.250000         0.033921
      24.350000         0.033931
      24.450000         0.033822
      24.550000         0.033935
      24.650000         0.033820
      24.750000         0.033806
      24.850000         0.033757
      24.950000         0.033648
      25.050000         0.033666
      25.150000         0.033584
      25.250000         0.033524
      25.350000         0.033515
      25.450000         0.033471
      25.550000         0.033442
      25.650000         0.033279
      25.750000         0.033335
      25.850000         0.033333
      25.950000         0.033149
      26.050000         0.033120
      26.150000         0.033164
      26.250000         0.033147
      26.350000         0.033044
      26.450000         0.032950
      26.550000         0.032873
      26.650000         0.032899
      26.750000         0.032692
      26.850000         0.032699
      26.950000         0.032729
      27.050000         0.032588
      27.150000         0.032476
      27.250000         0.032565
      27.350000         0.032544
      27.450000         0.032394
      27.550000         0.032340
      27.650000         0.032378
      27.750000         0.032285
      27.850000         0.032296
      27.950000         0.032216
      28.050000         0.032233
      28.150000         0.032205
      28.250000         0.032142
      28.350000         0.032055
      28.450000         0.032268
      28.550000         0.032079
      28.650000         0.032043
      28.750000         0.032009
      28.850000         0.031982
      28.950000         0.031959
      29.050000         0.031995
      29.150000         0.031990
      29.250000         0.031940
      29.350000         0.031893
      29.450000         0.031822
      29.550000         0.031819
      29.650000         0.031794
      29.750000         0.031826
      29.850000         0.031728
      29.950000         0.031651
