#Distance_(Ang) :1-10@N3_=>_:Na+
       0.050000         0.000000
       0.150000         0.000000
       0.250000         0.000000
       0.350000         0.000000
       0.450000         0.000000
       0.550000         0.000000
       0.650000         0.000000
       0.750000         0.000000
       0.850000         0.000000
       0.950000         0.000000
       1.050000         0.000000
       1.150000         0.000000
       1.250000         0.000000
       1.350000         0.000000
       1.450000         0.000000
       1.550000         0.000000
       1.650000         0.000000
       1.750000         0.000000
       1.850000         0.000000
       1.950000         0.000000
       2.050000         0.000000
       2.150000         0.000000
       2.250000         0.000476
       2.350000         0.005702
       2.450000         0.012846
       2.550000         0.014605
       2.650000         0.011016
       2.750000         0.007351
       2.850000         0.005238
       2.950000         0.003208
       3.050000         0.002251
       3.150000         0.001599
       3.250000         0.001518
       3.350000         0.001303
       3.450000         0.001264
       3.550000         0.001279
       3.650000         0.001603
       3.750000         0.002216
       3.850000         0.003392
       3.950000         0.004916
       4.050000         0.008319
       4.150000         0.012762
       4.250000         0.020546
       4.350000         0.032510
       4.450000         0.042630
       4.550000         0.047958
       4.650000         0.046824
       4.750000         0.045260
       4.850000         0.044070
       4.950000         0.044170
       5.050000         0.043040
       5.150000         0.040148
       5.250000         0.038359
       5.350000         0.035951
       5.450000         0.036040
       5.550000         0.037081
       5.650000         0.041116
       5.750000         0.051366
       5.850000         0.070155
       5.950000         0.084191
       6.050000         0.077231
       6.150000         0.060409
       6.250000         0.048661
       6.350000         0.044729
       6.450000         0.044076
       6.550000         0.044977
       6.650000         0.046038
       6.750000         0.047938
       6.850000         0.048511
       6.950000         0.049497
       7.050000         0.049931
       7.150000         0.050847
       7.250000         0.051772
       7.350000         0.052966
       7.450000         0.055217
       7.550000         0.056460
       7.650000         0.058039
       7.750000         0.058375
       7.850000         0.058511
       7.950000         0.057100
       8.050000         0.057042
       8.150000         0.055802
       8.250000         0.055540
       8.350000         0.054531
       8.450000         0.054789
       8.550000         0.054889
       8.650000         0.055030
       8.750000         0.055858
       8.850000         0.056522
       8.950000         0.057486
       9.050000         0.058480
       9.150000         0.059414
       9.250000         0.059945
       9.350000         0.060638
       9.450000         0.061568
       9.550000         0.061674
       9.650000         0.062153
       9.750000         0.062144
       9.850000         0.062100
       9.950000         0.062215
      10.050000         0.061891
      10.150000         0.061415
      10.250000         0.060879
      10.350000         0.060214
      10.450000         0.059809
      10.550000         0.059797
      10.650000         0.059435
      10.750000         0.059112
      10.850000         0.059708
      10.950000         0.059414
      11.050000         0.059143
      11.150000         0.058289
      11.250000         0.057078
      11.350000         0.056307
      11.450000         0.055437
      11.550000         0.055441
      11.650000         0.055131
      11.750000         0.054528
      11.850000         0.054507
      11.950000         0.054348
      12.050000         0.053992
      12.150000         0.053487
      12.250000         0.053527
      12.350000         0.053291
      12.450000         0.053077
      12.550000         0.052854
      12.650000         0.052737
      12.750000         0.051986
      12.850000         0.051473
      12.950000         0.051248
      13.050000         0.050392
      13.150000         0.049945
      13.250000         0.049420
      13.350000         0.048804
      13.450000         0.048615
      13.550000         0.048330
      13.650000         0.047944
      13.750000         0.047511
      13.850000         0.047517
      13.950000         0.047189
      14.050000         0.047247
      14.150000         0.046918
      14.250000         0.046984
      14.350000         0.046713
      14.450000         0.046321
      14.550000         0.046416
      14.650000         0.046156
      14.750000         0.045673
      14.850000         0.045282
      14.950000         0.045090
      15.050000         0.044705
      15.150000         0.044483
      15.250000         0.044027
      15.350000         0.043761
      15.450000         0.043709
      15.550000         0.043542
      15.650000         0.043160
      15.750000         0.043207
      15.850000         0.043193
      15.950000         0.043055
      16.050000         0.042680
      16.150000         0.042809
      16.250000         0.042655
      16.350000         0.042396
      16.450000         0.042488
      16.550000         0.042445
      16.650000         0.042207
      16.750000         0.041851
      16.850000         0.041766
      16.950000         0.041355
      17.050000         0.041286
      17.150000         0.041147
      17.250000         0.040822
      17.350000         0.040651
      17.450000         0.040579
      17.550000         0.040326
      17.650000         0.040132
      17.750000         0.039974
      17.850000         0.039925
      17.950000         0.039826
      18.050000         0.039929
      18.150000         0.039624
      18.250000         0.039552
      18.350000         0.039703
      18.450000         0.039257
      18.550000         0.039518
      18.650000         0.039296
      18.750000         0.039234
      18.850000         0.039167
      18.950000         0.038934
      19.050000         0.038877
      19.150000         0.038719
      19.250000         0.038398
      19.350000         0.038289
      19.450000         0.038092
      19.550000         0.038099
      19.650000         0.037858
      19.750000         0.037836
      19.850000         0.037801
      19.950000         0.037562
      20.050000         0.037403
      20.150000         0.037403
      20.250000         0.037381
      20.350000         0.037402
      20.450000         0.037316
      20.550000         0.037235
      20.650000         0.037177
      20.750000         0.036972
      20.850000         0.037045
      20.950000         0.036820
      21.050000         0.036741
      21.150000         0.036728
      21.250000         0.036517
      21.350000         0.036337
      21.450000         0.036255
      21.550000         0.036168
      21.650000         0.036213
      21.750000         0.035949
      21.850000         0.035842
      21.950000         0.035864
      22.050000         0.035508
      22.150000         0.035635
      22.250000         0.035469
      22.350000         0.035287
      22.450000         0.035113
      22.550000         0.035271
      22.650000         0.035218
      22.750000         0.035101
      22.850000         0.035099
      22.950000         0.034966
      23.050000         0.034964
      23.150000         0.034719
      23.250000         0.034864
      23.350000         0.034748
      23.450000         0.034673
      23.550000         0.034716
      23.650000         0.034574
      23.750000         0.034614
      23.850000         0.034432
      23.950000         0.034422
      24.050000         0.034397
      24.150000         0.034325
      24.250000         0.034216
      24.350000         0.034101
      24.450000         0.034073
      24.550000         0.033989
      24.650000         0.034025
      24.750000         0.033989
      24.850000         0.033779
      24.950000         0.033746
      25.050000         0.033806
      25.150000         0.033726
      25.250000         0.033588
      25.350000         0.033623
      25.450000         0.033558
      25.550000         0.033512
      25.650000         0.033363
      25.750000         0.033269
      25.850000         0.033341
      25.950000         0.033300
      26.050000         0.033202
      26.150000         0.033023
      26.250000         0.033088
      26.350000         0.032932
      26.450000         0.032986
      26.550000         0.032941
      26.650000         0.032858
      26.750000         0.032805
      26.850000         0.032797
      26.950000         0.032616
      27.050000         0.032711
      27.150000         0.032509
      27.250000         0.032586
      27.350000         0.032651
      27.450000         0.032545
      27.550000         0.032442
      27.650000         0.032514
      27.750000         0.032416
      27.850000         0.032356
      27.950000         0.032365
      28.050000         0.032422
      28.150000         0.032282
      28.250000         0.032271
      28.350000         0.032214
      28.450000         0.032178
      28.550000         0.032148
      28.650000         0.032004
      28.750000         0.032011
      28.850000         0.031922
      28.950000         0.031912
      29.050000         0.031878
      29.150000         0.031845
      29.250000         0.031779
      29.350000         0.031903
      29.450000         0.031709
      29.550000         0.031783
      29.650000         0.031586
      29.750000         0.031766
      29.850000         0.031619
      29.950000         0.031483
