#Distance_(Ang) :G,G3,C,C3@P_=>_:Na+
       0.050000             0.000000
       0.150000             0.000000
       0.250000             0.000000
       0.350000             0.000000
       0.450000             0.000000
       0.550000             0.000000
       0.650000             0.000000
       0.750000             0.000000
       0.850000             0.000000
       0.950000             0.000000
       1.050000             0.000000
       1.150000             0.000000
       1.250000             0.000000
       1.350000             0.000000
       1.450000             0.000000
       1.550000             0.000000
       1.650000             0.000000
       1.750000             0.000000
       1.850000             0.000000
       1.950000             0.000000
       2.050000             0.000000
       2.150000             0.000000
       2.250000             0.000000
       2.350000             0.000000
       2.450000             0.000000
       2.550000             0.000014
       2.650000             0.000672
       2.750000             0.008344
       2.850000             0.035089
       2.950000             0.101132
       3.050000             0.180854
       3.150000             0.241059
       3.250000             0.291511
       3.350000             0.330130
       3.450000             0.372674
       3.550000             0.452095
       3.650000             0.457168
       3.750000             0.237512
       3.850000             0.071900
       3.950000             0.018902
       4.050000             0.006804
       4.150000             0.005415
       4.250000             0.006586
       4.350000             0.009981
       4.450000             0.015723
       4.550000             0.023755
       4.650000             0.033961
       4.750000             0.044616
       4.850000             0.054850
       4.950000             0.066846
       5.050000             0.076399
       5.150000             0.083828
       5.250000             0.091487
       5.350000             0.100021
       5.450000             0.106149
       5.550000             0.112039
       5.650000             0.115917
       5.750000             0.117424
       5.850000             0.114248
       5.950000             0.104271
       6.050000             0.092197
       6.150000             0.077918
       6.250000             0.064986
       6.350000             0.055589
       6.450000             0.049523
       6.550000             0.046854
       6.650000             0.047176
       6.750000             0.049123
       6.850000             0.053332
       6.950000             0.059129
       7.050000             0.065831
       7.150000             0.072601
       7.250000             0.079614
       7.350000             0.084780
       7.450000             0.088754
       7.550000             0.091405
       7.650000             0.091980
       7.750000             0.092077
       7.850000             0.093824
       7.950000             0.094662
       8.050000             0.095273
       8.150000             0.094487
       8.250000             0.092620
       8.350000             0.091146
       8.450000             0.087288
       8.550000             0.084456
       8.650000             0.081710
       8.750000             0.080070
       8.850000             0.078926
       8.950000             0.078647
       9.050000             0.078309
       9.150000             0.077771
       9.250000             0.077307
       9.350000             0.077068
       9.450000             0.076251
       9.550000             0.075832
       9.650000             0.075001
       9.750000             0.075270
       9.850000             0.074618
       9.950000             0.074417
      10.050000             0.074454
      10.150000             0.073709
      10.250000             0.073060
      10.350000             0.072478
      10.450000             0.071350
      10.550000             0.069915
      10.650000             0.069020
      10.750000             0.067798
      10.850000             0.066364
      10.950000             0.065752
      11.050000             0.065127
      11.150000             0.065045
      11.250000             0.065621
      11.350000             0.066064
      11.450000             0.066348
      11.550000             0.066833
      11.650000             0.066692
      11.750000             0.066674
      11.850000             0.066659
      11.950000             0.066057
      12.050000             0.066019
      12.150000             0.065603
      12.250000             0.065117
      12.350000             0.064898
      12.450000             0.064002
      12.550000             0.063152
      12.650000             0.062835
      12.750000             0.062264
      12.850000             0.061522
      12.950000             0.060886
      13.050000             0.059942
      13.150000             0.058972
      13.250000             0.058358
      13.350000             0.058234
      13.450000             0.057150
      13.550000             0.056551
      13.650000             0.055770
      13.750000             0.055605
      13.850000             0.054775
      13.950000             0.054099
      14.050000             0.053716
      14.150000             0.053177
      14.250000             0.053118
      14.350000             0.052733
      14.450000             0.052559
      14.550000             0.052261
      14.650000             0.051875
      14.750000             0.052170
      14.850000             0.051824
      14.950000             0.052026
      15.050000             0.051388
      15.150000             0.051399
      15.250000             0.051034
      15.350000             0.050820
      15.450000             0.050387
      15.550000             0.050203
      15.650000             0.049697
      15.750000             0.049389
      15.850000             0.049231
      15.950000             0.048731
      16.050000             0.048262
      16.150000             0.048297
      16.250000             0.047662
      16.350000             0.047751
      16.450000             0.047274
      16.550000             0.047289
      16.650000             0.046931
      16.750000             0.046681
      16.850000             0.046355
      16.950000             0.045892
      17.050000             0.046014
      17.150000             0.045717
      17.250000             0.045657
      17.350000             0.045161
      17.450000             0.045117
      17.550000             0.044966
      17.650000             0.044900
      17.750000             0.044620
      17.850000             0.044434
      17.950000             0.044313
      18.050000             0.044370
      18.150000             0.043968
      18.250000             0.043813
      18.350000             0.043577
      18.450000             0.043225
      18.550000             0.043306
      18.650000             0.042749
      18.750000             0.042636
      18.850000             0.042525
      18.950000             0.042479
      19.050000             0.042116
      19.150000             0.041983
      19.250000             0.041657
      19.350000             0.041602
      19.450000             0.041487
      19.550000             0.041107
      19.650000             0.040983
      19.750000             0.040542
      19.850000             0.040291
      19.950000             0.040085
      20.050000             0.040048
      20.150000             0.039844
      20.250000             0.039511
      20.350000             0.039436
      20.450000             0.039125
      20.550000             0.039105
      20.650000             0.038911
      20.750000             0.038776
      20.850000             0.038707
      20.950000             0.038487
      21.050000             0.038278
      21.150000             0.038098
      21.250000             0.037930
      21.350000             0.037889
      21.450000             0.037455
      21.550000             0.037449
      21.650000             0.037100
      21.750000             0.037059
      21.850000             0.036846
      21.950000             0.036674
      22.050000             0.036479
      22.150000             0.036432
      22.250000             0.036091
      22.350000             0.036008
      22.450000             0.035920
      22.550000             0.035606
      22.650000             0.035686
      22.750000             0.035460
      22.850000             0.035261
      22.950000             0.035237
      23.050000             0.035091
      23.150000             0.034763
      23.250000             0.034802
      23.350000             0.034649
      23.450000             0.034542
      23.550000             0.034374
      23.650000             0.034272
      23.750000             0.034279
      23.850000             0.034249
      23.950000             0.033899
      24.050000             0.033908
      24.150000             0.033882
      24.250000             0.033844
      24.350000             0.033651
      24.450000             0.033646
      24.550000             0.033568
      24.650000             0.033444
      24.750000             0.033358
      24.850000             0.033209
      24.950000             0.033155
      25.050000             0.033115
      25.150000             0.033127
      25.250000             0.033050
      25.350000             0.032836
      25.450000             0.032792
      25.550000             0.032737
      25.650000             0.032747
      25.750000             0.032528
      25.850000             0.032605
      25.950000             0.032440
      26.050000             0.032355
      26.150000             0.032336
      26.250000             0.032288
      26.350000             0.032257
      26.450000             0.032088
      26.550000             0.032113
      26.650000             0.032070
      26.750000             0.031882
      26.850000             0.031910
      26.950000             0.031877
      27.050000             0.031790
      27.150000             0.031801
      27.250000             0.031672
      27.350000             0.031688
      27.450000             0.031634
      27.550000             0.031655
      27.650000             0.031636
      27.750000             0.031554
      27.850000             0.031625
      27.950000             0.031324
      28.050000             0.031414
      28.150000             0.031360
      28.250000             0.031259
      28.350000             0.031180
      28.450000             0.031239
      28.550000             0.031198
      28.650000             0.031215
      28.750000             0.031024
      28.850000             0.030971
      28.950000             0.030936
      29.050000             0.030996
      29.150000             0.031006
      29.250000             0.030892
      29.350000             0.030969
      29.450000             0.030863
      29.550000             0.030895
      29.650000             0.030937
      29.750000             0.030824
      29.850000             0.030879
      29.950000             0.030841
