#Distance_(Ang) :1-10@O4_=>_:Na+
       0.050000         0.000000
       0.150000         0.000000
       0.250000         0.000000
       0.350000         0.000000
       0.450000         0.000000
       0.550000         0.000000
       0.650000         0.000000
       0.750000         0.000000
       0.850000         0.000000
       0.950000         0.000000
       1.050000         0.000000
       1.150000         0.000000
       1.250000         0.000000
       1.350000         0.000000
       1.450000         0.000000
       1.550000         0.000000
       1.650000         0.000000
       1.750000         0.000000
       1.850000         0.000000
       1.950000         0.000000
       2.050000         0.000621
       2.150000         0.071517
       2.250000         0.486737
       2.350000         0.767036
       2.450000         0.530156
       2.550000         0.261432
       2.650000         0.114236
       2.750000         0.052038
       2.850000         0.026654
       2.950000         0.014986
       3.050000         0.010795
       3.150000         0.007919
       3.250000         0.006621
       3.350000         0.006566
       3.450000         0.007711
       3.550000         0.009676
       3.650000         0.012984
       3.750000         0.018503
       3.850000         0.026771
       3.950000         0.036676
       4.050000         0.047610
       4.150000         0.059012
       4.250000         0.070168
       4.350000         0.080498
       4.450000         0.088908
       4.550000         0.092823
       4.650000         0.094778
       4.750000         0.093828
       4.850000         0.090103
       4.950000         0.085940
       5.050000         0.080870
       5.150000         0.074908
       5.250000         0.071017
       5.350000         0.066951
       5.450000         0.067717
       5.550000         0.068136
       5.650000         0.070219
       5.750000         0.072399
       5.850000         0.076524
       5.950000         0.081079
       6.050000         0.083958
       6.150000         0.089569
       6.250000         0.093220
       6.350000         0.095495
       6.450000         0.097260
       6.550000         0.093036
       6.650000         0.089068
       6.750000         0.083153
       6.850000         0.077994
       6.950000         0.075432
       7.050000         0.073429
       7.150000         0.074636
       7.250000         0.074623
       7.350000         0.074906
       7.450000         0.072697
       7.550000         0.072414
       7.650000         0.069065
       7.750000         0.067579
       7.850000         0.065675
       7.950000         0.064604
       8.050000         0.065155
       8.150000         0.063828
       8.250000         0.064918
       8.350000         0.064299
       8.450000         0.065350
       8.550000         0.066515
       8.650000         0.066911
       8.750000         0.066574
       8.850000         0.065507
       8.950000         0.065584
       9.050000         0.064224
       9.150000         0.064172
       9.250000         0.062811
       9.350000         0.062524
       9.450000         0.062868
       9.550000         0.062187
       9.650000         0.061922
       9.750000         0.062665
       9.850000         0.062659
       9.950000         0.062556
      10.050000         0.063437
      10.150000         0.063321
      10.250000         0.064125
      10.350000         0.064967
      10.450000         0.065837
      10.550000         0.066165
      10.650000         0.067632
      10.750000         0.067761
      10.850000         0.067361
      10.950000         0.066413
      11.050000         0.065386
      11.150000         0.064610
      11.250000         0.063587
      11.350000         0.062491
      11.450000         0.062424
      11.550000         0.061888
      11.650000         0.062337
      11.750000         0.061498
      11.850000         0.061114
      11.950000         0.062087
      12.050000         0.062627
      12.150000         0.062767
      12.250000         0.062817
      12.350000         0.063104
      12.450000         0.063760
      12.550000         0.063973
      12.650000         0.064592
      12.750000         0.064696
      12.850000         0.065087
      12.950000         0.065701
      13.050000         0.065374
      13.150000         0.066131
      13.250000         0.064527
      13.350000         0.064455
      13.450000         0.063383
      13.550000         0.062724
      13.650000         0.062159
      13.750000         0.061499
      13.850000         0.060604
      13.950000         0.060392
      14.050000         0.060434
      14.150000         0.059622
      14.250000         0.059136
      14.350000         0.058922
      14.450000         0.058105
      14.550000         0.057322
      14.650000         0.056856
      14.750000         0.056515
      14.850000         0.055485
      14.950000         0.054896
      15.050000         0.053825
      15.150000         0.053680
      15.250000         0.053198
      15.350000         0.052393
      15.450000         0.052212
      15.550000         0.051729
      15.650000         0.051204
      15.750000         0.050759
      15.850000         0.050514
      15.950000         0.049897
      16.050000         0.049947
      16.150000         0.049383
      16.250000         0.049324
      16.350000         0.048783
      16.450000         0.048702
      16.550000         0.048155
      16.650000         0.048166
      16.750000         0.047596
      16.850000         0.047441
      16.950000         0.046849
      17.050000         0.046831
      17.150000         0.046509
      17.250000         0.046089
      17.350000         0.045904
      17.450000         0.045622
      17.550000         0.045659
      17.650000         0.044946
      17.750000         0.044893
      17.850000         0.044744
      17.950000         0.044231
      18.050000         0.043957
      18.150000         0.043694
      18.250000         0.043405
      18.350000         0.043300
      18.450000         0.042999
      18.550000         0.042734
      18.650000         0.042277
      18.750000         0.042033
      18.850000         0.041959
      18.950000         0.041459
      19.050000         0.041180
      19.150000         0.040849
      19.250000         0.040709
      19.350000         0.040441
      19.450000         0.040408
      19.550000         0.040436
      19.650000         0.039970
      19.750000         0.039613
      19.850000         0.039258
      19.950000         0.039379
      20.050000         0.039003
      20.150000         0.038895
      20.250000         0.038665
      20.350000         0.038547
      20.450000         0.038275
      20.550000         0.037990
      20.650000         0.037987
      20.750000         0.037641
      20.850000         0.037619
      20.950000         0.037177
      21.050000         0.037196
      21.150000         0.036975
      21.250000         0.036884
      21.350000         0.036494
      21.450000         0.036678
      21.550000         0.036710
      21.650000         0.036389
      21.750000         0.036324
      21.850000         0.036078
      21.950000         0.036168
      22.050000         0.036081
      22.150000         0.035615
      22.250000         0.035574
      22.350000         0.035789
      22.450000         0.035630
      22.550000         0.035279
      22.650000         0.035300
      22.750000         0.035022
      22.850000         0.034870
      22.950000         0.034921
      23.050000         0.034748
      23.150000         0.034532
      23.250000         0.034622
      23.350000         0.034581
      23.450000         0.034555
      23.550000         0.034392
      23.650000         0.034306
      23.750000         0.034067
      23.850000         0.034103
      23.950000         0.034037
      24.050000         0.033922
      24.150000         0.033766
      24.250000         0.033555
      24.350000         0.033665
      24.450000         0.033419
      24.550000         0.033476
      24.650000         0.033301
      24.750000         0.033247
      24.850000         0.033028
      24.950000         0.033120
      25.050000         0.032944
      25.150000         0.032817
      25.250000         0.032683
      25.350000         0.032744
      25.450000         0.032721
      25.550000         0.032499
      25.650000         0.032504
      25.750000         0.032461
      25.850000         0.032434
      25.950000         0.032410
      26.050000         0.032159
      26.150000         0.032149
      26.250000         0.032063
      26.350000         0.032165
      26.450000         0.031949
      26.550000         0.031968
      26.650000         0.031964
      26.750000         0.031905
      26.850000         0.031818
      26.950000         0.031858
      27.050000         0.031947
      27.150000         0.031760
      27.250000         0.031739
      27.350000         0.031622
      27.450000         0.031662
      27.550000         0.031535
      27.650000         0.031588
      27.750000         0.031400
      27.850000         0.031495
      27.950000         0.031410
      28.050000         0.031535
      28.150000         0.031375
      28.250000         0.031392
      28.350000         0.031479
      28.450000         0.031518
      28.550000         0.031391
      28.650000         0.031384
      28.750000         0.031389
      28.850000         0.031142
      28.950000         0.031302
      29.050000         0.031415
      29.150000         0.031243
      29.250000         0.031063
      29.350000         0.031158
      29.450000         0.031209
      29.550000         0.031005
      29.650000         0.031111
      29.750000         0.031116
      29.850000         0.031083
      29.950000         0.031084
