#Distance_(Ang) :U,U3@P_=>_:Na+
       0.050000        0.000000
       0.150000        0.000000
       0.250000        0.000000
       0.350000        0.000000
       0.450000        0.000000
       0.550000        0.000000
       0.650000        0.000000
       0.750000        0.000000
       0.850000        0.000000
       0.950000        0.000000
       1.050000        0.000000
       1.150000        0.000000
       1.250000        0.000000
       1.350000        0.000000
       1.450000        0.000000
       1.550000        0.000000
       1.650000        0.000000
       1.750000        0.000000
       1.850000        0.000000
       1.950000        0.000000
       2.050000        0.000000
       2.150000        0.000000
       2.250000        0.000000
       2.350000        0.000000
       2.450000        0.000000
       2.550000        0.000041
       2.650000        0.001548
       2.750000        0.014822
       2.850000        0.055356
       2.950000        0.129167
       3.050000        0.202386
       3.150000        0.251829
       3.250000        0.336821
       3.350000        0.486194
       3.450000        0.605083
       3.550000        0.565753
       3.650000        0.373794
       3.750000        0.167577
       3.850000        0.054181
       3.950000        0.017104
       4.050000        0.007590
       4.150000        0.006483
       4.250000        0.007265
       4.350000        0.010766
       4.450000        0.016810
       4.550000        0.025382
       4.650000        0.035796
       4.750000        0.048163
       4.850000        0.062534
       4.950000        0.074817
       5.050000        0.087786
       5.150000        0.103156
       5.250000        0.118882
       5.350000        0.131320
       5.450000        0.143507
       5.550000        0.150505
       5.650000        0.151288
       5.750000        0.146779
       5.850000        0.137292
       5.950000        0.123721
       6.050000        0.106438
       6.150000        0.089042
       6.250000        0.074226
       6.350000        0.063025
       6.450000        0.055917
       6.550000        0.053934
       6.650000        0.054331
       6.750000        0.056148
       6.850000        0.057729
       6.950000        0.060662
       7.050000        0.062472
       7.150000        0.065964
       7.250000        0.068355
       7.350000        0.072803
       7.450000        0.077350
       7.550000        0.083181
       7.650000        0.088012
       7.750000        0.092448
       7.850000        0.097287
       7.950000        0.100334
       8.050000        0.103120
       8.150000        0.105239
       8.250000        0.106857
       8.350000        0.108163
       8.450000        0.107580
       8.550000        0.106675
       8.650000        0.104054
       8.750000        0.101852
       8.850000        0.101373
       8.950000        0.101416
       9.050000        0.100480
       9.150000        0.100728
       9.250000        0.099160
       9.350000        0.096304
       9.450000        0.093480
       9.550000        0.089970
       9.650000        0.087931
       9.750000        0.084430
       9.850000        0.081706
       9.950000        0.078881
      10.050000        0.076253
      10.150000        0.074281
      10.250000        0.072701
      10.350000        0.071590
      10.450000        0.070156
      10.550000        0.069092
      10.650000        0.069295
      10.750000        0.070424
      10.850000        0.071939
      10.950000        0.073437
      11.050000        0.073062
      11.150000        0.072476
      11.250000        0.070220
      11.350000        0.067982
      11.450000        0.065946
      11.550000        0.064408
      11.650000        0.063072
      11.750000        0.062288
      11.850000        0.061719
      11.950000        0.060753
      12.050000        0.060149
      12.150000        0.059423
      12.250000        0.058888
      12.350000        0.057911
      12.450000        0.056987
      12.550000        0.056609
      12.650000        0.056120
      12.750000        0.055878
      12.850000        0.055524
      12.950000        0.055418
      13.050000        0.055276
      13.150000        0.055291
      13.250000        0.055231
      13.350000        0.055195
      13.450000        0.055269
      13.550000        0.055296
      13.650000        0.055128
      13.750000        0.055305
      13.850000        0.055420
      13.950000        0.055233
      14.050000        0.054896
      14.150000        0.054858
      14.250000        0.054181
      14.350000        0.054177
      14.450000        0.053927
      14.550000        0.053626
      14.650000        0.053319
      14.750000        0.052534
      14.850000        0.052374
      14.950000        0.052009
      15.050000        0.051367
      15.150000        0.050718
      15.250000        0.050492
      15.350000        0.050273
      15.450000        0.049862
      15.550000        0.049763
      15.650000        0.049386
      15.750000        0.049211
      15.850000        0.049119
      15.950000        0.048854
      16.050000        0.048156
      16.150000        0.047963
      16.250000        0.047913
      16.350000        0.047453
      16.450000        0.047305
      16.550000        0.046997
      16.650000        0.046623
      16.750000        0.046403
      16.850000        0.045912
      16.950000        0.045754
      17.050000        0.045477
      17.150000        0.045338
      17.250000        0.044910
      17.350000        0.044658
      17.450000        0.044421
      17.550000        0.044039
      17.650000        0.043617
      17.750000        0.043522
      17.850000        0.043135
      17.950000        0.042889
      18.050000        0.042360
      18.150000        0.042177
      18.250000        0.042096
      18.350000        0.042055
      18.450000        0.041822
      18.550000        0.041486
      18.650000        0.041134
      18.750000        0.041024
      18.850000        0.040976
      18.950000        0.040401
      19.050000        0.040416
      19.150000        0.040135
      19.250000        0.040009
      19.350000        0.039776
      19.450000        0.039502
      19.550000        0.039437
      19.650000        0.039214
      19.750000        0.039134
      19.850000        0.039087
      19.950000        0.038825
      20.050000        0.038415
      20.150000        0.038275
      20.250000        0.038394
      20.350000        0.038147
      20.450000        0.038048
      20.550000        0.037795
      20.650000        0.037826
      20.750000        0.037636
      20.850000        0.037420
      20.950000        0.037180
      21.050000        0.036906
      21.150000        0.036978
      21.250000        0.037034
      21.350000        0.036555
      21.450000        0.036413
      21.550000        0.036444
      21.650000        0.036152
      21.750000        0.036063
      21.850000        0.035863
      21.950000        0.036004
      22.050000        0.035809
      22.150000        0.035694
      22.250000        0.035408
      22.350000        0.035433
      22.450000        0.035279
      22.550000        0.035321
      22.650000        0.035191
      22.750000        0.035184
      22.850000        0.034751
      22.950000        0.034906
      23.050000        0.034803
      23.150000        0.034521
      23.250000        0.034418
      23.350000        0.034438
      23.450000        0.034193
      23.550000        0.034062
      23.650000        0.034125
      23.750000        0.034078
      23.850000        0.033793
      23.950000        0.033681
      24.050000        0.033770
      24.150000        0.033523
      24.250000        0.033527
      24.350000        0.033393
      24.450000        0.033466
      24.550000        0.033226
      24.650000        0.033255
      24.750000        0.033128
      24.850000        0.033131
      24.950000        0.033190
      25.050000        0.032912
      25.150000        0.032781
      25.250000        0.032825
      25.350000        0.032774
      25.450000        0.032621
      25.550000        0.032660
      25.650000        0.032378
      25.750000        0.032520
      25.850000        0.032516
      25.950000        0.032363
      26.050000        0.032298
      26.150000        0.032294
      26.250000        0.032276
      26.350000        0.032264
      26.450000        0.032158
      26.550000        0.032019
      26.650000        0.031950
      26.750000        0.031938
      26.850000        0.031923
      26.950000        0.031913
      27.050000        0.031782
      27.150000        0.031884
      27.250000        0.031849
      27.350000        0.031676
      27.450000        0.031734
      27.550000        0.031656
      27.650000        0.031706
      27.750000        0.031690
      27.850000        0.031649
      27.950000        0.031547
      28.050000        0.031579
      28.150000        0.031556
      28.250000        0.031587
      28.350000        0.031420
      28.450000        0.031444
      28.550000        0.031479
      28.650000        0.031414
      28.750000        0.031434
      28.850000        0.031289
      28.950000        0.031350
      29.050000        0.031323
      29.150000        0.031243
      29.250000        0.031269
      29.350000        0.031256
      29.450000        0.031272
      29.550000        0.031214
      29.650000        0.031282
      29.750000        0.031215
      29.850000        0.031314
      29.950000        0.031190
