#Distance_(Ang) :1-10@O4_=>_:Na+
       0.050000         0.000000
       0.150000         0.000000
       0.250000         0.000000
       0.350000         0.000000
       0.450000         0.000000
       0.550000         0.000000
       0.650000         0.000000
       0.750000         0.000000
       0.850000         0.000000
       0.950000         0.000000
       1.050000         0.000000
       1.150000         0.000000
       1.250000         0.000000
       1.350000         0.000000
       1.450000         0.000000
       1.550000         0.000000
       1.650000         0.000000
       1.750000         0.000000
       1.850000         0.000000
       1.950000         0.000000
       2.050000         0.000230
       2.150000         0.047067
       2.250000         0.325961
       2.350000         0.489606
       2.450000         0.329025
       2.550000         0.159857
       2.650000         0.068655
       2.750000         0.031589
       2.850000         0.015441
       2.950000         0.009459
       3.050000         0.006333
       3.150000         0.004002
       3.250000         0.003698
       3.350000         0.004114
       3.450000         0.004869
       3.550000         0.005764
       3.650000         0.008239
       3.750000         0.011513
       3.850000         0.016542
       3.950000         0.023175
       4.050000         0.032151
       4.150000         0.039140
       4.250000         0.047758
       4.350000         0.056942
       4.450000         0.063501
       4.550000         0.067688
       4.650000         0.070870
       4.750000         0.072725
       4.850000         0.070485
       4.950000         0.069161
       5.050000         0.069234
       5.150000         0.070181
       5.250000         0.070748
       5.350000         0.071535
       5.450000         0.073086
       5.550000         0.072279
       5.650000         0.073111
       5.750000         0.075375
       5.850000         0.080942
       5.950000         0.089484
       6.050000         0.105938
       6.150000         0.133835
       6.250000         0.177660
       6.350000         0.222099
       6.450000         0.237231
       6.550000         0.209616
       6.650000         0.157234
       6.750000         0.111826
       6.850000         0.080709
       6.950000         0.064761
       7.050000         0.058760
       7.150000         0.056455
       7.250000         0.054574
       7.350000         0.055041
       7.450000         0.055005
       7.550000         0.055925
       7.650000         0.055074
       7.750000         0.055758
       7.850000         0.057202
       7.950000         0.057999
       8.050000         0.059297
       8.150000         0.060544
       8.250000         0.062168
       8.350000         0.065812
       8.450000         0.068358
       8.550000         0.072207
       8.650000         0.075112
       8.750000         0.077179
       8.850000         0.078565
       8.950000         0.080558
       9.050000         0.081681
       9.150000         0.081643
       9.250000         0.082141
       9.350000         0.081476
       9.450000         0.081100
       9.550000         0.080855
       9.650000         0.080992
       9.750000         0.079936
       9.850000         0.080938
       9.950000         0.080422
      10.050000         0.080082
      10.150000         0.079101
      10.250000         0.080013
      10.350000         0.079436
      10.450000         0.079244
      10.550000         0.080035
      10.650000         0.079833
      10.750000         0.079873
      10.850000         0.080049
      10.950000         0.078624
      11.050000         0.079969
      11.150000         0.079210
      11.250000         0.078678
      11.350000         0.077557
      11.450000         0.077633
      11.550000         0.077456
      11.650000         0.077099
      11.750000         0.076996
      11.850000         0.076118
      11.950000         0.075673
      12.050000         0.075453
      12.150000         0.074510
      12.250000         0.073987
      12.350000         0.072726
      12.450000         0.071952
      12.550000         0.070385
      12.650000         0.068286
      12.750000         0.066726
      12.850000         0.064648
      12.950000         0.062693
      13.050000         0.060597
      13.150000         0.058976
      13.250000         0.057830
      13.350000         0.056989
      13.450000         0.055980
      13.550000         0.055397
      13.650000         0.055342
      13.750000         0.055592
      13.850000         0.055482
      13.950000         0.055655
      14.050000         0.056009
      14.150000         0.056353
      14.250000         0.056623
      14.350000         0.057652
      14.450000         0.057845
      14.550000         0.057954
      14.650000         0.058274
      14.750000         0.058722
      14.850000         0.058605
      14.950000         0.059050
      15.050000         0.058918
      15.150000         0.058239
      15.250000         0.057930
      15.350000         0.057469
      15.450000         0.057308
      15.550000         0.056182
      15.650000         0.055787
      15.750000         0.054796
      15.850000         0.053960
      15.950000         0.052746
      16.050000         0.051724
      16.150000         0.050632
      16.250000         0.049709
      16.350000         0.048760
      16.450000         0.047775
      16.550000         0.047060
      16.650000         0.046425
      16.750000         0.045533
      16.850000         0.045242
      16.950000         0.044825
      17.050000         0.044627
      17.150000         0.043854
      17.250000         0.043473
      17.350000         0.043536
      17.450000         0.043139
      17.550000         0.042928
      17.650000         0.042764
      17.750000         0.042819
      17.850000         0.042667
      17.950000         0.042368
      18.050000         0.041951
      18.150000         0.042067
      18.250000         0.041689
      18.350000         0.041704
      18.450000         0.041751
      18.550000         0.041410
      18.650000         0.041087
      18.750000         0.041094
      18.850000         0.041089
      18.950000         0.041158
      19.050000         0.041159
      19.150000         0.041090
      19.250000         0.040721
      19.350000         0.040885
      19.450000         0.040710
      19.550000         0.040601
      19.650000         0.040439
      19.750000         0.040002
      19.850000         0.040124
      19.950000         0.040109
      20.050000         0.039907
      20.150000         0.039598
      20.250000         0.039481
      20.350000         0.039215
      20.450000         0.039170
      20.550000         0.039006
      20.650000         0.038888
      20.750000         0.038526
      20.850000         0.038563
      20.950000         0.038485
      21.050000         0.038255
      21.150000         0.038132
      21.250000         0.037978
      21.350000         0.037934
      21.450000         0.038033
      21.550000         0.037851
      21.650000         0.037619
      21.750000         0.037668
      21.850000         0.037444
      21.950000         0.037583
      22.050000         0.037490
      22.150000         0.037527
      22.250000         0.037192
      22.350000         0.037074
      22.450000         0.036912
      22.550000         0.036829
      22.650000         0.036541
      22.750000         0.036331
      22.850000         0.036412
      22.950000         0.036058
      23.050000         0.035861
      23.150000         0.035853
      23.250000         0.035606
      23.350000         0.035569
      23.450000         0.035362
      23.550000         0.035214
      23.650000         0.035036
      23.750000         0.035048
      23.850000         0.034803
      23.950000         0.034774
      24.050000         0.034562
      24.150000         0.034344
      24.250000         0.034281
      24.350000         0.034389
      24.450000         0.034143
      24.550000         0.034234
      24.650000         0.033974
      24.750000         0.033962
      24.850000         0.033891
      24.950000         0.033888
      25.050000         0.033824
      25.150000         0.033841
      25.250000         0.033332
      25.350000         0.033394
      25.450000         0.033352
      25.550000         0.033308
      25.650000         0.033381
      25.750000         0.033113
      25.850000         0.033205
      25.950000         0.032877
      26.050000         0.033098
      26.150000         0.032872
      26.250000         0.032772
      26.350000         0.032684
      26.450000         0.032767
      26.550000         0.032766
      26.650000         0.032647
      26.750000         0.032396
      26.850000         0.032268
      26.950000         0.032246
      27.050000         0.032181
      27.150000         0.032175
      27.250000         0.032066
      27.350000         0.032211
      27.450000         0.032164
      27.550000         0.032117
      27.650000         0.032081
      27.750000         0.032027
      27.850000         0.032017
      27.950000         0.031808
      28.050000         0.031878
      28.150000         0.031733
      28.250000         0.031943
      28.350000         0.031804
      28.450000         0.031704
      28.550000         0.031766
      28.650000         0.031727
      28.750000         0.031819
      28.850000         0.031714
      28.950000         0.031612
      29.050000         0.031558
      29.150000         0.031653
      29.250000         0.031534
      29.350000         0.031641
      29.450000         0.031613
      29.550000         0.031539
      29.650000         0.031439
      29.750000         0.031344
      29.850000         0.031315
      29.950000         0.031331
