#Distance_(Ang) :1-10@O6_=>_:Na+
       0.050000         0.000000
       0.150000         0.000000
       0.250000         0.000000
       0.350000         0.000000
       0.450000         0.000000
       0.550000         0.000000
       0.650000         0.000000
       0.750000         0.000000
       0.850000         0.000000
       0.950000         0.000000
       1.050000         0.000000
       1.150000         0.000000
       1.250000         0.000000
       1.350000         0.000000
       1.450000         0.000000
       1.550000         0.000000
       1.650000         0.000000
       1.750000         0.000000
       1.850000         0.000000
       1.950000         0.000000
       2.050000         0.000327
       2.150000         0.041786
       2.250000         0.293662
       2.350000         0.473849
       2.450000         0.346494
       2.550000         0.182756
       2.650000         0.088636
       2.750000         0.047211
       2.850000         0.028234
       2.950000         0.019498
       3.050000         0.015255
       3.150000         0.014920
       3.250000         0.015897
       3.350000         0.018573
       3.450000         0.024776
       3.550000         0.034366
       3.650000         0.047312
       3.750000         0.065947
       3.850000         0.087733
       3.950000         0.106786
       4.050000         0.126771
       4.150000         0.141698
       4.250000         0.151998
       4.350000         0.153157
       4.450000         0.153331
       4.550000         0.146135
       4.650000         0.138674
       4.750000         0.126542
       4.850000         0.114336
       4.950000         0.101635
       5.050000         0.090569
       5.150000         0.078986
       5.250000         0.069905
       5.350000         0.064541
       5.450000         0.060672
       5.550000         0.058967
       5.650000         0.058873
       5.750000         0.059356
       5.850000         0.060962
       5.950000         0.062390
       6.050000         0.064374
       6.150000         0.067316
       6.250000         0.068764
       6.350000         0.070528
       6.450000         0.071253
       6.550000         0.072024
       6.650000         0.071672
       6.750000         0.071623
       6.850000         0.070346
       6.950000         0.069650
       7.050000         0.068456
       7.150000         0.068300
       7.250000         0.067098
       7.350000         0.066078
       7.450000         0.065832
       7.550000         0.065625
       7.650000         0.064932
       7.750000         0.065223
       7.850000         0.065704
       7.950000         0.065179
       8.050000         0.066566
       8.150000         0.065728
       8.250000         0.066201
       8.350000         0.065543
       8.450000         0.065637
       8.550000         0.064956
       8.650000         0.063398
       8.750000         0.062700
       8.850000         0.061585
       8.950000         0.061095
       9.050000         0.060402
       9.150000         0.060146
       9.250000         0.059819
       9.350000         0.059490
       9.450000         0.059159
       9.550000         0.059503
       9.650000         0.059391
       9.750000         0.059524
       9.850000         0.059827
       9.950000         0.059581
      10.050000         0.059956
      10.150000         0.059758
      10.250000         0.060012
      10.350000         0.060287
      10.450000         0.060119
      10.550000         0.060267
      10.650000         0.060482
      10.750000         0.060521
      10.850000         0.060093
      10.950000         0.060602
      11.050000         0.060126
      11.150000         0.060478
      11.250000         0.060375
      11.350000         0.060461
      11.450000         0.060371
      11.550000         0.059898
      11.650000         0.060019
      11.750000         0.059458
      11.850000         0.059183
      11.950000         0.059192
      12.050000         0.058986
      12.150000         0.058477
      12.250000         0.058217
      12.350000         0.057888
      12.450000         0.057809
      12.550000         0.057338
      12.650000         0.057275
      12.750000         0.056357
      12.850000         0.056144
      12.950000         0.055288
      13.050000         0.054704
      13.150000         0.053907
      13.250000         0.053400
      13.350000         0.052688
      13.450000         0.051803
      13.550000         0.051252
      13.650000         0.051302
      13.750000         0.050843
      13.850000         0.050433
      13.950000         0.050373
      14.050000         0.050141
      14.150000         0.050090
      14.250000         0.049930
      14.350000         0.049839
      14.450000         0.049705
      14.550000         0.049744
      14.650000         0.049660
      14.750000         0.049247
      14.850000         0.048730
      14.950000         0.048539
      15.050000         0.048454
      15.150000         0.047888
      15.250000         0.047713
      15.350000         0.047375
      15.450000         0.046806
      15.550000         0.046501
      15.650000         0.046374
      15.750000         0.045953
      15.850000         0.045753
      15.950000         0.045464
      16.050000         0.045155
      16.150000         0.044823
      16.250000         0.044484
      16.350000         0.044163
      16.450000         0.044226
      16.550000         0.043737
      16.650000         0.043797
      16.750000         0.043257
      16.850000         0.043206
      16.950000         0.042969
      17.050000         0.042761
      17.150000         0.042569
      17.250000         0.042456
      17.350000         0.042157
      17.450000         0.042008
      17.550000         0.041964
      17.650000         0.041976
      17.750000         0.041664
      17.850000         0.041352
      17.950000         0.041331
      18.050000         0.041122
      18.150000         0.041122
      18.250000         0.041155
      18.350000         0.040749
      18.450000         0.040536
      18.550000         0.040601
      18.650000         0.040268
      18.750000         0.040124
      18.850000         0.039882
      18.950000         0.039771
      19.050000         0.039686
      19.150000         0.039517
      19.250000         0.039505
      19.350000         0.039191
      19.450000         0.038893
      19.550000         0.038861
      19.650000         0.038763
      19.750000         0.038666
      19.850000         0.038350
      19.950000         0.038366
      20.050000         0.038289
      20.150000         0.038208
      20.250000         0.038056
      20.350000         0.037994
      20.450000         0.037813
      20.550000         0.037864
      20.650000         0.037479
      20.750000         0.037505
      20.850000         0.037453
      20.950000         0.037353
      21.050000         0.037314
      21.150000         0.037177
      21.250000         0.036969
      21.350000         0.036986
      21.450000         0.036756
      21.550000         0.036780
      21.650000         0.036762
      21.750000         0.036713
      21.850000         0.036598
      21.950000         0.036435
      22.050000         0.036295
      22.150000         0.035992
      22.250000         0.036001
      22.350000         0.035986
      22.450000         0.035938
      22.550000         0.035729
      22.650000         0.035680
      22.750000         0.035671
      22.850000         0.035472
      22.950000         0.035417
      23.050000         0.035269
      23.150000         0.035357
      23.250000         0.035245
      23.350000         0.035158
      23.450000         0.035094
      23.550000         0.035003
      23.650000         0.034858
      23.750000         0.034957
      23.850000         0.034800
      23.950000         0.034592
      24.050000         0.034688
      24.150000         0.034578
      24.250000         0.034522
      24.350000         0.034479
      24.450000         0.034340
      24.550000         0.034375
      24.650000         0.034292
      24.750000         0.034130
      24.850000         0.034114
      24.950000         0.034129
      25.050000         0.033963
      25.150000         0.033918
      25.250000         0.033929
      25.350000         0.033909
      25.450000         0.033807
      25.550000         0.033728
      25.650000         0.033744
      25.750000         0.033683
      25.850000         0.033669
      25.950000         0.033497
      26.050000         0.033597
      26.150000         0.033427
      26.250000         0.033354
      26.350000         0.033385
      26.450000         0.033211
      26.550000         0.033318
      26.650000         0.033186
      26.750000         0.033172
      26.850000         0.033031
      26.950000         0.033073
      27.050000         0.033048
      27.150000         0.032890
      27.250000         0.032886
      27.350000         0.032929
      27.450000         0.032823
      27.550000         0.032632
      27.650000         0.032617
      27.750000         0.032582
      27.850000         0.032499
      27.950000         0.032458
      28.050000         0.032386
      28.150000         0.032571
      28.250000         0.032394
      28.350000         0.032313
      28.450000         0.032284
      28.550000         0.032336
      28.650000         0.032252
      28.750000         0.032233
      28.850000         0.032108
      28.950000         0.032124
      29.050000         0.032087
      29.150000         0.031986
      29.250000         0.032031
      29.350000         0.031903
      29.450000         0.031867
      29.550000         0.031757
      29.650000         0.031886
      29.750000         0.031738
      29.850000         0.031716
      29.950000         0.031684
