#Distance_(Ang) :1-10@N7_=>_:Na+
       0.050000         0.000000
       0.150000         0.000000
       0.250000         0.000000
       0.350000         0.000000
       0.450000         0.000000
       0.550000         0.000000
       0.650000         0.000000
       0.750000         0.000000
       0.850000         0.000000
       0.950000         0.000000
       1.050000         0.000000
       1.150000         0.000000
       1.250000         0.000000
       1.350000         0.000000
       1.450000         0.000000
       1.550000         0.000000
       1.650000         0.000000
       1.750000         0.000000
       1.850000         0.000000
       1.950000         0.000000
       2.050000         0.000000
       2.150000         0.000212
       2.250000         0.018257
       2.350000         0.181007
       2.450000         0.399036
       2.550000         0.393076
       2.650000         0.256237
       2.750000         0.143783
       2.850000         0.077573
       2.950000         0.044510
       3.050000         0.026480
       3.150000         0.018944
       3.250000         0.016746
       3.350000         0.015210
       3.450000         0.015478
       3.550000         0.018408
       3.650000         0.022737
       3.750000         0.028717
       3.850000         0.037363
       3.950000         0.047345
       4.050000         0.060541
       4.150000         0.074774
       4.250000         0.089836
       4.350000         0.102235
       4.450000         0.112388
       4.550000         0.116346
       4.650000         0.122337
       4.750000         0.123454
       4.850000         0.120280
       4.950000         0.112635
       5.050000         0.106327
       5.150000         0.100098
       5.250000         0.093210
       5.350000         0.084660
       5.450000         0.077822
       5.550000         0.070338
       5.650000         0.063677
       5.750000         0.060027
       5.850000         0.058916
       5.950000         0.057556
       6.050000         0.056680
       6.150000         0.057533
       6.250000         0.056817
       6.350000         0.057435
       6.450000         0.057361
       6.550000         0.058466
       6.650000         0.059342
       6.750000         0.059973
       6.850000         0.062487
       6.950000         0.062825
       7.050000         0.065933
       7.150000         0.071255
       7.250000         0.077210
       7.350000         0.085429
       7.450000         0.093732
       7.550000         0.097864
       7.650000         0.096971
       7.750000         0.092441
       7.850000         0.086056
       7.950000         0.081069
       8.050000         0.076914
       8.150000         0.074665
       8.250000         0.072260
       8.350000         0.070650
       8.450000         0.069483
       8.550000         0.069335
       8.650000         0.069538
       8.750000         0.070260
       8.850000         0.071121
       8.950000         0.071857
       9.050000         0.072615
       9.150000         0.072942
       9.250000         0.074634
       9.350000         0.074081
       9.450000         0.073727
       9.550000         0.074416
       9.650000         0.075074
       9.750000         0.075177
       9.850000         0.075721
       9.950000         0.076580
      10.050000         0.077333
      10.150000         0.077806
      10.250000         0.076870
      10.350000         0.076492
      10.450000         0.076059
      10.550000         0.075058
      10.650000         0.073719
      10.750000         0.072062
      10.850000         0.070048
      10.950000         0.067769
      11.050000         0.065441
      11.150000         0.064329
      11.250000         0.063873
      11.350000         0.063732
      11.450000         0.063800
      11.550000         0.066184
      11.650000         0.067905
      11.750000         0.069763
      11.850000         0.072586
      11.950000         0.074469
      12.050000         0.077297
      12.150000         0.078738
      12.250000         0.078860
      12.350000         0.078207
      12.450000         0.076544
      12.550000         0.074531
      12.650000         0.072025
      12.750000         0.069098
      12.850000         0.067050
      12.950000         0.065017
      13.050000         0.063449
      13.150000         0.061597
      13.250000         0.060561
      13.350000         0.059789
      13.450000         0.059590
      13.550000         0.058726
      13.650000         0.057897
      13.750000         0.057697
      13.850000         0.057200
      13.950000         0.057125
      14.050000         0.056739
      14.150000         0.056083
      14.250000         0.055818
      14.350000         0.055543
      14.450000         0.054984
      14.550000         0.054520
      14.650000         0.054549
      14.750000         0.053311
      14.850000         0.053073
      14.950000         0.052667
      15.050000         0.052598
      15.150000         0.051977
      15.250000         0.051700
      15.350000         0.051415
      15.450000         0.050916
      15.550000         0.050479
      15.650000         0.050400
      15.750000         0.050004
      15.850000         0.049893
      15.950000         0.049288
      16.050000         0.048738
      16.150000         0.048724
      16.250000         0.047952
      16.350000         0.047673
      16.450000         0.047530
      16.550000         0.047259
      16.650000         0.046925
      16.750000         0.046630
      16.850000         0.046713
      16.950000         0.046218
      17.050000         0.045673
      17.150000         0.045440
      17.250000         0.045191
      17.350000         0.045009
      17.450000         0.044418
      17.550000         0.044524
      17.650000         0.044380
      17.750000         0.043946
      17.850000         0.043985
      17.950000         0.043703
      18.050000         0.043499
      18.150000         0.043373
      18.250000         0.042874
      18.350000         0.042772
      18.450000         0.042533
      18.550000         0.042162
      18.650000         0.042141
      18.750000         0.041692
      18.850000         0.041447
      18.950000         0.041432
      19.050000         0.040721
      19.150000         0.040713
      19.250000         0.040502
      19.350000         0.040305
      19.450000         0.040275
      19.550000         0.039998
      19.650000         0.040075
      19.750000         0.039421
      19.850000         0.039311
      19.950000         0.038985
      20.050000         0.039000
      20.150000         0.038788
      20.250000         0.038719
      20.350000         0.038235
      20.450000         0.038307
      20.550000         0.038131
      20.650000         0.038129
      20.750000         0.037722
      20.850000         0.037621
      20.950000         0.037312
      21.050000         0.037195
      21.150000         0.036956
      21.250000         0.036845
      21.350000         0.036493
      21.450000         0.036423
      21.550000         0.036124
      21.650000         0.035926
      21.750000         0.035761
      21.850000         0.035649
      21.950000         0.035443
      22.050000         0.035306
      22.150000         0.035026
      22.250000         0.034850
      22.350000         0.034949
      22.450000         0.034561
      22.550000         0.034885
      22.650000         0.034461
      22.750000         0.034255
      22.850000         0.034350
      22.950000         0.034243
      23.050000         0.034068
      23.150000         0.033957
      23.250000         0.033656
      23.350000         0.033686
      23.450000         0.033686
      23.550000         0.033502
      23.650000         0.033356
      23.750000         0.033483
      23.850000         0.033416
      23.950000         0.033345
      24.050000         0.033098
      24.150000         0.033077
      24.250000         0.032904
      24.350000         0.032845
      24.450000         0.032610
      24.550000         0.032883
      24.650000         0.032689
      24.750000         0.032362
      24.850000         0.032414
      24.950000         0.032123
      25.050000         0.032216
      25.150000         0.032148
      25.250000         0.032013
      25.350000         0.032064
      25.450000         0.032023
      25.550000         0.031991
      25.650000         0.031914
      25.750000         0.031790
      25.850000         0.031832
      25.950000         0.031845
      26.050000         0.031670
      26.150000         0.031537
      26.250000         0.031621
      26.350000         0.031573
      26.450000         0.031583
      26.550000         0.031432
      26.650000         0.031401
      26.750000         0.031397
      26.850000         0.031347
      26.950000         0.031311
      27.050000         0.031440
      27.150000         0.031385
      27.250000         0.031265
      27.350000         0.031286
      27.450000         0.031274
      27.550000         0.031232
      27.650000         0.031311
      27.750000         0.031273
      27.850000         0.031175
      27.950000         0.031229
      28.050000         0.031091
      28.150000         0.031175
      28.250000         0.031342
      28.350000         0.031202
      28.450000         0.031062
      28.550000         0.031165
      28.650000         0.031014
      28.750000         0.030998
      28.850000         0.030995
      28.950000         0.031005
      29.050000         0.030932
      29.150000         0.030926
      29.250000         0.031119
      29.350000         0.030897
      29.450000         0.031086
      29.550000         0.030957
      29.650000         0.030950
      29.750000         0.030876
      29.850000         0.031012
      29.950000         0.030919
