#Distance_(Ang) :1-10@N3_=>_:Na+
       0.050000         0.000000
       0.150000         0.000000
       0.250000         0.000000
       0.350000         0.000000
       0.450000         0.000000
       0.550000         0.000000
       0.650000         0.000000
       0.750000         0.000000
       0.850000         0.000000
       0.950000         0.000000
       1.050000         0.000000
       1.150000         0.000000
       1.250000         0.000000
       1.350000         0.000000
       1.450000         0.000000
       1.550000         0.000000
       1.650000         0.000000
       1.750000         0.000000
       1.850000         0.000000
       1.950000         0.000000
       2.050000         0.000000
       2.150000         0.000000
       2.250000         0.000081
       2.350000         0.001771
       2.450000         0.005975
       2.550000         0.009514
       2.650000         0.008113
       2.750000         0.006068
       2.850000         0.004185
       2.950000         0.003372
       3.050000         0.002857
       3.150000         0.003689
       3.250000         0.006421
       3.350000         0.012965
       3.450000         0.023799
       3.550000         0.035588
       3.650000         0.049114
       3.750000         0.062151
       3.850000         0.071779
       3.950000         0.081356
       4.050000         0.090692
       4.150000         0.099978
       4.250000         0.104264
       4.350000         0.103536
       4.450000         0.096408
       4.550000         0.080255
       4.650000         0.061934
       4.750000         0.050617
       4.850000         0.047737
       4.950000         0.050259
       5.050000         0.056197
       5.150000         0.062835
       5.250000         0.070455
       5.350000         0.078905
       5.450000         0.083899
       5.550000         0.084240
       5.650000         0.083016
       5.750000         0.082565
       5.850000         0.088077
       5.950000         0.095351
       6.050000         0.097893
       6.150000         0.097210
       6.250000         0.093475
       6.350000         0.092137
       6.450000         0.085330
       6.550000         0.081417
       6.650000         0.078668
       6.750000         0.078175
       6.850000         0.076415
       6.950000         0.076372
       7.050000         0.076568
       7.150000         0.077256
       7.250000         0.077203
       7.350000         0.079146
       7.450000         0.080046
       7.550000         0.080853
       7.650000         0.080468
       7.750000         0.080172
       7.850000         0.079617
       7.950000         0.078665
       8.050000         0.078156
       8.150000         0.078116
       8.250000         0.078040
       8.350000         0.077844
       8.450000         0.079086
       8.550000         0.080419
       8.650000         0.082067
       8.750000         0.083369
       8.850000         0.084996
       8.950000         0.086012
       9.050000         0.086070
       9.150000         0.086108
       9.250000         0.085368
       9.350000         0.084610
       9.450000         0.084040
       9.550000         0.083869
       9.650000         0.083729
       9.750000         0.083406
       9.850000         0.083438
       9.950000         0.082861
      10.050000         0.082860
      10.150000         0.082634
      10.250000         0.082446
      10.350000         0.082274
      10.450000         0.081919
      10.550000         0.080973
      10.650000         0.079640
      10.750000         0.078175
      10.850000         0.076712
      10.950000         0.074897
      11.050000         0.073523
      11.150000         0.072434
      11.250000         0.071992
      11.350000         0.071611
      11.450000         0.071677
      11.550000         0.072512
      11.650000         0.073075
      11.750000         0.073496
      11.850000         0.074198
      11.950000         0.074720
      12.050000         0.074308
      12.150000         0.074035
      12.250000         0.072993
      12.350000         0.071861
      12.450000         0.070412
      12.550000         0.069045
      12.650000         0.067880
      12.750000         0.066790
      12.850000         0.066016
      12.950000         0.064466
      13.050000         0.063813
      13.150000         0.062575
      13.250000         0.062006
      13.350000         0.061169
      13.450000         0.060467
      13.550000         0.059462
      13.650000         0.058964
      13.750000         0.058538
      13.850000         0.058035
      13.950000         0.057203
      14.050000         0.056939
      14.150000         0.057008
      14.250000         0.055963
      14.350000         0.055838
      14.450000         0.055789
      14.550000         0.055046
      14.650000         0.054613
      14.750000         0.053979
      14.850000         0.053520
      14.950000         0.052932
      15.050000         0.052474
      15.150000         0.051825
      15.250000         0.051577
      15.350000         0.050908
      15.450000         0.050760
      15.550000         0.050286
      15.650000         0.049926
      15.750000         0.050069
      15.850000         0.049656
      15.950000         0.049387
      16.050000         0.048957
      16.150000         0.048742
      16.250000         0.048417
      16.350000         0.048148
      16.450000         0.047871
      16.550000         0.047286
      16.650000         0.047130
      16.750000         0.046698
      16.850000         0.046493
      16.950000         0.046258
      17.050000         0.045692
      17.150000         0.045418
      17.250000         0.045148
      17.350000         0.044949
      17.450000         0.044714
      17.550000         0.044122
      17.650000         0.044215
      17.750000         0.043865
      17.850000         0.043533
      17.950000         0.043235
      18.050000         0.042997
      18.150000         0.042613
      18.250000         0.042223
      18.350000         0.042242
      18.450000         0.042029
      18.550000         0.041962
      18.650000         0.041541
      18.750000         0.041279
      18.850000         0.040897
      18.950000         0.040964
      19.050000         0.040560
      19.150000         0.040247
      19.250000         0.040188
      19.350000         0.039853
      19.450000         0.039742
      19.550000         0.039560
      19.650000         0.039189
      19.750000         0.038960
      19.850000         0.038902
      19.950000         0.038418
      20.050000         0.038440
      20.150000         0.038179
      20.250000         0.037994
      20.350000         0.037665
      20.450000         0.037613
      20.550000         0.037443
      20.650000         0.037316
      20.750000         0.037019
      20.850000         0.036970
      20.950000         0.036788
      21.050000         0.036396
      21.150000         0.036315
      21.250000         0.036149
      21.350000         0.035826
      21.450000         0.035898
      21.550000         0.035533
      21.650000         0.035413
      21.750000         0.035137
      21.850000         0.035261
      21.950000         0.035037
      22.050000         0.034850
      22.150000         0.034826
      22.250000         0.034542
      22.350000         0.034454
      22.450000         0.034436
      22.550000         0.034162
      22.650000         0.034096
      22.750000         0.033978
      22.850000         0.033864
      22.950000         0.033832
      23.050000         0.033693
      23.150000         0.033527
      23.250000         0.033553
      23.350000         0.033418
      23.450000         0.033486
      23.550000         0.033136
      23.650000         0.033249
      23.750000         0.032955
      23.850000         0.032946
      23.950000         0.032863
      24.050000         0.032829
      24.150000         0.032667
      24.250000         0.032633
      24.350000         0.032646
      24.450000         0.032403
      24.550000         0.032409
      24.650000         0.032366
      24.750000         0.032391
      24.850000         0.032271
      24.950000         0.032203
      25.050000         0.032203
      25.150000         0.032205
      25.250000         0.032069
      25.350000         0.032005
      25.450000         0.031970
      25.550000         0.031957
      25.650000         0.031949
      25.750000         0.031746
      25.850000         0.031805
      25.950000         0.031760
      26.050000         0.031723
      26.150000         0.031576
      26.250000         0.031540
      26.350000         0.031487
      26.450000         0.031523
      26.550000         0.031635
      26.650000         0.031440
      26.750000         0.031341
      26.850000         0.031416
      26.950000         0.031277
      27.050000         0.031333
      27.150000         0.031336
      27.250000         0.031251
      27.350000         0.031248
      27.450000         0.031125
      27.550000         0.031263
      27.650000         0.031185
      27.750000         0.031192
      27.850000         0.031143
      27.950000         0.031190
      28.050000         0.031100
      28.150000         0.031126
      28.250000         0.031176
      28.350000         0.031013
      28.450000         0.031107
      28.550000         0.030929
      28.650000         0.030993
      28.750000         0.031049
      28.850000         0.031005
      28.950000         0.031019
      29.050000         0.030949
      29.150000         0.030922
      29.250000         0.030974
      29.350000         0.030896
      29.450000         0.030961
      29.550000         0.030966
      29.650000         0.030908
      29.750000         0.030931
      29.850000         0.031013
      29.950000         0.030963
