#Distance_(Ang) :1-10@N7_=>_:Na+
       0.050000         0.000000
       0.150000         0.000000
       0.250000         0.000000
       0.350000         0.000000
       0.450000         0.000000
       0.550000         0.000000
       0.650000         0.000000
       0.750000         0.000000
       0.850000         0.000000
       0.950000         0.000000
       1.050000         0.000000
       1.150000         0.000000
       1.250000         0.000000
       1.350000         0.000000
       1.450000         0.000000
       1.550000         0.000000
       1.650000         0.000000
       1.750000         0.000000
       1.850000         0.000000
       1.950000         0.000000
       2.050000         0.000000
       2.150000         0.000628
       2.250000         0.068068
       2.350000         0.666311
       2.450000         1.476443
       2.550000         1.419897
       2.650000         0.874865
       2.750000         0.434108
       2.850000         0.193854
       2.950000         0.085933
       3.050000         0.036230
       3.150000         0.016951
       3.250000         0.008497
       3.350000         0.005049
       3.450000         0.004041
       3.550000         0.003343
       3.650000         0.003829
       3.750000         0.004936
       3.850000         0.006567
       3.950000         0.010284
       4.050000         0.015047
       4.150000         0.021267
       4.250000         0.028151
       4.350000         0.034421
       4.450000         0.039340
       4.550000         0.043618
       4.650000         0.046398
       4.750000         0.046719
       4.850000         0.048257
       4.950000         0.049865
       5.050000         0.053727
       5.150000         0.059646
       5.250000         0.064786
       5.350000         0.067903
       5.450000         0.067738
       5.550000         0.071870
       5.650000         0.082506
       5.750000         0.099235
       5.850000         0.127838
       5.950000         0.153950
       6.050000         0.157630
       6.150000         0.133903
       6.250000         0.105354
       6.350000         0.092638
       6.450000         0.094005
       6.550000         0.106460
       6.650000         0.124742
       6.750000         0.142423
       6.850000         0.156746
       6.950000         0.167373
       7.050000         0.170639
       7.150000         0.169894
       7.250000         0.165700
       7.350000         0.153483
       7.450000         0.141898
       7.550000         0.131251
       7.650000         0.126251
       7.750000         0.129937
       7.850000         0.139251
       7.950000         0.153046
       8.050000         0.167170
       8.150000         0.175706
       8.250000         0.174205
       8.350000         0.163459
       8.450000         0.149541
       8.550000         0.134899
       8.650000         0.122760
       8.750000         0.111281
       8.850000         0.099015
       8.950000         0.090636
       9.050000         0.082804
       9.150000         0.077567
       9.250000         0.074293
       9.350000         0.073261
       9.450000         0.073705
       9.550000         0.073580
       9.650000         0.074818
       9.750000         0.075337
       9.850000         0.076349
       9.950000         0.075913
      10.050000         0.076043
      10.150000         0.075073
      10.250000         0.074166
      10.350000         0.073929
      10.450000         0.073389
      10.550000         0.074458
      10.650000         0.076716
      10.750000         0.080994
      10.850000         0.084681
      10.950000         0.088754
      11.050000         0.089209
      11.150000         0.086811
      11.250000         0.081757
      11.350000         0.077077
      11.450000         0.073581
      11.550000         0.072156
      11.650000         0.072295
      11.750000         0.071791
      11.850000         0.071634
      11.950000         0.071004
      12.050000         0.070299
      12.150000         0.069821
      12.250000         0.068486
      12.350000         0.066803
      12.450000         0.065384
      12.550000         0.063775
      12.650000         0.063742
      12.750000         0.063419
      12.850000         0.063481
      12.950000         0.063123
      13.050000         0.064094
      13.150000         0.062633
      13.250000         0.061473
      13.350000         0.059589
      13.450000         0.057189
      13.550000         0.055434
      13.650000         0.053789
      13.750000         0.053046
      13.850000         0.052583
      13.950000         0.052274
      14.050000         0.051524
      14.150000         0.051972
      14.250000         0.051523
      14.350000         0.051354
      14.450000         0.051337
      14.550000         0.051255
      14.650000         0.051296
      14.750000         0.051248
      14.850000         0.050921
      14.950000         0.050913
      15.050000         0.050992
      15.150000         0.051421
      15.250000         0.050721
      15.350000         0.050331
      15.450000         0.050195
      15.550000         0.050111
      15.650000         0.050235
      15.750000         0.049606
      15.850000         0.049465
      15.950000         0.049088
      16.050000         0.048882
      16.150000         0.048569
      16.250000         0.048799
      16.350000         0.048255
      16.450000         0.048024
      16.550000         0.047990
      16.650000         0.047662
      16.750000         0.047307
      16.850000         0.046972
      16.950000         0.046698
      17.050000         0.046119
      17.150000         0.046012
      17.250000         0.045460
      17.350000         0.045107
      17.450000         0.044864
      17.550000         0.044294
      17.650000         0.044338
      17.750000         0.043761
      17.850000         0.043562
      17.950000         0.043100
      18.050000         0.042653
      18.150000         0.042725
      18.250000         0.042421
      18.350000         0.042304
      18.450000         0.041668
      18.550000         0.041635
      18.650000         0.041505
      18.750000         0.041207
      18.850000         0.040923
      18.950000         0.040524
      19.050000         0.040179
      19.150000         0.039911
      19.250000         0.039798
      19.350000         0.039439
      19.450000         0.039285
      19.550000         0.039443
      19.650000         0.038943
      19.750000         0.038758
      19.850000         0.038489
      19.950000         0.038071
      20.050000         0.038251
      20.150000         0.038099
      20.250000         0.037923
      20.350000         0.037931
      20.450000         0.037708
      20.550000         0.037458
      20.650000         0.037431
      20.750000         0.037102
      20.850000         0.037246
      20.950000         0.036796
      21.050000         0.036905
      21.150000         0.036619
      21.250000         0.036645
      21.350000         0.036339
      21.450000         0.036333
      21.550000         0.036303
      21.650000         0.036209
      21.750000         0.035890
      21.850000         0.035699
      21.950000         0.035582
      22.050000         0.035707
      22.150000         0.035584
      22.250000         0.035312
      22.350000         0.035212
      22.450000         0.035313
      22.550000         0.035070
      22.650000         0.035029
      22.750000         0.034875
      22.850000         0.034895
      22.950000         0.035029
      23.050000         0.034878
      23.150000         0.034885
      23.250000         0.034622
      23.350000         0.034522
      23.450000         0.034510
      23.550000         0.034238
      23.650000         0.034179
      23.750000         0.034184
      23.850000         0.034129
      23.950000         0.033953
      24.050000         0.033846
      24.150000         0.033802
      24.250000         0.033821
      24.350000         0.033251
      24.450000         0.033574
      24.550000         0.033469
      24.650000         0.033360
      24.750000         0.033430
      24.850000         0.033217
      24.950000         0.033107
      25.050000         0.033128
      25.150000         0.033140
      25.250000         0.032801
      25.350000         0.032812
      25.450000         0.032778
      25.550000         0.032944
      25.650000         0.032675
      25.750000         0.032581
      25.850000         0.032596
      25.950000         0.032436
      26.050000         0.032468
      26.150000         0.032558
      26.250000         0.032322
      26.350000         0.032316
      26.450000         0.032074
      26.550000         0.031979
      26.650000         0.032047
      26.750000         0.031875
      26.850000         0.032153
      26.950000         0.031830
      27.050000         0.031994
      27.150000         0.032012
      27.250000         0.031710
      27.350000         0.031665
      27.450000         0.031751
      27.550000         0.031721
      27.650000         0.031635
      27.750000         0.031780
      27.850000         0.031687
      27.950000         0.031588
      28.050000         0.031379
      28.150000         0.031480
      28.250000         0.031240
      28.350000         0.031342
      28.450000         0.031515
      28.550000         0.031257
      28.650000         0.031369
      28.750000         0.031200
      28.850000         0.031251
      28.950000         0.030973
      29.050000         0.030917
      29.150000         0.031063
      29.250000         0.031193
      29.350000         0.031005
      29.450000         0.031150
      29.550000         0.031118
      29.650000         0.030978
      29.750000         0.030887
      29.850000         0.031023
      29.950000         0.030949
