#Distance_(Ang) :1-10@N1_=>_:Na+
       0.050000         0.000000
       0.150000         0.000000
       0.250000         0.000000
       0.350000         0.000000
       0.450000         0.000000
       0.550000         0.000000
       0.650000         0.000000
       0.750000         0.000000
       0.850000         0.000000
       0.950000         0.000000
       1.050000         0.000000
       1.150000         0.000000
       1.250000         0.000000
       1.350000         0.000000
       1.450000         0.000000
       1.550000         0.000000
       1.650000         0.000000
       1.750000         0.000000
       1.850000         0.000000
       1.950000         0.000000
       2.050000         0.000000
       2.150000         0.000244
       2.250000         0.028056
       2.350000         0.239089
       2.450000         0.469363
       2.550000         0.387268
       2.650000         0.210827
       2.750000         0.094734
       2.850000         0.041225
       2.950000         0.018094
       3.050000         0.008468
       3.150000         0.004815
       3.250000         0.003225
       3.350000         0.002999
       3.450000         0.002970
       3.550000         0.004022
       3.650000         0.006391
       3.750000         0.010750
       3.850000         0.016346
       3.950000         0.022192
       4.050000         0.032880
       4.150000         0.062769
       4.250000         0.142538
       4.350000         0.248136
       4.450000         0.276560
       4.550000         0.203812
       4.650000         0.124401
       4.750000         0.081890
       4.850000         0.069720
       4.950000         0.075930
       5.050000         0.090847
       5.150000         0.118053
       5.250000         0.153966
       5.350000         0.190184
       5.450000         0.215041
       5.550000         0.223115
       5.650000         0.217798
       5.750000         0.204537
       5.850000         0.185958
       5.950000         0.165764
       6.050000         0.146585
       6.150000         0.128372
       6.250000         0.111900
       6.350000         0.099059
       6.450000         0.091074
       6.550000         0.091823
       6.650000         0.096991
       6.750000         0.103874
       6.850000         0.111301
       6.950000         0.113487
       7.050000         0.111197
       7.150000         0.105962
       7.250000         0.098993
       7.350000         0.093379
       7.450000         0.087694
       7.550000         0.084679
       7.650000         0.084533
       7.750000         0.086079
       7.850000         0.087372
       7.950000         0.087929
       8.050000         0.089165
       8.150000         0.088649
       8.250000         0.087892
       8.350000         0.086471
       8.450000         0.085887
       8.550000         0.086330
       8.650000         0.086723
       8.750000         0.087878
       8.850000         0.090833
       8.950000         0.093326
       9.050000         0.096264
       9.150000         0.098623
       9.250000         0.100040
       9.350000         0.099383
       9.450000         0.098214
       9.550000         0.095416
       9.650000         0.093650
       9.750000         0.091952
       9.850000         0.089852
       9.950000         0.087997
      10.050000         0.086539
      10.150000         0.085620
      10.250000         0.085644
      10.350000         0.085847
      10.450000         0.085429
      10.550000         0.084754
      10.650000         0.082907
      10.750000         0.081503
      10.850000         0.079364
      10.950000         0.078326
      11.050000         0.076807
      11.150000         0.075812
      11.250000         0.074807
      11.350000         0.074295
      11.450000         0.073262
      11.550000         0.072753
      11.650000         0.072248
      11.750000         0.071169
      11.850000         0.070041
      11.950000         0.069200
      12.050000         0.068109
      12.150000         0.067613
      12.250000         0.067214
      12.350000         0.066741
      12.450000         0.066990
      12.550000         0.066608
      12.650000         0.066315
      12.750000         0.065485
      12.850000         0.064503
      12.950000         0.063508
      13.050000         0.062279
      13.150000         0.061102
      13.250000         0.059883
      13.350000         0.058986
      13.450000         0.057572
      13.550000         0.056795
      13.650000         0.056543
      13.750000         0.055765
      13.850000         0.055844
      13.950000         0.055456
      14.050000         0.055247
      14.150000         0.055104
      14.250000         0.055453
      14.350000         0.055256
      14.450000         0.055331
      14.550000         0.055025
      14.650000         0.055094
      14.750000         0.054599
      14.850000         0.053820
      14.950000         0.052870
      15.050000         0.052184
      15.150000         0.051448
      15.250000         0.050473
      15.350000         0.049989
      15.450000         0.049360
      15.550000         0.048802
      15.650000         0.048561
      15.750000         0.048498
      15.850000         0.048300
      15.950000         0.048149
      16.050000         0.048399
      16.150000         0.047998
      16.250000         0.047870
      16.350000         0.047933
      16.450000         0.047681
      16.550000         0.047452
      16.650000         0.047143
      16.750000         0.047029
      16.850000         0.046611
      16.950000         0.046371
      17.050000         0.045983
      17.150000         0.045479
      17.250000         0.045184
      17.350000         0.044763
      17.450000         0.044539
      17.550000         0.044024
      17.650000         0.043960
      17.750000         0.043572
      17.850000         0.043279
      17.950000         0.043355
      18.050000         0.043164
      18.150000         0.042628
      18.250000         0.042683
      18.350000         0.042541
      18.450000         0.042490
      18.550000         0.042323
      18.650000         0.042159
      18.750000         0.042002
      18.850000         0.041765
      18.950000         0.041712
      19.050000         0.041450
      19.150000         0.041395
      19.250000         0.040965
      19.350000         0.040833
      19.450000         0.040476
      19.550000         0.040268
      19.650000         0.040162
      19.750000         0.039950
      19.850000         0.039697
      19.950000         0.039582
      20.050000         0.039491
      20.150000         0.039106
      20.250000         0.039023
      20.350000         0.038890
      20.450000         0.038529
      20.550000         0.038542
      20.650000         0.038117
      20.750000         0.038050
      20.850000         0.037806
      20.950000         0.037616
      21.050000         0.037660
      21.150000         0.037357
      21.250000         0.037309
      21.350000         0.036909
      21.450000         0.036657
      21.550000         0.036623
      21.650000         0.036434
      21.750000         0.036457
      21.850000         0.036172
      21.950000         0.036115
      22.050000         0.036089
      22.150000         0.035882
      22.250000         0.035638
      22.350000         0.035705
      22.450000         0.035591
      22.550000         0.035378
      22.650000         0.035291
      22.750000         0.035147
      22.850000         0.035030
      22.950000         0.034976
      23.050000         0.034809
      23.150000         0.034855
      23.250000         0.034646
      23.350000         0.034581
      23.450000         0.034479
      23.550000         0.034475
      23.650000         0.034321
      23.750000         0.034387
      23.850000         0.034202
      23.950000         0.034164
      24.050000         0.033978
      24.150000         0.033876
      24.250000         0.033793
      24.350000         0.033814
      24.450000         0.033579
      24.550000         0.033483
      24.650000         0.033513
      24.750000         0.033399
      24.850000         0.033280
      24.950000         0.033140
      25.050000         0.033198
      25.150000         0.033006
      25.250000         0.032925
      25.350000         0.032877
      25.450000         0.032826
      25.550000         0.032799
      25.650000         0.032723
      25.750000         0.032728
      25.850000         0.032701
      25.950000         0.032655
      26.050000         0.032612
      26.150000         0.032620
      26.250000         0.032596
      26.350000         0.032545
      26.450000         0.032504
      26.550000         0.032423
      26.650000         0.032356
      26.750000         0.032251
      26.850000         0.032351
      26.950000         0.032294
      27.050000         0.032098
      27.150000         0.032191
      27.250000         0.032169
      27.350000         0.032167
      27.450000         0.032003
      27.550000         0.031993
      27.650000         0.032012
      27.750000         0.031968
      27.850000         0.031879
      27.950000         0.031751
      28.050000         0.031796
      28.150000         0.031731
      28.250000         0.031580
      28.350000         0.031600
      28.450000         0.031541
      28.550000         0.031592
      28.650000         0.031452
      28.750000         0.031511
      28.850000         0.031388
      28.950000         0.031359
      29.050000         0.031416
      29.150000         0.031425
      29.250000         0.031433
      29.350000         0.031277
      29.450000         0.031201
      29.550000         0.031189
      29.650000         0.031224
      29.750000         0.031175
      29.850000         0.031195
      29.950000         0.031114
