#Distance_(Ang) :A,A3@P_=>_:Na+
       0.050000        0.000000
       0.150000        0.000000
       0.250000        0.000000
       0.350000        0.000000
       0.450000        0.000000
       0.550000        0.000000
       0.650000        0.000000
       0.750000        0.000000
       0.850000        0.000000
       0.950000        0.000000
       1.050000        0.000000
       1.150000        0.000000
       1.250000        0.000000
       1.350000        0.000000
       1.450000        0.000000
       1.550000        0.000000
       1.650000        0.000000
       1.750000        0.000000
       1.850000        0.000000
       1.950000        0.000000
       2.050000        0.000000
       2.150000        0.000000
       2.250000        0.000000
       2.350000        0.000000
       2.450000        0.000000
       2.550000        0.000000
       2.650000        0.000618
       2.750000        0.007313
       2.850000        0.022779
       2.950000        0.052239
       3.050000        0.087368
       3.150000        0.115816
       3.250000        0.157146
       3.350000        0.209541
       3.450000        0.250295
       3.550000        0.247573
       3.650000        0.194844
       3.750000        0.100532
       3.850000        0.035555
       3.950000        0.011516
       4.050000        0.005083
       4.150000        0.004353
       4.250000        0.006154
       4.350000        0.009666
       4.450000        0.015811
       4.550000        0.025163
       4.650000        0.036629
       4.750000        0.049794
       4.850000        0.061516
       4.950000        0.073205
       5.050000        0.082775
       5.150000        0.091967
       5.250000        0.100681
       5.350000        0.111546
       5.450000        0.121650
       5.550000        0.132947
       5.650000        0.143025
       5.750000        0.141905
       5.850000        0.132155
       5.950000        0.116807
       6.050000        0.097184
       6.150000        0.079090
       6.250000        0.064420
       6.350000        0.055002
       6.450000        0.048705
       6.550000        0.045513
       6.650000        0.046011
       6.750000        0.047560
       6.850000        0.050812
       6.950000        0.054492
       7.050000        0.059335
       7.150000        0.064041
       7.250000        0.070411
       7.350000        0.075187
       7.450000        0.079818
       7.550000        0.083311
       7.650000        0.085702
       7.750000        0.086246
       7.850000        0.085022
       7.950000        0.081555
       8.050000        0.079342
       8.150000        0.075577
       8.250000        0.073036
       8.350000        0.068635
       8.450000        0.065080
       8.550000        0.062647
       8.650000        0.060196
       8.750000        0.057945
       8.850000        0.056302
       8.950000        0.055479
       9.050000        0.054597
       9.150000        0.052878
       9.250000        0.051955
       9.350000        0.051873
       9.450000        0.051804
       9.550000        0.052381
       9.650000        0.052534
       9.750000        0.052676
       9.850000        0.053565
       9.950000        0.054170
      10.050000        0.054686
      10.150000        0.054052
      10.250000        0.054371
      10.350000        0.054613
      10.450000        0.054393
      10.550000        0.053985
      10.650000        0.053450
      10.750000        0.053088
      10.850000        0.053011
      10.950000        0.052739
      11.050000        0.051957
      11.150000        0.052585
      11.250000        0.052109
      11.350000        0.051994
      11.450000        0.051622
      11.550000        0.051380
      11.650000        0.051163
      11.750000        0.050546
      11.850000        0.050109
      11.950000        0.049870
      12.050000        0.049450
      12.150000        0.049595
      12.250000        0.049134
      12.350000        0.048930
      12.450000        0.048629
      12.550000        0.048498
      12.650000        0.048020
      12.750000        0.047864
      12.850000        0.047461
      12.950000        0.047049
      13.050000        0.046927
      13.150000        0.046790
      13.250000        0.046359
      13.350000        0.046373
      13.450000        0.046123
      13.550000        0.046134
      13.650000        0.045956
      13.750000        0.045751
      13.850000        0.045749
      13.950000        0.045567
      14.050000        0.045191
      14.150000        0.044832
      14.250000        0.044503
      14.350000        0.044248
      14.450000        0.044245
      14.550000        0.043740
      14.650000        0.043845
      14.750000        0.043339
      14.850000        0.042831
      14.950000        0.042644
      15.050000        0.042770
      15.150000        0.042066
      15.250000        0.042050
      15.350000        0.041715
      15.450000        0.041628
      15.550000        0.041427
      15.650000        0.041459
      15.750000        0.041167
      15.850000        0.040741
      15.950000        0.041263
      16.050000        0.040835
      16.150000        0.040710
      16.250000        0.040726
      16.350000        0.040524
      16.450000        0.040627
      16.550000        0.040481
      16.650000        0.040605
      16.750000        0.040328
      16.850000        0.040270
      16.950000        0.040288
      17.050000        0.039951
      17.150000        0.039840
      17.250000        0.039746
      17.350000        0.039570
      17.450000        0.039347
      17.550000        0.039152
      17.650000        0.039076
      17.750000        0.038952
      17.850000        0.038775
      17.950000        0.038473
      18.050000        0.038393
      18.150000        0.038279
      18.250000        0.038268
      18.350000        0.038059
      18.450000        0.037941
      18.550000        0.037727
      18.650000        0.037839
      18.750000        0.037760
      18.850000        0.037578
      18.950000        0.037759
      19.050000        0.037501
      19.150000        0.037592
      19.250000        0.037505
      19.350000        0.037466
      19.450000        0.037329
      19.550000        0.037325
      19.650000        0.037160
      19.750000        0.037321
      19.850000        0.037209
      19.950000        0.037044
      20.050000        0.036962
      20.150000        0.037081
      20.250000        0.036881
      20.350000        0.036740
      20.450000        0.036631
      20.550000        0.036487
      20.650000        0.036394
      20.750000        0.036367
      20.850000        0.036224
      20.950000        0.036099
      21.050000        0.036033
      21.150000        0.035900
      21.250000        0.035740
      21.350000        0.035517
      21.450000        0.035645
      21.550000        0.035495
      21.650000        0.035342
      21.750000        0.035314
      21.850000        0.035265
      21.950000        0.035270
      22.050000        0.035092
      22.150000        0.035072
      22.250000        0.035108
      22.350000        0.034861
      22.450000        0.034805
      22.550000        0.034667
      22.650000        0.034782
      22.750000        0.034870
      22.850000        0.034693
      22.950000        0.034580
      23.050000        0.034379
      23.150000        0.034571
      23.250000        0.034355
      23.350000        0.034404
      23.450000        0.034240
      23.550000        0.034175
      23.650000        0.034171
      23.750000        0.034169
      23.850000        0.034109
      23.950000        0.034183
      24.050000        0.034112
      24.150000        0.033965
      24.250000        0.034060
      24.350000        0.033898
      24.450000        0.033934
      24.550000        0.033792
      24.650000        0.033787
      24.750000        0.033783
      24.850000        0.033699
      24.950000        0.033607
      25.050000        0.033691
      25.150000        0.033596
      25.250000        0.033612
      25.350000        0.033375
      25.450000        0.033454
      25.550000        0.033331
      25.650000        0.033310
      25.750000        0.033400
      25.850000        0.033293
      25.950000        0.033367
      26.050000        0.033297
      26.150000        0.033075
      26.250000        0.033204
      26.350000        0.033155
      26.450000        0.033087
      26.550000        0.032952
      26.650000        0.032922
      26.750000        0.033111
      26.850000        0.032874
      26.950000        0.032763
      27.050000        0.032692
      27.150000        0.032696
      27.250000        0.032610
      27.350000        0.032637
      27.450000        0.032540
      27.550000        0.032654
      27.650000        0.032520
      27.750000        0.032541
      27.850000        0.032584
      27.950000        0.032403
      28.050000        0.032400
      28.150000        0.032389
      28.250000        0.032327
      28.350000        0.032348
      28.450000        0.032362
      28.550000        0.032224
      28.650000        0.032288
      28.750000        0.032228
      28.850000        0.032122
      28.950000        0.032187
      29.050000        0.032240
      29.150000        0.032093
      29.250000        0.032062
      29.350000        0.032013
      29.450000        0.031953
      29.550000        0.032015
      29.650000        0.031888
      29.750000        0.031868
      29.850000        0.031739
      29.950000        0.031821
