#Distance_(Ang) :C,C3@P_=>_:Na+
       0.050000        0.000000
       0.150000        0.000000
       0.250000        0.000000
       0.350000        0.000000
       0.450000        0.000000
       0.550000        0.000000
       0.650000        0.000000
       0.750000        0.000000
       0.850000        0.000000
       0.950000        0.000000
       1.050000        0.000000
       1.150000        0.000000
       1.250000        0.000000
       1.350000        0.000000
       1.450000        0.000000
       1.550000        0.000000
       1.650000        0.000000
       1.750000        0.000000
       1.850000        0.000000
       1.950000        0.000000
       2.050000        0.000000
       2.150000        0.000000
       2.250000        0.000000
       2.350000        0.000000
       2.450000        0.000000
       2.550000        0.000126
       2.650000        0.004306
       2.750000        0.032714
       2.850000        0.100745
       2.950000        0.193711
       3.050000        0.283916
       3.150000        0.376639
       3.250000        0.539682
       3.350000        0.810641
       3.450000        1.067505
       3.550000        1.107621
       3.650000        0.865944
       3.750000        0.447235
       3.850000        0.155704
       3.950000        0.051870
       4.050000        0.023623
       4.150000        0.015718
       4.250000        0.014259
       4.350000        0.017512
       4.450000        0.025090
       4.550000        0.035235
       4.650000        0.051542
       4.750000        0.070346
       4.850000        0.089809
       4.950000        0.103575
       5.050000        0.111519
       5.150000        0.110879
       5.250000        0.110985
       5.350000        0.111835
       5.450000        0.115923
       5.550000        0.120833
       5.650000        0.125432
       5.750000        0.125703
       5.850000        0.120529
       5.950000        0.111794
       6.050000        0.099348
       6.150000        0.084572
       6.250000        0.073449
       6.350000        0.064940
       6.450000        0.061625
       6.550000        0.062613
       6.650000        0.068484
       6.750000        0.078193
       6.850000        0.092195
       6.950000        0.108779
       7.050000        0.124981
       7.150000        0.136647
       7.250000        0.141869
       7.350000        0.139219
       7.450000        0.132817
       7.550000        0.126379
       7.650000        0.119848
       7.750000        0.116640
       7.850000        0.114000
       7.950000        0.116192
       8.050000        0.119091
       8.150000        0.123854
       8.250000        0.127127
       8.350000        0.128028
       8.450000        0.126286
       8.550000        0.119940
       8.650000        0.110458
       8.750000        0.104327
       8.850000        0.102374
       8.950000        0.107401
       9.050000        0.117064
       9.150000        0.126743
       9.250000        0.131077
       9.350000        0.129631
       9.450000        0.121826
       9.550000        0.112393
       9.650000        0.102464
       9.750000        0.094074
       9.850000        0.088970
       9.950000        0.085409
      10.050000        0.082915
      10.150000        0.078391
      10.250000        0.074306
      10.350000        0.070563
      10.450000        0.069051
      10.550000        0.068194
      10.650000        0.067624
      10.750000        0.066908
      10.850000        0.066353
      10.950000        0.065930
      11.050000        0.065927
      11.150000        0.065570
      11.250000        0.065710
      11.350000        0.065885
      11.450000        0.066222
      11.550000        0.065964
      11.650000        0.065313
      11.750000        0.065755
      11.850000        0.065997
      11.950000        0.065428
      12.050000        0.065677
      12.150000        0.065316
      12.250000        0.065008
      12.350000        0.064269
      12.450000        0.064038
      12.550000        0.063988
      12.650000        0.063241
      12.750000        0.062831
      12.850000        0.062904
      12.950000        0.062210
      13.050000        0.061689
      13.150000        0.061577
      13.250000        0.061107
      13.350000        0.059907
      13.450000        0.059122
      13.550000        0.057743
      13.650000        0.056874
      13.750000        0.055852
      13.850000        0.055359
      13.950000        0.054879
      14.050000        0.054311
      14.150000        0.053590
      14.250000        0.053276
      14.350000        0.052305
      14.450000        0.051774
      14.550000        0.051092
      14.650000        0.050755
      14.750000        0.050079
      14.850000        0.049428
      14.950000        0.048956
      15.050000        0.048376
      15.150000        0.048048
      15.250000        0.047169
      15.350000        0.047008
      15.450000        0.046511
      15.550000        0.046335
      15.650000        0.046249
      15.750000        0.045374
      15.850000        0.045504
      15.950000        0.045092
      16.050000        0.044978
      16.150000        0.044787
      16.250000        0.044875
      16.350000        0.044463
      16.450000        0.044277
      16.550000        0.044185
      16.650000        0.044064
      16.750000        0.043645
      16.850000        0.043795
      16.950000        0.043522
      17.050000        0.043254
      17.150000        0.043116
      17.250000        0.043172
      17.350000        0.042910
      17.450000        0.042845
      17.550000        0.042359
      17.650000        0.042420
      17.750000        0.042423
      17.850000        0.042173
      17.950000        0.041922
      18.050000        0.041955
      18.150000        0.041437
      18.250000        0.041524
      18.350000        0.041336
      18.450000        0.041320
      18.550000        0.041222
      18.650000        0.041062
      18.750000        0.040918
      18.850000        0.040437
      18.950000        0.040673
      19.050000        0.040534
      19.150000        0.040300
      19.250000        0.039814
      19.350000        0.039846
      19.450000        0.039489
      19.550000        0.039302
      19.650000        0.039256
      19.750000        0.039187
      19.850000        0.038865
      19.950000        0.038620
      20.050000        0.038336
      20.150000        0.038161
      20.250000        0.037911
      20.350000        0.037608
      20.450000        0.037436
      20.550000        0.037301
      20.650000        0.037198
      20.750000        0.036931
      20.850000        0.037039
      20.950000        0.036727
      21.050000        0.036489
      21.150000        0.036508
      21.250000        0.036324
      21.350000        0.036290
      21.450000        0.036271
      21.550000        0.035938
      21.650000        0.036030
      21.750000        0.035902
      21.850000        0.035621
      21.950000        0.035536
      22.050000        0.035546
      22.150000        0.035583
      22.250000        0.035455
      22.350000        0.035239
      22.450000        0.035197
      22.550000        0.035212
      22.650000        0.034955
      22.750000        0.035059
      22.850000        0.034993
      22.950000        0.034823
      23.050000        0.034773
      23.150000        0.034724
      23.250000        0.034612
      23.350000        0.034547
      23.450000        0.034522
      23.550000        0.034433
      23.650000        0.034354
      23.750000        0.034329
      23.850000        0.034102
      23.950000        0.034184
      24.050000        0.033996
      24.150000        0.033887
      24.250000        0.033967
      24.350000        0.033784
      24.450000        0.033719
      24.550000        0.033830
      24.650000        0.033403
      24.750000        0.033543
      24.850000        0.033494
      24.950000        0.033199
      25.050000        0.033295
      25.150000        0.033181
      25.250000        0.033094
      25.350000        0.033062
      25.450000        0.033042
      25.550000        0.032964
      25.650000        0.032965
      25.750000        0.032934
      25.850000        0.032961
      25.950000        0.032858
      26.050000        0.032890
      26.150000        0.032861
      26.250000        0.032729
      26.350000        0.032743
      26.450000        0.032653
      26.550000        0.032679
      26.650000        0.032693
      26.750000        0.032476
      26.850000        0.032425
      26.950000        0.032484
      27.050000        0.032355
      27.150000        0.032458
      27.250000        0.032386
      27.350000        0.032321
      27.450000        0.032253
      27.550000        0.032243
      27.650000        0.032148
      27.750000        0.032181
      27.850000        0.032153
      27.950000        0.032186
      28.050000        0.032053
      28.150000        0.031941
      28.250000        0.032017
      28.350000        0.031926
      28.450000        0.031886
      28.550000        0.031943
      28.650000        0.031836
      28.750000        0.031779
      28.850000        0.031854
      28.950000        0.031737
      29.050000        0.031655
      29.150000        0.031614
      29.250000        0.031619
      29.350000        0.031633
      29.450000        0.031606
      29.550000        0.031616
      29.650000        0.031416
      29.750000        0.031471
      29.850000        0.031425
      29.950000        0.031427
