#Distance_(Ang) :1-10@N3_=>_:Na+
       0.050000         0.000000
       0.150000         0.000000
       0.250000         0.000000
       0.350000         0.000000
       0.450000         0.000000
       0.550000         0.000000
       0.650000         0.000000
       0.750000         0.000000
       0.850000         0.000000
       0.950000         0.000000
       1.050000         0.000000
       1.150000         0.000000
       1.250000         0.000000
       1.350000         0.000000
       1.450000         0.000000
       1.550000         0.000000
       1.650000         0.000000
       1.750000         0.000000
       1.850000         0.000000
       1.950000         0.000000
       2.050000         0.000000
       2.150000         0.000000
       2.250000         0.000159
       2.350000         0.002149
       2.450000         0.005433
       2.550000         0.005834
       2.650000         0.004862
       2.750000         0.003298
       2.850000         0.002385
       2.950000         0.001688
       3.050000         0.001683
       3.150000         0.001318
       3.250000         0.001460
       3.350000         0.001518
       3.450000         0.001621
       3.550000         0.002146
       3.650000         0.002436
       3.750000         0.002842
       3.850000         0.003551
       3.950000         0.004243
       4.050000         0.005606
       4.150000         0.007247
       4.250000         0.009520
       4.350000         0.012645
       4.450000         0.016686
       4.550000         0.021466
       4.650000         0.025366
       4.750000         0.030094
       4.850000         0.032720
       4.950000         0.035230
       5.050000         0.038012
       5.150000         0.040893
       5.250000         0.044584
       5.350000         0.049609
       5.450000         0.054858
       5.550000         0.058081
       5.650000         0.063971
       5.750000         0.076062
       5.850000         0.095830
       5.950000         0.115186
       6.050000         0.115100
       6.150000         0.101778
       6.250000         0.088693
       6.350000         0.074977
       6.450000         0.062752
       6.550000         0.055424
       6.650000         0.052276
       6.750000         0.051915
       6.850000         0.052728
       6.950000         0.054780
       7.050000         0.057026
       7.150000         0.060012
       7.250000         0.065258
       7.350000         0.071095
       7.450000         0.077491
       7.550000         0.083058
       7.650000         0.087071
       7.750000         0.089338
       7.850000         0.090006
       7.950000         0.088740
       8.050000         0.086738
       8.150000         0.084417
       8.250000         0.081345
       8.350000         0.078618
       8.450000         0.076212
       8.550000         0.074248
       8.650000         0.072763
       8.750000         0.070933
       8.850000         0.069385
       8.950000         0.067810
       9.050000         0.066891
       9.150000         0.066360
       9.250000         0.065957
       9.350000         0.066104
       9.450000         0.065908
       9.550000         0.066173
       9.650000         0.065979
       9.750000         0.065750
       9.850000         0.065991
       9.950000         0.065684
      10.050000         0.066432
      10.150000         0.065969
      10.250000         0.065671
      10.350000         0.065948
      10.450000         0.065977
      10.550000         0.065773
      10.650000         0.066199
      10.750000         0.066364
      10.850000         0.066392
      10.950000         0.066335
      11.050000         0.065399
      11.150000         0.064430
      11.250000         0.062695
      11.350000         0.061944
      11.450000         0.060297
      11.550000         0.059337
      11.650000         0.058638
      11.750000         0.058348
      11.850000         0.057808
      11.950000         0.057499
      12.050000         0.056979
      12.150000         0.056419
      12.250000         0.056257
      12.350000         0.055885
      12.450000         0.055616
      12.550000         0.055016
      12.650000         0.054420
      12.750000         0.054089
      12.850000         0.053663
      12.950000         0.053463
      13.050000         0.053113
      13.150000         0.052166
      13.250000         0.051948
      13.350000         0.051473
      13.450000         0.051101
      13.550000         0.050904
      13.650000         0.050308
      13.750000         0.050198
      13.850000         0.049786
      13.950000         0.049641
      14.050000         0.049754
      14.150000         0.049291
      14.250000         0.049188
      14.350000         0.049056
      14.450000         0.048847
      14.550000         0.048706
      14.650000         0.048418
      14.750000         0.048118
      14.850000         0.047439
      14.950000         0.047336
      15.050000         0.046527
      15.150000         0.046468
      15.250000         0.045828
      15.350000         0.045684
      15.450000         0.045448
      15.550000         0.045190
      15.650000         0.044948
      15.750000         0.044892
      15.850000         0.044737
      15.950000         0.044572
      16.050000         0.044692
      16.150000         0.044464
      16.250000         0.044447
      16.350000         0.044077
      16.450000         0.043855
      16.550000         0.044106
      16.650000         0.043869
      16.750000         0.043289
      16.850000         0.043332
      16.950000         0.043055
      17.050000         0.042572
      17.150000         0.042306
      17.250000         0.042287
      17.350000         0.042021
      17.450000         0.041880
      17.550000         0.041382
      17.650000         0.041392
      17.750000         0.041415
      17.850000         0.041193
      17.950000         0.040919
      18.050000         0.040766
      18.150000         0.040496
      18.250000         0.040571
      18.350000         0.040505
      18.450000         0.040344
      18.550000         0.040240
      18.650000         0.040064
      18.750000         0.040044
      18.850000         0.040041
      18.950000         0.039733
      19.050000         0.039436
      19.150000         0.039285
      19.250000         0.039351
      19.350000         0.038845
      19.450000         0.038809
      19.550000         0.038834
      19.650000         0.038566
      19.750000         0.038467
      19.850000         0.038362
      19.950000         0.038271
      20.050000         0.038035
      20.150000         0.037893
      20.250000         0.037911
      20.350000         0.037819
      20.450000         0.037785
      20.550000         0.037605
      20.650000         0.037677
      20.750000         0.037579
      20.850000         0.037397
      20.950000         0.037365
      21.050000         0.037354
      21.150000         0.037184
      21.250000         0.037050
      21.350000         0.036745
      21.450000         0.036992
      21.550000         0.036726
      21.650000         0.036617
      21.750000         0.036448
      21.850000         0.036293
      21.950000         0.036287
      22.050000         0.036147
      22.150000         0.036033
      22.250000         0.036044
      22.350000         0.035956
      22.450000         0.035873
      22.550000         0.035709
      22.650000         0.035620
      22.750000         0.035489
      22.850000         0.035633
      22.950000         0.035515
      23.050000         0.035467
      23.150000         0.035367
      23.250000         0.035132
      23.350000         0.035111
      23.450000         0.034882
      23.550000         0.034928
      23.650000         0.034913
      23.750000         0.034758
      23.850000         0.034655
      23.950000         0.034701
      24.050000         0.034718
      24.150000         0.034477
      24.250000         0.034346
      24.350000         0.034263
      24.450000         0.034219
      24.550000         0.034202
      24.650000         0.034125
      24.750000         0.034042
      24.850000         0.034074
      24.950000         0.034043
      25.050000         0.033953
      25.150000         0.033908
      25.250000         0.033739
      25.350000         0.033744
      25.450000         0.033787
      25.550000         0.033598
      25.650000         0.033558
      25.750000         0.033446
      25.850000         0.033371
      25.950000         0.033299
      26.050000         0.033447
      26.150000         0.033159
      26.250000         0.033279
      26.350000         0.033235
      26.450000         0.033161
      26.550000         0.033060
      26.650000         0.033049
      26.750000         0.033087
      26.850000         0.032865
      26.950000         0.032913
      27.050000         0.032894
      27.150000         0.032757
      27.250000         0.032689
      27.350000         0.032806
      27.450000         0.032663
      27.550000         0.032648
      27.650000         0.032609
      27.750000         0.032606
      27.850000         0.032458
      27.950000         0.032539
      28.050000         0.032489
      28.150000         0.032394
      28.250000         0.032385
      28.350000         0.032362
      28.450000         0.032290
      28.550000         0.032340
      28.650000         0.032252
      28.750000         0.032189
      28.850000         0.032100
      28.950000         0.032128
      29.050000         0.032081
      29.150000         0.032093
      29.250000         0.032046
      29.350000         0.031879
      29.450000         0.031988
      29.550000         0.031988
      29.650000         0.031803
      29.750000         0.031816
      29.850000         0.031829
      29.950000         0.031777
