#Distance_(Ang) :1-10@O6_=>_:Na+
       0.050000         0.000000
       0.150000         0.000000
       0.250000         0.000000
       0.350000         0.000000
       0.450000         0.000000
       0.550000         0.000000
       0.650000         0.000000
       0.750000         0.000000
       0.850000         0.000000
       0.950000         0.000000
       1.050000         0.000000
       1.150000         0.000000
       1.250000         0.000000
       1.350000         0.000000
       1.450000         0.000000
       1.550000         0.000000
       1.650000         0.000000
       1.750000         0.000000
       1.850000         0.000000
       1.950000         0.000000
       2.050000         0.001011
       2.150000         0.132434
       2.250000         1.043429
       2.350000         1.784300
       2.450000         1.410835
       2.550000         0.770742
       2.650000         0.381228
       2.750000         0.196401
       2.850000         0.109198
       2.950000         0.066689
       3.050000         0.046839
       3.150000         0.036006
       3.250000         0.030637
       3.350000         0.027554
       3.450000         0.028905
       3.550000         0.035729
       3.650000         0.045281
       3.750000         0.059705
       3.850000         0.077297
       3.950000         0.096583
       4.050000         0.117581
       4.150000         0.132017
       4.250000         0.141659
       4.350000         0.141336
       4.450000         0.138349
       4.550000         0.127929
       4.650000         0.122199
       4.750000         0.113414
       4.850000         0.107076
       4.950000         0.100552
       5.050000         0.093315
       5.150000         0.085961
       5.250000         0.077832
       5.350000         0.070267
       5.450000         0.061791
       5.550000         0.057260
       5.650000         0.053137
       5.750000         0.050518
       5.850000         0.049685
       5.950000         0.050596
       6.050000         0.050844
       6.150000         0.053279
       6.250000         0.054253
       6.350000         0.055270
       6.450000         0.058166
       6.550000         0.058784
       6.650000         0.060463
       6.750000         0.063507
       6.850000         0.065881
       6.950000         0.069220
       7.050000         0.072275
       7.150000         0.075233
       7.250000         0.078126
       7.350000         0.080849
       7.450000         0.082784
       7.550000         0.084597
       7.650000         0.084681
       7.750000         0.086274
       7.850000         0.086323
       7.950000         0.087814
       8.050000         0.087074
       8.150000         0.087032
       8.250000         0.085629
       8.350000         0.083782
       8.450000         0.081248
       8.550000         0.078703
       8.650000         0.076158
       8.750000         0.073142
       8.850000         0.069762
       8.950000         0.066469
       9.050000         0.064498
       9.150000         0.063552
       9.250000         0.062304
       9.350000         0.061209
       9.450000         0.062248
       9.550000         0.062391
       9.650000         0.061668
       9.750000         0.062135
       9.850000         0.062450
       9.950000         0.063072
      10.050000         0.062707
      10.150000         0.063801
      10.250000         0.065154
      10.350000         0.064912
      10.450000         0.065973
      10.550000         0.065923
      10.650000         0.066740
      10.750000         0.067267
      10.850000         0.068473
      10.950000         0.068439
      11.050000         0.070369
      11.150000         0.070868
      11.250000         0.070700
      11.350000         0.070982
      11.450000         0.070879
      11.550000         0.070813
      11.650000         0.070338
      11.750000         0.070242
      11.850000         0.070190
      11.950000         0.070314
      12.050000         0.070012
      12.150000         0.070466
      12.250000         0.070814
      12.350000         0.070821
      12.450000         0.071564
      12.550000         0.071473
      12.650000         0.071468
      12.750000         0.070569
      12.850000         0.069960
      12.950000         0.069354
      13.050000         0.068337
      13.150000         0.067484
      13.250000         0.066594
      13.350000         0.065267
      13.450000         0.064094
      13.550000         0.063231
      13.650000         0.062119
      13.750000         0.061009
      13.850000         0.060359
      13.950000         0.060027
      14.050000         0.059094
      14.150000         0.058638
      14.250000         0.057905
      14.350000         0.057673
      14.450000         0.057372
      14.550000         0.057490
      14.650000         0.056605
      14.750000         0.056591
      14.850000         0.056217
      14.950000         0.056086
      15.050000         0.055928
      15.150000         0.055967
      15.250000         0.055160
      15.350000         0.055301
      15.450000         0.054517
      15.550000         0.053718
      15.650000         0.053385
      15.750000         0.052802
      15.850000         0.052394
      15.950000         0.051141
      16.050000         0.050875
      16.150000         0.050309
      16.250000         0.049865
      16.350000         0.049313
      16.450000         0.049127
      16.550000         0.048705
      16.650000         0.048160
      16.750000         0.047764
      16.850000         0.047059
      16.950000         0.046991
      17.050000         0.046614
      17.150000         0.046432
      17.250000         0.046008
      17.350000         0.045682
      17.450000         0.045328
      17.550000         0.045070
      17.650000         0.044854
      17.750000         0.044552
      17.850000         0.044202
      17.950000         0.043598
      18.050000         0.043530
      18.150000         0.043226
      18.250000         0.043078
      18.350000         0.042545
      18.450000         0.042635
      18.550000         0.042171
      18.650000         0.042021
      18.750000         0.041540
      18.850000         0.041419
      18.950000         0.041122
      19.050000         0.040773
      19.150000         0.040637
      19.250000         0.040459
      19.350000         0.040065
      19.450000         0.039815
      19.550000         0.039422
      19.650000         0.039344
      19.750000         0.038947
      19.850000         0.038534
      19.950000         0.038520
      20.050000         0.038390
      20.150000         0.037949
      20.250000         0.037719
      20.350000         0.037708
      20.450000         0.037277
      20.550000         0.037293
      20.650000         0.037336
      20.750000         0.037105
      20.850000         0.037004
      20.950000         0.036899
      21.050000         0.036738
      21.150000         0.036567
      21.250000         0.036526
      21.350000         0.036311
      21.450000         0.036255
      21.550000         0.036232
      21.650000         0.035972
      21.750000         0.035914
      21.850000         0.035625
      21.950000         0.035510
      22.050000         0.035534
      22.150000         0.035102
      22.250000         0.035313
      22.350000         0.035194
      22.450000         0.034703
      22.550000         0.034787
      22.650000         0.034710
      22.750000         0.034431
      22.850000         0.034289
      22.950000         0.034231
      23.050000         0.034259
      23.150000         0.034154
      23.250000         0.033971
      23.350000         0.034059
      23.450000         0.034077
      23.550000         0.033786
      23.650000         0.033683
      23.750000         0.033859
      23.850000         0.033519
      23.950000         0.033402
      24.050000         0.033445
      24.150000         0.033440
      24.250000         0.033311
      24.350000         0.033313
      24.450000         0.033248
      24.550000         0.033275
      24.650000         0.033271
      24.750000         0.033196
      24.850000         0.033041
      24.950000         0.032801
      25.050000         0.033127
      25.150000         0.032778
      25.250000         0.032736
      25.350000         0.032548
      25.450000         0.032559
      25.550000         0.032508
      25.650000         0.032247
      25.750000         0.032230
      25.850000         0.032253
      25.950000         0.032374
      26.050000         0.032330
      26.150000         0.032183
      26.250000         0.032174
      26.350000         0.032011
      26.450000         0.031992
      26.550000         0.032080
      26.650000         0.032002
      26.750000         0.031999
      26.850000         0.031862
      26.950000         0.031905
      27.050000         0.031662
      27.150000         0.031828
      27.250000         0.031678
      27.350000         0.031752
      27.450000         0.031508
      27.550000         0.031650
      27.650000         0.031639
      27.750000         0.031480
      27.850000         0.031609
      27.950000         0.031537
      28.050000         0.031495
      28.150000         0.031338
      28.250000         0.031419
      28.350000         0.031325
      28.450000         0.031357
      28.550000         0.031401
      28.650000         0.031357
      28.750000         0.031350
      28.850000         0.031230
      28.950000         0.031320
      29.050000         0.031142
      29.150000         0.031149
      29.250000         0.031084
      29.350000         0.031227
      29.450000         0.031094
      29.550000         0.030931
      29.650000         0.031058
      29.750000         0.031039
      29.850000         0.031079
      29.950000         0.030964
