#Distance_(Ang) :G,G3@P_=>_:Na+
       0.050000        0.000000
       0.150000        0.000000
       0.250000        0.000000
       0.350000        0.000000
       0.450000        0.000000
       0.550000        0.000000
       0.650000        0.000000
       0.750000        0.000000
       0.850000        0.000000
       0.950000        0.000000
       1.050000        0.000000
       1.150000        0.000000
       1.250000        0.000000
       1.350000        0.000000
       1.450000        0.000000
       1.550000        0.000000
       1.650000        0.000000
       1.750000        0.000000
       1.850000        0.000000
       1.950000        0.000000
       2.050000        0.000000
       2.150000        0.000000
       2.250000        0.000000
       2.350000        0.000000
       2.450000        0.000000
       2.550000        0.000028
       2.650000        0.000779
       2.750000        0.008255
       2.850000        0.026557
       2.950000        0.055315
       3.050000        0.088975
       3.150000        0.117467
       3.250000        0.170073
       3.350000        0.242809
       3.450000        0.301907
       3.550000        0.315124
       3.650000        0.252266
       3.750000        0.134386
       3.850000        0.046965
       3.950000        0.015022
       4.050000        0.006743
       4.150000        0.005864
       4.250000        0.007821
       4.350000        0.012505
       4.450000        0.020999
       4.550000        0.031174
       4.650000        0.045823
       4.750000        0.060981
       4.850000        0.073707
       4.950000        0.087372
       5.050000        0.099038
       5.150000        0.109637
       5.250000        0.121622
       5.350000        0.135389
       5.450000        0.147979
       5.550000        0.163003
       5.650000        0.174478
       5.750000        0.175627
       5.850000        0.168482
       5.950000        0.150613
       6.050000        0.130670
       6.150000        0.109871
       6.250000        0.091795
       6.350000        0.075819
       6.450000        0.064785
       6.550000        0.058874
       6.650000        0.056715
       6.750000        0.058975
       6.850000        0.062230
       6.950000        0.066605
       7.050000        0.072038
       7.150000        0.078248
       7.250000        0.084057
       7.350000        0.089521
       7.450000        0.094821
       7.550000        0.097726
       7.650000        0.099503
       7.750000        0.099755
       7.850000        0.099113
       7.950000        0.096072
       8.050000        0.092126
       8.150000        0.088476
       8.250000        0.084288
       8.350000        0.080869
       8.450000        0.077765
       8.550000        0.075200
       8.650000        0.072697
       8.750000        0.070995
       8.850000        0.068810
       8.950000        0.066701
       9.050000        0.065682
       9.150000        0.064232
       9.250000        0.063150
       9.350000        0.062406
       9.450000        0.061956
       9.550000        0.061886
       9.650000        0.062502
       9.750000        0.062430
       9.850000        0.062931
       9.950000        0.063927
      10.050000        0.063922
      10.150000        0.063682
      10.250000        0.064209
      10.350000        0.063990
      10.450000        0.063090
      10.550000        0.062760
      10.650000        0.061777
      10.750000        0.061461
      10.850000        0.060623
      10.950000        0.059846
      11.050000        0.059209
      11.150000        0.058263
      11.250000        0.057671
      11.350000        0.056882
      11.450000        0.056636
      11.550000        0.056204
      11.650000        0.055983
      11.750000        0.055005
      11.850000        0.054855
      11.950000        0.054038
      12.050000        0.053876
      12.150000        0.053473
      12.250000        0.053029
      12.350000        0.052438
      12.450000        0.051800
      12.550000        0.051427
      12.650000        0.050558
      12.750000        0.050556
      12.850000        0.049926
      12.950000        0.049246
      13.050000        0.049075
      13.150000        0.048858
      13.250000        0.048569
      13.350000        0.047804
      13.450000        0.047853
      13.550000        0.047171
      13.650000        0.046996
      13.750000        0.046962
      13.850000        0.046530
      13.950000        0.046482
      14.050000        0.046469
      14.150000        0.045915
      14.250000        0.045819
      14.350000        0.045604
      14.450000        0.045439
      14.550000        0.045201
      14.650000        0.045187
      14.750000        0.044840
      14.850000        0.044791
      14.950000        0.044486
      15.050000        0.044111
      15.150000        0.043877
      15.250000        0.043597
      15.350000        0.043001
      15.450000        0.042955
      15.550000        0.042544
      15.650000        0.042361
      15.750000        0.042197
      15.850000        0.041878
      15.950000        0.041638
      16.050000        0.041716
      16.150000        0.041640
      16.250000        0.041432
      16.350000        0.041479
      16.450000        0.041391
      16.550000        0.041361
      16.650000        0.041258
      16.750000        0.040907
      16.850000        0.040830
      16.950000        0.040902
      17.050000        0.040571
      17.150000        0.040328
      17.250000        0.040130
      17.350000        0.039934
      17.450000        0.039721
      17.550000        0.039540
      17.650000        0.039268
      17.750000        0.039048
      17.850000        0.038940
      17.950000        0.038784
      18.050000        0.038648
      18.150000        0.038561
      18.250000        0.038338
      18.350000        0.038276
      18.450000        0.038185
      18.550000        0.037814
      18.650000        0.038072
      18.750000        0.037910
      18.850000        0.037926
      18.950000        0.038044
      19.050000        0.038050
      19.150000        0.037829
      19.250000        0.037800
      19.350000        0.037629
      19.450000        0.037679
      19.550000        0.037534
      19.650000        0.037539
      19.750000        0.037664
      19.850000        0.037080
      19.950000        0.037241
      20.050000        0.037142
      20.150000        0.037166
      20.250000        0.036817
      20.350000        0.036740
      20.450000        0.036728
      20.550000        0.036787
      20.650000        0.036708
      20.750000        0.036694
      20.850000        0.036458
      20.950000        0.036430
      21.050000        0.036174
      21.150000        0.036095
      21.250000        0.035941
      21.350000        0.035889
      21.450000        0.035595
      21.550000        0.035655
      21.650000        0.035547
      21.750000        0.035414
      21.850000        0.035496
      21.950000        0.035343
      22.050000        0.035269
      22.150000        0.035165
      22.250000        0.035090
      22.350000        0.034956
      22.450000        0.035071
      22.550000        0.034844
      22.650000        0.034816
      22.750000        0.034795
      22.850000        0.034882
      22.950000        0.034656
      23.050000        0.034731
      23.150000        0.034652
      23.250000        0.034668
      23.350000        0.034629
      23.450000        0.034519
      23.550000        0.034455
      23.650000        0.034495
      23.750000        0.034354
      23.850000        0.034354
      23.950000        0.034241
      24.050000        0.034122
      24.150000        0.034155
      24.250000        0.034080
      24.350000        0.034034
      24.450000        0.033815
      24.550000        0.033842
      24.650000        0.033790
      24.750000        0.033894
      24.850000        0.033820
      24.950000        0.033786
      25.050000        0.033645
      25.150000        0.033681
      25.250000        0.033644
      25.350000        0.033512
      25.450000        0.033561
      25.550000        0.033524
      25.650000        0.033430
      25.750000        0.033346
      25.850000        0.033248
      25.950000        0.033390
      26.050000        0.033141
      26.150000        0.033250
      26.250000        0.033110
      26.350000        0.033069
      26.450000        0.033077
      26.550000        0.032886
      26.650000        0.032907
      26.750000        0.032757
      26.850000        0.032703
      26.950000        0.032648
      27.050000        0.032653
      27.150000        0.032465
      27.250000        0.032589
      27.350000        0.032459
      27.450000        0.032346
      27.550000        0.032362
      27.650000        0.032246
      27.750000        0.032253
      27.850000        0.032210
      27.950000        0.032262
      28.050000        0.032229
      28.150000        0.032147
      28.250000        0.032120
      28.350000        0.032086
      28.450000        0.032131
      28.550000        0.032017
      28.650000        0.032078
      28.750000        0.031889
      28.850000        0.031858
      28.950000        0.031860
      29.050000        0.031849
      29.150000        0.031784
      29.250000        0.031854
      29.350000        0.031888
      29.450000        0.031764
      29.550000        0.031653
      29.650000        0.031784
      29.750000        0.031748
      29.850000        0.031598
      29.950000        0.031623
