#Distance_(Ang) :A,A3,U,U3@P_=>_:Na+
       0.050000             0.000000
       0.150000             0.000000
       0.250000             0.000000
       0.350000             0.000000
       0.450000             0.000000
       0.550000             0.000000
       0.650000             0.000000
       0.750000             0.000000
       0.850000             0.000000
       0.950000             0.000000
       1.050000             0.000000
       1.150000             0.000000
       1.250000             0.000000
       1.350000             0.000000
       1.450000             0.000000
       1.550000             0.000000
       1.650000             0.000000
       1.750000             0.000000
       1.850000             0.000000
       1.950000             0.000000
       2.050000             0.000000
       2.150000             0.000000
       2.250000             0.000000
       2.350000             0.000000
       2.450000             0.000000
       2.550000             0.000041
       2.650000             0.007687
       2.750000             0.061043
       2.850000             0.121353
       2.950000             0.147889
       3.050000             0.181624
       3.150000             0.235781
       3.250000             0.328478
       3.350000             0.501139
       3.450000             0.707128
       3.550000             0.822237
       3.650000             0.737638
       3.750000             0.435706
       3.850000             0.173124
       3.950000             0.058310
       4.050000             0.021339
       4.150000             0.010300
       4.250000             0.007730
       4.350000             0.009450
       4.450000             0.013677
       4.550000             0.020104
       4.650000             0.028244
       4.750000             0.039314
       4.850000             0.051408
       4.950000             0.067667
       5.050000             0.084744
       5.150000             0.106108
       5.250000             0.132644
       5.350000             0.162237
       5.450000             0.201142
       5.550000             0.245276
       5.650000             0.281145
       5.750000             0.285361
       5.850000             0.258794
       5.950000             0.208138
       6.050000             0.161182
       6.150000             0.123136
       6.250000             0.095066
       6.350000             0.078350
       6.450000             0.070296
       6.550000             0.068789
       6.650000             0.074164
       6.750000             0.084563
       6.850000             0.095297
       6.950000             0.102894
       7.050000             0.105358
       7.150000             0.101246
       7.250000             0.095715
       7.350000             0.090107
       7.450000             0.087753
       7.550000             0.088754
       7.650000             0.097303
       7.750000             0.110701
       7.850000             0.129762
       7.950000             0.147252
       8.050000             0.154116
       8.150000             0.151345
       8.250000             0.141608
       8.350000             0.129259
       8.450000             0.118657
       8.550000             0.108292
       8.650000             0.099230
       8.750000             0.092564
       8.850000             0.086523
       8.950000             0.082392
       9.050000             0.079702
       9.150000             0.078944
       9.250000             0.079674
       9.350000             0.082255
       9.450000             0.087767
       9.550000             0.094921
       9.650000             0.100204
       9.750000             0.101151
       9.850000             0.096000
       9.950000             0.087359
      10.050000             0.078594
      10.150000             0.072598
      10.250000             0.068556
      10.350000             0.066657
      10.450000             0.064861
      10.550000             0.064797
      10.650000             0.065773
      10.750000             0.068016
      10.850000             0.072178
      10.950000             0.076400
      11.050000             0.080698
      11.150000             0.082630
      11.250000             0.083995
      11.350000             0.082905
      11.450000             0.081563
      11.550000             0.079605
      11.650000             0.078680
      11.750000             0.078214
      11.850000             0.077830
      11.950000             0.077471
      12.050000             0.076314
      12.150000             0.074626
      12.250000             0.072362
      12.350000             0.069747
      12.450000             0.066922
      12.550000             0.064046
      12.650000             0.061957
      12.750000             0.059868
      12.850000             0.058150
      12.950000             0.057192
      13.050000             0.056880
      13.150000             0.056594
      13.250000             0.056531
      13.350000             0.056026
      13.450000             0.055950
      13.550000             0.055129
      13.650000             0.054931
      13.750000             0.054435
      13.850000             0.054126
      13.950000             0.053577
      14.050000             0.053559
      14.150000             0.053286
      14.250000             0.052690
      14.350000             0.052866
      14.450000             0.052644
      14.550000             0.052380
      14.650000             0.052166
      14.750000             0.051587
      14.850000             0.051169
      14.950000             0.051315
      15.050000             0.050481
      15.150000             0.050387
      15.250000             0.049735
      15.350000             0.049265
      15.450000             0.048610
      15.550000             0.048289
      15.650000             0.047778
      15.750000             0.047657
      15.850000             0.047302
      15.950000             0.047187
      16.050000             0.046923
      16.150000             0.046976
      16.250000             0.046910
      16.350000             0.046841
      16.450000             0.047062
      16.550000             0.047065
      16.650000             0.047468
      16.750000             0.047565
      16.850000             0.047333
      16.950000             0.047071
      17.050000             0.046866
      17.150000             0.046767
      17.250000             0.045475
      17.350000             0.045090
      17.450000             0.044473
      17.550000             0.043897
      17.650000             0.043445
      17.750000             0.043276
      17.850000             0.043152
      17.950000             0.042536
      18.050000             0.042293
      18.150000             0.042220
      18.250000             0.042134
      18.350000             0.041919
      18.450000             0.041704
      18.550000             0.041349
      18.650000             0.041269
      18.750000             0.041140
      18.850000             0.040690
      18.950000             0.040859
      19.050000             0.040544
      19.150000             0.040226
      19.250000             0.040153
      19.350000             0.040053
      19.450000             0.039810
      19.550000             0.039705
      19.650000             0.039552
      19.750000             0.039257
      19.850000             0.039140
      19.950000             0.038724
      20.050000             0.038810
      20.150000             0.038549
      20.250000             0.038369
      20.350000             0.038230
      20.450000             0.038033
      20.550000             0.037768
      20.650000             0.037630
      20.750000             0.037336
      20.850000             0.037220
      20.950000             0.037052
      21.050000             0.036789
      21.150000             0.036893
      21.250000             0.036581
      21.350000             0.036550
      21.450000             0.036335
      21.550000             0.036206
      21.650000             0.036108
      21.750000             0.035960
      21.850000             0.035854
      21.950000             0.035675
      22.050000             0.035540
      22.150000             0.035268
      22.250000             0.035341
      22.350000             0.035307
      22.450000             0.035243
      22.550000             0.035023
      22.650000             0.034963
      22.750000             0.034784
      22.850000             0.034758
      22.950000             0.034729
      23.050000             0.034470
      23.150000             0.034513
      23.250000             0.034422
      23.350000             0.034350
      23.450000             0.034343
      23.550000             0.034056
      23.650000             0.033897
      23.750000             0.033866
      23.850000             0.033752
      23.950000             0.033639
      24.050000             0.033636
      24.150000             0.033557
      24.250000             0.033569
      24.350000             0.033435
      24.450000             0.033180
      24.550000             0.033204
      24.650000             0.033141
      24.750000             0.032921
      24.850000             0.033074
      24.950000             0.032960
      25.050000             0.032934
      25.150000             0.032828
      25.250000             0.032740
      25.350000             0.032697
      25.450000             0.032648
      25.550000             0.032573
      25.650000             0.032495
      25.750000             0.032450
      25.850000             0.032464
      25.950000             0.032383
      26.050000             0.032394
      26.150000             0.032254
      26.250000             0.032208
      26.350000             0.032231
      26.450000             0.032276
      26.550000             0.032112
      26.650000             0.032022
      26.750000             0.032038
      26.850000             0.032011
      26.950000             0.031799
      27.050000             0.031878
      27.150000             0.031718
      27.250000             0.031774
      27.350000             0.031728
      27.450000             0.031648
      27.550000             0.031674
      27.650000             0.031703
      27.750000             0.031694
      27.850000             0.031576
      27.950000             0.031568
      28.050000             0.031504
      28.150000             0.031543
      28.250000             0.031434
      28.350000             0.031393
      28.450000             0.031402
      28.550000             0.031324
      28.650000             0.031359
      28.750000             0.031355
      28.850000             0.031273
      28.950000             0.031186
      29.050000             0.031260
      29.150000             0.031157
      29.250000             0.031129
      29.350000             0.031137
      29.450000             0.031060
      29.550000             0.031104
      29.650000             0.031060
      29.750000             0.031138
      29.850000             0.031064
      29.950000             0.031067
