#Distance_(Ang) :1-10@O4_=>_:Na+
       0.050000         0.000000
       0.150000         0.000000
       0.250000         0.000000
       0.350000         0.000000
       0.450000         0.000000
       0.550000         0.000000
       0.650000         0.000000
       0.750000         0.000000
       0.850000         0.000000
       0.950000         0.000000
       1.050000         0.000000
       1.150000         0.000000
       1.250000         0.000000
       1.350000         0.000000
       1.450000         0.000000
       1.550000         0.000000
       1.650000         0.000000
       1.750000         0.000000
       1.850000         0.000000
       1.950000         0.000000
       2.050000         0.001462
       2.150000         0.154158
       2.250000         0.964814
       2.350000         1.335876
       2.450000         0.839532
       2.550000         0.387145
       2.650000         0.166884
       2.750000         0.074876
       2.850000         0.038126
       2.950000         0.022628
       3.050000         0.015164
       3.150000         0.012131
       3.250000         0.011197
       3.350000         0.010855
       3.450000         0.011363
       3.550000         0.013855
       3.650000         0.018234
       3.750000         0.025104
       3.850000         0.034806
       3.950000         0.048139
       4.050000         0.064258
       4.150000         0.081814
       4.250000         0.098902
       4.350000         0.110646
       4.450000         0.117470
       4.550000         0.119759
       4.650000         0.117053
       4.750000         0.112302
       4.850000         0.106227
       4.950000         0.101289
       5.050000         0.096062
       5.150000         0.091691
       5.250000         0.089924
       5.350000         0.088040
       5.450000         0.086510
       5.550000         0.086583
       5.650000         0.086817
       5.750000         0.088267
       5.850000         0.088944
       5.950000         0.088454
       6.050000         0.087242
       6.150000         0.085982
       6.250000         0.083348
       6.350000         0.082778
       6.450000         0.081461
       6.550000         0.078718
       6.650000         0.075772
       6.750000         0.072384
       6.850000         0.068451
       6.950000         0.066330
       7.050000         0.065013
       7.150000         0.065084
       7.250000         0.064424
       7.350000         0.065022
       7.450000         0.065030
       7.550000         0.065511
       7.650000         0.065940
       7.750000         0.066178
       7.850000         0.066817
       7.950000         0.066478
       8.050000         0.067444
       8.150000         0.067728
       8.250000         0.067998
       8.350000         0.068813
       8.450000         0.070233
       8.550000         0.071345
       8.650000         0.072386
       8.750000         0.073136
       8.850000         0.073041
       8.950000         0.073393
       9.050000         0.073309
       9.150000         0.072107
       9.250000         0.071985
       9.350000         0.071719
       9.450000         0.072330
       9.550000         0.072057
       9.650000         0.072330
       9.750000         0.071725
       9.850000         0.071932
       9.950000         0.071933
      10.050000         0.071910
      10.150000         0.072815
      10.250000         0.073440
      10.350000         0.073768
      10.450000         0.074774
      10.550000         0.075667
      10.650000         0.076287
      10.750000         0.076236
      10.850000         0.076594
      10.950000         0.076718
      11.050000         0.076713
      11.150000         0.076752
      11.250000         0.076063
      11.350000         0.075678
      11.450000         0.074522
      11.550000         0.073732
      11.650000         0.073043
      11.750000         0.072362
      11.850000         0.071703
      11.950000         0.070869
      12.050000         0.070868
      12.150000         0.070075
      12.250000         0.069444
      12.350000         0.068423
      12.450000         0.067854
      12.550000         0.067343
      12.650000         0.066408
      12.750000         0.065334
      12.850000         0.064271
      12.950000         0.063336
      13.050000         0.062391
      13.150000         0.061732
      13.250000         0.060781
      13.350000         0.060139
      13.450000         0.060095
      13.550000         0.059286
      13.650000         0.059131
      13.750000         0.058377
      13.850000         0.058073
      13.950000         0.058051
      14.050000         0.057244
      14.150000         0.056857
      14.250000         0.056332
      14.350000         0.055664
      14.450000         0.055332
      14.550000         0.054710
      14.650000         0.054191
      14.750000         0.053746
      14.850000         0.053320
      14.950000         0.052761
      15.050000         0.052372
      15.150000         0.051671
      15.250000         0.051090
      15.350000         0.050476
      15.450000         0.050093
      15.550000         0.049574
      15.650000         0.049107
      15.750000         0.048528
      15.850000         0.048196
      15.950000         0.048056
      16.050000         0.047439
      16.150000         0.047219
      16.250000         0.047054
      16.350000         0.046368
      16.450000         0.046243
      16.550000         0.046080
      16.650000         0.046052
      16.750000         0.045507
      16.850000         0.045356
      16.950000         0.044913
      17.050000         0.045165
      17.150000         0.044769
      17.250000         0.044374
      17.350000         0.044327
      17.450000         0.043826
      17.550000         0.043799
      17.650000         0.043584
      17.750000         0.043354
      17.850000         0.042922
      17.950000         0.042692
      18.050000         0.042807
      18.150000         0.042567
      18.250000         0.042457
      18.350000         0.042275
      18.450000         0.041967
      18.550000         0.041665
      18.650000         0.041671
      18.750000         0.041408
      18.850000         0.041295
      18.950000         0.041121
      19.050000         0.040883
      19.150000         0.040795
      19.250000         0.040538
      19.350000         0.040519
      19.450000         0.040146
      19.550000         0.040044
      19.650000         0.039748
      19.750000         0.039588
      19.850000         0.039431
      19.950000         0.039172
      20.050000         0.039004
      20.150000         0.038765
      20.250000         0.038643
      20.350000         0.038418
      20.450000         0.038201
      20.550000         0.038098
      20.650000         0.037980
      20.750000         0.037574
      20.850000         0.037615
      20.950000         0.037551
      21.050000         0.037286
      21.150000         0.037124
      21.250000         0.037074
      21.350000         0.036945
      21.450000         0.036875
      21.550000         0.036666
      21.650000         0.036565
      21.750000         0.036438
      21.850000         0.036457
      21.950000         0.036333
      22.050000         0.036188
      22.150000         0.036091
      22.250000         0.036056
      22.350000         0.035807
      22.450000         0.035871
      22.550000         0.035821
      22.650000         0.035532
      22.750000         0.035555
      22.850000         0.035282
      22.950000         0.035211
      23.050000         0.035127
      23.150000         0.035067
      23.250000         0.034947
      23.350000         0.034749
      23.450000         0.034626
      23.550000         0.034559
      23.650000         0.034520
      23.750000         0.034469
      23.850000         0.034474
      23.950000         0.034302
      24.050000         0.034157
      24.150000         0.034062
      24.250000         0.034003
      24.350000         0.033897
      24.450000         0.033869
      24.550000         0.033724
      24.650000         0.033712
      24.750000         0.033543
      24.850000         0.033482
      24.950000         0.033369
      25.050000         0.033385
      25.150000         0.033304
      25.250000         0.033271
      25.350000         0.033191
      25.450000         0.032997
      25.550000         0.033102
      25.650000         0.033118
      25.750000         0.032982
      25.850000         0.032776
      25.950000         0.032909
      26.050000         0.032691
      26.150000         0.032731
      26.250000         0.032578
      26.350000         0.032594
      26.450000         0.032515
      26.550000         0.032371
      26.650000         0.032327
      26.750000         0.032210
      26.850000         0.032243
      26.950000         0.032185
      27.050000         0.032116
      27.150000         0.032069
      27.250000         0.032057
      27.350000         0.031882
      27.450000         0.031920
      27.550000         0.031918
      27.650000         0.031836
      27.750000         0.031789
      27.850000         0.031759
      27.950000         0.031633
      28.050000         0.031726
      28.150000         0.031693
      28.250000         0.031728
      28.350000         0.031578
      28.450000         0.031593
      28.550000         0.031525
      28.650000         0.031521
      28.750000         0.031487
      28.850000         0.031430
      28.950000         0.031347
      29.050000         0.031401
      29.150000         0.031206
      29.250000         0.031282
      29.350000         0.031283
      29.450000         0.031118
      29.550000         0.031174
      29.650000         0.031102
      29.750000         0.031040
      29.850000         0.031089
      29.950000         0.030988
