#Distance_(Ang) :G,G3,U,U3@P_=>_:Na+
       0.050000             0.000000
       0.150000             0.000000
       0.250000             0.000000
       0.350000             0.000000
       0.450000             0.000000
       0.550000             0.000000
       0.650000             0.000000
       0.750000             0.000000
       0.850000             0.000000
       0.950000             0.000000
       1.050000             0.000000
       1.150000             0.000000
       1.250000             0.000000
       1.350000             0.000000
       1.450000             0.000000
       1.550000             0.000000
       1.650000             0.000000
       1.750000             0.000000
       1.850000             0.000000
       1.950000             0.000000
       2.050000             0.000000
       2.150000             0.000000
       2.250000             0.000000
       2.350000             0.000000
       2.450000             0.000000
       2.550000             0.000014
       2.650000             0.000735
       2.750000             0.012251
       2.850000             0.085802
       2.950000             0.258089
       3.050000             0.328066
       3.150000             0.274636
       3.250000             0.293059
       3.350000             0.376787
       3.450000             0.435291
       3.550000             0.397272
       3.650000             0.280578
       3.750000             0.133967
       3.850000             0.046214
       3.950000             0.015569
       4.050000             0.007825
       4.150000             0.007194
       4.250000             0.008254
       4.350000             0.013048
       4.450000             0.019370
       4.550000             0.028394
       4.650000             0.038961
       4.750000             0.051625
       4.850000             0.063084
       4.950000             0.077343
       5.050000             0.087529
       5.150000             0.100846
       5.250000             0.113511
       5.350000             0.125693
       5.450000             0.138962
       5.550000             0.150063
       5.650000             0.154990
       5.750000             0.151898
       5.850000             0.139903
       5.950000             0.124543
       6.050000             0.105127
       6.150000             0.087627
       6.250000             0.072206
       6.350000             0.061553
       6.450000             0.055629
       6.550000             0.053008
       6.650000             0.053468
       6.750000             0.055758
       6.850000             0.058707
       6.950000             0.062605
       7.050000             0.065352
       7.150000             0.068662
       7.250000             0.070981
       7.350000             0.073940
       7.450000             0.078134
       7.550000             0.083153
       7.650000             0.089212
       7.750000             0.094319
       7.850000             0.099070
       7.950000             0.099769
       8.050000             0.098030
       8.150000             0.092256
       8.250000             0.088171
       8.350000             0.085155
       8.450000             0.083074
       8.550000             0.082395
       8.650000             0.081854
       8.750000             0.081765
       8.850000             0.082916
       8.950000             0.083538
       9.050000             0.083830
       9.150000             0.085994
       9.250000             0.085951
       9.350000             0.087637
       9.450000             0.088183
       9.550000             0.088253
       9.650000             0.085606
       9.750000             0.084419
       9.850000             0.081431
       9.950000             0.078572
      10.050000             0.077105
      10.150000             0.075469
      10.250000             0.074826
      10.350000             0.074669
      10.450000             0.075172
      10.550000             0.074786
      10.650000             0.074421
      10.750000             0.073949
      10.850000             0.072822
      10.950000             0.072082
      11.050000             0.071258
      11.150000             0.069338
      11.250000             0.068922
      11.350000             0.067792
      11.450000             0.067282
      11.550000             0.066834
      11.650000             0.066231
      11.750000             0.065394
      11.850000             0.065139
      11.950000             0.064293
      12.050000             0.063824
      12.150000             0.063464
      12.250000             0.062938
      12.350000             0.062137
      12.450000             0.061947
      12.550000             0.061563
      12.650000             0.061230
      12.750000             0.060399
      12.850000             0.060101
      12.950000             0.059620
      13.050000             0.059290
      13.150000             0.058579
      13.250000             0.058696
      13.350000             0.058267
      13.450000             0.058123
      13.550000             0.057653
      13.650000             0.057644
      13.750000             0.057560
      13.850000             0.057117
      13.950000             0.056939
      14.050000             0.056943
      14.150000             0.056547
      14.250000             0.056368
      14.350000             0.055935
      14.450000             0.055466
      14.550000             0.055099
      14.650000             0.054491
      14.750000             0.053746
      14.850000             0.053093
      14.950000             0.052256
      15.050000             0.051367
      15.150000             0.050660
      15.250000             0.050249
      15.350000             0.049430
      15.450000             0.048862
      15.550000             0.048199
      15.650000             0.048075
      15.750000             0.047919
      15.850000             0.047895
      15.950000             0.047660
      16.050000             0.047244
      16.150000             0.046856
      16.250000             0.047015
      16.350000             0.047153
      16.450000             0.046918
      16.550000             0.046620
      16.650000             0.046727
      16.750000             0.046263
      16.850000             0.046171
      16.950000             0.046056
      17.050000             0.045924
      17.150000             0.045670
      17.250000             0.045575
      17.350000             0.045269
      17.450000             0.044968
      17.550000             0.044960
      17.650000             0.044528
      17.750000             0.044124
      17.850000             0.044266
      17.950000             0.043915
      18.050000             0.043996
      18.150000             0.043651
      18.250000             0.043566
      18.350000             0.043187
      18.450000             0.043071
      18.550000             0.042763
      18.650000             0.042604
      18.750000             0.042319
      18.850000             0.042148
      18.950000             0.041626
      19.050000             0.041452
      19.150000             0.040963
      19.250000             0.040823
      19.350000             0.040741
      19.450000             0.040384
      19.550000             0.040064
      19.650000             0.039821
      19.750000             0.039689
      19.850000             0.039391
      19.950000             0.038827
      20.050000             0.038798
      20.150000             0.038545
      20.250000             0.038413
      20.350000             0.038072
      20.450000             0.037665
      20.550000             0.037467
      20.650000             0.037267
      20.750000             0.037060
      20.850000             0.036810
      20.950000             0.036475
      21.050000             0.036408
      21.150000             0.036405
      21.250000             0.035921
      21.350000             0.035891
      21.450000             0.035525
      21.550000             0.035536
      21.650000             0.035389
      21.750000             0.035146
      21.850000             0.035067
      21.950000             0.035067
      22.050000             0.034796
      22.150000             0.034627
      22.250000             0.034832
      22.350000             0.034357
      22.450000             0.034356
      22.550000             0.034301
      22.650000             0.034317
      22.750000             0.034041
      22.850000             0.033928
      22.950000             0.033961
      23.050000             0.033883
      23.150000             0.033879
      23.250000             0.033697
      23.350000             0.033614
      23.450000             0.033610
      23.550000             0.033451
      23.650000             0.033429
      23.750000             0.033337
      23.850000             0.033386
      23.950000             0.033136
      24.050000             0.033246
      24.150000             0.033020
      24.250000             0.033033
      24.350000             0.032878
      24.450000             0.032848
      24.550000             0.032787
      24.650000             0.032595
      24.750000             0.032521
      24.850000             0.032444
      24.950000             0.032447
      25.050000             0.032398
      25.150000             0.032322
      25.250000             0.032243
      25.350000             0.032224
      25.450000             0.032196
      25.550000             0.032041
      25.650000             0.031956
      25.750000             0.031998
      25.850000             0.031885
      25.950000             0.031852
      26.050000             0.031915
      26.150000             0.031794
      26.250000             0.031763
      26.350000             0.031812
      26.450000             0.031732
      26.550000             0.031549
      26.650000             0.031510
      26.750000             0.031622
      26.850000             0.031580
      26.950000             0.031578
      27.050000             0.031589
      27.150000             0.031437
      27.250000             0.031397
      27.350000             0.031343
      27.450000             0.031288
      27.550000             0.031378
      27.650000             0.031197
      27.750000             0.031237
      27.850000             0.031190
      27.950000             0.031214
      28.050000             0.031158
      28.150000             0.031114
      28.250000             0.031099
      28.350000             0.031141
      28.450000             0.031061
      28.550000             0.031096
      28.650000             0.030939
      28.750000             0.031036
      28.850000             0.031060
      28.950000             0.031090
      29.050000             0.030943
      29.150000             0.030965
      29.250000             0.030953
      29.350000             0.030871
      29.450000             0.030812
      29.550000             0.030859
      29.650000             0.030898
      29.750000             0.030716
      29.850000             0.030781
      29.950000             0.030775
