#Distance_(Ang) :1-10@N3_=>_:Na+
       0.050000         0.000000
       0.150000         0.000000
       0.250000         0.000000
       0.350000         0.000000
       0.450000         0.000000
       0.550000         0.000000
       0.650000         0.000000
       0.750000         0.000000
       0.850000         0.000000
       0.950000         0.000000
       1.050000         0.000000
       1.150000         0.000000
       1.250000         0.000000
       1.350000         0.000000
       1.450000         0.000000
       1.550000         0.000000
       1.650000         0.000000
       1.750000         0.000000
       1.850000         0.000000
       1.950000         0.000000
       2.050000         0.000000
       2.150000         0.000000
       2.250000         0.000000
       2.350000         0.000000
       2.450000         0.000000
       2.550000         0.000000
       2.650000         0.000138
       2.750000         0.000716
       2.850000         0.002438
       2.950000         0.007227
       3.050000         0.016919
       3.150000         0.033239
       3.250000         0.061180
       3.350000         0.097301
       3.450000         0.146226
       3.550000         0.190639
       3.650000         0.229086
       3.750000         0.248201
       3.850000         0.246432
       3.950000         0.232139
       4.050000         0.219571
       4.150000         0.213459
       4.250000         0.215482
       4.350000         0.216284
       4.450000         0.197100
       4.550000         0.154778
       4.650000         0.105092
       4.750000         0.071735
       4.850000         0.055387
       4.950000         0.049579
       5.050000         0.047315
       5.150000         0.047723
       5.250000         0.047870
       5.350000         0.050848
       5.450000         0.053681
       5.550000         0.057196
       5.650000         0.062334
       5.750000         0.068442
       5.850000         0.074678
       5.950000         0.082401
       6.050000         0.089806
       6.150000         0.096710
       6.250000         0.099933
       6.350000         0.101053
       6.450000         0.101004
       6.550000         0.099542
       6.650000         0.096106
       6.750000         0.091818
       6.850000         0.087697
       6.950000         0.082778
       7.050000         0.078822
       7.150000         0.074961
       7.250000         0.072478
       7.350000         0.069997
       7.450000         0.068527
       7.550000         0.068973
       7.650000         0.069746
       7.750000         0.070700
       7.850000         0.071839
       7.950000         0.073319
       8.050000         0.074193
       8.150000         0.074819
       8.250000         0.075439
       8.350000         0.076600
       8.450000         0.078299
       8.550000         0.078957
       8.650000         0.080934
       8.750000         0.082773
       8.850000         0.085357
       8.950000         0.086618
       9.050000         0.088669
       9.150000         0.090240
       9.250000         0.090570
       9.350000         0.089988
       9.450000         0.089206
       9.550000         0.088353
       9.650000         0.086792
       9.750000         0.086210
       9.850000         0.086231
       9.950000         0.085754
      10.050000         0.085960
      10.150000         0.085363
      10.250000         0.084388
      10.350000         0.083460
      10.450000         0.082516
      10.550000         0.082087
      10.650000         0.080355
      10.750000         0.079615
      10.850000         0.078258
      10.950000         0.077090
      11.050000         0.076369
      11.150000         0.074913
      11.250000         0.073672
      11.350000         0.072290
      11.450000         0.071147
      11.550000         0.069947
      11.650000         0.069581
      11.750000         0.068833
      11.850000         0.068025
      11.950000         0.067096
      12.050000         0.066773
      12.150000         0.066447
      12.250000         0.065841
      12.350000         0.065783
      12.450000         0.065403
      12.550000         0.064969
      12.650000         0.064449
      12.750000         0.064190
      12.850000         0.063833
      12.950000         0.063412
      13.050000         0.063438
      13.150000         0.062620
      13.250000         0.061861
      13.350000         0.061119
      13.450000         0.060077
      13.550000         0.058943
      13.650000         0.058509
      13.750000         0.057536
      13.850000         0.056689
      13.950000         0.055932
      14.050000         0.055474
      14.150000         0.055234
      14.250000         0.054191
      14.350000         0.053760
      14.450000         0.053227
      14.550000         0.052849
      14.650000         0.052439
      14.750000         0.051963
      14.850000         0.051738
      14.950000         0.051176
      15.050000         0.051039
      15.150000         0.050478
      15.250000         0.050286
      15.350000         0.049859
      15.450000         0.049467
      15.550000         0.049306
      15.650000         0.049007
      15.750000         0.048396
      15.850000         0.048253
      15.950000         0.047892
      16.050000         0.047701
      16.150000         0.047833
      16.250000         0.047188
      16.350000         0.047010
      16.450000         0.046590
      16.550000         0.046578
      16.650000         0.046238
      16.750000         0.045996
      16.850000         0.045749
      16.950000         0.045343
      17.050000         0.045004
      17.150000         0.044625
      17.250000         0.044468
      17.350000         0.044382
      17.450000         0.044082
      17.550000         0.043915
      17.650000         0.043628
      17.750000         0.043192
      17.850000         0.043073
      17.950000         0.042956
      18.050000         0.042692
      18.150000         0.042412
      18.250000         0.042151
      18.350000         0.041986
      18.450000         0.041754
      18.550000         0.041594
      18.650000         0.041088
      18.750000         0.041145
      18.850000         0.040977
      18.950000         0.040611
      19.050000         0.040322
      19.150000         0.040198
      19.250000         0.039779
      19.350000         0.039526
      19.450000         0.039554
      19.550000         0.039310
      19.650000         0.039339
      19.750000         0.039064
      19.850000         0.038766
      19.950000         0.038735
      20.050000         0.038701
      20.150000         0.038367
      20.250000         0.038133
      20.350000         0.038248
      20.450000         0.038027
      20.550000         0.037818
      20.650000         0.037684
      20.750000         0.037592
      20.850000         0.037474
      20.950000         0.037255
      21.050000         0.037130
      21.150000         0.037101
      21.250000         0.036770
      21.350000         0.036655
      21.450000         0.036473
      21.550000         0.036437
      21.650000         0.036319
      21.750000         0.036290
      21.850000         0.036139
      21.950000         0.036059
      22.050000         0.035876
      22.150000         0.035823
      22.250000         0.035614
      22.350000         0.035386
      22.450000         0.035389
      22.550000         0.035114
      22.650000         0.035111
      22.750000         0.034972
      22.850000         0.034961
      22.950000         0.034854
      23.050000         0.034719
      23.150000         0.034577
      23.250000         0.034481
      23.350000         0.034401
      23.450000         0.034321
      23.550000         0.034175
      23.650000         0.034184
      23.750000         0.034085
      23.850000         0.033837
      23.950000         0.033722
      24.050000         0.033774
      24.150000         0.033670
      24.250000         0.033683
      24.350000         0.033545
      24.450000         0.033531
      24.550000         0.033514
      24.650000         0.033466
      24.750000         0.033302
      24.850000         0.033240
      24.950000         0.033274
      25.050000         0.033167
      25.150000         0.033016
      25.250000         0.033008
      25.350000         0.032939
      25.450000         0.032974
      25.550000         0.032723
      25.650000         0.032618
      25.750000         0.032691
      25.850000         0.032541
      25.950000         0.032400
      26.050000         0.032470
      26.150000         0.032431
      26.250000         0.032431
      26.350000         0.032320
      26.450000         0.032178
      26.550000         0.032234
      26.650000         0.032075
      26.750000         0.032152
      26.850000         0.032027
      26.950000         0.032066
      27.050000         0.031945
      27.150000         0.032017
      27.250000         0.031841
      27.350000         0.031846
      27.450000         0.031884
      27.550000         0.031824
      27.650000         0.031813
      27.750000         0.031806
      27.850000         0.031835
      27.950000         0.031804
      28.050000         0.031699
      28.150000         0.031674
      28.250000         0.031581
      28.350000         0.031586
      28.450000         0.031464
      28.550000         0.031468
      28.650000         0.031453
      28.750000         0.031462
      28.850000         0.031337
      28.950000         0.031205
      29.050000         0.031319
      29.150000         0.031222
      29.250000         0.031223
      29.350000         0.031159
      29.450000         0.031149
      29.550000         0.031027
      29.650000         0.030965
      29.750000         0.031078
      29.850000         0.030975
      29.950000         0.030965
