#Distance_(Ang) :1-10@N7_=>_:Na+
       0.050000         0.000000
       0.150000         0.000000
       0.250000         0.000000
       0.350000         0.000000
       0.450000         0.000000
       0.550000         0.000000
       0.650000         0.000000
       0.750000         0.000000
       0.850000         0.000000
       0.950000         0.000000
       1.050000         0.000000
       1.150000         0.000000
       1.250000         0.000000
       1.350000         0.000000
       1.450000         0.000000
       1.550000         0.000000
       1.650000         0.000000
       1.750000         0.000000
       1.850000         0.000000
       1.950000         0.000000
       2.050000         0.000000
       2.150000         0.000141
       2.250000         0.020789
       2.350000         0.204723
       2.450000         0.473527
       2.550000         0.488946
       2.650000         0.342014
       2.750000         0.219611
       2.850000         0.139601
       2.950000         0.098315
       3.050000         0.076478
       3.150000         0.066347
       3.250000         0.061909
       3.350000         0.058851
       3.450000         0.060062
       3.550000         0.056454
       3.650000         0.055145
       3.750000         0.054998
       3.850000         0.058232
       3.950000         0.063313
       4.050000         0.072721
       4.150000         0.089150
       4.250000         0.104269
       4.350000         0.122480
       4.450000         0.135856
       4.550000         0.151843
       4.650000         0.160531
       4.750000         0.166129
       4.850000         0.170349
       4.950000         0.166644
       5.050000         0.161155
       5.150000         0.150822
       5.250000         0.137482
       5.350000         0.125121
       5.450000         0.111767
       5.550000         0.096224
       5.650000         0.086141
       5.750000         0.081208
       5.850000         0.079931
       5.950000         0.080287
       6.050000         0.081160
       6.150000         0.080897
       6.250000         0.080714
       6.350000         0.080365
       6.450000         0.077515
       6.550000         0.076317
       6.650000         0.074531
       6.750000         0.072683
       6.850000         0.073109
       6.950000         0.071507
       7.050000         0.072045
       7.150000         0.072544
       7.250000         0.074357
       7.350000         0.073848
       7.450000         0.074956
       7.550000         0.076433
       7.650000         0.078850
       7.750000         0.080099
       7.850000         0.080846
       7.950000         0.081615
       8.050000         0.082110
       8.150000         0.080853
       8.250000         0.081832
       8.350000         0.082003
       8.450000         0.080158
       8.550000         0.078258
       8.650000         0.075321
       8.750000         0.073866
       8.850000         0.072037
       8.950000         0.071732
       9.050000         0.072187
       9.150000         0.072156
       9.250000         0.071407
       9.350000         0.070882
       9.450000         0.071207
       9.550000         0.070937
       9.650000         0.070823
       9.750000         0.071322
       9.850000         0.071269
       9.950000         0.072124
      10.050000         0.072385
      10.150000         0.073476
      10.250000         0.073604
      10.350000         0.073668
      10.450000         0.072286
      10.550000         0.071769
      10.650000         0.070649
      10.750000         0.069055
      10.850000         0.067721
      10.950000         0.067468
      11.050000         0.065719
      11.150000         0.065885
      11.250000         0.065040
      11.350000         0.064776
      11.450000         0.064966
      11.550000         0.065174
      11.650000         0.064698
      11.750000         0.065137
      11.850000         0.065892
      11.950000         0.066130
      12.050000         0.066734
      12.150000         0.066746
      12.250000         0.066871
      12.350000         0.066990
      12.450000         0.066623
      12.550000         0.066631
      12.650000         0.065934
      12.750000         0.065670
      12.850000         0.065684
      12.950000         0.064788
      13.050000         0.065364
      13.150000         0.064960
      13.250000         0.064240
      13.350000         0.063676
      13.450000         0.062876
      13.550000         0.061930
      13.650000         0.061207
      13.750000         0.060560
      13.850000         0.059954
      13.950000         0.059505
      14.050000         0.058567
      14.150000         0.058737
      14.250000         0.058242
      14.350000         0.057733
      14.450000         0.057600
      14.550000         0.057427
      14.650000         0.056972
      14.750000         0.056893
      14.850000         0.056965
      14.950000         0.056231
      15.050000         0.055997
      15.150000         0.055764
      15.250000         0.055167
      15.350000         0.054998
      15.450000         0.054567
      15.550000         0.054067
      15.650000         0.053705
      15.750000         0.052859
      15.850000         0.052395
      15.950000         0.052186
      16.050000         0.051993
      16.150000         0.050899
      16.250000         0.050426
      16.350000         0.049887
      16.450000         0.049432
      16.550000         0.049021
      16.650000         0.048285
      16.750000         0.047822
      16.850000         0.047566
      16.950000         0.047334
      17.050000         0.046862
      17.150000         0.046454
      17.250000         0.046210
      17.350000         0.045821
      17.450000         0.045417
      17.550000         0.045416
      17.650000         0.044636
      17.750000         0.044376
      17.850000         0.044137
      17.950000         0.043686
      18.050000         0.043362
      18.150000         0.043166
      18.250000         0.042631
      18.350000         0.042343
      18.450000         0.042261
      18.550000         0.041407
      18.650000         0.041587
      18.750000         0.041125
      18.850000         0.040959
      18.950000         0.040756
      19.050000         0.040402
      19.150000         0.040357
      19.250000         0.040023
      19.350000         0.039777
      19.450000         0.039599
      19.550000         0.039471
      19.650000         0.039310
      19.750000         0.039029
      19.850000         0.038940
      19.950000         0.038816
      20.050000         0.038702
      20.150000         0.038462
      20.250000         0.038543
      20.350000         0.038282
      20.450000         0.038116
      20.550000         0.037680
      20.650000         0.037632
      20.750000         0.037636
      20.850000         0.037180
      20.950000         0.036990
      21.050000         0.037095
      21.150000         0.036963
      21.250000         0.036795
      21.350000         0.036696
      21.450000         0.036294
      21.550000         0.036121
      21.650000         0.035975
      21.750000         0.035977
      21.850000         0.035760
      21.950000         0.035731
      22.050000         0.035355
      22.150000         0.035322
      22.250000         0.035064
      22.350000         0.035113
      22.450000         0.035001
      22.550000         0.034841
      22.650000         0.034874
      22.750000         0.034470
      22.850000         0.034585
      22.950000         0.034254
      23.050000         0.034283
      23.150000         0.034434
      23.250000         0.034280
      23.350000         0.034049
      23.450000         0.033880
      23.550000         0.033873
      23.650000         0.033800
      23.750000         0.033592
      23.850000         0.033575
      23.950000         0.033575
      24.050000         0.033565
      24.150000         0.033568
      24.250000         0.033395
      24.350000         0.033269
      24.450000         0.033250
      24.550000         0.033178
      24.650000         0.032830
      24.750000         0.032824
      24.850000         0.032696
      24.950000         0.032707
      25.050000         0.032528
      25.150000         0.032587
      25.250000         0.032542
      25.350000         0.032501
      25.450000         0.032466
      25.550000         0.032466
      25.650000         0.032425
      25.750000         0.032211
      25.850000         0.032187
      25.950000         0.032218
      26.050000         0.032138
      26.150000         0.032004
      26.250000         0.031929
      26.350000         0.031926
      26.450000         0.031829
      26.550000         0.031855
      26.650000         0.031985
      26.750000         0.031855
      26.850000         0.031729
      26.950000         0.031671
      27.050000         0.031803
      27.150000         0.031733
      27.250000         0.031862
      27.350000         0.031752
      27.450000         0.031625
      27.550000         0.031683
      27.650000         0.031579
      27.750000         0.031542
      27.850000         0.031499
      27.950000         0.031501
      28.050000         0.031480
      28.150000         0.031505
      28.250000         0.031313
      28.350000         0.031232
      28.450000         0.031429
      28.550000         0.031289
      28.650000         0.031285
      28.750000         0.031135
      28.850000         0.031219
      28.950000         0.030908
      29.050000         0.031223
      29.150000         0.031201
      29.250000         0.031022
      29.350000         0.031082
      29.450000         0.031250
      29.550000         0.031050
      29.650000         0.030985
      29.750000         0.030991
      29.850000         0.030980
      29.950000         0.031004
