#Distance_(Ang) :1-10@O6_=>_:Na+
       0.050000         0.000000
       0.150000         0.000000
       0.250000         0.000000
       0.350000         0.000000
       0.450000         0.000000
       0.550000         0.000000
       0.650000         0.000000
       0.750000         0.000000
       0.850000         0.000000
       0.950000         0.000000
       1.050000         0.000000
       1.150000         0.000000
       1.250000         0.000000
       1.350000         0.000000
       1.450000         0.000000
       1.550000         0.000000
       1.650000         0.000000
       1.750000         0.000000
       1.850000         0.000000
       1.950000         0.000000
       2.050000         0.000116
       2.150000         0.053602
       2.250000         0.370044
       2.350000         0.612625
       2.450000         0.458893
       2.550000         0.244535
       2.650000         0.118368
       2.750000         0.061307
       2.850000         0.035384
       2.950000         0.022929
       3.050000         0.017770
       3.150000         0.015921
       3.250000         0.016808
       3.350000         0.019481
       3.450000         0.025682
       3.550000         0.033531
       3.650000         0.045326
       3.750000         0.061015
       3.850000         0.079324
       3.950000         0.097615
       4.050000         0.115814
       4.150000         0.127908
       4.250000         0.133215
       4.350000         0.135156
       4.450000         0.130179
       4.550000         0.123528
       4.650000         0.114797
       4.750000         0.104053
       4.850000         0.095329
       4.950000         0.086646
       5.050000         0.078396
       5.150000         0.070193
       5.250000         0.064279
       5.350000         0.059467
       5.450000         0.056805
       5.550000         0.054343
       5.650000         0.055148
       5.750000         0.052497
       5.850000         0.052380
       5.950000         0.052909
       6.050000         0.053589
       6.150000         0.053731
       6.250000         0.053745
       6.350000         0.055042
       6.450000         0.056891
       6.550000         0.056797
       6.650000         0.057900
       6.750000         0.058402
       6.850000         0.058954
       6.950000         0.059912
       7.050000         0.060383
       7.150000         0.060527
       7.250000         0.060063
       7.350000         0.060736
       7.450000         0.060650
       7.550000         0.060298
       7.650000         0.060251
       7.750000         0.059686
       7.850000         0.059701
       7.950000         0.060064
       8.050000         0.060020
       8.150000         0.060353
       8.250000         0.061804
       8.350000         0.061298
       8.450000         0.061719
       8.550000         0.062684
       8.650000         0.062088
       8.750000         0.063243
       8.850000         0.064872
       8.950000         0.067641
       9.050000         0.070813
       9.150000         0.075342
       9.250000         0.078535
       9.350000         0.079562
       9.450000         0.079259
       9.550000         0.076780
       9.650000         0.074647
       9.750000         0.072245
       9.850000         0.070033
       9.950000         0.069453
      10.050000         0.068060
      10.150000         0.067697
      10.250000         0.066873
      10.350000         0.067593
      10.450000         0.067382
      10.550000         0.067971
      10.650000         0.066994
      10.750000         0.067636
      10.850000         0.067157
      10.950000         0.067150
      11.050000         0.067225
      11.150000         0.066614
      11.250000         0.067062
      11.350000         0.066658
      11.450000         0.065919
      11.550000         0.065618
      11.650000         0.065791
      11.750000         0.065980
      11.850000         0.066147
      11.950000         0.066922
      12.050000         0.067526
      12.150000         0.068665
      12.250000         0.070605
      12.350000         0.071697
      12.450000         0.073884
      12.550000         0.075795
      12.650000         0.076491
      12.750000         0.077355
      12.850000         0.076268
      12.950000         0.075735
      13.050000         0.073542
      13.150000         0.071870
      13.250000         0.069308
      13.350000         0.066997
      13.450000         0.065549
      13.550000         0.064260
      13.650000         0.063886
      13.750000         0.062326
      13.850000         0.061400
      13.950000         0.059984
      14.050000         0.058468
      14.150000         0.057923
      14.250000         0.057358
      14.350000         0.056362
      14.450000         0.056046
      14.550000         0.055347
      14.650000         0.054797
      14.750000         0.054666
      14.850000         0.054415
      14.950000         0.054112
      15.050000         0.053693
      15.150000         0.053143
      15.250000         0.052807
      15.350000         0.052011
      15.450000         0.051805
      15.550000         0.051182
      15.650000         0.050484
      15.750000         0.050416
      15.850000         0.049873
      15.950000         0.049416
      16.050000         0.048490
      16.150000         0.048306
      16.250000         0.047668
      16.350000         0.047798
      16.450000         0.047673
      16.550000         0.046923
      16.650000         0.046748
      16.750000         0.046737
      16.850000         0.046529
      16.950000         0.046347
      17.050000         0.046266
      17.150000         0.045923
      17.250000         0.045483
      17.350000         0.045623
      17.450000         0.045042
      17.550000         0.045060
      17.650000         0.044699
      17.750000         0.044648
      17.850000         0.044514
      17.950000         0.044482
      18.050000         0.044036
      18.150000         0.043563
      18.250000         0.043637
      18.350000         0.043428
      18.450000         0.042989
      18.550000         0.042610
      18.650000         0.042157
      18.750000         0.041688
      18.850000         0.041759
      18.950000         0.041274
      19.050000         0.040973
      19.150000         0.040644
      19.250000         0.040339
      19.350000         0.040373
      19.450000         0.040213
      19.550000         0.039673
      19.650000         0.039374
      19.750000         0.039289
      19.850000         0.039070
      19.950000         0.038813
      20.050000         0.038686
      20.150000         0.038332
      20.250000         0.038400
      20.350000         0.038230
      20.450000         0.038070
      20.550000         0.037539
      20.650000         0.037596
      20.750000         0.037571
      20.850000         0.037183
      20.950000         0.037016
      21.050000         0.036907
      21.150000         0.036952
      21.250000         0.036669
      21.350000         0.036603
      21.450000         0.036440
      21.550000         0.036172
      21.650000         0.036081
      21.750000         0.036263
      21.850000         0.035878
      21.950000         0.035693
      22.050000         0.035512
      22.150000         0.035551
      22.250000         0.035372
      22.350000         0.035198
      22.450000         0.035139
      22.550000         0.034952
      22.650000         0.034988
      22.750000         0.034603
      22.850000         0.034595
      22.950000         0.034522
      23.050000         0.034472
      23.150000         0.034215
      23.250000         0.034061
      23.350000         0.034079
      23.450000         0.033959
      23.550000         0.033980
      23.650000         0.033751
      23.750000         0.033634
      23.850000         0.033598
      23.950000         0.033552
      24.050000         0.033526
      24.150000         0.033331
      24.250000         0.033317
      24.350000         0.033040
      24.450000         0.032886
      24.550000         0.032819
      24.650000         0.032733
      24.750000         0.032708
      24.850000         0.032546
      24.950000         0.032615
      25.050000         0.032448
      25.150000         0.032373
      25.250000         0.032328
      25.350000         0.032074
      25.450000         0.032176
      25.550000         0.032133
      25.650000         0.032008
      25.750000         0.032116
      25.850000         0.032006
      25.950000         0.031834
      26.050000         0.031930
      26.150000         0.031641
      26.250000         0.031940
      26.350000         0.031691
      26.450000         0.031708
      26.550000         0.031524
      26.650000         0.031582
      26.750000         0.031555
      26.850000         0.031207
      26.950000         0.031287
      27.050000         0.031389
      27.150000         0.031281
      27.250000         0.031432
      27.350000         0.031295
      27.450000         0.031218
      27.550000         0.031267
      27.650000         0.031271
      27.750000         0.031155
      27.850000         0.031109
      27.950000         0.031068
      28.050000         0.031061
      28.150000         0.031072
      28.250000         0.031090
      28.350000         0.030965
      28.450000         0.031060
      28.550000         0.031062
      28.650000         0.030994
      28.750000         0.031102
      28.850000         0.031052
      28.950000         0.031067
      29.050000         0.030978
      29.150000         0.031001
      29.250000         0.031003
      29.350000         0.030888
      29.450000         0.030919
      29.550000         0.030999
      29.650000         0.030993
      29.750000         0.030801
      29.850000         0.030865
      29.950000         0.030914
