#Distance_(Ang) :1-10@N3_=>_:Na+
       0.050000         0.000000
       0.150000         0.000000
       0.250000         0.000000
       0.350000         0.000000
       0.450000         0.000000
       0.550000         0.000000
       0.650000         0.000000
       0.750000         0.000000
       0.850000         0.000000
       0.950000         0.000000
       1.050000         0.000000
       1.150000         0.000000
       1.250000         0.000000
       1.350000         0.000000
       1.450000         0.000000
       1.550000         0.000000
       1.650000         0.000000
       1.750000         0.000000
       1.850000         0.000000
       1.950000         0.000000
       2.050000         0.000000
       2.150000         0.002810
       2.250000         0.191736
       2.350000         0.980376
       2.450000         1.158204
       2.550000         0.644466
       2.650000         0.272066
       2.750000         0.118618
       2.850000         0.056425
       2.950000         0.030830
       3.050000         0.021408
       3.150000         0.015330
       3.250000         0.014643
       3.350000         0.015965
       3.450000         0.019433
       3.550000         0.025107
       3.650000         0.034971
       3.750000         0.045351
       3.850000         0.057688
       3.950000         0.066119
       4.050000         0.076796
       4.150000         0.102879
       4.250000         0.155738
       4.350000         0.214103
       4.450000         0.214709
       4.550000         0.160667
       4.650000         0.112228
       4.750000         0.094428
       4.850000         0.097192
       4.950000         0.106068
       5.050000         0.118324
       5.150000         0.124184
       5.250000         0.123028
       5.350000         0.116504
       5.450000         0.104425
       5.550000         0.091812
       5.650000         0.083021
       5.750000         0.076946
       5.850000         0.075736
       5.950000         0.078215
       6.050000         0.081606
       6.150000         0.084985
       6.250000         0.089201
       6.350000         0.089901
       6.450000         0.091082
       6.550000         0.090430
       6.650000         0.087876
       6.750000         0.085064
       6.850000         0.081528
       6.950000         0.078116
       7.050000         0.076536
       7.150000         0.075554
       7.250000         0.077582
       7.350000         0.080677
       7.450000         0.083406
       7.550000         0.084238
       7.650000         0.081998
       7.750000         0.077961
       7.850000         0.072610
       7.950000         0.067649
       8.050000         0.064272
       8.150000         0.062039
       8.250000         0.061259
       8.350000         0.061936
       8.450000         0.064238
       8.550000         0.067900
       8.650000         0.072506
       8.750000         0.078375
       8.850000         0.086098
       8.950000         0.092712
       9.050000         0.099186
       9.150000         0.106131
       9.250000         0.112753
       9.350000         0.118529
       9.450000         0.121728
       9.550000         0.122165
       9.650000         0.119186
       9.750000         0.116680
       9.850000         0.115574
       9.950000         0.116468
      10.050000         0.117279
      10.150000         0.120194
      10.250000         0.120766
      10.350000         0.119432
      10.450000         0.115058
      10.550000         0.109461
      10.650000         0.102759
      10.750000         0.095370
      10.850000         0.089274
      10.950000         0.085058
      11.050000         0.082369
      11.150000         0.080559
      11.250000         0.079660
      11.350000         0.079593
      11.450000         0.079472
      11.550000         0.079166
      11.650000         0.078039
      11.750000         0.076779
      11.850000         0.075599
      11.950000         0.074831
      12.050000         0.073619
      12.150000         0.072383
      12.250000         0.070953
      12.350000         0.069558
      12.450000         0.067719
      12.550000         0.066330
      12.650000         0.064492
      12.750000         0.062931
      12.850000         0.061360
      12.950000         0.059993
      13.050000         0.059049
      13.150000         0.057575
      13.250000         0.057039
      13.350000         0.055744
      13.450000         0.054906
      13.550000         0.054276
      13.650000         0.053445
      13.750000         0.052613
      13.850000         0.052094
      13.950000         0.051603
      14.050000         0.051106
      14.150000         0.050833
      14.250000         0.050564
      14.350000         0.050491
      14.450000         0.050446
      14.550000         0.049873
      14.650000         0.049772
      14.750000         0.049591
      14.850000         0.049332
      14.950000         0.049531
      15.050000         0.049063
      15.150000         0.049142
      15.250000         0.048849
      15.350000         0.048727
      15.450000         0.048214
      15.550000         0.048268
      15.650000         0.047933
      15.750000         0.047754
      15.850000         0.047384
      15.950000         0.046777
      16.050000         0.046465
      16.150000         0.046221
      16.250000         0.045985
      16.350000         0.045563
      16.450000         0.045416
      16.550000         0.045204
      16.650000         0.044891
      16.750000         0.044593
      16.850000         0.044473
      16.950000         0.044242
      17.050000         0.044305
      17.150000         0.044033
      17.250000         0.043757
      17.350000         0.043450
      17.450000         0.043330
      17.550000         0.043091
      17.650000         0.042733
      17.750000         0.042991
      17.850000         0.042843
      17.950000         0.042726
      18.050000         0.042461
      18.150000         0.042445
      18.250000         0.042333
      18.350000         0.042095
      18.450000         0.041853
      18.550000         0.041783
      18.650000         0.041323
      18.750000         0.041064
      18.850000         0.040977
      18.950000         0.040623
      19.050000         0.040454
      19.150000         0.040086
      19.250000         0.040059
      19.350000         0.039781
      19.450000         0.039564
      19.550000         0.039159
      19.650000         0.039144
      19.750000         0.038895
      19.850000         0.038821
      19.950000         0.038606
      20.050000         0.038389
      20.150000         0.038109
      20.250000         0.038118
      20.350000         0.037931
      20.450000         0.037785
      20.550000         0.037641
      20.650000         0.037633
      20.750000         0.037314
      20.850000         0.037353
      20.950000         0.037173
      21.050000         0.037182
      21.150000         0.036833
      21.250000         0.036910
      21.350000         0.036725
      21.450000         0.036639
      21.550000         0.036342
      21.650000         0.036482
      21.750000         0.036346
      21.850000         0.036202
      21.950000         0.036109
      22.050000         0.036130
      22.150000         0.035887
      22.250000         0.035826
      22.350000         0.035886
      22.450000         0.035732
      22.550000         0.035642
      22.650000         0.035539
      22.750000         0.035498
      22.850000         0.035510
      22.950000         0.035235
      23.050000         0.035301
      23.150000         0.035251
      23.250000         0.035124
      23.350000         0.035029
      23.450000         0.035007
      23.550000         0.034881
      23.650000         0.034738
      23.750000         0.034559
      23.850000         0.034578
      23.950000         0.034392
      24.050000         0.034414
      24.150000         0.034309
      24.250000         0.034195
      24.350000         0.034115
      24.450000         0.034041
      24.550000         0.034024
      24.650000         0.033909
      24.750000         0.033908
      24.850000         0.033823
      24.950000         0.033772
      25.050000         0.033558
      25.150000         0.033553
      25.250000         0.033375
      25.350000         0.033392
      25.450000         0.033330
      25.550000         0.033434
      25.650000         0.033354
      25.750000         0.033257
      25.850000         0.033042
      25.950000         0.033113
      26.050000         0.033026
      26.150000         0.033076
      26.250000         0.033018
      26.350000         0.032889
      26.450000         0.032891
      26.550000         0.032781
      26.650000         0.032738
      26.750000         0.032710
      26.850000         0.032613
      26.950000         0.032631
      27.050000         0.032637
      27.150000         0.032555
      27.250000         0.032413
      27.350000         0.032422
      27.450000         0.032536
      27.550000         0.032440
      27.650000         0.032329
      27.750000         0.032320
      27.850000         0.032292
      27.950000         0.032198
      28.050000         0.032162
      28.150000         0.032157
      28.250000         0.032174
      28.350000         0.032146
      28.450000         0.032138
      28.550000         0.031977
      28.650000         0.032054
      28.750000         0.031875
      28.850000         0.031871
      28.950000         0.031787
      29.050000         0.031713
      29.150000         0.031823
      29.250000         0.031689
      29.350000         0.031640
      29.450000         0.031637
      29.550000         0.031506
      29.650000         0.031535
      29.750000         0.031429
      29.850000         0.031529
      29.950000         0.031430
