#Distance_(Ang) :1-10@N1_=>_:Na+
       0.050000         0.000000
       0.150000         0.000000
       0.250000         0.000000
       0.350000         0.000000
       0.450000         0.000000
       0.550000         0.000000
       0.650000         0.000000
       0.750000         0.000000
       0.850000         0.000000
       0.950000         0.000000
       1.050000         0.000000
       1.150000         0.000000
       1.250000         0.000000
       1.350000         0.000000
       1.450000         0.000000
       1.550000         0.000000
       1.650000         0.000000
       1.750000         0.000000
       1.850000         0.000000
       1.950000         0.000000
       2.050000         0.000000
       2.150000         0.000036
       2.250000         0.003726
       2.350000         0.036395
       2.450000         0.082404
       2.550000         0.078611
       2.650000         0.051765
       2.750000         0.027227
       2.850000         0.013248
       2.950000         0.007724
       3.050000         0.004341
       3.150000         0.002730
       3.250000         0.002124
       3.350000         0.001755
       3.450000         0.001578
       3.550000         0.001536
       3.650000         0.002189
       3.750000         0.002748
       3.850000         0.004642
       3.950000         0.007126
       4.050000         0.010416
       4.150000         0.016342
       4.250000         0.023352
       4.350000         0.030617
       4.450000         0.037750
       4.550000         0.042029
       4.650000         0.043243
       4.750000         0.043430
       4.850000         0.041689
       4.950000         0.040778
       5.050000         0.040535
       5.150000         0.042996
       5.250000         0.049067
       5.350000         0.060663
       5.450000         0.071523
       5.550000         0.077502
       5.650000         0.074002
       5.750000         0.062777
       5.850000         0.052723
       5.950000         0.045778
       6.050000         0.043379
       6.150000         0.043544
       6.250000         0.045304
       6.350000         0.047713
       6.450000         0.050080
       6.550000         0.052467
       6.650000         0.054045
       6.750000         0.055505
       6.850000         0.055993
       6.950000         0.056038
       7.050000         0.056321
       7.150000         0.055117
       7.250000         0.053713
       7.350000         0.052495
       7.450000         0.051488
       7.550000         0.050495
       7.650000         0.049954
       7.750000         0.050107
       7.850000         0.049726
       7.950000         0.049575
       8.050000         0.049864
       8.150000         0.049510
       8.250000         0.048611
       8.350000         0.048264
       8.450000         0.048173
       8.550000         0.048129
       8.650000         0.048364
       8.750000         0.048640
       8.850000         0.048813
       8.950000         0.049233
       9.050000         0.049913
       9.150000         0.050382
       9.250000         0.050435
       9.350000         0.050929
       9.450000         0.051123
       9.550000         0.051910
       9.650000         0.051871
       9.750000         0.052379
       9.850000         0.052615
       9.950000         0.053266
      10.050000         0.053206
      10.150000         0.053543
      10.250000         0.053644
      10.350000         0.054131
      10.450000         0.054266
      10.550000         0.054885
      10.650000         0.055065
      10.750000         0.055415
      10.850000         0.055870
      10.950000         0.055979
      11.050000         0.055563
      11.150000         0.055585
      11.250000         0.056016
      11.350000         0.055431
      11.450000         0.055487
      11.550000         0.055392
      11.650000         0.055176
      11.750000         0.055089
      11.850000         0.055365
      11.950000         0.055320
      12.050000         0.055492
      12.150000         0.055200
      12.250000         0.055594
      12.350000         0.055710
      12.450000         0.055357
      12.550000         0.055461
      12.650000         0.054736
      12.750000         0.053870
      12.850000         0.053738
      12.950000         0.052845
      13.050000         0.051810
      13.150000         0.050938
      13.250000         0.050098
      13.350000         0.049339
      13.450000         0.049164
      13.550000         0.049244
      13.650000         0.049103
      13.750000         0.048895
      13.850000         0.048896
      13.950000         0.048830
      14.050000         0.048487
      14.150000         0.048370
      14.250000         0.048190
      14.350000         0.048326
      14.450000         0.048155
      14.550000         0.047952
      14.650000         0.047764
      14.750000         0.047086
      14.850000         0.047142
      14.950000         0.046807
      15.050000         0.046320
      15.150000         0.045964
      15.250000         0.046051
      15.350000         0.045383
      15.450000         0.045260
      15.550000         0.044759
      15.650000         0.044763
      15.750000         0.044278
      15.850000         0.044033
      15.950000         0.043790
      16.050000         0.043593
      16.150000         0.043471
      16.250000         0.043223
      16.350000         0.043212
      16.450000         0.042757
      16.550000         0.042493
      16.650000         0.042403
      16.750000         0.042237
      16.850000         0.042031
      16.950000         0.041969
      17.050000         0.041659
      17.150000         0.041583
      17.250000         0.041683
      17.350000         0.041548
      17.450000         0.041385
      17.550000         0.041383
      17.650000         0.041125
      17.750000         0.041167
      17.850000         0.040856
      17.950000         0.040837
      18.050000         0.040454
      18.150000         0.040596
      18.250000         0.040327
      18.350000         0.040163
      18.450000         0.039953
      18.550000         0.039878
      18.650000         0.039596
      18.750000         0.039523
      18.850000         0.039156
      18.950000         0.039141
      19.050000         0.039263
      19.150000         0.038963
      19.250000         0.038759
      19.350000         0.038702
      19.450000         0.038482
      19.550000         0.038614
      19.650000         0.038426
      19.750000         0.038298
      19.850000         0.038290
      19.950000         0.037950
      20.050000         0.037841
      20.150000         0.037819
      20.250000         0.037643
      20.350000         0.037380
      20.450000         0.037331
      20.550000         0.037104
      20.650000         0.037237
      20.750000         0.037035
      20.850000         0.036867
      20.950000         0.036928
      21.050000         0.036741
      21.150000         0.036484
      21.250000         0.036499
      21.350000         0.036289
      21.450000         0.036403
      21.550000         0.036244
      21.650000         0.036351
      21.750000         0.036089
      21.850000         0.036088
      21.950000         0.035933
      22.050000         0.035809
      22.150000         0.035807
      22.250000         0.035741
      22.350000         0.035744
      22.450000         0.035584
      22.550000         0.035365
      22.650000         0.035462
      22.750000         0.035336
      22.850000         0.035307
      22.950000         0.035201
      23.050000         0.035052
      23.150000         0.034873
      23.250000         0.034981
      23.350000         0.034909
      23.450000         0.034783
      23.550000         0.034722
      23.650000         0.034605
      23.750000         0.034529
      23.850000         0.034557
      23.950000         0.034331
      24.050000         0.034287
      24.150000         0.034284
      24.250000         0.034195
      24.350000         0.034151
      24.450000         0.034003
      24.550000         0.034002
      24.650000         0.034001
      24.750000         0.033899
      24.850000         0.033883
      24.950000         0.033867
      25.050000         0.033796
      25.150000         0.033643
      25.250000         0.033731
      25.350000         0.033641
      25.450000         0.033704
      25.550000         0.033459
      25.650000         0.033382
      25.750000         0.033346
      25.850000         0.033268
      25.950000         0.033295
      26.050000         0.033210
      26.150000         0.033105
      26.250000         0.033125
      26.350000         0.033108
      26.450000         0.032937
      26.550000         0.033007
      26.650000         0.032903
      26.750000         0.032821
      26.850000         0.032872
      26.950000         0.032767
      27.050000         0.032777
      27.150000         0.032738
      27.250000         0.032752
      27.350000         0.032530
      27.450000         0.032602
      27.550000         0.032491
      27.650000         0.032360
      27.750000         0.032495
      27.850000         0.032403
      27.950000         0.032212
      28.050000         0.032288
      28.150000         0.032247
      28.250000         0.032086
      28.350000         0.031955
      28.450000         0.032023
      28.550000         0.031974
      28.650000         0.032023
      28.750000         0.031848
      28.850000         0.031818
      28.950000         0.031786
      29.050000         0.031779
      29.150000         0.031772
      29.250000         0.031645
      29.350000         0.031731
      29.450000         0.031638
      29.550000         0.031559
      29.650000         0.031522
      29.750000         0.031584
      29.850000         0.031417
      29.950000         0.031452
