#Distance_(Ang) :1-10@O2_=>_:Na+
       0.050000         0.000000
       0.150000         0.000000
       0.250000         0.000000
       0.350000         0.000000
       0.450000         0.000000
       0.550000         0.000000
       0.650000         0.000000
       0.750000         0.000000
       0.850000         0.000000
       0.950000         0.000000
       1.050000         0.000000
       1.150000         0.000000
       1.250000         0.000000
       1.350000         0.000000
       1.450000         0.000000
       1.550000         0.000000
       1.650000         0.000000
       1.750000         0.000000
       1.850000         0.000000
       1.950000         0.000000
       2.050000         0.000778
       2.150000         0.085131
       2.250000         0.541358
       2.350000         0.810696
       2.450000         0.592236
       2.550000         0.329901
       2.650000         0.174428
       2.750000         0.101788
       2.850000         0.063362
       2.950000         0.044378
       3.050000         0.033416
       3.150000         0.026091
       3.250000         0.021725
       3.350000         0.018816
       3.450000         0.016217
       3.550000         0.016808
       3.650000         0.017654
       3.750000         0.022931
       3.850000         0.030235
       3.950000         0.038612
       4.050000         0.050968
       4.150000         0.065634
       4.250000         0.073150
       4.350000         0.084449
       4.450000         0.091517
       4.550000         0.097131
       4.650000         0.097262
       4.750000         0.095151
       4.850000         0.093221
       4.950000         0.086691
       5.050000         0.079645
       5.150000         0.072416
       5.250000         0.063433
       5.350000         0.057938
       5.450000         0.054901
       5.550000         0.052362
       5.650000         0.049593
       5.750000         0.048566
       5.850000         0.048820
       5.950000         0.048255
       6.050000         0.049218
       6.150000         0.048754
       6.250000         0.049328
       6.350000         0.049761
       6.450000         0.051086
       6.550000         0.052296
       6.650000         0.053970
       6.750000         0.054775
       6.850000         0.056601
       6.950000         0.059227
       7.050000         0.061561
       7.150000         0.063605
       7.250000         0.066564
       7.350000         0.070223
       7.450000         0.073233
       7.550000         0.076104
       7.650000         0.079151
       7.750000         0.081623
       7.850000         0.082379
       7.950000         0.081770
       8.050000         0.081605
       8.150000         0.080324
       8.250000         0.079676
       8.350000         0.079588
       8.450000         0.080701
       8.550000         0.082082
       8.650000         0.083961
       8.750000         0.086470
       8.850000         0.088283
       8.950000         0.088844
       9.050000         0.089358
       9.150000         0.088471
       9.250000         0.086823
       9.350000         0.084504
       9.450000         0.081230
       9.550000         0.078663
       9.650000         0.076539
       9.750000         0.075923
       9.850000         0.073712
       9.950000         0.074239
      10.050000         0.073339
      10.150000         0.072597
      10.250000         0.072272
      10.350000         0.070652
      10.450000         0.070249
      10.550000         0.069464
      10.650000         0.068181
      10.750000         0.067072
      10.850000         0.066281
      10.950000         0.065086
      11.050000         0.063582
      11.150000         0.062967
      11.250000         0.062288
      11.350000         0.062230
      11.450000         0.061723
      11.550000         0.061425
      11.650000         0.062012
      11.750000         0.061704
      11.850000         0.061747
      11.950000         0.061013
      12.050000         0.060943
      12.150000         0.061170
      12.250000         0.060886
      12.350000         0.060564
      12.450000         0.060391
      12.550000         0.059385
      12.650000         0.059731
      12.750000         0.059812
      12.850000         0.059743
      12.950000         0.059163
      13.050000         0.058700
      13.150000         0.058381
      13.250000         0.057966
      13.350000         0.057504
      13.450000         0.057230
      13.550000         0.057064
      13.650000         0.057195
      13.750000         0.056528
      13.850000         0.056426
      13.950000         0.056343
      14.050000         0.055743
      14.150000         0.055603
      14.250000         0.055422
      14.350000         0.054700
      14.450000         0.054503
      14.550000         0.054045
      14.650000         0.053486
      14.750000         0.053240
      14.850000         0.052680
      14.950000         0.052498
      15.050000         0.051397
      15.150000         0.051035
      15.250000         0.050703
      15.350000         0.050034
      15.450000         0.049926
      15.550000         0.049228
      15.650000         0.049246
      15.750000         0.048768
      15.850000         0.048353
      15.950000         0.047835
      16.050000         0.047717
      16.150000         0.047726
      16.250000         0.047258
      16.350000         0.047457
      16.450000         0.046466
      16.550000         0.046690
      16.650000         0.046236
      16.750000         0.045961
      16.850000         0.045830
      16.950000         0.045584
      17.050000         0.045449
      17.150000         0.045532
      17.250000         0.045226
      17.350000         0.045047
      17.450000         0.044766
      17.550000         0.045025
      17.650000         0.044935
      17.750000         0.044752
      17.850000         0.044705
      17.950000         0.044368
      18.050000         0.044324
      18.150000         0.044097
      18.250000         0.044017
      18.350000         0.043778
      18.450000         0.043771
      18.550000         0.043270
      18.650000         0.043123
      18.750000         0.043172
      18.850000         0.042648
      18.950000         0.042824
      19.050000         0.042395
      19.150000         0.042030
      19.250000         0.041671
      19.350000         0.041549
      19.450000         0.041632
      19.550000         0.041255
      19.650000         0.040955
      19.750000         0.040515
      19.850000         0.040599
      19.950000         0.040376
      20.050000         0.040014
      20.150000         0.040075
      20.250000         0.039609
      20.350000         0.039941
      20.450000         0.039503
      20.550000         0.039240
      20.650000         0.039077
      20.750000         0.038945
      20.850000         0.038638
      20.950000         0.038454
      21.050000         0.038463
      21.150000         0.038273
      21.250000         0.037865
      21.350000         0.037676
      21.450000         0.037706
      21.550000         0.037519
      21.650000         0.037478
      21.750000         0.037155
      21.850000         0.037183
      21.950000         0.037118
      22.050000         0.036758
      22.150000         0.036678
      22.250000         0.036744
      22.350000         0.036485
      22.450000         0.036222
      22.550000         0.036160
      22.650000         0.036181
      22.750000         0.035942
      22.850000         0.035704
      22.950000         0.035649
      23.050000         0.035595
      23.150000         0.035434
      23.250000         0.035200
      23.350000         0.034932
      23.450000         0.035181
      23.550000         0.034903
      23.650000         0.034808
      23.750000         0.034698
      23.850000         0.034753
      23.950000         0.034503
      24.050000         0.034729
      24.150000         0.034380
      24.250000         0.034330
      24.350000         0.034135
      24.450000         0.034070
      24.550000         0.033867
      24.650000         0.034011
      24.750000         0.033724
      24.850000         0.033785
      24.950000         0.033799
      25.050000         0.033490
      25.150000         0.033398
      25.250000         0.033381
      25.350000         0.033224
      25.450000         0.033260
      25.550000         0.033092
      25.650000         0.033178
      25.750000         0.032939
      25.850000         0.033085
      25.950000         0.032839
      26.050000         0.032913
      26.150000         0.032762
      26.250000         0.032746
      26.350000         0.032750
      26.450000         0.032634
      26.550000         0.032628
      26.650000         0.032510
      26.750000         0.032614
      26.850000         0.032445
      26.950000         0.032273
      27.050000         0.032477
      27.150000         0.032253
      27.250000         0.032212
      27.350000         0.032035
      27.450000         0.032048
      27.550000         0.032171
      27.650000         0.032320
      27.750000         0.032052
      27.850000         0.031996
      27.950000         0.031846
      28.050000         0.031912
      28.150000         0.032002
      28.250000         0.031863
      28.350000         0.031896
      28.450000         0.031803
      28.550000         0.031719
      28.650000         0.031838
      28.750000         0.031778
      28.850000         0.031616
      28.950000         0.031705
      29.050000         0.031608
      29.150000         0.031544
      29.250000         0.031575
      29.350000         0.031517
      29.450000         0.031515
      29.550000         0.031445
      29.650000         0.031384
      29.750000         0.031369
      29.850000         0.031406
      29.950000         0.031391
