#Distance_(Ang) :1-10@O2_=>_:Na+
       0.050000         0.000000
       0.150000         0.000000
       0.250000         0.000000
       0.350000         0.000000
       0.450000         0.000000
       0.550000         0.000000
       0.650000         0.000000
       0.750000         0.000000
       0.850000         0.000000
       0.950000         0.000000
       1.050000         0.000000
       1.150000         0.000000
       1.250000         0.000000
       1.350000         0.000000
       1.450000         0.000000
       1.550000         0.000000
       1.650000         0.000000
       1.750000         0.000000
       1.850000         0.000000
       1.950000         0.000000
       2.050000         0.001536
       2.150000         0.185230
       2.250000         1.479578
       2.350000         2.394605
       2.450000         1.632593
       2.550000         0.707764
       2.650000         0.259727
       2.750000         0.094915
       2.850000         0.039407
       2.950000         0.017491
       3.050000         0.010220
       3.150000         0.008492
       3.250000         0.007121
       3.350000         0.008918
       3.450000         0.012300
       3.550000         0.018764
       3.650000         0.027892
       3.750000         0.037340
       3.850000         0.048309
       3.950000         0.055412
       4.050000         0.060986
       4.150000         0.062450
       4.250000         0.062039
       4.350000         0.061711
       4.450000         0.061854
       4.550000         0.061341
       4.650000         0.066682
       4.750000         0.073269
       4.850000         0.078040
       4.950000         0.088912
       5.050000         0.098414
       5.150000         0.108147
       5.250000         0.112770
       5.350000         0.111346
       5.450000         0.104249
       5.550000         0.088713
       5.650000         0.074916
       5.750000         0.062519
       5.850000         0.053292
       5.950000         0.048684
       6.050000         0.046612
       6.150000         0.044997
       6.250000         0.047210
       6.350000         0.047892
       6.450000         0.051215
       6.550000         0.054645
       6.650000         0.058230
       6.750000         0.059323
       6.850000         0.055110
       6.950000         0.050090
       7.050000         0.047493
       7.150000         0.046364
       7.250000         0.047047
       7.350000         0.048121
       7.450000         0.049310
       7.550000         0.050519
       7.650000         0.052503
       7.750000         0.054441
       7.850000         0.057956
       7.950000         0.058834
       8.050000         0.061265
       8.150000         0.063885
       8.250000         0.065809
       8.350000         0.067356
       8.450000         0.070087
       8.550000         0.074685
       8.650000         0.078532
       8.750000         0.085147
       8.850000         0.091336
       8.950000         0.097192
       9.050000         0.100523
       9.150000         0.102599
       9.250000         0.100697
       9.350000         0.097151
       9.450000         0.092179
       9.550000         0.088307
       9.650000         0.086016
       9.750000         0.085850
       9.850000         0.086330
       9.950000         0.088372
      10.050000         0.089262
      10.150000         0.091636
      10.250000         0.091727
      10.350000         0.092581
      10.450000         0.092733
      10.550000         0.093187
      10.650000         0.094091
      10.750000         0.093561
      10.850000         0.092931
      10.950000         0.089890
      11.050000         0.087107
      11.150000         0.083907
      11.250000         0.080720
      11.350000         0.077680
      11.450000         0.075700
      11.550000         0.075069
      11.650000         0.072647
      11.750000         0.072674
      11.850000         0.072349
      11.950000         0.072388
      12.050000         0.071866
      12.150000         0.070664
      12.250000         0.069799
      12.350000         0.068622
      12.450000         0.066665
      12.550000         0.065569
      12.650000         0.064516
      12.750000         0.063347
      12.850000         0.062537
      12.950000         0.061681
      13.050000         0.060876
      13.150000         0.060313
      13.250000         0.059981
      13.350000         0.059579
      13.450000         0.058855
      13.550000         0.058909
      13.650000         0.058878
      13.750000         0.058275
      13.850000         0.058065
      13.950000         0.058233
      14.050000         0.058029
      14.150000         0.058481
      14.250000         0.058868
      14.350000         0.058703
      14.450000         0.058904
      14.550000         0.058530
      14.650000         0.057705
      14.750000         0.056692
      14.850000         0.055534
      14.950000         0.053815
      15.050000         0.052434
      15.150000         0.050731
      15.250000         0.049501
      15.350000         0.048479
      15.450000         0.047715
      15.550000         0.046932
      15.650000         0.046398
      15.750000         0.045934
      15.850000         0.045643
      15.950000         0.045602
      16.050000         0.045188
      16.150000         0.045008
      16.250000         0.044790
      16.350000         0.044593
      16.450000         0.044751
      16.550000         0.044277
      16.650000         0.044466
      16.750000         0.044990
      16.850000         0.044784
      16.950000         0.045057
      17.050000         0.045005
      17.150000         0.045229
      17.250000         0.045485
      17.350000         0.045467
      17.450000         0.045282
      17.550000         0.045191
      17.650000         0.045423
      17.750000         0.045000
      17.850000         0.045061
      17.950000         0.044681
      18.050000         0.044386
      18.150000         0.043920
      18.250000         0.043328
      18.350000         0.043235
      18.450000         0.042663
      18.550000         0.042436
      18.650000         0.042182
      18.750000         0.041747
      18.850000         0.041305
      18.950000         0.041415
      19.050000         0.041341
      19.150000         0.040726
      19.250000         0.040726
      19.350000         0.040348
      19.450000         0.040523
      19.550000         0.040621
      19.650000         0.040511
      19.750000         0.040224
      19.850000         0.040157
      19.950000         0.040273
      20.050000         0.039939
      20.150000         0.039920
      20.250000         0.039925
      20.350000         0.039662
      20.450000         0.039816
      20.550000         0.039586
      20.650000         0.039637
      20.750000         0.039425
      20.850000         0.039430
      20.950000         0.039090
      21.050000         0.039022
      21.150000         0.038932
      21.250000         0.038872
      21.350000         0.038530
      21.450000         0.038501
      21.550000         0.038140
      21.650000         0.038015
      21.750000         0.037872
      21.850000         0.037428
      21.950000         0.037387
      22.050000         0.037124
      22.150000         0.036706
      22.250000         0.036923
      22.350000         0.036717
      22.450000         0.036336
      22.550000         0.036236
      22.650000         0.036149
      22.750000         0.035896
      22.850000         0.035915
      22.950000         0.035536
      23.050000         0.035697
      23.150000         0.035358
      23.250000         0.035527
      23.350000         0.035276
      23.450000         0.035055
      23.550000         0.035089
      23.650000         0.034971
      23.750000         0.034861
      23.850000         0.034977
      23.950000         0.034669
      24.050000         0.034430
      24.150000         0.034341
      24.250000         0.034368
      24.350000         0.034403
      24.450000         0.034102
      24.550000         0.034020
      24.650000         0.034026
      24.750000         0.033811
      24.850000         0.033714
      24.950000         0.033629
      25.050000         0.033679
      25.150000         0.033416
      25.250000         0.033485
      25.350000         0.033253
      25.450000         0.033393
      25.550000         0.033265
      25.650000         0.032945
      25.750000         0.033056
      25.850000         0.033070
      25.950000         0.032795
      26.050000         0.032930
      26.150000         0.032737
      26.250000         0.032886
      26.350000         0.032735
      26.450000         0.032581
      26.550000         0.032377
      26.650000         0.032580
      26.750000         0.032603
      26.850000         0.032602
      26.950000         0.032433
      27.050000         0.032463
      27.150000         0.032566
      27.250000         0.032223
      27.350000         0.032319
      27.450000         0.032171
      27.550000         0.032153
      27.650000         0.032295
      27.750000         0.032090
      27.850000         0.032214
      27.950000         0.031985
      28.050000         0.031943
      28.150000         0.032121
      28.250000         0.032118
      28.350000         0.031961
      28.450000         0.031863
      28.550000         0.031953
      28.650000         0.032020
      28.750000         0.031915
      28.850000         0.031742
      28.950000         0.031759
      29.050000         0.031653
      29.150000         0.031654
      29.250000         0.031536
      29.350000         0.031590
      29.450000         0.031458
      29.550000         0.031532
      29.650000         0.031599
      29.750000         0.031524
      29.850000         0.031406
      29.950000         0.031405
