#Distance_(Ang) :1-10@O2_=>_:Na+
       0.050000         0.000000
       0.150000         0.000000
       0.250000         0.000000
       0.350000         0.000000
       0.450000         0.000000
       0.550000         0.000000
       0.650000         0.000000
       0.750000         0.000000
       0.850000         0.000000
       0.950000         0.000000
       1.050000         0.000000
       1.150000         0.000000
       1.250000         0.000000
       1.350000         0.000000
       1.450000         0.000000
       1.550000         0.000000
       1.650000         0.000000
       1.750000         0.000000
       1.850000         0.000000
       1.950000         0.000000
       2.050000         0.000388
       2.150000         0.061325
       2.250000         0.465131
       2.350000         0.744808
       2.450000         0.529477
       2.550000         0.261056
       2.650000         0.117231
       2.750000         0.051801
       2.850000         0.025028
       2.950000         0.013244
       3.050000         0.008903
       3.150000         0.005948
       3.250000         0.005325
       3.350000         0.005607
       3.450000         0.006123
       3.550000         0.007490
       3.650000         0.010365
       3.750000         0.014132
       3.850000         0.020194
       3.950000         0.027157
       4.050000         0.036209
       4.150000         0.045665
       4.250000         0.055429
       4.350000         0.063007
       4.450000         0.068012
       4.550000         0.072608
       4.650000         0.072980
       4.750000         0.075012
       4.850000         0.072859
       4.950000         0.069592
       5.050000         0.067266
       5.150000         0.063911
       5.250000         0.059618
       5.350000         0.058743
       5.450000         0.058518
       5.550000         0.058815
       5.650000         0.060112
       5.750000         0.060949
       5.850000         0.062894
       5.950000         0.063732
       6.050000         0.065072
       6.150000         0.065227
       6.250000         0.065803
       6.350000         0.066642
       6.450000         0.067684
       6.550000         0.068445
       6.650000         0.070365
       6.750000         0.068163
       6.850000         0.063429
       6.950000         0.060128
       7.050000         0.058467
       7.150000         0.058865
       7.250000         0.062926
       7.350000         0.066214
       7.450000         0.070614
       7.550000         0.074648
       7.650000         0.079760
       7.750000         0.083296
       7.850000         0.086704
       7.950000         0.089102
       8.050000         0.089911
       8.150000         0.089255
       8.250000         0.089579
       8.350000         0.088520
       8.450000         0.085437
       8.550000         0.081135
       8.650000         0.078091
       8.750000         0.075907
       8.850000         0.074680
       8.950000         0.073416
       9.050000         0.073397
       9.150000         0.073875
       9.250000         0.075646
       9.350000         0.076217
       9.450000         0.078516
       9.550000         0.079424
       9.650000         0.080593
       9.750000         0.080848
       9.850000         0.081146
       9.950000         0.080850
      10.050000         0.080554
      10.150000         0.079503
      10.250000         0.079993
      10.350000         0.079627
      10.450000         0.080250
      10.550000         0.080718
      10.650000         0.081416
      10.750000         0.081148
      10.850000         0.082311
      10.950000         0.082097
      11.050000         0.082213
      11.150000         0.081282
      11.250000         0.080272
      11.350000         0.079492
      11.450000         0.078042
      11.550000         0.075939
      11.650000         0.075820
      11.750000         0.074662
      11.850000         0.073007
      11.950000         0.072493
      12.050000         0.070853
      12.150000         0.070744
      12.250000         0.069617
      12.350000         0.068264
      12.450000         0.067172
      12.550000         0.067166
      12.650000         0.065915
      12.750000         0.064897
      12.850000         0.064220
      12.950000         0.063816
      13.050000         0.062861
      13.150000         0.062633
      13.250000         0.061848
      13.350000         0.060828
      13.450000         0.060831
      13.550000         0.059901
      13.650000         0.060052
      13.750000         0.059908
      13.850000         0.059655
      13.950000         0.059590
      14.050000         0.059698
      14.150000         0.059314
      14.250000         0.058765
      14.350000         0.058020
      14.450000         0.057931
      14.550000         0.057001
      14.650000         0.056433
      14.750000         0.055990
      14.850000         0.055016
      14.950000         0.054815
      15.050000         0.054027
      15.150000         0.053604
      15.250000         0.052804
      15.350000         0.051870
      15.450000         0.051673
      15.550000         0.051362
      15.650000         0.050850
      15.750000         0.050437
      15.850000         0.049820
      15.950000         0.049634
      16.050000         0.049206
      16.150000         0.048676
      16.250000         0.048141
      16.350000         0.047985
      16.450000         0.047690
      16.550000         0.047181
      16.650000         0.046901
      16.750000         0.046224
      16.850000         0.046142
      16.950000         0.045451
      17.050000         0.045141
      17.150000         0.045018
      17.250000         0.044464
      17.350000         0.044428
      17.450000         0.044064
      17.550000         0.043858
      17.650000         0.043441
      17.750000         0.043245
      17.850000         0.043243
      17.950000         0.043078
      18.050000         0.042722
      18.150000         0.042716
      18.250000         0.042292
      18.350000         0.042216
      18.450000         0.042339
      18.550000         0.042302
      18.650000         0.041761
      18.750000         0.041443
      18.850000         0.041530
      18.950000         0.041087
      19.050000         0.041077
      19.150000         0.041033
      19.250000         0.040559
      19.350000         0.040540
      19.450000         0.040101
      19.550000         0.039673
      19.650000         0.039486
      19.750000         0.039301
      19.850000         0.039259
      19.950000         0.038760
      20.050000         0.038713
      20.150000         0.038568
      20.250000         0.038002
      20.350000         0.038080
      20.450000         0.037782
      20.550000         0.037287
      20.650000         0.037506
      20.750000         0.037080
      20.850000         0.036940
      20.950000         0.036874
      21.050000         0.036470
      21.150000         0.036302
      21.250000         0.036328
      21.350000         0.035901
      21.450000         0.035964
      21.550000         0.035634
      21.650000         0.035313
      21.750000         0.035190
      21.850000         0.035221
      21.950000         0.035061
      22.050000         0.034862
      22.150000         0.034700
      22.250000         0.034609
      22.350000         0.034303
      22.450000         0.034327
      22.550000         0.034189
      22.650000         0.034071
      22.750000         0.033963
      22.850000         0.034008
      22.950000         0.033933
      23.050000         0.033651
      23.150000         0.033597
      23.250000         0.033599
      23.350000         0.033572
      23.450000         0.033465
      23.550000         0.033033
      23.650000         0.033151
      23.750000         0.033080
      23.850000         0.033134
      23.950000         0.033050
      24.050000         0.032825
      24.150000         0.032901
      24.250000         0.032733
      24.350000         0.032813
      24.450000         0.032506
      24.550000         0.032606
      24.650000         0.032682
      24.750000         0.032467
      24.850000         0.032625
      24.950000         0.032359
      25.050000         0.032201
      25.150000         0.032235
      25.250000         0.032383
      25.350000         0.032043
      25.450000         0.032145
      25.550000         0.032046
      25.650000         0.032056
      25.750000         0.032009
      25.850000         0.031889
      25.950000         0.031940
      26.050000         0.031747
      26.150000         0.031692
      26.250000         0.031586
      26.350000         0.031667
      26.450000         0.031753
      26.550000         0.031686
      26.650000         0.031641
      26.750000         0.031642
      26.850000         0.031596
      26.950000         0.031497
      27.050000         0.031602
      27.150000         0.031563
      27.250000         0.031448
      27.350000         0.031426
      27.450000         0.031284
      27.550000         0.031373
      27.650000         0.031305
      27.750000         0.031362
      27.850000         0.031210
      27.950000         0.031145
      28.050000         0.031417
      28.150000         0.031137
      28.250000         0.031302
      28.350000         0.031155
      28.450000         0.031267
      28.550000         0.031249
      28.650000         0.031191
      28.750000         0.031245
      28.850000         0.031223
      28.950000         0.031026
      29.050000         0.030987
      29.150000         0.031082
      29.250000         0.031066
      29.350000         0.030953
      29.450000         0.031022
      29.550000         0.031006
      29.650000         0.031049
      29.750000         0.030907
      29.850000         0.031025
      29.950000         0.030871
