#Distance_(Ang) :1-10@O2_=>_:Na+
       0.050000         0.000000
       0.150000         0.000000
       0.250000         0.000000
       0.350000         0.000000
       0.450000         0.000000
       0.550000         0.000000
       0.650000         0.000000
       0.750000         0.000000
       0.850000         0.000000
       0.950000         0.000000
       1.050000         0.000000
       1.150000         0.000000
       1.250000         0.000000
       1.350000         0.000000
       1.450000         0.000000
       1.550000         0.000000
       1.650000         0.000000
       1.750000         0.000000
       1.850000         0.000000
       1.950000         0.000000
       2.050000         0.000289
       2.150000         0.054976
       2.250000         0.453787
       2.350000         0.817175
       2.450000         0.657370
       2.550000         0.359759
       2.650000         0.179223
       2.750000         0.088815
       2.850000         0.046994
       2.950000         0.027662
       3.050000         0.018509
       3.150000         0.014387
       3.250000         0.012031
       3.350000         0.011316
       3.450000         0.011145
       3.550000         0.013483
       3.650000         0.015297
       3.750000         0.020097
       3.850000         0.026342
       3.950000         0.034792
       4.050000         0.046639
       4.150000         0.059683
       4.250000         0.071860
       4.350000         0.084051
       4.450000         0.095380
       4.550000         0.104526
       4.650000         0.107781
       4.750000         0.109217
       4.850000         0.106698
       4.950000         0.104707
       5.050000         0.099165
       5.150000         0.094117
       5.250000         0.092405
       5.350000         0.094110
       5.450000         0.096559
       5.550000         0.100249
       5.650000         0.099890
       5.750000         0.097950
       5.850000         0.093569
       5.950000         0.087712
       6.050000         0.084428
       6.150000         0.085016
       6.250000         0.086518
       6.350000         0.090647
       6.450000         0.094670
       6.550000         0.097806
       6.650000         0.098029
       6.750000         0.093505
       6.850000         0.085525
       6.950000         0.077379
       7.050000         0.074861
       7.150000         0.073509
       7.250000         0.075073
       7.350000         0.076646
       7.450000         0.077210
       7.550000         0.080062
       7.650000         0.081866
       7.750000         0.082995
       7.850000         0.085253
       7.950000         0.086169
       8.050000         0.089054
       8.150000         0.091284
       8.250000         0.092087
       8.350000         0.093051
       8.450000         0.093495
       8.550000         0.093480
       8.650000         0.092806
       8.750000         0.091371
       8.850000         0.090085
       8.950000         0.089440
       9.050000         0.088644
       9.150000         0.087672
       9.250000         0.087001
       9.350000         0.086528
       9.450000         0.086731
       9.550000         0.087504
       9.650000         0.088329
       9.750000         0.089384
       9.850000         0.090368
       9.950000         0.090843
      10.050000         0.090979
      10.150000         0.089805
      10.250000         0.088617
      10.350000         0.086129
      10.450000         0.083325
      10.550000         0.080211
      10.650000         0.078399
      10.750000         0.076571
      10.850000         0.075233
      10.950000         0.074287
      11.050000         0.073811
      11.150000         0.073183
      11.250000         0.073082
      11.350000         0.072361
      11.450000         0.071222
      11.550000         0.070436
      11.650000         0.070128
      11.750000         0.069099
      11.850000         0.068604
      11.950000         0.068123
      12.050000         0.067818
      12.150000         0.067035
      12.250000         0.066489
      12.350000         0.066115
      12.450000         0.065478
      12.550000         0.064726
      12.650000         0.064124
      12.750000         0.063398
      12.850000         0.062371
      12.950000         0.061974
      13.050000         0.061288
      13.150000         0.060623
      13.250000         0.059684
      13.350000         0.059149
      13.450000         0.058218
      13.550000         0.057632
      13.650000         0.057180
      13.750000         0.056481
      13.850000         0.056201
      13.950000         0.055661
      14.050000         0.055481
      14.150000         0.054719
      14.250000         0.054730
      14.350000         0.053775
      14.450000         0.053695
      14.550000         0.053104
      14.650000         0.052798
      14.750000         0.053007
      14.850000         0.052162
      14.950000         0.051749
      15.050000         0.051642
      15.150000         0.051401
      15.250000         0.050715
      15.350000         0.050525
      15.450000         0.050326
      15.550000         0.049920
      15.650000         0.049436
      15.750000         0.048936
      15.850000         0.048772
      15.950000         0.048166
      16.050000         0.048047
      16.150000         0.047501
      16.250000         0.047157
      16.350000         0.046895
      16.450000         0.046486
      16.550000         0.046184
      16.650000         0.046111
      16.750000         0.045875
      16.850000         0.045378
      16.950000         0.044832
      17.050000         0.044729
      17.150000         0.044655
      17.250000         0.044265
      17.350000         0.043997
      17.450000         0.043691
      17.550000         0.043627
      17.650000         0.043281
      17.750000         0.043206
      17.850000         0.042864
      17.950000         0.042473
      18.050000         0.042505
      18.150000         0.042434
      18.250000         0.042040
      18.350000         0.041887
      18.450000         0.041624
      18.550000         0.041538
      18.650000         0.041108
      18.750000         0.040962
      18.850000         0.040810
      18.950000         0.040395
      19.050000         0.040326
      19.150000         0.040019
      19.250000         0.039921
      19.350000         0.039805
      19.450000         0.039526
      19.550000         0.039448
      19.650000         0.039239
      19.750000         0.039211
      19.850000         0.038837
      19.950000         0.038612
      20.050000         0.038550
      20.150000         0.038484
      20.250000         0.038055
      20.350000         0.037963
      20.450000         0.037799
      20.550000         0.037617
      20.650000         0.037672
      20.750000         0.037561
      20.850000         0.037173
      20.950000         0.037124
      21.050000         0.037083
      21.150000         0.036753
      21.250000         0.036632
      21.350000         0.036502
      21.450000         0.036474
      21.550000         0.036150
      21.650000         0.036097
      21.750000         0.035969
      21.850000         0.035817
      21.950000         0.035625
      22.050000         0.035566
      22.150000         0.035378
      22.250000         0.035214
      22.350000         0.035230
      22.450000         0.034992
      22.550000         0.034874
      22.650000         0.034673
      22.750000         0.034605
      22.850000         0.034516
      22.950000         0.034534
      23.050000         0.034406
      23.150000         0.034275
      23.250000         0.034302
      23.350000         0.034114
      23.450000         0.034038
      23.550000         0.034080
      23.650000         0.033941
      23.750000         0.033876
      23.850000         0.033810
      23.950000         0.033734
      24.050000         0.033709
      24.150000         0.033573
      24.250000         0.033520
      24.350000         0.033406
      24.450000         0.033322
      24.550000         0.033349
      24.650000         0.033106
      24.750000         0.033119
      24.850000         0.033128
      24.950000         0.032987
      25.050000         0.032993
      25.150000         0.032961
      25.250000         0.032936
      25.350000         0.032752
      25.450000         0.032783
      25.550000         0.032549
      25.650000         0.032656
      25.750000         0.032518
      25.850000         0.032522
      25.950000         0.032387
      26.050000         0.032404
      26.150000         0.032432
      26.250000         0.032404
      26.350000         0.032285
      26.450000         0.032270
      26.550000         0.032213
      26.650000         0.032164
      26.750000         0.032222
      26.850000         0.032041
      26.950000         0.032048
      27.050000         0.031983
      27.150000         0.031880
      27.250000         0.031883
      27.350000         0.031827
      27.450000         0.031920
      27.550000         0.031705
      27.650000         0.031774
      27.750000         0.031686
      27.850000         0.031668
      27.950000         0.031600
      28.050000         0.031657
      28.150000         0.031609
      28.250000         0.031486
      28.350000         0.031500
      28.450000         0.031430
      28.550000         0.031464
      28.650000         0.031479
      28.750000         0.031345
      28.850000         0.031289
      28.950000         0.031311
      29.050000         0.031287
      29.150000         0.031308
      29.250000         0.031160
      29.350000         0.031170
      29.450000         0.031073
      29.550000         0.031059
      29.650000         0.031123
      29.750000         0.030923
      29.850000         0.030890
      29.950000         0.031006
