#Distance_(Ang) :1-10@N3_=>_:Na+
       0.050000         0.000000
       0.150000         0.000000
       0.250000         0.000000
       0.350000         0.000000
       0.450000         0.000000
       0.550000         0.000000
       0.650000         0.000000
       0.750000         0.000000
       0.850000         0.000000
       0.950000         0.000000
       1.050000         0.000000
       1.150000         0.000000
       1.250000         0.000000
       1.350000         0.000000
       1.450000         0.000000
       1.550000         0.000000
       1.650000         0.000000
       1.750000         0.000000
       1.850000         0.000000
       1.950000         0.000000
       2.050000         0.000000
       2.150000         0.000000
       2.250000         0.000128
       2.350000         0.002499
       2.450000         0.006413
       2.550000         0.007583
       2.650000         0.005976
       2.750000         0.004205
       2.850000         0.002713
       2.950000         0.001799
       3.050000         0.001536
       3.150000         0.001741
       3.250000         0.003408
       3.350000         0.007149
       3.450000         0.013250
       3.550000         0.021429
       3.650000         0.029661
       3.750000         0.038505
       3.850000         0.050068
       3.950000         0.077402
       4.050000         0.133403
       4.150000         0.235339
       4.250000         0.352907
       4.350000         0.423715
       4.450000         0.410217
       4.550000         0.336786
       4.650000         0.251569
       4.750000         0.189082
       4.850000         0.150635
       4.950000         0.130453
       5.050000         0.125683
       5.150000         0.133789
       5.250000         0.144563
       5.350000         0.153498
       5.450000         0.151965
       5.550000         0.143321
       5.650000         0.137190
       5.750000         0.145276
       5.850000         0.167951
       5.950000         0.172957
       6.050000         0.145416
       6.150000         0.108364
       6.250000         0.080976
       6.350000         0.067074
       6.450000         0.062529
       6.550000         0.061809
       6.650000         0.063933
       6.750000         0.064074
       6.850000         0.065554
       6.950000         0.065202
       7.050000         0.065353
       7.150000         0.064477
       7.250000         0.063840
       7.350000         0.063393
       7.450000         0.064543
       7.550000         0.066200
       7.650000         0.068490
       7.750000         0.070608
       7.850000         0.073086
       7.950000         0.074639
       8.050000         0.078335
       8.150000         0.081069
       8.250000         0.086277
       8.350000         0.092155
       8.450000         0.098563
       8.550000         0.104087
       8.650000         0.110241
       8.750000         0.114352
       8.850000         0.117564
       8.950000         0.118223
       9.050000         0.118287
       9.150000         0.116050
       9.250000         0.112188
       9.350000         0.107650
       9.450000         0.102552
       9.550000         0.097811
       9.650000         0.094043
       9.750000         0.090954
       9.850000         0.088636
       9.950000         0.086966
      10.050000         0.085101
      10.150000         0.083237
      10.250000         0.081119
      10.350000         0.079132
      10.450000         0.077850
      10.550000         0.076326
      10.650000         0.074973
      10.750000         0.074870
      10.850000         0.074148
      10.950000         0.074469
      11.050000         0.075355
      11.150000         0.075530
      11.250000         0.075990
      11.350000         0.076272
      11.450000         0.076283
      11.550000         0.075122
      11.650000         0.073325
      11.750000         0.072184
      11.850000         0.070429
      11.950000         0.069704
      12.050000         0.068656
      12.150000         0.067956
      12.250000         0.067368
      12.350000         0.066287
      12.450000         0.065485
      12.550000         0.064366
      12.650000         0.063665
      12.750000         0.062557
      12.850000         0.061505
      12.950000         0.060902
      13.050000         0.060486
      13.150000         0.059833
      13.250000         0.059292
      13.350000         0.058391
      13.450000         0.057724
      13.550000         0.057760
      13.650000         0.057646
      13.750000         0.058071
      13.850000         0.058425
      13.950000         0.058733
      14.050000         0.058960
      14.150000         0.059275
      14.250000         0.059251
      14.350000         0.059241
      14.450000         0.059278
      14.550000         0.058622
      14.650000         0.058075
      14.750000         0.057668
      14.850000         0.056723
      14.950000         0.055497
      15.050000         0.054683
      15.150000         0.053898
      15.250000         0.052900
      15.350000         0.051826
      15.450000         0.051171
      15.550000         0.050712
      15.650000         0.049912
      15.750000         0.049132
      15.850000         0.048848
      15.950000         0.048334
      16.050000         0.048178
      16.150000         0.047995
      16.250000         0.047672
      16.350000         0.047353
      16.450000         0.046805
      16.550000         0.046447
      16.650000         0.046122
      16.750000         0.045818
      16.850000         0.045650
      16.950000         0.045021
      17.050000         0.044618
      17.150000         0.044377
      17.250000         0.044194
      17.350000         0.043800
      17.450000         0.043414
      17.550000         0.043449
      17.650000         0.043281
      17.750000         0.042876
      17.850000         0.042544
      17.950000         0.042763
      18.050000         0.042469
      18.150000         0.042229
      18.250000         0.042214
      18.350000         0.041805
      18.450000         0.041707
      18.550000         0.041650
      18.650000         0.041427
      18.750000         0.041200
      18.850000         0.040962
      18.950000         0.040984
      19.050000         0.040703
      19.150000         0.040372
      19.250000         0.040365
      19.350000         0.040022
      19.450000         0.040063
      19.550000         0.039753
      19.650000         0.039530
      19.750000         0.039483
      19.850000         0.039216
      19.950000         0.039001
      20.050000         0.038856
      20.150000         0.038816
      20.250000         0.038532
      20.350000         0.038514
      20.450000         0.038494
      20.550000         0.038192
      20.650000         0.038276
      20.750000         0.038173
      20.850000         0.037923
      20.950000         0.037779
      21.050000         0.037969
      21.150000         0.037769
      21.250000         0.037595
      21.350000         0.037497
      21.450000         0.037481
      21.550000         0.037049
      21.650000         0.037059
      21.750000         0.036903
      21.850000         0.036677
      21.950000         0.036553
      22.050000         0.036372
      22.150000         0.036327
      22.250000         0.036150
      22.350000         0.035862
      22.450000         0.035781
      22.550000         0.035821
      22.650000         0.035514
      22.750000         0.035333
      22.850000         0.035285
      22.950000         0.035191
      23.050000         0.035110
      23.150000         0.034928
      23.250000         0.034820
      23.350000         0.034759
      23.450000         0.034549
      23.550000         0.034613
      23.650000         0.034412
      23.750000         0.034206
      23.850000         0.034015
      23.950000         0.034044
      24.050000         0.033985
      24.150000         0.033937
      24.250000         0.033859
      24.350000         0.033768
      24.450000         0.033597
      24.550000         0.033563
      24.650000         0.033457
      24.750000         0.033400
      24.850000         0.033246
      24.950000         0.033272
      25.050000         0.033299
      25.150000         0.033148
      25.250000         0.033007
      25.350000         0.033083
      25.450000         0.032869
      25.550000         0.032994
      25.650000         0.032903
      25.750000         0.032825
      25.850000         0.032793
      25.950000         0.032768
      26.050000         0.032681
      26.150000         0.032570
      26.250000         0.032604
      26.350000         0.032523
      26.450000         0.032406
      26.550000         0.032331
      26.650000         0.032231
      26.750000         0.032298
      26.850000         0.032337
      26.950000         0.032192
      27.050000         0.032115
      27.150000         0.032014
      27.250000         0.032063
      27.350000         0.032049
      27.450000         0.031979
      27.550000         0.031882
      27.650000         0.031778
      27.750000         0.031866
      27.850000         0.031786
      27.950000         0.031885
      28.050000         0.031755
      28.150000         0.031698
      28.250000         0.031679
      28.350000         0.031686
      28.450000         0.031688
      28.550000         0.031693
      28.650000         0.031746
      28.750000         0.031507
      28.850000         0.031524
      28.950000         0.031590
      29.050000         0.031606
      29.150000         0.031404
      29.250000         0.031378
      29.350000         0.031349
      29.450000         0.031330
      29.550000         0.031243
      29.650000         0.031315
      29.750000         0.031169
      29.850000         0.031108
      29.950000         0.031062
