#Distance_(Ang) :1-10@N3_=>_:Na+
       0.050000         0.000000
       0.150000         0.000000
       0.250000         0.000000
       0.350000         0.000000
       0.450000         0.000000
       0.550000         0.000000
       0.650000         0.000000
       0.750000         0.000000
       0.850000         0.000000
       0.950000         0.000000
       1.050000         0.000000
       1.150000         0.000000
       1.250000         0.000000
       1.350000         0.000000
       1.450000         0.000000
       1.550000         0.000000
       1.650000         0.000000
       1.750000         0.000000
       1.850000         0.000000
       1.950000         0.000000
       2.050000         0.000000
       2.150000         0.000177
       2.250000         0.012412
       2.350000         0.094135
       2.450000         0.178172
       2.550000         0.155915
       2.650000         0.098280
       2.750000         0.052893
       2.850000         0.028361
       2.950000         0.017813
       3.050000         0.013300
       3.150000         0.010673
       3.250000         0.010035
       3.350000         0.010974
       3.450000         0.012997
       3.550000         0.016321
       3.650000         0.021469
       3.750000         0.025994
       3.850000         0.031795
       3.950000         0.036208
       4.050000         0.043694
       4.150000         0.052509
       4.250000         0.064780
       4.350000         0.072758
       4.450000         0.073483
       4.550000         0.071662
       4.650000         0.070684
       4.750000         0.072673
       4.850000         0.076218
       4.950000         0.075698
       5.050000         0.074322
       5.150000         0.073390
       5.250000         0.077072
       5.350000         0.092215
       5.450000         0.105863
       5.550000         0.110700
       5.650000         0.111716
       5.750000         0.115942
       5.850000         0.120305
       5.950000         0.120714
       6.050000         0.113941
       6.150000         0.105488
       6.250000         0.098060
       6.350000         0.090482
       6.450000         0.081130
       6.550000         0.076523
       6.650000         0.074514
       6.750000         0.076107
       6.850000         0.078466
       6.950000         0.082260
       7.050000         0.085158
       7.150000         0.087883
       7.250000         0.089724
       7.350000         0.090513
       7.450000         0.090047
       7.550000         0.089040
       7.650000         0.087613
       7.750000         0.086742
       7.850000         0.085439
       7.950000         0.085140
       8.050000         0.083849
       8.150000         0.082554
       8.250000         0.082091
       8.350000         0.080568
       8.450000         0.080111
       8.550000         0.079895
       8.650000         0.078889
       8.750000         0.078278
       8.850000         0.077539
       8.950000         0.076962
       9.050000         0.077055
       9.150000         0.076474
       9.250000         0.076693
       9.350000         0.075948
       9.450000         0.076703
       9.550000         0.076754
       9.650000         0.076569
       9.750000         0.076438
       9.850000         0.077466
       9.950000         0.077945
      10.050000         0.078164
      10.150000         0.078581
      10.250000         0.078700
      10.350000         0.078885
      10.450000         0.079047
      10.550000         0.079100
      10.650000         0.077877
      10.750000         0.076977
      10.850000         0.075682
      10.950000         0.074667
      11.050000         0.073500
      11.150000         0.072276
      11.250000         0.071825
      11.350000         0.070627
      11.450000         0.069929
      11.550000         0.069015
      11.650000         0.068645
      11.750000         0.067839
      11.850000         0.067450
      11.950000         0.066875
      12.050000         0.066552
      12.150000         0.066036
      12.250000         0.065824
      12.350000         0.064968
      12.450000         0.064814
      12.550000         0.064401
      12.650000         0.063646
      12.750000         0.063292
      12.850000         0.062596
      12.950000         0.062502
      13.050000         0.061983
      13.150000         0.061392
      13.250000         0.061347
      13.350000         0.060568
      13.450000         0.060228
      13.550000         0.059963
      13.650000         0.059331
      13.750000         0.059064
      13.850000         0.058565
      13.950000         0.058018
      14.050000         0.057515
      14.150000         0.057429
      14.250000         0.056942
      14.350000         0.056174
      14.450000         0.055955
      14.550000         0.055090
      14.650000         0.054438
      14.750000         0.054402
      14.850000         0.053743
      14.950000         0.053320
      15.050000         0.053065
      15.150000         0.052453
      15.250000         0.052289
      15.350000         0.051545
      15.450000         0.051404
      15.550000         0.050992
      15.650000         0.050680
      15.750000         0.050287
      15.850000         0.049927
      15.950000         0.049910
      16.050000         0.049405
      16.150000         0.049103
      16.250000         0.048739
      16.350000         0.048269
      16.450000         0.048239
      16.550000         0.047725
      16.650000         0.047334
      16.750000         0.047073
      16.850000         0.046888
      16.950000         0.046262
      17.050000         0.046050
      17.150000         0.045799
      17.250000         0.045542
      17.350000         0.045105
      17.450000         0.045099
      17.550000         0.044982
      17.650000         0.044553
      17.750000         0.044302
      17.850000         0.044185
      17.950000         0.043887
      18.050000         0.043513
      18.150000         0.043245
      18.250000         0.042991
      18.350000         0.042803
      18.450000         0.042698
      18.550000         0.042424
      18.650000         0.042023
      18.750000         0.041945
      18.850000         0.041398
      18.950000         0.041427
      19.050000         0.040948
      19.150000         0.040590
      19.250000         0.040559
      19.350000         0.040363
      19.450000         0.040135
      19.550000         0.039803
      19.650000         0.039648
      19.750000         0.039615
      19.850000         0.039428
      19.950000         0.039057
      20.050000         0.039111
      20.150000         0.038676
      20.250000         0.038529
      20.350000         0.038342
      20.450000         0.038186
      20.550000         0.038039
      20.650000         0.037677
      20.750000         0.037794
      20.850000         0.037509
      20.950000         0.037353
      21.050000         0.037288
      21.150000         0.036991
      21.250000         0.036764
      21.350000         0.036635
      21.450000         0.036510
      21.550000         0.036349
      21.650000         0.036219
      21.750000         0.035859
      21.850000         0.035767
      21.950000         0.035744
      22.050000         0.035635
      22.150000         0.035608
      22.250000         0.035314
      22.350000         0.035292
      22.450000         0.035374
      22.550000         0.035186
      22.650000         0.034997
      22.750000         0.034831
      22.850000         0.034912
      22.950000         0.034739
      23.050000         0.034636
      23.150000         0.034553
      23.250000         0.034493
      23.350000         0.034367
      23.450000         0.034357
      23.550000         0.034122
      23.650000         0.033940
      23.750000         0.033997
      23.850000         0.033695
      23.950000         0.033706
      24.050000         0.033760
      24.150000         0.033646
      24.250000         0.033545
      24.350000         0.033533
      24.450000         0.033383
      24.550000         0.033275
      24.650000         0.033292
      24.750000         0.033051
      24.850000         0.033209
      24.950000         0.033009
      25.050000         0.033042
      25.150000         0.032864
      25.250000         0.032832
      25.350000         0.032841
      25.450000         0.032684
      25.550000         0.032728
      25.650000         0.032640
      25.750000         0.032494
      25.850000         0.032463
      25.950000         0.032455
      26.050000         0.032391
      26.150000         0.032286
      26.250000         0.032439
      26.350000         0.032240
      26.450000         0.032184
      26.550000         0.031993
      26.650000         0.032075
      26.750000         0.032124
      26.850000         0.032113
      26.950000         0.032030
      27.050000         0.031881
      27.150000         0.032041
      27.250000         0.031931
      27.350000         0.031911
      27.450000         0.031868
      27.550000         0.031810
      27.650000         0.031710
      27.750000         0.031839
      27.850000         0.031701
      27.950000         0.031693
      28.050000         0.031678
      28.150000         0.031541
      28.250000         0.031469
      28.350000         0.031520
      28.450000         0.031527
      28.550000         0.031589
      28.650000         0.031433
      28.750000         0.031366
      28.850000         0.031539
      28.950000         0.031403
      29.050000         0.031322
      29.150000         0.031334
      29.250000         0.031274
      29.350000         0.031207
      29.450000         0.031298
      29.550000         0.031302
      29.650000         0.031232
      29.750000         0.031218
      29.850000         0.031234
      29.950000         0.031211
