#Distance_(Ang) :1-10@O2_=>_:Na+
       0.050000         0.000000
       0.150000         0.000000
       0.250000         0.000000
       0.350000         0.000000
       0.450000         0.000000
       0.550000         0.000000
       0.650000         0.000000
       0.750000         0.000000
       0.850000         0.000000
       0.950000         0.000000
       1.050000         0.000000
       1.150000         0.000000
       1.250000         0.000000
       1.350000         0.000000
       1.450000         0.000000
       1.550000         0.000000
       1.650000         0.000000
       1.750000         0.000000
       1.850000         0.000000
       1.950000         0.000000
       2.050000         0.001291
       2.150000         0.170996
       2.250000         1.082435
       2.350000         1.562126
       2.450000         1.153273
       2.550000         0.730765
       2.650000         0.498213
       2.750000         0.370825
       2.850000         0.275251
       2.950000         0.195608
       3.050000         0.133185
       3.150000         0.085411
       3.250000         0.053114
       3.350000         0.034737
       3.450000         0.023875
       3.550000         0.019632
       3.650000         0.017263
       3.750000         0.019360
       3.850000         0.024070
       3.950000         0.031257
       4.050000         0.039222
       4.150000         0.047921
       4.250000         0.057570
       4.350000         0.065917
       4.450000         0.070907
       4.550000         0.074108
       4.650000         0.075963
       4.750000         0.075211
       4.850000         0.071701
       4.950000         0.067995
       5.050000         0.062288
       5.150000         0.057682
       5.250000         0.054673
       5.350000         0.051353
       5.450000         0.049848
       5.550000         0.048172
       5.650000         0.046382
       5.750000         0.044596
       5.850000         0.043394
       5.950000         0.042018
       6.050000         0.042008
       6.150000         0.041856
       6.250000         0.043203
       6.350000         0.044522
       6.450000         0.047702
       6.550000         0.051512
       6.650000         0.056548
       6.750000         0.063136
       6.850000         0.070838
       6.950000         0.078853
       7.050000         0.086475
       7.150000         0.091044
       7.250000         0.092376
       7.350000         0.091604
       7.450000         0.089645
       7.550000         0.085784
       7.650000         0.082469
       7.750000         0.081742
       7.850000         0.082653
       7.950000         0.085551
       8.050000         0.088917
       8.150000         0.093406
       8.250000         0.096680
       8.350000         0.100552
       8.450000         0.104934
       8.550000         0.109063
       8.650000         0.112929
       8.750000         0.118376
       8.850000         0.122089
       8.950000         0.126770
       9.050000         0.129442
       9.150000         0.129873
       9.250000         0.127388
       9.350000         0.121680
       9.450000         0.114636
       9.550000         0.107899
       9.650000         0.102572
       9.750000         0.102102
       9.850000         0.105823
       9.950000         0.109846
      10.050000         0.113263
      10.150000         0.112968
      10.250000         0.110089
      10.350000         0.104539
      10.450000         0.099544
      10.550000         0.094259
      10.650000         0.090137
      10.750000         0.084866
      10.850000         0.079505
      10.950000         0.074429
      11.050000         0.070632
      11.150000         0.068290
      11.250000         0.067254
      11.350000         0.066311
      11.450000         0.067148
      11.550000         0.067646
      11.650000         0.068058
      11.750000         0.068997
      11.850000         0.070827
      11.950000         0.072216
      12.050000         0.073077
      12.150000         0.074814
      12.250000         0.075153
      12.350000         0.074898
      12.450000         0.073906
      12.550000         0.073587
      12.650000         0.071796
      12.750000         0.069443
      12.850000         0.067261
      12.950000         0.064422
      13.050000         0.062086
      13.150000         0.060355
      13.250000         0.058711
      13.350000         0.057561
      13.450000         0.056533
      13.550000         0.055748
      13.650000         0.054842
      13.750000         0.054455
      13.850000         0.053795
      13.950000         0.053017
      14.050000         0.052602
      14.150000         0.052384
      14.250000         0.051826
      14.350000         0.051950
      14.450000         0.051260
      14.550000         0.051088
      14.650000         0.050731
      14.750000         0.050504
      14.850000         0.050335
      14.950000         0.049762
      15.050000         0.049506
      15.150000         0.049212
      15.250000         0.048955
      15.350000         0.048508
      15.450000         0.048354
      15.550000         0.048088
      15.650000         0.047787
      15.750000         0.047446
      15.850000         0.047300
      15.950000         0.047361
      16.050000         0.047055
      16.150000         0.046833
      16.250000         0.046656
      16.350000         0.046560
      16.450000         0.046538
      16.550000         0.046052
      16.650000         0.045918
      16.750000         0.045879
      16.850000         0.045400
      16.950000         0.044854
      17.050000         0.044880
      17.150000         0.044494
      17.250000         0.043991
      17.350000         0.044107
      17.450000         0.043771
      17.550000         0.043652
      17.650000         0.043392
      17.750000         0.043232
      17.850000         0.042992
      17.950000         0.042988
      18.050000         0.042703
      18.150000         0.042435
      18.250000         0.042390
      18.350000         0.041957
      18.450000         0.041730
      18.550000         0.041215
      18.650000         0.040913
      18.750000         0.040890
      18.850000         0.040514
      18.950000         0.040295
      19.050000         0.040023
      19.150000         0.039597
      19.250000         0.039783
      19.350000         0.039496
      19.450000         0.039430
      19.550000         0.038960
      19.650000         0.039026
      19.750000         0.038916
      19.850000         0.038638
      19.950000         0.038400
      20.050000         0.038251
      20.150000         0.038202
      20.250000         0.038074
      20.350000         0.037953
      20.450000         0.037668
      20.550000         0.037518
      20.650000         0.037769
      20.750000         0.037328
      20.850000         0.037093
      20.950000         0.037073
      21.050000         0.036934
      21.150000         0.036883
      21.250000         0.036603
      21.350000         0.036716
      21.450000         0.036524
      21.550000         0.036503
      21.650000         0.036275
      21.750000         0.036272
      21.850000         0.036271
      21.950000         0.036125
      22.050000         0.036110
      22.150000         0.036182
      22.250000         0.035932
      22.350000         0.035966
      22.450000         0.035859
      22.550000         0.035770
      22.650000         0.035671
      22.750000         0.035666
      22.850000         0.035320
      22.950000         0.035429
      23.050000         0.035413
      23.150000         0.035210
      23.250000         0.035044
      23.350000         0.035019
      23.450000         0.034922
      23.550000         0.034842
      23.650000         0.034799
      23.750000         0.034580
      23.850000         0.034650
      23.950000         0.034579
      24.050000         0.034350
      24.150000         0.034217
      24.250000         0.034319
      24.350000         0.034245
      24.450000         0.034050
      24.550000         0.034111
      24.650000         0.033966
      24.750000         0.033960
      24.850000         0.033941
      24.950000         0.033710
      25.050000         0.033742
      25.150000         0.033650
      25.250000         0.033657
      25.350000         0.033454
      25.450000         0.033514
      25.550000         0.033459
      25.650000         0.033354
      25.750000         0.033343
      25.850000         0.033276
      25.950000         0.033142
      26.050000         0.033093
      26.150000         0.033014
      26.250000         0.032957
      26.350000         0.032977
      26.450000         0.032928
      26.550000         0.032868
      26.650000         0.032788
      26.750000         0.032822
      26.850000         0.032614
      26.950000         0.032656
      27.050000         0.032589
      27.150000         0.032559
      27.250000         0.032460
      27.350000         0.032502
      27.450000         0.032428
      27.550000         0.032482
      27.650000         0.032274
      27.750000         0.032341
      27.850000         0.032278
      27.950000         0.032242
      28.050000         0.032096
      28.150000         0.032210
      28.250000         0.032153
      28.350000         0.032114
      28.450000         0.032007
      28.550000         0.032135
      28.650000         0.032036
      28.750000         0.031842
      28.850000         0.031902
      28.950000         0.031883
      29.050000         0.031880
      29.150000         0.031827
      29.250000         0.031845
      29.350000         0.031650
      29.450000         0.031698
      29.550000         0.031815
      29.650000         0.031634
      29.750000         0.031608
      29.850000         0.031704
      29.950000         0.031546
