#Distance_(Ang) :1-10@N7_=>_:Na+
       0.050000         0.000000
       0.150000         0.000000
       0.250000         0.000000
       0.350000         0.000000
       0.450000         0.000000
       0.550000         0.000000
       0.650000         0.000000
       0.750000         0.000000
       0.850000         0.000000
       0.950000         0.000000
       1.050000         0.000000
       1.150000         0.000000
       1.250000         0.000000
       1.350000         0.000000
       1.450000         0.000000
       1.550000         0.000000
       1.650000         0.000000
       1.750000         0.000000
       1.850000         0.000000
       1.950000         0.000000
       2.050000         0.000000
       2.150000         0.000175
       2.250000         0.022465
       2.350000         0.221658
       2.450000         0.482666
       2.550000         0.463209
       2.650000         0.296518
       2.750000         0.160217
       2.850000         0.085757
       2.950000         0.046834
       3.050000         0.028142
       3.150000         0.020786
       3.250000         0.016393
       3.350000         0.015235
       3.450000         0.016515
       3.550000         0.018704
       3.650000         0.023710
       3.750000         0.032325
       3.850000         0.042524
       3.950000         0.058807
       4.050000         0.076590
       4.150000         0.096952
       4.250000         0.119720
       4.350000         0.140657
       4.450000         0.157999
       4.550000         0.168253
       4.650000         0.170600
       4.750000         0.166512
       4.850000         0.157043
       4.950000         0.141537
       5.050000         0.128973
       5.150000         0.116187
       5.250000         0.103462
       5.350000         0.092097
       5.450000         0.083138
       5.550000         0.075447
       5.650000         0.069699
       5.750000         0.066732
       5.850000         0.064520
       5.950000         0.062780
       6.050000         0.062243
       6.150000         0.061397
       6.250000         0.061114
       6.350000         0.060121
       6.450000         0.060406
       6.550000         0.060435
       6.650000         0.059852
       6.750000         0.060657
       6.850000         0.062012
       6.950000         0.064039
       7.050000         0.065679
       7.150000         0.067638
       7.250000         0.069113
       7.350000         0.070064
       7.450000         0.071630
       7.550000         0.071835
       7.650000         0.072418
       7.750000         0.072611
       7.850000         0.072513
       7.950000         0.072633
       8.050000         0.072748
       8.150000         0.073316
       8.250000         0.073172
       8.350000         0.073654
       8.450000         0.073054
       8.550000         0.072675
       8.650000         0.072351
       8.750000         0.072520
       8.850000         0.072046
       8.950000         0.071335
       9.050000         0.071324
       9.150000         0.070350
       9.250000         0.070333
       9.350000         0.070096
       9.450000         0.070084
       9.550000         0.070146
       9.650000         0.070000
       9.750000         0.068982
       9.850000         0.069146
       9.950000         0.068347
      10.050000         0.067396
      10.150000         0.066576
      10.250000         0.065101
      10.350000         0.063924
      10.450000         0.062787
      10.550000         0.061677
      10.650000         0.061378
      10.750000         0.060555
      10.850000         0.059910
      10.950000         0.059686
      11.050000         0.059320
      11.150000         0.058398
      11.250000         0.057879
      11.350000         0.057873
      11.450000         0.057122
      11.550000         0.056593
      11.650000         0.056077
      11.750000         0.055788
      11.850000         0.055423
      11.950000         0.055166
      12.050000         0.055178
      12.150000         0.054931
      12.250000         0.054765
      12.350000         0.054349
      12.450000         0.054246
      12.550000         0.053827
      12.650000         0.053464
      12.750000         0.053476
      12.850000         0.052622
      12.950000         0.052694
      13.050000         0.052320
      13.150000         0.051592
      13.250000         0.051172
      13.350000         0.050988
      13.450000         0.050543
      13.550000         0.050035
      13.650000         0.049836
      13.750000         0.049418
      13.850000         0.049186
      13.950000         0.048671
      14.050000         0.048422
      14.150000         0.047923
      14.250000         0.047523
      14.350000         0.047079
      14.450000         0.046827
      14.550000         0.046660
      14.650000         0.046392
      14.750000         0.046001
      14.850000         0.045610
      14.950000         0.045297
      15.050000         0.045000
      15.150000         0.044741
      15.250000         0.044779
      15.350000         0.044298
      15.450000         0.044097
      15.550000         0.043815
      15.650000         0.043522
      15.750000         0.043518
      15.850000         0.043342
      15.950000         0.043184
      16.050000         0.043137
      16.150000         0.042809
      16.250000         0.042480
      16.350000         0.042627
      16.450000         0.042266
      16.550000         0.042427
      16.650000         0.042176
      16.750000         0.042150
      16.850000         0.042136
      16.950000         0.041512
      17.050000         0.041541
      17.150000         0.041377
      17.250000         0.041227
      17.350000         0.041131
      17.450000         0.041021
      17.550000         0.040906
      17.650000         0.040781
      17.750000         0.040495
      17.850000         0.040379
      17.950000         0.040367
      18.050000         0.040310
      18.150000         0.039943
      18.250000         0.040096
      18.350000         0.039837
      18.450000         0.039793
      18.550000         0.039627
      18.650000         0.039645
      18.750000         0.039477
      18.850000         0.039499
      18.950000         0.039129
      19.050000         0.039008
      19.150000         0.039175
      19.250000         0.038829
      19.350000         0.038963
      19.450000         0.038671
      19.550000         0.038496
      19.650000         0.038238
      19.750000         0.038508
      19.850000         0.038282
      19.950000         0.038088
      20.050000         0.038095
      20.150000         0.037885
      20.250000         0.037897
      20.350000         0.037805
      20.450000         0.037595
      20.550000         0.037538
      20.650000         0.037275
      20.750000         0.037411
      20.850000         0.037243
      20.950000         0.037184
      21.050000         0.037115
      21.150000         0.036928
      21.250000         0.036863
      21.350000         0.036650
      21.450000         0.036599
      21.550000         0.036530
      21.650000         0.036511
      21.750000         0.036314
      21.850000         0.036151
      21.950000         0.036071
      22.050000         0.036029
      22.150000         0.035815
      22.250000         0.035884
      22.350000         0.035607
      22.450000         0.035586
      22.550000         0.035532
      22.650000         0.035490
      22.750000         0.035405
      22.850000         0.035243
      22.950000         0.035251
      23.050000         0.035326
      23.150000         0.035038
      23.250000         0.035182
      23.350000         0.035111
      23.450000         0.034919
      23.550000         0.034717
      23.650000         0.034725
      23.750000         0.034740
      23.850000         0.034597
      23.950000         0.034503
      24.050000         0.034375
      24.150000         0.034346
      24.250000         0.034289
      24.350000         0.034372
      24.450000         0.034175
      24.550000         0.034108
      24.650000         0.033972
      24.750000         0.033949
      24.850000         0.033944
      24.950000         0.033925
      25.050000         0.033912
      25.150000         0.033782
      25.250000         0.033633
      25.350000         0.033651
      25.450000         0.033620
      25.550000         0.033514
      25.650000         0.033540
      25.750000         0.033435
      25.850000         0.033490
      25.950000         0.033394
      26.050000         0.033332
      26.150000         0.033269
      26.250000         0.033145
      26.350000         0.033200
      26.450000         0.033161
      26.550000         0.033072
      26.650000         0.033055
      26.750000         0.033033
      26.850000         0.032941
      26.950000         0.032931
      27.050000         0.032865
      27.150000         0.032820
      27.250000         0.032739
      27.350000         0.032859
      27.450000         0.032710
      27.550000         0.032816
      27.650000         0.032533
      27.750000         0.032700
      27.850000         0.032618
      27.950000         0.032478
      28.050000         0.032513
      28.150000         0.032525
      28.250000         0.032514
      28.350000         0.032398
      28.450000         0.032385
      28.550000         0.032467
      28.650000         0.032306
      28.750000         0.032227
      28.850000         0.032340
      28.950000         0.032065
      29.050000         0.032063
      29.150000         0.031967
      29.250000         0.031941
      29.350000         0.031953
      29.450000         0.031967
      29.550000         0.031904
      29.650000         0.031837
      29.750000         0.031888
      29.850000         0.031623
      29.950000         0.031718
