#Distance_(Ang) :G,G3,C,C3@P_=>_:WAT@O
       0.050000               0.000000
       0.150000               0.000000
       0.250000               0.000000
       0.350000               0.000000
       0.450000               0.000000
       0.550000               0.000000
       0.650000               0.000000
       0.750000               0.000000
       0.850000               0.000000
       0.950000               0.000000
       1.050000               0.000000
       1.150000               0.000000
       1.250000               0.000000
       1.350000               0.000000
       1.450000               0.000000
       1.550000               0.000000
       1.650000               0.000000
       1.750000               0.000000
       1.850000               0.000000
       1.950000               0.000000
       2.050000               0.000000
       2.150000               0.000000
       2.250000               0.000000
       2.350000               0.000000
       2.450000               0.000000
       2.550000               0.000000
       2.650000               0.000000
       2.750000               0.000000
       2.850000               0.000000
       2.950000               0.000014
       3.050000               0.000255
       3.150000               0.001910
       3.250000               0.007539
       3.350000               0.018709
       3.450000               0.032338
       3.550000               0.042832
       3.650000               0.047126
       3.750000               0.046522
       3.850000               0.042745
       3.950000               0.036235
       4.050000               0.027193
       4.150000               0.018510
       4.250000               0.013074
       4.350000               0.010673
       4.450000               0.010031
       4.550000               0.010299
       4.650000               0.010999
       4.750000               0.012021
       4.850000               0.013271
       4.950000               0.014578
       5.050000               0.015943
       5.150000               0.017224
       5.250000               0.018382
       5.350000               0.019387
       5.450000               0.020246
       5.550000               0.020934
       5.650000               0.021642
       5.750000               0.022267
       5.850000               0.022805
       5.950000               0.023220
       6.050000               0.023437
       6.150000               0.023367
       6.250000               0.023088
       6.350000               0.022541
       6.450000               0.021956
       6.550000               0.021375
       6.650000               0.020983
       6.750000               0.020748
       6.850000               0.020705
       6.950000               0.020885
       7.050000               0.021209
       7.150000               0.021658
       7.250000               0.022109
       7.350000               0.022544
       7.450000               0.022862
       7.550000               0.023126
       7.650000               0.023358
       7.750000               0.023581
       7.850000               0.023786
       7.950000               0.023980
       8.050000               0.024177
       8.150000               0.024384
       8.250000               0.024569
       8.350000               0.024767
       8.450000               0.024883
       8.550000               0.025038
       8.650000               0.025156
       8.750000               0.025266
       8.850000               0.025374
       8.950000               0.025532
       9.050000               0.025702
       9.150000               0.025906
       9.250000               0.026098
       9.350000               0.026286
       9.450000               0.026494
       9.550000               0.026648
       9.650000               0.026802
       9.750000               0.026982
       9.850000               0.027096
       9.950000               0.027171
      10.050000               0.027242
      10.150000               0.027286
      10.250000               0.027303
      10.350000               0.027300
      10.450000               0.027329
      10.550000               0.027374
      10.650000               0.027428
      10.750000               0.027478
      10.850000               0.027520
      10.950000               0.027596
      11.050000               0.027668
      11.150000               0.027765
      11.250000               0.027871
      11.350000               0.027978
      11.450000               0.028071
      11.550000               0.028148
      11.650000               0.028220
      11.750000               0.028307
      11.850000               0.028363
      11.950000               0.028431
      12.050000               0.028494
      12.150000               0.028540
      12.250000               0.028597
      12.350000               0.028672
      12.450000               0.028742
      12.550000               0.028791
      12.650000               0.028855
      12.750000               0.028886
      12.850000               0.028948
      12.950000               0.029014
      13.050000               0.029035
      13.150000               0.029066
      13.250000               0.029118
      13.350000               0.029170
      13.450000               0.029192
      13.550000               0.029253
      13.650000               0.029304
      13.750000               0.029333
      13.850000               0.029396
      13.950000               0.029478
      14.050000               0.029507
      14.150000               0.029572
      14.250000               0.029611
      14.350000               0.029669
      14.450000               0.029703
      14.550000               0.029747
      14.650000               0.029770
      14.750000               0.029794
      14.850000               0.029814
      14.950000               0.029867
      15.050000               0.029894
      15.150000               0.029915
      15.250000               0.029959
      15.350000               0.029977
      15.450000               0.030019
      15.550000               0.030059
      15.650000               0.030093
      15.750000               0.030143
      15.850000               0.030193
      15.950000               0.030220
      16.050000               0.030259
      16.150000               0.030309
      16.250000               0.030337
      16.350000               0.030363
      16.450000               0.030395
      16.550000               0.030428
      16.650000               0.030435
      16.750000               0.030466
      16.850000               0.030491
      16.950000               0.030520
      17.050000               0.030530
      17.150000               0.030565
      17.250000               0.030578
      17.350000               0.030605
      17.450000               0.030603
      17.550000               0.030637
      17.650000               0.030638
      17.750000               0.030660
      17.850000               0.030670
      17.950000               0.030695
      18.050000               0.030696
      18.150000               0.030743
      18.250000               0.030747
      18.350000               0.030755
      18.450000               0.030787
      18.550000               0.030789
      18.650000               0.030812
      18.750000               0.030816
      18.850000               0.030843
      18.950000               0.030833
      19.050000               0.030847
      19.150000               0.030854
      19.250000               0.030861
      19.350000               0.030877
      19.450000               0.030884
      19.550000               0.030901
      19.650000               0.030904
      19.750000               0.030930
      19.850000               0.030942
      19.950000               0.030959
      20.050000               0.030969
      20.150000               0.030988
      20.250000               0.030994
      20.350000               0.031001
      20.450000               0.031018
      20.550000               0.031021
      20.650000               0.031036
      20.750000               0.031043
      20.850000               0.031050
      20.950000               0.031051
      21.050000               0.031066
      21.150000               0.031070
      21.250000               0.031080
      21.350000               0.031085
      21.450000               0.031089
      21.550000               0.031106
      21.650000               0.031115
      21.750000               0.031123
      21.850000               0.031138
      21.950000               0.031144
      22.050000               0.031157
      22.150000               0.031164
      22.250000               0.031171
      22.350000               0.031189
      22.450000               0.031189
      22.550000               0.031203
      22.650000               0.031222
      22.750000               0.031222
      22.850000               0.031240
      22.950000               0.031241
      23.050000               0.031237
      23.150000               0.031256
      23.250000               0.031253
      23.350000               0.031261
      23.450000               0.031269
      23.550000               0.031273
      23.650000               0.031286
      23.750000               0.031276
      23.850000               0.031287
      23.950000               0.031284
      24.050000               0.031293
      24.150000               0.031286
      24.250000               0.031287
      24.350000               0.031291
      24.450000               0.031290
      24.550000               0.031299
      24.650000               0.031295
      24.750000               0.031309
      24.850000               0.031296
      24.950000               0.031301
      25.050000               0.031308
      25.150000               0.031310
      25.250000               0.031305
      25.350000               0.031308
      25.450000               0.031312
      25.550000               0.031320
      25.650000               0.031323
      25.750000               0.031326
      25.850000               0.031324
      25.950000               0.031327
      26.050000               0.031328
      26.150000               0.031325
      26.250000               0.031333
      26.350000               0.031332
      26.450000               0.031334
      26.550000               0.031330
      26.650000               0.031337
      26.750000               0.031343
      26.850000               0.031338
      26.950000               0.031344
      27.050000               0.031345
      27.150000               0.031347
      27.250000               0.031350
      27.350000               0.031349
      27.450000               0.031351
      27.550000               0.031351
      27.650000               0.031346
      27.750000               0.031350
      27.850000               0.031345
      27.950000               0.031342
      28.050000               0.031341
      28.150000               0.031345
      28.250000               0.031349
      28.350000               0.031347
      28.450000               0.031339
      28.550000               0.031345
      28.650000               0.031352
      28.750000               0.031352
      28.850000               0.031350
      28.950000               0.031344
      29.050000               0.031341
      29.150000               0.031347
      29.250000               0.031351
      29.350000               0.031350
      29.450000               0.031348
      29.550000               0.031351
      29.650000               0.031352
      29.750000               0.031349
      29.850000               0.031347
      29.950000               0.031348
