#Distance_(Ang) :A,A3,U,U3@P_=>_:WAT@O
       0.050000               0.000000
       0.150000               0.000000
       0.250000               0.000000
       0.350000               0.000000
       0.450000               0.000000
       0.550000               0.000000
       0.650000               0.000000
       0.750000               0.000000
       0.850000               0.000000
       0.950000               0.000000
       1.050000               0.000000
       1.150000               0.000000
       1.250000               0.000000
       1.350000               0.000000
       1.450000               0.000000
       1.550000               0.000000
       1.650000               0.000000
       1.750000               0.000000
       1.850000               0.000000
       1.950000               0.000000
       2.050000               0.000000
       2.150000               0.000000
       2.250000               0.000000
       2.350000               0.000000
       2.450000               0.000000
       2.550000               0.000000
       2.650000               0.000000
       2.750000               0.000000
       2.850000               0.000000
       2.950000               0.000016
       3.050000               0.000298
       3.150000               0.002177
       3.250000               0.008301
       3.350000               0.020084
       3.450000               0.034204
       3.550000               0.044704
       3.650000               0.048697
       3.750000               0.048169
       3.850000               0.044969
       3.950000               0.038582
       4.050000               0.028841
       4.150000               0.019491
       4.250000               0.013849
       4.350000               0.011517
       4.450000               0.010958
       4.550000               0.011311
       4.650000               0.012093
       4.750000               0.013111
       4.850000               0.014305
       4.950000               0.015620
       5.050000               0.017006
       5.150000               0.018323
       5.250000               0.019564
       5.350000               0.020636
       5.450000               0.021510
       5.550000               0.022268
       5.650000               0.022940
       5.750000               0.023560
       5.850000               0.024065
       5.950000               0.024460
       6.050000               0.024688
       6.150000               0.024655
       6.250000               0.024360
       6.350000               0.023754
       6.450000               0.023093
       6.550000               0.022499
       6.650000               0.022036
       6.750000               0.021752
       6.850000               0.021667
       6.950000               0.021847
       7.050000               0.022209
       7.150000               0.022726
       7.250000               0.023274
       7.350000               0.023762
       7.450000               0.024173
       7.550000               0.024494
       7.650000               0.024740
       7.750000               0.024936
       7.850000               0.025118
       7.950000               0.025222
       8.050000               0.025370
       8.150000               0.025474
       8.250000               0.025580
       8.350000               0.025644
       8.450000               0.025730
       8.550000               0.025792
       8.650000               0.025840
       8.750000               0.025869
       8.850000               0.025904
       8.950000               0.025896
       9.050000               0.025929
       9.150000               0.025899
       9.250000               0.025889
       9.350000               0.025897
       9.450000               0.025917
       9.550000               0.025949
       9.650000               0.026004
       9.750000               0.026059
       9.850000               0.026122
       9.950000               0.026210
      10.050000               0.026320
      10.150000               0.026431
      10.250000               0.026528
      10.350000               0.026627
      10.450000               0.026711
      10.550000               0.026780
      10.650000               0.026828
      10.750000               0.026861
      10.850000               0.026897
      10.950000               0.026913
      11.050000               0.026948
      11.150000               0.026983
      11.250000               0.027035
      11.350000               0.027097
      11.450000               0.027151
      11.550000               0.027232
      11.650000               0.027308
      11.750000               0.027373
      11.850000               0.027455
      11.950000               0.027528
      12.050000               0.027622
      12.150000               0.027709
      12.250000               0.027786
      12.350000               0.027857
      12.450000               0.027944
      12.550000               0.028019
      12.650000               0.028077
      12.750000               0.028123
      12.850000               0.028172
      12.950000               0.028238
      13.050000               0.028294
      13.150000               0.028347
      13.250000               0.028400
      13.350000               0.028465
      13.450000               0.028527
      13.550000               0.028586
      13.650000               0.028651
      13.750000               0.028746
      13.850000               0.028821
      13.950000               0.028900
      14.050000               0.028984
      14.150000               0.029066
      14.250000               0.029155
      14.350000               0.029229
      14.450000               0.029293
      14.550000               0.029374
      14.650000               0.029436
      14.750000               0.029520
      14.850000               0.029588
      14.950000               0.029641
      15.050000               0.029708
      15.150000               0.029768
      15.250000               0.029812
      15.350000               0.029878
      15.450000               0.029918
      15.550000               0.029967
      15.650000               0.030008
      15.750000               0.030049
      15.850000               0.030072
      15.950000               0.030115
      16.050000               0.030141
      16.150000               0.030163
      16.250000               0.030215
      16.350000               0.030244
      16.450000               0.030278
      16.550000               0.030321
      16.650000               0.030334
      16.750000               0.030386
      16.850000               0.030423
      16.950000               0.030463
      17.050000               0.030497
      17.150000               0.030549
      17.250000               0.030570
      17.350000               0.030606
      17.450000               0.030628
      17.550000               0.030666
      17.650000               0.030688
      17.750000               0.030736
      17.850000               0.030752
      17.950000               0.030788
      18.050000               0.030807
      18.150000               0.030831
      18.250000               0.030856
      18.350000               0.030874
      18.450000               0.030897
      18.550000               0.030909
      18.650000               0.030931
      18.750000               0.030948
      18.850000               0.030963
      18.950000               0.030974
      19.050000               0.030981
      19.150000               0.031003
      19.250000               0.031020
      19.350000               0.031026
      19.450000               0.031038
      19.550000               0.031051
      19.650000               0.031074
      19.750000               0.031076
      19.850000               0.031084
      19.950000               0.031106
      20.050000               0.031124
      20.150000               0.031137
      20.250000               0.031151
      20.350000               0.031175
      20.450000               0.031187
      20.550000               0.031200
      20.650000               0.031223
      20.750000               0.031227
      20.850000               0.031237
      20.950000               0.031247
      21.050000               0.031254
      21.150000               0.031264
      21.250000               0.031271
      21.350000               0.031284
      21.450000               0.031278
      21.550000               0.031300
      21.650000               0.031298
      21.750000               0.031309
      21.850000               0.031319
      21.950000               0.031319
      22.050000               0.031309
      22.150000               0.031319
      22.250000               0.031320
      22.350000               0.031316
      22.450000               0.031316
      22.550000               0.031318
      22.650000               0.031321
      22.750000               0.031327
      22.850000               0.031327
      22.950000               0.031326
      23.050000               0.031327
      23.150000               0.031331
      23.250000               0.031335
      23.350000               0.031341
      23.450000               0.031338
      23.550000               0.031345
      23.650000               0.031349
      23.750000               0.031350
      23.850000               0.031356
      23.950000               0.031355
      24.050000               0.031352
      24.150000               0.031366
      24.250000               0.031363
      24.350000               0.031367
      24.450000               0.031364
      24.550000               0.031366
      24.650000               0.031371
      24.750000               0.031366
      24.850000               0.031359
      24.950000               0.031363
      25.050000               0.031366
      25.150000               0.031360
      25.250000               0.031363
      25.350000               0.031360
      25.450000               0.031363
      25.550000               0.031362
      25.650000               0.031358
      25.750000               0.031351
      25.850000               0.031357
      25.950000               0.031351
      26.050000               0.031368
      26.150000               0.031357
      26.250000               0.031355
      26.350000               0.031346
      26.450000               0.031358
      26.550000               0.031350
      26.650000               0.031354
      26.750000               0.031357
      26.850000               0.031360
      26.950000               0.031360
      27.050000               0.031354
      27.150000               0.031347
      27.250000               0.031362
      27.350000               0.031359
      27.450000               0.031362
      27.550000               0.031354
      27.650000               0.031342
      27.750000               0.031355
      27.850000               0.031348
      27.950000               0.031347
      28.050000               0.031348
      28.150000               0.031354
      28.250000               0.031354
      28.350000               0.031356
      28.450000               0.031349
      28.550000               0.031349
      28.650000               0.031346
      28.750000               0.031347
      28.850000               0.031356
      28.950000               0.031348
      29.050000               0.031350
      29.150000               0.031350
      29.250000               0.031356
      29.350000               0.031349
      29.450000               0.031348
      29.550000               0.031348
      29.650000               0.031355
      29.750000               0.031350
      29.850000               0.031349
      29.950000               0.031349
