#Distance_(Ang) :G,G3@P_=>_:WAT@O
       0.050000          0.000000
       0.150000          0.000000
       0.250000          0.000000
       0.350000          0.000000
       0.450000          0.000000
       0.550000          0.000000
       0.650000          0.000000
       0.750000          0.000000
       0.850000          0.000000
       0.950000          0.000000
       1.050000          0.000000
       1.150000          0.000000
       1.250000          0.000000
       1.350000          0.000000
       1.450000          0.000000
       1.550000          0.000000
       1.650000          0.000000
       1.750000          0.000000
       1.850000          0.000000
       1.950000          0.000000
       2.050000          0.000000
       2.150000          0.000000
       2.250000          0.000000
       2.350000          0.000000
       2.450000          0.000000
       2.550000          0.000000
       2.650000          0.000000
       2.750000          0.000000
       2.850000          0.000000
       2.950000          0.000016
       3.050000          0.000282
       3.150000          0.002107
       3.250000          0.008100
       3.350000          0.019638
       3.450000          0.033561
       3.550000          0.044000
       3.650000          0.048626
       3.750000          0.049349
       3.850000          0.047932
       3.950000          0.042688
       4.050000          0.032862
       4.150000          0.023027
       4.250000          0.016419
       4.350000          0.013182
       4.450000          0.012171
       4.550000          0.012366
       4.650000          0.013071
       4.750000          0.014086
       4.850000          0.015280
       4.950000          0.016597
       5.050000          0.017975
       5.150000          0.019424
       5.250000          0.020989
       5.350000          0.022611
       5.450000          0.023314
       5.550000          0.023356
       5.650000          0.023737
       5.750000          0.024266
       5.850000          0.024835
       5.950000          0.025525
       6.050000          0.026093
       6.150000          0.026452
       6.250000          0.026338
       6.350000          0.025843
       6.450000          0.025180
       6.550000          0.024576
       6.650000          0.024125
       6.750000          0.023853
       6.850000          0.023730
       6.950000          0.023872
       7.050000          0.024170
       7.150000          0.024678
       7.250000          0.025155
       7.350000          0.025582
       7.450000          0.025915
       7.550000          0.026186
       7.650000          0.026389
       7.750000          0.026576
       7.850000          0.026761
       7.950000          0.026924
       8.050000          0.027050
       8.150000          0.027171
       8.250000          0.027285
       8.350000          0.027332
       8.450000          0.027365
       8.550000          0.027373
       8.650000          0.027351
       8.750000          0.027354
       8.850000          0.027377
       8.950000          0.027366
       9.050000          0.027392
       9.150000          0.027393
       9.250000          0.027369
       9.350000          0.027390
       9.450000          0.027397
       9.550000          0.027406
       9.650000          0.027491
       9.750000          0.027566
       9.850000          0.027662
       9.950000          0.027761
      10.050000          0.027889
      10.150000          0.028035
      10.250000          0.028166
      10.350000          0.028310
      10.450000          0.028444
      10.550000          0.028554
      10.650000          0.028671
      10.750000          0.028720
      10.850000          0.028782
      10.950000          0.028859
      11.050000          0.028904
      11.150000          0.028947
      11.250000          0.028967
      11.350000          0.029050
      11.450000          0.029115
      11.550000          0.029227
      11.650000          0.029360
      11.750000          0.029515
      11.850000          0.029670
      11.950000          0.029818
      12.050000          0.029935
      12.150000          0.029983
      12.250000          0.029994
      12.350000          0.029962
      12.450000          0.029950
      12.550000          0.029919
      12.650000          0.029920
      12.750000          0.029912
      12.850000          0.029883
      12.950000          0.029862
      13.050000          0.029834
      13.150000          0.029828
      13.250000          0.029807
      13.350000          0.029815
      13.450000          0.029805
      13.550000          0.029822
      13.650000          0.029845
      13.750000          0.029883
      13.850000          0.029910
      13.950000          0.029963
      14.050000          0.029990
      14.150000          0.030077
      14.250000          0.030116
      14.350000          0.030152
      14.450000          0.030214
      14.550000          0.030244
      14.650000          0.030282
      14.750000          0.030327
      14.850000          0.030338
      14.950000          0.030341
      15.050000          0.030357
      15.150000          0.030373
      15.250000          0.030374
      15.350000          0.030385
      15.450000          0.030383
      15.550000          0.030375
      15.650000          0.030393
      15.750000          0.030384
      15.850000          0.030397
      15.950000          0.030388
      16.050000          0.030394
      16.150000          0.030390
      16.250000          0.030401
      16.350000          0.030394
      16.450000          0.030413
      16.550000          0.030436
      16.650000          0.030452
      16.750000          0.030477
      16.850000          0.030507
      16.950000          0.030516
      17.050000          0.030560
      17.150000          0.030577
      17.250000          0.030610
      17.350000          0.030626
      17.450000          0.030633
      17.550000          0.030675
      17.650000          0.030669
      17.750000          0.030678
      17.850000          0.030696
      17.950000          0.030699
      18.050000          0.030703
      18.150000          0.030708
      18.250000          0.030712
      18.350000          0.030727
      18.450000          0.030742
      18.550000          0.030735
      18.650000          0.030747
      18.750000          0.030742
      18.850000          0.030761
      18.950000          0.030758
      19.050000          0.030782
      19.150000          0.030777
      19.250000          0.030790
      19.350000          0.030776
      19.450000          0.030794
      19.550000          0.030809
      19.650000          0.030817
      19.750000          0.030835
      19.850000          0.030838
      19.950000          0.030863
      20.050000          0.030862
      20.150000          0.030873
      20.250000          0.030880
      20.350000          0.030890
      20.450000          0.030899
      20.550000          0.030908
      20.650000          0.030914
      20.750000          0.030928
      20.850000          0.030920
      20.950000          0.030924
      21.050000          0.030929
      21.150000          0.030937
      21.250000          0.030950
      21.350000          0.030942
      21.450000          0.030959
      21.550000          0.030960
      21.650000          0.030962
      21.750000          0.030972
      21.850000          0.030968
      21.950000          0.030970
      22.050000          0.030975
      22.150000          0.030987
      22.250000          0.030979
      22.350000          0.030994
      22.450000          0.031009
      22.550000          0.031000
      22.650000          0.031004
      22.750000          0.031013
      22.850000          0.031025
      22.950000          0.031031
      23.050000          0.031024
      23.150000          0.031039
      23.250000          0.031041
      23.350000          0.031037
      23.450000          0.031045
      23.550000          0.031039
      23.650000          0.031048
      23.750000          0.031062
      23.850000          0.031058
      23.950000          0.031059
      24.050000          0.031064
      24.150000          0.031071
      24.250000          0.031067
      24.350000          0.031080
      24.450000          0.031088
      24.550000          0.031080
      24.650000          0.031086
      24.750000          0.031090
      24.850000          0.031089
      24.950000          0.031089
      25.050000          0.031100
      25.150000          0.031104
      25.250000          0.031109
      25.350000          0.031113
      25.450000          0.031120
      25.550000          0.031120
      25.650000          0.031125
      25.750000          0.031127
      25.850000          0.031134
      25.950000          0.031139
      26.050000          0.031148
      26.150000          0.031147
      26.250000          0.031150
      26.350000          0.031154
      26.450000          0.031156
      26.550000          0.031156
      26.650000          0.031164
      26.750000          0.031155
      26.850000          0.031156
      26.950000          0.031160
      27.050000          0.031173
      27.150000          0.031169
      27.250000          0.031169
      27.350000          0.031176
      27.450000          0.031169
      27.550000          0.031175
      27.650000          0.031174
      27.750000          0.031186
      27.850000          0.031172
      27.950000          0.031187
      28.050000          0.031184
      28.150000          0.031190
      28.250000          0.031192
      28.350000          0.031191
      28.450000          0.031203
      28.550000          0.031204
      28.650000          0.031197
      28.750000          0.031203
      28.850000          0.031206
      28.950000          0.031211
      29.050000          0.031218
      29.150000          0.031216
      29.250000          0.031219
      29.350000          0.031225
      29.450000          0.031226
      29.550000          0.031234
      29.650000          0.031231
      29.750000          0.031234
      29.850000          0.031237
      29.950000          0.031237
