#Distance_(Ang) :1-10@N3_=>_:WAT@O
       0.050000           0.000000
       0.150000           0.000000
       0.250000           0.000000
       0.350000           0.000000
       0.450000           0.000000
       0.550000           0.000000
       0.650000           0.000000
       0.750000           0.000000
       0.850000           0.000000
       0.950000           0.000000
       1.050000           0.000000
       1.150000           0.000000
       1.250000           0.000000
       1.350000           0.000000
       1.450000           0.000000
       1.550000           0.000000
       1.650000           0.000000
       1.750000           0.000000
       1.850000           0.000000
       1.950000           0.000000
       2.050000           0.000000
       2.150000           0.000000
       2.250000           0.000000
       2.350000           0.000000
       2.450000           0.000000
       2.550000           0.000003
       2.650000           0.000414
       2.750000           0.005026
       2.850000           0.014169
       2.950000           0.018287
       3.050000           0.017371
       3.150000           0.015852
       3.250000           0.015155
       3.350000           0.015257
       3.450000           0.015762
       3.550000           0.016577
       3.650000           0.017405
       3.750000           0.018329
       3.850000           0.019184
       3.950000           0.019858
       4.050000           0.020388
       4.150000           0.020867
       4.250000           0.021256
       4.350000           0.021611
       4.450000           0.021903
       4.550000           0.022298
       4.650000           0.022905
       4.750000           0.023608
       4.850000           0.023785
       4.950000           0.022836
       5.050000           0.021298
       5.150000           0.019955
       5.250000           0.019161
       5.350000           0.019000
       5.450000           0.019414
       5.550000           0.020150
       5.650000           0.020997
       5.750000           0.021857
       5.850000           0.022558
       5.950000           0.022937
       6.050000           0.023078
       6.150000           0.023004
       6.250000           0.022894
       6.350000           0.022895
       6.450000           0.022840
       6.550000           0.022910
       6.650000           0.022910
       6.750000           0.022888
       6.850000           0.022917
       6.950000           0.022920
       7.050000           0.022935
       7.150000           0.022929
       7.250000           0.022967
       7.350000           0.023039
       7.450000           0.023100
       7.550000           0.023202
       7.650000           0.023273
       7.750000           0.023359
       7.850000           0.023483
       7.950000           0.023646
       8.050000           0.023901
       8.150000           0.024133
       8.250000           0.024380
       8.350000           0.024656
       8.450000           0.024923
       8.550000           0.025175
       8.650000           0.025426
       8.750000           0.025662
       8.850000           0.025902
       8.950000           0.026114
       9.050000           0.026300
       9.150000           0.026480
       9.250000           0.026594
       9.350000           0.026707
       9.450000           0.026786
       9.550000           0.026884
       9.650000           0.026934
       9.750000           0.027022
       9.850000           0.027119
       9.950000           0.027187
      10.050000           0.027282
      10.150000           0.027345
      10.250000           0.027409
      10.350000           0.027469
      10.450000           0.027527
      10.550000           0.027593
      10.650000           0.027651
      10.750000           0.027761
      10.850000           0.027849
      10.950000           0.027917
      11.050000           0.028039
      11.150000           0.028143
      11.250000           0.028225
      11.350000           0.028288
      11.450000           0.028345
      11.550000           0.028360
      11.650000           0.028405
      11.750000           0.028433
      11.850000           0.028478
      11.950000           0.028544
      12.050000           0.028607
      12.150000           0.028660
      12.250000           0.028733
      12.350000           0.028795
      12.450000           0.028886
      12.550000           0.028975
      12.650000           0.029026
      12.750000           0.029098
      12.850000           0.029156
      12.950000           0.029182
      13.050000           0.029216
      13.150000           0.029254
      13.250000           0.029279
      13.350000           0.029298
      13.450000           0.029323
      13.550000           0.029356
      13.650000           0.029390
      13.750000           0.029406
      13.850000           0.029451
      13.950000           0.029470
      14.050000           0.029503
      14.150000           0.029548
      14.250000           0.029578
      14.350000           0.029610
      14.450000           0.029657
      14.550000           0.029704
      14.650000           0.029767
      14.750000           0.029807
      14.850000           0.029853
      14.950000           0.029912
      15.050000           0.029964
      15.150000           0.030028
      15.250000           0.030063
      15.350000           0.030100
      15.450000           0.030153
      15.550000           0.030201
      15.650000           0.030235
      15.750000           0.030272
      15.850000           0.030314
      15.950000           0.030345
      16.050000           0.030382
      16.150000           0.030425
      16.250000           0.030450
      16.350000           0.030499
      16.450000           0.030509
      16.550000           0.030541
      16.650000           0.030565
      16.750000           0.030590
      16.850000           0.030615
      16.950000           0.030633
      17.050000           0.030645
      17.150000           0.030669
      17.250000           0.030701
      17.350000           0.030703
      17.450000           0.030733
      17.550000           0.030738
      17.650000           0.030755
      17.750000           0.030764
      17.850000           0.030784
      17.950000           0.030784
      18.050000           0.030792
      18.150000           0.030806
      18.250000           0.030825
      18.350000           0.030828
      18.450000           0.030842
      18.550000           0.030852
      18.650000           0.030859
      18.750000           0.030880
      18.850000           0.030886
      18.950000           0.030909
      19.050000           0.030915
      19.150000           0.030926
      19.250000           0.030924
      19.350000           0.030947
      19.450000           0.030956
      19.550000           0.030970
      19.650000           0.030969
      19.750000           0.030992
      19.850000           0.031007
      19.950000           0.031008
      20.050000           0.031020
      20.150000           0.031032
      20.250000           0.031033
      20.350000           0.031038
      20.450000           0.031050
      20.550000           0.031053
      20.650000           0.031061
      20.750000           0.031082
      20.850000           0.031081
      20.950000           0.031096
      21.050000           0.031105
      21.150000           0.031099
      21.250000           0.031115
      21.350000           0.031112
      21.450000           0.031121
      21.550000           0.031133
      21.650000           0.031137
      21.750000           0.031159
      21.850000           0.031149
      21.950000           0.031157
      22.050000           0.031168
      22.150000           0.031162
      22.250000           0.031175
      22.350000           0.031172
      22.450000           0.031180
      22.550000           0.031189
      22.650000           0.031193
      22.750000           0.031201
      22.850000           0.031214
      22.950000           0.031211
      23.050000           0.031221
      23.150000           0.031219
      23.250000           0.031226
      23.350000           0.031225
      23.450000           0.031237
      23.550000           0.031238
      23.650000           0.031242
      23.750000           0.031251
      23.850000           0.031249
      23.950000           0.031248
      24.050000           0.031245
      24.150000           0.031258
      24.250000           0.031258
      24.350000           0.031256
      24.450000           0.031259
      24.550000           0.031267
      24.650000           0.031273
      24.750000           0.031266
      24.850000           0.031272
      24.950000           0.031269
      25.050000           0.031272
      25.150000           0.031282
      25.250000           0.031273
      25.350000           0.031279
      25.450000           0.031287
      25.550000           0.031290
      25.650000           0.031286
      25.750000           0.031289
      25.850000           0.031287
      25.950000           0.031293
      26.050000           0.031298
      26.150000           0.031303
      26.250000           0.031290
      26.350000           0.031297
      26.450000           0.031298
      26.550000           0.031297
      26.650000           0.031305
      26.750000           0.031302
      26.850000           0.031307
      26.950000           0.031312
      27.050000           0.031315
      27.150000           0.031311
      27.250000           0.031315
      27.350000           0.031316
      27.450000           0.031310
      27.550000           0.031317
      27.650000           0.031320
      27.750000           0.031322
      27.850000           0.031317
      27.950000           0.031315
      28.050000           0.031323
      28.150000           0.031310
      28.250000           0.031320
      28.350000           0.031318
      28.450000           0.031321
      28.550000           0.031323
      28.650000           0.031326
      28.750000           0.031324
      28.850000           0.031327
      28.950000           0.031330
      29.050000           0.031330
      29.150000           0.031328
      29.250000           0.031338
      29.350000           0.031329
      29.450000           0.031329
      29.550000           0.031336
      29.650000           0.031338
      29.750000           0.031342
      29.850000           0.031335
      29.950000           0.031334
