#Distance_(Ang) :1-10@N1,N2,N4,N3,N7_=>_:WAT@O
       0.050000                       0.000000
       0.150000                       0.000000
       0.250000                       0.000000
       0.350000                       0.000000
       0.450000                       0.000000
       0.550000                       0.000000
       0.650000                       0.000000
       0.750000                       0.000000
       0.850000                       0.000000
       0.950000                       0.000000
       1.050000                       0.000000
       1.150000                       0.000000
       1.250000                       0.000000
       1.350000                       0.000000
       1.450000                       0.000000
       1.550000                       0.000000
       1.650000                       0.000000
       1.750000                       0.000000
       1.850000                       0.000000
       1.950000                       0.000000
       2.050000                       0.000000
       2.150000                       0.000000
       2.250000                       0.000000
       2.350000                       0.000000
       2.450000                       0.000000
       2.550000                       0.000099
       2.650000                       0.001763
       2.750000                       0.008724
       2.850000                       0.017315
       2.950000                       0.019721
       3.050000                       0.017847
       3.150000                       0.015926
       3.250000                       0.014976
       3.350000                       0.014810
       3.450000                       0.015069
       3.550000                       0.015444
       3.650000                       0.015777
       3.750000                       0.015971
       3.850000                       0.016065
       3.950000                       0.016121
       4.050000                       0.016215
       4.150000                       0.016367
       4.250000                       0.016564
       4.350000                       0.016821
       4.450000                       0.017192
       4.550000                       0.017759
       4.650000                       0.018626
       4.750000                       0.019548
       4.850000                       0.020134
       4.950000                       0.020129
       5.050000                       0.019554
       5.150000                       0.018834
       5.250000                       0.018359
       5.350000                       0.018214
       5.450000                       0.018329
       5.550000                       0.018615
       5.650000                       0.019041
       5.750000                       0.019515
       5.850000                       0.019978
       5.950000                       0.020370
       6.050000                       0.020701
       6.150000                       0.021031
       6.250000                       0.021315
       6.350000                       0.021491
       6.450000                       0.021613
       6.550000                       0.021733
       6.650000                       0.021919
       6.750000                       0.022182
       6.850000                       0.022473
       6.950000                       0.022806
       7.050000                       0.023116
       7.150000                       0.023320
       7.250000                       0.023442
       7.350000                       0.023538
       7.450000                       0.023676
       7.550000                       0.023820
       7.650000                       0.023967
       7.750000                       0.024108
       7.850000                       0.024243
       7.950000                       0.024358
       8.050000                       0.024505
       8.150000                       0.024655
       8.250000                       0.024816
       8.350000                       0.024985
       8.450000                       0.025148
       8.550000                       0.025297
       8.650000                       0.025420
       8.750000                       0.025542
       8.850000                       0.025661
       8.950000                       0.025768
       9.050000                       0.025882
       9.150000                       0.026018
       9.250000                       0.026136
       9.350000                       0.026249
       9.450000                       0.026354
       9.550000                       0.026469
       9.650000                       0.026587
       9.750000                       0.026730
       9.850000                       0.026875
       9.950000                       0.027018
      10.050000                       0.027142
      10.150000                       0.027246
      10.250000                       0.027357
      10.350000                       0.027475
      10.450000                       0.027566
      10.550000                       0.027672
      10.650000                       0.027758
      10.750000                       0.027852
      10.850000                       0.027947
      10.950000                       0.028025
      11.050000                       0.028093
      11.150000                       0.028168
      11.250000                       0.028222
      11.350000                       0.028287
      11.450000                       0.028320
      11.550000                       0.028365
      11.650000                       0.028390
      11.750000                       0.028422
      11.850000                       0.028471
      11.950000                       0.028519
      12.050000                       0.028587
      12.150000                       0.028666
      12.250000                       0.028730
      12.350000                       0.028817
      12.450000                       0.028886
      12.550000                       0.028965
      12.650000                       0.029038
      12.750000                       0.029100
      12.850000                       0.029173
      12.950000                       0.029235
      13.050000                       0.029296
      13.150000                       0.029347
      13.250000                       0.029387
      13.350000                       0.029426
      13.450000                       0.029473
      13.550000                       0.029501
      13.650000                       0.029530
      13.750000                       0.029566
      13.850000                       0.029596
      13.950000                       0.029623
      14.050000                       0.029667
      14.150000                       0.029695
      14.250000                       0.029732
      14.350000                       0.029763
      14.450000                       0.029812
      14.550000                       0.029846
      14.650000                       0.029889
      14.750000                       0.029921
      14.850000                       0.029950
      14.950000                       0.029993
      15.050000                       0.030013
      15.150000                       0.030046
      15.250000                       0.030086
      15.350000                       0.030115
      15.450000                       0.030147
      15.550000                       0.030179
      15.650000                       0.030206
      15.750000                       0.030239
      15.850000                       0.030270
      15.950000                       0.030304
      16.050000                       0.030333
      16.150000                       0.030360
      16.250000                       0.030398
      16.350000                       0.030421
      16.450000                       0.030443
      16.550000                       0.030482
      16.650000                       0.030509
      16.750000                       0.030537
      16.850000                       0.030557
      16.950000                       0.030576
      17.050000                       0.030595
      17.150000                       0.030618
      17.250000                       0.030627
      17.350000                       0.030639
      17.450000                       0.030653
      17.550000                       0.030663
      17.650000                       0.030680
      17.750000                       0.030689
      17.850000                       0.030704
      17.950000                       0.030722
      18.050000                       0.030735
      18.150000                       0.030755
      18.250000                       0.030768
      18.350000                       0.030789
      18.450000                       0.030810
      18.550000                       0.030821
      18.650000                       0.030843
      18.750000                       0.030858
      18.850000                       0.030868
      18.950000                       0.030882
      19.050000                       0.030889
      19.150000                       0.030903
      19.250000                       0.030913
      19.350000                       0.030930
      19.450000                       0.030938
      19.550000                       0.030953
      19.650000                       0.030957
      19.750000                       0.030977
      19.850000                       0.030977
      19.950000                       0.030988
      20.050000                       0.031001
      20.150000                       0.031005
      20.250000                       0.031011
      20.350000                       0.031025
      20.450000                       0.031024
      20.550000                       0.031039
      20.650000                       0.031045
      20.750000                       0.031053
      20.850000                       0.031062
      20.950000                       0.031072
      21.050000                       0.031075
      21.150000                       0.031078
      21.250000                       0.031085
      21.350000                       0.031103
      21.450000                       0.031108
      21.550000                       0.031123
      21.650000                       0.031119
      21.750000                       0.031132
      21.850000                       0.031143
      21.950000                       0.031144
      22.050000                       0.031156
      22.150000                       0.031156
      22.250000                       0.031160
      22.350000                       0.031170
      22.450000                       0.031178
      22.550000                       0.031179
      22.650000                       0.031181
      22.750000                       0.031190
      22.850000                       0.031190
      22.950000                       0.031192
      23.050000                       0.031196
      23.150000                       0.031200
      23.250000                       0.031201
      23.350000                       0.031205
      23.450000                       0.031208
      23.550000                       0.031205
      23.650000                       0.031219
      23.750000                       0.031221
      23.850000                       0.031220
      23.950000                       0.031222
      24.050000                       0.031231
      24.150000                       0.031232
      24.250000                       0.031233
      24.350000                       0.031239
      24.450000                       0.031236
      24.550000                       0.031241
      24.650000                       0.031242
      24.750000                       0.031245
      24.850000                       0.031244
      24.950000                       0.031243
      25.050000                       0.031244
      25.150000                       0.031251
      25.250000                       0.031254
      25.350000                       0.031259
      25.450000                       0.031254
      25.550000                       0.031260
      25.650000                       0.031263
      25.750000                       0.031265
      25.850000                       0.031269
      25.950000                       0.031277
      26.050000                       0.031274
      26.150000                       0.031274
      26.250000                       0.031276
      26.350000                       0.031284
      26.450000                       0.031284
      26.550000                       0.031289
      26.650000                       0.031288
      26.750000                       0.031290
      26.850000                       0.031293
      26.950000                       0.031297
      27.050000                       0.031293
      27.150000                       0.031298
      27.250000                       0.031301
      27.350000                       0.031306
      27.450000                       0.031303
      27.550000                       0.031305
      27.650000                       0.031307
      27.750000                       0.031312
      27.850000                       0.031312
      27.950000                       0.031313
      28.050000                       0.031313
      28.150000                       0.031315
      28.250000                       0.031319
      28.350000                       0.031317
      28.450000                       0.031325
      28.550000                       0.031325
      28.650000                       0.031324
      28.750000                       0.031326
      28.850000                       0.031329
      28.950000                       0.031328
      29.050000                       0.031331
      29.150000                       0.031334
      29.250000                       0.031331
      29.350000                       0.031335
      29.450000                       0.031334
      29.550000                       0.031338
      29.650000                       0.031334
      29.750000                       0.031334
      29.850000                       0.031337
      29.950000                       0.031340
