#Distance_(Ang) :1-10@N1,N2,N3,N7_=>_:WAT@O
       0.050000                    0.000000
       0.150000                    0.000000
       0.250000                    0.000000
       0.350000                    0.000000
       0.450000                    0.000000
       0.550000                    0.000000
       0.650000                    0.000000
       0.750000                    0.000000
       0.850000                    0.000000
       0.950000                    0.000000
       1.050000                    0.000000
       1.150000                    0.000000
       1.250000                    0.000000
       1.350000                    0.000000
       1.450000                    0.000000
       1.550000                    0.000000
       1.650000                    0.000000
       1.750000                    0.000000
       1.850000                    0.000000
       1.950000                    0.000000
       2.050000                    0.000000
       2.150000                    0.000000
       2.250000                    0.000000
       2.350000                    0.000000
       2.450000                    0.000000
       2.550000                    0.000065
       2.650000                    0.001201
       2.750000                    0.006101
       2.850000                    0.012230
       2.950000                    0.013876
       3.050000                    0.012538
       3.150000                    0.011240
       3.250000                    0.010675
       3.350000                    0.010629
       3.450000                    0.010879
       3.550000                    0.011194
       3.650000                    0.011565
       3.750000                    0.011845
       3.850000                    0.012145
       3.950000                    0.012396
       4.050000                    0.012596
       4.150000                    0.012827
       4.250000                    0.013060
       4.350000                    0.013264
       4.450000                    0.013576
       4.550000                    0.013982
       4.650000                    0.014694
       4.750000                    0.015597
       4.850000                    0.016243
       4.950000                    0.016396
       5.050000                    0.016107
       5.150000                    0.015598
       5.250000                    0.015121
       5.350000                    0.014849
       5.450000                    0.014857
       5.550000                    0.015024
       5.650000                    0.015301
       5.750000                    0.015682
       5.850000                    0.016106
       5.950000                    0.016527
       6.050000                    0.016916
       6.150000                    0.017259
       6.250000                    0.017580
       6.350000                    0.017902
       6.450000                    0.018170
       6.550000                    0.018418
       6.650000                    0.018640
       6.750000                    0.018874
       6.850000                    0.019146
       6.950000                    0.019463
       7.050000                    0.019795
       7.150000                    0.020076
       7.250000                    0.020315
       7.350000                    0.020549
       7.450000                    0.020806
       7.550000                    0.021042
       7.650000                    0.021302
       7.750000                    0.021537
       7.850000                    0.021784
       7.950000                    0.022051
       8.050000                    0.022325
       8.150000                    0.022618
       8.250000                    0.022900
       8.350000                    0.023207
       8.450000                    0.023503
       8.550000                    0.023780
       8.650000                    0.024045
       8.750000                    0.024282
       8.850000                    0.024451
       8.950000                    0.024617
       9.050000                    0.024745
       9.150000                    0.024844
       9.250000                    0.024943
       9.350000                    0.025014
       9.450000                    0.025078
       9.550000                    0.025142
       9.650000                    0.025248
       9.750000                    0.025362
       9.850000                    0.025512
       9.950000                    0.025630
      10.050000                    0.025760
      10.150000                    0.025893
      10.250000                    0.026008
      10.350000                    0.026122
      10.450000                    0.026270
      10.550000                    0.026406
      10.650000                    0.026559
      10.750000                    0.026723
      10.850000                    0.026888
      10.950000                    0.027083
      11.050000                    0.027257
      11.150000                    0.027418
      11.250000                    0.027580
      11.350000                    0.027697
      11.450000                    0.027821
      11.550000                    0.027920
      11.650000                    0.027988
      11.750000                    0.028085
      11.850000                    0.028169
      11.950000                    0.028274
      12.050000                    0.028382
      12.150000                    0.028482
      12.250000                    0.028611
      12.350000                    0.028719
      12.450000                    0.028807
      12.550000                    0.028893
      12.650000                    0.028965
      12.750000                    0.029042
      12.850000                    0.029121
      12.950000                    0.029185
      13.050000                    0.029247
      13.150000                    0.029315
      13.250000                    0.029357
      13.350000                    0.029414
      13.450000                    0.029471
      13.550000                    0.029526
      13.650000                    0.029566
      13.750000                    0.029595
      13.850000                    0.029643
      13.950000                    0.029683
      14.050000                    0.029721
      14.150000                    0.029766
      14.250000                    0.029818
      14.350000                    0.029865
      14.450000                    0.029923
      14.550000                    0.029978
      14.650000                    0.030055
      14.750000                    0.030111
      14.850000                    0.030186
      14.950000                    0.030264
      15.050000                    0.030317
      15.150000                    0.030381
      15.250000                    0.030453
      15.350000                    0.030516
      15.450000                    0.030570
      15.550000                    0.030621
      15.650000                    0.030659
      15.750000                    0.030710
      15.850000                    0.030743
      15.950000                    0.030769
      16.050000                    0.030801
      16.150000                    0.030812
      16.250000                    0.030837
      16.350000                    0.030852
      16.450000                    0.030853
      16.550000                    0.030871
      16.650000                    0.030886
      16.750000                    0.030903
      16.850000                    0.030897
      16.950000                    0.030916
      17.050000                    0.030929
      17.150000                    0.030942
      17.250000                    0.030970
      17.350000                    0.030987
      17.450000                    0.030997
      17.550000                    0.031015
      17.650000                    0.031033
      17.750000                    0.031044
      17.850000                    0.031055
      17.950000                    0.031074
      18.050000                    0.031083
      18.150000                    0.031098
      18.250000                    0.031108
      18.350000                    0.031111
      18.450000                    0.031130
      18.550000                    0.031141
      18.650000                    0.031152
      18.750000                    0.031165
      18.850000                    0.031163
      18.950000                    0.031186
      19.050000                    0.031188
      19.150000                    0.031204
      19.250000                    0.031215
      19.350000                    0.031221
      19.450000                    0.031231
      19.550000                    0.031222
      19.650000                    0.031234
      19.750000                    0.031237
      19.850000                    0.031246
      19.950000                    0.031248
      20.050000                    0.031242
      20.150000                    0.031251
      20.250000                    0.031250
      20.350000                    0.031247
      20.450000                    0.031258
      20.550000                    0.031247
      20.650000                    0.031255
      20.750000                    0.031254
      20.850000                    0.031250
      20.950000                    0.031247
      21.050000                    0.031259
      21.150000                    0.031257
      21.250000                    0.031255
      21.350000                    0.031255
      21.450000                    0.031259
      21.550000                    0.031258
      21.650000                    0.031257
      21.750000                    0.031264
      21.850000                    0.031269
      21.950000                    0.031270
      22.050000                    0.031276
      22.150000                    0.031273
      22.250000                    0.031272
      22.350000                    0.031279
      22.450000                    0.031278
      22.550000                    0.031277
      22.650000                    0.031280
      22.750000                    0.031283
      22.850000                    0.031285
      22.950000                    0.031287
      23.050000                    0.031290
      23.150000                    0.031289
      23.250000                    0.031294
      23.350000                    0.031295
      23.450000                    0.031292
      23.550000                    0.031296
      23.650000                    0.031300
      23.750000                    0.031303
      23.850000                    0.031300
      23.950000                    0.031298
      24.050000                    0.031302
      24.150000                    0.031307
      24.250000                    0.031310
      24.350000                    0.031303
      24.450000                    0.031311
      24.550000                    0.031307
      24.650000                    0.031307
      24.750000                    0.031313
      24.850000                    0.031316
      24.950000                    0.031312
      25.050000                    0.031318
      25.150000                    0.031319
      25.250000                    0.031319
      25.350000                    0.031315
      25.450000                    0.031322
      25.550000                    0.031325
      25.650000                    0.031319
      25.750000                    0.031327
      25.850000                    0.031324
      25.950000                    0.031330
      26.050000                    0.031329
      26.150000                    0.031331
      26.250000                    0.031332
      26.350000                    0.031333
      26.450000                    0.031335
      26.550000                    0.031341
      26.650000                    0.031337
      26.750000                    0.031339
      26.850000                    0.031336
      26.950000                    0.031339
      27.050000                    0.031342
      27.150000                    0.031344
      27.250000                    0.031339
      27.350000                    0.031348
      27.450000                    0.031354
      27.550000                    0.031348
      27.650000                    0.031345
      27.750000                    0.031348
      27.850000                    0.031349
      27.950000                    0.031347
      28.050000                    0.031343
      28.150000                    0.031350
      28.250000                    0.031346
      28.350000                    0.031346
      28.450000                    0.031351
      28.550000                    0.031351
      28.650000                    0.031351
      28.750000                    0.031352
      28.850000                    0.031345
      28.950000                    0.031350
      29.050000                    0.031344
      29.150000                    0.031347
      29.250000                    0.031346
      29.350000                    0.031353
      29.450000                    0.031350
      29.550000                    0.031346
      29.650000                    0.031346
      29.750000                    0.031357
      29.850000                    0.031351
      29.950000                    0.031352
