#Distance_(Ang) :1-10@O2,O6_=>_:WAT@O
       0.050000              0.000000
       0.150000              0.000000
       0.250000              0.000000
       0.350000              0.000000
       0.450000              0.000000
       0.550000              0.000000
       0.650000              0.000000
       0.750000              0.000000
       0.850000              0.000000
       0.950000              0.000000
       1.050000              0.000000
       1.150000              0.000000
       1.250000              0.000000
       1.350000              0.000000
       1.450000              0.000000
       1.550000              0.000000
       1.650000              0.000000
       1.750000              0.000000
       1.850000              0.000000
       1.950000              0.000000
       2.050000              0.000000
       2.150000              0.000000
       2.250000              0.000000
       2.350000              0.000005
       2.450000              0.000873
       2.550000              0.011492
       2.650000              0.035704
       2.750000              0.048994
       2.850000              0.043493
       2.950000              0.032141
       3.050000              0.024062
       3.150000              0.020120
       3.250000              0.018679
       3.350000              0.018299
       3.450000              0.018405
       3.550000              0.018629
       3.650000              0.018919
       3.750000              0.019142
       3.850000              0.019362
       3.950000              0.020354
       4.050000              0.021465
       4.150000              0.020610
       4.250000              0.019496
       4.350000              0.019032
       4.450000              0.018885
       4.550000              0.018765
       4.650000              0.018778
       4.750000              0.018887
       4.850000              0.019055
       4.950000              0.019334
       5.050000              0.019640
       5.150000              0.020057
       5.250000              0.020488
       5.350000              0.020902
       5.450000              0.021083
       5.550000              0.021110
       5.650000              0.021080
       5.750000              0.021072
       5.850000              0.021221
       5.950000              0.021491
       6.050000              0.021780
       6.150000              0.022126
       6.250000              0.022467
       6.350000              0.022761
       6.450000              0.023012
       6.550000              0.023324
       6.650000              0.023672
       6.750000              0.024174
       6.850000              0.024818
       6.950000              0.025395
       7.050000              0.025834
       7.150000              0.025936
       7.250000              0.025722
       7.350000              0.025378
       7.450000              0.025032
       7.550000              0.024746
       7.650000              0.024579
       7.750000              0.024416
       7.850000              0.024350
       7.950000              0.024294
       8.050000              0.024266
       8.150000              0.024286
       8.250000              0.024362
       8.350000              0.024436
       8.450000              0.024535
       8.550000              0.024639
       8.650000              0.024764
       8.750000              0.024905
       8.850000              0.025088
       8.950000              0.025235
       9.050000              0.025464
       9.150000              0.025679
       9.250000              0.025861
       9.350000              0.026065
       9.450000              0.026233
       9.550000              0.026390
       9.650000              0.026532
       9.750000              0.026632
       9.850000              0.026736
       9.950000              0.026837
      10.050000              0.026917
      10.150000              0.026989
      10.250000              0.027047
      10.350000              0.027147
      10.450000              0.027234
      10.550000              0.027341
      10.650000              0.027436
      10.750000              0.027552
      10.850000              0.027655
      10.950000              0.027760
      11.050000              0.027843
      11.150000              0.027907
      11.250000              0.027979
      11.350000              0.028033
      11.450000              0.028059
      11.550000              0.028072
      11.650000              0.028113
      11.750000              0.028161
      11.850000              0.028185
      11.950000              0.028268
      12.050000              0.028323
      12.150000              0.028397
      12.250000              0.028465
      12.350000              0.028512
      12.450000              0.028586
      12.550000              0.028667
      12.650000              0.028727
      12.750000              0.028794
      12.850000              0.028858
      12.950000              0.028942
      13.050000              0.029010
      13.150000              0.029068
      13.250000              0.029147
      13.350000              0.029229
      13.450000              0.029294
      13.550000              0.029373
      13.650000              0.029424
      13.750000              0.029468
      13.850000              0.029491
      13.950000              0.029516
      14.050000              0.029527
      14.150000              0.029562
      14.250000              0.029610
      14.350000              0.029661
      14.450000              0.029715
      14.550000              0.029760
      14.650000              0.029817
      14.750000              0.029869
      14.850000              0.029899
      14.950000              0.029947
      15.050000              0.029985
      15.150000              0.030022
      15.250000              0.030066
      15.350000              0.030108
      15.450000              0.030140
      15.550000              0.030169
      15.650000              0.030195
      15.750000              0.030226
      15.850000              0.030242
      15.950000              0.030287
      16.050000              0.030302
      16.150000              0.030321
      16.250000              0.030345
      16.350000              0.030376
      16.450000              0.030396
      16.550000              0.030420
      16.650000              0.030443
      16.750000              0.030457
      16.850000              0.030482
      16.950000              0.030522
      17.050000              0.030543
      17.150000              0.030569
      17.250000              0.030577
      17.350000              0.030607
      17.450000              0.030640
      17.550000              0.030647
      17.650000              0.030679
      17.750000              0.030703
      17.850000              0.030720
      17.950000              0.030752
      18.050000              0.030765
      18.150000              0.030800
      18.250000              0.030823
      18.350000              0.030840
      18.450000              0.030859
      18.550000              0.030879
      18.650000              0.030887
      18.750000              0.030894
      18.850000              0.030911
      18.950000              0.030922
      19.050000              0.030923
      19.150000              0.030933
      19.250000              0.030934
      19.350000              0.030932
      19.450000              0.030952
      19.550000              0.030939
      19.650000              0.030934
      19.750000              0.030944
      19.850000              0.030954
      19.950000              0.030943
      20.050000              0.030941
      20.150000              0.030962
      20.250000              0.030958
      20.350000              0.030970
      20.450000              0.030985
      20.550000              0.030994
      20.650000              0.031001
      20.750000              0.031001
      20.850000              0.031028
      20.950000              0.031043
      21.050000              0.031060
      21.150000              0.031063
      21.250000              0.031071
      21.350000              0.031071
      21.450000              0.031094
      21.550000              0.031106
      21.650000              0.031103
      21.750000              0.031124
      21.850000              0.031123
      21.950000              0.031137
      22.050000              0.031137
      22.150000              0.031148
      22.250000              0.031140
      22.350000              0.031140
      22.450000              0.031147
      22.550000              0.031144
      22.650000              0.031154
      22.750000              0.031155
      22.850000              0.031159
      22.950000              0.031150
      23.050000              0.031161
      23.150000              0.031159
      23.250000              0.031164
      23.350000              0.031171
      23.450000              0.031172
      23.550000              0.031177
      23.650000              0.031182
      23.750000              0.031193
      23.850000              0.031186
      23.950000              0.031204
      24.050000              0.031195
      24.150000              0.031207
      24.250000              0.031204
      24.350000              0.031219
      24.450000              0.031221
      24.550000              0.031231
      24.650000              0.031227
      24.750000              0.031227
      24.850000              0.031240
      24.950000              0.031246
      25.050000              0.031240
      25.150000              0.031242
      25.250000              0.031253
      25.350000              0.031249
      25.450000              0.031253
      25.550000              0.031251
      25.650000              0.031253
      25.750000              0.031260
      25.850000              0.031245
      25.950000              0.031256
      26.050000              0.031245
      26.150000              0.031250
      26.250000              0.031258
      26.350000              0.031260
      26.450000              0.031255
      26.550000              0.031254
      26.650000              0.031263
      26.750000              0.031264
      26.850000              0.031262
      26.950000              0.031273
      27.050000              0.031274
      27.150000              0.031276
      27.250000              0.031282
      27.350000              0.031284
      27.450000              0.031291
      27.550000              0.031288
      27.650000              0.031301
      27.750000              0.031298
      27.850000              0.031303
      27.950000              0.031305
      28.050000              0.031310
      28.150000              0.031310
      28.250000              0.031315
      28.350000              0.031303
      28.450000              0.031307
      28.550000              0.031316
      28.650000              0.031315
      28.750000              0.031313
      28.850000              0.031315
      28.950000              0.031325
      29.050000              0.031325
      29.150000              0.031308
      29.250000              0.031314
      29.350000              0.031318
      29.450000              0.031332
      29.550000              0.031326
      29.650000              0.031321
      29.750000              0.031329
      29.850000              0.031335
      29.950000              0.031331
