#Distance_(Ang) :G,G3,U,U3@P_=>_:WAT@O
       0.050000               0.000000
       0.150000               0.000000
       0.250000               0.000000
       0.350000               0.000000
       0.450000               0.000000
       0.550000               0.000000
       0.650000               0.000000
       0.750000               0.000000
       0.850000               0.000000
       0.950000               0.000000
       1.050000               0.000000
       1.150000               0.000000
       1.250000               0.000000
       1.350000               0.000000
       1.450000               0.000000
       1.550000               0.000000
       1.650000               0.000000
       1.750000               0.000000
       1.850000               0.000000
       1.950000               0.000000
       2.050000               0.000000
       2.150000               0.000000
       2.250000               0.000000
       2.350000               0.000000
       2.450000               0.000000
       2.550000               0.000000
       2.650000               0.000000
       2.750000               0.000000
       2.850000               0.000000
       2.950000               0.000011
       3.050000               0.000250
       3.150000               0.001820
       3.250000               0.007097
       3.350000               0.017567
       3.450000               0.030651
       3.550000               0.041041
       3.650000               0.046424
       3.750000               0.047863
       3.850000               0.046802
       3.950000               0.043290
       4.050000               0.036164
       4.150000               0.026744
       4.250000               0.018698
       4.350000               0.013817
       4.450000               0.011841
       4.550000               0.011654
       4.650000               0.012315
       4.750000               0.013285
       4.850000               0.014473
       4.950000               0.015745
       5.050000               0.017107
       5.150000               0.018592
       5.250000               0.020673
       5.350000               0.023625
       5.450000               0.024191
       5.550000               0.022715
       5.650000               0.022473
       5.750000               0.022882
       5.850000               0.023301
       5.950000               0.023647
       6.050000               0.023892
       6.150000               0.023980
       6.250000               0.023894
       6.350000               0.023755
       6.450000               0.023624
       6.550000               0.023531
       6.650000               0.023509
       6.750000               0.023540
       6.850000               0.023581
       6.950000               0.023590
       7.050000               0.023668
       7.150000               0.023807
       7.250000               0.024032
       7.350000               0.024274
       7.450000               0.024498
       7.550000               0.024709
       7.650000               0.024911
       7.750000               0.024979
       7.850000               0.025061
       7.950000               0.025200
       8.050000               0.025281
       8.150000               0.025443
       8.250000               0.025560
       8.350000               0.025638
       8.450000               0.025733
       8.550000               0.025841
       8.650000               0.025910
       8.750000               0.026051
       8.850000               0.026159
       8.950000               0.026285
       9.050000               0.026467
       9.150000               0.026630
       9.250000               0.026821
       9.350000               0.027000
       9.450000               0.027184
       9.550000               0.027328
       9.650000               0.027531
       9.750000               0.027618
       9.850000               0.027721
       9.950000               0.027763
      10.050000               0.027759
      10.150000               0.027720
      10.250000               0.027666
      10.350000               0.027622
      10.450000               0.027573
      10.550000               0.027512
      10.650000               0.027467
      10.750000               0.027449
      10.850000               0.027454
      10.950000               0.027500
      11.050000               0.027563
      11.150000               0.027646
      11.250000               0.027753
      11.350000               0.027879
      11.450000               0.028007
      11.550000               0.028077
      11.650000               0.028198
      11.750000               0.028265
      11.850000               0.028380
      11.950000               0.028476
      12.050000               0.028560
      12.150000               0.028651
      12.250000               0.028726
      12.350000               0.028760
      12.450000               0.028813
      12.550000               0.028852
      12.650000               0.028860
      12.750000               0.028859
      12.850000               0.028861
      12.950000               0.028853
      13.050000               0.028805
      13.150000               0.028811
      13.250000               0.028805
      13.350000               0.028833
      13.450000               0.028840
      13.550000               0.028883
      13.650000               0.028947
      13.750000               0.028983
      13.850000               0.029067
      13.950000               0.029114
      14.050000               0.029159
      14.150000               0.029208
      14.250000               0.029251
      14.350000               0.029302
      14.450000               0.029328
      14.550000               0.029388
      14.650000               0.029422
      14.750000               0.029475
      14.850000               0.029497
      14.950000               0.029538
      15.050000               0.029564
      15.150000               0.029588
      15.250000               0.029628
      15.350000               0.029633
      15.450000               0.029646
      15.550000               0.029669
      15.650000               0.029688
      15.750000               0.029731
      15.850000               0.029735
      15.950000               0.029767
      16.050000               0.029797
      16.150000               0.029837
      16.250000               0.029852
      16.350000               0.029910
      16.450000               0.029919
      16.550000               0.029963
      16.650000               0.029980
      16.750000               0.029989
      16.850000               0.030006
      16.950000               0.030033
      17.050000               0.030065
      17.150000               0.030070
      17.250000               0.030087
      17.350000               0.030117
      17.450000               0.030163
      17.550000               0.030199
      17.650000               0.030229
      17.750000               0.030259
      17.850000               0.030306
      17.950000               0.030342
      18.050000               0.030387
      18.150000               0.030446
      18.250000               0.030489
      18.350000               0.030503
      18.450000               0.030563
      18.550000               0.030589
      18.650000               0.030616
      18.750000               0.030645
      18.850000               0.030670
      18.950000               0.030697
      19.050000               0.030687
      19.150000               0.030730
      19.250000               0.030731
      19.350000               0.030756
      19.450000               0.030772
      19.550000               0.030795
      19.650000               0.030832
      19.750000               0.030863
      19.850000               0.030877
      19.950000               0.030943
      20.050000               0.030971
      20.150000               0.031016
      20.250000               0.031033
      20.350000               0.031077
      20.450000               0.031084
      20.550000               0.031122
      20.650000               0.031141
      20.750000               0.031142
      20.850000               0.031157
      20.950000               0.031166
      21.050000               0.031167
      21.150000               0.031168
      21.250000               0.031183
      21.350000               0.031191
      21.450000               0.031199
      21.550000               0.031209
      21.650000               0.031214
      21.750000               0.031221
      21.850000               0.031212
      21.950000               0.031222
      22.050000               0.031224
      22.150000               0.031236
      22.250000               0.031246
      22.350000               0.031257
      22.450000               0.031272
      22.550000               0.031272
      22.650000               0.031277
      22.750000               0.031280
      22.850000               0.031293
      22.950000               0.031299
      23.050000               0.031299
      23.150000               0.031319
      23.250000               0.031318
      23.350000               0.031311
      23.450000               0.031324
      23.550000               0.031310
      23.650000               0.031325
      23.750000               0.031319
      23.850000               0.031323
      23.950000               0.031327
      24.050000               0.031332
      24.150000               0.031336
      24.250000               0.031329
      24.350000               0.031337
      24.450000               0.031338
      24.550000               0.031348
      24.650000               0.031335
      24.750000               0.031348
      24.850000               0.031347
      24.950000               0.031342
      25.050000               0.031330
      25.150000               0.031343
      25.250000               0.031340
      25.350000               0.031338
      25.450000               0.031327
      25.550000               0.031343
      25.650000               0.031323
      25.750000               0.031324
      25.850000               0.031339
      25.950000               0.031323
      26.050000               0.031335
      26.150000               0.031333
      26.250000               0.031335
      26.350000               0.031329
      26.450000               0.031338
      26.550000               0.031338
      26.650000               0.031341
      26.750000               0.031342
      26.850000               0.031337
      26.950000               0.031342
      27.050000               0.031344
      27.150000               0.031341
      27.250000               0.031349
      27.350000               0.031344
      27.450000               0.031343
      27.550000               0.031339
      27.650000               0.031344
      27.750000               0.031348
      27.850000               0.031345
      27.950000               0.031345
      28.050000               0.031335
      28.150000               0.031341
      28.250000               0.031348
      28.350000               0.031357
      28.450000               0.031347
      28.550000               0.031342
      28.650000               0.031346
      28.750000               0.031352
      28.850000               0.031352
      28.950000               0.031350
      29.050000               0.031348
      29.150000               0.031347
      29.250000               0.031351
      29.350000               0.031344
      29.450000               0.031344
      29.550000               0.031342
      29.650000               0.031353
      29.750000               0.031339
      29.850000               0.031350
      29.950000               0.031345
