#Distance_(Ang) :1-10@N3,N4_=>_:WAT@O
       0.050000              0.000000
       0.150000              0.000000
       0.250000              0.000000
       0.350000              0.000000
       0.450000              0.000000
       0.550000              0.000000
       0.650000              0.000000
       0.750000              0.000000
       0.850000              0.000000
       0.950000              0.000000
       1.050000              0.000000
       1.150000              0.000000
       1.250000              0.000000
       1.350000              0.000000
       1.450000              0.000000
       1.550000              0.000000
       1.650000              0.000000
       1.750000              0.000000
       1.850000              0.000000
       1.950000              0.000000
       2.050000              0.000000
       2.150000              0.000000
       2.250000              0.000000
       2.350000              0.000000
       2.450000              0.000001
       2.550000              0.000178
       2.650000              0.002925
       2.750000              0.013117
       2.850000              0.025109
       2.950000              0.028129
       3.050000              0.025048
       3.150000              0.021684
       3.250000              0.019803
       3.350000              0.019033
       3.450000              0.018898
       3.550000              0.019067
       3.650000              0.019279
       3.750000              0.019401
       3.850000              0.019417
       3.950000              0.019297
       4.050000              0.019002
       4.150000              0.018620
       4.250000              0.018227
       4.350000              0.017919
       4.450000              0.017844
       4.550000              0.018030
       4.650000              0.018555
       4.750000              0.019443
       4.850000              0.020270
       4.950000              0.020455
       5.050000              0.019938
       5.150000              0.019412
       5.250000              0.019151
       5.350000              0.019190
       5.450000              0.019380
       5.550000              0.019708
       5.650000              0.020091
       5.750000              0.020451
       5.850000              0.020790
       5.950000              0.021152
       6.050000              0.021512
       6.150000              0.021688
       6.250000              0.021673
       6.350000              0.021635
       6.450000              0.021662
       6.550000              0.021762
       6.650000              0.021872
       6.750000              0.021992
       6.850000              0.022116
       6.950000              0.022240
       7.050000              0.022269
       7.150000              0.022240
       7.250000              0.022220
       7.350000              0.022253
       7.450000              0.022353
       7.550000              0.022437
       7.650000              0.022587
       7.750000              0.022763
       7.850000              0.022927
       7.950000              0.023140
       8.050000              0.023395
       8.150000              0.023653
       8.250000              0.023890
       8.350000              0.024055
       8.450000              0.024190
       8.550000              0.024343
       8.650000              0.024485
       8.750000              0.024657
       8.850000              0.024838
       8.950000              0.025017
       9.050000              0.025192
       9.150000              0.025363
       9.250000              0.025517
       9.350000              0.025675
       9.450000              0.025814
       9.550000              0.025971
       9.650000              0.026105
       9.750000              0.026281
       9.850000              0.026464
       9.950000              0.026653
      10.050000              0.026823
      10.150000              0.027026
      10.250000              0.027219
      10.350000              0.027418
      10.450000              0.027647
      10.550000              0.027841
      10.650000              0.028015
      10.750000              0.028173
      10.850000              0.028323
      10.950000              0.028437
      11.050000              0.028531
      11.150000              0.028597
      11.250000              0.028662
      11.350000              0.028676
      11.450000              0.028690
      11.550000              0.028701
      11.650000              0.028713
      11.750000              0.028733
      11.850000              0.028758
      11.950000              0.028806
      12.050000              0.028854
      12.150000              0.028908
      12.250000              0.028988
      12.350000              0.029051
      12.450000              0.029120
      12.550000              0.029205
      12.650000              0.029279
      12.750000              0.029360
      12.850000              0.029440
      12.950000              0.029520
      13.050000              0.029596
      13.150000              0.029645
      13.250000              0.029691
      13.350000              0.029719
      13.450000              0.029750
      13.550000              0.029778
      13.650000              0.029804
      13.750000              0.029835
      13.850000              0.029874
      13.950000              0.029899
      14.050000              0.029923
      14.150000              0.029947
      14.250000              0.029975
      14.350000              0.030009
      14.450000              0.030035
      14.550000              0.030058
      14.650000              0.030091
      14.750000              0.030104
      14.850000              0.030148
      14.950000              0.030179
      15.050000              0.030202
      15.150000              0.030234
      15.250000              0.030260
      15.350000              0.030289
      15.450000              0.030309
      15.550000              0.030345
      15.650000              0.030370
      15.750000              0.030381
      15.850000              0.030413
      15.950000              0.030441
      16.050000              0.030461
      16.150000              0.030487
      16.250000              0.030509
      16.350000              0.030534
      16.450000              0.030560
      16.550000              0.030578
      16.650000              0.030598
      16.750000              0.030623
      16.850000              0.030637
      16.950000              0.030650
      17.050000              0.030673
      17.150000              0.030682
      17.250000              0.030700
      17.350000              0.030716
      17.450000              0.030730
      17.550000              0.030734
      17.650000              0.030751
      17.750000              0.030762
      17.850000              0.030776
      17.950000              0.030793
      18.050000              0.030801
      18.150000              0.030810
      18.250000              0.030818
      18.350000              0.030839
      18.450000              0.030839
      18.550000              0.030853
      18.650000              0.030862
      18.750000              0.030875
      18.850000              0.030878
      18.950000              0.030888
      19.050000              0.030899
      19.150000              0.030917
      19.250000              0.030922
      19.350000              0.030930
      19.450000              0.030944
      19.550000              0.030961
      19.650000              0.030967
      19.750000              0.030976
      19.850000              0.030984
      19.950000              0.030995
      20.050000              0.031000
      20.150000              0.031009
      20.250000              0.031023
      20.350000              0.031040
      20.450000              0.031040
      20.550000              0.031054
      20.650000              0.031063
      20.750000              0.031062
      20.850000              0.031080
      20.950000              0.031083
      21.050000              0.031088
      21.150000              0.031093
      21.250000              0.031110
      21.350000              0.031108
      21.450000              0.031111
      21.550000              0.031115
      21.650000              0.031117
      21.750000              0.031126
      21.850000              0.031132
      21.950000              0.031133
      22.050000              0.031148
      22.150000              0.031151
      22.250000              0.031146
      22.350000              0.031155
      22.450000              0.031162
      22.550000              0.031164
      22.650000              0.031171
      22.750000              0.031171
      22.850000              0.031171
      22.950000              0.031181
      23.050000              0.031177
      23.150000              0.031189
      23.250000              0.031192
      23.350000              0.031194
      23.450000              0.031201
      23.550000              0.031205
      23.650000              0.031207
      23.750000              0.031212
      23.850000              0.031213
      23.950000              0.031216
      24.050000              0.031222
      24.150000              0.031219
      24.250000              0.031231
      24.350000              0.031235
      24.450000              0.031232
      24.550000              0.031238
      24.650000              0.031241
      24.750000              0.031242
      24.850000              0.031247
      24.950000              0.031250
      25.050000              0.031247
      25.150000              0.031252
      25.250000              0.031255
      25.350000              0.031257
      25.450000              0.031254
      25.550000              0.031263
      25.650000              0.031261
      25.750000              0.031267
      25.850000              0.031267
      25.950000              0.031269
      26.050000              0.031273
      26.150000              0.031274
      26.250000              0.031279
      26.350000              0.031280
      26.450000              0.031281
      26.550000              0.031288
      26.650000              0.031292
      26.750000              0.031290
      26.850000              0.031290
      26.950000              0.031292
      27.050000              0.031291
      27.150000              0.031293
      27.250000              0.031300
      27.350000              0.031292
      27.450000              0.031300
      27.550000              0.031302
      27.650000              0.031306
      27.750000              0.031308
      27.850000              0.031306
      27.950000              0.031307
      28.050000              0.031310
      28.150000              0.031308
      28.250000              0.031313
      28.350000              0.031314
      28.450000              0.031315
      28.550000              0.031318
      28.650000              0.031319
      28.750000              0.031317
      28.850000              0.031321
      28.950000              0.031322
      29.050000              0.031326
      29.150000              0.031324
      29.250000              0.031322
      29.350000              0.031326
      29.450000              0.031329
      29.550000              0.031327
      29.650000              0.031333
      29.750000              0.031332
      29.850000              0.031339
      29.950000              0.031336
