#Distance_(Ang) :1-10@O2_=>_:WAT@O
       0.050000           0.000000
       0.150000           0.000000
       0.250000           0.000000
       0.350000           0.000000
       0.450000           0.000000
       0.550000           0.000000
       0.650000           0.000000
       0.750000           0.000000
       0.850000           0.000000
       0.950000           0.000000
       1.050000           0.000000
       1.150000           0.000000
       1.250000           0.000000
       1.350000           0.000000
       1.450000           0.000000
       1.550000           0.000000
       1.650000           0.000000
       1.750000           0.000000
       1.850000           0.000000
       1.950000           0.000000
       2.050000           0.000000
       2.150000           0.000000
       2.250000           0.000000
       2.350000           0.000005
       2.450000           0.000991
       2.550000           0.012349
       2.650000           0.035913
       2.750000           0.047086
       2.850000           0.040561
       2.950000           0.030177
       3.050000           0.023419
       3.150000           0.020490
       3.250000           0.019622
       3.350000           0.019382
       3.450000           0.019197
       3.550000           0.019124
       3.650000           0.018921
       3.750000           0.018775
       3.850000           0.018663
       3.950000           0.019143
       4.050000           0.020159
       4.150000           0.019682
       4.250000           0.018522
       4.350000           0.018075
       4.450000           0.017978
       4.550000           0.018091
       4.650000           0.018240
       4.750000           0.018515
       4.850000           0.018818
       4.950000           0.019194
       5.050000           0.019588
       5.150000           0.020042
       5.250000           0.020431
       5.350000           0.020770
       5.450000           0.020875
       5.550000           0.020747
       5.650000           0.020579
       5.750000           0.020515
       5.850000           0.020485
       5.950000           0.020628
       6.050000           0.020820
       6.150000           0.021063
       6.250000           0.021237
       6.350000           0.021498
       6.450000           0.021761
       6.550000           0.022085
       6.650000           0.022458
       6.750000           0.022994
       6.850000           0.023736
       6.950000           0.024546
       7.050000           0.025050
       7.150000           0.025106
       7.250000           0.024884
       7.350000           0.024528
       7.450000           0.024320
       7.550000           0.024171
       7.650000           0.024051
       7.750000           0.023999
       7.850000           0.023938
       7.950000           0.023930
       8.050000           0.023915
       8.150000           0.023921
       8.250000           0.023963
       8.350000           0.024075
       8.450000           0.024161
       8.550000           0.024320
       8.650000           0.024499
       8.750000           0.024746
       8.850000           0.024925
       8.950000           0.025186
       9.050000           0.025478
       9.150000           0.025751
       9.250000           0.026027
       9.350000           0.026315
       9.450000           0.026575
       9.550000           0.026777
       9.650000           0.026991
       9.750000           0.027156
       9.850000           0.027272
       9.950000           0.027398
      10.050000           0.027477
      10.150000           0.027569
      10.250000           0.027640
      10.350000           0.027667
      10.450000           0.027709
      10.550000           0.027742
      10.650000           0.027765
      10.750000           0.027774
      10.850000           0.027818
      10.950000           0.027841
      11.050000           0.027880
      11.150000           0.027923
      11.250000           0.027990
      11.350000           0.028005
      11.450000           0.028044
      11.550000           0.028079
      11.650000           0.028125
      11.750000           0.028188
      11.850000           0.028253
      11.950000           0.028372
      12.050000           0.028477
      12.150000           0.028576
      12.250000           0.028673
      12.350000           0.028761
      12.450000           0.028853
      12.550000           0.028923
      12.650000           0.029005
      12.750000           0.029075
      12.850000           0.029137
      12.950000           0.029208
      13.050000           0.029254
      13.150000           0.029312
      13.250000           0.029369
      13.350000           0.029415
      13.450000           0.029488
      13.550000           0.029521
      13.650000           0.029545
      13.750000           0.029597
      13.850000           0.029640
      13.950000           0.029686
      14.050000           0.029721
      14.150000           0.029746
      14.250000           0.029789
      14.350000           0.029834
      14.450000           0.029857
      14.550000           0.029900
      14.650000           0.029938
      14.750000           0.029960
      14.850000           0.029999
      14.950000           0.030025
      15.050000           0.030063
      15.150000           0.030087
      15.250000           0.030115
      15.350000           0.030146
      15.450000           0.030173
      15.550000           0.030189
      15.650000           0.030227
      15.750000           0.030247
      15.850000           0.030268
      15.950000           0.030299
      16.050000           0.030330
      16.150000           0.030353
      16.250000           0.030388
      16.350000           0.030418
      16.450000           0.030446
      16.550000           0.030473
      16.650000           0.030504
      16.750000           0.030526
      16.850000           0.030540
      16.950000           0.030564
      17.050000           0.030583
      17.150000           0.030601
      17.250000           0.030629
      17.350000           0.030652
      17.450000           0.030667
      17.550000           0.030683
      17.650000           0.030709
      17.750000           0.030724
      17.850000           0.030751
      17.950000           0.030761
      18.050000           0.030772
      18.150000           0.030796
      18.250000           0.030801
      18.350000           0.030837
      18.450000           0.030843
      18.550000           0.030875
      18.650000           0.030872
      18.750000           0.030898
      18.850000           0.030902
      18.950000           0.030919
      19.050000           0.030936
      19.150000           0.030933
      19.250000           0.030957
      19.350000           0.030965
      19.450000           0.030979
      19.550000           0.030991
      19.650000           0.030996
      19.750000           0.031009
      19.850000           0.031013
      19.950000           0.031024
      20.050000           0.031023
      20.150000           0.031033
      20.250000           0.031033
      20.350000           0.031050
      20.450000           0.031056
      20.550000           0.031055
      20.650000           0.031068
      20.750000           0.031077
      20.850000           0.031076
      20.950000           0.031084
      21.050000           0.031100
      21.150000           0.031102
      21.250000           0.031108
      21.350000           0.031117
      21.450000           0.031115
      21.550000           0.031122
      21.650000           0.031137
      21.750000           0.031139
      21.850000           0.031146
      21.950000           0.031150
      22.050000           0.031158
      22.150000           0.031159
      22.250000           0.031159
      22.350000           0.031171
      22.450000           0.031164
      22.550000           0.031172
      22.650000           0.031174
      22.750000           0.031177
      22.850000           0.031187
      22.950000           0.031181
      23.050000           0.031185
      23.150000           0.031193
      23.250000           0.031199
      23.350000           0.031197
      23.450000           0.031193
      23.550000           0.031203
      23.650000           0.031197
      23.750000           0.031209
      23.850000           0.031206
      23.950000           0.031210
      24.050000           0.031206
      24.150000           0.031213
      24.250000           0.031210
      24.350000           0.031218
      24.450000           0.031221
      24.550000           0.031225
      24.650000           0.031225
      24.750000           0.031236
      24.850000           0.031242
      24.950000           0.031243
      25.050000           0.031238
      25.150000           0.031246
      25.250000           0.031245
      25.350000           0.031249
      25.450000           0.031262
      25.550000           0.031267
      25.650000           0.031264
      25.750000           0.031249
      25.850000           0.031265
      25.950000           0.031270
      26.050000           0.031266
      26.150000           0.031278
      26.250000           0.031264
      26.350000           0.031279
      26.450000           0.031282
      26.550000           0.031282
      26.650000           0.031278
      26.750000           0.031282
      26.850000           0.031290
      26.950000           0.031291
      27.050000           0.031293
      27.150000           0.031292
      27.250000           0.031297
      27.350000           0.031301
      27.450000           0.031304
      27.550000           0.031306
      27.650000           0.031307
      27.750000           0.031313
      27.850000           0.031320
      27.950000           0.031312
      28.050000           0.031314
      28.150000           0.031318
      28.250000           0.031316
      28.350000           0.031320
      28.450000           0.031320
      28.550000           0.031320
      28.650000           0.031322
      28.750000           0.031322
      28.850000           0.031321
      28.950000           0.031324
      29.050000           0.031332
      29.150000           0.031332
      29.250000           0.031330
      29.350000           0.031329
      29.450000           0.031331
      29.550000           0.031334
      29.650000           0.031332
      29.750000           0.031341
      29.850000           0.031329
      29.950000           0.031334
