#Distance_(Ang) :1-10@O6_=>_:WAT@O
       0.050000           0.000000
       0.150000           0.000000
       0.250000           0.000000
       0.350000           0.000000
       0.450000           0.000000
       0.550000           0.000000
       0.650000           0.000000
       0.750000           0.000000
       0.850000           0.000000
       0.950000           0.000000
       1.050000           0.000000
       1.150000           0.000000
       1.250000           0.000000
       1.350000           0.000000
       1.450000           0.000000
       1.550000           0.000000
       1.650000           0.000000
       1.750000           0.000000
       1.850000           0.000000
       1.950000           0.000000
       2.050000           0.000000
       2.150000           0.000000
       2.250000           0.000000
       2.350000           0.000003
       2.450000           0.000814
       2.550000           0.010896
       2.650000           0.032534
       2.750000           0.042029
       2.850000           0.036218
       2.950000           0.027718
       3.050000           0.021961
       3.150000           0.019038
       3.250000           0.017815
       3.350000           0.017431
       3.450000           0.017497
       3.550000           0.017752
       3.650000           0.018091
       3.750000           0.018508
       3.850000           0.018942
       3.950000           0.019327
       4.050000           0.019602
       4.150000           0.019687
       4.250000           0.019573
       4.350000           0.019440
       4.450000           0.019193
       4.550000           0.019052
       4.650000           0.019002
       4.750000           0.018957
       4.850000           0.019036
       4.950000           0.019215
       5.050000           0.019426
       5.150000           0.019751
       5.250000           0.020048
       5.350000           0.020383
       5.450000           0.020690
       5.550000           0.020826
       5.650000           0.020964
       5.750000           0.021138
       5.850000           0.021413
       5.950000           0.021798
       6.050000           0.022231
       6.150000           0.022750
       6.250000           0.023193
       6.350000           0.023653
       6.450000           0.024060
       6.550000           0.024421
       6.650000           0.024801
       6.750000           0.025196
       6.850000           0.025441
       6.950000           0.025639
       7.050000           0.025832
       7.150000           0.026025
       7.250000           0.025973
       7.350000           0.025510
       7.450000           0.024911
       7.550000           0.024459
       7.650000           0.024130
       7.750000           0.023919
       7.850000           0.023819
       7.950000           0.023816
       8.050000           0.023852
       8.150000           0.023926
       8.250000           0.024053
       8.350000           0.024173
       8.450000           0.024353
       8.550000           0.024576
       8.650000           0.024754
       8.750000           0.025014
       8.850000           0.025258
       8.950000           0.025480
       9.050000           0.025712
       9.150000           0.025957
       9.250000           0.026210
       9.350000           0.026435
       9.450000           0.026663
       9.550000           0.026875
       9.650000           0.027098
       9.750000           0.027283
       9.850000           0.027449
       9.950000           0.027603
      10.050000           0.027737
      10.150000           0.027864
      10.250000           0.027954
      10.350000           0.028050
      10.450000           0.028155
      10.550000           0.028252
      10.650000           0.028358
      10.750000           0.028476
      10.850000           0.028618
      10.950000           0.028787
      11.050000           0.028936
      11.150000           0.029080
      11.250000           0.029184
      11.350000           0.029241
      11.450000           0.029268
      11.550000           0.029252
      11.650000           0.029261
      11.750000           0.029261
      11.850000           0.029237
      11.950000           0.029236
      12.050000           0.029255
      12.150000           0.029261
      12.250000           0.029298
      12.350000           0.029341
      12.450000           0.029382
      12.550000           0.029422
      12.650000           0.029483
      12.750000           0.029526
      12.850000           0.029595
      12.950000           0.029657
      13.050000           0.029731
      13.150000           0.029807
      13.250000           0.029870
      13.350000           0.029923
      13.450000           0.029980
      13.550000           0.030017
      13.650000           0.030030
      13.750000           0.030044
      13.850000           0.030079
      13.950000           0.030097
      14.050000           0.030116
      14.150000           0.030135
      14.250000           0.030136
      14.350000           0.030154
      14.450000           0.030174
      14.550000           0.030158
      14.650000           0.030162
      14.750000           0.030180
      14.850000           0.030188
      14.950000           0.030194
      15.050000           0.030206
      15.150000           0.030222
      15.250000           0.030218
      15.350000           0.030242
      15.450000           0.030260
      15.550000           0.030279
      15.650000           0.030294
      15.750000           0.030321
      15.850000           0.030335
      15.950000           0.030355
      16.050000           0.030391
      16.150000           0.030403
      16.250000           0.030431
      16.350000           0.030445
      16.450000           0.030479
      16.550000           0.030500
      16.650000           0.030505
      16.750000           0.030531
      16.850000           0.030545
      16.950000           0.030571
      17.050000           0.030584
      17.150000           0.030611
      17.250000           0.030612
      17.350000           0.030632
      17.450000           0.030647
      17.550000           0.030642
      17.650000           0.030657
      17.750000           0.030650
      17.850000           0.030673
      17.950000           0.030670
      18.050000           0.030676
      18.150000           0.030674
      18.250000           0.030680
      18.350000           0.030689
      18.450000           0.030702
      18.550000           0.030700
      18.650000           0.030700
      18.750000           0.030714
      18.850000           0.030721
      18.950000           0.030726
      19.050000           0.030732
      19.150000           0.030753
      19.250000           0.030758
      19.350000           0.030772
      19.450000           0.030783
      19.550000           0.030786
      19.650000           0.030801
      19.750000           0.030819
      19.850000           0.030834
      19.950000           0.030844
      20.050000           0.030851
      20.150000           0.030870
      20.250000           0.030878
      20.350000           0.030886
      20.450000           0.030901
      20.550000           0.030915
      20.650000           0.030919
      20.750000           0.030916
      20.850000           0.030925
      20.950000           0.030934
      21.050000           0.030941
      21.150000           0.030954
      21.250000           0.030950
      21.350000           0.030955
      21.450000           0.030960
      21.550000           0.030964
      21.650000           0.030968
      21.750000           0.030978
      21.850000           0.030982
      21.950000           0.030984
      22.050000           0.030989
      22.150000           0.031001
      22.250000           0.031010
      22.350000           0.031012
      22.450000           0.031017
      22.550000           0.031027
      22.650000           0.031027
      22.750000           0.031037
      22.850000           0.031043
      22.950000           0.031057
      23.050000           0.031053
      23.150000           0.031058
      23.250000           0.031066
      23.350000           0.031066
      23.450000           0.031083
      23.550000           0.031085
      23.650000           0.031089
      23.750000           0.031094
      23.850000           0.031102
      23.950000           0.031113
      24.050000           0.031106
      24.150000           0.031110
      24.250000           0.031118
      24.350000           0.031129
      24.450000           0.031126
      24.550000           0.031132
      24.650000           0.031138
      24.750000           0.031141
      24.850000           0.031146
      24.950000           0.031144
      25.050000           0.031162
      25.150000           0.031155
      25.250000           0.031164
      25.350000           0.031164
      25.450000           0.031167
      25.550000           0.031174
      25.650000           0.031183
      25.750000           0.031175
      25.850000           0.031188
      25.950000           0.031186
      26.050000           0.031193
      26.150000           0.031191
      26.250000           0.031201
      26.350000           0.031196
      26.450000           0.031200
      26.550000           0.031204
      26.650000           0.031214
      26.750000           0.031207
      26.850000           0.031211
      26.950000           0.031217
      27.050000           0.031223
      27.150000           0.031224
      27.250000           0.031227
      27.350000           0.031220
      27.450000           0.031229
      27.550000           0.031232
      27.650000           0.031235
      27.750000           0.031249
      27.850000           0.031238
      27.950000           0.031246
      28.050000           0.031243
      28.150000           0.031255
      28.250000           0.031250
      28.350000           0.031257
      28.450000           0.031250
      28.550000           0.031259
      28.650000           0.031257
      28.750000           0.031260
      28.850000           0.031266
      28.950000           0.031263
      29.050000           0.031266
      29.150000           0.031268
      29.250000           0.031273
      29.350000           0.031269
      29.450000           0.031269
      29.550000           0.031278
      29.650000           0.031277
      29.750000           0.031276
      29.850000           0.031287
      29.950000           0.031286
