#Distance_(Ang) :1-10@N1,N2,N3,N7_=>_:WAT@O
       0.050000                    0.000000
       0.150000                    0.000000
       0.250000                    0.000000
       0.350000                    0.000000
       0.450000                    0.000000
       0.550000                    0.000000
       0.650000                    0.000000
       0.750000                    0.000000
       0.850000                    0.000000
       0.950000                    0.000000
       1.050000                    0.000000
       1.150000                    0.000000
       1.250000                    0.000000
       1.350000                    0.000000
       1.450000                    0.000000
       1.550000                    0.000000
       1.650000                    0.000000
       1.750000                    0.000000
       1.850000                    0.000000
       1.950000                    0.000000
       2.050000                    0.000000
       2.150000                    0.000000
       2.250000                    0.000000
       2.350000                    0.000000
       2.450000                    0.000001
       2.550000                    0.000140
       2.650000                    0.002446
       2.750000                    0.011968
       2.850000                    0.023508
       2.950000                    0.026063
       3.050000                    0.022897
       3.150000                    0.019637
       3.250000                    0.017799
       3.350000                    0.016934
       3.450000                    0.016608
       3.550000                    0.016509
       3.650000                    0.016516
       3.750000                    0.016378
       3.850000                    0.016192
       3.950000                    0.015918
       4.050000                    0.015592
       4.150000                    0.015274
       4.250000                    0.015073
       4.350000                    0.015025
       4.450000                    0.015196
       4.550000                    0.015748
       4.650000                    0.016930
       4.750000                    0.018393
       4.850000                    0.019518
       4.950000                    0.020036
       5.050000                    0.020043
       5.150000                    0.019725
       5.250000                    0.019432
       5.350000                    0.019365
       5.450000                    0.019522
       5.550000                    0.019805
       5.650000                    0.020124
       5.750000                    0.020502
       5.850000                    0.020884
       5.950000                    0.021271
       6.050000                    0.021656
       6.150000                    0.022028
       6.250000                    0.022378
       6.350000                    0.022717
       6.450000                    0.022967
       6.550000                    0.023173
       6.650000                    0.023331
       6.750000                    0.023516
       6.850000                    0.023755
       6.950000                    0.024056
       7.050000                    0.024329
       7.150000                    0.024555
       7.250000                    0.024660
       7.350000                    0.024763
       7.450000                    0.024854
       7.550000                    0.024960
       7.650000                    0.025063
       7.750000                    0.025154
       7.850000                    0.025262
       7.950000                    0.025370
       8.050000                    0.025522
       8.150000                    0.025677
       8.250000                    0.025843
       8.350000                    0.026009
       8.450000                    0.026157
       8.550000                    0.026313
       8.650000                    0.026424
       8.750000                    0.026561
       8.850000                    0.026697
       8.950000                    0.026816
       9.050000                    0.026938
       9.150000                    0.027041
       9.250000                    0.027150
       9.350000                    0.027260
       9.450000                    0.027357
       9.550000                    0.027481
       9.650000                    0.027580
       9.750000                    0.027694
       9.850000                    0.027806
       9.950000                    0.027910
      10.050000                    0.028012
      10.150000                    0.028121
      10.250000                    0.028224
      10.350000                    0.028331
      10.450000                    0.028436
      10.550000                    0.028531
      10.650000                    0.028620
      10.750000                    0.028718
      10.850000                    0.028785
      10.950000                    0.028881
      11.050000                    0.028935
      11.150000                    0.029012
      11.250000                    0.029081
      11.350000                    0.029134
      11.450000                    0.029185
      11.550000                    0.029229
      11.650000                    0.029268
      11.750000                    0.029310
      11.850000                    0.029354
      11.950000                    0.029386
      12.050000                    0.029426
      12.150000                    0.029464
      12.250000                    0.029504
      12.350000                    0.029546
      12.450000                    0.029588
      12.550000                    0.029622
      12.650000                    0.029666
      12.750000                    0.029706
      12.850000                    0.029741
      12.950000                    0.029768
      13.050000                    0.029786
      13.150000                    0.029809
      13.250000                    0.029825
      13.350000                    0.029831
      13.450000                    0.029838
      13.550000                    0.029847
      13.650000                    0.029862
      13.750000                    0.029880
      13.850000                    0.029891
      13.950000                    0.029929
      14.050000                    0.029949
      14.150000                    0.029983
      14.250000                    0.030025
      14.350000                    0.030056
      14.450000                    0.030087
      14.550000                    0.030119
      14.650000                    0.030149
      14.750000                    0.030172
      14.850000                    0.030191
      14.950000                    0.030215
      15.050000                    0.030237
      15.150000                    0.030249
      15.250000                    0.030271
      15.350000                    0.030294
      15.450000                    0.030310
      15.550000                    0.030333
      15.650000                    0.030349
      15.750000                    0.030372
      15.850000                    0.030392
      15.950000                    0.030410
      16.050000                    0.030424
      16.150000                    0.030436
      16.250000                    0.030460
      16.350000                    0.030465
      16.450000                    0.030478
      16.550000                    0.030492
      16.650000                    0.030502
      16.750000                    0.030521
      16.850000                    0.030527
      16.950000                    0.030546
      17.050000                    0.030555
      17.150000                    0.030569
      17.250000                    0.030579
      17.350000                    0.030594
      17.450000                    0.030601
      17.550000                    0.030617
      17.650000                    0.030625
      17.750000                    0.030631
      17.850000                    0.030643
      17.950000                    0.030659
      18.050000                    0.030672
      18.150000                    0.030683
      18.250000                    0.030689
      18.350000                    0.030708
      18.450000                    0.030715
      18.550000                    0.030728
      18.650000                    0.030744
      18.750000                    0.030747
      18.850000                    0.030763
      18.950000                    0.030772
      19.050000                    0.030790
      19.150000                    0.030799
      19.250000                    0.030806
      19.350000                    0.030819
      19.450000                    0.030825
      19.550000                    0.030839
      19.650000                    0.030846
      19.750000                    0.030856
      19.850000                    0.030862
      19.950000                    0.030872
      20.050000                    0.030881
      20.150000                    0.030882
      20.250000                    0.030892
      20.350000                    0.030895
      20.450000                    0.030902
      20.550000                    0.030908
      20.650000                    0.030911
      20.750000                    0.030918
      20.850000                    0.030925
      20.950000                    0.030933
      21.050000                    0.030934
      21.150000                    0.030945
      21.250000                    0.030948
      21.350000                    0.030956
      21.450000                    0.030962
      21.550000                    0.030971
      21.650000                    0.030977
      21.750000                    0.030987
      21.850000                    0.030991
      21.950000                    0.031000
      22.050000                    0.031007
      22.150000                    0.031010
      22.250000                    0.031017
      22.350000                    0.031028
      22.450000                    0.031030
      22.550000                    0.031040
      22.650000                    0.031045
      22.750000                    0.031053
      22.850000                    0.031057
      22.950000                    0.031065
      23.050000                    0.031069
      23.150000                    0.031075
      23.250000                    0.031080
      23.350000                    0.031091
      23.450000                    0.031089
      23.550000                    0.031100
      23.650000                    0.031104
      23.750000                    0.031106
      23.850000                    0.031110
      23.950000                    0.031113
      24.050000                    0.031117
      24.150000                    0.031117
      24.250000                    0.031124
      24.350000                    0.031130
      24.450000                    0.031133
      24.550000                    0.031134
      24.650000                    0.031136
      24.750000                    0.031141
      24.850000                    0.031148
      24.950000                    0.031149
      25.050000                    0.031150
      25.150000                    0.031156
      25.250000                    0.031160
      25.350000                    0.031160
      25.450000                    0.031169
      25.550000                    0.031171
      25.650000                    0.031175
      25.750000                    0.031176
      25.850000                    0.031176
      25.950000                    0.031183
      26.050000                    0.031185
      26.150000                    0.031192
      26.250000                    0.031193
      26.350000                    0.031195
      26.450000                    0.031200
      26.550000                    0.031204
      26.650000                    0.031205
      26.750000                    0.031211
      26.850000                    0.031211
      26.950000                    0.031214
      27.050000                    0.031220
      27.150000                    0.031221
      27.250000                    0.031219
      27.350000                    0.031222
      27.450000                    0.031230
      27.550000                    0.031231
      27.650000                    0.031232
      27.750000                    0.031239
      27.850000                    0.031239
      27.950000                    0.031237
      28.050000                    0.031243
      28.150000                    0.031242
      28.250000                    0.031245
      28.350000                    0.031245
      28.450000                    0.031246
      28.550000                    0.031250
      28.650000                    0.031255
      28.750000                    0.031255
      28.850000                    0.031259
      28.950000                    0.031256
      29.050000                    0.031259
      29.150000                    0.031262
      29.250000                    0.031265
      29.350000                    0.031268
      29.450000                    0.031269
      29.550000                    0.031268
      29.650000                    0.031271
      29.750000                    0.031272
      29.850000                    0.031273
      29.950000                    0.031277
