#Distance_(Ang) :1-10@O2,O4_=>_:WAT@O
       0.050000              0.000000
       0.150000              0.000000
       0.250000              0.000000
       0.350000              0.000000
       0.450000              0.000000
       0.550000              0.000000
       0.650000              0.000000
       0.750000              0.000000
       0.850000              0.000000
       0.950000              0.000000
       1.050000              0.000000
       1.150000              0.000000
       1.250000              0.000000
       1.350000              0.000000
       1.450000              0.000000
       1.550000              0.000000
       1.650000              0.000000
       1.750000              0.000000
       1.850000              0.000000
       1.950000              0.000000
       2.050000              0.000000
       2.150000              0.000000
       2.250000              0.000000
       2.350000              0.000004
       2.450000              0.000628
       2.550000              0.008900
       2.650000              0.028507
       2.750000              0.040058
       2.850000              0.036655
       2.950000              0.027740
       3.050000              0.021233
       3.150000              0.018490
       3.250000              0.018009
       3.350000              0.018572
       3.450000              0.019393
       3.550000              0.020143
       3.650000              0.020597
       3.750000              0.020728
       3.850000              0.020591
       3.950000              0.020522
       4.050000              0.020701
       4.150000              0.019873
       4.250000              0.018947
       4.350000              0.018542
       4.450000              0.018375
       4.550000              0.018301
       4.650000              0.018346
       4.750000              0.018504
       4.850000              0.018792
       4.950000              0.019192
       5.050000              0.019634
       5.150000              0.020116
       5.250000              0.020596
       5.350000              0.020997
       5.450000              0.021235
       5.550000              0.021378
       5.650000              0.021445
       5.750000              0.021550
       5.850000              0.021735
       5.950000              0.021991
       6.050000              0.022268
       6.150000              0.022539
       6.250000              0.022812
       6.350000              0.023035
       6.450000              0.023248
       6.550000              0.023458
       6.650000              0.023671
       6.750000              0.023914
       6.850000              0.024167
       6.950000              0.024428
       7.050000              0.024531
       7.150000              0.024495
       7.250000              0.024323
       7.350000              0.024093
       7.450000              0.023907
       7.550000              0.023823
       7.650000              0.023827
       7.750000              0.023880
       7.850000              0.023953
       7.950000              0.024060
       8.050000              0.024184
       8.150000              0.024297
       8.250000              0.024394
       8.350000              0.024502
       8.450000              0.024642
       8.550000              0.024784
       8.650000              0.024940
       8.750000              0.025084
       8.850000              0.025226
       8.950000              0.025405
       9.050000              0.025568
       9.150000              0.025758
       9.250000              0.025959
       9.350000              0.026162
       9.450000              0.026340
       9.550000              0.026516
       9.650000              0.026693
       9.750000              0.026866
       9.850000              0.026989
       9.950000              0.027122
      10.050000              0.027238
      10.150000              0.027345
      10.250000              0.027456
      10.350000              0.027586
      10.450000              0.027695
      10.550000              0.027804
      10.650000              0.027915
      10.750000              0.027995
      10.850000              0.028054
      10.950000              0.028107
      11.050000              0.028140
      11.150000              0.028158
      11.250000              0.028177
      11.350000              0.028204
      11.450000              0.028218
      11.550000              0.028255
      11.650000              0.028291
      11.750000              0.028347
      11.850000              0.028373
      11.950000              0.028449
      12.050000              0.028514
      12.150000              0.028583
      12.250000              0.028646
      12.350000              0.028731
      12.450000              0.028788
      12.550000              0.028855
      12.650000              0.028919
      12.750000              0.028991
      12.850000              0.029062
      12.950000              0.029119
      13.050000              0.029192
      13.150000              0.029243
      13.250000              0.029292
      13.350000              0.029324
      13.450000              0.029371
      13.550000              0.029400
      13.650000              0.029451
      13.750000              0.029491
      13.850000              0.029524
      13.950000              0.029585
      14.050000              0.029619
      14.150000              0.029667
      14.250000              0.029716
      14.350000              0.029754
      14.450000              0.029787
      14.550000              0.029828
      14.650000              0.029862
      14.750000              0.029897
      14.850000              0.029926
      14.950000              0.029961
      15.050000              0.029984
      15.150000              0.030027
      15.250000              0.030059
      15.350000              0.030089
      15.450000              0.030118
      15.550000              0.030146
      15.650000              0.030170
      15.750000              0.030209
      15.850000              0.030232
      15.950000              0.030256
      16.050000              0.030293
      16.150000              0.030308
      16.250000              0.030337
      16.350000              0.030369
      16.450000              0.030404
      16.550000              0.030430
      16.650000              0.030466
      16.750000              0.030479
      16.850000              0.030512
      16.950000              0.030547
      17.050000              0.030567
      17.150000              0.030595
      17.250000              0.030621
      17.350000              0.030642
      17.450000              0.030667
      17.550000              0.030693
      17.650000              0.030711
      17.750000              0.030736
      17.850000              0.030755
      17.950000              0.030775
      18.050000              0.030800
      18.150000              0.030816
      18.250000              0.030823
      18.350000              0.030838
      18.450000              0.030855
      18.550000              0.030872
      18.650000              0.030881
      18.750000              0.030886
      18.850000              0.030900
      18.950000              0.030915
      19.050000              0.030924
      19.150000              0.030928
      19.250000              0.030939
      19.350000              0.030949
      19.450000              0.030959
      19.550000              0.030970
      19.650000              0.030980
      19.750000              0.030982
      19.850000              0.030986
      19.950000              0.030995
      20.050000              0.031014
      20.150000              0.031015
      20.250000              0.031025
      20.350000              0.031031
      20.450000              0.031043
      20.550000              0.031045
      20.650000              0.031043
      20.750000              0.031059
      20.850000              0.031063
      20.950000              0.031071
      21.050000              0.031083
      21.150000              0.031089
      21.250000              0.031092
      21.350000              0.031106
      21.450000              0.031107
      21.550000              0.031120
      21.650000              0.031130
      21.750000              0.031132
      21.850000              0.031138
      21.950000              0.031147
      22.050000              0.031155
      22.150000              0.031170
      22.250000              0.031165
      22.350000              0.031169
      22.450000              0.031179
      22.550000              0.031182
      22.650000              0.031186
      22.750000              0.031188
      22.850000              0.031199
      22.950000              0.031209
      23.050000              0.031211
      23.150000              0.031212
      23.250000              0.031219
      23.350000              0.031220
      23.450000              0.031221
      23.550000              0.031229
      23.650000              0.031234
      23.750000              0.031228
      23.850000              0.031234
      23.950000              0.031239
      24.050000              0.031242
      24.150000              0.031253
      24.250000              0.031250
      24.350000              0.031252
      24.450000              0.031250
      24.550000              0.031264
      24.650000              0.031261
      24.750000              0.031262
      24.850000              0.031267
      24.950000              0.031266
      25.050000              0.031270
      25.150000              0.031280
      25.250000              0.031275
      25.350000              0.031275
      25.450000              0.031279
      25.550000              0.031282
      25.650000              0.031277
      25.750000              0.031285
      25.850000              0.031291
      25.950000              0.031290
      26.050000              0.031295
      26.150000              0.031292
      26.250000              0.031294
      26.350000              0.031295
      26.450000              0.031291
      26.550000              0.031296
      26.650000              0.031304
      26.750000              0.031305
      26.850000              0.031303
      26.950000              0.031310
      27.050000              0.031308
      27.150000              0.031304
      27.250000              0.031307
      27.350000              0.031312
      27.450000              0.031310
      27.550000              0.031316
      27.650000              0.031314
      27.750000              0.031315
      27.850000              0.031319
      27.950000              0.031313
      28.050000              0.031321
      28.150000              0.031318
      28.250000              0.031316
      28.350000              0.031316
      28.450000              0.031322
      28.550000              0.031323
      28.650000              0.031327
      28.750000              0.031327
      28.850000              0.031325
      28.950000              0.031324
      29.050000              0.031328
      29.150000              0.031333
      29.250000              0.031328
      29.350000              0.031329
      29.450000              0.031333
      29.550000              0.031333
      29.650000              0.031333
      29.750000              0.031327
      29.850000              0.031330
      29.950000              0.031334
