#Distance_(Ang) :1-10@N1,N3,N7,N6_=>_:WAT@O
       0.050000                    0.000000
       0.150000                    0.000000
       0.250000                    0.000000
       0.350000                    0.000000
       0.450000                    0.000000
       0.550000                    0.000000
       0.650000                    0.000000
       0.750000                    0.000000
       0.850000                    0.000000
       0.950000                    0.000000
       1.050000                    0.000000
       1.150000                    0.000000
       1.250000                    0.000000
       1.350000                    0.000000
       1.450000                    0.000000
       1.550000                    0.000000
       1.650000                    0.000000
       1.750000                    0.000000
       1.850000                    0.000000
       1.950000                    0.000000
       2.050000                    0.000000
       2.150000                    0.000000
       2.250000                    0.000000
       2.350000                    0.000000
       2.450000                    0.000001
       2.550000                    0.000217
       2.650000                    0.002915
       2.750000                    0.010419
       2.850000                    0.017050
       2.950000                    0.017823
       3.050000                    0.015504
       3.150000                    0.013535
       3.250000                    0.012657
       3.350000                    0.012574
       3.450000                    0.012893
       3.550000                    0.013407
       3.650000                    0.013971
       3.750000                    0.014463
       3.850000                    0.014905
       3.950000                    0.015305
       4.050000                    0.015622
       4.150000                    0.015894
       4.250000                    0.016240
       4.350000                    0.016596
       4.450000                    0.017034
       4.550000                    0.017558
       4.650000                    0.018116
       4.750000                    0.018713
       4.850000                    0.019078
       4.950000                    0.018984
       5.050000                    0.018476
       5.150000                    0.017861
       5.250000                    0.017412
       5.350000                    0.017249
       5.450000                    0.017357
       5.550000                    0.017682
       5.650000                    0.018114
       5.750000                    0.018612
       5.850000                    0.019211
       5.950000                    0.019809
       6.050000                    0.020289
       6.150000                    0.020615
       6.250000                    0.020843
       6.350000                    0.021001
       6.450000                    0.021123
       6.550000                    0.021247
       6.650000                    0.021409
       6.750000                    0.021560
       6.850000                    0.021706
       6.950000                    0.021822
       7.050000                    0.021981
       7.150000                    0.022153
       7.250000                    0.022344
       7.350000                    0.022522
       7.450000                    0.022691
       7.550000                    0.022848
       7.650000                    0.022984
       7.750000                    0.023094
       7.850000                    0.023231
       7.950000                    0.023394
       8.050000                    0.023540
       8.150000                    0.023734
       8.250000                    0.023946
       8.350000                    0.024133
       8.450000                    0.024350
       8.550000                    0.024528
       8.650000                    0.024714
       8.750000                    0.024871
       8.850000                    0.025026
       8.950000                    0.025186
       9.050000                    0.025331
       9.150000                    0.025484
       9.250000                    0.025620
       9.350000                    0.025773
       9.450000                    0.025886
       9.550000                    0.026002
       9.650000                    0.026107
       9.750000                    0.026212
       9.850000                    0.026333
       9.950000                    0.026451
      10.050000                    0.026579
      10.150000                    0.026700
      10.250000                    0.026811
      10.350000                    0.026934
      10.450000                    0.027034
      10.550000                    0.027152
      10.650000                    0.027245
      10.750000                    0.027351
      10.850000                    0.027461
      10.950000                    0.027553
      11.050000                    0.027645
      11.150000                    0.027758
      11.250000                    0.027861
      11.350000                    0.027941
      11.450000                    0.028012
      11.550000                    0.028084
      11.650000                    0.028137
      11.750000                    0.028198
      11.850000                    0.028253
      11.950000                    0.028301
      12.050000                    0.028369
      12.150000                    0.028420
      12.250000                    0.028485
      12.350000                    0.028550
      12.450000                    0.028607
      12.550000                    0.028680
      12.650000                    0.028735
      12.750000                    0.028810
      12.850000                    0.028866
      12.950000                    0.028921
      13.050000                    0.028987
      13.150000                    0.029029
      13.250000                    0.029087
      13.350000                    0.029135
      13.450000                    0.029192
      13.550000                    0.029231
      13.650000                    0.029290
      13.750000                    0.029347
      13.850000                    0.029390
      13.950000                    0.029441
      14.050000                    0.029499
      14.150000                    0.029560
      14.250000                    0.029604
      14.350000                    0.029656
      14.450000                    0.029692
      14.550000                    0.029732
      14.650000                    0.029770
      14.750000                    0.029823
      14.850000                    0.029856
      14.950000                    0.029893
      15.050000                    0.029945
      15.150000                    0.029986
      15.250000                    0.030018
      15.350000                    0.030069
      15.450000                    0.030107
      15.550000                    0.030153
      15.650000                    0.030200
      15.750000                    0.030231
      15.850000                    0.030275
      15.950000                    0.030315
      16.050000                    0.030355
      16.150000                    0.030402
      16.250000                    0.030439
      16.350000                    0.030473
      16.450000                    0.030512
      16.550000                    0.030543
      16.650000                    0.030566
      16.750000                    0.030601
      16.850000                    0.030618
      16.950000                    0.030654
      17.050000                    0.030669
      17.150000                    0.030695
      17.250000                    0.030721
      17.350000                    0.030744
      17.450000                    0.030764
      17.550000                    0.030787
      17.650000                    0.030802
      17.750000                    0.030826
      17.850000                    0.030840
      17.950000                    0.030864
      18.050000                    0.030881
      18.150000                    0.030892
      18.250000                    0.030909
      18.350000                    0.030921
      18.450000                    0.030938
      18.550000                    0.030952
      18.650000                    0.030960
      18.750000                    0.030980
      18.850000                    0.030992
      18.950000                    0.031002
      19.050000                    0.031009
      19.150000                    0.031021
      19.250000                    0.031032
      19.350000                    0.031047
      19.450000                    0.031056
      19.550000                    0.031068
      19.650000                    0.031075
      19.750000                    0.031086
      19.850000                    0.031091
      19.950000                    0.031100
      20.050000                    0.031116
      20.150000                    0.031117
      20.250000                    0.031130
      20.350000                    0.031133
      20.450000                    0.031140
      20.550000                    0.031151
      20.650000                    0.031161
      20.750000                    0.031162
      20.850000                    0.031168
      20.950000                    0.031177
      21.050000                    0.031180
      21.150000                    0.031183
      21.250000                    0.031197
      21.350000                    0.031194
      21.450000                    0.031202
      21.550000                    0.031208
      21.650000                    0.031211
      21.750000                    0.031221
      21.850000                    0.031221
      21.950000                    0.031226
      22.050000                    0.031235
      22.150000                    0.031232
      22.250000                    0.031244
      22.350000                    0.031250
      22.450000                    0.031256
      22.550000                    0.031254
      22.650000                    0.031265
      22.750000                    0.031267
      22.850000                    0.031269
      22.950000                    0.031281
      23.050000                    0.031280
      23.150000                    0.031288
      23.250000                    0.031292
      23.350000                    0.031298
      23.450000                    0.031302
      23.550000                    0.031300
      23.650000                    0.031312
      23.750000                    0.031311
      23.850000                    0.031316
      23.950000                    0.031317
      24.050000                    0.031318
      24.150000                    0.031325
      24.250000                    0.031325
      24.350000                    0.031331
      24.450000                    0.031332
      24.550000                    0.031336
      24.650000                    0.031335
      24.750000                    0.031341
      24.850000                    0.031342
      24.950000                    0.031347
      25.050000                    0.031344
      25.150000                    0.031345
      25.250000                    0.031344
      25.350000                    0.031350
      25.450000                    0.031350
      25.550000                    0.031348
      25.650000                    0.031356
      25.750000                    0.031351
      25.850000                    0.031358
      25.950000                    0.031358
      26.050000                    0.031355
      26.150000                    0.031353
      26.250000                    0.031347
      26.350000                    0.031353
      26.450000                    0.031356
      26.550000                    0.031352
      26.650000                    0.031356
      26.750000                    0.031349
      26.850000                    0.031351
      26.950000                    0.031353
      27.050000                    0.031356
      27.150000                    0.031347
      27.250000                    0.031349
      27.350000                    0.031354
      27.450000                    0.031355
      27.550000                    0.031351
      27.650000                    0.031354
      27.750000                    0.031349
      27.850000                    0.031351
      27.950000                    0.031350
      28.050000                    0.031349
      28.150000                    0.031352
      28.250000                    0.031352
      28.350000                    0.031354
      28.450000                    0.031355
      28.550000                    0.031350
      28.650000                    0.031352
      28.750000                    0.031351
      28.850000                    0.031353
      28.950000                    0.031353
      29.050000                    0.031350
      29.150000                    0.031353
      29.250000                    0.031348
      29.350000                    0.031348
      29.450000                    0.031350
      29.550000                    0.031347
      29.650000                    0.031347
      29.750000                    0.031349
      29.850000                    0.031345
      29.950000                    0.031347
