#Distance_(Ang) :1-10@O2,O4,O6_=>_:WAT@O
       0.050000                 0.000000
       0.150000                 0.000000
       0.250000                 0.000000
       0.350000                 0.000000
       0.450000                 0.000000
       0.550000                 0.000000
       0.650000                 0.000000
       0.750000                 0.000000
       0.850000                 0.000000
       0.950000                 0.000000
       1.050000                 0.000000
       1.150000                 0.000000
       1.250000                 0.000000
       1.350000                 0.000000
       1.450000                 0.000000
       1.550000                 0.000000
       1.650000                 0.000000
       1.750000                 0.000000
       1.850000                 0.000000
       1.950000                 0.000000
       2.050000                 0.000000
       2.150000                 0.000000
       2.250000                 0.000000
       2.350000                 0.000003
       2.450000                 0.000582
       2.550000                 0.007891
       2.650000                 0.024290
       2.750000                 0.032138
       2.850000                 0.028442
       2.950000                 0.022364
       3.050000                 0.018318
       3.150000                 0.016495
       3.250000                 0.015957
       3.350000                 0.016074
       3.450000                 0.016380
       3.550000                 0.016720
       3.650000                 0.016985
       3.750000                 0.017092
       3.850000                 0.017036
       3.950000                 0.016887
       4.050000                 0.016664
       4.150000                 0.016418
       4.250000                 0.016205
       4.350000                 0.016062
       4.450000                 0.015895
       4.550000                 0.015875
       4.650000                 0.015897
       4.750000                 0.016013
       4.850000                 0.016162
       4.950000                 0.016373
       5.050000                 0.016624
       5.150000                 0.016910
       5.250000                 0.017205
       5.350000                 0.017480
       5.450000                 0.017645
       5.550000                 0.017729
       5.650000                 0.017760
       5.750000                 0.017852
       5.850000                 0.018002
       5.950000                 0.018266
       6.050000                 0.018583
       6.150000                 0.018886
       6.250000                 0.019187
       6.350000                 0.019491
       6.450000                 0.019792
       6.550000                 0.020099
       6.650000                 0.020400
       6.750000                 0.020743
       6.850000                 0.021065
       6.950000                 0.021367
       7.050000                 0.021587
       7.150000                 0.021678
       7.250000                 0.021621
       7.350000                 0.021455
       7.450000                 0.021299
       7.550000                 0.021193
       7.650000                 0.021162
       7.750000                 0.021150
       7.850000                 0.021213
       7.950000                 0.021366
       8.050000                 0.021514
       8.150000                 0.021717
       8.250000                 0.021956
       8.350000                 0.022187
       8.450000                 0.022449
       8.550000                 0.022705
       8.650000                 0.022937
       8.750000                 0.023199
       8.850000                 0.023466
       8.950000                 0.023752
       9.050000                 0.024012
       9.150000                 0.024291
       9.250000                 0.024587
       9.350000                 0.024843
       9.450000                 0.025101
       9.550000                 0.025317
       9.650000                 0.025490
       9.750000                 0.025676
       9.850000                 0.025803
       9.950000                 0.025932
      10.050000                 0.026066
      10.150000                 0.026193
      10.250000                 0.026304
      10.350000                 0.026451
      10.450000                 0.026576
      10.550000                 0.026730
      10.650000                 0.026869
      10.750000                 0.026997
      10.850000                 0.027111
      10.950000                 0.027204
      11.050000                 0.027269
      11.150000                 0.027332
      11.250000                 0.027384
      11.350000                 0.027421
      11.450000                 0.027492
      11.550000                 0.027552
      11.650000                 0.027659
      11.750000                 0.027744
      11.850000                 0.027886
      11.950000                 0.028000
      12.050000                 0.028143
      12.150000                 0.028262
      12.250000                 0.028411
      12.350000                 0.028519
      12.450000                 0.028656
      12.550000                 0.028773
      12.650000                 0.028905
      12.750000                 0.029019
      12.850000                 0.029139
      12.950000                 0.029270
      13.050000                 0.029376
      13.150000                 0.029477
      13.250000                 0.029550
      13.350000                 0.029609
      13.450000                 0.029671
      13.550000                 0.029721
      13.650000                 0.029772
      13.750000                 0.029830
      13.850000                 0.029890
      13.950000                 0.029939
      14.050000                 0.030013
      14.150000                 0.030076
      14.250000                 0.030119
      14.350000                 0.030167
      14.450000                 0.030217
      14.550000                 0.030263
      14.650000                 0.030317
      14.750000                 0.030354
      14.850000                 0.030363
      14.950000                 0.030411
      15.050000                 0.030437
      15.150000                 0.030468
      15.250000                 0.030489
      15.350000                 0.030495
      15.450000                 0.030524
      15.550000                 0.030548
      15.650000                 0.030567
      15.750000                 0.030589
      15.850000                 0.030602
      15.950000                 0.030637
      16.050000                 0.030660
      16.150000                 0.030675
      16.250000                 0.030703
      16.350000                 0.030721
      16.450000                 0.030749
      16.550000                 0.030794
      16.650000                 0.030813
      16.750000                 0.030833
      16.850000                 0.030860
      16.950000                 0.030886
      17.050000                 0.030907
      17.150000                 0.030937
      17.250000                 0.030954
      17.350000                 0.030964
      17.450000                 0.030978
      17.550000                 0.030990
      17.650000                 0.031005
      17.750000                 0.031011
      17.850000                 0.031021
      17.950000                 0.031026
      18.050000                 0.031029
      18.150000                 0.031034
      18.250000                 0.031039
      18.350000                 0.031054
      18.450000                 0.031052
      18.550000                 0.031051
      18.650000                 0.031073
      18.750000                 0.031080
      18.850000                 0.031091
      18.950000                 0.031098
      19.050000                 0.031109
      19.150000                 0.031108
      19.250000                 0.031130
      19.350000                 0.031130
      19.450000                 0.031150
      19.550000                 0.031158
      19.650000                 0.031163
      19.750000                 0.031165
      19.850000                 0.031163
      19.950000                 0.031177
      20.050000                 0.031162
      20.150000                 0.031181
      20.250000                 0.031178
      20.350000                 0.031170
      20.450000                 0.031167
      20.550000                 0.031171
      20.650000                 0.031174
      20.750000                 0.031169
      20.850000                 0.031169
      20.950000                 0.031166
      21.050000                 0.031176
      21.150000                 0.031180
      21.250000                 0.031175
      21.350000                 0.031182
      21.450000                 0.031185
      21.550000                 0.031198
      21.650000                 0.031199
      21.750000                 0.031208
      21.850000                 0.031208
      21.950000                 0.031215
      22.050000                 0.031208
      22.150000                 0.031211
      22.250000                 0.031226
      22.350000                 0.031227
      22.450000                 0.031223
      22.550000                 0.031224
      22.650000                 0.031232
      22.750000                 0.031226
      22.850000                 0.031227
      22.950000                 0.031225
      23.050000                 0.031230
      23.150000                 0.031232
      23.250000                 0.031230
      23.350000                 0.031230
      23.450000                 0.031235
      23.550000                 0.031236
      23.650000                 0.031241
      23.750000                 0.031238
      23.850000                 0.031238
      23.950000                 0.031234
      24.050000                 0.031246
      24.150000                 0.031248
      24.250000                 0.031247
      24.350000                 0.031252
      24.450000                 0.031262
      24.550000                 0.031249
      24.650000                 0.031261
      24.750000                 0.031271
      24.850000                 0.031270
      24.950000                 0.031270
      25.050000                 0.031265
      25.150000                 0.031262
      25.250000                 0.031266
      25.350000                 0.031272
      25.450000                 0.031274
      25.550000                 0.031274
      25.650000                 0.031278
      25.750000                 0.031279
      25.850000                 0.031277
      25.950000                 0.031288
      26.050000                 0.031287
      26.150000                 0.031297
      26.250000                 0.031298
      26.350000                 0.031296
      26.450000                 0.031302
      26.550000                 0.031310
      26.650000                 0.031313
      26.750000                 0.031312
      26.850000                 0.031303
      26.950000                 0.031310
      27.050000                 0.031317
      27.150000                 0.031319
      27.250000                 0.031328
      27.350000                 0.031323
      27.450000                 0.031322
      27.550000                 0.031332
      27.650000                 0.031330
      27.750000                 0.031331
      27.850000                 0.031337
      27.950000                 0.031341
      28.050000                 0.031334
      28.150000                 0.031341
      28.250000                 0.031342
      28.350000                 0.031344
      28.450000                 0.031350
      28.550000                 0.031344
      28.650000                 0.031345
      28.750000                 0.031343
      28.850000                 0.031350
      28.950000                 0.031347
      29.050000                 0.031351
      29.150000                 0.031353
      29.250000                 0.031348
      29.350000                 0.031349
      29.450000                 0.031345
      29.550000                 0.031353
      29.650000                 0.031355
      29.750000                 0.031351
      29.850000                 0.031351
      29.950000                 0.031352
