#Distance_(Ang) :U,U3@P_=>_:WAT@O
       0.050000          0.000000
       0.150000          0.000000
       0.250000          0.000000
       0.350000          0.000000
       0.450000          0.000000
       0.550000          0.000000
       0.650000          0.000000
       0.750000          0.000000
       0.850000          0.000000
       0.950000          0.000000
       1.050000          0.000000
       1.150000          0.000000
       1.250000          0.000000
       1.350000          0.000000
       1.450000          0.000000
       1.550000          0.000000
       1.650000          0.000000
       1.750000          0.000000
       1.850000          0.000000
       1.950000          0.000000
       2.050000          0.000000
       2.150000          0.000000
       2.250000          0.000000
       2.350000          0.000000
       2.450000          0.000000
       2.550000          0.000000
       2.650000          0.000000
       2.750000          0.000000
       2.850000          0.000000
       2.950000          0.000015
       3.050000          0.000271
       3.150000          0.001998
       3.250000          0.007729
       3.350000          0.018940
       3.450000          0.032597
       3.550000          0.042902
       3.650000          0.046879
       3.750000          0.046266
       3.850000          0.042824
       3.950000          0.036687
       4.050000          0.027753
       4.150000          0.018914
       4.250000          0.013261
       4.350000          0.010773
       4.450000          0.010136
       4.550000          0.010448
       4.650000          0.011193
       4.750000          0.012245
       4.850000          0.013482
       4.950000          0.014818
       5.050000          0.016140
       5.150000          0.017424
       5.250000          0.018535
       5.350000          0.019492
       5.450000          0.020313
       5.550000          0.021023
       5.650000          0.021626
       5.750000          0.022218
       5.850000          0.022720
       5.950000          0.023120
       6.050000          0.023392
       6.150000          0.023379
       6.250000          0.023175
       6.350000          0.022620
       6.450000          0.022005
       6.550000          0.021474
       6.650000          0.021065
       6.750000          0.020903
       6.850000          0.020911
       6.950000          0.021091
       7.050000          0.021382
       7.150000          0.021809
       7.250000          0.022216
       7.350000          0.022623
       7.450000          0.022982
       7.550000          0.023333
       7.650000          0.023633
       7.750000          0.023962
       7.850000          0.024271
       7.950000          0.024576
       8.050000          0.024854
       8.150000          0.025071
       8.250000          0.025239
       8.350000          0.025391
       8.450000          0.025498
       8.550000          0.025559
       8.650000          0.025679
       8.750000          0.025752
       8.850000          0.025831
       8.950000          0.025906
       9.050000          0.026003
       9.150000          0.026106
       9.250000          0.026248
       9.350000          0.026428
       9.450000          0.026640
       9.550000          0.026872
       9.650000          0.027086
       9.750000          0.027371
       9.850000          0.027536
       9.950000          0.027695
      10.050000          0.027778
      10.150000          0.027842
      10.250000          0.027848
      10.350000          0.027840
      10.450000          0.027821
      10.550000          0.027795
      10.650000          0.027758
      10.750000          0.027737
      10.850000          0.027738
      10.950000          0.027749
      11.050000          0.027746
      11.150000          0.027759
      11.250000          0.027824
      11.350000          0.027844
      11.450000          0.027896
      11.550000          0.027967
      11.650000          0.028010
      11.750000          0.028103
      11.850000          0.028168
      11.950000          0.028263
      12.050000          0.028374
      12.150000          0.028461
      12.250000          0.028570
      12.350000          0.028676
      12.450000          0.028739
      12.550000          0.028818
      12.650000          0.028883
      12.750000          0.028933
      12.850000          0.028999
      12.950000          0.029042
      13.050000          0.029100
      13.150000          0.029150
      13.250000          0.029184
      13.350000          0.029253
      13.450000          0.029281
      13.550000          0.029341
      13.650000          0.029366
      13.750000          0.029426
      13.850000          0.029449
      13.950000          0.029490
      14.050000          0.029535
      14.150000          0.029576
      14.250000          0.029620
      14.350000          0.029656
      14.450000          0.029688
      14.550000          0.029724
      14.650000          0.029767
      14.750000          0.029799
      14.850000          0.029839
      14.950000          0.029874
      15.050000          0.029921
      15.150000          0.029943
      15.250000          0.029975
      15.350000          0.030015
      15.450000          0.030045
      15.550000          0.030064
      15.650000          0.030082
      15.750000          0.030128
      15.850000          0.030152
      15.950000          0.030171
      16.050000          0.030233
      16.150000          0.030276
      16.250000          0.030309
      16.350000          0.030334
      16.450000          0.030358
      16.550000          0.030402
      16.650000          0.030445
      16.750000          0.030466
      16.850000          0.030501
      16.950000          0.030536
      17.050000          0.030568
      17.150000          0.030598
      17.250000          0.030625
      17.350000          0.030656
      17.450000          0.030676
      17.550000          0.030695
      17.650000          0.030721
      17.750000          0.030750
      17.850000          0.030759
      17.950000          0.030778
      18.050000          0.030790
      18.150000          0.030819
      18.250000          0.030835
      18.350000          0.030852
      18.450000          0.030860
      18.550000          0.030883
      18.650000          0.030899
      18.750000          0.030909
      18.850000          0.030928
      18.950000          0.030926
      19.050000          0.030942
      19.150000          0.030949
      19.250000          0.030974
      19.350000          0.030990
      19.450000          0.030990
      19.550000          0.031011
      19.650000          0.031028
      19.750000          0.031034
      19.850000          0.031039
      19.950000          0.031058
      20.050000          0.031064
      20.150000          0.031077
      20.250000          0.031090
      20.350000          0.031096
      20.450000          0.031097
      20.550000          0.031115
      20.650000          0.031112
      20.750000          0.031125
      20.850000          0.031135
      20.950000          0.031147
      21.050000          0.031144
      21.150000          0.031152
      21.250000          0.031160
      21.350000          0.031158
      21.450000          0.031164
      21.550000          0.031174
      21.650000          0.031186
      21.750000          0.031186
      21.850000          0.031190
      21.950000          0.031200
      22.050000          0.031213
      22.150000          0.031212
      22.250000          0.031210
      22.350000          0.031223
      22.450000          0.031235
      22.550000          0.031238
      22.650000          0.031241
      22.750000          0.031241
      22.850000          0.031250
      22.950000          0.031248
      23.050000          0.031256
      23.150000          0.031252
      23.250000          0.031266
      23.350000          0.031260
      23.450000          0.031262
      23.550000          0.031274
      23.650000          0.031278
      23.750000          0.031286
      23.850000          0.031291
      23.950000          0.031289
      24.050000          0.031287
      24.150000          0.031292
      24.250000          0.031305
      24.350000          0.031308
      24.450000          0.031297
      24.550000          0.031304
      24.650000          0.031305
      24.750000          0.031310
      24.850000          0.031307
      24.950000          0.031307
      25.050000          0.031318
      25.150000          0.031312
      25.250000          0.031317
      25.350000          0.031315
      25.450000          0.031318
      25.550000          0.031318
      25.650000          0.031323
      25.750000          0.031312
      25.850000          0.031324
      25.950000          0.031318
      26.050000          0.031322
      26.150000          0.031328
      26.250000          0.031326
      26.350000          0.031326
      26.450000          0.031326
      26.550000          0.031331
      26.650000          0.031332
      26.750000          0.031327
      26.850000          0.031326
      26.950000          0.031331
      27.050000          0.031331
      27.150000          0.031333
      27.250000          0.031333
      27.350000          0.031333
      27.450000          0.031341
      27.550000          0.031332
      27.650000          0.031331
      27.750000          0.031332
      27.850000          0.031334
      27.950000          0.031338
      28.050000          0.031329
      28.150000          0.031331
      28.250000          0.031331
      28.350000          0.031334
      28.450000          0.031339
      28.550000          0.031337
      28.650000          0.031341
      28.750000          0.031333
      28.850000          0.031340
      28.950000          0.031337
      29.050000          0.031339
      29.150000          0.031334
      29.250000          0.031334
      29.350000          0.031336
      29.450000          0.031336
      29.550000          0.031348
      29.650000          0.031342
      29.750000          0.031338
      29.850000          0.031330
      29.950000          0.031340
