#Distance_(Ang) :1-10@N1,N3,N7,N6_=>_:WAT@O
       0.050000                    0.000000
       0.150000                    0.000000
       0.250000                    0.000000
       0.350000                    0.000000
       0.450000                    0.000000
       0.550000                    0.000000
       0.650000                    0.000000
       0.750000                    0.000000
       0.850000                    0.000000
       0.950000                    0.000000
       1.050000                    0.000000
       1.150000                    0.000000
       1.250000                    0.000000
       1.350000                    0.000000
       1.450000                    0.000000
       1.550000                    0.000000
       1.650000                    0.000000
       1.750000                    0.000000
       1.850000                    0.000000
       1.950000                    0.000000
       2.050000                    0.000000
       2.150000                    0.000000
       2.250000                    0.000000
       2.350000                    0.000000
       2.450000                    0.000002
       2.550000                    0.000319
       2.650000                    0.004349
       2.750000                    0.015109
       2.850000                    0.023772
       2.950000                    0.024011
       3.050000                    0.020289
       3.150000                    0.017079
       3.250000                    0.015387
       3.350000                    0.014874
       3.450000                    0.014959
       3.550000                    0.015394
       3.650000                    0.015890
       3.750000                    0.016328
       3.850000                    0.016668
       3.950000                    0.016834
       4.050000                    0.016881
       4.150000                    0.016865
       4.250000                    0.016910
       4.350000                    0.017065
       4.450000                    0.017303
       4.550000                    0.017604
       4.650000                    0.017923
       4.750000                    0.018380
       4.850000                    0.018814
       4.950000                    0.019059
       5.050000                    0.018940
       5.150000                    0.018615
       5.250000                    0.018382
       5.350000                    0.018408
       5.450000                    0.018646
       5.550000                    0.018997
       5.650000                    0.019518
       5.750000                    0.020196
       5.850000                    0.021070
       5.950000                    0.022002
       6.050000                    0.022801
       6.150000                    0.023373
       6.250000                    0.023775
       6.350000                    0.024057
       6.450000                    0.024233
       6.550000                    0.024351
       6.650000                    0.024545
       6.750000                    0.024705
       6.850000                    0.024835
       6.950000                    0.024912
       7.050000                    0.024979
       7.150000                    0.025069
       7.250000                    0.025163
       7.350000                    0.025272
       7.450000                    0.025349
       7.550000                    0.025429
       7.650000                    0.025508
       7.750000                    0.025551
       7.850000                    0.025632
       7.950000                    0.025722
       8.050000                    0.025846
       8.150000                    0.025976
       8.250000                    0.026131
       8.350000                    0.026281
       8.450000                    0.026413
       8.550000                    0.026542
       8.650000                    0.026658
       8.750000                    0.026789
       8.850000                    0.026907
       8.950000                    0.027034
       9.050000                    0.027166
       9.150000                    0.027329
       9.250000                    0.027474
       9.350000                    0.027639
       9.450000                    0.027793
       9.550000                    0.027951
       9.650000                    0.028100
       9.750000                    0.028262
       9.850000                    0.028394
       9.950000                    0.028533
      10.050000                    0.028662
      10.150000                    0.028760
      10.250000                    0.028874
      10.350000                    0.028981
      10.450000                    0.029067
      10.550000                    0.029151
      10.650000                    0.029231
      10.750000                    0.029294
      10.850000                    0.029362
      10.950000                    0.029438
      11.050000                    0.029500
      11.150000                    0.029561
      11.250000                    0.029587
      11.350000                    0.029601
      11.450000                    0.029603
      11.550000                    0.029599
      11.650000                    0.029586
      11.750000                    0.029577
      11.850000                    0.029590
      11.950000                    0.029593
      12.050000                    0.029613
      12.150000                    0.029641
      12.250000                    0.029666
      12.350000                    0.029703
      12.450000                    0.029738
      12.550000                    0.029790
      12.650000                    0.029834
      12.750000                    0.029878
      12.850000                    0.029925
      12.950000                    0.029954
      13.050000                    0.030000
      13.150000                    0.030019
      13.250000                    0.030051
      13.350000                    0.030054
      13.450000                    0.030068
      13.550000                    0.030077
      13.650000                    0.030093
      13.750000                    0.030109
      13.850000                    0.030135
      13.950000                    0.030157
      14.050000                    0.030184
      14.150000                    0.030212
      14.250000                    0.030229
      14.350000                    0.030260
      14.450000                    0.030271
      14.550000                    0.030295
      14.650000                    0.030315
      14.750000                    0.030334
      14.850000                    0.030341
      14.950000                    0.030352
      15.050000                    0.030354
      15.150000                    0.030360
      15.250000                    0.030367
      15.350000                    0.030372
      15.450000                    0.030385
      15.550000                    0.030393
      15.650000                    0.030407
      15.750000                    0.030424
      15.850000                    0.030438
      15.950000                    0.030458
      16.050000                    0.030472
      16.150000                    0.030492
      16.250000                    0.030505
      16.350000                    0.030526
      16.450000                    0.030541
      16.550000                    0.030558
      16.650000                    0.030575
      16.750000                    0.030586
      16.850000                    0.030595
      16.950000                    0.030602
      17.050000                    0.030614
      17.150000                    0.030621
      17.250000                    0.030629
      17.350000                    0.030632
      17.450000                    0.030639
      17.550000                    0.030651
      17.650000                    0.030648
      17.750000                    0.030653
      17.850000                    0.030660
      17.950000                    0.030661
      18.050000                    0.030670
      18.150000                    0.030675
      18.250000                    0.030675
      18.350000                    0.030692
      18.450000                    0.030692
      18.550000                    0.030703
      18.650000                    0.030719
      18.750000                    0.030726
      18.850000                    0.030731
      18.950000                    0.030746
      19.050000                    0.030748
      19.150000                    0.030762
      19.250000                    0.030778
      19.350000                    0.030777
      19.450000                    0.030789
      19.550000                    0.030797
      19.650000                    0.030804
      19.750000                    0.030813
      19.850000                    0.030819
      19.950000                    0.030822
      20.050000                    0.030832
      20.150000                    0.030841
      20.250000                    0.030845
      20.350000                    0.030851
      20.450000                    0.030858
      20.550000                    0.030861
      20.650000                    0.030860
      20.750000                    0.030872
      20.850000                    0.030871
      20.950000                    0.030881
      21.050000                    0.030883
      21.150000                    0.030888
      21.250000                    0.030888
      21.350000                    0.030896
      21.450000                    0.030894
      21.550000                    0.030897
      21.650000                    0.030901
      21.750000                    0.030908
      21.850000                    0.030915
      21.950000                    0.030916
      22.050000                    0.030925
      22.150000                    0.030931
      22.250000                    0.030930
      22.350000                    0.030937
      22.450000                    0.030943
      22.550000                    0.030949
      22.650000                    0.030957
      22.750000                    0.030966
      22.850000                    0.030965
      22.950000                    0.030970
      23.050000                    0.030983
      23.150000                    0.030987
      23.250000                    0.030992
      23.350000                    0.031001
      23.450000                    0.031005
      23.550000                    0.031007
      23.650000                    0.031008
      23.750000                    0.031018
      23.850000                    0.031023
      23.950000                    0.031021
      24.050000                    0.031029
      24.150000                    0.031032
      24.250000                    0.031038
      24.350000                    0.031041
      24.450000                    0.031046
      24.550000                    0.031048
      24.650000                    0.031053
      24.750000                    0.031060
      24.850000                    0.031062
      24.950000                    0.031068
      25.050000                    0.031070
      25.150000                    0.031072
      25.250000                    0.031083
      25.350000                    0.031080
      25.450000                    0.031085
      25.550000                    0.031093
      25.650000                    0.031091
      25.750000                    0.031100
      25.850000                    0.031101
      25.950000                    0.031108
      26.050000                    0.031111
      26.150000                    0.031113
      26.250000                    0.031120
      26.350000                    0.031121
      26.450000                    0.031128
      26.550000                    0.031130
      26.650000                    0.031137
      26.750000                    0.031138
      26.850000                    0.031146
      26.950000                    0.031150
      27.050000                    0.031156
      27.150000                    0.031159
      27.250000                    0.031157
      27.350000                    0.031162
      27.450000                    0.031170
      27.550000                    0.031173
      27.650000                    0.031178
      27.750000                    0.031180
      27.850000                    0.031181
      27.950000                    0.031187
      28.050000                    0.031191
      28.150000                    0.031195
      28.250000                    0.031194
      28.350000                    0.031200
      28.450000                    0.031198
      28.550000                    0.031207
      28.650000                    0.031208
      28.750000                    0.031215
      28.850000                    0.031216
      28.950000                    0.031219
      29.050000                    0.031221
      29.150000                    0.031224
      29.250000                    0.031226
      29.350000                    0.031230
      29.450000                    0.031233
      29.550000                    0.031235
      29.650000                    0.031242
      29.750000                    0.031240
      29.850000                    0.031245
      29.950000                    0.031245
