#Distance_(Ang) :C,C3@P_=>_:WAT@O
       0.050000          0.000000
       0.150000          0.000000
       0.250000          0.000000
       0.350000          0.000000
       0.450000          0.000000
       0.550000          0.000000
       0.650000          0.000000
       0.750000          0.000000
       0.850000          0.000000
       0.950000          0.000000
       1.050000          0.000000
       1.150000          0.000000
       1.250000          0.000000
       1.350000          0.000000
       1.450000          0.000000
       1.550000          0.000000
       1.650000          0.000000
       1.750000          0.000000
       1.850000          0.000000
       1.950000          0.000000
       2.050000          0.000000
       2.150000          0.000000
       2.250000          0.000000
       2.350000          0.000000
       2.450000          0.000000
       2.550000          0.000000
       2.650000          0.000000
       2.750000          0.000000
       2.850000          0.000000
       2.950000          0.000013
       3.050000          0.000237
       3.150000          0.001798
       3.250000          0.007176
       3.350000          0.018104
       3.450000          0.031796
       3.550000          0.042516
       3.650000          0.046948
       3.750000          0.046151
       3.850000          0.041879
       3.950000          0.034942
       4.050000          0.025938
       4.150000          0.017592
       4.250000          0.012531
       4.350000          0.010444
       4.450000          0.009980
       4.550000          0.010222
       4.650000          0.010893
       4.750000          0.011872
       4.850000          0.013018
       4.950000          0.014296
       5.050000          0.015640
       5.150000          0.017020
       5.250000          0.018581
       5.350000          0.020215
       5.450000          0.021177
       5.550000          0.021308
       5.650000          0.021613
       5.750000          0.022098
       5.850000          0.022568
       5.950000          0.022998
       6.050000          0.023349
       6.150000          0.023458
       6.250000          0.023212
       6.350000          0.022669
       6.450000          0.022046
       6.550000          0.021447
       6.650000          0.021076
       6.750000          0.020894
       6.850000          0.020879
       6.950000          0.021041
       7.050000          0.021402
       7.150000          0.021839
       7.250000          0.022327
       7.350000          0.022759
       7.450000          0.023104
       7.550000          0.023388
       7.650000          0.023602
       7.750000          0.023789
       7.850000          0.023990
       7.950000          0.024176
       8.050000          0.024356
       8.150000          0.024550
       8.250000          0.024721
       8.350000          0.024875
       8.450000          0.024969
       8.550000          0.025090
       8.650000          0.025219
       8.750000          0.025304
       8.850000          0.025408
       8.950000          0.025474
       9.050000          0.025614
       9.150000          0.025716
       9.250000          0.025832
       9.350000          0.025997
       9.450000          0.026206
       9.550000          0.026424
       9.650000          0.026622
       9.750000          0.026823
       9.850000          0.027030
       9.950000          0.027150
      10.050000          0.027252
      10.150000          0.027367
      10.250000          0.027474
      10.350000          0.027607
      10.450000          0.027709
      10.550000          0.027740
      10.650000          0.027699
      10.750000          0.027648
      10.850000          0.027601
      10.950000          0.027638
      11.050000          0.027682
      11.150000          0.027730
      11.250000          0.027823
      11.350000          0.027909
      11.450000          0.028006
      11.550000          0.028114
      11.650000          0.028186
      11.750000          0.028256
      11.850000          0.028356
      11.950000          0.028412
      12.050000          0.028510
      12.150000          0.028566
      12.250000          0.028644
      12.350000          0.028705
      12.450000          0.028786
      12.550000          0.028835
      12.650000          0.028930
      12.750000          0.029010
      12.850000          0.029083
      12.950000          0.029136
      13.050000          0.029207
      13.150000          0.029260
      13.250000          0.029306
      13.350000          0.029359
      13.450000          0.029395
      13.550000          0.029463
      13.650000          0.029526
      13.750000          0.029575
      13.850000          0.029644
      13.950000          0.029698
      14.050000          0.029761
      14.150000          0.029816
      14.250000          0.029851
      14.350000          0.029891
      14.450000          0.029935
      14.550000          0.029975
      14.650000          0.030007
      14.750000          0.030041
      14.850000          0.030071
      14.950000          0.030114
      15.050000          0.030138
      15.150000          0.030183
      15.250000          0.030192
      15.350000          0.030233
      15.450000          0.030244
      15.550000          0.030283
      15.650000          0.030302
      15.750000          0.030319
      15.850000          0.030354
      15.950000          0.030383
      16.050000          0.030403
      16.150000          0.030418
      16.250000          0.030448
      16.350000          0.030482
      16.450000          0.030495
      16.550000          0.030536
      16.650000          0.030544
      16.750000          0.030572
      16.850000          0.030585
      16.950000          0.030612
      17.050000          0.030635
      17.150000          0.030639
      17.250000          0.030668
      17.350000          0.030669
      17.450000          0.030684
      17.550000          0.030694
      17.650000          0.030722
      17.750000          0.030720
      17.850000          0.030727
      17.950000          0.030743
      18.050000          0.030755
      18.150000          0.030772
      18.250000          0.030790
      18.350000          0.030795
      18.450000          0.030807
      18.550000          0.030814
      18.650000          0.030837
      18.750000          0.030840
      18.850000          0.030853
      18.950000          0.030864
      19.050000          0.030876
      19.150000          0.030880
      19.250000          0.030885
      19.350000          0.030892
      19.450000          0.030910
      19.550000          0.030903
      19.650000          0.030918
      19.750000          0.030927
      19.850000          0.030942
      19.950000          0.030944
      20.050000          0.030953
      20.150000          0.030971
      20.250000          0.030977
      20.350000          0.030981
      20.450000          0.031000
      20.550000          0.030999
      20.650000          0.031024
      20.750000          0.031027
      20.850000          0.031046
      20.950000          0.031055
      21.050000          0.031071
      21.150000          0.031067
      21.250000          0.031088
      21.350000          0.031097
      21.450000          0.031104
      21.550000          0.031117
      21.650000          0.031124
      21.750000          0.031125
      21.850000          0.031136
      21.950000          0.031145
      22.050000          0.031150
      22.150000          0.031153
      22.250000          0.031177
      22.350000          0.031178
      22.450000          0.031187
      22.550000          0.031183
      22.650000          0.031203
      22.750000          0.031211
      22.850000          0.031214
      22.950000          0.031220
      23.050000          0.031224
      23.150000          0.031235
      23.250000          0.031239
      23.350000          0.031242
      23.450000          0.031252
      23.550000          0.031254
      23.650000          0.031263
      23.750000          0.031264
      23.850000          0.031275
      23.950000          0.031272
      24.050000          0.031280
      24.150000          0.031285
      24.250000          0.031285
      24.350000          0.031291
      24.450000          0.031296
      24.550000          0.031294
      24.650000          0.031304
      24.750000          0.031300
      24.850000          0.031315
      24.950000          0.031313
      25.050000          0.031305
      25.150000          0.031312
      25.250000          0.031316
      25.350000          0.031315
      25.450000          0.031326
      25.550000          0.031318
      25.650000          0.031319
      25.750000          0.031325
      25.850000          0.031331
      25.950000          0.031333
      26.050000          0.031330
      26.150000          0.031328
      26.250000          0.031337
      26.350000          0.031338
      26.450000          0.031331
      26.550000          0.031339
      26.650000          0.031340
      26.750000          0.031339
      26.850000          0.031338
      26.950000          0.031341
      27.050000          0.031337
      27.150000          0.031340
      27.250000          0.031339
      27.350000          0.031346
      27.450000          0.031338
      27.550000          0.031342
      27.650000          0.031337
      27.750000          0.031335
      27.850000          0.031338
      27.950000          0.031338
      28.050000          0.031347
      28.150000          0.031340
      28.250000          0.031342
      28.350000          0.031340
      28.450000          0.031350
      28.550000          0.031345
      28.650000          0.031345
      28.750000          0.031342
      28.850000          0.031357
      28.950000          0.031346
      29.050000          0.031346
      29.150000          0.031351
      29.250000          0.031348
      29.350000          0.031346
      29.450000          0.031346
      29.550000          0.031340
      29.650000          0.031342
      29.750000          0.031347
      29.850000          0.031343
      29.950000          0.031344
