#Distance_(Ang) :A,A3@P_=>_:WAT@O
       0.050000          0.000000
       0.150000          0.000000
       0.250000          0.000000
       0.350000          0.000000
       0.450000          0.000000
       0.550000          0.000000
       0.650000          0.000000
       0.750000          0.000000
       0.850000          0.000000
       0.950000          0.000000
       1.050000          0.000000
       1.150000          0.000000
       1.250000          0.000000
       1.350000          0.000000
       1.450000          0.000000
       1.550000          0.000000
       1.650000          0.000000
       1.750000          0.000000
       1.850000          0.000000
       1.950000          0.000000
       2.050000          0.000000
       2.150000          0.000000
       2.250000          0.000000
       2.350000          0.000000
       2.450000          0.000000
       2.550000          0.000000
       2.650000          0.000000
       2.750000          0.000000
       2.850000          0.000000
       2.950000          0.000014
       3.050000          0.000275
       3.150000          0.002005
       3.250000          0.007669
       3.350000          0.018745
       3.450000          0.032271
       3.550000          0.043071
       3.650000          0.048555
       3.750000          0.050203
       3.850000          0.049885
       3.950000          0.045218
       4.050000          0.035345
       4.150000          0.024370
       4.250000          0.016717
       4.350000          0.012950
       4.450000          0.011764
       4.550000          0.011931
       4.650000          0.012675
       4.750000          0.013702
       4.850000          0.014954
       4.950000          0.016262
       5.050000          0.017695
       5.150000          0.019205
       5.250000          0.020791
       5.350000          0.022543
       5.450000          0.023374
       5.550000          0.023395
       5.650000          0.023728
       5.750000          0.024266
       5.850000          0.024838
       5.950000          0.025289
       6.050000          0.025797
       6.150000          0.025974
       6.250000          0.025806
       6.350000          0.025378
       6.450000          0.024843
       6.550000          0.024414
       6.650000          0.024055
       6.750000          0.023819
       6.850000          0.023786
       6.950000          0.023959
       7.050000          0.024345
       7.150000          0.024876
       7.250000          0.025416
       7.350000          0.025927
       7.450000          0.026347
       7.550000          0.026730
       7.650000          0.027039
       7.750000          0.027275
       7.850000          0.027504
       7.950000          0.027617
       8.050000          0.027755
       8.150000          0.027800
       8.250000          0.027802
       8.350000          0.027774
       8.450000          0.027731
       8.550000          0.027660
       8.650000          0.027564
       8.750000          0.027480
       8.850000          0.027389
       8.950000          0.027313
       9.050000          0.027224
       9.150000          0.027195
       9.250000          0.027196
       9.350000          0.027255
       9.450000          0.027332
       9.550000          0.027438
       9.650000          0.027583
       9.750000          0.027743
       9.850000          0.027926
       9.950000          0.028168
      10.050000          0.028366
      10.150000          0.028608
      10.250000          0.028822
      10.350000          0.029007
      10.450000          0.029167
      10.550000          0.029246
      10.650000          0.029308
      10.750000          0.029354
      10.850000          0.029332
      10.950000          0.029330
      11.050000          0.029318
      11.150000          0.029310
      11.250000          0.029298
      11.350000          0.029299
      11.450000          0.029319
      11.550000          0.029383
      11.650000          0.029446
      11.750000          0.029546
      11.850000          0.029658
      11.950000          0.029779
      12.050000          0.029889
      12.150000          0.029985
      12.250000          0.029986
      12.350000          0.030035
      12.450000          0.030040
      12.550000          0.030053
      12.650000          0.030040
      12.750000          0.030065
      12.850000          0.030047
      12.950000          0.030064
      13.050000          0.030078
      13.150000          0.030080
      13.250000          0.030079
      13.350000          0.030073
      13.450000          0.030065
      13.550000          0.030088
      13.650000          0.030088
      13.750000          0.030111
      13.850000          0.030159
      13.950000          0.030194
      14.050000          0.030233
      14.150000          0.030287
      14.250000          0.030340
      14.350000          0.030364
      14.450000          0.030394
      14.550000          0.030457
      14.650000          0.030475
      14.750000          0.030485
      14.850000          0.030497
      14.950000          0.030500
      15.050000          0.030524
      15.150000          0.030511
      15.250000          0.030503
      15.350000          0.030521
      15.450000          0.030513
      15.550000          0.030492
      15.650000          0.030493
      15.750000          0.030498
      15.850000          0.030492
      15.950000          0.030469
      16.050000          0.030463
      16.150000          0.030470
      16.250000          0.030455
      16.350000          0.030466
      16.450000          0.030464
      16.550000          0.030511
      16.650000          0.030508
      16.750000          0.030537
      16.850000          0.030559
      16.950000          0.030580
      17.050000          0.030594
      17.150000          0.030621
      17.250000          0.030650
      17.350000          0.030672
      17.450000          0.030689
      17.550000          0.030699
      17.650000          0.030719
      17.750000          0.030735
      17.850000          0.030759
      17.950000          0.030767
      18.050000          0.030777
      18.150000          0.030791
      18.250000          0.030792
      18.350000          0.030804
      18.450000          0.030814
      18.550000          0.030821
      18.650000          0.030821
      18.750000          0.030826
      18.850000          0.030825
      18.950000          0.030831
      19.050000          0.030826
      19.150000          0.030833
      19.250000          0.030831
      19.350000          0.030840
      19.450000          0.030837
      19.550000          0.030836
      19.650000          0.030842
      19.750000          0.030843
      19.850000          0.030854
      19.950000          0.030849
      20.050000          0.030852
      20.150000          0.030861
      20.250000          0.030871
      20.350000          0.030876
      20.450000          0.030882
      20.550000          0.030886
      20.650000          0.030896
      20.750000          0.030895
      20.850000          0.030896
      20.950000          0.030913
      21.050000          0.030914
      21.150000          0.030928
      21.250000          0.030926
      21.350000          0.030930
      21.450000          0.030935
      21.550000          0.030936
      21.650000          0.030944
      21.750000          0.030937
      21.850000          0.030946
      21.950000          0.030941
      22.050000          0.030952
      22.150000          0.030951
      22.250000          0.030957
      22.350000          0.030959
      22.450000          0.030972
      22.550000          0.030968
      22.650000          0.030961
      22.750000          0.030973
      22.850000          0.030985
      22.950000          0.030994
      23.050000          0.030993
      23.150000          0.031003
      23.250000          0.030989
      23.350000          0.031011
      23.450000          0.031016
      23.550000          0.031026
      23.650000          0.031022
      23.750000          0.031043
      23.850000          0.031025
      23.950000          0.031039
      24.050000          0.031023
      24.150000          0.031029
      24.250000          0.031031
      24.350000          0.031042
      24.450000          0.031038
      24.550000          0.031039
      24.650000          0.031047
      24.750000          0.031043
      24.850000          0.031044
      24.950000          0.031052
      25.050000          0.031055
      25.150000          0.031060
      25.250000          0.031060
      25.350000          0.031065
      25.450000          0.031075
      25.550000          0.031081
      25.650000          0.031076
      25.750000          0.031075
      25.850000          0.031081
      25.950000          0.031084
      26.050000          0.031092
      26.150000          0.031096
      26.250000          0.031101
      26.350000          0.031094
      26.450000          0.031100
      26.550000          0.031099
      26.650000          0.031101
      26.750000          0.031105
      26.850000          0.031097
      26.950000          0.031105
      27.050000          0.031097
      27.150000          0.031108
      27.250000          0.031110
      27.350000          0.031116
      27.450000          0.031116
      27.550000          0.031116
      27.650000          0.031126
      27.750000          0.031129
      27.850000          0.031122
      27.950000          0.031130
      28.050000          0.031129
      28.150000          0.031132
      28.250000          0.031138
      28.350000          0.031137
      28.450000          0.031150
      28.550000          0.031147
      28.650000          0.031151
      28.750000          0.031152
      28.850000          0.031156
      28.950000          0.031156
      29.050000          0.031163
      29.150000          0.031160
      29.250000          0.031165
      29.350000          0.031168
      29.450000          0.031175
      29.550000          0.031174
      29.650000          0.031180
      29.750000          0.031182
      29.850000          0.031190
      29.950000          0.031188
