#Distance_(Ang) :1-10@O2,O4_=>_:WAT@O
       0.050000              0.000000
       0.150000              0.000000
       0.250000              0.000000
       0.350000              0.000000
       0.450000              0.000000
       0.550000              0.000000
       0.650000              0.000000
       0.750000              0.000000
       0.850000              0.000000
       0.950000              0.000000
       1.050000              0.000000
       1.150000              0.000000
       1.250000              0.000000
       1.350000              0.000000
       1.450000              0.000000
       1.550000              0.000000
       1.650000              0.000000
       1.750000              0.000000
       1.850000              0.000000
       1.950000              0.000000
       2.050000              0.000000
       2.150000              0.000000
       2.250000              0.000000
       2.350000              0.000003
       2.450000              0.000669
       2.550000              0.008939
       2.650000              0.026690
       2.750000              0.034172
       2.850000              0.029128
       2.950000              0.022013
       3.050000              0.017583
       3.150000              0.015613
       3.250000              0.015260
       3.350000              0.015525
       3.450000              0.016102
       3.550000              0.016598
       3.650000              0.016932
       3.750000              0.017092
       3.850000              0.016973
       3.950000              0.016700
       4.050000              0.016390
       4.150000              0.016054
       4.250000              0.015794
       4.350000              0.015578
       4.450000              0.015471
       4.550000              0.015417
       4.650000              0.015457
       4.750000              0.015604
       4.850000              0.015857
       4.950000              0.016146
       5.050000              0.016514
       5.150000              0.016828
       5.250000              0.017241
       5.350000              0.017506
       5.450000              0.017692
       5.550000              0.017737
       5.650000              0.017758
       5.750000              0.017870
       5.850000              0.018118
       5.950000              0.018513
       6.050000              0.018921
       6.150000              0.019349
       6.250000              0.019813
       6.350000              0.020183
       6.450000              0.020532
       6.550000              0.020903
       6.650000              0.021240
       6.750000              0.021679
       6.850000              0.022088
       6.950000              0.022445
       7.050000              0.022592
       7.150000              0.022538
       7.250000              0.022298
       7.350000              0.022104
       7.450000              0.022019
       7.550000              0.022002
       7.650000              0.022029
       7.750000              0.022094
       7.850000              0.022179
       7.950000              0.022326
       8.050000              0.022466
       8.150000              0.022645
       8.250000              0.022829
       8.350000              0.023052
       8.450000              0.023293
       8.550000              0.023533
       8.650000              0.023786
       8.750000              0.024048
       8.850000              0.024272
       8.950000              0.024527
       9.050000              0.024779
       9.150000              0.025031
       9.250000              0.025253
       9.350000              0.025520
       9.450000              0.025740
       9.550000              0.025974
       9.650000              0.026178
       9.750000              0.026371
       9.850000              0.026538
       9.950000              0.026676
      10.050000              0.026847
      10.150000              0.026968
      10.250000              0.027114
      10.350000              0.027255
      10.450000              0.027425
      10.550000              0.027558
      10.650000              0.027672
      10.750000              0.027803
      10.850000              0.027884
      10.950000              0.027950
      11.050000              0.027988
      11.150000              0.028003
      11.250000              0.028021
      11.350000              0.028002
      11.450000              0.027987
      11.550000              0.027964
      11.650000              0.027946
      11.750000              0.027948
      11.850000              0.027983
      11.950000              0.027991
      12.050000              0.028041
      12.150000              0.028089
      12.250000              0.028135
      12.350000              0.028231
      12.450000              0.028263
      12.550000              0.028350
      12.650000              0.028442
      12.750000              0.028501
      12.850000              0.028615
      12.950000              0.028699
      13.050000              0.028782
      13.150000              0.028846
      13.250000              0.028931
      13.350000              0.028983
      13.450000              0.029031
      13.550000              0.029094
      13.650000              0.029160
      13.750000              0.029204
      13.850000              0.029266
      13.950000              0.029320
      14.050000              0.029400
      14.150000              0.029441
      14.250000              0.029493
      14.350000              0.029537
      14.450000              0.029598
      14.550000              0.029650
      14.650000              0.029717
      14.750000              0.029772
      14.850000              0.029836
      14.950000              0.029885
      15.050000              0.029943
      15.150000              0.029998
      15.250000              0.030038
      15.350000              0.030056
      15.450000              0.030104
      15.550000              0.030146
      15.650000              0.030195
      15.750000              0.030207
      15.850000              0.030249
      15.950000              0.030276
      16.050000              0.030323
      16.150000              0.030358
      16.250000              0.030394
      16.350000              0.030429
      16.450000              0.030458
      16.550000              0.030496
      16.650000              0.030547
      16.750000              0.030575
      16.850000              0.030613
      16.950000              0.030649
      17.050000              0.030675
      17.150000              0.030711
      17.250000              0.030740
      17.350000              0.030771
      17.450000              0.030794
      17.550000              0.030825
      17.650000              0.030857
      17.750000              0.030862
      17.850000              0.030890
      17.950000              0.030911
      18.050000              0.030943
      18.150000              0.030958
      18.250000              0.030964
      18.350000              0.030987
      18.450000              0.030995
      18.550000              0.031003
      18.650000              0.031035
      18.750000              0.031028
      18.850000              0.031048
      18.950000              0.031067
      19.050000              0.031073
      19.150000              0.031083
      19.250000              0.031097
      19.350000              0.031105
      19.450000              0.031120
      19.550000              0.031126
      19.650000              0.031134
      19.750000              0.031141
      19.850000              0.031150
      19.950000              0.031160
      20.050000              0.031171
      20.150000              0.031175
      20.250000              0.031176
      20.350000              0.031190
      20.450000              0.031200
      20.550000              0.031197
      20.650000              0.031210
      20.750000              0.031211
      20.850000              0.031220
      20.950000              0.031219
      21.050000              0.031229
      21.150000              0.031227
      21.250000              0.031236
      21.350000              0.031247
      21.450000              0.031253
      21.550000              0.031267
      21.650000              0.031276
      21.750000              0.031274
      21.850000              0.031279
      21.950000              0.031296
      22.050000              0.031290
      22.150000              0.031300
      22.250000              0.031304
      22.350000              0.031316
      22.450000              0.031306
      22.550000              0.031313
      22.650000              0.031320
      22.750000              0.031325
      22.850000              0.031333
      22.950000              0.031331
      23.050000              0.031342
      23.150000              0.031333
      23.250000              0.031337
      23.350000              0.031339
      23.450000              0.031330
      23.550000              0.031334
      23.650000              0.031340
      23.750000              0.031349
      23.850000              0.031350
      23.950000              0.031352
      24.050000              0.031337
      24.150000              0.031338
      24.250000              0.031360
      24.350000              0.031352
      24.450000              0.031352
      24.550000              0.031351
      24.650000              0.031356
      24.750000              0.031352
      24.850000              0.031346
      24.950000              0.031348
      25.050000              0.031346
      25.150000              0.031356
      25.250000              0.031368
      25.350000              0.031357
      25.450000              0.031345
      25.550000              0.031358
      25.650000              0.031355
      25.750000              0.031348
      25.850000              0.031354
      25.950000              0.031358
      26.050000              0.031357
      26.150000              0.031361
      26.250000              0.031344
      26.350000              0.031351
      26.450000              0.031356
      26.550000              0.031362
      26.650000              0.031346
      26.750000              0.031354
      26.850000              0.031351
      26.950000              0.031353
      27.050000              0.031354
      27.150000              0.031352
      27.250000              0.031355
      27.350000              0.031348
      27.450000              0.031356
      27.550000              0.031349
      27.650000              0.031347
      27.750000              0.031358
      27.850000              0.031350
      27.950000              0.031349
      28.050000              0.031346
      28.150000              0.031344
      28.250000              0.031345
      28.350000              0.031348
      28.450000              0.031355
      28.550000              0.031351
      28.650000              0.031354
      28.750000              0.031352
      28.850000              0.031352
      28.950000              0.031355
      29.050000              0.031354
      29.150000              0.031343
      29.250000              0.031348
      29.350000              0.031352
      29.450000              0.031347
      29.550000              0.031348
      29.650000              0.031348
      29.750000              0.031348
      29.850000              0.031339
      29.950000              0.031339
