#Distance_(Ang) :1-10@N3_=>_:MG
       0.050000        0.000000
       0.150000        0.000000
       0.250000        0.000000
       0.350000        0.000000
       0.450000        0.000000
       0.550000        0.000000
       0.650000        0.000000
       0.750000        0.000000
       0.850000        0.000000
       0.950000        0.000000
       1.050000        0.000000
       1.150000        0.000000
       1.250000        0.000000
       1.350000        0.000000
       1.450000        0.000000
       1.550000        0.000000
       1.650000        0.000000
       1.750000        0.000000
       1.850000        0.000000
       1.950000        0.000000
       2.050000        0.000000
       2.150000        0.000000
       2.250000        0.000000
       2.350000        0.000000
       2.450000        0.000000
       2.550000        0.000000
       2.650000        0.000000
       2.750000        0.000000
       2.850000        0.000000
       2.950000        0.000000
       3.050000        0.000000
       3.150000        0.000000
       3.250000        0.000000
       3.350000        0.000000
       3.450000        0.000000
       3.550000        0.000019
       3.650000        0.000018
       3.750000        0.000427
       3.850000        0.001734
       3.950000        0.004910
       4.050000        0.011699
       4.150000        0.020360
       4.250000        0.030304
       4.350000        0.040718
       4.450000        0.051826
       4.550000        0.063726
       4.650000        0.070157
       4.750000        0.074579
       4.850000        0.071750
       4.950000        0.068312
       5.050000        0.066829
       5.150000        0.067872
       5.250000        0.071603
       5.350000        0.082831
       5.450000        0.096315
       5.550000        0.112806
       5.650000        0.136814
       5.750000        0.162237
       5.850000        0.190173
       5.950000        0.216813
       6.050000        0.238761
       6.150000        0.254435
       6.250000        0.258736
       6.350000        0.257876
       6.450000        0.245456
       6.550000        0.223435
       6.650000        0.198789
       6.750000        0.174940
       6.850000        0.154723
       6.950000        0.143784
       7.050000        0.138743
       7.150000        0.138042
       7.250000        0.141745
       7.350000        0.146291
       7.450000        0.152287
       7.550000        0.155164
       7.650000        0.154693
       7.750000        0.155009
       7.850000        0.147558
       7.950000        0.141977
       8.050000        0.137011
       8.150000        0.130191
       8.250000        0.125332
       8.350000        0.122706
       8.450000        0.118554
       8.550000        0.116339
       8.650000        0.114663
       8.750000        0.111891
       8.850000        0.109690
       8.950000        0.109186
       9.050000        0.107963
       9.150000        0.107624
       9.250000        0.109604
       9.350000        0.113053
       9.450000        0.116910
       9.550000        0.123176
       9.650000        0.129903
       9.750000        0.137124
       9.850000        0.144726
       9.950000        0.152628
      10.050000        0.158314
      10.150000        0.164433
      10.250000        0.169358
      10.350000        0.173908
      10.450000        0.177108
      10.550000        0.179349
      10.650000        0.182147
      10.750000        0.183130
      10.850000        0.183710
      10.950000        0.182974
      11.050000        0.180704
      11.150000        0.179280
      11.250000        0.174611
      11.350000        0.171902
      11.450000        0.168176
      11.550000        0.162958
      11.650000        0.159089
      11.750000        0.154232
      11.850000        0.149293
      11.950000        0.146980
      12.050000        0.142604
      12.150000        0.138623
      12.250000        0.134816
      12.350000        0.132413
      12.450000        0.128099
      12.550000        0.125424
      12.650000        0.123255
      12.750000        0.119363
      12.850000        0.116607
      12.950000        0.113454
      13.050000        0.110365
      13.150000        0.107174
      13.250000        0.104299
      13.350000        0.102010
      13.450000        0.098259
      13.550000        0.095518
      13.650000        0.093168
      13.750000        0.090206
      13.850000        0.089371
      13.950000        0.087393
      14.050000        0.085441
      14.150000        0.084642
      14.250000        0.084039
      14.350000        0.082523
      14.450000        0.081728
      14.550000        0.080197
      14.650000        0.079880
      14.750000        0.078831
      14.850000        0.077999
      14.950000        0.076791
      15.050000        0.076576
      15.150000        0.075765
      15.250000        0.075389
      15.350000        0.074499
      15.450000        0.073936
      15.550000        0.072827
      15.650000        0.072214
      15.750000        0.071465
      15.850000        0.070142
      15.950000        0.069244
      16.050000        0.068383
      16.150000        0.066683
      16.250000        0.065539
      16.350000        0.065110
      16.450000        0.064251
      16.550000        0.063346
      16.650000        0.062054
      16.750000        0.061198
      16.850000        0.060659
      16.950000        0.060055
      17.050000        0.059238
      17.150000        0.058255
      17.250000        0.057837
      17.350000        0.057145
      17.450000        0.056845
      17.550000        0.055654
      17.650000        0.054920
      17.750000        0.054842
      17.850000        0.053988
      17.950000        0.053124
      18.050000        0.052812
      18.150000        0.052012
      18.250000        0.051528
      18.350000        0.051255
      18.450000        0.050418
      18.550000        0.049745
      18.650000        0.049156
      18.750000        0.048642
      18.850000        0.048482
      18.950000        0.048297
      19.050000        0.047541
      19.150000        0.046892
      19.250000        0.047287
      19.350000        0.046902
      19.450000        0.046391
      19.550000        0.046045
      19.650000        0.046105
      19.750000        0.045165
      19.850000        0.045169
      19.950000        0.044985
      20.050000        0.044826
      20.150000        0.044125
      20.250000        0.044155
      20.350000        0.043711
      20.450000        0.043673
      20.550000        0.043365
      20.650000        0.042896
      20.750000        0.042320
      20.850000        0.042544
      20.950000        0.042257
      21.050000        0.041956
      21.150000        0.041632
      21.250000        0.041405
      21.350000        0.040670
      21.450000        0.040625
      21.550000        0.040541
      21.650000        0.040420
      21.750000        0.039865
      21.850000        0.039918
      21.950000        0.039618
      22.050000        0.039271
      22.150000        0.039337
      22.250000        0.038798
      22.350000        0.038692
      22.450000        0.038681
      22.550000        0.038332
      22.650000        0.038113
      22.750000        0.038102
      22.850000        0.037985
      22.950000        0.037785
      23.050000        0.037613
      23.150000        0.037497
      23.250000        0.037382
      23.350000        0.037111
      23.450000        0.037041
      23.550000        0.036923
      23.650000        0.036713
      23.750000        0.036502
      23.850000        0.036550
      23.950000        0.036334
      24.050000        0.036150
      24.150000        0.036118
      24.250000        0.036091
      24.350000        0.035554
      24.450000        0.035824
      24.550000        0.035297
      24.650000        0.035467
      24.750000        0.035243
      24.850000        0.035214
      24.950000        0.034838
      25.050000        0.034758
      25.150000        0.034805
      25.250000        0.034850
      25.350000        0.034627
      25.450000        0.034474
      25.550000        0.034355
      25.650000        0.034189
      25.750000        0.034049
      25.850000        0.034055
      25.950000        0.034023
      26.050000        0.033844
      26.150000        0.033926
      26.250000        0.033718
      26.350000        0.033456
      26.450000        0.033311
      26.550000        0.033195
      26.650000        0.033272
      26.750000        0.033113
      26.850000        0.033031
      26.950000        0.032888
      27.050000        0.032921
      27.150000        0.032435
      27.250000        0.032806
      27.350000        0.032448
      27.450000        0.032409
      27.550000        0.032087
      27.650000        0.032232
      27.750000        0.032269
      27.850000        0.031949
      27.950000        0.031890
      28.050000        0.031611
      28.150000        0.031737
      28.250000        0.031632
      28.350000        0.031716
      28.450000        0.031668
      28.550000        0.031649
      28.650000        0.031478
      28.750000        0.031259
      28.850000        0.031289
      28.950000        0.031373
      29.050000        0.031312
      29.150000        0.031233
      29.250000        0.031110
      29.350000        0.031173
      29.450000        0.031102
      29.550000        0.031239
      29.650000        0.030944
      29.750000        0.030997
      29.850000        0.031165
      29.950000        0.031034
