#Distance_(Ang) :U,U3@P_=>_:MG
       0.050000       0.000000
       0.150000       0.000000
       0.250000       0.000000
       0.350000       0.000000
       0.450000       0.000000
       0.550000       0.000000
       0.650000       0.000000
       0.750000       0.000000
       0.850000       0.000000
       0.950000       0.000000
       1.050000       0.000000
       1.150000       0.000000
       1.250000       0.000000
       1.350000       0.000000
       1.450000       0.000000
       1.550000       0.000000
       1.650000       0.000000
       1.750000       0.000000
       1.850000       0.000000
       1.950000       0.000000
       2.050000       0.000000
       2.150000       0.000000
       2.250000       0.000000
       2.350000       0.000000
       2.450000       0.000000
       2.550000       0.000000
       2.650000       0.000000
       2.750000       0.000000
       2.850000       0.000000
       2.950000       0.000000
       3.050000       0.000000
       3.150000       0.000000
       3.250000       0.000000
       3.350000       0.000000
       3.450000       0.000000
       3.550000       0.000000
       3.650000       0.000000
       3.750000       0.000000
       3.850000       0.000018
       3.950000       0.000173
       4.050000       0.001990
       4.150000       0.014365
       4.250000       0.063092
       4.350000       0.184838
       4.450000       0.381682
       4.550000       0.551355
       4.650000       0.598981
       4.750000       0.521079
       4.850000       0.398433
       4.950000       0.319141
       5.050000       0.302417
       5.150000       0.312657
       5.250000       0.323580
       5.350000       0.323351
       5.450000       0.295235
       5.550000       0.249542
       5.650000       0.201572
       5.750000       0.164339
       5.850000       0.137909
       5.950000       0.121340
       6.050000       0.114457
       6.150000       0.109346
       6.250000       0.106041
       6.350000       0.105645
       6.450000       0.110462
       6.550000       0.116774
       6.650000       0.128761
       6.750000       0.137308
       6.850000       0.148347
       6.950000       0.159386
       7.050000       0.163891
       7.150000       0.166216
       7.250000       0.164921
       7.350000       0.158981
       7.450000       0.150644
       7.550000       0.143121
       7.650000       0.135665
       7.750000       0.131414
       7.850000       0.126296
       7.950000       0.123267
       8.050000       0.118183
       8.150000       0.114314
       8.250000       0.109906
       8.350000       0.108458
       8.450000       0.109424
       8.550000       0.112490
       8.650000       0.121764
       8.750000       0.137117
       8.850000       0.160346
       8.950000       0.184611
       9.050000       0.198550
       9.150000       0.198275
       9.250000       0.185696
       9.350000       0.165339
       9.450000       0.147523
       9.550000       0.135732
       9.650000       0.128153
       9.750000       0.123650
       9.850000       0.122381
       9.950000       0.121217
      10.050000       0.117839
      10.150000       0.117276
      10.250000       0.115674
      10.350000       0.114935
      10.450000       0.111877
      10.550000       0.111220
      10.650000       0.109734
      10.750000       0.108183
      10.850000       0.107366
      10.950000       0.106737
      11.050000       0.105108
      11.150000       0.104138
      11.250000       0.103538
      11.350000       0.102855
      11.450000       0.102192
      11.550000       0.101055
      11.650000       0.101250
      11.750000       0.100243
      11.850000       0.098843
      11.950000       0.098146
      12.050000       0.097876
      12.150000       0.097940
      12.250000       0.097335
      12.350000       0.097959
      12.450000       0.098186
      12.550000       0.098068
      12.650000       0.097535
      12.750000       0.097281
      12.850000       0.096935
      12.950000       0.096310
      13.050000       0.095338
      13.150000       0.094600
      13.250000       0.093382
      13.350000       0.092627
      13.450000       0.091942
      13.550000       0.091359
      13.650000       0.090916
      13.750000       0.090159
      13.850000       0.089831
      13.950000       0.088839
      14.050000       0.087678
      14.150000       0.087376
      14.250000       0.086061
      14.350000       0.084693
      14.450000       0.085538
      14.550000       0.083841
      14.650000       0.082823
      14.750000       0.082448
      14.850000       0.082609
      14.950000       0.081718
      15.050000       0.081295
      15.150000       0.081970
      15.250000       0.080830
      15.350000       0.080668
      15.450000       0.079764
      15.550000       0.079057
      15.650000       0.077036
      15.750000       0.076256
      15.850000       0.074786
      15.950000       0.072971
      16.050000       0.071318
      16.150000       0.068913
      16.250000       0.067461
      16.350000       0.066284
      16.450000       0.064340
      16.550000       0.062861
      16.650000       0.061972
      16.750000       0.060573
      16.850000       0.058971
      16.950000       0.058150
      17.050000       0.056524
      17.150000       0.056308
      17.250000       0.054868
      17.350000       0.054797
      17.450000       0.053824
      17.550000       0.053435
      17.650000       0.053051
      17.750000       0.052296
      17.850000       0.052188
      17.950000       0.051677
      18.050000       0.052022
      18.150000       0.051123
      18.250000       0.051044
      18.350000       0.051106
      18.450000       0.050528
      18.550000       0.049912
      18.650000       0.050040
      18.750000       0.049376
      18.850000       0.049633
      18.950000       0.049142
      19.050000       0.048645
      19.150000       0.048592
      19.250000       0.048390
      19.350000       0.047851
      19.450000       0.047878
      19.550000       0.047707
      19.650000       0.047558
      19.750000       0.047297
      19.850000       0.047045
      19.950000       0.046337
      20.050000       0.046112
      20.150000       0.045814
      20.250000       0.045056
      20.350000       0.044891
      20.450000       0.044781
      20.550000       0.043938
      20.650000       0.043561
      20.750000       0.043177
      20.850000       0.042923
      20.950000       0.042304
      21.050000       0.041867
      21.150000       0.041582
      21.250000       0.041283
      21.350000       0.040930
      21.450000       0.040521
      21.550000       0.040390
      21.650000       0.040041
      21.750000       0.039777
      21.850000       0.039536
      21.950000       0.039378
      22.050000       0.038923
      22.150000       0.038697
      22.250000       0.038378
      22.350000       0.038246
      22.450000       0.037973
      22.550000       0.037842
      22.650000       0.037719
      22.750000       0.037383
      22.850000       0.037248
      22.950000       0.036963
      23.050000       0.036862
      23.150000       0.036825
      23.250000       0.036694
      23.350000       0.036561
      23.450000       0.036285
      23.550000       0.036031
      23.650000       0.036229
      23.750000       0.036010
      23.850000       0.035883
      23.950000       0.035340
      24.050000       0.035245
      24.150000       0.035082
      24.250000       0.035071
      24.350000       0.034780
      24.450000       0.034859
      24.550000       0.034599
      24.650000       0.034289
      24.750000       0.034187
      24.850000       0.034217
      24.950000       0.033888
      25.050000       0.033820
      25.150000       0.033956
      25.250000       0.033670
      25.350000       0.033541
      25.450000       0.033454
      25.550000       0.033506
      25.650000       0.033161
      25.750000       0.033265
      25.850000       0.032929
      25.950000       0.032818
      26.050000       0.032737
      26.150000       0.032673
      26.250000       0.032546
      26.350000       0.032567
      26.450000       0.032435
      26.550000       0.032270
      26.650000       0.032181
      26.750000       0.031999
      26.850000       0.032098
      26.950000       0.032138
      27.050000       0.032045
      27.150000       0.031906
      27.250000       0.031885
      27.350000       0.032024
      27.450000       0.031715
      27.550000       0.031899
      27.650000       0.031922
      27.750000       0.031548
      27.850000       0.031659
      27.950000       0.031669
      28.050000       0.031612
      28.150000       0.031593
      28.250000       0.031568
      28.350000       0.031473
      28.450000       0.031427
      28.550000       0.031409
      28.650000       0.031488
      28.750000       0.031438
      28.850000       0.031417
      28.950000       0.031176
      29.050000       0.031269
      29.150000       0.031098
      29.250000       0.031365
      29.350000       0.031211
      29.450000       0.030984
      29.550000       0.030985
      29.650000       0.030889
      29.750000       0.030870
      29.850000       0.030605
      29.950000       0.030536
