#Distance_(Ang) :1-10@O4_=>_:MG
       0.050000        0.000000
       0.150000        0.000000
       0.250000        0.000000
       0.350000        0.000000
       0.450000        0.000000
       0.550000        0.000000
       0.650000        0.000000
       0.750000        0.000000
       0.850000        0.000000
       0.950000        0.000000
       1.050000        0.000000
       1.150000        0.000000
       1.250000        0.000000
       1.350000        0.000000
       1.450000        0.000000
       1.550000        0.000000
       1.650000        0.000000
       1.750000        0.000000
       1.850000        0.000000
       1.950000        0.000000
       2.050000        0.000000
       2.150000        0.000000
       2.250000        0.000000
       2.350000        0.000000
       2.450000        0.000000
       2.550000        0.000000
       2.650000        0.000000
       2.750000        0.000000
       2.850000        0.000000
       2.950000        0.000000
       3.050000        0.000000
       3.150000        0.000049
       3.250000        0.000276
       3.350000        0.001277
       3.450000        0.004529
       3.550000        0.011656
       3.650000        0.027757
       3.750000        0.050366
       3.850000        0.084724
       3.950000        0.118896
       4.050000        0.146864
       4.150000        0.167942
       4.250000        0.177958
       4.350000        0.176453
       4.450000        0.159955
       4.550000        0.136640
       4.650000        0.113454
       4.750000        0.093026
       4.850000        0.073683
       4.950000        0.065187
       5.050000        0.056633
       5.150000        0.054134
       5.250000        0.054382
       5.350000        0.053658
       5.450000        0.056783
       5.550000        0.062166
       5.650000        0.073555
       5.750000        0.095776
       5.850000        0.138429
       5.950000        0.209769
       6.050000        0.311251
       6.150000        0.379028
       6.250000        0.359363
       6.350000        0.255185
       6.450000        0.158278
       6.550000        0.115782
       6.650000        0.106622
       6.750000        0.107232
       6.850000        0.108896
       6.950000        0.111691
       7.050000        0.114486
       7.150000        0.114982
       7.250000        0.117450
       7.350000        0.117899
       7.450000        0.120416
       7.550000        0.120988
       7.650000        0.121040
       7.750000        0.119356
       7.850000        0.118541
       7.950000        0.116768
       8.050000        0.114466
       8.150000        0.112775
       8.250000        0.108859
       8.350000        0.107730
       8.450000        0.105919
       8.550000        0.102752
       8.650000        0.101993
       8.750000        0.101696
       8.850000        0.099981
       8.950000        0.100545
       9.050000        0.100411
       9.150000        0.100554
       9.250000        0.101598
       9.350000        0.103539
       9.450000        0.105846
       9.550000        0.106708
       9.650000        0.107948
       9.750000        0.109362
       9.850000        0.109107
       9.950000        0.108804
      10.050000        0.110094
      10.150000        0.110620
      10.250000        0.109979
      10.350000        0.111530
      10.450000        0.112167
      10.550000        0.113149
      10.650000        0.114658
      10.750000        0.116838
      10.850000        0.116489
      10.950000        0.117605
      11.050000        0.118050
      11.150000        0.120137
      11.250000        0.121668
      11.350000        0.123149
      11.450000        0.124465
      11.550000        0.126671
      11.650000        0.127945
      11.750000        0.127582
      11.850000        0.130173
      11.950000        0.129857
      12.050000        0.131540
      12.150000        0.129976
      12.250000        0.128558
      12.350000        0.127929
      12.450000        0.127052
      12.550000        0.124767
      12.650000        0.122710
      12.750000        0.120255
      12.850000        0.117149
      12.950000        0.114258
      13.050000        0.110833
      13.150000        0.107735
      13.250000        0.104590
      13.350000        0.101624
      13.450000        0.098596
      13.550000        0.096018
      13.650000        0.094386
      13.750000        0.091678
      13.850000        0.089945
      13.950000        0.087715
      14.050000        0.086218
      14.150000        0.085213
      14.250000        0.083907
      14.350000        0.082487
      14.450000        0.080981
      14.550000        0.079044
      14.650000        0.077974
      14.750000        0.076182
      14.850000        0.074928
      14.950000        0.073455
      15.050000        0.071609
      15.150000        0.070429
      15.250000        0.069139
      15.350000        0.068103
      15.450000        0.066356
      15.550000        0.066024
      15.650000        0.064904
      15.750000        0.064749
      15.850000        0.064535
      15.950000        0.063645
      16.050000        0.062982
      16.150000        0.062491
      16.250000        0.061989
      16.350000        0.061389
      16.450000        0.060595
      16.550000        0.060145
      16.650000        0.059881
      16.750000        0.059196
      16.850000        0.059304
      16.950000        0.058324
      17.050000        0.057903
      17.150000        0.057793
      17.250000        0.056798
      17.350000        0.056563
      17.450000        0.056216
      17.550000        0.055404
      17.650000        0.055195
      17.750000        0.054610
      17.850000        0.054051
      17.950000        0.053810
      18.050000        0.053306
      18.150000        0.053045
      18.250000        0.053135
      18.350000        0.052417
      18.450000        0.052323
      18.550000        0.052271
      18.650000        0.051797
      18.750000        0.051777
      18.850000        0.051427
      18.950000        0.050923
      19.050000        0.051153
      19.150000        0.050603
      19.250000        0.050215
      19.350000        0.049457
      19.450000        0.049265
      19.550000        0.048788
      19.650000        0.047996
      19.750000        0.047755
      19.850000        0.047241
      19.950000        0.046876
      20.050000        0.046117
      20.150000        0.045496
      20.250000        0.044966
      20.350000        0.044725
      20.450000        0.044257
      20.550000        0.043881
      20.650000        0.043376
      20.750000        0.043468
      20.850000        0.043142
      20.950000        0.042905
      21.050000        0.042585
      21.150000        0.042733
      21.250000        0.042739
      21.350000        0.042293
      21.450000        0.041985
      21.550000        0.042012
      21.650000        0.041825
      21.750000        0.041353
      21.850000        0.041119
      21.950000        0.041184
      22.050000        0.040738
      22.150000        0.040348
      22.250000        0.040529
      22.350000        0.040234
      22.450000        0.040066
      22.550000        0.039763
      22.650000        0.039607
      22.750000        0.039320
      22.850000        0.038953
      22.950000        0.038764
      23.050000        0.038688
      23.150000        0.038432
      23.250000        0.038284
      23.350000        0.037800
      23.450000        0.037966
      23.550000        0.037672
      23.650000        0.037521
      23.750000        0.037299
      23.850000        0.037318
      23.950000        0.036858
      24.050000        0.036801
      24.150000        0.036502
      24.250000        0.036338
      24.350000        0.036457
      24.450000        0.036239
      24.550000        0.035975
      24.650000        0.035865
      24.750000        0.035981
      24.850000        0.035464
      24.950000        0.035525
      25.050000        0.035449
      25.150000        0.035193
      25.250000        0.035116
      25.350000        0.035206
      25.450000        0.034968
      25.550000        0.034583
      25.650000        0.034483
      25.750000        0.034244
      25.850000        0.034140
      25.950000        0.033880
      26.050000        0.033997
      26.150000        0.033798
      26.250000        0.033531
      26.350000        0.033404
      26.450000        0.033465
      26.550000        0.033275
      26.650000        0.033301
      26.750000        0.032969
      26.850000        0.032830
      26.950000        0.032777
      27.050000        0.032687
      27.150000        0.032580
      27.250000        0.032400
      27.350000        0.032461
      27.450000        0.032243
      27.550000        0.032186
      27.650000        0.031857
      27.750000        0.031958
      27.850000        0.031927
      27.950000        0.031750
      28.050000        0.031638
      28.150000        0.031659
      28.250000        0.031481
      28.350000        0.031371
      28.450000        0.031406
      28.550000        0.031405
      28.650000        0.031047
      28.750000        0.031039
      28.850000        0.031149
      28.950000        0.030988
      29.050000        0.030952
      29.150000        0.030825
      29.250000        0.030885
      29.350000        0.030849
      29.450000        0.030694
      29.550000        0.030503
      29.650000        0.030446
      29.750000        0.030443
      29.850000        0.030541
      29.950000        0.030384
