#Distance_(Ang) :1-10@O6_=>_:MG
       0.050000        0.000000
       0.150000        0.000000
       0.250000        0.000000
       0.350000        0.000000
       0.450000        0.000000
       0.550000        0.000000
       0.650000        0.000000
       0.750000        0.000000
       0.850000        0.000000
       0.950000        0.000000
       1.050000        0.000000
       1.150000        0.000000
       1.250000        0.000000
       1.350000        0.000000
       1.450000        0.000000
       1.550000        0.000000
       1.650000        0.000000
       1.750000        0.000000
       1.850000        0.000000
       1.950000        0.000000
       2.050000        0.000000
       2.150000        0.000000
       2.250000        0.000000
       2.350000        0.000000
       2.450000        0.000000
       2.550000        0.000000
       2.650000        0.000000
       2.750000        0.000000
       2.850000        0.000000
       2.950000        0.000000
       3.050000        0.000000
       3.150000        0.000131
       3.250000        0.000923
       3.350000        0.004053
       3.450000        0.014577
       3.550000        0.047232
       3.650000        0.115551
       3.750000        0.247500
       3.850000        0.416399
       3.950000        0.574549
       4.050000        0.664589
       4.150000        0.682603
       4.250000        0.659494
       4.350000        0.570661
       4.450000        0.471171
       4.550000        0.358655
       4.650000        0.269042
       4.750000        0.192972
       4.850000        0.148768
       4.950000        0.113379
       5.050000        0.086918
       5.150000        0.073701
       5.250000        0.065238
       5.350000        0.062277
       5.450000        0.060888
       5.550000        0.055844
       5.650000        0.055880
       5.750000        0.054720
       5.850000        0.055429
       5.950000        0.055233
       6.050000        0.054328
       6.150000        0.057369
       6.250000        0.057262
       6.350000        0.057294
       6.450000        0.055796
       6.550000        0.056863
       6.650000        0.053887
       6.750000        0.054698
       6.850000        0.053016
       6.950000        0.051717
       7.050000        0.049685
       7.150000        0.046499
       7.250000        0.043841
       7.350000        0.041285
       7.450000        0.039247
       7.550000        0.038135
       7.650000        0.037455
       7.750000        0.037869
       7.850000        0.039462
       7.950000        0.040686
       8.050000        0.047053
       8.150000        0.051550
       8.250000        0.059627
       8.350000        0.068152
       8.450000        0.079855
       8.550000        0.088834
       8.650000        0.098057
       8.750000        0.106625
       8.850000        0.112120
       8.950000        0.118520
       9.050000        0.126215
       9.150000        0.132459
       9.250000        0.141763
       9.350000        0.154744
       9.450000        0.167918
       9.550000        0.186152
       9.650000        0.200068
       9.750000        0.215728
       9.850000        0.227740
       9.950000        0.235499
      10.050000        0.243331
      10.150000        0.242181
      10.250000        0.241140
      10.350000        0.231334
      10.450000        0.220055
      10.550000        0.204757
      10.650000        0.191298
      10.750000        0.179135
      10.850000        0.168479
      10.950000        0.165410
      11.050000        0.166437
      11.150000        0.171170
      11.250000        0.176356
      11.350000        0.179351
      11.450000        0.180401
      11.550000        0.182581
      11.650000        0.178914
      11.750000        0.174691
      11.850000        0.173125
      11.950000        0.176447
      12.050000        0.178991
      12.150000        0.189435
      12.250000        0.201758
      12.350000        0.214367
      12.450000        0.229527
      12.550000        0.239347
      12.650000        0.244070
      12.750000        0.241172
      12.850000        0.228503
      12.950000        0.208263
      13.050000        0.186408
      13.150000        0.161610
      13.250000        0.142326
      13.350000        0.126736
      13.450000        0.114746
      13.550000        0.106235
      13.650000        0.099735
      13.750000        0.095367
      13.850000        0.090621
      13.950000        0.087804
      14.050000        0.088129
      14.150000        0.088845
      14.250000        0.088399
      14.350000        0.089611
      14.450000        0.091378
      14.550000        0.094918
      14.650000        0.098047
      14.750000        0.100635
      14.850000        0.102889
      14.950000        0.106797
      15.050000        0.106912
      15.150000        0.106759
      15.250000        0.107214
      15.350000        0.106748
      15.450000        0.103990
      15.550000        0.101539
      15.650000        0.097635
      15.750000        0.093654
      15.850000        0.089289
      15.950000        0.084931
      16.050000        0.080838
      16.150000        0.078079
      16.250000        0.074758
      16.350000        0.071583
      16.450000        0.069803
      16.550000        0.068243
      16.650000        0.068031
      16.750000        0.065641
      16.850000        0.064899
      16.950000        0.064217
      17.050000        0.063141
      17.150000        0.063203
      17.250000        0.063322
      17.350000        0.062734
      17.450000        0.062041
      17.550000        0.061950
      17.650000        0.061809
      17.750000        0.061549
      17.850000        0.061164
      17.950000        0.061095
      18.050000        0.061176
      18.150000        0.059356
      18.250000        0.059450
      18.350000        0.059483
      18.450000        0.057743
      18.550000        0.057996
      18.650000        0.057419
      18.750000        0.056449
      18.850000        0.056328
      18.950000        0.054872
      19.050000        0.054302
      19.150000        0.053226
      19.250000        0.051901
      19.350000        0.051188
      19.450000        0.049831
      19.550000        0.048962
      19.650000        0.048043
      19.750000        0.047129
      19.850000        0.046837
      19.950000        0.046133
      20.050000        0.045597
      20.150000        0.045562
      20.250000        0.045466
      20.350000        0.045143
      20.450000        0.044510
      20.550000        0.043848
      20.650000        0.043446
      20.750000        0.042286
      20.850000        0.041914
      20.950000        0.040520
      21.050000        0.039825
      21.150000        0.038759
      21.250000        0.037801
      21.350000        0.037221
      21.450000        0.036274
      21.550000        0.034954
      21.650000        0.034557
      21.750000        0.034074
      21.850000        0.033789
      21.950000        0.032485
      22.050000        0.032363
      22.150000        0.032003
      22.250000        0.031883
      22.350000        0.031201
      22.450000        0.030781
      22.550000        0.030841
      22.650000        0.030432
      22.750000        0.030247
      22.850000        0.030311
      22.950000        0.030405
      23.050000        0.030277
      23.150000        0.029813
      23.250000        0.029739
      23.350000        0.029648
      23.450000        0.029475
      23.550000        0.029574
      23.650000        0.029462
      23.750000        0.029195
      23.850000        0.029048
      23.950000        0.029030
      24.050000        0.029079
      24.150000        0.029049
      24.250000        0.028960
      24.350000        0.028910
      24.450000        0.028996
      24.550000        0.028412
      24.650000        0.028789
      24.750000        0.028544
      24.850000        0.028460
      24.950000        0.028544
      25.050000        0.028410
      25.150000        0.028817
      25.250000        0.028328
      25.350000        0.028996
      25.450000        0.028264
      25.550000        0.028798
      25.650000        0.028212
      25.750000        0.028317
      25.850000        0.028213
      25.950000        0.028809
      26.050000        0.028006
      26.150000        0.028279
      26.250000        0.028544
      26.350000        0.028446
      26.450000        0.028256
      26.550000        0.028274
      26.650000        0.028352
      26.750000        0.028490
      26.850000        0.028354
      26.950000        0.028397
      27.050000        0.028168
      27.150000        0.028498
      27.250000        0.028368
      27.350000        0.028194
      27.450000        0.028340
      27.550000        0.028564
      27.650000        0.028367
      27.750000        0.028120
      27.850000        0.028491
      27.950000        0.028325
      28.050000        0.028310
      28.150000        0.028408
      28.250000        0.028365
      28.350000        0.028264
      28.450000        0.028494
      28.550000        0.028079
      28.650000        0.028207
      28.750000        0.028438
      28.850000        0.028178
      28.950000        0.028066
      29.050000        0.027965
      29.150000        0.028343
      29.250000        0.028333
      29.350000        0.028239
      29.450000        0.028526
      29.550000        0.028431
      29.650000        0.028472
      29.750000        0.028588
      29.850000        0.028651
      29.950000        0.028327
