#Distance_(Ang) :C,C3@P_=>_:MG
       0.050000       0.000000
       0.150000       0.000000
       0.250000       0.000000
       0.350000       0.000000
       0.450000       0.000000
       0.550000       0.000000
       0.650000       0.000000
       0.750000       0.000000
       0.850000       0.000000
       0.950000       0.000000
       1.050000       0.000000
       1.150000       0.000000
       1.250000       0.000000
       1.350000       0.000000
       1.450000       0.000000
       1.550000       0.000000
       1.650000       0.000000
       1.750000       0.000000
       1.850000       0.000000
       1.950000       0.000000
       2.050000       0.000000
       2.150000       0.000000
       2.250000       0.000000
       2.350000       0.000000
       2.450000       0.000000
       2.550000       0.000000
       2.650000       0.000000
       2.750000       0.000000
       2.850000       0.000000
       2.950000       0.000000
       3.050000       0.000230
       3.150000       0.016661
       3.250000       0.426539
       3.350000       2.251987
       3.450000       1.733804
       3.550000       0.222880
       3.650000       0.008152
       3.750000       0.000114
       3.850000       0.000000
       3.950000       0.000223
       4.050000       0.002609
       4.150000       0.018562
       4.250000       0.079236
       4.350000       0.208187
       4.450000       0.397926
       4.550000       0.583036
       4.650000       0.638685
       4.750000       0.550126
       4.850000       0.421988
       4.950000       0.360882
       5.050000       0.347445
       5.150000       0.355305
       5.250000       0.360418
       5.350000       0.353520
       5.450000       0.331830
       5.550000       0.291659
       5.650000       0.239374
       5.750000       0.179725
       5.850000       0.125886
       5.950000       0.082260
       6.050000       0.057118
       6.150000       0.045211
       6.250000       0.043050
       6.350000       0.045075
       6.450000       0.051655
       6.550000       0.059917
       6.650000       0.071032
       6.750000       0.083980
       6.850000       0.095823
       6.950000       0.108598
       7.050000       0.121999
       7.150000       0.131394
       7.250000       0.139017
       7.350000       0.142124
       7.450000       0.142619
       7.550000       0.140030
       7.650000       0.135465
       7.750000       0.129943
       7.850000       0.126046
       7.950000       0.120021
       8.050000       0.117066
       8.150000       0.114360
       8.250000       0.115059
       8.350000       0.122042
       8.450000       0.136432
       8.550000       0.157456
       8.650000       0.190049
       8.750000       0.239942
       8.850000       0.297733
       8.950000       0.346577
       9.050000       0.336929
       9.150000       0.281064
       9.250000       0.215885
       9.350000       0.171624
       9.450000       0.151574
       9.550000       0.144749
       9.650000       0.144416
       9.750000       0.149217
       9.850000       0.151461
       9.950000       0.153174
      10.050000       0.150922
      10.150000       0.146319
      10.250000       0.140433
      10.350000       0.133687
      10.450000       0.127137
      10.550000       0.121410
      10.650000       0.116673
      10.750000       0.112846
      10.850000       0.111366
      10.950000       0.110107
      11.050000       0.108686
      11.150000       0.108361
      11.250000       0.105701
      11.350000       0.104140
      11.450000       0.100802
      11.550000       0.099502
      11.650000       0.097779
      11.750000       0.095885
      11.850000       0.094028
      11.950000       0.092448
      12.050000       0.090712
      12.150000       0.090343
      12.250000       0.088772
      12.350000       0.087805
      12.450000       0.087755
      12.550000       0.087427
      12.650000       0.087895
      12.750000       0.088659
      12.850000       0.090131
      12.950000       0.090646
      13.050000       0.090982
      13.150000       0.091861
      13.250000       0.091936
      13.350000       0.090543
      13.450000       0.090280
      13.550000       0.089649
      13.650000       0.089951
      13.750000       0.090016
      13.850000       0.089560
      13.950000       0.089979
      14.050000       0.091353
      14.150000       0.094196
      14.250000       0.096962
      14.350000       0.098208
      14.450000       0.098623
      14.550000       0.096760
      14.650000       0.092896
      14.750000       0.088471
      14.850000       0.085768
      14.950000       0.083066
      15.050000       0.081373
      15.150000       0.080721
      15.250000       0.079801
      15.350000       0.077961
      15.450000       0.077960
      15.550000       0.077088
      15.650000       0.076268
      15.750000       0.076767
      15.850000       0.075652
      15.950000       0.075571
      16.050000       0.075221
      16.150000       0.075134
      16.250000       0.075145
      16.350000       0.074433
      16.450000       0.073173
      16.550000       0.072806
      16.650000       0.071921
      16.750000       0.070768
      16.850000       0.069893
      16.950000       0.068864
      17.050000       0.067633
      17.150000       0.066829
      17.250000       0.065574
      17.350000       0.065261
      17.450000       0.063198
      17.550000       0.062799
      17.650000       0.062277
      17.750000       0.061379
      17.850000       0.061223
      17.950000       0.060056
      18.050000       0.059206
      18.150000       0.058790
      18.250000       0.058143
      18.350000       0.057627
      18.450000       0.056673
      18.550000       0.056414
      18.650000       0.056098
      18.750000       0.054773
      18.850000       0.054700
      18.950000       0.054236
      19.050000       0.053213
      19.150000       0.052796
      19.250000       0.052750
      19.350000       0.052126
      19.450000       0.051627
      19.550000       0.051208
      19.650000       0.049941
      19.750000       0.049486
      19.850000       0.048525
      19.950000       0.047738
      20.050000       0.046709
      20.150000       0.045860
      20.250000       0.045045
      20.350000       0.044671
      20.450000       0.044125
      20.550000       0.043483
      20.650000       0.043136
      20.750000       0.042708
      20.850000       0.042053
      20.950000       0.041922
      21.050000       0.042045
      21.150000       0.041179
      21.250000       0.041261
      21.350000       0.041157
      21.450000       0.040551
      21.550000       0.040402
      21.650000       0.040368
      21.750000       0.040037
      21.850000       0.039845
      21.950000       0.039614
      22.050000       0.039472
      22.150000       0.039429
      22.250000       0.039499
      22.350000       0.038863
      22.450000       0.039064
      22.550000       0.038589
      22.650000       0.038292
      22.750000       0.038133
      22.850000       0.037879
      22.950000       0.037480
      23.050000       0.037340
      23.150000       0.036953
      23.250000       0.036934
      23.350000       0.036565
      23.450000       0.036178
      23.550000       0.036225
      23.650000       0.035950
      23.750000       0.035897
      23.850000       0.035627
      23.950000       0.035664
      24.050000       0.035024
      24.150000       0.035304
      24.250000       0.034986
      24.350000       0.034934
      24.450000       0.034848
      24.550000       0.034705
      24.650000       0.034418
      24.750000       0.034533
      24.850000       0.034168
      24.950000       0.034078
      25.050000       0.034181
      25.150000       0.033852
      25.250000       0.033778
      25.350000       0.033497
      25.450000       0.033352
      25.550000       0.033288
      25.650000       0.033169
      25.750000       0.033114
      25.850000       0.033183
      25.950000       0.032973
      26.050000       0.032927
      26.150000       0.032775
      26.250000       0.032374
      26.350000       0.032516
      26.450000       0.032430
      26.550000       0.032502
      26.650000       0.032230
      26.750000       0.032174
      26.850000       0.032053
      26.950000       0.031932
      27.050000       0.032226
      27.150000       0.031724
      27.250000       0.031971
      27.350000       0.031775
      27.450000       0.031696
      27.550000       0.031696
      27.650000       0.031649
      27.750000       0.031916
      27.850000       0.031653
      27.950000       0.031861
      28.050000       0.031437
      28.150000       0.031704
      28.250000       0.031635
      28.350000       0.031634
      28.450000       0.031432
      28.550000       0.031096
      28.650000       0.031292
      28.750000       0.031070
      28.850000       0.031261
      28.950000       0.031071
      29.050000       0.031078
      29.150000       0.030968
      29.250000       0.030985
      29.350000       0.030901
      29.450000       0.030810
      29.550000       0.030882
      29.650000       0.031037
      29.750000       0.030698
      29.850000       0.030758
      29.950000       0.030727
