#Distance_(Ang) :1-10@N1_=>_:MG
       0.050000        0.000000
       0.150000        0.000000
       0.250000        0.000000
       0.350000        0.000000
       0.450000        0.000000
       0.550000        0.000000
       0.650000        0.000000
       0.750000        0.000000
       0.850000        0.000000
       0.950000        0.000000
       1.050000        0.000000
       1.150000        0.000000
       1.250000        0.000000
       1.350000        0.000000
       1.450000        0.000000
       1.550000        0.000000
       1.650000        0.000000
       1.750000        0.000000
       1.850000        0.000000
       1.950000        0.000000
       2.050000        0.000000
       2.150000        0.000000
       2.250000        0.000000
       2.350000        0.000000
       2.450000        0.000000
       2.550000        0.000000
       2.650000        0.000000
       2.750000        0.000000
       2.850000        0.000000
       2.950000        0.000000
       3.050000        0.000000
       3.150000        0.000000
       3.250000        0.000000
       3.350000        0.000000
       3.450000        0.000020
       3.550000        0.000000
       3.650000        0.000108
       3.750000        0.000427
       3.850000        0.001248
       3.950000        0.003848
       4.050000        0.006545
       4.150000        0.013206
       4.250000        0.019493
       4.350000        0.025690
       4.450000        0.030964
       4.550000        0.033273
       4.650000        0.032590
       4.750000        0.033574
       4.850000        0.034563
       4.950000        0.038582
       5.050000        0.045375
       5.150000        0.059659
       5.250000        0.082016
       5.350000        0.104950
       5.450000        0.131490
       5.550000        0.150327
       5.650000        0.157723
       5.750000        0.153549
       5.850000        0.141123
       5.950000        0.128495
       6.050000        0.121362
       6.150000        0.118457
       6.250000        0.118091
       6.350000        0.120858
       6.450000        0.126331
       6.550000        0.134338
       6.650000        0.144916
       6.750000        0.153127
       6.850000        0.161567
       6.950000        0.168915
       7.050000        0.172619
       7.150000        0.176628
       7.250000        0.179115
       7.350000        0.182117
       7.450000        0.182427
       7.550000        0.182721
       7.650000        0.183656
       7.750000        0.184825
       7.850000        0.184940
       7.950000        0.187720
       8.050000        0.190958
       8.150000        0.192198
       8.250000        0.194653
       8.350000        0.197618
       8.450000        0.202804
       8.550000        0.207317
       8.650000        0.209447
       8.750000        0.209951
       8.850000        0.207051
       8.950000        0.202975
       9.050000        0.197335
       9.150000        0.190883
       9.250000        0.184827
       9.350000        0.179394
       9.450000        0.173840
       9.550000        0.171130
       9.650000        0.165971
       9.750000        0.162412
       9.850000        0.160956
       9.950000        0.156361
      10.050000        0.155826
      10.150000        0.150897
      10.250000        0.147457
      10.350000        0.145754
      10.450000        0.142522
      10.550000        0.141242
      10.650000        0.136535
      10.750000        0.134464
      10.850000        0.131193
      10.950000        0.128391
      11.050000        0.125990
      11.150000        0.122996
      11.250000        0.120426
      11.350000        0.119660
      11.450000        0.116980
      11.550000        0.117727
      11.650000        0.118158
      11.750000        0.118471
      11.850000        0.119983
      11.950000        0.121055
      12.050000        0.122120
      12.150000        0.123140
      12.250000        0.122636
      12.350000        0.123195
      12.450000        0.122132
      12.550000        0.121026
      12.650000        0.119713
      12.750000        0.117211
      12.850000        0.114440
      12.950000        0.112205
      13.050000        0.110059
      13.150000        0.106833
      13.250000        0.105558
      13.350000        0.103549
      13.450000        0.102510
      13.550000        0.100521
      13.650000        0.099035
      13.750000        0.097718
      13.850000        0.095664
      13.950000        0.093433
      14.050000        0.092767
      14.150000        0.089772
      14.250000        0.087880
      14.350000        0.085371
      14.450000        0.083371
      14.550000        0.081344
      14.650000        0.079488
      14.750000        0.077592
      14.850000        0.075831
      14.950000        0.074646
      15.050000        0.073844
      15.150000        0.073120
      15.250000        0.072139
      15.350000        0.071558
      15.450000        0.070472
      15.550000        0.069934
      15.650000        0.069550
      15.750000        0.068977
      15.850000        0.068038
      15.950000        0.067035
      16.050000        0.067157
      16.150000        0.066309
      16.250000        0.065377
      16.350000        0.065190
      16.450000        0.064578
      16.550000        0.064558
      16.650000        0.063841
      16.750000        0.063346
      16.850000        0.062668
      16.950000        0.062219
      17.050000        0.061139
      17.150000        0.060950
      17.250000        0.060084
      17.350000        0.059346
      17.450000        0.058000
      17.550000        0.058327
      17.650000        0.057021
      17.750000        0.056620
      17.850000        0.055883
      17.950000        0.054939
      18.050000        0.054393
      18.150000        0.053797
      18.250000        0.053316
      18.350000        0.052769
      18.450000        0.051842
      18.550000        0.050953
      18.650000        0.050414
      18.750000        0.049705
      18.850000        0.049464
      18.950000        0.049615
      19.050000        0.048400
      19.150000        0.047735
      19.250000        0.047643
      19.350000        0.047147
      19.450000        0.046663
      19.550000        0.046374
      19.650000        0.046173
      19.750000        0.045984
      19.850000        0.045641
      19.950000        0.045390
      20.050000        0.044711
      20.150000        0.044664
      20.250000        0.044212
      20.350000        0.043601
      20.450000        0.043431
      20.550000        0.043052
      20.650000        0.043110
      20.750000        0.042595
      20.850000        0.042084
      20.950000        0.042377
      21.050000        0.041743
      21.150000        0.041448
      21.250000        0.041437
      21.350000        0.041059
      21.450000        0.041128
      21.550000        0.040754
      21.650000        0.040320
      21.750000        0.040311
      21.850000        0.039995
      21.950000        0.039783
      22.050000        0.039617
      22.150000        0.039307
      22.250000        0.039112
      22.350000        0.039057
      22.450000        0.038760
      22.550000        0.038612
      22.650000        0.038408
      22.750000        0.038033
      22.850000        0.037952
      22.950000        0.037650
      23.050000        0.037471
      23.150000        0.037281
      23.250000        0.037094
      23.350000        0.037001
      23.450000        0.036966
      23.550000        0.036464
      23.650000        0.036493
      23.750000        0.036235
      23.850000        0.036369
      23.950000        0.036234
      24.050000        0.036001
      24.150000        0.036059
      24.250000        0.035844
      24.350000        0.035687
      24.450000        0.035392
      24.550000        0.035157
      24.650000        0.035195
      24.750000        0.034979
      24.850000        0.034867
      24.950000        0.035071
      25.050000        0.034694
      25.150000        0.034738
      25.250000        0.034596
      25.350000        0.034306
      25.450000        0.034394
      25.550000        0.034000
      25.650000        0.034096
      25.750000        0.033917
      25.850000        0.034029
      25.950000        0.033716
      26.050000        0.033716
      26.150000        0.033364
      26.250000        0.033343
      26.350000        0.033475
      26.450000        0.033310
      26.550000        0.033272
      26.650000        0.033120
      26.750000        0.032879
      26.850000        0.033037
      26.950000        0.032874
      27.050000        0.032672
      27.150000        0.032784
      27.250000        0.032803
      27.350000        0.032573
      27.450000        0.032514
      27.550000        0.032245
      27.650000        0.032489
      27.750000        0.032156
      27.850000        0.032253
      27.950000        0.032161
      28.050000        0.032153
      28.150000        0.032068
      28.250000        0.032028
      28.350000        0.031783
      28.450000        0.031862
      28.550000        0.031749
      28.650000        0.031614
      28.750000        0.031695
      28.850000        0.031754
      28.950000        0.031504
      29.050000        0.031221
      29.150000        0.031499
      29.250000        0.031260
      29.350000        0.031316
      29.450000        0.031144
      29.550000        0.031195
      29.650000        0.031286
      29.750000        0.031174
      29.850000        0.031129
      29.950000        0.031154
