#Distance_(Ang) :1-10@N7_=>_:MG
       0.050000        0.000000
       0.150000        0.000000
       0.250000        0.000000
       0.350000        0.000000
       0.450000        0.000000
       0.550000        0.000000
       0.650000        0.000000
       0.750000        0.000000
       0.850000        0.000000
       0.950000        0.000000
       1.050000        0.000000
       1.150000        0.000000
       1.250000        0.000000
       1.350000        0.000000
       1.450000        0.000000
       1.550000        0.000000
       1.650000        0.000000
       1.750000        0.000000
       1.850000        0.000000
       1.950000        0.000000
       2.050000        0.000000
       2.150000        0.000000
       2.250000        0.000000
       2.350000        0.000000
       2.450000        0.000000
       2.550000        0.000000
       2.650000        0.000000
       2.750000        0.000000
       2.850000        0.000000
       2.950000        0.000000
       3.050000        0.000000
       3.150000        0.000000
       3.250000        0.000000
       3.350000        0.000086
       3.450000        0.000081
       3.550000        0.000650
       3.650000        0.002351
       3.750000        0.007196
       3.850000        0.015053
       3.950000        0.031720
       4.050000        0.052091
       4.150000        0.076528
       4.250000        0.096288
       4.350000        0.110529
       4.450000        0.114086
       4.550000        0.114690
       4.650000        0.103168
       4.750000        0.093680
       4.850000        0.081170
       4.950000        0.073184
       5.050000        0.064438
       5.150000        0.058380
       5.250000        0.054429
       5.350000        0.052430
       5.450000        0.049777
       5.550000        0.052553
       5.650000        0.053321
       5.750000        0.053989
       5.850000        0.058271
       5.950000        0.062754
       6.050000        0.067516
       6.150000        0.072894
       6.250000        0.082251
       6.350000        0.090952
       6.450000        0.102112
       6.550000        0.114104
       6.650000        0.126630
       6.750000        0.147688
       6.850000        0.166003
       6.950000        0.180107
       7.050000        0.191091
       7.150000        0.193513
       7.250000        0.190412
       7.350000        0.183348
       7.450000        0.175941
       7.550000        0.168961
       7.650000        0.160999
       7.750000        0.158965
       7.850000        0.156301
       7.950000        0.159241
       8.050000        0.162233
       8.150000        0.169370
       8.250000        0.173715
       8.350000        0.179401
       8.450000        0.185824
       8.550000        0.190600
       8.650000        0.195242
       8.750000        0.198642
       8.850000        0.198264
       8.950000        0.194622
       9.050000        0.183867
       9.150000        0.178051
       9.250000        0.166703
       9.350000        0.158542
       9.450000        0.150337
       9.550000        0.144029
       9.650000        0.138663
       9.750000        0.135479
       9.850000        0.132474
       9.950000        0.131182
      10.050000        0.131137
      10.150000        0.130255
      10.250000        0.130840
      10.350000        0.129854
      10.450000        0.132747
      10.550000        0.133252
      10.650000        0.135409
      10.750000        0.138486
      10.850000        0.139519
      10.950000        0.142991
      11.050000        0.145226
      11.150000        0.148350
      11.250000        0.149974
      11.350000        0.152322
      11.450000        0.154242
      11.550000        0.154715
      11.650000        0.156601
      11.750000        0.155326
      11.850000        0.156405
      11.950000        0.155428
      12.050000        0.154980
      12.150000        0.153585
      12.250000        0.152019
      12.350000        0.149018
      12.450000        0.146522
      12.550000        0.142482
      12.650000        0.137664
      12.750000        0.131985
      12.850000        0.127152
      12.950000        0.120747
      13.050000        0.116325
      13.150000        0.111896
      13.250000        0.106162
      13.350000        0.101519
      13.450000        0.096661
      13.550000        0.093100
      13.650000        0.091674
      13.750000        0.088617
      13.850000        0.086375
      13.950000        0.084958
      14.050000        0.082659
      14.150000        0.081208
      14.250000        0.080015
      14.350000        0.078153
      14.450000        0.077532
      14.550000        0.076866
      14.650000        0.075142
      14.750000        0.074116
      14.850000        0.073800
      14.950000        0.072109
      15.050000        0.070458
      15.150000        0.069804
      15.250000        0.068743
      15.350000        0.068605
      15.450000        0.067009
      15.550000        0.067208
      15.650000        0.066588
      15.750000        0.065893
      15.850000        0.065002
      15.950000        0.065003
      16.050000        0.064500
      16.150000        0.063866
      16.250000        0.063388
      16.350000        0.063321
      16.450000        0.062149
      16.550000        0.061230
      16.650000        0.060363
      16.750000        0.059783
      16.850000        0.058555
      16.950000        0.057490
      17.050000        0.056277
      17.150000        0.055828
      17.250000        0.055252
      17.350000        0.053784
      17.450000        0.053138
      17.550000        0.052577
      17.650000        0.052057
      17.750000        0.050816
      17.850000        0.050602
      17.950000        0.049332
      18.050000        0.049254
      18.150000        0.048579
      18.250000        0.048464
      18.350000        0.047115
      18.450000        0.046870
      18.550000        0.045517
      18.650000        0.045956
      18.750000        0.045421
      18.850000        0.044830
      18.950000        0.044925
      19.050000        0.044115
      19.150000        0.044055
      19.250000        0.044126
      19.350000        0.043720
      19.450000        0.043185
      19.550000        0.043466
      19.650000        0.042250
      19.750000        0.042234
      19.850000        0.042347
      19.950000        0.042271
      20.050000        0.041045
      20.150000        0.041129
      20.250000        0.040905
      20.350000        0.040507
      20.450000        0.041035
      20.550000        0.040533
      20.650000        0.040783
      20.750000        0.040582
      20.850000        0.040183
      20.950000        0.040290
      21.050000        0.040303
      21.150000        0.040009
      21.250000        0.039759
      21.350000        0.039987
      21.450000        0.039903
      21.550000        0.039420
      21.650000        0.039130
      21.750000        0.039173
      21.850000        0.039653
      21.950000        0.039333
      22.050000        0.039063
      22.150000        0.039231
      22.250000        0.039161
      22.350000        0.039362
      22.450000        0.039524
      22.550000        0.039425
      22.650000        0.039931
      22.750000        0.039693
      22.850000        0.040099
      22.950000        0.039957
      23.050000        0.040227
      23.150000        0.040220
      23.250000        0.040479
      23.350000        0.040148
      23.450000        0.040260
      23.550000        0.040003
      23.650000        0.039816
      23.750000        0.039708
      23.850000        0.039432
      23.950000        0.039198
      24.050000        0.038776
      24.150000        0.038730
      24.250000        0.038562
      24.350000        0.038318
      24.450000        0.038322
      24.550000        0.037835
      24.650000        0.037725
      24.750000        0.037444
      24.850000        0.037324
      24.950000        0.037112
      25.050000        0.036696
      25.150000        0.036474
      25.250000        0.036238
      25.350000        0.035939
      25.450000        0.035551
      25.550000        0.035479
      25.650000        0.035239
      25.750000        0.034704
      25.850000        0.034785
      25.950000        0.034505
      26.050000        0.034044
      26.150000        0.033852
      26.250000        0.034042
      26.350000        0.033679
      26.450000        0.033403
      26.550000        0.033428
      26.650000        0.033114
      26.750000        0.033133
      26.850000        0.032733
      26.950000        0.032638
      27.050000        0.032708
      27.150000        0.032594
      27.250000        0.032478
      27.350000        0.032442
      27.450000        0.032146
      27.550000        0.032309
      27.650000        0.032137
      27.750000        0.031837
      27.850000        0.031793
      27.950000        0.031866
      28.050000        0.031662
      28.150000        0.031599
      28.250000        0.031449
      28.350000        0.031546
      28.450000        0.031451
      28.550000        0.031344
      28.650000        0.031226
      28.750000        0.031107
      28.850000        0.031141
      28.950000        0.031064
      29.050000        0.031062
      29.150000        0.030799
      29.250000        0.031029
      29.350000        0.031122
      29.450000        0.030809
      29.550000        0.030797
      29.650000        0.030595
      29.750000        0.030957
      29.850000        0.030788
      29.950000        0.030544
