#Distance_(Ang) :1-10@O2_=>_:MG
       0.050000        0.000000
       0.150000        0.000000
       0.250000        0.000000
       0.350000        0.000000
       0.450000        0.000000
       0.550000        0.000000
       0.650000        0.000000
       0.750000        0.000000
       0.850000        0.000000
       0.950000        0.000000
       1.050000        0.000000
       1.150000        0.000000
       1.250000        0.000000
       1.350000        0.000000
       1.450000        0.000000
       1.550000        0.000000
       1.650000        0.000000
       1.750000        0.000000
       1.850000        0.047826
       1.950000        2.717028
       2.050000        6.043780
       2.150000        2.231226
       2.250000        0.336290
       2.350000        0.037184
       2.450000        0.004412
       2.550000        0.000407
       2.650000        0.000034
       2.750000        0.000000
       2.850000        0.000000
       2.950000        0.000000
       3.050000        0.000052
       3.150000        0.000121
       3.250000        0.000638
       3.350000        0.003089
       3.450000        0.010478
       3.550000        0.026956
       3.650000        0.059076
       3.750000        0.108596
       3.850000        0.174595
       3.950000        0.238238
       4.050000        0.286947
       4.150000        0.307968
       4.250000        0.300712
       4.350000        0.275339
       4.450000        0.237742
       4.550000        0.192553
       4.650000        0.152492
       4.750000        0.118672
       4.850000        0.102120
       4.950000        0.088966
       5.050000        0.076499
       5.150000        0.069917
       5.250000        0.065873
       5.350000        0.066680
       5.450000        0.063769
       5.550000        0.064494
       5.650000        0.064675
       5.750000        0.068831
       5.850000        0.070853
       5.950000        0.073898
       6.050000        0.076994
       6.150000        0.080285
       6.250000        0.082304
       6.350000        0.084097
       6.450000        0.086075
       6.550000        0.087738
       6.650000        0.086589
       6.750000        0.085734
       6.850000        0.084542
       6.950000        0.080940
       7.050000        0.078127
       7.150000        0.076165
       7.250000        0.076199
       7.350000        0.075650
       7.450000        0.075963
       7.550000        0.078268
       7.650000        0.081851
       7.750000        0.086812
       7.850000        0.093487
       7.950000        0.102502
       8.050000        0.112961
       8.150000        0.124270
       8.250000        0.135493
       8.350000        0.148270
       8.450000        0.161736
       8.550000        0.171001
       8.650000        0.182757
       8.750000        0.191912
       8.850000        0.199653
       8.950000        0.201466
       9.050000        0.200883
       9.150000        0.192605
       9.250000        0.182647
       9.350000        0.173421
       9.450000        0.165373
       9.550000        0.158113
       9.650000        0.154566
       9.750000        0.148159
       9.850000        0.145568
       9.950000        0.145794
      10.050000        0.145298
      10.150000        0.144235
      10.250000        0.144602
      10.350000        0.145298
      10.450000        0.146726
      10.550000        0.146325
      10.650000        0.145281
      10.750000        0.146735
      10.850000        0.146614
      10.950000        0.145456
      11.050000        0.145712
      11.150000        0.145059
      11.250000        0.143836
      11.350000        0.143104
      11.450000        0.143037
      11.550000        0.141335
      11.650000        0.139201
      11.750000        0.138174
      11.850000        0.136416
      11.950000        0.133292
      12.050000        0.131681
      12.150000        0.129418
      12.250000        0.125868
      12.350000        0.123290
      12.450000        0.119910
      12.550000        0.116995
      12.650000        0.114257
      12.750000        0.110886
      12.850000        0.107677
      12.950000        0.105006
      13.050000        0.102739
      13.150000        0.101743
      13.250000        0.098905
      13.350000        0.097383
      13.450000        0.096579
      13.550000        0.095670
      13.650000        0.094837
      13.750000        0.093087
      13.850000        0.092762
      13.950000        0.091525
      14.050000        0.090676
      14.150000        0.089055
      14.250000        0.088015
      14.350000        0.086493
      14.450000        0.084877
      14.550000        0.083369
      14.650000        0.082041
      14.750000        0.079825
      14.850000        0.078961
      14.950000        0.077260
      15.050000        0.075757
      15.150000        0.074140
      15.250000        0.072515
      15.350000        0.070904
      15.450000        0.069841
      15.550000        0.068893
      15.650000        0.067337
      15.750000        0.066466
      15.850000        0.065718
      15.950000        0.065067
      16.050000        0.064291
      16.150000        0.064237
      16.250000        0.063699
      16.350000        0.063152
      16.450000        0.062585
      16.550000        0.061949
      16.650000        0.061622
      16.750000        0.061192
      16.850000        0.060711
      16.950000        0.060283
      17.050000        0.059654
      17.150000        0.058911
      17.250000        0.058464
      17.350000        0.057734
      17.450000        0.057139
      17.550000        0.056738
      17.650000        0.056598
      17.750000        0.055906
      17.850000        0.055555
      17.950000        0.055545
      18.050000        0.055632
      18.150000        0.055350
      18.250000        0.055242
      18.350000        0.055212
      18.450000        0.054685
      18.550000        0.054841
      18.650000        0.054931
      18.750000        0.054459
      18.850000        0.054075
      18.950000        0.053711
      19.050000        0.053775
      19.150000        0.053422
      19.250000        0.052433
      19.350000        0.052280
      19.450000        0.051803
      19.550000        0.051646
      19.650000        0.050776
      19.750000        0.050409
      19.850000        0.050286
      19.950000        0.049949
      20.050000        0.049382
      20.150000        0.048418
      20.250000        0.048413
      20.350000        0.048147
      20.450000        0.047500
      20.550000        0.047315
      20.650000        0.046880
      20.750000        0.046426
      20.850000        0.046234
      20.950000        0.046065
      21.050000        0.045540
      21.150000        0.045329
      21.250000        0.045095
      21.350000        0.045011
      21.450000        0.044308
      21.550000        0.044159
      21.650000        0.043767
      21.750000        0.043348
      21.850000        0.043061
      21.950000        0.042288
      22.050000        0.042401
      22.150000        0.041828
      22.250000        0.041950
      22.350000        0.041676
      22.450000        0.041256
      22.550000        0.040914
      22.650000        0.040571
      22.750000        0.040843
      22.850000        0.040191
      22.950000        0.040147
      23.050000        0.039742
      23.150000        0.039834
      23.250000        0.039335
      23.350000        0.039343
      23.450000        0.038910
      23.550000        0.038564
      23.650000        0.038380
      23.750000        0.038199
      23.850000        0.037882
      23.950000        0.037703
      24.050000        0.037305
      24.150000        0.037221
      24.250000        0.036619
      24.350000        0.036480
      24.450000        0.036543
      24.550000        0.036212
      24.650000        0.036065
      24.750000        0.036075
      24.850000        0.035809
      24.950000        0.035675
      25.050000        0.035661
      25.150000        0.035555
      25.250000        0.035466
      25.350000        0.035242
      25.450000        0.034991
      25.550000        0.034906
      25.650000        0.034617
      25.750000        0.034418
      25.850000        0.034321
      25.950000        0.034227
      26.050000        0.033982
      26.150000        0.034029
      26.250000        0.033662
      26.350000        0.033478
      26.450000        0.033340
      26.550000        0.033483
      26.650000        0.033102
      26.750000        0.033071
      26.850000        0.032957
      26.950000        0.032867
      27.050000        0.032676
      27.150000        0.032674
      27.250000        0.032530
      27.350000        0.032382
      27.450000        0.032219
      27.550000        0.032338
      27.650000        0.032014
      27.750000        0.031869
      27.850000        0.032138
      27.950000        0.031828
      28.050000        0.031760
      28.150000        0.031517
      28.250000        0.031786
      28.350000        0.031561
      28.450000        0.031340
      28.550000        0.031455
      28.650000        0.031259
      28.750000        0.031193
      28.850000        0.030933
      28.950000        0.030973
      29.050000        0.030969
      29.150000        0.030976
      29.250000        0.030693
      29.350000        0.030699
      29.450000        0.030485
      29.550000        0.030741
      29.650000        0.030547
      29.750000        0.030389
      29.850000        0.030558
      29.950000        0.030352
