#Distance_(Ang) :A,A3@P_=>_:MG
       0.050000       0.000000
       0.150000       0.000000
       0.250000       0.000000
       0.350000       0.000000
       0.450000       0.000000
       0.550000       0.000000
       0.650000       0.000000
       0.750000       0.000000
       0.850000       0.000000
       0.950000       0.000000
       1.050000       0.000000
       1.150000       0.000000
       1.250000       0.000000
       1.350000       0.000000
       1.450000       0.000000
       1.550000       0.000000
       1.650000       0.000000
       1.750000       0.000000
       1.850000       0.000000
       1.950000       0.000000
       2.050000       0.000000
       2.150000       0.000000
       2.250000       0.000000
       2.350000       0.000000
       2.450000       0.000000
       2.550000       0.000000
       2.650000       0.000000
       2.750000       0.000000
       2.850000       0.000000
       2.950000       0.000067
       3.050000       0.004041
       3.150000       0.114776
       3.250000       1.368797
       3.350000       5.084140
       3.450000       2.842167
       3.550000       0.223195
       3.650000       0.005206
       3.750000       0.000083
       3.850000       0.000039
       3.950000       0.000112
       4.050000       0.002328
       4.150000       0.014366
       4.250000       0.051534
       4.350000       0.135623
       4.450000       0.270481
       4.550000       0.399057
       4.650000       0.424845
       4.750000       0.353839
       4.850000       0.276088
       4.950000       0.254781
       5.050000       0.275406
       5.150000       0.304658
       5.250000       0.321764
       5.350000       0.321721
       5.450000       0.295403
       5.550000       0.252515
       5.650000       0.195087
       5.750000       0.140065
       5.850000       0.094254
       5.950000       0.069866
       6.050000       0.062686
       6.150000       0.069972
       6.250000       0.088776
       6.350000       0.117666
       6.450000       0.151629
       6.550000       0.183296
       6.650000       0.220266
       6.750000       0.249442
       6.850000       0.277099
       6.950000       0.298898
       7.050000       0.322149
       7.150000       0.337703
       7.250000       0.342945
       7.350000       0.340080
       7.450000       0.331285
       7.550000       0.308615
       7.650000       0.287761
       7.750000       0.260940
       7.850000       0.231259
       7.950000       0.201712
       8.050000       0.176728
       8.150000       0.151896
       8.250000       0.136110
       8.350000       0.121730
       8.450000       0.110396
       8.550000       0.101805
       8.650000       0.093268
       8.750000       0.088586
       8.850000       0.084456
       8.950000       0.081168
       9.050000       0.078857
       9.150000       0.079761
       9.250000       0.081353
       9.350000       0.083832
       9.450000       0.086160
       9.550000       0.085148
       9.650000       0.086575
       9.750000       0.086700
       9.850000       0.087379
       9.950000       0.085784
      10.050000       0.085664
      10.150000       0.083778
      10.250000       0.080356
      10.350000       0.077037
      10.450000       0.074564
      10.550000       0.071507
      10.650000       0.069256
      10.750000       0.065974
      10.850000       0.063971
      10.950000       0.062203
      11.050000       0.059698
      11.150000       0.057600
      11.250000       0.056334
      11.350000       0.056319
      11.450000       0.055795
      11.550000       0.055720
      11.650000       0.056713
      11.750000       0.057977
      11.850000       0.058329
      11.950000       0.061322
      12.050000       0.063480
      12.150000       0.065673
      12.250000       0.068676
      12.350000       0.071183
      12.450000       0.073557
      12.550000       0.076268
      12.650000       0.077940
      12.750000       0.079702
      12.850000       0.080892
      12.950000       0.081668
      13.050000       0.082208
      13.150000       0.082734
      13.250000       0.083103
      13.350000       0.082776
      13.450000       0.083458
      13.550000       0.082545
      13.650000       0.081232
      13.750000       0.080436
      13.850000       0.079365
      13.950000       0.077191
      14.050000       0.075139
      14.150000       0.073254
      14.250000       0.069929
      14.350000       0.068423
      14.450000       0.066534
      14.550000       0.064222
      14.650000       0.062585
      14.750000       0.061095
      14.850000       0.059155
      14.950000       0.058230
      15.050000       0.056814
      15.150000       0.055744
      15.250000       0.054011
      15.350000       0.053132
      15.450000       0.052814
      15.550000       0.052214
      15.650000       0.051786
      15.750000       0.051605
      15.850000       0.050845
      15.950000       0.050671
      16.050000       0.050196
      16.150000       0.049863
      16.250000       0.049708
      16.350000       0.048834
      16.450000       0.048318
      16.550000       0.048099
      16.650000       0.047447
      16.750000       0.046902
      16.850000       0.046568
      16.950000       0.045799
      17.050000       0.045732
      17.150000       0.045357
      17.250000       0.045088
      17.350000       0.044726
      17.450000       0.044556
      17.550000       0.044755
      17.650000       0.044831
      17.750000       0.044878
      17.850000       0.045570
      17.950000       0.046041
      18.050000       0.046187
      18.150000       0.047180
      18.250000       0.047962
      18.350000       0.048304
      18.450000       0.049589
      18.550000       0.049838
      18.650000       0.050240
      18.750000       0.051275
      18.850000       0.051682
      18.950000       0.052130
      19.050000       0.052798
      19.150000       0.052958
      19.250000       0.053274
      19.350000       0.053359
      19.450000       0.053649
      19.550000       0.053225
      19.650000       0.053036
      19.750000       0.052542
      19.850000       0.052243
      19.950000       0.051960
      20.050000       0.051329
      20.150000       0.049960
      20.250000       0.049673
      20.350000       0.048493
      20.450000       0.047833
      20.550000       0.046931
      20.650000       0.046334
      20.750000       0.045642
      20.850000       0.044588
      20.950000       0.044142
      21.050000       0.043347
      21.150000       0.042811
      21.250000       0.041826
      21.350000       0.041186
      21.450000       0.040475
      21.550000       0.040214
      21.650000       0.039629
      21.750000       0.039073
      21.850000       0.039027
      21.950000       0.038639
      22.050000       0.038452
      22.150000       0.038732
      22.250000       0.038446
      22.350000       0.038245
      22.450000       0.037781
      22.550000       0.037771
      22.650000       0.037502
      22.750000       0.037789
      22.850000       0.037629
      22.950000       0.037528
      23.050000       0.037330
      23.150000       0.037369
      23.250000       0.037221
      23.350000       0.037106
      23.450000       0.037474
      23.550000       0.037515
      23.650000       0.037265
      23.750000       0.037275
      23.850000       0.037486
      23.950000       0.037566
      24.050000       0.037478
      24.150000       0.037770
      24.250000       0.037851
      24.350000       0.037867
      24.450000       0.037968
      24.550000       0.038486
      24.650000       0.038159
      24.750000       0.038592
      24.850000       0.038965
      24.950000       0.038978
      25.050000       0.038916
      25.150000       0.039147
      25.250000       0.039120
      25.350000       0.039303
      25.450000       0.039306
      25.550000       0.039172
      25.650000       0.039039
      25.750000       0.039082
      25.850000       0.038818
      25.950000       0.038527
      26.050000       0.038440
      26.150000       0.038214
      26.250000       0.037908
      26.350000       0.037866
      26.450000       0.037480
      26.550000       0.037059
      26.650000       0.036899
      26.750000       0.036282
      26.850000       0.035837
      26.950000       0.035677
      27.050000       0.035467
      27.150000       0.035312
      27.250000       0.035011
      27.350000       0.034940
      27.450000       0.034467
      27.550000       0.034415
      27.650000       0.034359
      27.750000       0.034303
      27.850000       0.034301
      27.950000       0.034153
      28.050000       0.034218
      28.150000       0.034166
      28.250000       0.034036
      28.350000       0.034154
      28.450000       0.033922
      28.550000       0.034251
      28.650000       0.034118
      28.750000       0.034115
      28.850000       0.034133
      28.950000       0.034093
      29.050000       0.034218
      29.150000       0.034164
      29.250000       0.034184
      29.350000       0.034184
      29.450000       0.034296
      29.550000       0.034246
      29.650000       0.034181
      29.750000       0.034321
      29.850000       0.034327
      29.950000       0.034319
