#Distance_(Ang) :1-10@N3_=>_:MG
       0.050000        0.000000
       0.150000        0.000000
       0.250000        0.000000
       0.350000        0.000000
       0.450000        0.000000
       0.550000        0.000000
       0.650000        0.000000
       0.750000        0.000000
       0.850000        0.000000
       0.950000        0.000000
       1.050000        0.000000
       1.150000        0.000000
       1.250000        0.000000
       1.350000        0.000000
       1.450000        0.000000
       1.550000        0.000000
       1.650000        0.000000
       1.750000        0.000000
       1.850000        0.000000
       1.950000        0.000000
       2.050000        0.000000
       2.150000        0.000000
       2.250000        0.000000
       2.350000        0.000000
       2.450000        0.000000
       2.550000        0.000000
       2.650000        0.000000
       2.750000        0.000000
       2.850000        0.000000
       2.950000        0.000000
       3.050000        0.000000
       3.150000        0.000000
       3.250000        0.000000
       3.350000        0.000000
       3.450000        0.000000
       3.550000        0.000000
       3.650000        0.000000
       3.750000        0.000000
       3.850000        0.000022
       3.950000        0.000021
       4.050000        0.000079
       4.150000        0.000245
       4.250000        0.000576
       4.350000        0.000979
       4.450000        0.001920
       4.550000        0.002605
       4.650000        0.004177
       4.750000        0.004882
       4.850000        0.006119
       4.950000        0.007797
       5.050000        0.010002
       5.150000        0.011700
       5.250000        0.014087
       5.350000        0.015825
       5.450000        0.017743
       5.550000        0.020317
       5.650000        0.023400
       5.750000        0.025159
       5.850000        0.026869
       5.950000        0.029884
       6.050000        0.031398
       6.150000        0.034612
       6.250000        0.038197
       6.350000        0.042676
       6.450000        0.047744
       6.550000        0.055280
       6.650000        0.065827
       6.750000        0.076478
       6.850000        0.096337
       6.950000        0.115454
       7.050000        0.141947
       7.150000        0.167992
       7.250000        0.187745
       7.350000        0.193257
       7.450000        0.183947
       7.550000        0.170118
       7.650000        0.161691
       7.750000        0.155484
       7.850000        0.154896
       7.950000        0.159656
       8.050000        0.166554
       8.150000        0.178767
       8.250000        0.196716
       8.350000        0.216364
       8.450000        0.237139
       8.550000        0.254378
       8.650000        0.269115
       8.750000        0.277297
       8.850000        0.282760
       8.950000        0.278960
       9.050000        0.275166
       9.150000        0.268454
       9.250000        0.260209
       9.350000        0.253562
       9.450000        0.250105
       9.550000        0.246341
       9.650000        0.238614
       9.750000        0.224457
       9.850000        0.207595
       9.950000        0.196689
      10.050000        0.194174
      10.150000        0.190850
      10.250000        0.185762
      10.350000        0.170372
      10.450000        0.153838
      10.550000        0.141807
      10.650000        0.135126
      10.750000        0.135550
      10.850000        0.137742
      10.950000        0.145297
      11.050000        0.153997
      11.150000        0.167130
      11.250000        0.183465
      11.350000        0.202062
      11.450000        0.219295
      11.550000        0.233412
      11.650000        0.238706
      11.750000        0.235494
      11.850000        0.222630
      11.950000        0.206161
      12.050000        0.188629
      12.150000        0.170296
      12.250000        0.156315
      12.350000        0.143519
      12.450000        0.132360
      12.550000        0.122830
      12.650000        0.116185
      12.750000        0.109640
      12.850000        0.105506
      12.950000        0.100921
      13.050000        0.098588
      13.150000        0.097857
      13.250000        0.097496
      13.350000        0.098477
      13.450000        0.100285
      13.550000        0.103330
      13.650000        0.105697
      13.750000        0.110368
      13.850000        0.113253
      13.950000        0.117817
      14.050000        0.118967
      14.150000        0.120646
      14.250000        0.120909
      14.350000        0.119852
      14.450000        0.117646
      14.550000        0.115402
      14.650000        0.111526
      14.750000        0.108644
      14.850000        0.105903
      14.950000        0.103533
      15.050000        0.101134
      15.150000        0.099324
      15.250000        0.098171
      15.350000        0.096953
      15.450000        0.094707
      15.550000        0.093709
      15.650000        0.092304
      15.750000        0.090268
      15.850000        0.087572
      15.950000        0.085193
      16.050000        0.082121
      16.150000        0.078868
      16.250000        0.074846
      16.350000        0.071812
      16.450000        0.068456
      16.550000        0.066116
      16.650000        0.064042
      16.750000        0.062151
      16.850000        0.060641
      16.950000        0.059586
      17.050000        0.059014
      17.150000        0.058126
      17.250000        0.057660
      17.350000        0.057253
      17.450000        0.057031
      17.550000        0.056167
      17.650000        0.055871
      17.750000        0.055799
      17.850000        0.054997
      17.950000        0.054641
      18.050000        0.054049
      18.150000        0.054089
      18.250000        0.053729
      18.350000        0.053501
      18.450000        0.053189
      18.550000        0.053634
      18.650000        0.052923
      18.750000        0.053005
      18.850000        0.052886
      18.950000        0.052830
      19.050000        0.052428
      19.150000        0.051789
      19.250000        0.051040
      19.350000        0.050001
      19.450000        0.048604
      19.550000        0.047638
      19.650000        0.046977
      19.750000        0.045829
      19.850000        0.044596
      19.950000        0.043704
      20.050000        0.042913
      20.150000        0.042108
      20.250000        0.041164
      20.350000        0.041231
      20.450000        0.040007
      20.550000        0.039572
      20.650000        0.039041
      20.750000        0.038416
      20.850000        0.037561
      20.950000        0.037069
      21.050000        0.036608
      21.150000        0.035897
      21.250000        0.035279
      21.350000        0.035039
      21.450000        0.034400
      21.550000        0.033679
      21.650000        0.033340
      21.750000        0.032757
      21.850000        0.032435
      21.950000        0.032204
      22.050000        0.031936
      22.150000        0.031433
      22.250000        0.031006
      22.350000        0.031042
      22.450000        0.030758
      22.550000        0.030920
      22.650000        0.030788
      22.750000        0.030608
      22.850000        0.030063
      22.950000        0.030313
      23.050000        0.030189
      23.150000        0.030170
      23.250000        0.030113
      23.350000        0.030281
      23.450000        0.030044
      23.550000        0.030106
      23.650000        0.030027
      23.750000        0.030199
      23.850000        0.030122
      23.950000        0.030039
      24.050000        0.029981
      24.150000        0.030166
      24.250000        0.029902
      24.350000        0.029994
      24.450000        0.029841
      24.550000        0.029896
      24.650000        0.030060
      24.750000        0.029950
      24.850000        0.029964
      24.950000        0.029799
      25.050000        0.029933
      25.150000        0.029537
      25.250000        0.029818
      25.350000        0.029829
      25.450000        0.029937
      25.550000        0.029653
      25.650000        0.029802
      25.750000        0.029751
      25.850000        0.029733
      25.950000        0.029860
      26.050000        0.029769
      26.150000        0.029939
      26.250000        0.029941
      26.350000        0.029965
      26.450000        0.029655
      26.550000        0.029940
      26.650000        0.030025
      26.750000        0.030056
      26.850000        0.030322
      26.950000        0.030092
      27.050000        0.029889
      27.150000        0.029916
      27.250000        0.030100
      27.350000        0.030065
      27.450000        0.030296
      27.550000        0.030206
      27.650000        0.030044
      27.750000        0.030238
      27.850000        0.030343
      27.950000        0.030080
      28.050000        0.030462
      28.150000        0.030017
      28.250000        0.030496
      28.350000        0.030266
      28.450000        0.030284
      28.550000        0.030420
      28.650000        0.030312
      28.750000        0.030537
      28.850000        0.030353
      28.950000        0.030454
      29.050000        0.030648
      29.150000        0.030448
      29.250000        0.030617
      29.350000        0.030588
      29.450000        0.030546
      29.550000        0.030286
      29.650000        0.030286
      29.750000        0.030193
      29.850000        0.030224
      29.950000        0.029980
