#Distance_(Ang) :1-10@N7_=>_:MG
       0.050000        0.000000
       0.150000        0.000000
       0.250000        0.000000
       0.350000        0.000000
       0.450000        0.000000
       0.550000        0.000000
       0.650000        0.000000
       0.750000        0.000000
       0.850000        0.000000
       0.950000        0.000000
       1.050000        0.000000
       1.150000        0.000000
       1.250000        0.000000
       1.350000        0.000000
       1.450000        0.000000
       1.550000        0.000000
       1.650000        0.000000
       1.750000        0.000000
       1.850000        0.000000
       1.950000        0.000000
       2.050000        0.000000
       2.150000        0.000000
       2.250000        0.000000
       2.350000        0.000000
       2.450000        0.000000
       2.550000        0.000000
       2.650000        0.000000
       2.750000        0.000000
       2.850000        0.000000
       2.950000        0.000000
       3.050000        0.000000
       3.150000        0.000000
       3.250000        0.000137
       3.350000        0.000472
       3.450000        0.003199
       3.550000        0.014248
       3.650000        0.047055
       3.750000        0.118397
       3.850000        0.233206
       3.950000        0.378294
       4.050000        0.529959
       4.150000        0.657212
       4.250000        0.718482
       4.350000        0.708782
       4.450000        0.662023
       4.550000        0.578793
       4.650000        0.499893
       4.750000        0.425676
       4.850000        0.350811
       4.950000        0.295682
       5.050000        0.248127
       5.150000        0.221137
       5.250000        0.204923
       5.350000        0.195894
       5.450000        0.198331
       5.550000        0.200583
       5.650000        0.209145
       5.750000        0.216696
       5.850000        0.224959
       5.950000        0.230907
       6.050000        0.238002
       6.150000        0.237609
       6.250000        0.234830
       6.350000        0.230779
       6.450000        0.227439
       6.550000        0.218008
       6.650000        0.210008
       6.750000        0.202657
       6.850000        0.191503
       6.950000        0.179959
       7.050000        0.170710
       7.150000        0.159646
       7.250000        0.149586
       7.350000        0.143866
       7.450000        0.137832
       7.550000        0.136577
       7.650000        0.136539
       7.750000        0.138580
       7.850000        0.142277
       7.950000        0.143571
       8.050000        0.146398
       8.150000        0.146590
       8.250000        0.145480
       8.350000        0.144475
       8.450000        0.140913
       8.550000        0.137432
       8.650000        0.134956
       8.750000        0.134731
       8.850000        0.135578
       8.950000        0.138535
       9.050000        0.141833
       9.150000        0.145863
       9.250000        0.148392
       9.350000        0.150815
       9.450000        0.150827
       9.550000        0.150312
       9.650000        0.150306
       9.750000        0.147670
       9.850000        0.145539
       9.950000        0.142321
      10.050000        0.137356
      10.150000        0.131860
      10.250000        0.125656
      10.350000        0.120000
      10.450000        0.114304
      10.550000        0.109910
      10.650000        0.105603
      10.750000        0.102467
      10.850000        0.100210
      10.950000        0.098457
      11.050000        0.096967
      11.150000        0.095001
      11.250000        0.092952
      11.350000        0.092551
      11.450000        0.090064
      11.550000        0.088390
      11.650000        0.087705
      11.750000        0.086180
      11.850000        0.084445
      11.950000        0.083056
      12.050000        0.082007
      12.150000        0.081778
      12.250000        0.081901
      12.350000        0.082286
      12.450000        0.082547
      12.550000        0.083561
      12.650000        0.083714
      12.750000        0.083945
      12.850000        0.083573
      12.950000        0.083413
      13.050000        0.082629
      13.150000        0.082509
      13.250000        0.081420
      13.350000        0.080308
      13.450000        0.078108
      13.550000        0.077642
      13.650000        0.075731
      13.750000        0.074448
      13.850000        0.072627
      13.950000        0.072063
      14.050000        0.071006
      14.150000        0.069635
      14.250000        0.068272
      14.350000        0.067544
      14.450000        0.066363
      14.550000        0.065643
      14.650000        0.064982
      14.750000        0.063774
      14.850000        0.063463
      14.950000        0.061817
      15.050000        0.061433
      15.150000        0.060665
      15.250000        0.059815
      15.350000        0.058613
      15.450000        0.058471
      15.550000        0.057824
      15.650000        0.057256
      15.750000        0.057437
      15.850000        0.056775
      15.950000        0.056994
      16.050000        0.056636
      16.150000        0.056544
      16.250000        0.056135
      16.350000        0.056427
      16.450000        0.056060
      16.550000        0.056100
      16.650000        0.056107
      16.750000        0.056135
      16.850000        0.055818
      16.950000        0.055970
      17.050000        0.055919
      17.150000        0.055849
      17.250000        0.055896
      17.350000        0.055757
      17.450000        0.055868
      17.550000        0.055532
      17.650000        0.055374
      17.750000        0.054827
      17.850000        0.054335
      17.950000        0.053963
      18.050000        0.053417
      18.150000        0.052805
      18.250000        0.052343
      18.350000        0.051878
      18.450000        0.051534
      18.550000        0.050922
      18.650000        0.050134
      18.750000        0.050552
      18.850000        0.049609
      18.950000        0.049414
      19.050000        0.048642
      19.150000        0.048131
      19.250000        0.048041
      19.350000        0.047283
      19.450000        0.046792
      19.550000        0.046380
      19.650000        0.046184
      19.750000        0.045586
      19.850000        0.045268
      19.950000        0.044945
      20.050000        0.044562
      20.150000        0.043933
      20.250000        0.043784
      20.350000        0.043778
      20.450000        0.043446
      20.550000        0.042890
      20.650000        0.043048
      20.750000        0.042636
      20.850000        0.042715
      20.950000        0.042555
      21.050000        0.042614
      21.150000        0.042346
      21.250000        0.041904
      21.350000        0.042003
      21.450000        0.042098
      21.550000        0.041633
      21.650000        0.041844
      21.750000        0.041654
      21.850000        0.042010
      21.950000        0.041468
      22.050000        0.041724
      22.150000        0.041701
      22.250000        0.041791
      22.350000        0.041410
      22.450000        0.041630
      22.550000        0.041391
      22.650000        0.041353
      22.750000        0.041213
      22.850000        0.041388
      22.950000        0.041070
      23.050000        0.040939
      23.150000        0.040579
      23.250000        0.040629
      23.350000        0.040058
      23.450000        0.040100
      23.550000        0.039843
      23.650000        0.039657
      23.750000        0.039419
      23.850000        0.039407
      23.950000        0.039066
      24.050000        0.038914
      24.150000        0.038915
      24.250000        0.038816
      24.350000        0.038562
      24.450000        0.038418
      24.550000        0.038248
      24.650000        0.038058
      24.750000        0.037938
      24.850000        0.037971
      24.950000        0.037472
      25.050000        0.037503
      25.150000        0.037303
      25.250000        0.037099
      25.350000        0.036969
      25.450000        0.036796
      25.550000        0.036753
      25.650000        0.036669
      25.750000        0.036346
      25.850000        0.036480
      25.950000        0.036417
      26.050000        0.036056
      26.150000        0.036257
      26.250000        0.035994
      26.350000        0.035727
      26.450000        0.035743
      26.550000        0.035606
      26.650000        0.035462
      26.750000        0.035393
      26.850000        0.035351
      26.950000        0.035118
      27.050000        0.034956
      27.150000        0.034998
      27.250000        0.034919
      27.350000        0.034706
      27.450000        0.034501
      27.550000        0.034382
      27.650000        0.034489
      27.750000        0.034398
      27.850000        0.034056
      27.950000        0.034195
      28.050000        0.033721
      28.150000        0.033828
      28.250000        0.033847
      28.350000        0.033672
      28.450000        0.033709
      28.550000        0.033619
      28.650000        0.033582
      28.750000        0.033394
      28.850000        0.033047
      28.950000        0.033206
      29.050000        0.033134
      29.150000        0.032982
      29.250000        0.032827
      29.350000        0.032736
      29.450000        0.032654
      29.550000        0.032754
      29.650000        0.032907
      29.750000        0.032431
      29.850000        0.032476
      29.950000        0.032214
