#Distance_(Ang) :1-10@N3_=>_:MG
       0.050000        0.000000
       0.150000        0.000000
       0.250000        0.000000
       0.350000        0.000000
       0.450000        0.000000
       0.550000        0.000000
       0.650000        0.000000
       0.750000        0.000000
       0.850000        0.000000
       0.950000        0.000000
       1.050000        0.000000
       1.150000        0.000000
       1.250000        0.000000
       1.350000        0.000000
       1.450000        0.000000
       1.550000        0.000000
       1.650000        0.000000
       1.750000        0.000000
       1.850000        0.000000
       1.950000        0.000000
       2.050000        0.000000
       2.150000        0.000000
       2.250000        0.000000
       2.350000        0.000000
       2.450000        0.000000
       2.550000        0.000000
       2.650000        0.000000
       2.750000        0.000000
       2.850000        0.000000
       2.950000        0.000000
       3.050000        0.000000
       3.150000        0.000000
       3.250000        0.000000
       3.350000        0.000000
       3.450000        0.000020
       3.550000        0.000172
       3.650000        0.001030
       3.750000        0.007619
       3.850000        0.053975
       3.950000        0.325037
       4.050000        0.944110
       4.150000        1.152274
       4.250000        0.668203
       4.350000        0.322035
       4.450000        0.224198
       4.550000        0.180353
       4.650000        0.150544
       4.750000        0.122930
       4.850000        0.108384
       4.950000        0.096051
       5.050000        0.085402
       5.150000        0.081165
       5.250000        0.080775
       5.350000        0.083151
       5.450000        0.085801
       5.550000        0.090530
       5.650000        0.095176
       5.750000        0.104194
       5.850000        0.108499
       5.950000        0.112963
       6.050000        0.116370
       6.150000        0.117461
       6.250000        0.118423
       6.350000        0.119726
       6.450000        0.122698
       6.550000        0.126556
       6.650000        0.130842
       6.750000        0.138445
       6.850000        0.144710
       6.950000        0.149708
       7.050000        0.155528
       7.150000        0.158004
       7.250000        0.159411
       7.350000        0.162078
       7.450000        0.162675
       7.550000        0.164608
       7.650000        0.162250
       7.750000        0.162323
       7.850000        0.161171
       7.950000        0.158407
       8.050000        0.156799
       8.150000        0.152587
       8.250000        0.147991
       8.350000        0.142292
       8.450000        0.138428
       8.550000        0.134880
       8.650000        0.133623
       8.750000        0.132262
       8.850000        0.133514
       8.950000        0.137316
       9.050000        0.140707
       9.150000        0.141905
       9.250000        0.143339
       9.350000        0.142908
       9.450000        0.142466
       9.550000        0.141478
       9.650000        0.141775
       9.750000        0.141529
       9.850000        0.142945
       9.950000        0.144090
      10.050000        0.146350
      10.150000        0.147173
      10.250000        0.147338
      10.350000        0.148939
      10.450000        0.148883
      10.550000        0.147134
      10.650000        0.145517
      10.750000        0.143727
      10.850000        0.143333
      10.950000        0.141725
      11.050000        0.141181
      11.150000        0.139125
      11.250000        0.137380
      11.350000        0.136743
      11.450000        0.135052
      11.550000        0.133252
      11.650000        0.132621
      11.750000        0.131655
      11.850000        0.131430
      11.950000        0.131210
      12.050000        0.130841
      12.150000        0.130844
      12.250000        0.131054
      12.350000        0.131262
      12.450000        0.130768
      12.550000        0.128823
      12.650000        0.125325
      12.750000        0.122336
      12.850000        0.117994
      12.950000        0.112903
      13.050000        0.109641
      13.150000        0.106615
      13.250000        0.102624
      13.350000        0.100344
      13.450000        0.097643
      13.550000        0.095433
      13.650000        0.093958
      13.750000        0.092830
      13.850000        0.091291
      13.950000        0.089869
      14.050000        0.089782
      14.150000        0.087628
      14.250000        0.087117
      14.350000        0.085812
      14.450000        0.084773
      14.550000        0.083910
      14.650000        0.082289
      14.750000        0.081191
      14.850000        0.079130
      14.950000        0.078056
      15.050000        0.076517
      15.150000        0.074728
      15.250000        0.072737
      15.350000        0.071267
      15.450000        0.069750
      15.550000        0.068545
      15.650000        0.067469
      15.750000        0.066429
      15.850000        0.066099
      15.950000        0.065275
      16.050000        0.064632
      16.150000        0.064746
      16.250000        0.063809
      16.350000        0.063501
      16.450000        0.062882
      16.550000        0.062505
      16.650000        0.062108
      16.750000        0.061189
      16.850000        0.060975
      16.950000        0.060642
      17.050000        0.060539
      17.150000        0.059846
      17.250000        0.059107
      17.350000        0.058946
      17.450000        0.058584
      17.550000        0.058302
      17.650000        0.057457
      17.750000        0.057332
      17.850000        0.057053
      17.950000        0.056931
      18.050000        0.056455
      18.150000        0.056110
      18.250000        0.055570
      18.350000        0.055615
      18.450000        0.055078
      18.550000        0.054772
      18.650000        0.054444
      18.750000        0.054123
      18.850000        0.053163
      18.950000        0.052644
      19.050000        0.051713
      19.150000        0.051961
      19.250000        0.051029
      19.350000        0.050696
      19.450000        0.049754
      19.550000        0.050098
      19.650000        0.049182
      19.750000        0.049099
      19.850000        0.048530
      19.950000        0.047857
      20.050000        0.047965
      20.150000        0.047405
      20.250000        0.047029
      20.350000        0.046978
      20.450000        0.046128
      20.550000        0.046413
      20.650000        0.046251
      20.750000        0.045765
      20.850000        0.045267
      20.950000        0.045111
      21.050000        0.045039
      21.150000        0.044670
      21.250000        0.044420
      21.350000        0.043854
      21.450000        0.043394
      21.550000        0.043620
      21.650000        0.043167
      21.750000        0.042761
      21.850000        0.042471
      21.950000        0.042282
      22.050000        0.041716
      22.150000        0.041549
      22.250000        0.040927
      22.350000        0.040763
      22.450000        0.040500
      22.550000        0.040339
      22.650000        0.040072
      22.750000        0.039697
      22.850000        0.039249
      22.950000        0.039198
      23.050000        0.039105
      23.150000        0.038994
      23.250000        0.038721
      23.350000        0.038245
      23.450000        0.038509
      23.550000        0.038042
      23.650000        0.038009
      23.750000        0.037772
      23.850000        0.037658
      23.950000        0.037005
      24.050000        0.037198
      24.150000        0.036818
      24.250000        0.036872
      24.350000        0.036412
      24.450000        0.036218
      24.550000        0.036264
      24.650000        0.036101
      24.750000        0.035944
      24.850000        0.035697
      24.950000        0.035700
      25.050000        0.035391
      25.150000        0.035085
      25.250000        0.035144
      25.350000        0.035029
      25.450000        0.034852
      25.550000        0.034532
      25.650000        0.034574
      25.750000        0.034416
      25.850000        0.034057
      25.950000        0.033939
      26.050000        0.033955
      26.150000        0.033677
      26.250000        0.033498
      26.350000        0.033468
      26.450000        0.033290
      26.550000        0.033019
      26.650000        0.033044
      26.750000        0.032796
      26.850000        0.032612
      26.950000        0.032506
      27.050000        0.032462
      27.150000        0.032309
      27.250000        0.032290
      27.350000        0.032160
      27.450000        0.032007
      27.550000        0.031877
      27.650000        0.031966
      27.750000        0.031843
      27.850000        0.031691
      27.950000        0.031666
      28.050000        0.031533
      28.150000        0.031493
      28.250000        0.031519
      28.350000        0.031422
      28.450000        0.031400
      28.550000        0.031273
      28.650000        0.031285
      28.750000        0.031142
      28.850000        0.031065
      28.950000        0.031009
      29.050000        0.030856
      29.150000        0.030836
      29.250000        0.030926
      29.350000        0.030750
      29.450000        0.030757
      29.550000        0.030598
      29.650000        0.030704
      29.750000        0.030601
      29.850000        0.030545
      29.950000        0.030693
