#Distance_(Ang) :1-10@N3_=>_:MG
       0.050000        0.000000
       0.150000        0.000000
       0.250000        0.000000
       0.350000        0.000000
       0.450000        0.000000
       0.550000        0.000000
       0.650000        0.000000
       0.750000        0.000000
       0.850000        0.000000
       0.950000        0.000000
       1.050000        0.000000
       1.150000        0.000000
       1.250000        0.000000
       1.350000        0.000000
       1.450000        0.000000
       1.550000        0.000000
       1.650000        0.000000
       1.750000        0.000000
       1.850000        0.000000
       1.950000        0.000000
       2.050000        0.000000
       2.150000        0.000000
       2.250000        0.000000
       2.350000        0.000000
       2.450000        0.000000
       2.550000        0.000000
       2.650000        0.000000
       2.750000        0.000000
       2.850000        0.000000
       2.950000        0.000000
       3.050000        0.000000
       3.150000        0.000000
       3.250000        0.000000
       3.350000        0.000000
       3.450000        0.000000
       3.550000        0.000000
       3.650000        0.000020
       3.750000        0.000354
       3.850000        0.000867
       3.950000        0.002051
       4.050000        0.005133
       4.150000        0.007447
       4.250000        0.010949
       4.350000        0.014208
       4.450000        0.016954
       4.550000        0.017522
       4.650000        0.019154
       4.750000        0.018449
       4.850000        0.017752
       4.950000        0.017727
       5.050000        0.015839
       5.150000        0.016525
       5.250000        0.016939
       5.350000        0.017274
       5.450000        0.018915
       5.550000        0.019764
       5.650000        0.022743
       5.750000        0.025037
       5.850000        0.029048
       5.950000        0.030562
       6.050000        0.033694
       6.150000        0.035888
       6.250000        0.035850
       6.350000        0.037019
       6.450000        0.038793
       6.550000        0.036884
       6.650000        0.037841
       6.750000        0.037598
       6.850000        0.037481
       6.950000        0.037436
       7.050000        0.038128
       7.150000        0.041071
       7.250000        0.044043
       7.350000        0.050077
       7.450000        0.058430
       7.550000        0.071497
       7.650000        0.085843
       7.750000        0.101437
       7.850000        0.114129
       7.950000        0.123021
       8.050000        0.123015
       8.150000        0.117282
       8.250000        0.108437
       8.350000        0.097285
       8.450000        0.086823
       8.550000        0.077828
       8.650000        0.071160
       8.750000        0.068073
       8.850000        0.069065
       8.950000        0.075661
       9.050000        0.087890
       9.150000        0.104354
       9.250000        0.124382
       9.350000        0.147652
       9.450000        0.168399
       9.550000        0.184796
       9.650000        0.193117
       9.750000        0.190994
       9.850000        0.184195
       9.950000        0.173257
      10.050000        0.165261
      10.150000        0.161155
      10.250000        0.163663
      10.350000        0.173831
      10.450000        0.187134
      10.550000        0.203149
      10.650000        0.214550
      10.750000        0.216646
      10.850000        0.198605
      10.950000        0.170284
      11.050000        0.141440
      11.150000        0.125686
      11.250000        0.116369
      11.350000        0.111176
      11.450000        0.107556
      11.550000        0.102003
      11.650000        0.097654
      11.750000        0.094508
      11.850000        0.091896
      11.950000        0.089833
      12.050000        0.088576
      12.150000        0.087009
      12.250000        0.086627
      12.350000        0.085493
      12.450000        0.085871
      12.550000        0.084627
      12.650000        0.084022
      12.750000        0.084440
      12.850000        0.083916
      12.950000        0.085038
      13.050000        0.085930
      13.150000        0.087025
      13.250000        0.089010
      13.350000        0.090811
      13.450000        0.093435
      13.550000        0.093827
      13.650000        0.095999
      13.750000        0.096460
      13.850000        0.094725
      13.950000        0.093933
      14.050000        0.091044
      14.150000        0.087034
      14.250000        0.083315
      14.350000        0.078688
      14.450000        0.074602
      14.550000        0.070795
      14.650000        0.066331
      14.750000        0.063436
      14.850000        0.060416
      14.950000        0.058681
      15.050000        0.057141
      15.150000        0.055931
      15.250000        0.054986
      15.350000        0.054968
      15.450000        0.054729
      15.550000        0.055395
      15.650000        0.055736
      15.750000        0.056509
      15.850000        0.056926
      15.950000        0.057952
      16.050000        0.058391
      16.150000        0.059139
      16.250000        0.059750
      16.350000        0.060396
      16.450000        0.059803
      16.550000        0.060218
      16.650000        0.059605
      16.750000        0.059007
      16.850000        0.058661
      16.950000        0.058969
      17.050000        0.058338
      17.150000        0.058534
      17.250000        0.058805
      17.350000        0.059454
      17.450000        0.059001
      17.550000        0.059519
      17.650000        0.059869
      17.750000        0.060341
      17.850000        0.060727
      17.950000        0.059955
      18.050000        0.059632
      18.150000        0.059655
      18.250000        0.058710
      18.350000        0.057899
      18.450000        0.056693
      18.550000        0.055199
      18.650000        0.053794
      18.750000        0.052527
      18.850000        0.050750
      18.950000        0.049641
      19.050000        0.048257
      19.150000        0.047123
      19.250000        0.046309
      19.350000        0.045449
      19.450000        0.044851
      19.550000        0.044500
      19.650000        0.044115
      19.750000        0.043945
      19.850000        0.043839
      19.950000        0.043970
      20.050000        0.044284
      20.150000        0.043973
      20.250000        0.044359
      20.350000        0.044470
      20.450000        0.044683
      20.550000        0.045047
      20.650000        0.045262
      20.750000        0.045229
      20.850000        0.045359
      20.950000        0.045488
      21.050000        0.045601
      21.150000        0.045745
      21.250000        0.045925
      21.350000        0.046115
      21.450000        0.046193
      21.550000        0.046269
      21.650000        0.046398
      21.750000        0.046518
      21.850000        0.046570
      21.950000        0.046584
      22.050000        0.046636
      22.150000        0.046659
      22.250000        0.046687
      22.350000        0.046560
      22.450000        0.046065
      22.550000        0.045770
      22.650000        0.045479
      22.750000        0.045149
      22.850000        0.044390
      22.950000        0.043843
      23.050000        0.043155
      23.150000        0.042643
      23.250000        0.041695
      23.350000        0.041128
      23.450000        0.040440
      23.550000        0.040047
      23.650000        0.039313
      23.750000        0.038916
      23.850000        0.038558
      23.950000        0.038228
      24.050000        0.037877
      24.150000        0.037710
      24.250000        0.037455
      24.350000        0.037233
      24.450000        0.037244
      24.550000        0.036954
      24.650000        0.036691
      24.750000        0.036797
      24.850000        0.036698
      24.950000        0.036677
      25.050000        0.037087
      25.150000        0.036825
      25.250000        0.037089
      25.350000        0.037326
      25.450000        0.037536
      25.550000        0.037748
      25.650000        0.037788
      25.750000        0.037846
      25.850000        0.038359
      25.950000        0.038260
      26.050000        0.038507
      26.150000        0.038389
      26.250000        0.038326
      26.350000        0.038303
      26.450000        0.038592
      26.550000        0.038306
      26.650000        0.038244
      26.750000        0.038096
      26.850000        0.037950
      26.950000        0.037664
      27.050000        0.037412
      27.150000        0.037075
      27.250000        0.036807
      27.350000        0.036692
      27.450000        0.036599
      27.550000        0.036067
      27.650000        0.035769
      27.750000        0.035550
      27.850000        0.035530
      27.950000        0.035142
      28.050000        0.034912
      28.150000        0.035087
      28.250000        0.034471
      28.350000        0.034692
      28.450000        0.034719
      28.550000        0.034425
      28.650000        0.034316
      28.750000        0.034472
      28.850000        0.034327
      28.950000        0.034123
      29.050000        0.034243
      29.150000        0.034242
      29.250000        0.034221
      29.350000        0.034331
      29.450000        0.034170
      29.550000        0.034559
      29.650000        0.034043
      29.750000        0.033915
      29.850000        0.034164
      29.950000        0.034059
