#Distance_(Ang) :1-10@O4_=>_:MG
       0.050000        0.000000
       0.150000        0.000000
       0.250000        0.000000
       0.350000        0.000000
       0.450000        0.000000
       0.550000        0.000000
       0.650000        0.000000
       0.750000        0.000000
       0.850000        0.000000
       0.950000        0.000000
       1.050000        0.000000
       1.150000        0.000000
       1.250000        0.000000
       1.350000        0.000000
       1.450000        0.000000
       1.550000        0.000000
       1.650000        0.000000
       1.750000        0.000000
       1.850000        0.000000
       1.950000        0.000000
       2.050000        0.000000
       2.150000        0.000000
       2.250000        0.000000
       2.350000        0.000000
       2.450000        0.000000
       2.550000        0.000000
       2.650000        0.000000
       2.750000        0.000000
       2.850000        0.000000
       2.950000        0.000000
       3.050000        0.000000
       3.150000        0.000048
       3.250000        0.000409
       3.350000        0.002140
       3.450000        0.008757
       3.550000        0.024737
       3.650000        0.055705
       3.750000        0.112243
       3.850000        0.189514
       3.950000        0.285023
       4.050000        0.362052
       4.150000        0.429241
       4.250000        0.471802
       4.350000        0.464500
       4.450000        0.411185
       4.550000        0.341985
       4.650000        0.258145
       4.750000        0.189630
       4.850000        0.138170
       4.950000        0.105021
       5.050000        0.085420
       5.150000        0.075361
       5.250000        0.075550
       5.350000        0.073911
       5.450000        0.081363
       5.550000        0.084758
       5.650000        0.097224
       5.750000        0.102661
       5.850000        0.115043
       5.950000        0.126161
       6.050000        0.135398
       6.150000        0.145141
       6.250000        0.153507
       6.350000        0.158062
       6.450000        0.163395
       6.550000        0.164166
       6.650000        0.161775
       6.750000        0.157186
       6.850000        0.151708
       6.950000        0.145654
       7.050000        0.142295
       7.150000        0.137272
       7.250000        0.138209
       7.350000        0.142538
       7.450000        0.148847
       7.550000        0.157545
       7.650000        0.164551
       7.750000        0.172672
       7.850000        0.176634
       7.950000        0.177858
       8.050000        0.175268
       8.150000        0.169591
       8.250000        0.163218
       8.350000        0.153668
       8.450000        0.144556
       8.550000        0.136444
       8.650000        0.131015
       8.750000        0.125679
       8.850000        0.121554
       8.950000        0.121300
       9.050000        0.120904
       9.150000        0.120278
       9.250000        0.119971
       9.350000        0.121325
       9.450000        0.122235
       9.550000        0.125751
       9.650000        0.127848
       9.750000        0.130742
       9.850000        0.134076
       9.950000        0.137052
      10.050000        0.141382
      10.150000        0.143497
      10.250000        0.145136
      10.350000        0.147050
      10.450000        0.146294
      10.550000        0.148269
      10.650000        0.146340
      10.750000        0.146187
      10.850000        0.147801
      10.950000        0.146344
      11.050000        0.145056
      11.150000        0.144047
      11.250000        0.144522
      11.350000        0.142039
      11.450000        0.139316
      11.550000        0.138167
      11.650000        0.137448
      11.750000        0.135797
      11.850000        0.133874
      11.950000        0.133775
      12.050000        0.130528
      12.150000        0.130139
      12.250000        0.131353
      12.350000        0.129571
      12.450000        0.128524
      12.550000        0.128838
      12.650000        0.127392
      12.750000        0.126261
      12.850000        0.124711
      12.950000        0.122022
      13.050000        0.121101
      13.150000        0.119688
      13.250000        0.115169
      13.350000        0.112679
      13.450000        0.109472
      13.550000        0.106656
      13.650000        0.103983
      13.750000        0.101998
      13.850000        0.101099
      13.950000        0.099403
      14.050000        0.098898
      14.150000        0.097798
      14.250000        0.096941
      14.350000        0.097048
      14.450000        0.094509
      14.550000        0.091333
      14.650000        0.089464
      14.750000        0.086224
      14.850000        0.084430
      14.950000        0.081637
      15.050000        0.078992
      15.150000        0.076829
      15.250000        0.074949
      15.350000        0.073311
      15.450000        0.072126
      15.550000        0.070718
      15.650000        0.069262
      15.750000        0.068188
      15.850000        0.067080
      15.950000        0.065833
      16.050000        0.065094
      16.150000        0.064373
      16.250000        0.063245
      16.350000        0.062422
      16.450000        0.061692
      16.550000        0.060964
      16.650000        0.060187
      16.750000        0.059055
      16.850000        0.057997
      16.950000        0.057927
      17.050000        0.057117
      17.150000        0.056528
      17.250000        0.055687
      17.350000        0.055070
      17.450000        0.054814
      17.550000        0.054168
      17.650000        0.053574
      17.750000        0.052730
      17.850000        0.052546
      17.950000        0.052596
      18.050000        0.051814
      18.150000        0.051341
      18.250000        0.050822
      18.350000        0.050321
      18.450000        0.050372
      18.550000        0.049856
      18.650000        0.049265
      18.750000        0.048712
      18.850000        0.048463
      18.950000        0.047822
      19.050000        0.048022
      19.150000        0.047229
      19.250000        0.046955
      19.350000        0.046424
      19.450000        0.046738
      19.550000        0.045662
      19.650000        0.045400
      19.750000        0.045150
      19.850000        0.044978
      19.950000        0.044806
      20.050000        0.044459
      20.150000        0.043681
      20.250000        0.043905
      20.350000        0.043515
      20.450000        0.043615
      20.550000        0.042701
      20.650000        0.042420
      20.750000        0.042227
      20.850000        0.042001
      20.950000        0.041473
      21.050000        0.041505
      21.150000        0.041306
      21.250000        0.040859
      21.350000        0.040401
      21.450000        0.040531
      21.550000        0.040594
      21.650000        0.040046
      21.750000        0.039865
      21.850000        0.039510
      21.950000        0.039447
      22.050000        0.039213
      22.150000        0.038598
      22.250000        0.038704
      22.350000        0.038118
      22.450000        0.038138
      22.550000        0.037951
      22.650000        0.037943
      22.750000        0.037443
      22.850000        0.037482
      22.950000        0.037524
      23.050000        0.037106
      23.150000        0.036994
      23.250000        0.036863
      23.350000        0.036883
      23.450000        0.036268
      23.550000        0.036905
      23.650000        0.036308
      23.750000        0.036193
      23.850000        0.036054
      23.950000        0.036081
      24.050000        0.036080
      24.150000        0.035299
      24.250000        0.035620
      24.350000        0.035240
      24.450000        0.035256
      24.550000        0.035534
      24.650000        0.035476
      24.750000        0.035075
      24.850000        0.034776
      24.950000        0.035180
      25.050000        0.035033
      25.150000        0.034544
      25.250000        0.034665
      25.350000        0.034520
      25.450000        0.034324
      25.550000        0.034278
      25.650000        0.033978
      25.750000        0.034195
      25.850000        0.033843
      25.950000        0.033714
      26.050000        0.033698
      26.150000        0.033678
      26.250000        0.033703
      26.350000        0.033413
      26.450000        0.033211
      26.550000        0.033224
      26.650000        0.033311
      26.750000        0.033260
      26.850000        0.032721
      26.950000        0.032780
      27.050000        0.032924
      27.150000        0.032678
      27.250000        0.032624
      27.350000        0.032268
      27.450000        0.032569
      27.550000        0.032225
      27.650000        0.032272
      27.750000        0.031939
      27.850000        0.032038
      27.950000        0.032005
      28.050000        0.031642
      28.150000        0.031669
      28.250000        0.031892
      28.350000        0.031759
      28.450000        0.031903
      28.550000        0.031492
      28.650000        0.031713
      28.750000        0.031423
      28.850000        0.031653
      28.950000        0.031263
      29.050000        0.031374
      29.150000        0.031301
      29.250000        0.031359
      29.350000        0.031227
      29.450000        0.031049
      29.550000        0.031263
      29.650000        0.031135
      29.750000        0.031108
      29.850000        0.031239
      29.950000        0.031038
