#Distance_(Ang) :G,G3,C,C3@P_=>_:MG
       0.050000            0.000000
       0.150000            0.000000
       0.250000            0.000000
       0.350000            0.000000
       0.450000            0.000000
       0.550000            0.000000
       0.650000            0.000000
       0.750000            0.000000
       0.850000            0.000000
       0.950000            0.000000
       1.050000            0.000000
       1.150000            0.000000
       1.250000            0.000000
       1.350000            0.000000
       1.450000            0.000000
       1.550000            0.000000
       1.650000            0.000000
       1.750000            0.000000
       1.850000            0.000000
       1.950000            0.000000
       2.050000            0.000000
       2.150000            0.000000
       2.250000            0.000000
       2.350000            0.000000
       2.450000            0.000000
       2.550000            0.000000
       2.650000            0.000000
       2.750000            0.000000
       2.850000            0.000000
       2.950000            0.000000
       3.050000            0.000000
       3.150000            0.000000
       3.250000            0.000000
       3.350000            0.000000
       3.450000            0.000000
       3.550000            0.000000
       3.650000            0.000000
       3.750000            0.000000
       3.850000            0.000000
       3.950000            0.000051
       4.050000            0.001240
       4.150000            0.009172
       4.250000            0.037382
       4.350000            0.096691
       4.450000            0.180192
       4.550000            0.269298
       4.650000            0.325161
       4.750000            0.320573
       4.850000            0.289678
       4.950000            0.273449
       5.050000            0.279366
       5.150000            0.289094
       5.250000            0.297274
       5.350000            0.297396
       5.450000            0.288989
       5.550000            0.262276
       5.650000            0.218437
       5.750000            0.171801
       5.850000            0.129201
       5.950000            0.100642
       6.050000            0.092105
       6.150000            0.096114
       6.250000            0.106380
       6.350000            0.120831
       6.450000            0.135724
       6.550000            0.146939
       6.650000            0.155406
       6.750000            0.163922
       6.850000            0.170531
       6.950000            0.176567
       7.050000            0.181139
       7.150000            0.183068
       7.250000            0.184073
       7.350000            0.182043
       7.450000            0.178674
       7.550000            0.170703
       7.650000            0.163232
       7.750000            0.150832
       7.850000            0.139388
       7.950000            0.128762
       8.050000            0.118369
       8.150000            0.109464
       8.250000            0.103746
       8.350000            0.099552
       8.450000            0.098983
       8.550000            0.101157
       8.650000            0.108268
       8.750000            0.121400
       8.850000            0.142970
       8.950000            0.167545
       9.050000            0.192557
       9.150000            0.201003
       9.250000            0.199641
       9.350000            0.190925
       9.450000            0.176404
       9.550000            0.164844
       9.650000            0.155407
       9.750000            0.147814
       9.850000            0.146889
       9.950000            0.144725
      10.050000            0.146106
      10.150000            0.146160
      10.250000            0.146380
      10.350000            0.144642
      10.450000            0.143108
      10.550000            0.138895
      10.650000            0.135248
      10.750000            0.130198
      10.850000            0.126760
      10.950000            0.123891
      11.050000            0.121529
      11.150000            0.120739
      11.250000            0.118116
      11.350000            0.118710
      11.450000            0.119717
      11.550000            0.121661
      11.650000            0.125164
      11.750000            0.127501
      11.850000            0.129637
      11.950000            0.129115
      12.050000            0.128627
      12.150000            0.127094
      12.250000            0.125564
      12.350000            0.122184
      12.450000            0.120239
      12.550000            0.117936
      12.650000            0.114796
      12.750000            0.111052
      12.850000            0.108058
      12.950000            0.104794
      13.050000            0.101066
      13.150000            0.098014
      13.250000            0.094844
      13.350000            0.091689
      13.450000            0.088849
      13.550000            0.086274
      13.650000            0.083708
      13.750000            0.082124
      13.850000            0.079361
      13.950000            0.078882
      14.050000            0.076844
      14.150000            0.075174
      14.250000            0.073552
      14.350000            0.071897
      14.450000            0.070667
      14.550000            0.069517
      14.650000            0.068711
      14.750000            0.067891
      14.850000            0.067453
      14.950000            0.066549
      15.050000            0.066263
      15.150000            0.066250
      15.250000            0.065750
      15.350000            0.065835
      15.450000            0.065387
      15.550000            0.065453
      15.650000            0.066002
      15.750000            0.066117
      15.850000            0.067177
      15.950000            0.067013
      16.050000            0.066329
      16.150000            0.066884
      16.250000            0.066636
      16.350000            0.066872
      16.450000            0.066218
      16.550000            0.066128
      16.650000            0.065893
      16.750000            0.065183
      16.850000            0.065348
      16.950000            0.064078
      17.050000            0.063928
      17.150000            0.063666
      17.250000            0.063023
      17.350000            0.062854
      17.450000            0.062075
      17.550000            0.062014
      17.650000            0.061468
      17.750000            0.060727
      17.850000            0.060591
      17.950000            0.059629
      18.050000            0.059790
      18.150000            0.059189
      18.250000            0.059128
      18.350000            0.058476
      18.450000            0.058237
      18.550000            0.057809
      18.650000            0.057866
      18.750000            0.057536
      18.850000            0.056270
      18.950000            0.056031
      19.050000            0.055152
      19.150000            0.054788
      19.250000            0.053933
      19.350000            0.053382
      19.450000            0.052539
      19.550000            0.052108
      19.650000            0.051468
      19.750000            0.050850
      19.850000            0.050269
      19.950000            0.049931
      20.050000            0.049919
      20.150000            0.048998
      20.250000            0.049227
      20.350000            0.048515
      20.450000            0.047772
      20.550000            0.047498
      20.650000            0.047380
      20.750000            0.046776
      20.850000            0.045953
      20.950000            0.045804
      21.050000            0.045010
      21.150000            0.044545
      21.250000            0.043622
      21.350000            0.043147
      21.450000            0.042735
      21.550000            0.042108
      21.650000            0.041607
      21.750000            0.041330
      21.850000            0.041214
      21.950000            0.040781
      22.050000            0.040584
      22.150000            0.040555
      22.250000            0.039993
      22.350000            0.039639
      22.450000            0.039187
      22.550000            0.039085
      22.650000            0.038956
      22.750000            0.038195
      22.850000            0.037931
      22.950000            0.037827
      23.050000            0.037431
      23.150000            0.036936
      23.250000            0.036827
      23.350000            0.036415
      23.450000            0.036263
      23.550000            0.036088
      23.650000            0.035613
      23.750000            0.035446
      23.850000            0.035496
      23.950000            0.035479
      24.050000            0.035114
      24.150000            0.034670
      24.250000            0.034950
      24.350000            0.034786
      24.450000            0.034549
      24.550000            0.034344
      24.650000            0.034162
      24.750000            0.034121
      24.850000            0.033821
      24.950000            0.033786
      25.050000            0.033805
      25.150000            0.033531
      25.250000            0.033485
      25.350000            0.033399
      25.450000            0.033145
      25.550000            0.032974
      25.650000            0.033036
      25.750000            0.032873
      25.850000            0.032573
      25.950000            0.032623
      26.050000            0.032403
      26.150000            0.032265
      26.250000            0.032007
      26.350000            0.032225
      26.450000            0.031816
      26.550000            0.031627
      26.650000            0.031879
      26.750000            0.031595
      26.850000            0.031589
      26.950000            0.031789
      27.050000            0.031588
      27.150000            0.031719
      27.250000            0.031701
      27.350000            0.031575
      27.450000            0.031562
      27.550000            0.031330
      27.650000            0.031454
      27.750000            0.031472
      27.850000            0.031382
      27.950000            0.031208
      28.050000            0.031252
      28.150000            0.031147
      28.250000            0.031211
      28.350000            0.031100
      28.450000            0.031020
      28.550000            0.030946
      28.650000            0.030901
      28.750000            0.030948
      28.850000            0.030845
      28.950000            0.030800
      29.050000            0.030675
      29.150000            0.030786
      29.250000            0.030496
      29.350000            0.030548
      29.450000            0.030461
      29.550000            0.030310
      29.650000            0.030551
      29.750000            0.030497
      29.850000            0.030429
      29.950000            0.030285
