#Distance_(Ang) :1-10@N7_=>_:MG
       0.050000        0.000000
       0.150000        0.000000
       0.250000        0.000000
       0.350000        0.000000
       0.450000        0.000000
       0.550000        0.000000
       0.650000        0.000000
       0.750000        0.000000
       0.850000        0.000000
       0.950000        0.000000
       1.050000        0.000000
       1.150000        0.000000
       1.250000        0.000000
       1.350000        0.000000
       1.450000        0.000000
       1.550000        0.000000
       1.650000        0.000000
       1.750000        0.000000
       1.850000        0.000000
       1.950000        0.000000
       2.050000        0.000000
       2.150000        0.000000
       2.250000        0.000000
       2.350000        0.000000
       2.450000        0.000000
       2.550000        0.000000
       2.650000        0.000000
       2.750000        0.000000
       2.850000        0.000000
       2.950000        0.000000
       3.050000        0.000000
       3.150000        0.000000
       3.250000        0.000000
       3.350000        0.000000
       3.450000        0.000000
       3.550000        0.000104
       3.650000        0.000335
       3.750000        0.001604
       3.850000        0.004866
       3.950000        0.010927
       4.050000        0.020148
       4.150000        0.029484
       4.250000        0.040499
       4.350000        0.046241
       4.450000        0.047100
       4.550000        0.042506
       4.650000        0.036694
       4.750000        0.031376
       4.850000        0.027185
       4.950000        0.022769
       5.050000        0.021423
       5.150000        0.020026
       5.250000        0.019898
       5.350000        0.020371
       5.450000        0.021732
       5.550000        0.023894
       5.650000        0.025956
       5.750000        0.029091
       5.850000        0.032129
       5.950000        0.036163
       6.050000        0.040946
       6.150000        0.046519
       6.250000        0.050132
       6.350000        0.056729
       6.450000        0.062827
       6.550000        0.068516
       6.650000        0.075077
       6.750000        0.080181
       6.850000        0.084855
       6.950000        0.087242
       7.050000        0.091608
       7.150000        0.093799
       7.250000        0.100621
       7.350000        0.112351
       7.450000        0.129256
       7.550000        0.151931
       7.650000        0.182639
       7.750000        0.212871
       7.850000        0.236945
       7.950000        0.246120
       8.050000        0.239246
       8.150000        0.220036
       8.250000        0.194822
       8.350000        0.172615
       8.450000        0.151729
       8.550000        0.138330
       8.650000        0.129429
       8.750000        0.121188
       8.850000        0.118247
       8.950000        0.118151
       9.050000        0.121168
       9.150000        0.127284
       9.250000        0.136328
       9.350000        0.146647
       9.450000        0.160648
       9.550000        0.169752
       9.650000        0.173767
       9.750000        0.173126
       9.850000        0.165657
       9.950000        0.151672
      10.050000        0.135279
      10.150000        0.123919
      10.250000        0.113589
      10.350000        0.109159
      10.450000        0.111392
      10.550000        0.117951
      10.650000        0.129423
      10.750000        0.141811
      10.850000        0.153747
      10.950000        0.161875
      11.050000        0.155590
      11.150000        0.141733
      11.250000        0.124201
      11.350000        0.110713
      11.450000        0.104595
      11.550000        0.104836
      11.650000        0.106904
      11.750000        0.108352
      11.850000        0.109265
      11.950000        0.109961
      12.050000        0.110045
      12.150000        0.108634
      12.250000        0.107188
      12.350000        0.104718
      12.450000        0.102766
      12.550000        0.099728
      12.650000        0.096612
      12.750000        0.094489
      12.850000        0.091139
      12.950000        0.089087
      13.050000        0.087091
      13.150000        0.085209
      13.250000        0.084451
      13.350000        0.083587
      13.450000        0.083629
      13.550000        0.082658
      13.650000        0.081784
      13.750000        0.080565
      13.850000        0.079644
      13.950000        0.077981
      14.050000        0.075936
      14.150000        0.074246
      14.250000        0.072679
      14.350000        0.070479
      14.450000        0.068668
      14.550000        0.066974
      14.650000        0.065047
      14.750000        0.064415
      14.850000        0.063302
      14.950000        0.062065
      15.050000        0.061457
      15.150000        0.060492
      15.250000        0.059454
      15.350000        0.059140
      15.450000        0.058340
      15.550000        0.057676
      15.650000        0.057058
      15.750000        0.056288
      15.850000        0.055873
      15.950000        0.055155
      16.050000        0.054733
      16.150000        0.054690
      16.250000        0.054479
      16.350000        0.054201
      16.450000        0.054510
      16.550000        0.054115
      16.650000        0.054178
      16.750000        0.054236
      16.850000        0.054370
      16.950000        0.054519
      17.050000        0.055004
      17.150000        0.054655
      17.250000        0.055074
      17.350000        0.055241
      17.450000        0.055394
      17.550000        0.056337
      17.650000        0.056352
      17.750000        0.056683
      17.850000        0.056755
      17.950000        0.056497
      18.050000        0.056591
      18.150000        0.056548
      18.250000        0.056005
      18.350000        0.055366
      18.450000        0.055101
      18.550000        0.054302
      18.650000        0.053609
      18.750000        0.053096
      18.850000        0.051881
      18.950000        0.051314
      19.050000        0.050311
      19.150000        0.049630
      19.250000        0.048536
      19.350000        0.048561
      19.450000        0.047536
      19.550000        0.047150
      19.650000        0.046543
      19.750000        0.045864
      19.850000        0.046069
      19.950000        0.045620
      20.050000        0.045395
      20.150000        0.045055
      20.250000        0.045017
      20.350000        0.044737
      20.450000        0.044482
      20.550000        0.044310
      20.650000        0.044402
      20.750000        0.044496
      20.850000        0.043935
      20.950000        0.043944
      21.050000        0.043976
      21.150000        0.043835
      21.250000        0.043598
      21.350000        0.043643
      21.450000        0.043681
      21.550000        0.043539
      21.650000        0.043937
      21.750000        0.043603
      21.850000        0.043517
      21.950000        0.043442
      22.050000        0.043385
      22.150000        0.043505
      22.250000        0.043440
      22.350000        0.043301
      22.450000        0.043119
      22.550000        0.042982
      22.650000        0.042816
      22.750000        0.042495
      22.850000        0.042289
      22.950000        0.041959
      23.050000        0.041674
      23.150000        0.041281
      23.250000        0.041015
      23.350000        0.040482
      23.450000        0.040194
      23.550000        0.039990
      23.650000        0.039712
      23.750000        0.039396
      23.850000        0.039048
      23.950000        0.038816
      24.050000        0.038567
      24.150000        0.038214
      24.250000        0.037987
      24.350000        0.037732
      24.450000        0.037765
      24.550000        0.037342
      24.650000        0.037262
      24.750000        0.037456
      24.850000        0.037470
      24.950000        0.037370
      25.050000        0.037262
      25.150000        0.037452
      25.250000        0.037511
      25.350000        0.037635
      25.450000        0.037507
      25.550000        0.037452
      25.650000        0.037515
      25.750000        0.037457
      25.850000        0.037720
      25.950000        0.037632
      26.050000        0.037460
      26.150000        0.037801
      26.250000        0.037409
      26.350000        0.037316
      26.450000        0.037306
      26.550000        0.037447
      26.650000        0.037164
      26.750000        0.037298
      26.850000        0.036832
      26.950000        0.037093
      27.050000        0.036663
      27.150000        0.036527
      27.250000        0.036423
      27.350000        0.036303
      27.450000        0.036218
      27.550000        0.035879
      27.650000        0.035784
      27.750000        0.035705
      27.850000        0.035419
      27.950000        0.035324
      28.050000        0.035280
      28.150000        0.035112
      28.250000        0.034929
      28.350000        0.034820
      28.450000        0.034810
      28.550000        0.034783
      28.650000        0.034451
      28.750000        0.034325
      28.850000        0.034472
      28.950000        0.034568
      29.050000        0.034307
      29.150000        0.034190
      29.250000        0.034210
      29.350000        0.034121
      29.450000        0.034276
      29.550000        0.034340
      29.650000        0.034178
      29.750000        0.034204
      29.850000        0.034065
      29.950000        0.034036
