#Distance_(Ang) :1-10@O2_=>_:MG
       0.050000        0.000000
       0.150000        0.000000
       0.250000        0.000000
       0.350000        0.000000
       0.450000        0.000000
       0.550000        0.000000
       0.650000        0.000000
       0.750000        0.000000
       0.850000        0.000000
       0.950000        0.000000
       1.050000        0.000000
       1.150000        0.000000
       1.250000        0.000000
       1.350000        0.000000
       1.450000        0.000000
       1.550000        0.000000
       1.650000        0.000000
       1.750000        0.000000
       1.850000        0.000000
       1.950000        0.000000
       2.050000        0.000000
       2.150000        0.000000
       2.250000        0.000000
       2.350000        0.000000
       2.450000        0.000000
       2.550000        0.000000
       2.650000        0.000000
       2.750000        0.000000
       2.850000        0.000000
       2.950000        0.000000
       3.050000        0.000000
       3.150000        0.000000
       3.250000        0.000455
       3.350000        0.001969
       3.450000        0.007304
       3.550000        0.020696
       3.650000        0.048458
       3.750000        0.095232
       3.850000        0.156589
       3.950000        0.234317
       4.050000        0.303570
       4.150000        0.359012
       4.250000        0.385771
       4.350000        0.365370
       4.450000        0.324635
       4.550000        0.264326
       4.650000        0.215624
       4.750000        0.168085
       4.850000        0.137353
       4.950000        0.115215
       5.050000        0.096891
       5.150000        0.086482
       5.250000        0.079507
       5.350000        0.072685
       5.450000        0.070851
       5.550000        0.067479
       5.650000        0.066240
       5.750000        0.065046
       5.850000        0.064385
       5.950000        0.065157
       6.050000        0.065041
       6.150000        0.065319
       6.250000        0.066233
       6.350000        0.063973
       6.450000        0.064707
       6.550000        0.064650
       6.650000        0.065186
       6.750000        0.063901
       6.850000        0.062090
       6.950000        0.060366
       7.050000        0.057187
       7.150000        0.056801
       7.250000        0.055638
       7.350000        0.056233
       7.450000        0.056637
       7.550000        0.059496
       7.650000        0.065888
       7.750000        0.071356
       7.850000        0.083480
       7.950000        0.096207
       8.050000        0.112667
       8.150000        0.130762
       8.250000        0.148446
       8.350000        0.163920
       8.450000        0.171144
       8.550000        0.178874
       8.650000        0.179384
       8.750000        0.171367
       8.850000        0.164266
       8.950000        0.155458
       9.050000        0.149139
       9.150000        0.144652
       9.250000        0.145218
       9.350000        0.145343
       9.450000        0.147910
       9.550000        0.152334
       9.650000        0.157390
       9.750000        0.163385
       9.850000        0.170784
       9.950000        0.176782
      10.050000        0.184558
      10.150000        0.192596
      10.250000        0.198819
      10.350000        0.208790
      10.450000        0.215220
      10.550000        0.222234
      10.650000        0.223616
      10.750000        0.225286
      10.850000        0.222397
      10.950000        0.217320
      11.050000        0.210836
      11.150000        0.203767
      11.250000        0.195082
      11.350000        0.190336
      11.450000        0.181017
      11.550000        0.175465
      11.650000        0.169610
      11.750000        0.162257
      11.850000        0.157909
      11.950000        0.151476
      12.050000        0.146676
      12.150000        0.142586
      12.250000        0.138449
      12.350000        0.132232
      12.450000        0.126255
      12.550000        0.121903
      12.650000        0.115825
      12.750000        0.111563
      12.850000        0.106654
      12.950000        0.102704
      13.050000        0.097655
      13.150000        0.094470
      13.250000        0.092584
      13.350000        0.091235
      13.450000        0.089920
      13.550000        0.089213
      13.650000        0.087238
      13.750000        0.087328
      13.850000        0.086677
      13.950000        0.085047
      14.050000        0.084268
      14.150000        0.083842
      14.250000        0.083166
      14.350000        0.082448
      14.450000        0.081446
      14.550000        0.079384
      14.650000        0.080037
      14.750000        0.077906
      14.850000        0.076773
      14.950000        0.075778
      15.050000        0.075158
      15.150000        0.073416
      15.250000        0.072607
      15.350000        0.070353
      15.450000        0.069524
      15.550000        0.069059
      15.650000        0.068572
      15.750000        0.067154
      15.850000        0.066558
      15.950000        0.065665
      16.050000        0.065566
      16.150000        0.064650
      16.250000        0.064477
      16.350000        0.062653
      16.450000        0.062735
      16.550000        0.061911
      16.650000        0.061700
      16.750000        0.060815
      16.850000        0.060143
      16.950000        0.058474
      17.050000        0.058142
      17.150000        0.056935
      17.250000        0.056315
      17.350000        0.055858
      17.450000        0.054748
      17.550000        0.053847
      17.650000        0.053235
      17.750000        0.053386
      17.850000        0.052111
      17.950000        0.052279
      18.050000        0.051837
      18.150000        0.051865
      18.250000        0.051178
      18.350000        0.050454
      18.450000        0.050519
      18.550000        0.050396
      18.650000        0.050523
      18.750000        0.050014
      18.850000        0.049690
      18.950000        0.049700
      19.050000        0.048934
      19.150000        0.048177
      19.250000        0.048303
      19.350000        0.048004
      19.450000        0.047747
      19.550000        0.047791
      19.650000        0.046727
      19.750000        0.046402
      19.850000        0.046338
      19.950000        0.046017
      20.050000        0.045531
      20.150000        0.045924
      20.250000        0.044971
      20.350000        0.045027
      20.450000        0.045258
      20.550000        0.044125
      20.650000        0.043914
      20.750000        0.043366
      20.850000        0.043194
      20.950000        0.042840
      21.050000        0.042435
      21.150000        0.042021
      21.250000        0.041913
      21.350000        0.041567
      21.450000        0.041432
      21.550000        0.041226
      21.650000        0.040832
      21.750000        0.040090
      21.850000        0.040331
      21.950000        0.039773
      22.050000        0.040000
      22.150000        0.039183
      22.250000        0.039383
      22.350000        0.039146
      22.450000        0.038686
      22.550000        0.038491
      22.650000        0.038306
      22.750000        0.038241
      22.850000        0.037896
      22.950000        0.037275
      23.050000        0.037672
      23.150000        0.037490
      23.250000        0.037111
      23.350000        0.037294
      23.450000        0.036751
      23.550000        0.036915
      23.650000        0.036419
      23.750000        0.036340
      23.850000        0.036380
      23.950000        0.036273
      24.050000        0.036120
      24.150000        0.036214
      24.250000        0.035860
      24.350000        0.035998
      24.450000        0.035522
      24.550000        0.035417
      24.650000        0.035275
      24.750000        0.034805
      24.850000        0.034891
      24.950000        0.034789
      25.050000        0.034591
      25.150000        0.034301
      25.250000        0.034537
      25.350000        0.034213
      25.450000        0.034315
      25.550000        0.033797
      25.650000        0.033662
      25.750000        0.033515
      25.850000        0.033583
      25.950000        0.033329
      26.050000        0.033638
      26.150000        0.033067
      26.250000        0.033329
      26.350000        0.033018
      26.450000        0.033078
      26.550000        0.032782
      26.650000        0.032725
      26.750000        0.032891
      26.850000        0.032807
      26.950000        0.032741
      27.050000        0.032437
      27.150000        0.032482
      27.250000        0.032348
      27.350000        0.032203
      27.450000        0.032131
      27.550000        0.032143
      27.650000        0.032027
      27.750000        0.032308
      27.850000        0.031846
      27.950000        0.031778
      28.050000        0.031871
      28.150000        0.031539
      28.250000        0.031553
      28.350000        0.031438
      28.450000        0.031442
      28.550000        0.031387
      28.650000        0.031406
      28.750000        0.031428
      28.850000        0.031210
      28.950000        0.031324
      29.050000        0.031142
      29.150000        0.031165
      29.250000        0.031045
      29.350000        0.031120
      29.450000        0.030866
      29.550000        0.031066
      29.650000        0.030918
      29.750000        0.030925
      29.850000        0.030721
      29.950000        0.030837
