#Distance_(Ang) :1-10@N3_=>_:MG
       0.050000        0.000000
       0.150000        0.000000
       0.250000        0.000000
       0.350000        0.000000
       0.450000        0.000000
       0.550000        0.000000
       0.650000        0.000000
       0.750000        0.000000
       0.850000        0.000000
       0.950000        0.000000
       1.050000        0.000000
       1.150000        0.000000
       1.250000        0.000000
       1.350000        0.000000
       1.450000        0.000000
       1.550000        0.000000
       1.650000        0.000000
       1.750000        0.000000
       1.850000        0.000000
       1.950000        0.000000
       2.050000        0.000000
       2.150000        0.000000
       2.250000        0.000000
       2.350000        0.000000
       2.450000        0.000000
       2.550000        0.000000
       2.650000        0.000000
       2.750000        0.000000
       2.850000        0.000000
       2.950000        0.000000
       3.050000        0.000000
       3.150000        0.000000
       3.250000        0.000000
       3.350000        0.000022
       3.450000        0.000755
       3.550000        0.006050
       3.650000        0.032952
       3.750000        0.129671
       3.850000        0.365760
       3.950000        0.731351
       4.050000        0.899155
       4.150000        0.592605
       4.250000        0.203284
       4.350000        0.042974
       4.450000        0.011747
       4.550000        0.012233
       4.650000        0.017709
       4.750000        0.024354
       4.850000        0.032300
       4.950000        0.043058
       5.050000        0.054919
       5.150000        0.070421
       5.250000        0.083912
       5.350000        0.100597
       5.450000        0.115349
       5.550000        0.128265
       5.650000        0.136932
       5.750000        0.148985
       5.850000        0.155358
       5.950000        0.158575
       6.050000        0.159705
       6.150000        0.157828
       6.250000        0.155721
       6.350000        0.150494
       6.450000        0.142280
       6.550000        0.134969
       6.650000        0.124110
       6.750000        0.117006
       6.850000        0.111566
       6.950000        0.105915
       7.050000        0.101916
       7.150000        0.101830
       7.250000        0.102709
       7.350000        0.103574
       7.450000        0.105196
       7.550000        0.108936
       7.650000        0.108704
       7.750000        0.107555
       7.850000        0.108587
       7.950000        0.107844
       8.050000        0.109464
       8.150000        0.109397
       8.250000        0.109522
       8.350000        0.109220
       8.450000        0.108786
       8.550000        0.106306
       8.650000        0.103733
       8.750000        0.099866
       8.850000        0.098384
       8.950000        0.097001
       9.050000        0.096168
       9.150000        0.097628
       9.250000        0.098894
       9.350000        0.100692
       9.450000        0.104451
       9.550000        0.106714
       9.650000        0.111653
       9.750000        0.116598
       9.850000        0.120134
       9.950000        0.125308
      10.050000        0.130784
      10.150000        0.135053
      10.250000        0.136078
      10.350000        0.139758
      10.450000        0.141943
      10.550000        0.144353
      10.650000        0.145271
      10.750000        0.145924
      10.850000        0.147435
      10.950000        0.148611
      11.050000        0.149421
      11.150000        0.150595
      11.250000        0.153096
      11.350000        0.153361
      11.450000        0.153003
      11.550000        0.151162
      11.650000        0.149797
      11.750000        0.146931
      11.850000        0.142696
      11.950000        0.139597
      12.050000        0.135281
      12.150000        0.131198
      12.250000        0.127719
      12.350000        0.123774
      12.450000        0.121525
      12.550000        0.117483
      12.650000        0.114619
      12.750000        0.110553
      12.850000        0.106870
      12.950000        0.103570
      13.050000        0.100501
      13.150000        0.096961
      13.250000        0.094949
      13.350000        0.092596
      13.450000        0.089831
      13.550000        0.088027
      13.650000        0.085971
      13.750000        0.085088
      13.850000        0.083495
      13.950000        0.082221
      14.050000        0.081635
      14.150000        0.080342
      14.250000        0.079724
      14.350000        0.078103
      14.450000        0.077323
      14.550000        0.076808
      14.650000        0.075522
      14.750000        0.075250
      14.850000        0.075092
      14.950000        0.073427
      15.050000        0.073145
      15.150000        0.071846
      15.250000        0.070800
      15.350000        0.070317
      15.450000        0.069385
      15.550000        0.068894
      15.650000        0.067030
      15.750000        0.065864
      15.850000        0.064944
      15.950000        0.064313
      16.050000        0.063725
      16.150000        0.063114
      16.250000        0.061755
      16.350000        0.061282
      16.450000        0.060688
      16.550000        0.060598
      16.650000        0.060056
      16.750000        0.059733
      16.850000        0.059372
      16.950000        0.059087
      17.050000        0.058915
      17.150000        0.058447
      17.250000        0.058376
      17.350000        0.058563
      17.450000        0.057549
      17.550000        0.057810
      17.650000        0.058100
      17.750000        0.056670
      17.850000        0.056758
      17.950000        0.055934
      18.050000        0.055534
      18.150000        0.054675
      18.250000        0.054221
      18.350000        0.053154
      18.450000        0.052632
      18.550000        0.051963
      18.650000        0.051427
      18.750000        0.050826
      18.850000        0.050306
      18.950000        0.049648
      19.050000        0.049111
      19.150000        0.048807
      19.250000        0.048518
      19.350000        0.047711
      19.450000        0.047426
      19.550000        0.046799
      19.650000        0.046624
      19.750000        0.046234
      19.850000        0.046075
      19.950000        0.045462
      20.050000        0.045079
      20.150000        0.044890
      20.250000        0.044700
      20.350000        0.044424
      20.450000        0.044272
      20.550000        0.043947
      20.650000        0.043757
      20.750000        0.043303
      20.850000        0.043087
      20.950000        0.042995
      21.050000        0.042707
      21.150000        0.042766
      21.250000        0.042425
      21.350000        0.042210
      21.450000        0.041847
      21.550000        0.041370
      21.650000        0.041240
      21.750000        0.041142
      21.850000        0.040910
      21.950000        0.040509
      22.050000        0.040089
      22.150000        0.040009
      22.250000        0.039715
      22.350000        0.039449
      22.450000        0.038913
      22.550000        0.038791
      22.650000        0.038266
      22.750000        0.038559
      22.850000        0.038055
      22.950000        0.037983
      23.050000        0.037614
      23.150000        0.037496
      23.250000        0.037527
      23.350000        0.037126
      23.450000        0.036935
      23.550000        0.036592
      23.650000        0.036844
      23.750000        0.036475
      23.850000        0.036179
      23.950000        0.036136
      24.050000        0.035986
      24.150000        0.035806
      24.250000        0.035947
      24.350000        0.035692
      24.450000        0.035611
      24.550000        0.035308
      24.650000        0.035322
      24.750000        0.035052
      24.850000        0.034840
      24.950000        0.034819
      25.050000        0.034575
      25.150000        0.034496
      25.250000        0.034391
      25.350000        0.034541
      25.450000        0.034305
      25.550000        0.034133
      25.650000        0.034096
      25.750000        0.033842
      25.850000        0.033810
      25.950000        0.033764
      26.050000        0.033492
      26.150000        0.033552
      26.250000        0.033224
      26.350000        0.033091
      26.450000        0.033095
      26.550000        0.032778
      26.650000        0.032767
      26.750000        0.032433
      26.850000        0.032547
      26.950000        0.032604
      27.050000        0.032222
      27.150000        0.032185
      27.250000        0.032308
      27.350000        0.031853
      27.450000        0.032072
      27.550000        0.031613
      27.650000        0.031621
      27.750000        0.031666
      27.850000        0.031394
      27.950000        0.031407
      28.050000        0.031369
      28.150000        0.031165
      28.250000        0.031219
      28.350000        0.031264
      28.450000        0.031045
      28.550000        0.031097
      28.650000        0.031119
      28.750000        0.030975
      28.850000        0.030870
      28.950000        0.030881
      29.050000        0.030724
      29.150000        0.030661
      29.250000        0.030581
      29.350000        0.030630
      29.450000        0.030443
      29.550000        0.030487
      29.650000        0.030317
      29.750000        0.030090
      29.850000        0.030185
      29.950000        0.030337
