#Distance_(Ang) :1-10@N7_=>_:MG
       0.050000        0.000000
       0.150000        0.000000
       0.250000        0.000000
       0.350000        0.000000
       0.450000        0.000000
       0.550000        0.000000
       0.650000        0.000000
       0.750000        0.000000
       0.850000        0.000000
       0.950000        0.000000
       1.050000        0.000000
       1.150000        0.000000
       1.250000        0.000000
       1.350000        0.000000
       1.450000        0.000000
       1.550000        0.000000
       1.650000        0.000000
       1.750000        0.000000
       1.850000        0.000000
       1.950000        0.000000
       2.050000        0.000000
       2.150000        0.000000
       2.250000        0.000000
       2.350000        0.000000
       2.450000        0.000000
       2.550000        0.000000
       2.650000        0.000000
       2.750000        0.000000
       2.850000        0.000000
       2.950000        0.000000
       3.050000        0.000000
       3.150000        0.000000
       3.250000        0.000062
       3.350000        0.000000
       3.450000        0.000109
       3.550000        0.000928
       3.650000        0.005073
       3.750000        0.011506
       3.850000        0.029154
       3.950000        0.058892
       4.050000        0.104314
       4.150000        0.179301
       4.250000        0.270907
       4.350000        0.354375
       4.450000        0.382502
       4.550000        0.365561
       4.650000        0.304295
       4.750000        0.234994
       4.850000        0.182859
       4.950000        0.149608
       5.050000        0.133116
       5.150000        0.119862
       5.250000        0.111048
       5.350000        0.110614
       5.450000        0.106308
       5.550000        0.106900
       5.650000        0.109032
       5.750000        0.110128
       5.850000        0.119649
       5.950000        0.121352
       6.050000        0.127245
       6.150000        0.131027
       6.250000        0.130661
       6.350000        0.128157
       6.450000        0.125995
       6.550000        0.115634
       6.650000        0.106598
       6.750000        0.096232
       6.850000        0.089371
       6.950000        0.081463
       7.050000        0.075272
       7.150000        0.070868
       7.250000        0.065823
       7.350000        0.068495
       7.450000        0.084114
       7.550000        0.112808
       7.650000        0.150686
       7.750000        0.191237
       7.850000        0.226048
       7.950000        0.239244
       8.050000        0.233558
       8.150000        0.218744
       8.250000        0.192591
       8.350000        0.163707
       8.450000        0.144893
       8.550000        0.133541
       8.650000        0.126623
       8.750000        0.131402
       8.850000        0.141384
       8.950000        0.152383
       9.050000        0.160881
       9.150000        0.166558
       9.250000        0.165171
       9.350000        0.166534
       9.450000        0.168755
       9.550000        0.181727
       9.650000        0.201477
       9.750000        0.221121
       9.850000        0.241812
       9.950000        0.258283
      10.050000        0.260613
      10.150000        0.257944
      10.250000        0.243027
      10.350000        0.224946
      10.450000        0.201535
      10.550000        0.176772
      10.650000        0.155477
      10.750000        0.137578
      10.850000        0.120303
      10.950000        0.106642
      11.050000        0.099968
      11.150000        0.093980
      11.250000        0.091855
      11.350000        0.092604
      11.450000        0.096639
      11.550000        0.103727
      11.650000        0.110956
      11.750000        0.117200
      11.850000        0.124986
      11.950000        0.131558
      12.050000        0.138796
      12.150000        0.145250
      12.250000        0.149640
      12.350000        0.153055
      12.450000        0.154463
      12.550000        0.156076
      12.650000        0.157399
      12.750000        0.159776
      12.850000        0.164010
      12.950000        0.166962
      13.050000        0.171663
      13.150000        0.172963
      13.250000        0.171658
      13.350000        0.169030
      13.450000        0.163864
      13.550000        0.158552
      13.650000        0.155589
      13.750000        0.148893
      13.850000        0.144969
      13.950000        0.139354
      14.050000        0.131182
      14.150000        0.124589
      14.250000        0.118379
      14.350000        0.112248
      14.450000        0.106610
      14.550000        0.102110
      14.650000        0.099131
      14.750000        0.096448
      14.850000        0.094537
      14.950000        0.094117
      15.050000        0.094494
      15.150000        0.095278
      15.250000        0.096145
      15.350000        0.098190
      15.450000        0.098115
      15.550000        0.099645
      15.650000        0.098224
      15.750000        0.099566
      15.850000        0.097980
      15.950000        0.095425
      16.050000        0.092950
      16.150000        0.090532
      16.250000        0.086118
      16.350000        0.082326
      16.450000        0.078365
      16.550000        0.074922
      16.650000        0.070684
      16.750000        0.068020
      16.850000        0.064919
      16.950000        0.063305
      17.050000        0.060602
      17.150000        0.059276
      17.250000        0.057001
      17.350000        0.056145
      17.450000        0.055019
      17.550000        0.053664
      17.650000        0.051896
      17.750000        0.051929
      17.850000        0.050947
      17.950000        0.050109
      18.050000        0.049439
      18.150000        0.048851
      18.250000        0.047624
      18.350000        0.046310
      18.450000        0.046595
      18.550000        0.045575
      18.650000        0.045218
      18.750000        0.044968
      18.850000        0.044582
      18.950000        0.045282
      19.050000        0.045334
      19.150000        0.045745
      19.250000        0.046235
      19.350000        0.046449
      19.450000        0.047383
      19.550000        0.048425
      19.650000        0.048813
      19.750000        0.050006
      19.850000        0.050094
      19.950000        0.050341
      20.050000        0.050335
      20.150000        0.050927
      20.250000        0.051089
      20.350000        0.051038
      20.450000        0.051030
      20.550000        0.050294
      20.650000        0.049923
      20.750000        0.049687
      20.850000        0.048935
      20.950000        0.047240
      21.050000        0.045996
      21.150000        0.045113
      21.250000        0.042889
      21.350000        0.042051
      21.450000        0.040396
      21.550000        0.039062
      21.650000        0.037829
      21.750000        0.036985
      21.850000        0.036133
      21.950000        0.035002
      22.050000        0.034197
      22.150000        0.033606
      22.250000        0.032716
      22.350000        0.032600
      22.450000        0.031921
      22.550000        0.031789
      22.650000        0.031490
      22.750000        0.031271
      22.850000        0.030840
      22.950000        0.030879
      23.050000        0.030689
      23.150000        0.030553
      23.250000        0.030490
      23.350000        0.029834
      23.450000        0.030192
      23.550000        0.029724
      23.650000        0.030160
      23.750000        0.029735
      23.850000        0.029585
      23.950000        0.029554
      24.050000        0.029390
      24.150000        0.029220
      24.250000        0.029266
      24.350000        0.029327
      24.450000        0.029434
      24.550000        0.029473
      24.650000        0.029107
      24.750000        0.028994
      24.850000        0.029185
      24.950000        0.028858
      25.050000        0.028842
      25.150000        0.029031
      25.250000        0.029043
      25.350000        0.028887
      25.450000        0.029236
      25.550000        0.028754
      25.650000        0.028772
      25.750000        0.029004
      25.850000        0.029055
      25.950000        0.028816
      26.050000        0.028975
      26.150000        0.028945
      26.250000        0.028800
      26.350000        0.028480
      26.450000        0.028606
      26.550000        0.028794
      26.650000        0.028840
      26.750000        0.028616
      26.850000        0.028364
      26.950000        0.028459
      27.050000        0.028358
      27.150000        0.028714
      27.250000        0.028417
      27.350000        0.028579
      27.450000        0.028396
      27.550000        0.028188
      27.650000        0.028473
      27.750000        0.028314
      27.850000        0.028122
      27.950000        0.028593
      28.050000        0.028614
      28.150000        0.028220
      28.250000        0.028547
      28.350000        0.028449
      28.450000        0.028460
      28.550000        0.028471
      28.650000        0.028419
      28.750000        0.028218
      28.850000        0.028253
      28.950000        0.028187
      29.050000        0.028046
      29.150000        0.028211
      29.250000        0.027950
      29.350000        0.028103
      29.450000        0.028130
      29.550000        0.028066
      29.650000        0.028026
      29.750000        0.028341
      29.850000        0.028280
      29.950000        0.028429
