#Distance_(Ang) :1-10@O2_=>_:MG
       0.050000        0.000000
       0.150000        0.000000
       0.250000        0.000000
       0.350000        0.000000
       0.450000        0.000000
       0.550000        0.000000
       0.650000        0.000000
       0.750000        0.000000
       0.850000        0.000000
       0.950000        0.000000
       1.050000        0.000000
       1.150000        0.000000
       1.250000        0.000000
       1.350000        0.000000
       1.450000        0.000000
       1.550000        0.000000
       1.650000        0.000000
       1.750000        0.000000
       1.850000        0.028444
       1.950000        2.386912
       2.050000        6.249034
       2.150000        2.425335
       2.250000        0.340833
       2.350000        0.030379
       2.450000        0.002427
       2.550000        0.000149
       2.650000        0.000035
       2.750000        0.000000
       2.850000        0.000000
       2.950000        0.000000
       3.050000        0.000000
       3.150000        0.000073
       3.250000        0.000207
       3.350000        0.001190
       3.450000        0.003978
       3.550000        0.010654
       3.650000        0.025898
       3.750000        0.047310
       3.850000        0.075714
       3.950000        0.103209
       4.050000        0.121447
       4.150000        0.139167
       4.250000        0.137924
       4.350000        0.127653
       4.450000        0.116217
       4.550000        0.106626
       4.650000        0.094038
       4.750000        0.085503
       4.850000        0.078112
       4.950000        0.074790
       5.050000        0.072619
       5.150000        0.071199
       5.250000        0.069526
       5.350000        0.066578
       5.450000        0.067231
       5.550000        0.068504
       5.650000        0.069911
       5.750000        0.070438
       5.850000        0.073550
       5.950000        0.077011
       6.050000        0.080954
       6.150000        0.086971
       6.250000        0.090974
       6.350000        0.093779
       6.450000        0.098149
       6.550000        0.099052
       6.650000        0.103503
       6.750000        0.105005
       6.850000        0.106696
       6.950000        0.105513
       7.050000        0.108443
       7.150000        0.109359
       7.250000        0.108742
       7.350000        0.108779
       7.450000        0.109816
       7.550000        0.108395
       7.650000        0.106584
       7.750000        0.104721
       7.850000        0.104004
       7.950000        0.103794
       8.050000        0.102846
       8.150000        0.104454
       8.250000        0.105848
       8.350000        0.106577
       8.450000        0.108382
       8.550000        0.106615
       8.650000        0.109389
       8.750000        0.109815
       8.850000        0.109564
       8.950000        0.109281
       9.050000        0.108448
       9.150000        0.108971
       9.250000        0.110109
       9.350000        0.111986
       9.450000        0.112119
       9.550000        0.114909
       9.650000        0.119124
       9.750000        0.123086
       9.850000        0.127445
       9.950000        0.130218
      10.050000        0.135436
      10.150000        0.139293
      10.250000        0.142600
      10.350000        0.147703
      10.450000        0.150698
      10.550000        0.152259
      10.650000        0.153830
      10.750000        0.155251
      10.850000        0.155573
      10.950000        0.155355
      11.050000        0.155594
      11.150000        0.155113
      11.250000        0.154476
      11.350000        0.152077
      11.450000        0.150497
      11.550000        0.146091
      11.650000        0.145623
      11.750000        0.140684
      11.850000        0.138705
      11.950000        0.134919
      12.050000        0.131985
      12.150000        0.127408
      12.250000        0.123670
      12.350000        0.119821
      12.450000        0.115854
      12.550000        0.112179
      12.650000        0.108067
      12.750000        0.104793
      12.850000        0.101617
      12.950000        0.097440
      13.050000        0.095515
      13.150000        0.094182
      13.250000        0.092457
      13.350000        0.090649
      13.450000        0.090365
      13.550000        0.088209
      13.650000        0.087603
      13.750000        0.085910
      13.850000        0.084693
      13.950000        0.083847
      14.050000        0.082424
      14.150000        0.081396
      14.250000        0.080664
      14.350000        0.079796
      14.450000        0.078407
      14.550000        0.077953
      14.650000        0.077710
      14.750000        0.077018
      14.850000        0.075902
      14.950000        0.075210
      15.050000        0.074245
      15.150000        0.073823
      15.250000        0.073426
      15.350000        0.072580
      15.450000        0.071453
      15.550000        0.070405
      15.650000        0.069333
      15.750000        0.068244
      15.850000        0.067887
      15.950000        0.067150
      16.050000        0.066572
      16.150000        0.065722
      16.250000        0.065239
      16.350000        0.064263
      16.450000        0.064028
      16.550000        0.063469
      16.650000        0.062536
      16.750000        0.061904
      16.850000        0.061441
      16.950000        0.060691
      17.050000        0.060329
      17.150000        0.059491
      17.250000        0.059003
      17.350000        0.058400
      17.450000        0.057654
      17.550000        0.057270
      17.650000        0.056222
      17.750000        0.055822
      17.850000        0.055272
      17.950000        0.054864
      18.050000        0.054335
      18.150000        0.053889
      18.250000        0.053265
      18.350000        0.052562
      18.450000        0.052096
      18.550000        0.051417
      18.650000        0.051250
      18.750000        0.050835
      18.850000        0.050143
      18.950000        0.049926
      19.050000        0.049418
      19.150000        0.049056
      19.250000        0.048689
      19.350000        0.048706
      19.450000        0.048093
      19.550000        0.047463
      19.650000        0.047698
      19.750000        0.047352
      19.850000        0.047077
      19.950000        0.046616
      20.050000        0.046303
      20.150000        0.045603
      20.250000        0.045775
      20.350000        0.045774
      20.450000        0.045248
      20.550000        0.044963
      20.650000        0.044730
      20.750000        0.044416
      20.850000        0.044432
      20.950000        0.043454
      21.050000        0.043318
      21.150000        0.042828
      21.250000        0.042756
      21.350000        0.042388
      21.450000        0.041918
      21.550000        0.041317
      21.650000        0.041068
      21.750000        0.040597
      21.850000        0.040146
      21.950000        0.039761
      22.050000        0.039551
      22.150000        0.039078
      22.250000        0.038766
      22.350000        0.038667
      22.450000        0.038528
      22.550000        0.038131
      22.650000        0.037701
      22.750000        0.037627
      22.850000        0.037460
      22.950000        0.037303
      23.050000        0.037189
      23.150000        0.037206
      23.250000        0.036799
      23.350000        0.036733
      23.450000        0.036396
      23.550000        0.036402
      23.650000        0.035973
      23.750000        0.036098
      23.850000        0.035906
      23.950000        0.035255
      24.050000        0.035276
      24.150000        0.035260
      24.250000        0.035178
      24.350000        0.034789
      24.450000        0.034801
      24.550000        0.034844
      24.650000        0.034369
      24.750000        0.034625
      24.850000        0.034398
      24.950000        0.034386
      25.050000        0.033867
      25.150000        0.034175
      25.250000        0.033851
      25.350000        0.034016
      25.450000        0.033585
      25.550000        0.033561
      25.650000        0.033487
      25.750000        0.033597
      25.850000        0.033347
      25.950000        0.033243
      26.050000        0.033292
      26.150000        0.033015
      26.250000        0.033101
      26.350000        0.033017
      26.450000        0.032854
      26.550000        0.032746
      26.650000        0.032830
      26.750000        0.032683
      26.850000        0.032720
      26.950000        0.032472
      27.050000        0.032353
      27.150000        0.032022
      27.250000        0.032086
      27.350000        0.032327
      27.450000        0.032047
      27.550000        0.031926
      27.650000        0.031966
      27.750000        0.031521
      27.850000        0.031682
      27.950000        0.031450
      28.050000        0.031425
      28.150000        0.031230
      28.250000        0.031223
      28.350000        0.031065
      28.450000        0.031147
      28.550000        0.031019
      28.650000        0.030752
      28.750000        0.030889
      28.850000        0.030733
      28.950000        0.030747
      29.050000        0.030712
      29.150000        0.030689
      29.250000        0.030741
      29.350000        0.030448
      29.450000        0.030361
      29.550000        0.030446
      29.650000        0.030410
      29.750000        0.030268
      29.850000        0.030110
      29.950000        0.030151
