#Distance_(Ang) :1-10@N7_=>_:MG
       0.050000        0.000000
       0.150000        0.000000
       0.250000        0.000000
       0.350000        0.000000
       0.450000        0.000000
       0.550000        0.000000
       0.650000        0.000000
       0.750000        0.000000
       0.850000        0.000000
       0.950000        0.000000
       1.050000        0.000000
       1.150000        0.000000
       1.250000        0.000000
       1.350000        0.000000
       1.450000        0.000000
       1.550000        0.000000
       1.650000        0.000000
       1.750000        0.000000
       1.850000        0.000000
       1.950000        0.000000
       2.050000        0.000000
       2.150000        0.000000
       2.250000        0.000000
       2.350000        0.000000
       2.450000        0.000000
       2.550000        0.000000
       2.650000        0.000000
       2.750000        0.000000
       2.850000        0.000000
       2.950000        0.000000
       3.050000        0.000000
       3.150000        0.000000
       3.250000        0.000000
       3.350000        0.000086
       3.450000        0.000646
       3.550000        0.005793
       3.650000        0.022571
       3.750000        0.070058
       3.850000        0.150626
       3.950000        0.258793
       4.050000        0.369344
       4.150000        0.444999
       4.250000        0.485179
       4.350000        0.493008
       4.450000        0.457540
       4.550000        0.398855
       4.650000        0.336588
       4.750000        0.264699
       4.850000        0.210481
       4.950000        0.174127
       5.050000        0.142153
       5.150000        0.124624
       5.250000        0.114014
       5.350000        0.105479
       5.450000        0.100835
       5.550000        0.101024
       5.650000        0.098457
       5.750000        0.099436
       5.850000        0.105273
       5.950000        0.112321
       6.050000        0.125188
       6.150000        0.137483
       6.250000        0.150925
       6.350000        0.160112
       6.450000        0.167506
       6.550000        0.166741
       6.650000        0.163524
       6.750000        0.157628
       6.850000        0.146692
       6.950000        0.141288
       7.050000        0.132273
       7.150000        0.127340
       7.250000        0.122069
       7.350000        0.122496
       7.450000        0.126205
       7.550000        0.137261
       7.650000        0.150129
       7.750000        0.161076
       7.850000        0.168987
       7.950000        0.171664
       8.050000        0.172133
       8.150000        0.172744
       8.250000        0.172844
       8.350000        0.173097
       8.450000        0.177232
       8.550000        0.177928
       8.650000        0.182190
       8.750000        0.185742
       8.850000        0.185610
       8.950000        0.186445
       9.050000        0.184705
       9.150000        0.182698
       9.250000        0.175367
       9.350000        0.172592
       9.450000        0.169819
       9.550000        0.165955
       9.650000        0.164741
       9.750000        0.163476
       9.850000        0.161283
       9.950000        0.157383
      10.050000        0.153886
      10.150000        0.148561
      10.250000        0.144428
      10.350000        0.139637
      10.450000        0.136489
      10.550000        0.135390
      10.650000        0.133067
      10.750000        0.132756
      10.850000        0.134213
      10.950000        0.132390
      11.050000        0.133565
      11.150000        0.134491
      11.250000        0.134491
      11.350000        0.131531
      11.450000        0.130427
      11.550000        0.126641
      11.650000        0.121804
      11.750000        0.119969
      11.850000        0.115213
      11.950000        0.111308
      12.050000        0.106947
      12.150000        0.104790
      12.250000        0.102523
      12.350000        0.099452
      12.450000        0.096686
      12.550000        0.094447
      12.650000        0.092801
      12.750000        0.092019
      12.850000        0.089926
      12.950000        0.090000
      13.050000        0.088545
      13.150000        0.088561
      13.250000        0.088431
      13.350000        0.087445
      13.450000        0.088091
      13.550000        0.088117
      13.650000        0.088148
      13.750000        0.087386
      13.850000        0.087336
      13.950000        0.087266
      14.050000        0.086432
      14.150000        0.085459
      14.250000        0.084974
      14.350000        0.083621
      14.450000        0.082318
      14.550000        0.083053
      14.650000        0.080869
      14.750000        0.080551
      14.850000        0.079350
      14.950000        0.078032
      15.050000        0.076078
      15.150000        0.075979
      15.250000        0.074875
      15.350000        0.074112
      15.450000        0.073913
      15.550000        0.073436
      15.650000        0.072404
      15.750000        0.072400
      15.850000        0.071357
      15.950000        0.069954
      16.050000        0.069564
      16.150000        0.069077
      16.250000        0.068350
      16.350000        0.067680
      16.450000        0.067143
      16.550000        0.067078
      16.650000        0.064682
      16.750000        0.064469
      16.850000        0.063806
      16.950000        0.063468
      17.050000        0.061666
      17.150000        0.060621
      17.250000        0.060280
      17.350000        0.059471
      17.450000        0.058491
      17.550000        0.058026
      17.650000        0.057642
      17.750000        0.057159
      17.850000        0.056046
      17.950000        0.055377
      18.050000        0.054604
      18.150000        0.054389
      18.250000        0.053300
      18.350000        0.052852
      18.450000        0.052324
      18.550000        0.052250
      18.650000        0.050799
      18.750000        0.050879
      18.850000        0.050035
      18.950000        0.049323
      19.050000        0.048577
      19.150000        0.048240
      19.250000        0.047728
      19.350000        0.047150
      19.450000        0.046727
      19.550000        0.046794
      19.650000        0.046180
      19.750000        0.046037
      19.850000        0.045716
      19.950000        0.045394
      20.050000        0.044805
      20.150000        0.044381
      20.250000        0.044603
      20.350000        0.044138
      20.450000        0.044086
      20.550000        0.043489
      20.650000        0.043320
      20.750000        0.042624
      20.850000        0.042660
      20.950000        0.042252
      21.050000        0.042460
      21.150000        0.041498
      21.250000        0.041688
      21.350000        0.041346
      21.450000        0.040947
      21.550000        0.040882
      21.650000        0.040184
      21.750000        0.040618
      21.850000        0.039866
      21.950000        0.039944
      22.050000        0.039246
      22.150000        0.039402
      22.250000        0.038958
      22.350000        0.039106
      22.450000        0.038458
      22.550000        0.038612
      22.650000        0.037951
      22.750000        0.037955
      22.850000        0.037857
      22.950000        0.037650
      23.050000        0.037375
      23.150000        0.037216
      23.250000        0.036824
      23.350000        0.036984
      23.450000        0.036710
      23.550000        0.036225
      23.650000        0.036284
      23.750000        0.036274
      23.850000        0.035978
      23.950000        0.035989
      24.050000        0.035638
      24.150000        0.035684
      24.250000        0.035740
      24.350000        0.035390
      24.450000        0.035128
      24.550000        0.035076
      24.650000        0.034949
      24.750000        0.034972
      24.850000        0.034816
      24.950000        0.034940
      25.050000        0.034629
      25.150000        0.034454
      25.250000        0.034675
      25.350000        0.034374
      25.450000        0.034520
      25.550000        0.034440
      25.650000        0.034164
      25.750000        0.034216
      25.850000        0.034045
      25.950000        0.034156
      26.050000        0.033775
      26.150000        0.033896
      26.250000        0.033555
      26.350000        0.033665
      26.450000        0.033661
      26.550000        0.033366
      26.650000        0.033137
      26.750000        0.033333
      26.850000        0.033425
      26.950000        0.033146
      27.050000        0.032730
      27.150000        0.032998
      27.250000        0.032690
      27.350000        0.032848
      27.450000        0.032405
      27.550000        0.032650
      27.650000        0.032531
      27.750000        0.032348
      27.850000        0.032105
      27.950000        0.032143
      28.050000        0.032145
      28.150000        0.031857
      28.250000        0.031778
      28.350000        0.031727
      28.450000        0.031457
      28.550000        0.031644
      28.650000        0.031465
      28.750000        0.031616
      28.850000        0.031356
      28.950000        0.031482
      29.050000        0.031346
      29.150000        0.031323
      29.250000        0.031324
      29.350000        0.031382
      29.450000        0.031284
      29.550000        0.031286
      29.650000        0.031205
      29.750000        0.031229
      29.850000        0.031171
      29.950000        0.031119
