#Distance_(Ang) :1-10@O6_=>_:MG
       0.050000        0.000000
       0.150000        0.000000
       0.250000        0.000000
       0.350000        0.000000
       0.450000        0.000000
       0.550000        0.000000
       0.650000        0.000000
       0.750000        0.000000
       0.850000        0.000000
       0.950000        0.000000
       1.050000        0.000000
       1.150000        0.000000
       1.250000        0.000000
       1.350000        0.000000
       1.450000        0.000000
       1.550000        0.000000
       1.650000        0.000000
       1.750000        0.000000
       1.850000        0.000000
       1.950000        0.000000
       2.050000        0.000000
       2.150000        0.000000
       2.250000        0.000000
       2.350000        0.000000
       2.450000        0.000000
       2.550000        0.000000
       2.650000        0.000000
       2.750000        0.000000
       2.850000        0.000000
       2.950000        0.000000
       3.050000        0.000000
       3.150000        0.000097
       3.250000        0.000639
       3.350000        0.003306
       3.450000        0.011296
       3.550000        0.026231
       3.650000        0.057658
       3.750000        0.102086
       3.850000        0.147732
       3.950000        0.187201
       4.050000        0.227870
       4.150000        0.241281
       4.250000        0.245562
       4.350000        0.219453
       4.450000        0.190719
       4.550000        0.158824
       4.650000        0.129178
       4.750000        0.104445
       4.850000        0.087337
       4.950000        0.072358
       5.050000        0.065496
       5.150000        0.062741
       5.250000        0.062192
       5.350000        0.058508
       5.450000        0.060664
       5.550000        0.061596
       5.650000        0.065217
       5.750000        0.066583
       5.850000        0.070043
       5.950000        0.077387
       6.050000        0.082934
       6.150000        0.089688
       6.250000        0.098499
       6.350000        0.109441
       6.450000        0.121735
       6.550000        0.132975
       6.650000        0.140100
       6.750000        0.146641
       6.850000        0.152949
       6.950000        0.151253
       7.050000        0.150726
       7.150000        0.147209
       7.250000        0.143900
       7.350000        0.143151
       7.450000        0.138066
       7.550000        0.139193
       7.650000        0.137875
       7.750000        0.141939
       7.850000        0.141521
       7.950000        0.144723
       8.050000        0.147561
       8.150000        0.151565
       8.250000        0.151871
       8.350000        0.150654
       8.450000        0.151335
       8.550000        0.149615
       8.650000        0.146427
       8.750000        0.141702
       8.850000        0.137066
       8.950000        0.131258
       9.050000        0.126579
       9.150000        0.121698
       9.250000        0.116140
       9.350000        0.115411
       9.450000        0.113284
       9.550000        0.111125
       9.650000        0.112337
       9.750000        0.112579
       9.850000        0.114339
       9.950000        0.117922
      10.050000        0.118412
      10.150000        0.121699
      10.250000        0.125088
      10.350000        0.128644
      10.450000        0.130284
      10.550000        0.133329
      10.650000        0.135316
      10.750000        0.135029
      10.850000        0.134618
      10.950000        0.133746
      11.050000        0.132319
      11.150000        0.130523
      11.250000        0.128787
      11.350000        0.128436
      11.450000        0.124670
      11.550000        0.121202
      11.650000        0.120188
      11.750000        0.118678
      11.850000        0.116769
      11.950000        0.114870
      12.050000        0.114103
      12.150000        0.112830
      12.250000        0.110726
      12.350000        0.108700
      12.450000        0.108997
      12.550000        0.107726
      12.650000        0.106680
      12.750000        0.105660
      12.850000        0.103502
      12.950000        0.101901
      13.050000        0.099613
      13.150000        0.098396
      13.250000        0.095994
      13.350000        0.094177
      13.450000        0.093379
      13.550000        0.090911
      13.650000        0.091014
      13.750000        0.090832
      13.850000        0.090070
      13.950000        0.090673
      14.050000        0.090181
      14.150000        0.090607
      14.250000        0.090064
      14.350000        0.090648
      14.450000        0.091773
      14.550000        0.092022
      14.650000        0.092237
      14.750000        0.092782
      14.850000        0.093694
      14.950000        0.092798
      15.050000        0.091652
      15.150000        0.090331
      15.250000        0.088684
      15.350000        0.086565
      15.450000        0.084931
      15.550000        0.080840
      15.650000        0.079325
      15.750000        0.077056
      15.850000        0.074939
      15.950000        0.071976
      16.050000        0.070949
      16.150000        0.068382
      16.250000        0.065481
      16.350000        0.064931
      16.450000        0.062718
      16.550000        0.061812
      16.650000        0.060622
      16.750000        0.059722
      16.850000        0.059230
      16.950000        0.058342
      17.050000        0.057705
      17.150000        0.057407
      17.250000        0.056608
      17.350000        0.055992
      17.450000        0.055879
      17.550000        0.055230
      17.650000        0.054380
      17.750000        0.053375
      17.850000        0.053111
      17.950000        0.052662
      18.050000        0.051949
      18.150000        0.051284
      18.250000        0.050383
      18.350000        0.050278
      18.450000        0.049769
      18.550000        0.049118
      18.650000        0.048997
      18.750000        0.048364
      18.850000        0.047749
      18.950000        0.048029
      19.050000        0.047437
      19.150000        0.047750
      19.250000        0.047435
      19.350000        0.046209
      19.450000        0.046192
      19.550000        0.046614
      19.650000        0.045274
      19.750000        0.045151
      19.850000        0.045431
      19.950000        0.044274
      20.050000        0.044194
      20.150000        0.044019
      20.250000        0.043712
      20.350000        0.043169
      20.450000        0.043291
      20.550000        0.042280
      20.650000        0.041609
      20.750000        0.041210
      20.850000        0.041273
      20.950000        0.040344
      21.050000        0.040303
      21.150000        0.040398
      21.250000        0.039662
      21.350000        0.039911
      21.450000        0.039001
      21.550000        0.039218
      21.650000        0.038571
      21.750000        0.038706
      21.850000        0.038669
      21.950000        0.038555
      22.050000        0.038346
      22.150000        0.038204
      22.250000        0.038047
      22.350000        0.038029
      22.450000        0.038233
      22.550000        0.038018
      22.650000        0.037982
      22.750000        0.038312
      22.850000        0.038048
      22.950000        0.038107
      23.050000        0.038197
      23.150000        0.037949
      23.250000        0.038041
      23.350000        0.037715
      23.450000        0.037439
      23.550000        0.037376
      23.650000        0.037015
      23.750000        0.036982
      23.850000        0.036931
      23.950000        0.036567
      24.050000        0.036474
      24.150000        0.036224
      24.250000        0.035993
      24.350000        0.036026
      24.450000        0.035997
      24.550000        0.035656
      24.650000        0.036034
      24.750000        0.035745
      24.850000        0.035750
      24.950000        0.035690
      25.050000        0.035763
      25.150000        0.035804
      25.250000        0.036116
      25.350000        0.036148
      25.450000        0.035951
      25.550000        0.035745
      25.650000        0.036119
      25.750000        0.036009
      25.850000        0.036145
      25.950000        0.036260
      26.050000        0.035797
      26.150000        0.035931
      26.250000        0.035739
      26.350000        0.035744
      26.450000        0.035418
      26.550000        0.035242
      26.650000        0.035154
      26.750000        0.035399
      26.850000        0.035162
      26.950000        0.035155
      27.050000        0.034719
      27.150000        0.034907
      27.250000        0.034657
      27.350000        0.034551
      27.450000        0.034623
      27.550000        0.034695
      27.650000        0.034022
      27.750000        0.034134
      27.850000        0.033927
      27.950000        0.033887
      28.050000        0.033732
      28.150000        0.033722
      28.250000        0.033601
      28.350000        0.033212
      28.450000        0.033422
      28.550000        0.033305
      28.650000        0.033097
      28.750000        0.032626
      28.850000        0.032559
      28.950000        0.032331
      29.050000        0.032488
      29.150000        0.032177
      29.250000        0.032097
      29.350000        0.031806
      29.450000        0.031797
      29.550000        0.031628
      29.650000        0.031679
      29.750000        0.031534
      29.850000        0.031542
      29.950000        0.031145
