#Distance_(Ang) :1-10@O4_=>_:MG
       0.050000        0.000000
       0.150000        0.000000
       0.250000        0.000000
       0.350000        0.000000
       0.450000        0.000000
       0.550000        0.000000
       0.650000        0.000000
       0.750000        0.000000
       0.850000        0.000000
       0.950000        0.000000
       1.050000        0.000000
       1.150000        0.000000
       1.250000        0.000000
       1.350000        0.000000
       1.450000        0.000000
       1.550000        0.000000
       1.650000        0.000000
       1.750000        0.000000
       1.850000        0.000000
       1.950000        0.000000
       2.050000        0.000000
       2.150000        0.000000
       2.250000        0.000000
       2.350000        0.000000
       2.450000        0.000000
       2.550000        0.000000
       2.650000        0.000000
       2.750000        0.000000
       2.850000        0.000000
       2.950000        0.000000
       3.050000        0.000000
       3.150000        0.000000
       3.250000        0.000062
       3.350000        0.000290
       3.450000        0.001692
       3.550000        0.003867
       3.650000        0.006292
       3.750000        0.014325
       3.850000        0.021657
       3.950000        0.032153
       4.050000        0.040133
       4.150000        0.048674
       4.250000        0.050836
       4.350000        0.054775
       4.450000        0.054343
       4.550000        0.049815
       4.650000        0.045502
       4.750000        0.037874
       4.850000        0.032848
       4.950000        0.025487
       5.050000        0.022475
       5.150000        0.020924
       5.250000        0.019404
       5.350000        0.019594
       5.450000        0.020653
       5.550000        0.023734
       5.650000        0.029172
       5.750000        0.029778
       5.850000        0.036706
       5.950000        0.041411
       6.050000        0.045770
       6.150000        0.050531
       6.250000        0.058543
       6.350000        0.065287
       6.450000        0.068871
       6.550000        0.076524
       6.650000        0.085187
       6.750000        0.090997
       6.850000        0.100007
       6.950000        0.110362
       7.050000        0.117308
       7.150000        0.122592
       7.250000        0.130756
       7.350000        0.133983
       7.450000        0.141920
       7.550000        0.144615
       7.650000        0.147777
       7.750000        0.151161
       7.850000        0.152481
       7.950000        0.155188
       8.050000        0.157634
       8.150000        0.162634
       8.250000        0.170851
       8.350000        0.185629
       8.450000        0.198345
       8.550000        0.214730
       8.650000        0.225063
       8.750000        0.238791
       8.850000        0.243764
       8.950000        0.245235
       9.050000        0.238758
       9.150000        0.235050
       9.250000        0.223289
       9.350000        0.211767
       9.450000        0.203030
       9.550000        0.198800
       9.650000        0.189649
       9.750000        0.187522
       9.850000        0.178931
       9.950000        0.177742
      10.050000        0.172826
      10.150000        0.173815
      10.250000        0.169234
      10.350000        0.165713
      10.450000        0.164336
      10.550000        0.162263
      10.650000        0.162713
      10.750000        0.162737
      10.850000        0.164510
      10.950000        0.167952
      11.050000        0.178354
      11.150000        0.187479
      11.250000        0.197059
      11.350000        0.202138
      11.450000        0.211025
      11.550000        0.210470
      11.650000        0.206231
      11.750000        0.192634
      11.850000        0.176753
      11.950000        0.152769
      12.050000        0.132517
      12.150000        0.117041
      12.250000        0.104095
      12.350000        0.098432
      12.450000        0.093989
      12.550000        0.093550
      12.650000        0.093587
      12.750000        0.094939
      12.850000        0.095746
      12.950000        0.097621
      13.050000        0.098455
      13.150000        0.100834
      13.250000        0.100909
      13.350000        0.100030
      13.450000        0.102274
      13.550000        0.102546
      13.650000        0.102486
      13.750000        0.103074
      13.850000        0.104552
      13.950000        0.104952
      14.050000        0.107437
      14.150000        0.109688
      14.250000        0.112075
      14.350000        0.113197
      14.450000        0.114462
      14.550000        0.113075
      14.650000        0.112233
      14.750000        0.110095
      14.850000        0.108299
      14.950000        0.105570
      15.050000        0.102993
      15.150000        0.100751
      15.250000        0.099446
      15.350000        0.098921
      15.450000        0.096697
      15.550000        0.095640
      15.650000        0.094504
      15.750000        0.092797
      15.850000        0.091164
      15.950000        0.089322
      16.050000        0.089532
      16.150000        0.088043
      16.250000        0.087386
      16.350000        0.087973
      16.450000        0.087541
      16.550000        0.086662
      16.650000        0.086423
      16.750000        0.086360
      16.850000        0.085020
      16.950000        0.084692
      17.050000        0.082038
      17.150000        0.078956
      17.250000        0.077170
      17.350000        0.074990
      17.450000        0.071435
      17.550000        0.068803
      17.650000        0.065543
      17.750000        0.062193
      17.850000        0.058963
      17.950000        0.055635
      18.050000        0.053098
      18.150000        0.050019
      18.250000        0.047952
      18.350000        0.045310
      18.450000        0.043329
      18.550000        0.041743
      18.650000        0.040697
      18.750000        0.038874
      18.850000        0.038393
      18.950000        0.037366
      19.050000        0.037194
      19.150000        0.037056
      19.250000        0.036626
      19.350000        0.036280
      19.450000        0.036123
      19.550000        0.036443
      19.650000        0.036046
      19.750000        0.036328
      19.850000        0.036107
      19.950000        0.036306
      20.050000        0.036539
      20.150000        0.036307
      20.250000        0.036460
      20.350000        0.036921
      20.450000        0.037074
      20.550000        0.037153
      20.650000        0.037109
      20.750000        0.037545
      20.850000        0.037311
      20.950000        0.036815
      21.050000        0.037364
      21.150000        0.037246
      21.250000        0.037121
      21.350000        0.037028
      21.450000        0.036785
      21.550000        0.036450
      21.650000        0.036469
      21.750000        0.036263
      21.850000        0.036126
      21.950000        0.035713
      22.050000        0.034910
      22.150000        0.035192
      22.250000        0.034434
      22.350000        0.034076
      22.450000        0.033917
      22.550000        0.033421
      22.650000        0.033243
      22.750000        0.032745
      22.850000        0.032644
      22.950000        0.032425
      23.050000        0.031889
      23.150000        0.031818
      23.250000        0.031827
      23.350000        0.031615
      23.450000        0.031297
      23.550000        0.031736
      23.650000        0.031615
      23.750000        0.031509
      23.850000        0.031236
      23.950000        0.031345
      24.050000        0.031158
      24.150000        0.031488
      24.250000        0.031336
      24.350000        0.031238
      24.450000        0.031066
      24.550000        0.031513
      24.650000        0.031609
      24.750000        0.031305
      24.850000        0.031251
      24.950000        0.031702
      25.050000        0.031237
      25.150000        0.031413
      25.250000        0.031181
      25.350000        0.031591
      25.450000        0.031404
      25.550000        0.031221
      25.650000        0.031463
      25.750000        0.031094
      25.850000        0.031317
      25.950000        0.031036
      26.050000        0.031442
      26.150000        0.031176
      26.250000        0.031277
      26.350000        0.031401
      26.450000        0.031230
      26.550000        0.031450
      26.650000        0.031365
      26.750000        0.031539
      26.850000        0.031133
      26.950000        0.031213
      27.050000        0.030917
      27.150000        0.031071
      27.250000        0.030926
      27.350000        0.031441
      27.450000        0.031224
      27.550000        0.031347
      27.650000        0.031210
      27.750000        0.031447
      27.850000        0.031186
      27.950000        0.031494
      28.050000        0.031406
      28.150000        0.031735
      28.250000        0.031485
      28.350000        0.031783
      28.450000        0.031989
      28.550000        0.032102
      28.650000        0.031847
      28.750000        0.031999
      28.850000        0.032007
      28.950000        0.032105
      29.050000        0.031976
      29.150000        0.031986
      29.250000        0.031884
      29.350000        0.031861
      29.450000        0.031607
      29.550000        0.031582
      29.650000        0.031763
      29.750000        0.031774
      29.850000        0.031453
      29.950000        0.031424
