#Distance_(Ang) :G,G3,U,U3@P_=>_:MG
       0.050000            0.000000
       0.150000            0.000000
       0.250000            0.000000
       0.350000            0.000000
       0.450000            0.000000
       0.550000            0.000000
       0.650000            0.000000
       0.750000            0.000000
       0.850000            0.000000
       0.950000            0.000000
       1.050000            0.000000
       1.150000            0.000000
       1.250000            0.000000
       1.350000            0.000000
       1.450000            0.000000
       1.550000            0.000000
       1.650000            0.000000
       1.750000            0.000000
       1.850000            0.000000
       1.950000            0.000000
       2.050000            0.000000
       2.150000            0.000000
       2.250000            0.000000
       2.350000            0.000000
       2.450000            0.000000
       2.550000            0.000000
       2.650000            0.000000
       2.750000            0.000000
       2.850000            0.000000
       2.950000            0.000041
       3.050000            0.007645
       3.150000            0.219314
       3.250000            2.347052
       3.350000            8.037740
       3.450000            3.612806
       3.550000            0.173595
       3.650000            0.001734
       3.750000            0.000000
       3.850000            0.000000
       3.950000            0.000046
       4.050000            0.000396
       4.150000            0.004150
       4.250000            0.015110
       4.350000            0.043481
       4.450000            0.083480
       4.550000            0.126272
       4.650000            0.155395
       4.750000            0.162874
       4.850000            0.158315
       4.950000            0.154414
       5.050000            0.160576
       5.150000            0.167523
       5.250000            0.173226
       5.350000            0.177772
       5.450000            0.172026
       5.550000            0.158475
       5.650000            0.134775
       5.750000            0.107885
       5.850000            0.084490
       5.950000            0.071211
       6.050000            0.065267
       6.150000            0.064288
       6.250000            0.072506
       6.350000            0.081271
       6.450000            0.091996
       6.550000            0.102959
       6.650000            0.112744
       6.750000            0.125426
       6.850000            0.140126
       6.950000            0.152828
       7.050000            0.170714
       7.150000            0.190951
       7.250000            0.209107
       7.350000            0.225055
       7.450000            0.240696
       7.550000            0.249962
       7.650000            0.253032
       7.750000            0.250980
       7.850000            0.256625
       7.950000            0.263388
       8.050000            0.268785
       8.150000            0.266904
       8.250000            0.258808
       8.350000            0.243227
       8.450000            0.221754
       8.550000            0.195331
       8.650000            0.169629
       8.750000            0.148798
       8.850000            0.128570
       8.950000            0.116635
       9.050000            0.108941
       9.150000            0.107905
       9.250000            0.109745
       9.350000            0.105816
       9.450000            0.095253
       9.550000            0.083704
       9.650000            0.072352
       9.750000            0.064324
       9.850000            0.059698
       9.950000            0.057596
      10.050000            0.057553
      10.150000            0.055906
      10.250000            0.055724
      10.350000            0.054851
      10.450000            0.054901
      10.550000            0.055390
      10.650000            0.055118
      10.750000            0.055394
      10.850000            0.056166
      10.950000            0.054901
      11.050000            0.056026
      11.150000            0.055748
      11.250000            0.057243
      11.350000            0.057170
      11.450000            0.057365
      11.550000            0.058249
      11.650000            0.058663
      11.750000            0.060608
      11.850000            0.063361
      11.950000            0.067953
      12.050000            0.075950
      12.150000            0.083959
      12.250000            0.090534
      12.350000            0.095805
      12.450000            0.097480
      12.550000            0.099685
      12.650000            0.097648
      12.750000            0.099485
      12.850000            0.100383
      12.950000            0.101069
      13.050000            0.104058
      13.150000            0.104611
      13.250000            0.104249
      13.350000            0.103342
      13.450000            0.102771
      13.550000            0.100677
      13.650000            0.097903
      13.750000            0.095068
      13.850000            0.091436
      13.950000            0.089387
      14.050000            0.086073
      14.150000            0.082342
      14.250000            0.078199
      14.350000            0.073719
      14.450000            0.069047
      14.550000            0.064146
      14.650000            0.059844
      14.750000            0.056436
      14.850000            0.053801
      14.950000            0.051184
      15.050000            0.049832
      15.150000            0.048314
      15.250000            0.048148
      15.350000            0.047315
      15.450000            0.047864
      15.550000            0.047228
      15.650000            0.047529
      15.750000            0.047662
      15.850000            0.047836
      15.950000            0.048795
      16.050000            0.048458
      16.150000            0.049379
      16.250000            0.050194
      16.350000            0.050284
      16.450000            0.051281
      16.550000            0.053199
      16.650000            0.054526
      16.750000            0.057699
      16.850000            0.061399
      16.950000            0.065236
      17.050000            0.069582
      17.150000            0.073181
      17.250000            0.075868
      17.350000            0.078282
      17.450000            0.079665
      17.550000            0.080014
      17.650000            0.079524
      17.750000            0.079540
      17.850000            0.078880
      17.950000            0.078037
      18.050000            0.077614
      18.150000            0.077396
      18.250000            0.078031
      18.350000            0.078093
      18.450000            0.079289
      18.550000            0.081039
      18.650000            0.082417
      18.750000            0.084494
      18.850000            0.087317
      18.950000            0.088993
      19.050000            0.090225
      19.150000            0.090619
      19.250000            0.089788
      19.350000            0.088594
      19.450000            0.086068
      19.550000            0.082595
      19.650000            0.079380
      19.750000            0.076311
      19.850000            0.073551
      19.950000            0.070644
      20.050000            0.067772
      20.150000            0.065345
      20.250000            0.062895
      20.350000            0.061241
      20.450000            0.059356
      20.550000            0.058089
      20.650000            0.056420
      20.750000            0.055543
      20.850000            0.053810
      20.950000            0.053174
      21.050000            0.052644
      21.150000            0.051695
      21.250000            0.050958
      21.350000            0.050301
      21.450000            0.049743
      21.550000            0.049085
      21.650000            0.047686
      21.750000            0.046819
      21.850000            0.045919
      21.950000            0.044645
      22.050000            0.043862
      22.150000            0.042787
      22.250000            0.042035
      22.350000            0.041177
      22.450000            0.040885
      22.550000            0.040039
      22.650000            0.039604
      22.750000            0.039012
      22.850000            0.038468
      22.950000            0.038462
      23.050000            0.038016
      23.150000            0.037648
      23.250000            0.037772
      23.350000            0.037310
      23.450000            0.036996
      23.550000            0.036995
      23.650000            0.037248
      23.750000            0.036614
      23.850000            0.036602
      23.950000            0.036757
      24.050000            0.036441
      24.150000            0.036586
      24.250000            0.036407
      24.350000            0.036093
      24.450000            0.035899
      24.550000            0.035468
      24.650000            0.035236
      24.750000            0.035012
      24.850000            0.034618
      24.950000            0.033946
      25.050000            0.033621
      25.150000            0.033257
      25.250000            0.033192
      25.350000            0.032402
      25.450000            0.031880
      25.550000            0.031482
      25.650000            0.031222
      25.750000            0.030931
      25.850000            0.030846
      25.950000            0.030302
      26.050000            0.030140
      26.150000            0.030341
      26.250000            0.029864
      26.350000            0.029839
      26.450000            0.029838
      26.550000            0.029546
      26.650000            0.029306
      26.750000            0.029236
      26.850000            0.029436
      26.950000            0.029531
      27.050000            0.029160
      27.150000            0.029199
      27.250000            0.029157
      27.350000            0.028948
      27.450000            0.028924
      27.550000            0.028818
      27.650000            0.029223
      27.750000            0.029087
      27.850000            0.029060
      27.950000            0.028891
      28.050000            0.029162
      28.150000            0.029005
      28.250000            0.028834
      28.350000            0.028984
      28.450000            0.028849
      28.550000            0.028752
      28.650000            0.028651
      28.750000            0.028688
      28.850000            0.028538
      28.950000            0.028748
      29.050000            0.028622
      29.150000            0.028567
      29.250000            0.028639
      29.350000            0.028766
      29.450000            0.028621
      29.550000            0.028641
      29.650000            0.028629
      29.750000            0.028362
      29.850000            0.028584
      29.950000            0.028621
