#Distance_(Ang) :1-10@N1_=>_:MG
       0.050000        0.000000
       0.150000        0.000000
       0.250000        0.000000
       0.350000        0.000000
       0.450000        0.000000
       0.550000        0.000000
       0.650000        0.000000
       0.750000        0.000000
       0.850000        0.000000
       0.950000        0.000000
       1.050000        0.000000
       1.150000        0.000000
       1.250000        0.000000
       1.350000        0.000000
       1.450000        0.000000
       1.550000        0.000000
       1.650000        0.000000
       1.750000        0.000000
       1.850000        0.000000
       1.950000        0.000000
       2.050000        0.000000
       2.150000        0.000000
       2.250000        0.000000
       2.350000        0.000000
       2.450000        0.000000
       2.550000        0.000000
       2.650000        0.000000
       2.750000        0.000000
       2.850000        0.000000
       2.950000        0.000000
       3.050000        0.000000
       3.150000        0.000000
       3.250000        0.000000
       3.350000        0.000000
       3.450000        0.000000
       3.550000        0.000021
       3.650000        0.000039
       3.750000        0.000597
       3.850000        0.001681
       3.950000        0.004404
       4.050000        0.010154
       4.150000        0.016448
       4.250000        0.023713
       4.350000        0.029053
       4.450000        0.029603
       4.550000        0.028683
       4.650000        0.025025
       4.750000        0.021192
       4.850000        0.017707
       4.950000        0.015554
       5.050000        0.015036
       5.150000        0.016327
       5.250000        0.016691
       5.350000        0.017970
       5.450000        0.020293
       5.550000        0.021927
       5.650000        0.023113
       5.750000        0.025751
       5.850000        0.027722
       5.950000        0.029658
       6.050000        0.031315
       6.150000        0.032594
       6.250000        0.034843
       6.350000        0.036544
       6.450000        0.037248
       6.550000        0.039128
       6.650000        0.039045
       6.750000        0.038991
       6.850000        0.039951
       6.950000        0.040173
       7.050000        0.041078
       7.150000        0.039881
       7.250000        0.041044
       7.350000        0.041828
       7.450000        0.043638
       7.550000        0.044381
       7.650000        0.045344
       7.750000        0.045788
       7.850000        0.045787
       7.950000        0.045344
       8.050000        0.046357
       8.150000        0.046127
       8.250000        0.046638
       8.350000        0.046965
       8.450000        0.049585
       8.550000        0.050121
       8.650000        0.050719
       8.750000        0.053194
       8.850000        0.055344
       8.950000        0.057104
       9.050000        0.059362
       9.150000        0.063081
       9.250000        0.067234
       9.350000        0.071795
       9.450000        0.077985
       9.550000        0.084496
       9.650000        0.092632
       9.750000        0.100432
       9.850000        0.110133
       9.950000        0.120661
      10.050000        0.129644
      10.150000        0.139162
      10.250000        0.148948
      10.350000        0.158963
      10.450000        0.168671
      10.550000        0.177552
      10.650000        0.184318
      10.750000        0.188520
      10.850000        0.187209
      10.950000        0.182897
      11.050000        0.176182
      11.150000        0.166259
      11.250000        0.156913
      11.350000        0.146567
      11.450000        0.138490
      11.550000        0.131854
      11.650000        0.125283
      11.750000        0.120245
      11.850000        0.116550
      11.950000        0.113746
      12.050000        0.113808
      12.150000        0.117403
      12.250000        0.126006
      12.350000        0.136271
      12.450000        0.144107
      12.550000        0.144914
      12.650000        0.138229
      12.750000        0.120928
      12.850000        0.102352
      12.950000        0.087935
      13.050000        0.080334
      13.150000        0.076449
      13.250000        0.074545
      13.350000        0.073553
      13.450000        0.072927
      13.550000        0.071886
      13.650000        0.071904
      13.750000        0.071585
      13.850000        0.072141
      13.950000        0.072688
      14.050000        0.072385
      14.150000        0.073638
      14.250000        0.074122
      14.350000        0.074681
      14.450000        0.076025
      14.550000        0.076672
      14.650000        0.077723
      14.750000        0.078934
      14.850000        0.080540
      14.950000        0.081866
      15.050000        0.083670
      15.150000        0.084466
      15.250000        0.085436
      15.350000        0.085969
      15.450000        0.086010
      15.550000        0.084575
      15.650000        0.083010
      15.750000        0.080013
      15.850000        0.077216
      15.950000        0.073788
      16.050000        0.070347
      16.150000        0.067802
      16.250000        0.064846
      16.350000        0.062391
      16.450000        0.059506
      16.550000        0.058333
      16.650000        0.056834
      16.750000        0.055266
      16.850000        0.054467
      16.950000        0.053552
      17.050000        0.053064
      17.150000        0.052726
      17.250000        0.052202
      17.350000        0.052721
      17.450000        0.052264
      17.550000        0.052481
      17.650000        0.052488
      17.750000        0.052964
      17.850000        0.053165
      17.950000        0.053355
      18.050000        0.053969
      18.150000        0.053963
      18.250000        0.054637
      18.350000        0.055662
      18.450000        0.056160
      18.550000        0.057054
      18.650000        0.056890
      18.750000        0.057823
      18.850000        0.058359
      18.950000        0.058131
      19.050000        0.058460
      19.150000        0.058335
      19.250000        0.057698
      19.350000        0.057353
      19.450000        0.056484
      19.550000        0.055771
      19.650000        0.054763
      19.750000        0.053938
      19.850000        0.053152
      19.950000        0.051911
      20.050000        0.050420
      20.150000        0.049642
      20.250000        0.048634
      20.350000        0.047841
      20.450000        0.046805
      20.550000        0.046325
      20.650000        0.045613
      20.750000        0.044716
      20.850000        0.044439
      20.950000        0.043985
      21.050000        0.044125
      21.150000        0.043225
      21.250000        0.043275
      21.350000        0.043134
      21.450000        0.042998
      21.550000        0.042997
      21.650000        0.043160
      21.750000        0.042911
      21.850000        0.043483
      21.950000        0.043098
      22.050000        0.043737
      22.150000        0.043627
      22.250000        0.043645
      22.350000        0.043483
      22.450000        0.043928
      22.550000        0.043819
      22.650000        0.044018
      22.750000        0.043783
      22.850000        0.043995
      22.950000        0.043567
      23.050000        0.043178
      23.150000        0.043346
      23.250000        0.042892
      23.350000        0.042587
      23.450000        0.042302
      23.550000        0.041779
      23.650000        0.041279
      23.750000        0.040928
      23.850000        0.040780
      23.950000        0.040100
      24.050000        0.040115
      24.150000        0.039437
      24.250000        0.039303
      24.350000        0.038940
      24.450000        0.038897
      24.550000        0.038546
      24.650000        0.038455
      24.750000        0.038112
      24.850000        0.038405
      24.950000        0.038179
      25.050000        0.038081
      25.150000        0.038047
      25.250000        0.038068
      25.350000        0.038011
      25.450000        0.037945
      25.550000        0.038029
      25.650000        0.037871
      25.750000        0.038054
      25.850000        0.038180
      25.950000        0.038132
      26.050000        0.037717
      26.150000        0.038052
      26.250000        0.037957
      26.350000        0.038052
      26.450000        0.037861
      26.550000        0.037714
      26.650000        0.037562
      26.750000        0.037355
      26.850000        0.037350
      26.950000        0.037013
      27.050000        0.037026
      27.150000        0.037006
      27.250000        0.036798
      27.350000        0.036388
      27.450000        0.036437
      27.550000        0.036141
      27.650000        0.035936
      27.750000        0.035923
      27.850000        0.035717
      27.950000        0.035640
      28.050000        0.035829
      28.150000        0.035478
      28.250000        0.035430
      28.350000        0.035256
      28.450000        0.035208
      28.550000        0.035098
      28.650000        0.035190
      28.750000        0.034945
      28.850000        0.035075
      28.950000        0.034788
      29.050000        0.034634
      29.150000        0.034874
      29.250000        0.034640
      29.350000        0.034514
      29.450000        0.034524
      29.550000        0.034515
      29.650000        0.034306
      29.750000        0.034392
      29.850000        0.034368
      29.950000        0.034191
