#Distance_(Ang) :A,A3,U,U3@P_=>_:MG
       0.050000            0.000000
       0.150000            0.000000
       0.250000            0.000000
       0.350000            0.000000
       0.450000            0.000000
       0.550000            0.000000
       0.650000            0.000000
       0.750000            0.000000
       0.850000            0.000000
       0.950000            0.000000
       1.050000            0.000000
       1.150000            0.000000
       1.250000            0.000000
       1.350000            0.000000
       1.450000            0.000000
       1.550000            0.000000
       1.650000            0.000000
       1.750000            0.000000
       1.850000            0.000000
       1.950000            0.000000
       2.050000            0.000000
       2.150000            0.000000
       2.250000            0.000000
       2.350000            0.000000
       2.450000            0.000000
       2.550000            0.000000
       2.650000            0.000000
       2.750000            0.000000
       2.850000            0.000000
       2.950000            0.000000
       3.050000            0.000000
       3.150000            0.000000
       3.250000            0.000000
       3.350000            0.000000
       3.450000            0.000000
       3.550000            0.000000
       3.650000            0.000000
       3.750000            0.000000
       3.850000            0.000018
       3.950000            0.000274
       4.050000            0.003661
       4.150000            0.028542
       4.250000            0.122110
       4.350000            0.299194
       4.450000            0.491209
       4.550000            0.634209
       4.650000            0.664035
       4.750000            0.576274
       4.850000            0.494907
       4.950000            0.484644
       5.050000            0.498226
       5.150000            0.520189
       5.250000            0.520856
       5.350000            0.503022
       5.450000            0.471740
       5.550000            0.412164
       5.650000            0.345588
       5.750000            0.260132
       5.850000            0.183152
       5.950000            0.116645
       6.050000            0.074900
       6.150000            0.056567
       6.250000            0.051867
       6.350000            0.056375
       6.450000            0.064795
       6.550000            0.077997
       6.650000            0.093870
       6.750000            0.114731
       6.850000            0.137580
       6.950000            0.165926
       7.050000            0.196303
       7.150000            0.226943
       7.250000            0.254535
       7.350000            0.276422
       7.450000            0.295381
       7.550000            0.301813
       7.650000            0.298580
       7.750000            0.285561
       7.850000            0.263036
       7.950000            0.233169
       8.050000            0.203189
       8.150000            0.182082
       8.250000            0.163015
       8.350000            0.152982
       8.450000            0.149865
       8.550000            0.154171
       8.650000            0.161983
       8.750000            0.170174
       8.850000            0.178112
       8.950000            0.182667
       9.050000            0.188154
       9.150000            0.190292
       9.250000            0.189706
       9.350000            0.185856
       9.450000            0.181319
       9.550000            0.174039
       9.650000            0.167510
       9.750000            0.158617
       9.850000            0.153050
       9.950000            0.147965
      10.050000            0.144237
      10.150000            0.140189
      10.250000            0.136692
      10.350000            0.132601
      10.450000            0.127832
      10.550000            0.123272
      10.650000            0.117182
      10.750000            0.111476
      10.850000            0.105183
      10.950000            0.100497
      11.050000            0.095447
      11.150000            0.091390
      11.250000            0.086970
      11.350000            0.084320
      11.450000            0.081827
      11.550000            0.079980
      11.650000            0.078206
      11.750000            0.078058
      11.850000            0.076440
      11.950000            0.076078
      12.050000            0.074870
      12.150000            0.074610
      12.250000            0.074283
      12.350000            0.072834
      12.450000            0.073475
      12.550000            0.072007
      12.650000            0.071911
      12.750000            0.071094
      12.850000            0.070860
      12.950000            0.070621
      13.050000            0.070450
      13.150000            0.071053
      13.250000            0.070937
      13.350000            0.071460
      13.450000            0.071245
      13.550000            0.071645
      13.650000            0.071713
      13.750000            0.072426
      13.850000            0.073358
      13.950000            0.072565
      14.050000            0.072881
      14.150000            0.073258
      14.250000            0.073749
      14.350000            0.073282
      14.450000            0.073332
      14.550000            0.073337
      14.650000            0.072796
      14.750000            0.072516
      14.850000            0.072140
      14.950000            0.071162
      15.050000            0.071230
      15.150000            0.071536
      15.250000            0.071213
      15.350000            0.071419
      15.450000            0.070591
      15.550000            0.071051
      15.650000            0.070267
      15.750000            0.069786
      15.850000            0.070029
      15.950000            0.069400
      16.050000            0.068755
      16.150000            0.068507
      16.250000            0.068526
      16.350000            0.067292
      16.450000            0.066996
      16.550000            0.066883
      16.650000            0.065912
      16.750000            0.066004
      16.850000            0.065479
      16.950000            0.065051
      17.050000            0.064328
      17.150000            0.063306
      17.250000            0.063138
      17.350000            0.062937
      17.450000            0.061910
      17.550000            0.061542
      17.650000            0.061266
      17.750000            0.060374
      17.850000            0.059672
      17.950000            0.059189
      18.050000            0.058405
      18.150000            0.057316
      18.250000            0.056814
      18.350000            0.056500
      18.450000            0.055276
      18.550000            0.054782
      18.650000            0.054297
      18.750000            0.053849
      18.850000            0.053062
      18.950000            0.051982
      19.050000            0.052171
      19.150000            0.051068
      19.250000            0.050796
      19.350000            0.050342
      19.450000            0.049431
      19.550000            0.049292
      19.650000            0.048511
      19.750000            0.048279
      19.850000            0.047770
      19.950000            0.047191
      20.050000            0.046858
      20.150000            0.046439
      20.250000            0.046217
      20.350000            0.045616
      20.450000            0.045564
      20.550000            0.044722
      20.650000            0.044730
      20.750000            0.044017
      20.850000            0.043644
      20.950000            0.043611
      21.050000            0.042772
      21.150000            0.043012
      21.250000            0.042707
      21.350000            0.042387
      21.450000            0.041883
      21.550000            0.041557
      21.650000            0.041171
      21.750000            0.040884
      21.850000            0.040738
      21.950000            0.040374
      22.050000            0.040472
      22.150000            0.040027
      22.250000            0.039697
      22.350000            0.039453
      22.450000            0.038999
      22.550000            0.039066
      22.650000            0.038867
      22.750000            0.038209
      22.850000            0.038499
      22.950000            0.038090
      23.050000            0.037921
      23.150000            0.037788
      23.250000            0.037525
      23.350000            0.037042
      23.450000            0.036938
      23.550000            0.036910
      23.650000            0.036406
      23.750000            0.036157
      23.850000            0.036302
      23.950000            0.036040
      24.050000            0.035731
      24.150000            0.035590
      24.250000            0.035245
      24.350000            0.035130
      24.450000            0.034839
      24.550000            0.034858
      24.650000            0.034745
      24.750000            0.034522
      24.850000            0.034483
      24.950000            0.034593
      25.050000            0.034209
      25.150000            0.034235
      25.250000            0.034030
      25.350000            0.034100
      25.450000            0.034235
      25.550000            0.034171
      25.650000            0.033921
      25.750000            0.034021
      25.850000            0.033697
      25.950000            0.033577
      26.050000            0.033573
      26.150000            0.033576
      26.250000            0.033483
      26.350000            0.033381
      26.450000            0.033403
      26.550000            0.033120
      26.650000            0.033105
      26.750000            0.032942
      26.850000            0.032905
      26.950000            0.032968
      27.050000            0.033038
      27.150000            0.032841
      27.250000            0.032524
      27.350000            0.032623
      27.450000            0.032520
      27.550000            0.032537
      27.650000            0.032459
      27.750000            0.032554
      27.850000            0.032505
      27.950000            0.032237
      28.050000            0.032278
      28.150000            0.032330
      28.250000            0.032220
      28.350000            0.032432
      28.450000            0.032204
      28.550000            0.032296
      28.650000            0.032148
      28.750000            0.032231
      28.850000            0.032150
      28.950000            0.032060
      29.050000            0.032193
      29.150000            0.032171
      29.250000            0.032005
      29.350000            0.031719
      29.450000            0.031873
      29.550000            0.031742
      29.650000            0.031691
      29.750000            0.031602
      29.850000            0.031692
      29.950000            0.031753
