#Distance_(Ang) :1-10@O2_=>_:MG
       0.050000        0.000000
       0.150000        0.000000
       0.250000        0.000000
       0.350000        0.000000
       0.450000        0.000000
       0.550000        0.000000
       0.650000        0.000000
       0.750000        0.000000
       0.850000        0.000000
       0.950000        0.000000
       1.050000        0.000000
       1.150000        0.000000
       1.250000        0.000000
       1.350000        0.000000
       1.450000        0.000000
       1.550000        0.000000
       1.650000        0.000000
       1.750000        0.000000
       1.850000        0.000000
       1.950000        0.000000
       2.050000        0.000000
       2.150000        0.000000
       2.250000        0.000000
       2.350000        0.000000
       2.450000        0.000000
       2.550000        0.000000
       2.650000        0.000000
       2.750000        0.000000
       2.850000        0.000000
       2.950000        0.000000
       3.050000        0.000000
       3.150000        0.000000
       3.250000        0.000062
       3.350000        0.000753
       3.450000        0.002730
       3.550000        0.006961
       3.650000        0.015950
       3.750000        0.026432
       3.850000        0.037878
       3.950000        0.049479
       4.050000        0.053959
       4.150000        0.061427
       4.250000        0.059974
       4.350000        0.056424
       4.450000        0.048174
       4.550000        0.040932
       4.650000        0.035854
       4.750000        0.029810
       4.850000        0.023538
       4.950000        0.021986
       5.050000        0.020360
       5.150000        0.019160
       5.250000        0.021502
       5.350000        0.021819
       5.450000        0.023126
       5.550000        0.023228
       5.650000        0.025406
       5.750000        0.026397
       5.850000        0.028028
       5.950000        0.028580
       6.050000        0.032313
       6.150000        0.034088
       6.250000        0.036616
       6.350000        0.039566
       6.450000        0.042457
       6.550000        0.044154
       6.650000        0.046863
       6.750000        0.048879
       6.850000        0.051631
       6.950000        0.052416
       7.050000        0.056653
       7.150000        0.059364
       7.250000        0.061347
       7.350000        0.067244
       7.450000        0.076609
       7.550000        0.081331
       7.650000        0.092266
       7.750000        0.104723
       7.850000        0.120179
       7.950000        0.135632
       8.050000        0.151988
       8.150000        0.171195
       8.250000        0.188543
       8.350000        0.207328
       8.450000        0.227442
       8.550000        0.255622
       8.650000        0.282047
       8.750000        0.307789
       8.850000        0.331822
       8.950000        0.339319
       9.050000        0.337836
       9.150000        0.314549
       9.250000        0.285243
       9.350000        0.249276
       9.450000        0.220968
       9.550000        0.201664
       9.650000        0.188358
       9.750000        0.176727
       9.850000        0.171027
       9.950000        0.160623
      10.050000        0.151336
      10.150000        0.141430
      10.250000        0.129128
      10.350000        0.118079
      10.450000        0.111622
      10.550000        0.105698
      10.650000        0.101121
      10.750000        0.096549
      10.850000        0.098460
      10.950000        0.097753
      11.050000        0.097562
      11.150000        0.101282
      11.250000        0.106884
      11.350000        0.110709
      11.450000        0.116080
      11.550000        0.122005
      11.650000        0.129931
      11.750000        0.137525
      11.850000        0.145362
      11.950000        0.150421
      12.050000        0.157342
      12.150000        0.163228
      12.250000        0.168984
      12.350000        0.174273
      12.450000        0.180281
      12.550000        0.185787
      12.650000        0.190716
      12.750000        0.196031
      12.850000        0.201575
      12.950000        0.204659
      13.050000        0.206793
      13.150000        0.208906
      13.250000        0.207586
      13.350000        0.205658
      13.450000        0.202374
      13.550000        0.196832
      13.650000        0.193282
      13.750000        0.186445
      13.850000        0.182353
      13.950000        0.176028
      14.050000        0.168577
      14.150000        0.162678
      14.250000        0.153976
      14.350000        0.145472
      14.450000        0.135184
      14.550000        0.126742
      14.650000        0.119125
      14.750000        0.112285
      14.850000        0.106401
      14.950000        0.101110
      15.050000        0.096615
      15.150000        0.093662
      15.250000        0.090411
      15.350000        0.088319
      15.450000        0.085434
      15.550000        0.082595
      15.650000        0.080619
      15.750000        0.077906
      15.850000        0.075441
      15.950000        0.071666
      16.050000        0.068969
      16.150000        0.065990
      16.250000        0.063177
      16.350000        0.062127
      16.450000        0.059671
      16.550000        0.058238
      16.650000        0.056769
      16.750000        0.055250
      16.850000        0.054496
      16.950000        0.053723
      17.050000        0.051832
      17.150000        0.050978
      17.250000        0.049879
      17.350000        0.048885
      17.450000        0.048288
      17.550000        0.046912
      17.650000        0.046100
      17.750000        0.046502
      17.850000        0.045516
      17.950000        0.045123
      18.050000        0.044858
      18.150000        0.043657
      18.250000        0.043835
      18.350000        0.043833
      18.450000        0.043237
      18.550000        0.043177
      18.650000        0.042722
      18.750000        0.042682
      18.850000        0.042353
      18.950000        0.041990
      19.050000        0.042027
      19.150000        0.041786
      19.250000        0.041326
      19.350000        0.041362
      19.450000        0.040764
      19.550000        0.039993
      19.650000        0.039732
      19.750000        0.039114
      19.850000        0.038351
      19.950000        0.038051
      20.050000        0.037516
      20.150000        0.036859
      20.250000        0.036472
      20.350000        0.036052
      20.450000        0.035424
      20.550000        0.034883
      20.650000        0.034468
      20.750000        0.033873
      20.850000        0.033517
      20.950000        0.033723
      21.050000        0.033179
      21.150000        0.033262
      21.250000        0.032994
      21.350000        0.032338
      21.450000        0.032257
      21.550000        0.032378
      21.650000        0.032393
      21.750000        0.032236
      21.850000        0.032134
      21.950000        0.031889
      22.050000        0.031854
      22.150000        0.031808
      22.250000        0.031969
      22.350000        0.031863
      22.450000        0.031882
      22.550000        0.031712
      22.650000        0.031519
      22.750000        0.031760
      22.850000        0.031690
      22.950000        0.031785
      23.050000        0.031719
      23.150000        0.031586
      23.250000        0.031547
      23.350000        0.031877
      23.450000        0.031094
      23.550000        0.031090
      23.650000        0.030998
      23.750000        0.031730
      23.850000        0.031296
      23.950000        0.031463
      24.050000        0.031495
      24.150000        0.031303
      24.250000        0.031271
      24.350000        0.031053
      24.450000        0.031214
      24.550000        0.030929
      24.650000        0.031249
      24.750000        0.031170
      24.850000        0.030964
      24.950000        0.031236
      25.050000        0.031015
      25.150000        0.031002
      25.250000        0.031040
      25.350000        0.031039
      25.450000        0.031041
      25.550000        0.031485
      25.650000        0.031066
      25.750000        0.031092
      25.850000        0.031474
      25.950000        0.031278
      26.050000        0.031426
      26.150000        0.031509
      26.250000        0.031711
      26.350000        0.031548
      26.450000        0.031938
      26.550000        0.031775
      26.650000        0.031757
      26.750000        0.031487
      26.850000        0.031830
      26.950000        0.032078
      27.050000        0.032199
      27.150000        0.032320
      27.250000        0.032268
      27.350000        0.032337
      27.450000        0.032359
      27.550000        0.032176
      27.650000        0.032176
      27.750000        0.032362
      27.850000        0.032274
      27.950000        0.032012
      28.050000        0.032917
      28.150000        0.032590
      28.250000        0.032762
      28.350000        0.032997
      28.450000        0.032638
      28.550000        0.032914
      28.650000        0.032708
      28.750000        0.032723
      28.850000        0.032712
      28.950000        0.032647
      29.050000        0.032777
      29.150000        0.032934
      29.250000        0.032530
      29.350000        0.032461
      29.450000        0.032214
      29.550000        0.031813
      29.650000        0.031986
      29.750000        0.031884
      29.850000        0.031693
      29.950000        0.031238
