#Distance_(Ang) :G,G3@P_=>_:MG
       0.050000       0.000000
       0.150000       0.000000
       0.250000       0.000000
       0.350000       0.000000
       0.450000       0.000000
       0.550000       0.000000
       0.650000       0.000000
       0.750000       0.000000
       0.850000       0.000000
       0.950000       0.000000
       1.050000       0.000000
       1.150000       0.000000
       1.250000       0.000000
       1.350000       0.000000
       1.450000       0.000000
       1.550000       0.000000
       1.650000       0.000000
       1.750000       0.000000
       1.850000       0.000000
       1.950000       0.000000
       2.050000       0.000000
       2.150000       0.000000
       2.250000       0.000000
       2.350000       0.000000
       2.450000       0.000000
       2.550000       0.000000
       2.650000       0.000000
       2.750000       0.000000
       2.850000       0.000000
       2.950000       0.000092
       3.050000       0.003138
       3.150000       0.095215
       3.250000       0.933302
       3.350000       2.648832
       3.450000       1.043666
       3.550000       0.045176
       3.650000       0.000603
       3.750000       0.000000
       3.850000       0.000000
       3.950000       0.000257
       4.050000       0.003233
       4.150000       0.016918
       4.250000       0.067460
       4.350000       0.183913
       4.450000       0.367141
       4.550000       0.545244
       4.650000       0.570386
       4.750000       0.480724
       4.850000       0.400981
       4.950000       0.381622
       5.050000       0.395410
       5.150000       0.420169
       5.250000       0.433620
       5.350000       0.440382
       5.450000       0.429221
       5.550000       0.398009
       5.650000       0.342065
       5.750000       0.266848
       5.850000       0.193736
       5.950000       0.140703
       6.050000       0.115501
       6.150000       0.107435
       6.250000       0.113547
       6.350000       0.119517
       6.450000       0.124137
       6.550000       0.126013
       6.650000       0.130245
       6.750000       0.137377
       6.850000       0.147219
       6.950000       0.162064
       7.050000       0.181444
       7.150000       0.201429
       7.250000       0.220148
       7.350000       0.240195
       7.450000       0.258548
       7.550000       0.271299
       7.650000       0.269675
       7.750000       0.262440
       7.850000       0.252280
       7.950000       0.232490
       8.050000       0.212955
       8.150000       0.191912
       8.250000       0.169451
       8.350000       0.151213
       8.450000       0.136575
       8.550000       0.128831
       8.650000       0.122097
       8.750000       0.118906
       8.850000       0.116514
       8.950000       0.116135
       9.050000       0.115943
       9.150000       0.117194
       9.250000       0.117601
       9.350000       0.119008
       9.450000       0.120026
       9.550000       0.120286
       9.650000       0.119373
       9.750000       0.119628
       9.850000       0.119052
       9.950000       0.119582
      10.050000       0.118717
      10.150000       0.116813
      10.250000       0.116686
      10.350000       0.115980
      10.450000       0.113121
      10.550000       0.112409
      10.650000       0.110431
      10.750000       0.107329
      10.850000       0.104072
      10.950000       0.099754
      11.050000       0.098569
      11.150000       0.094331
      11.250000       0.091970
      11.350000       0.090142
      11.450000       0.089002
      11.550000       0.087702
      11.650000       0.087614
      11.750000       0.087702
      11.850000       0.090569
      11.950000       0.090974
      12.050000       0.092580
      12.150000       0.094591
      12.250000       0.095562
      12.350000       0.095327
      12.450000       0.096010
      12.550000       0.096103
      12.650000       0.094011
      12.750000       0.091382
      12.850000       0.089422
      12.950000       0.085201
      13.050000       0.081761
      13.150000       0.077484
      13.250000       0.074156
      13.350000       0.071400
      13.450000       0.068089
      13.550000       0.066970
      13.650000       0.065297
      13.750000       0.063176
      13.850000       0.061999
      13.950000       0.060912
      14.050000       0.060561
      14.150000       0.059150
      14.250000       0.057869
      14.350000       0.056878
      14.450000       0.056146
      14.550000       0.055266
      14.650000       0.054609
      14.750000       0.054118
      14.850000       0.053703
      14.950000       0.053525
      15.050000       0.053453
      15.150000       0.053536
      15.250000       0.053141
      15.350000       0.053642
      15.450000       0.053048
      15.550000       0.053800
      15.650000       0.053949
      15.750000       0.054564
      15.850000       0.054703
      15.950000       0.055393
      16.050000       0.055533
      16.150000       0.056389
      16.250000       0.055873
      16.350000       0.056235
      16.450000       0.056453
      16.550000       0.056607
      16.650000       0.056650
      16.750000       0.056190
      16.850000       0.056162
      16.950000       0.055331
      17.050000       0.055080
      17.150000       0.054681
      17.250000       0.054041
      17.350000       0.053585
      17.450000       0.052984
      17.550000       0.052171
      17.650000       0.051900
      17.750000       0.051812
      17.850000       0.051937
      17.950000       0.052076
      18.050000       0.051383
      18.150000       0.051653
      18.250000       0.051148
      18.350000       0.051265
      18.450000       0.050470
      18.550000       0.049619
      18.650000       0.048587
      18.750000       0.047697
      18.850000       0.046567
      18.950000       0.045989
      19.050000       0.045636
      19.150000       0.044702
      19.250000       0.044598
      19.350000       0.044006
      19.450000       0.043704
      19.550000       0.043505
      19.650000       0.043385
      19.750000       0.043407
      19.850000       0.043012
      19.950000       0.042929
      20.050000       0.042757
      20.150000       0.042746
      20.250000       0.042730
      20.350000       0.042467
      20.450000       0.042612
      20.550000       0.042180
      20.650000       0.042167
      20.750000       0.041765
      20.850000       0.041584
      20.950000       0.042160
      21.050000       0.041885
      21.150000       0.041750
      21.250000       0.041860
      21.350000       0.042355
      21.450000       0.041930
      21.550000       0.042222
      21.650000       0.041788
      21.750000       0.041901
      21.850000       0.041796
      21.950000       0.041643
      22.050000       0.041659
      22.150000       0.041620
      22.250000       0.041564
      22.350000       0.041455
      22.450000       0.041098
      22.550000       0.040827
      22.650000       0.040650
      22.750000       0.040103
      22.850000       0.039991
      22.950000       0.039653
      23.050000       0.039678
      23.150000       0.039360
      23.250000       0.039030
      23.350000       0.038667
      23.450000       0.038644
      23.550000       0.038194
      23.650000       0.038259
      23.750000       0.038209
      23.850000       0.038108
      23.950000       0.037892
      24.050000       0.037903
      24.150000       0.038114
      24.250000       0.037998
      24.350000       0.038261
      24.450000       0.038302
      24.550000       0.038170
      24.650000       0.038068
      24.750000       0.038261
      24.850000       0.037996
      24.950000       0.038350
      25.050000       0.037948
      25.150000       0.037919
      25.250000       0.037751
      25.350000       0.038040
      25.450000       0.037750
      25.550000       0.037408
      25.650000       0.037439
      25.750000       0.037545
      25.850000       0.037293
      25.950000       0.036949
      26.050000       0.037064
      26.150000       0.036680
      26.250000       0.036941
      26.350000       0.036695
      26.450000       0.036304
      26.550000       0.036610
      26.650000       0.036282
      26.750000       0.036130
      26.850000       0.035965
      26.950000       0.036047
      27.050000       0.035738
      27.150000       0.035559
      27.250000       0.035406
      27.350000       0.035162
      27.450000       0.035157
      27.550000       0.035218
      27.650000       0.035054
      27.750000       0.034796
      27.850000       0.034554
      27.950000       0.034752
      28.050000       0.034527
      28.150000       0.034321
      28.250000       0.034341
      28.350000       0.034042
      28.450000       0.034182
      28.550000       0.033736
      28.650000       0.033892
      28.750000       0.033624
      28.850000       0.033579
      28.950000       0.033512
      29.050000       0.033312
      29.150000       0.033378
      29.250000       0.033266
      29.350000       0.032936
      29.450000       0.033070
      29.550000       0.032686
      29.650000       0.032879
      29.750000       0.032849
      29.850000       0.032841
      29.950000       0.032860
