#Distance_(Ang) :1-10@N3_=>_:MG
       0.050000        0.000000
       0.150000        0.000000
       0.250000        0.000000
       0.350000        0.000000
       0.450000        0.000000
       0.550000        0.000000
       0.650000        0.000000
       0.750000        0.000000
       0.850000        0.000000
       0.950000        0.000000
       1.050000        0.000000
       1.150000        0.000000
       1.250000        0.000000
       1.350000        0.000000
       1.450000        0.000000
       1.550000        0.000000
       1.650000        0.000000
       1.750000        0.000000
       1.850000        0.000000
       1.950000        0.000000
       2.050000        0.000000
       2.150000        0.000000
       2.250000        0.000000
       2.350000        0.000000
       2.450000        0.000000
       2.550000        0.000000
       2.650000        0.000000
       2.750000        0.000032
       2.850000        0.000000
       2.950000        0.000138
       3.050000        0.001243
       3.150000        0.007382
       3.250000        0.034263
       3.350000        0.124719
       3.450000        0.303773
       3.550000        0.491972
       3.650000        0.563248
       3.750000        0.558849
       3.850000        0.551801
       3.950000        0.486597
       4.050000        0.303347
       4.150000        0.152021
       4.250000        0.107440
       4.350000        0.110656
       4.450000        0.114487
       4.550000        0.110791
       4.650000        0.096059
       4.750000        0.083535
       4.850000        0.072801
       4.950000        0.064560
       5.050000        0.063729
       5.150000        0.067056
       5.250000        0.076695
       5.350000        0.089842
       5.450000        0.108892
       5.550000        0.129262
       5.650000        0.143710
       5.750000        0.155131
       5.850000        0.161639
       5.950000        0.160553
       6.050000        0.154427
       6.150000        0.150102
       6.250000        0.145004
       6.350000        0.139553
       6.450000        0.134651
       6.550000        0.132396
       6.650000        0.129927
       6.750000        0.129691
       6.850000        0.125670
       6.950000        0.124295
       7.050000        0.125186
       7.150000        0.125654
       7.250000        0.127488
       7.350000        0.129931
       7.450000        0.131888
       7.550000        0.132920
       7.650000        0.131007
       7.750000        0.130706
       7.850000        0.130892
       7.950000        0.129023
       8.050000        0.128299
       8.150000        0.126756
       8.250000        0.126488
       8.350000        0.130450
       8.450000        0.135443
       8.550000        0.140735
       8.650000        0.145760
       8.750000        0.150310
       8.850000        0.151018
       8.950000        0.151344
       9.050000        0.149097
       9.150000        0.146363
       9.250000        0.144533
       9.350000        0.140447
       9.450000        0.136994
       9.550000        0.134763
       9.650000        0.131687
       9.750000        0.129806
       9.850000        0.127504
       9.950000        0.125558
      10.050000        0.124300
      10.150000        0.121998
      10.250000        0.120971
      10.350000        0.119572
      10.450000        0.119068
      10.550000        0.118998
      10.650000        0.117579
      10.750000        0.117259
      10.850000        0.117216
      10.950000        0.116652
      11.050000        0.117282
      11.150000        0.117343
      11.250000        0.117874
      11.350000        0.118148
      11.450000        0.118167
      11.550000        0.117029
      11.650000        0.117653
      11.750000        0.117345
      11.850000        0.115759
      11.950000        0.116095
      12.050000        0.116699
      12.150000        0.116931
      12.250000        0.117541
      12.350000        0.116430
      12.450000        0.118121
      12.550000        0.116878
      12.650000        0.116480
      12.750000        0.114205
      12.850000        0.113199
      12.950000        0.110779
      13.050000        0.107344
      13.150000        0.105025
      13.250000        0.102287
      13.350000        0.100301
      13.450000        0.098118
      13.550000        0.096859
      13.650000        0.095010
      13.750000        0.095174
      13.850000        0.094549
      13.950000        0.093865
      14.050000        0.094515
      14.150000        0.094569
      14.250000        0.094701
      14.350000        0.095116
      14.450000        0.094429
      14.550000        0.094494
      14.650000        0.094337
      14.750000        0.092483
      14.850000        0.091367
      14.950000        0.088626
      15.050000        0.087013
      15.150000        0.084179
      15.250000        0.081902
      15.350000        0.079872
      15.450000        0.077764
      15.550000        0.075166
      15.650000        0.073959
      15.750000        0.071791
      15.850000        0.070669
      15.950000        0.069460
      16.050000        0.069426
      16.150000        0.068521
      16.250000        0.068324
      16.350000        0.067998
      16.450000        0.068286
      16.550000        0.068253
      16.650000        0.067296
      16.750000        0.066675
      16.850000        0.065650
      16.950000        0.064638
      17.050000        0.063529
      17.150000        0.062155
      17.250000        0.060945
      17.350000        0.059854
      17.450000        0.058133
      17.550000        0.057839
      17.650000        0.056248
      17.750000        0.055445
      17.850000        0.053954
      17.950000        0.053735
      18.050000        0.052636
      18.150000        0.051878
      18.250000        0.051052
      18.350000        0.050447
      18.450000        0.050240
      18.550000        0.049572
      18.650000        0.049150
      18.750000        0.048307
      18.850000        0.048082
      18.950000        0.047822
      19.050000        0.047204
      19.150000        0.046957
      19.250000        0.046303
      19.350000        0.046171
      19.450000        0.046015
      19.550000        0.045642
      19.650000        0.045314
      19.750000        0.045351
      19.850000        0.045000
      19.950000        0.044893
      20.050000        0.044227
      20.150000        0.044258
      20.250000        0.044046
      20.350000        0.043447
      20.450000        0.043143
      20.550000        0.043054
      20.650000        0.042756
      20.750000        0.042319
      20.850000        0.042031
      20.950000        0.041977
      21.050000        0.041636
      21.150000        0.041202
      21.250000        0.040942
      21.350000        0.040780
      21.450000        0.040170
      21.550000        0.040196
      21.650000        0.040117
      21.750000        0.039934
      21.850000        0.039599
      21.950000        0.039818
      22.050000        0.039547
      22.150000        0.039417
      22.250000        0.039013
      22.350000        0.039182
      22.450000        0.038952
      22.550000        0.038535
      22.650000        0.038617
      22.750000        0.038468
      22.850000        0.038200
      22.950000        0.038010
      23.050000        0.037684
      23.150000        0.037469
      23.250000        0.037466
      23.350000        0.037000
      23.450000        0.036774
      23.550000        0.036604
      23.650000        0.036553
      23.750000        0.036392
      23.850000        0.036160
      23.950000        0.036269
      24.050000        0.036160
      24.150000        0.036029
      24.250000        0.035934
      24.350000        0.035771
      24.450000        0.035659
      24.550000        0.035480
      24.650000        0.035396
      24.750000        0.035380
      24.850000        0.035457
      24.950000        0.035032
      25.050000        0.034962
      25.150000        0.034990
      25.250000        0.034895
      25.350000        0.034932
      25.450000        0.034690
      25.550000        0.034310
      25.650000        0.034493
      25.750000        0.034456
      25.850000        0.034291
      25.950000        0.034318
      26.050000        0.034284
      26.150000        0.034230
      26.250000        0.033908
      26.350000        0.033900
      26.450000        0.033738
      26.550000        0.033711
      26.650000        0.033595
      26.750000        0.033510
      26.850000        0.033336
      26.950000        0.033209
      27.050000        0.033033
      27.150000        0.032925
      27.250000        0.032995
      27.350000        0.032778
      27.450000        0.032910
      27.550000        0.032536
      27.650000        0.032525
      27.750000        0.032539
      27.850000        0.032584
      27.950000        0.032413
      28.050000        0.032283
      28.150000        0.032139
      28.250000        0.031842
      28.350000        0.032047
      28.450000        0.031764
      28.550000        0.031897
      28.650000        0.031701
      28.750000        0.031642
      28.850000        0.031434
      28.950000        0.031526
      29.050000        0.031334
      29.150000        0.031200
      29.250000        0.031193
      29.350000        0.031256
      29.450000        0.031227
      29.550000        0.031314
      29.650000        0.031030
      29.750000        0.031034
      29.850000        0.030931
      29.950000        0.030844
