#Distance_(Ang) :1-10@O2_=>_:MG
       0.050000        0.000000
       0.150000        0.000000
       0.250000        0.000000
       0.350000        0.000000
       0.450000        0.000000
       0.550000        0.000000
       0.650000        0.000000
       0.750000        0.000000
       0.850000        0.000000
       0.950000        0.000000
       1.050000        0.000000
       1.150000        0.000000
       1.250000        0.000000
       1.350000        0.000000
       1.450000        0.000000
       1.550000        0.000000
       1.650000        0.000000
       1.750000        0.000000
       1.850000        0.215249
       1.950000        8.212208
       2.050000       11.963436
       2.150000        2.750639
       2.250000        0.258890
       2.350000        0.017276
       2.450000        0.000642
       2.550000        0.000222
       2.650000        0.000000
       2.750000        0.000000
       2.850000        0.000000
       2.950000        0.000000
       3.050000        0.000052
       3.150000        0.000631
       3.250000        0.001871
       3.350000        0.007815
       3.450000        0.025750
       3.550000        0.059575
       3.650000        0.112169
       3.750000        0.184947
       3.850000        0.256678
       3.950000        0.311982
       4.050000        0.329613
       4.150000        0.324665
       4.250000        0.296867
       4.350000        0.264734
       4.450000        0.224813
       4.550000        0.183383
       4.650000        0.144913
       4.750000        0.116769
       4.850000        0.094549
       4.950000        0.081405
       5.050000        0.069691
       5.150000        0.060106
       5.250000        0.058678
       5.350000        0.056942
       5.450000        0.060713
       5.550000        0.058717
       5.650000        0.060431
       5.750000        0.062225
       5.850000        0.066790
       5.950000        0.073371
       6.050000        0.077483
       6.150000        0.079851
       6.250000        0.085607
       6.350000        0.092601
       6.450000        0.093945
       6.550000        0.101399
       6.650000        0.102721
       6.750000        0.102778
       6.850000        0.105417
       6.950000        0.102764
       7.050000        0.100820
       7.150000        0.100508
       7.250000        0.099506
       7.350000        0.098021
       7.450000        0.098811
       7.550000        0.094909
       7.650000        0.093712
       7.750000        0.091309
       7.850000        0.089866
       7.950000        0.090410
       8.050000        0.087516
       8.150000        0.085730
       8.250000        0.084655
       8.350000        0.085439
       8.450000        0.083834
       8.550000        0.086038
       8.650000        0.084466
       8.750000        0.084793
       8.850000        0.085214
       8.950000        0.086948
       9.050000        0.087703
       9.150000        0.089526
       9.250000        0.088530
       9.350000        0.089519
       9.450000        0.093430
       9.550000        0.092313
       9.650000        0.093857
       9.750000        0.094654
       9.850000        0.096879
       9.950000        0.098714
      10.050000        0.099684
      10.150000        0.101378
      10.250000        0.102947
      10.350000        0.103297
      10.450000        0.104039
      10.550000        0.104843
      10.650000        0.105399
      10.750000        0.104544
      10.850000        0.106638
      10.950000        0.106150
      11.050000        0.106890
      11.150000        0.107051
      11.250000        0.107639
      11.350000        0.107595
      11.450000        0.107345
      11.550000        0.109013
      11.650000        0.107533
      11.750000        0.109571
      11.850000        0.109411
      11.950000        0.110213
      12.050000        0.109377
      12.150000        0.108590
      12.250000        0.107588
      12.350000        0.105904
      12.450000        0.104206
      12.550000        0.101937
      12.650000        0.099468
      12.750000        0.097060
      12.850000        0.095021
      12.950000        0.093453
      13.050000        0.091734
      13.150000        0.090372
      13.250000        0.090424
      13.350000        0.090221
      13.450000        0.088786
      13.550000        0.087520
      13.650000        0.087517
      13.750000        0.087080
      13.850000        0.085395
      13.950000        0.084849
      14.050000        0.083523
      14.150000        0.081776
      14.250000        0.080457
      14.350000        0.079796
      14.450000        0.077253
      14.550000        0.076916
      14.650000        0.076254
      14.750000        0.074678
      14.850000        0.073529
      14.950000        0.072972
      15.050000        0.072546
      15.150000        0.071677
      15.250000        0.070954
      15.350000        0.070619
      15.450000        0.070239
      15.550000        0.070022
      15.650000        0.070250
      15.750000        0.070423
      15.850000        0.070019
      15.950000        0.071758
      16.050000        0.072378
      16.150000        0.074267
      16.250000        0.076687
      16.350000        0.080314
      16.450000        0.083449
      16.550000        0.086899
      16.650000        0.089815
      16.750000        0.093098
      16.850000        0.095380
      16.950000        0.095108
      17.050000        0.094458
      17.150000        0.091097
      17.250000        0.087430
      17.350000        0.084038
      17.450000        0.079968
      17.550000        0.075865
      17.650000        0.072264
      17.750000        0.070251
      17.850000        0.067209
      17.950000        0.065543
      18.050000        0.062794
      18.150000        0.061716
      18.250000        0.060108
      18.350000        0.058984
      18.450000        0.057405
      18.550000        0.056801
      18.650000        0.056355
      18.750000        0.054998
      18.850000        0.053898
      18.950000        0.053434
      19.050000        0.053411
      19.150000        0.051788
      19.250000        0.051592
      19.350000        0.050763
      19.450000        0.050707
      19.550000        0.050652
      19.650000        0.049660
      19.750000        0.048557
      19.850000        0.048169
      19.950000        0.047473
      20.050000        0.046644
      20.150000        0.046092
      20.250000        0.045308
      20.350000        0.044823
      20.450000        0.044541
      20.550000        0.043749
      20.650000        0.043656
      20.750000        0.042987
      20.850000        0.042653
      20.950000        0.042483
      21.050000        0.041748
      21.150000        0.041743
      21.250000        0.041036
      21.350000        0.041199
      21.450000        0.040877
      21.550000        0.040744
      21.650000        0.040291
      21.750000        0.039945
      21.850000        0.039815
      21.950000        0.039424
      22.050000        0.039170
      22.150000        0.038796
      22.250000        0.038678
      22.350000        0.037922
      22.450000        0.037980
      22.550000        0.037581
      22.650000        0.037653
      22.750000        0.037399
      22.850000        0.037218
      22.950000        0.036777
      23.050000        0.036735
      23.150000        0.036551
      23.250000        0.036433
      23.350000        0.035934
      23.450000        0.035945
      23.550000        0.036018
      23.650000        0.035896
      23.750000        0.035821
      23.850000        0.035629
      23.950000        0.035141
      24.050000        0.035345
      24.150000        0.034794
      24.250000        0.034800
      24.350000        0.034829
      24.450000        0.034743
      24.550000        0.034826
      24.650000        0.034563
      24.750000        0.034314
      24.850000        0.034218
      24.950000        0.034241
      25.050000        0.034367
      25.150000        0.034402
      25.250000        0.033682
      25.350000        0.033850
      25.450000        0.033756
      25.550000        0.033967
      25.650000        0.033673
      25.750000        0.033469
      25.850000        0.033500
      25.950000        0.033357
      26.050000        0.033243
      26.150000        0.033648
      26.250000        0.033501
      26.350000        0.033075
      26.450000        0.033454
      26.550000        0.033466
      26.650000        0.033115
      26.750000        0.033390
      26.850000        0.033311
      26.950000        0.033049
      27.050000        0.033292
      27.150000        0.033166
      27.250000        0.033154
      27.350000        0.032921
      27.450000        0.032931
      27.550000        0.033224
      27.650000        0.033083
      27.750000        0.032848
      27.850000        0.033024
      27.950000        0.032623
      28.050000        0.032694
      28.150000        0.032456
      28.250000        0.032511
      28.350000        0.032609
      28.450000        0.032471
      28.550000        0.032468
      28.650000        0.032297
      28.750000        0.032136
      28.850000        0.032074
      28.950000        0.031919
      29.050000        0.031786
      29.150000        0.031913
      29.250000        0.031844
      29.350000        0.031794
      29.450000        0.031707
      29.550000        0.031739
      29.650000        0.031359
      29.750000        0.031432
      29.850000        0.031138
      29.950000        0.031179
