#Distance_(Ang) :1-10@N3_=>_:MG
       0.050000        0.000000
       0.150000        0.000000
       0.250000        0.000000
       0.350000        0.000000
       0.450000        0.000000
       0.550000        0.000000
       0.650000        0.000000
       0.750000        0.000000
       0.850000        0.000000
       0.950000        0.000000
       1.050000        0.000000
       1.150000        0.000000
       1.250000        0.000000
       1.350000        0.000000
       1.450000        0.000000
       1.550000        0.000000
       1.650000        0.000000
       1.750000        0.000000
       1.850000        0.000000
       1.950000        0.000000
       2.050000        0.000000
       2.150000        0.000000
       2.250000        0.000000
       2.350000        0.000000
       2.450000        0.000000
       2.550000        0.000000
       2.650000        0.000000
       2.750000        0.000000
       2.850000        0.000000
       2.950000        0.000000
       3.050000        0.000000
       3.150000        0.000000
       3.250000        0.000000
       3.350000        0.000000
       3.450000        0.000000
       3.550000        0.000000
       3.650000        0.000036
       3.750000        0.000034
       3.850000        0.000244
       3.950000        0.000695
       4.050000        0.001558
       4.150000        0.002659
       4.250000        0.004964
       4.350000        0.006547
       4.450000        0.008496
       4.550000        0.009698
       4.650000        0.009943
       4.750000        0.009903
       4.850000        0.009550
       4.950000        0.008666
       5.050000        0.008014
       5.150000        0.007497
       5.250000        0.006943
       5.350000        0.007090
       5.450000        0.007603
       5.550000        0.007175
       5.650000        0.007732
       5.750000        0.009076
       5.850000        0.010008
       5.950000        0.011138
       6.050000        0.013032
       6.150000        0.015830
       6.250000        0.020109
       6.350000        0.025046
       6.450000        0.031256
       6.550000        0.041405
       6.650000        0.054236
       6.750000        0.071009
       6.850000        0.092194
       6.950000        0.116521
       7.050000        0.148713
       7.150000        0.188269
       7.250000        0.229448
       7.350000        0.269805
       7.450000        0.305729
       7.550000        0.326229
       7.650000        0.324931
       7.750000        0.300408
       7.850000        0.273527
       7.950000        0.252000
       8.050000        0.239722
       8.150000        0.228661
       8.250000        0.222412
       8.350000        0.218530
       8.450000        0.211721
       8.550000        0.206234
       8.650000        0.196393
       8.750000        0.189075
       8.850000        0.181681
       8.950000        0.176109
       9.050000        0.172256
       9.150000        0.166246
       9.250000        0.160925
       9.350000        0.155684
       9.450000        0.150995
       9.550000        0.147199
       9.650000        0.142490
       9.750000        0.139323
       9.850000        0.137920
       9.950000        0.137209
      10.050000        0.135635
      10.150000        0.135137
      10.250000        0.134984
      10.350000        0.134467
      10.450000        0.133665
      10.550000        0.132096
      10.650000        0.131825
      10.750000        0.130195
      10.850000        0.129639
      10.950000        0.129316
      11.050000        0.127162
      11.150000        0.125434
      11.250000        0.123246
      11.350000        0.120465
      11.450000        0.116079
      11.550000        0.112925
      11.650000        0.108514
      11.750000        0.104717
      11.850000        0.102585
      11.950000        0.101474
      12.050000        0.100798
      12.150000        0.100161
      12.250000        0.100349
      12.350000        0.100600
      12.450000        0.100591
      12.550000        0.100128
      12.650000        0.099755
      12.750000        0.097200
      12.850000        0.095731
      12.950000        0.093645
      13.050000        0.091230
      13.150000        0.089029
      13.250000        0.087029
      13.350000        0.084941
      13.450000        0.083632
      13.550000        0.081648
      13.650000        0.081189
      13.750000        0.079681
      13.850000        0.079010
      13.950000        0.078284
      14.050000        0.076938
      14.150000        0.077173
      14.250000        0.076029
      14.350000        0.075531
      14.450000        0.074804
      14.550000        0.073838
      14.650000        0.072998
      14.750000        0.071760
      14.850000        0.071267
      14.950000        0.069894
      15.050000        0.068884
      15.150000        0.067626
      15.250000        0.066502
      15.350000        0.065166
      15.450000        0.064133
      15.550000        0.063351
      15.650000        0.063129
      15.750000        0.062445
      15.850000        0.062020
      15.950000        0.061507
      16.050000        0.060732
      16.150000        0.060914
      16.250000        0.060917
      16.350000        0.060512
      16.450000        0.059747
      16.550000        0.059809
      16.650000        0.059219
      16.750000        0.058664
      16.850000        0.058561
      16.950000        0.058771
      17.050000        0.058296
      17.150000        0.058463
      17.250000        0.058616
      17.350000        0.058003
      17.450000        0.057939
      17.550000        0.057585
      17.650000        0.057677
      17.750000        0.057234
      17.850000        0.056602
      17.950000        0.056361
      18.050000        0.055851
      18.150000        0.055524
      18.250000        0.054784
      18.350000        0.054643
      18.450000        0.053379
      18.550000        0.053175
      18.650000        0.052126
      18.750000        0.051382
      18.850000        0.050951
      18.950000        0.050510
      19.050000        0.050011
      19.150000        0.049247
      19.250000        0.048521
      19.350000        0.047948
      19.450000        0.047259
      19.550000        0.047024
      19.650000        0.046286
      19.750000        0.046495
      19.850000        0.045808
      19.950000        0.045585
      20.050000        0.045251
      20.150000        0.044967
      20.250000        0.044694
      20.350000        0.044465
      20.450000        0.044067
      20.550000        0.043409
      20.650000        0.043031
      20.750000        0.043176
      20.850000        0.043090
      20.950000        0.042707
      21.050000        0.042619
      21.150000        0.042276
      21.250000        0.042392
      21.350000        0.042231
      21.450000        0.041941
      21.550000        0.042047
      21.650000        0.041957
      21.750000        0.041815
      21.850000        0.041904
      21.950000        0.041901
      22.050000        0.041805
      22.150000        0.041718
      22.250000        0.041448
      22.350000        0.041553
      22.450000        0.041326
      22.550000        0.041248
      22.650000        0.041243
      22.750000        0.041082
      22.850000        0.041149
      22.950000        0.040581
      23.050000        0.040698
      23.150000        0.040493
      23.250000        0.040319
      23.350000        0.039944
      23.450000        0.039801
      23.550000        0.039875
      23.650000        0.039309
      23.750000        0.039129
      23.850000        0.038989
      23.950000        0.038440
      24.050000        0.038492
      24.150000        0.038462
      24.250000        0.038527
      24.350000        0.037876
      24.450000        0.037909
      24.550000        0.037745
      24.650000        0.037782
      24.750000        0.037710
      24.850000        0.037495
      24.950000        0.037552
      25.050000        0.037316
      25.150000        0.037352
      25.250000        0.037233
      25.350000        0.037280
      25.450000        0.037128
      25.550000        0.037289
      25.650000        0.037012
      25.750000        0.036976
      25.850000        0.037148
      25.950000        0.036600
      26.050000        0.036651
      26.150000        0.036439
      26.250000        0.036336
      26.350000        0.036179
      26.450000        0.036194
      26.550000        0.035939
      26.650000        0.035623
      26.750000        0.035848
      26.850000        0.035524
      26.950000        0.035771
      27.050000        0.035396
      27.150000        0.035251
      27.250000        0.035200
      27.350000        0.035171
      27.450000        0.034939
      27.550000        0.034915
      27.650000        0.034580
      27.750000        0.034704
      27.850000        0.034618
      27.950000        0.034117
      28.050000        0.034242
      28.150000        0.033865
      28.250000        0.033927
      28.350000        0.033869
      28.450000        0.033741
      28.550000        0.033602
      28.650000        0.033262
      28.750000        0.033392
      28.850000        0.033356
      28.950000        0.033102
      29.050000        0.033302
      29.150000        0.032989
      29.250000        0.032852
      29.350000        0.032705
      29.450000        0.032970
      29.550000        0.032579
      29.650000        0.032394
      29.750000        0.032502
      29.850000        0.032496
      29.950000        0.032415
