#Distance_(Ang) :1-10@O6_=>_:MG
       0.050000        0.000000
       0.150000        0.000000
       0.250000        0.000000
       0.350000        0.000000
       0.450000        0.000000
       0.550000        0.000000
       0.650000        0.000000
       0.750000        0.000000
       0.850000        0.000000
       0.950000        0.000000
       1.050000        0.000000
       1.150000        0.000000
       1.250000        0.000000
       1.350000        0.000000
       1.450000        0.000000
       1.550000        0.000000
       1.650000        0.000000
       1.750000        0.000000
       1.850000        0.000000
       1.950000        0.000000
       2.050000        0.000000
       2.150000        0.000000
       2.250000        0.000000
       2.350000        0.000000
       2.450000        0.000000
       2.550000        0.000000
       2.650000        0.000000
       2.750000        0.000000
       2.850000        0.000000
       2.950000        0.000000
       3.050000        0.000026
       3.150000        0.000243
       3.250000        0.000685
       3.350000        0.003952
       3.450000        0.015308
       3.550000        0.044273
       3.650000        0.093621
       3.750000        0.175350
       3.850000        0.265272
       3.950000        0.353362
       4.050000        0.413449
       4.150000        0.438589
       4.250000        0.440277
       4.350000        0.415454
       4.450000        0.383105
       4.550000        0.342514
       4.650000        0.304778
       4.750000        0.268355
       4.850000        0.241409
       4.950000        0.215493
       5.050000        0.196118
       5.150000        0.182133
       5.250000        0.169682
       5.350000        0.160047
       5.450000        0.157133
       5.550000        0.154776
       5.650000        0.158543
       5.750000        0.162794
       5.850000        0.169826
       5.950000        0.180812
       6.050000        0.192743
       6.150000        0.200036
       6.250000        0.208427
       6.350000        0.210414
       6.450000        0.209960
       6.550000        0.202323
       6.650000        0.191978
       6.750000        0.180449
       6.850000        0.167817
       6.950000        0.156276
       7.050000        0.143242
       7.150000        0.134870
       7.250000        0.126823
       7.350000        0.119688
       7.450000        0.115945
       7.550000        0.112289
       7.650000        0.108693
       7.750000        0.106777
       7.850000        0.105666
       7.950000        0.104687
       8.050000        0.106506
       8.150000        0.108336
       8.250000        0.110290
       8.350000        0.114606
       8.450000        0.115538
       8.550000        0.117893
       8.650000        0.120762
       8.750000        0.123980
       8.850000        0.125146
       8.950000        0.127646
       9.050000        0.130232
       9.150000        0.132292
       9.250000        0.130921
       9.350000        0.132318
       9.450000        0.131988
       9.550000        0.130724
       9.650000        0.128023
       9.750000        0.126098
       9.850000        0.123772
       9.950000        0.122462
      10.050000        0.120813
      10.150000        0.118376
      10.250000        0.116122
      10.350000        0.113344
      10.450000        0.110664
      10.550000        0.108176
      10.650000        0.105971
      10.750000        0.104490
      10.850000        0.103206
      10.950000        0.102602
      11.050000        0.102808
      11.150000        0.102428
      11.250000        0.104733
      11.350000        0.104550
      11.450000        0.106307
      11.550000        0.107134
      11.650000        0.108734
      11.750000        0.109141
      11.850000        0.110184
      11.950000        0.110236
      12.050000        0.109731
      12.150000        0.110368
      12.250000        0.108633
      12.350000        0.107637
      12.450000        0.106138
      12.550000        0.103709
      12.650000        0.101816
      12.750000        0.099387
      12.850000        0.096751
      12.950000        0.094717
      13.050000        0.092378
      13.150000        0.088883
      13.250000        0.087221
      13.350000        0.084575
      13.450000        0.081874
      13.550000        0.080200
      13.650000        0.078977
      13.750000        0.077156
      13.850000        0.075478
      13.950000        0.074736
      14.050000        0.074024
      14.150000        0.073715
      14.250000        0.072995
      14.350000        0.072502
      14.450000        0.072872
      14.550000        0.072760
      14.650000        0.072684
      14.750000        0.072687
      14.850000        0.073596
      14.950000        0.074186
      15.050000        0.073630
      15.150000        0.074741
      15.250000        0.074519
      15.350000        0.074819
      15.450000        0.074676
      15.550000        0.074048
      15.650000        0.073677
      15.750000        0.072252
      15.850000        0.071191
      15.950000        0.070144
      16.050000        0.068809
      16.150000        0.067559
      16.250000        0.066128
      16.350000        0.064621
      16.450000        0.063011
      16.550000        0.061727
      16.650000        0.060637
      16.750000        0.059144
      16.850000        0.058458
      16.950000        0.057191
      17.050000        0.056390
      17.150000        0.055097
      17.250000        0.054434
      17.350000        0.054048
      17.450000        0.053278
      17.550000        0.053096
      17.650000        0.052531
      17.750000        0.051819
      17.850000        0.051730
      17.950000        0.051590
      18.050000        0.051421
      18.150000        0.051069
      18.250000        0.050938
      18.350000        0.050694
      18.450000        0.050678
      18.550000        0.050508
      18.650000        0.050738
      18.750000        0.050457
      18.850000        0.050361
      18.950000        0.050723
      19.050000        0.050278
      19.150000        0.049828
      19.250000        0.049445
      19.350000        0.049250
      19.450000        0.048894
      19.550000        0.048455
      19.650000        0.047769
      19.750000        0.047908
      19.850000        0.047197
      19.950000        0.046939
      20.050000        0.046469
      20.150000        0.046609
      20.250000        0.046108
      20.350000        0.045588
      20.450000        0.045518
      20.550000        0.045218
      20.650000        0.044673
      20.750000        0.044420
      20.850000        0.044212
      20.950000        0.044320
      21.050000        0.044404
      21.150000        0.043818
      21.250000        0.043899
      21.350000        0.043470
      21.450000        0.043359
      21.550000        0.043227
      21.650000        0.043102
      21.750000        0.042951
      21.850000        0.042948
      21.950000        0.042489
      22.050000        0.042555
      22.150000        0.042287
      22.250000        0.042122
      22.350000        0.042069
      22.450000        0.041937
      22.550000        0.041883
      22.650000        0.041561
      22.750000        0.041238
      22.850000        0.041254
      22.950000        0.040901
      23.050000        0.040804
      23.150000        0.040535
      23.250000        0.040136
      23.350000        0.040072
      23.450000        0.039904
      23.550000        0.039650
      23.650000        0.039384
      23.750000        0.039204
      23.850000        0.038923
      23.950000        0.038844
      24.050000        0.038468
      24.150000        0.038451
      24.250000        0.038421
      24.350000        0.038153
      24.450000        0.038044
      24.550000        0.037644
      24.650000        0.037605
      24.750000        0.037617
      24.850000        0.037229
      24.950000        0.037166
      25.050000        0.037064
      25.150000        0.036997
      25.250000        0.036793
      25.350000        0.036796
      25.450000        0.036550
      25.550000        0.036542
      25.650000        0.036402
      25.750000        0.036301
      25.850000        0.036176
      25.950000        0.036075
      26.050000        0.036065
      26.150000        0.035838
      26.250000        0.035658
      26.350000        0.035510
      26.450000        0.035233
      26.550000        0.035222
      26.650000        0.035198
      26.750000        0.035047
      26.850000        0.034972
      26.950000        0.034983
      27.050000        0.034529
      27.150000        0.034366
      27.250000        0.034277
      27.350000        0.034230
      27.450000        0.034229
      27.550000        0.034078
      27.650000        0.033822
      27.750000        0.033745
      27.850000        0.033662
      27.950000        0.033724
      28.050000        0.033647
      28.150000        0.033404
      28.250000        0.033160
      28.350000        0.033281
      28.450000        0.033178
      28.550000        0.033183
      28.650000        0.033045
      28.750000        0.033182
      28.850000        0.033235
      28.950000        0.032850
      29.050000        0.032792
      29.150000        0.032770
      29.250000        0.032724
      29.350000        0.032516
      29.450000        0.032508
      29.550000        0.032560
      29.650000        0.032412
      29.750000        0.032272
      29.850000        0.032154
      29.950000        0.032116
