 0.05000 0.00000
 0.15000 0.00000
 0.25000 0.00000
 0.35000 0.00000
 0.45000 0.00000
 0.55000 0.00000
 0.65000 0.00000
 0.75000 0.00000
 0.85000 0.00000
 0.95000 0.00000
 1.05000 0.00000
 1.15000 0.00000
 1.25000 0.00000
 1.35000 0.00000
 1.45000 0.00000
 1.55000 0.00000
 1.65000 0.00000
 1.75000 0.00000
 1.85000 0.00000
 1.95000 0.00000
 2.05000 0.00000
 2.15000 0.00000
 2.25000 0.00000
 2.35000 0.00000
 2.45000 0.00000
 2.55000 0.00001
 2.65000 0.00070
 2.75000 0.00762
 2.85000 0.02068
 2.95000 0.02635
 3.05000 0.02476
 3.15000 0.02194
 3.25000 0.01991
 3.35000 0.01860
 3.45000 0.01766
 3.55000 0.01691
 3.65000 0.01627
 3.75000 0.01568
 3.85000 0.01516
 3.95000 0.01466
 4.05000 0.01416
 4.15000 0.01367
 4.25000 0.01319
 4.35000 0.01279
 4.45000 0.01248
 4.55000 0.01226
 4.65000 0.01217
 4.75000 0.01219
 4.85000 0.01234
 4.95000 0.01258
 5.05000 0.01288
 5.15000 0.01321
 5.25000 0.01355
 5.35000 0.01392
 5.45000 0.01431
 5.55000 0.01471
 5.65000 0.01511
 5.75000 0.01549
 5.85000 0.01584
 5.95000 0.01614
 6.05000 0.01638
 6.15000 0.01658
 6.25000 0.01674
 6.35000 0.01686
 6.45000 0.01697
 6.55000 0.01704
 6.65000 0.01712
 6.75000 0.01719
 6.85000 0.01727
 6.95000 0.01733
 7.05000 0.01728
 7.15000 0.01708
 7.25000 0.01687
 7.35000 0.01676
 7.45000 0.01676
 7.55000 0.01684
 7.65000 0.01696
 7.75000 0.01712
 7.85000 0.01729
 7.95000 0.01748
 8.05000 0.01769
 8.15000 0.01791
 8.25000 0.01815
 8.35000 0.01837
 8.45000 0.01859
 8.55000 0.01879
 8.65000 0.01897
 8.75000 0.01913
 8.85000 0.01927
 8.95000 0.01940
 9.05000 0.01952
 9.15000 0.01964
 9.25000 0.01976
 9.35000 0.01988
 9.45000 0.02002
 9.55000 0.02016
 9.65000 0.02030
 9.75000 0.02046
 9.85000 0.02062
 9.95000 0.02080
10.05000 0.02098
10.15000 0.02117
10.25000 0.02139
10.35000 0.02163
10.45000 0.02188
10.55000 0.02211
10.65000 0.02232
10.75000 0.02249
10.85000 0.02263
10.95000 0.02273
11.05000 0.02281
11.15000 0.02287
11.25000 0.02292
11.35000 0.02295
11.45000 0.02297
11.55000 0.02299
11.65000 0.02301
11.75000 0.02303
11.85000 0.02306
11.95000 0.02309
12.05000 0.02314
12.15000 0.02319
12.25000 0.02325
12.35000 0.02332
12.45000 0.02339
12.55000 0.02348
12.65000 0.02357
12.75000 0.02367
12.85000 0.02378
12.95000 0.02390
13.05000 0.02401
13.15000 0.02411
13.25000 0.02420
13.35000 0.02428
13.45000 0.02435
13.55000 0.02443
13.65000 0.02451
13.75000 0.02459
13.85000 0.02466
13.95000 0.02474
14.05000 0.02481
14.15000 0.02488
14.25000 0.02495
14.35000 0.02501
14.45000 0.02507
14.55000 0.02514
14.65000 0.02520
14.75000 0.02526
14.85000 0.02532
14.95000 0.02539
15.05000 0.02546
15.15000 0.02552
15.25000 0.02558
15.35000 0.02564
15.45000 0.02570
15.55000 0.02577
15.65000 0.02583
15.75000 0.02590
15.85000 0.02597
15.95000 0.02603
16.05000 0.02610
16.15000 0.02617
16.25000 0.02623
16.35000 0.02630
16.45000 0.02637
16.55000 0.02643
16.65000 0.02650
16.75000 0.02656
16.85000 0.02663
16.95000 0.02670
17.05000 0.02676
17.15000 0.02683
17.25000 0.02689
17.35000 0.02696
17.45000 0.02702
17.55000 0.02708
17.65000 0.02714
17.75000 0.02720
17.85000 0.02725
17.95000 0.02731
18.05000 0.02736
18.15000 0.02741
18.25000 0.02747
18.35000 0.02751
18.45000 0.02756
18.55000 0.02761
18.65000 0.02766
18.75000 0.02771
18.85000 0.02776
18.95000 0.02781
19.05000 0.02786
19.15000 0.02791
19.25000 0.02795
19.35000 0.02800
19.45000 0.02805
19.55000 0.02810
19.65000 0.02815
19.75000 0.02819
19.85000 0.02824
19.95000 0.02829
20.05000 0.02833
20.15000 0.02837
20.25000 0.02842
20.35000 0.02846
20.45000 0.02851
20.55000 0.02855
20.65000 0.02859
20.75000 0.02863
20.85000 0.02868
20.95000 0.02872
21.05000 0.02876
21.15000 0.02879
21.25000 0.02884
21.35000 0.02887
21.45000 0.02891
21.55000 0.02894
21.65000 0.02898
21.75000 0.02902
21.85000 0.02906
21.95000 0.02910
22.05000 0.02914
22.15000 0.02918
22.25000 0.02921
22.35000 0.02925
22.45000 0.02929
22.55000 0.02932
22.65000 0.02936
22.75000 0.02939
22.85000 0.02943
22.95000 0.02946
23.05000 0.02949
23.15000 0.02952
23.25000 0.02955
23.35000 0.02958
23.45000 0.02962
23.55000 0.02965
23.65000 0.02968
23.75000 0.02971
23.85000 0.02974
23.95000 0.02977
24.05000 0.02980
24.15000 0.02983
24.25000 0.02986
24.35000 0.02989
24.45000 0.02991
24.55000 0.02995
24.65000 0.02997
24.75000 0.03000
24.85000 0.03003
24.95000 0.03006
25.05000 0.03009
25.15000 0.03012
25.25000 0.03014
25.35000 0.03017
25.45000 0.03020
25.55000 0.03023
25.65000 0.03025
25.75000 0.03027
25.85000 0.03030
25.95000 0.03032
26.05000 0.03034
26.15000 0.03037
26.25000 0.03039
26.35000 0.03041
26.45000 0.03043
26.55000 0.03045
26.65000 0.03047
26.75000 0.03049
26.85000 0.03051
26.95000 0.03053
27.05000 0.03054
27.15000 0.03056
27.25000 0.03058
27.35000 0.03060
27.45000 0.03062
27.55000 0.03063
27.65000 0.03065
27.75000 0.03067
27.85000 0.03069
27.95000 0.03070
28.05000 0.03072
28.15000 0.03074
28.25000 0.03076
28.35000 0.03078
28.45000 0.03079
28.55000 0.03081
28.65000 0.03082
28.75000 0.03084
28.85000 0.03085
28.95000 0.03087
29.05000 0.03088
29.15000 0.03089
29.25000 0.03091
29.35000 0.03092
29.45000 0.03093
29.55000 0.03094
29.65000 0.03095
29.75000 0.03096
29.85000 0.03097
29.95000 0.03098
