 0.05000 0.00000
 0.15000 0.00000
 0.25000 0.00000
 0.35000 0.00000
 0.45000 0.00000
 0.55000 0.00000
 0.65000 0.00000
 0.75000 0.00000
 0.85000 0.00000
 0.95000 0.00000
 1.05000 0.00000
 1.15000 0.00000
 1.25000 0.00000
 1.35000 0.00000
 1.45000 0.00000
 1.55000 0.00000
 1.65000 0.00000
 1.75000 0.00000
 1.85000 0.00000
 1.95000 0.00000
 2.05000 0.00000
 2.15000 0.00000
 2.25000 0.00000
 2.35000 0.00000
 2.45000 0.00000
 2.55000 0.00000
 2.65000 0.00000
 2.75000 0.00000
 2.85000 0.00000
 2.95000 0.00001
 3.05000 0.00027
 3.15000 0.00195
 3.25000 0.00735
 3.35000 0.01730
 3.45000 0.02885
 3.55000 0.03722
 3.65000 0.04043
 3.75000 0.04004
 3.85000 0.03767
 3.95000 0.03298
 4.05000 0.02546
 4.15000 0.01763
 4.25000 0.01259
 4.35000 0.01039
 4.45000 0.00980
 4.55000 0.01000
 4.65000 0.01054
 4.75000 0.01126
 4.85000 0.01209
 4.95000 0.01302
 5.05000 0.01399
 5.15000 0.01495
 5.25000 0.01586
 5.35000 0.01666
 5.45000 0.01736
 5.55000 0.01799
 5.65000 0.01854
 5.75000 0.01904
 5.85000 0.01946
 5.95000 0.01980
 6.05000 0.02000
 6.15000 0.01999
 6.25000 0.01979
 6.35000 0.01945
 6.45000 0.01904
 6.55000 0.01866
 6.65000 0.01836
 6.75000 0.01820
 6.85000 0.01817
 6.95000 0.01827
 7.05000 0.01847
 7.15000 0.01874
 7.25000 0.01903
 7.35000 0.01931
 7.45000 0.01957
 7.55000 0.01980
 7.65000 0.02002
 7.75000 0.02023
 7.85000 0.02043
 7.95000 0.02060
 8.05000 0.02075
 8.15000 0.02088
 8.25000 0.02098
 8.35000 0.02106
 8.45000 0.02112
 8.55000 0.02119
 8.65000 0.02127
 8.75000 0.02135
 8.85000 0.02145
 8.95000 0.02155
 9.05000 0.02166
 9.15000 0.02176
 9.25000 0.02187
 9.35000 0.02198
 9.45000 0.02209
 9.55000 0.02220
 9.65000 0.02231
 9.75000 0.02242
 9.85000 0.02252
 9.95000 0.02262
10.05000 0.02272
10.15000 0.02279
10.25000 0.02284
10.35000 0.02287
10.45000 0.02288
10.55000 0.02288
10.65000 0.02289
10.75000 0.02292
10.85000 0.02296
10.95000 0.02303
11.05000 0.02310
11.15000 0.02318
11.25000 0.02326
11.35000 0.02335
11.45000 0.02344
11.55000 0.02352
11.65000 0.02361
11.75000 0.02367
11.85000 0.02375
11.95000 0.02382
12.05000 0.02389
12.15000 0.02396
12.25000 0.02403
12.35000 0.02411
12.45000 0.02419
12.55000 0.02427
12.65000 0.02435
12.75000 0.02442
12.85000 0.02449
12.95000 0.02455
13.05000 0.02461
13.15000 0.02466
13.25000 0.02472
13.35000 0.02478
13.45000 0.02484
13.55000 0.02490
13.65000 0.02496
13.75000 0.02502
13.85000 0.02508
13.95000 0.02514
14.05000 0.02520
14.15000 0.02525
14.25000 0.02531
14.35000 0.02536
14.45000 0.02542
14.55000 0.02548
14.65000 0.02553
14.75000 0.02559
14.85000 0.02564
14.95000 0.02569
15.05000 0.02573
15.15000 0.02578
15.25000 0.02582
15.35000 0.02587
15.45000 0.02591
15.55000 0.02596
15.65000 0.02602
15.75000 0.02607
15.85000 0.02613
15.95000 0.02619
16.05000 0.02625
16.15000 0.02630
16.25000 0.02636
16.35000 0.02642
16.45000 0.02647
16.55000 0.02653
16.65000 0.02659
16.75000 0.02664
16.85000 0.02670
16.95000 0.02676
17.05000 0.02682
17.15000 0.02688
17.25000 0.02693
17.35000 0.02699
17.45000 0.02704
17.55000 0.02709
17.65000 0.02714
17.75000 0.02720
17.85000 0.02725
17.95000 0.02730
18.05000 0.02736
18.15000 0.02741
18.25000 0.02746
18.35000 0.02751
18.45000 0.02756
18.55000 0.02761
18.65000 0.02765
18.75000 0.02770
18.85000 0.02774
18.95000 0.02779
19.05000 0.02783
19.15000 0.02788
19.25000 0.02792
19.35000 0.02796
19.45000 0.02801
19.55000 0.02805
19.65000 0.02809
19.75000 0.02813
19.85000 0.02817
19.95000 0.02821
20.05000 0.02826
20.15000 0.02830
20.25000 0.02835
20.35000 0.02839
20.45000 0.02844
20.55000 0.02849
20.65000 0.02853
20.75000 0.02858
20.85000 0.02863
20.95000 0.02867
21.05000 0.02871
21.15000 0.02875
21.25000 0.02879
21.35000 0.02883
21.45000 0.02886
21.55000 0.02890
21.65000 0.02894
21.75000 0.02897
21.85000 0.02900
21.95000 0.02904
22.05000 0.02908
22.15000 0.02911
22.25000 0.02915
22.35000 0.02918
22.45000 0.02922
22.55000 0.02925
22.65000 0.02928
22.75000 0.02932
22.85000 0.02935
22.95000 0.02939
23.05000 0.02942
23.15000 0.02945
23.25000 0.02949
23.35000 0.02952
23.45000 0.02955
23.55000 0.02958
23.65000 0.02961
23.75000 0.02964
23.85000 0.02966
23.95000 0.02969
24.05000 0.02972
24.15000 0.02974
24.25000 0.02977
24.35000 0.02980
24.45000 0.02982
24.55000 0.02985
24.65000 0.02987
24.75000 0.02990
24.85000 0.02993
24.95000 0.02996
25.05000 0.02998
25.15000 0.03001
25.25000 0.03004
25.35000 0.03007
25.45000 0.03010
25.55000 0.03013
25.65000 0.03015
25.75000 0.03018
25.85000 0.03021
25.95000 0.03023
26.05000 0.03026
26.15000 0.03028
26.25000 0.03030
26.35000 0.03033
26.45000 0.03035
26.55000 0.03037
26.65000 0.03039
26.75000 0.03041
26.85000 0.03043
26.95000 0.03045
27.05000 0.03047
27.15000 0.03049
27.25000 0.03051
27.35000 0.03053
27.45000 0.03055
27.55000 0.03056
27.65000 0.03058
27.75000 0.03060
27.85000 0.03062
27.95000 0.03063
28.05000 0.03065
28.15000 0.03067
28.25000 0.03068
28.35000 0.03070
28.45000 0.03071
28.55000 0.03072
28.65000 0.03074
28.75000 0.03075
28.85000 0.03076
28.95000 0.03078
29.05000 0.03079
29.15000 0.03080
29.25000 0.03082
29.35000 0.03083
29.45000 0.03085
29.55000 0.03086
29.65000 0.03087
29.75000 0.03089
29.85000 0.03091
29.95000 0.03092
