 0.05000 0.00000
 0.15000 0.00000
 0.25000 0.00000
 0.35000 0.00000
 0.45000 0.00000
 0.55000 0.00000
 0.65000 0.00000
 0.75000 0.00000
 0.85000 0.00000
 0.95000 0.00000
 1.05000 0.00000
 1.15000 0.00000
 1.25000 0.00000
 1.35000 0.00000
 1.45000 0.00000
 1.55000 0.00000
 1.65000 0.00000
 1.75000 0.00000
 1.85000 0.00000
 1.95000 0.00000
 2.05000 0.00000
 2.15000 0.00000
 2.25000 0.00000
 2.35000 0.00000
 2.45000 0.00072
 2.55000 0.00861
 2.65000 0.02367
 2.75000 0.02913
 2.85000 0.02522
 2.95000 0.02057
 3.05000 0.01797
 3.15000 0.01687
 3.25000 0.01636
 3.35000 0.01598
 3.45000 0.01557
 3.55000 0.01508
 3.65000 0.01456
 3.75000 0.01402
 3.85000 0.01352
 3.95000 0.01304
 4.05000 0.01264
 4.15000 0.01231
 4.25000 0.01210
 4.35000 0.01200
 4.45000 0.01203
 4.55000 0.01219
 4.65000 0.01248
 4.75000 0.01287
 4.85000 0.01334
 4.95000 0.01385
 5.05000 0.01436
 5.15000 0.01480
 5.25000 0.01512
 5.35000 0.01524
 5.45000 0.01517
 5.55000 0.01499
 5.65000 0.01482
 5.75000 0.01472
 5.85000 0.01471
 5.95000 0.01479
 6.05000 0.01495
 6.15000 0.01514
 6.25000 0.01538
 6.35000 0.01565
 6.45000 0.01594
 6.55000 0.01626
 6.65000 0.01664
 6.75000 0.01711
 6.85000 0.01771
 6.95000 0.01834
 7.05000 0.01876
 7.15000 0.01884
 7.25000 0.01864
 7.35000 0.01839
 7.45000 0.01821
 7.55000 0.01808
 7.65000 0.01800
 7.75000 0.01796
 7.85000 0.01795
 7.95000 0.01797
 8.05000 0.01802
 8.15000 0.01809
 8.25000 0.01818
 8.35000 0.01829
 8.45000 0.01843
 8.55000 0.01860
 8.65000 0.01878
 8.75000 0.01898
 8.85000 0.01920
 8.95000 0.01944
 9.05000 0.01969
 9.15000 0.01995
 9.25000 0.02023
 9.35000 0.02050
 9.45000 0.02077
 9.55000 0.02102
 9.65000 0.02122
 9.75000 0.02139
 9.85000 0.02153
 9.95000 0.02165
10.05000 0.02175
10.15000 0.02184
10.25000 0.02193
10.35000 0.02202
10.45000 0.02211
10.55000 0.02221
10.65000 0.02232
10.75000 0.02242
10.85000 0.02251
10.95000 0.02259
11.05000 0.02265
11.15000 0.02269
11.25000 0.02273
11.35000 0.02276
11.45000 0.02281
11.55000 0.02287
11.65000 0.02294
11.75000 0.02303
11.85000 0.02314
11.95000 0.02325
12.05000 0.02337
12.15000 0.02348
12.25000 0.02358
12.35000 0.02367
12.45000 0.02377
12.55000 0.02385
12.65000 0.02393
12.75000 0.02401
12.85000 0.02409
12.95000 0.02416
13.05000 0.02424
13.15000 0.02431
13.25000 0.02438
13.35000 0.02445
13.45000 0.02452
13.55000 0.02458
13.65000 0.02465
13.75000 0.02472
13.85000 0.02480
13.95000 0.02487
14.05000 0.02494
14.15000 0.02501
14.25000 0.02509
14.35000 0.02517
14.45000 0.02524
14.55000 0.02532
14.65000 0.02539
14.75000 0.02546
14.85000 0.02553
14.95000 0.02560
15.05000 0.02566
15.15000 0.02572
15.25000 0.02578
15.35000 0.02584
15.45000 0.02589
15.55000 0.02594
15.65000 0.02599
15.75000 0.02605
15.85000 0.02610
15.95000 0.02616
16.05000 0.02622
16.15000 0.02627
16.25000 0.02633
16.35000 0.02638
16.45000 0.02644
16.55000 0.02649
16.65000 0.02655
16.75000 0.02661
16.85000 0.02667
16.95000 0.02672
17.05000 0.02678
17.15000 0.02684
17.25000 0.02690
17.35000 0.02696
17.45000 0.02701
17.55000 0.02707
17.65000 0.02713
17.75000 0.02719
17.85000 0.02724
17.95000 0.02730
18.05000 0.02735
18.15000 0.02740
18.25000 0.02745
18.35000 0.02751
18.45000 0.02756
18.55000 0.02761
18.65000 0.02766
18.75000 0.02771
18.85000 0.02776
18.95000 0.02781
19.05000 0.02786
19.15000 0.02791
19.25000 0.02796
19.35000 0.02801
19.45000 0.02806
19.55000 0.02810
19.65000 0.02814
19.75000 0.02819
19.85000 0.02824
19.95000 0.02828
20.05000 0.02833
20.15000 0.02837
20.25000 0.02842
20.35000 0.02846
20.45000 0.02851
20.55000 0.02855
20.65000 0.02859
20.75000 0.02863
20.85000 0.02867
20.95000 0.02871
21.05000 0.02875
21.15000 0.02879
21.25000 0.02883
21.35000 0.02888
21.45000 0.02892
21.55000 0.02896
21.65000 0.02899
21.75000 0.02903
21.85000 0.02907
21.95000 0.02910
22.05000 0.02914
22.15000 0.02917
22.25000 0.02921
22.35000 0.02923
22.45000 0.02926
22.55000 0.02930
22.65000 0.02933
22.75000 0.02936
22.85000 0.02939
22.95000 0.02942
23.05000 0.02945
23.15000 0.02948
23.25000 0.02951
23.35000 0.02955
23.45000 0.02958
23.55000 0.02961
23.65000 0.02964
23.75000 0.02967
23.85000 0.02970
23.95000 0.02973
24.05000 0.02977
24.15000 0.02980
24.25000 0.02983
24.35000 0.02986
24.45000 0.02988
24.55000 0.02991
24.65000 0.02994
24.75000 0.02997
24.85000 0.03000
24.95000 0.03003
25.05000 0.03005
25.15000 0.03008
25.25000 0.03011
25.35000 0.03013
25.45000 0.03015
25.55000 0.03018
25.65000 0.03021
25.75000 0.03023
25.85000 0.03025
25.95000 0.03027
26.05000 0.03029
26.15000 0.03032
26.25000 0.03034
26.35000 0.03036
26.45000 0.03038
26.55000 0.03040
26.65000 0.03042
26.75000 0.03044
26.85000 0.03047
26.95000 0.03049
27.05000 0.03051
27.15000 0.03053
27.25000 0.03054
27.35000 0.03056
27.45000 0.03058
27.55000 0.03060
27.65000 0.03062
27.75000 0.03064
27.85000 0.03065
27.95000 0.03067
28.05000 0.03068
28.15000 0.03070
28.25000 0.03072
28.35000 0.03074
28.45000 0.03075
28.55000 0.03077
28.65000 0.03078
28.75000 0.03080
28.85000 0.03081
28.95000 0.03083
29.05000 0.03084
29.15000 0.03086
29.25000 0.03087
29.35000 0.03089
29.45000 0.03090
29.55000 0.03091
29.65000 0.03093
29.75000 0.03094
29.85000 0.03095
29.95000 0.03097
