 0.05000 0.00000
 0.15000 0.00000
 0.25000 0.00000
 0.35000 0.00000
 0.45000 0.00000
 0.55000 0.00000
 0.65000 0.00000
 0.75000 0.00000
 0.85000 0.00000
 0.95000 0.00000
 1.05000 0.00000
 1.15000 0.00000
 1.25000 0.00000
 1.35000 0.00000
 1.45000 0.00000
 1.55000 0.00000
 1.65000 0.00000
 1.75000 0.00000
 1.85000 0.00000
 1.95000 0.00000
 2.05000 0.00000
 2.15000 0.00000
 2.25000 0.00000
 2.35000 0.00000
 2.45000 0.00000
 2.55000 0.00020
 2.65000 0.00285
 2.75000 0.00952
 2.85000 0.01394
 2.95000 0.01353
 3.05000 0.01154
 3.15000 0.01043
 3.25000 0.01044
 3.35000 0.01115
 3.45000 0.01195
 3.55000 0.01251
 3.65000 0.01273
 3.75000 0.01267
 3.85000 0.01245
 3.95000 0.01223
 4.05000 0.01208
 4.15000 0.01205
 4.25000 0.01216
 4.35000 0.01241
 4.45000 0.01282
 4.55000 0.01342
 4.65000 0.01444
 4.75000 0.01603
 4.85000 0.01757
 4.95000 0.01799
 5.05000 0.01730
 5.15000 0.01639
 5.25000 0.01587
 5.35000 0.01566
 5.45000 0.01565
 5.55000 0.01567
 5.65000 0.01573
 5.75000 0.01582
 5.85000 0.01584
 5.95000 0.01581
 6.05000 0.01570
 6.15000 0.01559
 6.25000 0.01550
 6.35000 0.01543
 6.45000 0.01541
 6.55000 0.01545
 6.65000 0.01552
 6.75000 0.01564
 6.85000 0.01578
 6.95000 0.01595
 7.05000 0.01612
 7.15000 0.01629
 7.25000 0.01647
 7.35000 0.01662
 7.45000 0.01676
 7.55000 0.01690
 7.65000 0.01704
 7.75000 0.01719
 7.85000 0.01736
 7.95000 0.01754
 8.05000 0.01774
 8.15000 0.01795
 8.25000 0.01814
 8.35000 0.01834
 8.45000 0.01855
 8.55000 0.01875
 8.65000 0.01898
 8.75000 0.01923
 8.85000 0.01949
 8.95000 0.01976
 9.05000 0.02001
 9.15000 0.02023
 9.25000 0.02041
 9.35000 0.02056
 9.45000 0.02070
 9.55000 0.02082
 9.65000 0.02094
 9.75000 0.02107
 9.85000 0.02120
 9.95000 0.02133
10.05000 0.02144
10.15000 0.02154
10.25000 0.02164
10.35000 0.02174
10.45000 0.02183
10.55000 0.02193
10.65000 0.02202
10.75000 0.02212
10.85000 0.02222
10.95000 0.02233
11.05000 0.02243
11.15000 0.02254
11.25000 0.02265
11.35000 0.02275
11.45000 0.02283
11.55000 0.02289
11.65000 0.02294
11.75000 0.02299
11.85000 0.02306
11.95000 0.02315
12.05000 0.02324
12.15000 0.02335
12.25000 0.02345
12.35000 0.02356
12.45000 0.02366
12.55000 0.02374
12.65000 0.02382
12.75000 0.02390
12.85000 0.02397
12.95000 0.02404
13.05000 0.02410
13.15000 0.02416
13.25000 0.02423
13.35000 0.02430
13.45000 0.02437
13.55000 0.02445
13.65000 0.02452
13.75000 0.02460
13.85000 0.02467
13.95000 0.02475
14.05000 0.02482
14.15000 0.02490
14.25000 0.02496
14.35000 0.02503
14.45000 0.02510
14.55000 0.02516
14.65000 0.02522
14.75000 0.02528
14.85000 0.02534
14.95000 0.02540
15.05000 0.02547
15.15000 0.02553
15.25000 0.02560
15.35000 0.02567
15.45000 0.02573
15.55000 0.02580
15.65000 0.02587
15.75000 0.02593
15.85000 0.02600
15.95000 0.02607
16.05000 0.02615
16.15000 0.02621
16.25000 0.02628
16.35000 0.02635
16.45000 0.02642
16.55000 0.02648
16.65000 0.02654
16.75000 0.02660
16.85000 0.02667
16.95000 0.02672
17.05000 0.02678
17.15000 0.02684
17.25000 0.02689
17.35000 0.02695
17.45000 0.02700
17.55000 0.02705
17.65000 0.02711
17.75000 0.02716
17.85000 0.02721
17.95000 0.02727
18.05000 0.02733
18.15000 0.02738
18.25000 0.02744
18.35000 0.02749
18.45000 0.02755
18.55000 0.02760
18.65000 0.02766
18.75000 0.02771
18.85000 0.02776
18.95000 0.02781
19.05000 0.02786
19.15000 0.02792
19.25000 0.02796
19.35000 0.02801
19.45000 0.02806
19.55000 0.02810
19.65000 0.02815
19.75000 0.02819
19.85000 0.02824
19.95000 0.02829
20.05000 0.02833
20.15000 0.02838
20.25000 0.02842
20.35000 0.02847
20.45000 0.02852
20.55000 0.02856
20.65000 0.02860
20.75000 0.02865
20.85000 0.02868
20.95000 0.02872
21.05000 0.02876
21.15000 0.02879
21.25000 0.02883
21.35000 0.02887
21.45000 0.02890
21.55000 0.02893
21.65000 0.02897
21.75000 0.02900
21.85000 0.02903
21.95000 0.02907
22.05000 0.02910
22.15000 0.02914
22.25000 0.02918
22.35000 0.02921
22.45000 0.02925
22.55000 0.02929
22.65000 0.02932
22.75000 0.02936
22.85000 0.02940
22.95000 0.02944
23.05000 0.02948
23.15000 0.02952
23.25000 0.02955
23.35000 0.02958
23.45000 0.02962
23.55000 0.02965
23.65000 0.02968
23.75000 0.02971
23.85000 0.02974
23.95000 0.02977
24.05000 0.02980
24.15000 0.02983
24.25000 0.02986
24.35000 0.02989
24.45000 0.02992
24.55000 0.02995
24.65000 0.02998
24.75000 0.03000
24.85000 0.03003
24.95000 0.03006
25.05000 0.03009
25.15000 0.03011
25.25000 0.03014
25.35000 0.03016
25.45000 0.03018
25.55000 0.03021
25.65000 0.03023
25.75000 0.03026
25.85000 0.03028
25.95000 0.03031
26.05000 0.03033
26.15000 0.03035
26.25000 0.03037
26.35000 0.03040
26.45000 0.03042
26.55000 0.03044
26.65000 0.03046
26.75000 0.03048
26.85000 0.03050
26.95000 0.03052
27.05000 0.03054
27.15000 0.03056
27.25000 0.03058
27.35000 0.03060
27.45000 0.03062
27.55000 0.03064
27.65000 0.03066
27.75000 0.03067
27.85000 0.03069
27.95000 0.03071
28.05000 0.03073
28.15000 0.03074
28.25000 0.03076
28.35000 0.03077
28.45000 0.03079
28.55000 0.03080
28.65000 0.03082
28.75000 0.03083
28.85000 0.03085
28.95000 0.03086
29.05000 0.03087
29.15000 0.03089
29.25000 0.03090
29.35000 0.03091
29.45000 0.03093
29.55000 0.03094
29.65000 0.03095
29.75000 0.03096
29.85000 0.03097
29.95000 0.03098
