 0.05000 0.00000
 0.15000 0.00000
 0.25000 0.00000
 0.35000 0.00000
 0.45000 0.00000
 0.55000 0.00000
 0.65000 0.00000
 0.75000 0.00000
 0.85000 0.00000
 0.95000 0.00000
 1.05000 0.00000
 1.15000 0.00000
 1.25000 0.00000
 1.35000 0.00000
 1.45000 0.00000
 1.55000 0.00000
 1.65000 0.00000
 1.75000 0.00000
 1.85000 0.00000
 1.95000 0.00000
 2.05000 0.00000
 2.15000 0.00000
 2.25000 0.00000
 2.35000 0.00000
 2.45000 0.00000
 2.55000 0.00000
 2.65000 0.00000
 2.75000 0.00000
 2.85000 0.00000
 2.95000 0.00001
 3.05000 0.00027
 3.15000 0.00194
 3.25000 0.00741
 3.35000 0.01783
 3.45000 0.03019
 3.55000 0.03924
 3.65000 0.04279
 3.75000 0.04245
 3.85000 0.04016
 3.95000 0.03529
 4.05000 0.02717
 4.15000 0.01866
 4.25000 0.01319
 4.35000 0.01080
 4.45000 0.01017
 4.55000 0.01035
 4.65000 0.01092
 4.75000 0.01168
 4.85000 0.01256
 4.95000 0.01351
 5.05000 0.01446
 5.15000 0.01536
 5.25000 0.01617
 5.35000 0.01687
 5.45000 0.01747
 5.55000 0.01801
 5.65000 0.01850
 5.75000 0.01898
 5.85000 0.01941
 5.95000 0.01976
 6.05000 0.01994
 6.15000 0.01990
 6.25000 0.01966
 6.35000 0.01926
 6.45000 0.01883
 6.55000 0.01843
 6.65000 0.01814
 6.75000 0.01800
 6.85000 0.01797
 6.95000 0.01809
 7.05000 0.01829
 7.15000 0.01855
 7.25000 0.01884
 7.35000 0.01912
 7.45000 0.01938
 7.55000 0.01962
 7.65000 0.01985
 7.75000 0.02006
 7.85000 0.02028
 7.95000 0.02048
 8.05000 0.02068
 8.15000 0.02086
 8.25000 0.02100
 8.35000 0.02111
 8.45000 0.02118
 8.55000 0.02125
 8.65000 0.02131
 8.75000 0.02138
 8.85000 0.02147
 8.95000 0.02158
 9.05000 0.02170
 9.15000 0.02182
 9.25000 0.02194
 9.35000 0.02205
 9.45000 0.02217
 9.55000 0.02229
 9.65000 0.02242
 9.75000 0.02254
 9.85000 0.02265
 9.95000 0.02274
10.05000 0.02282
10.15000 0.02288
10.25000 0.02291
10.35000 0.02292
10.45000 0.02290
10.55000 0.02288
10.65000 0.02287
10.75000 0.02285
10.85000 0.02287
10.95000 0.02289
11.05000 0.02293
11.15000 0.02299
11.25000 0.02305
11.35000 0.02312
11.45000 0.02319
11.55000 0.02327
11.65000 0.02335
11.75000 0.02343
11.85000 0.02351
11.95000 0.02359
12.05000 0.02366
12.15000 0.02374
12.25000 0.02381
12.35000 0.02388
12.45000 0.02394
12.55000 0.02399
12.65000 0.02403
12.75000 0.02408
12.85000 0.02414
12.95000 0.02419
13.05000 0.02425
13.15000 0.02432
13.25000 0.02439
13.35000 0.02445
13.45000 0.02452
13.55000 0.02459
13.65000 0.02465
13.75000 0.02471
13.85000 0.02477
13.95000 0.02483
14.05000 0.02488
14.15000 0.02495
14.25000 0.02500
14.35000 0.02506
14.45000 0.02513
14.55000 0.02518
14.65000 0.02524
14.75000 0.02530
14.85000 0.02535
14.95000 0.02541
15.05000 0.02546
15.15000 0.02551
15.25000 0.02556
15.35000 0.02562
15.45000 0.02567
15.55000 0.02573
15.65000 0.02579
15.75000 0.02585
15.85000 0.02591
15.95000 0.02597
16.05000 0.02603
16.15000 0.02608
16.25000 0.02614
16.35000 0.02619
16.45000 0.02624
16.55000 0.02630
16.65000 0.02635
16.75000 0.02640
16.85000 0.02646
16.95000 0.02651
17.05000 0.02656
17.15000 0.02661
17.25000 0.02665
17.35000 0.02670
17.45000 0.02674
17.55000 0.02679
17.65000 0.02684
17.75000 0.02688
17.85000 0.02694
17.95000 0.02699
18.05000 0.02704
18.15000 0.02709
18.25000 0.02714
18.35000 0.02719
18.45000 0.02725
18.55000 0.02730
18.65000 0.02735
18.75000 0.02740
18.85000 0.02745
18.95000 0.02750
19.05000 0.02755
19.15000 0.02760
19.25000 0.02764
19.35000 0.02769
19.45000 0.02773
19.55000 0.02778
19.65000 0.02783
19.75000 0.02787
19.85000 0.02792
19.95000 0.02796
20.05000 0.02801
20.15000 0.02805
20.25000 0.02810
20.35000 0.02815
20.45000 0.02819
20.55000 0.02823
20.65000 0.02827
20.75000 0.02832
20.85000 0.02835
20.95000 0.02839
21.05000 0.02843
21.15000 0.02847
21.25000 0.02851
21.35000 0.02854
21.45000 0.02858
21.55000 0.02862
21.65000 0.02866
21.75000 0.02869
21.85000 0.02873
21.95000 0.02876
22.05000 0.02880
22.15000 0.02884
22.25000 0.02888
22.35000 0.02891
22.45000 0.02895
22.55000 0.02899
22.65000 0.02903
22.75000 0.02906
22.85000 0.02910
22.95000 0.02914
23.05000 0.02917
23.15000 0.02921
23.25000 0.02924
23.35000 0.02927
23.45000 0.02930
23.55000 0.02933
23.65000 0.02935
23.75000 0.02938
23.85000 0.02941
23.95000 0.02943
24.05000 0.02946
24.15000 0.02949
24.25000 0.02951
24.35000 0.02954
24.45000 0.02956
24.55000 0.02959
24.65000 0.02962
24.75000 0.02965
24.85000 0.02967
24.95000 0.02970
25.05000 0.02973
25.15000 0.02976
25.25000 0.02978
25.35000 0.02981
25.45000 0.02985
25.55000 0.02987
25.65000 0.02991
25.75000 0.02994
25.85000 0.02997
25.95000 0.03000
26.05000 0.03003
26.15000 0.03005
26.25000 0.03008
26.35000 0.03011
26.45000 0.03013
26.55000 0.03016
26.65000 0.03018
26.75000 0.03021
26.85000 0.03023
26.95000 0.03026
27.05000 0.03028
27.15000 0.03031
27.25000 0.03033
27.35000 0.03035
27.45000 0.03037
27.55000 0.03040
27.65000 0.03042
27.75000 0.03044
27.85000 0.03047
27.95000 0.03049
28.05000 0.03051
28.15000 0.03053
28.25000 0.03055
28.35000 0.03057
28.45000 0.03059
28.55000 0.03061
28.65000 0.03063
28.75000 0.03066
28.85000 0.03068
28.95000 0.03070
29.05000 0.03072
29.15000 0.03074
29.25000 0.03075
29.35000 0.03078
29.45000 0.03079
29.55000 0.03081
29.65000 0.03083
29.75000 0.03085
29.85000 0.03087
29.95000 0.03088
