 0.05000 0.00000
 0.15000 0.00000
 0.25000 0.00000
 0.35000 0.00000
 0.45000 0.00000
 0.55000 0.00000
 0.65000 0.00000
 0.75000 0.00000
 0.85000 0.00000
 0.95000 0.00000
 1.05000 0.00000
 1.15000 0.00000
 1.25000 0.00000
 1.35000 0.00000
 1.45000 0.00000
 1.55000 0.00000
 1.65000 0.00000
 1.75000 0.00000
 1.85000 0.00000
 1.95000 0.00000
 2.05000 0.00000
 2.15000 0.00000
 2.25000 0.00000
 2.35000 0.00000
 2.45000 0.00000
 2.55000 0.00000
 2.65000 0.00032
 2.75000 0.00371
 2.85000 0.01015
 2.95000 0.01274
 3.05000 0.01181
 3.15000 0.01062
 3.25000 0.01011
 3.35000 0.01014
 3.45000 0.01044
 3.55000 0.01090
 3.65000 0.01144
 3.75000 0.01198
 3.85000 0.01250
 3.95000 0.01300
 4.05000 0.01347
 4.15000 0.01391
 4.25000 0.01429
 4.35000 0.01465
 4.45000 0.01501
 4.55000 0.01549
 4.65000 0.01617
 4.75000 0.01697
 4.85000 0.01724
 4.95000 0.01646
 5.05000 0.01523
 5.15000 0.01434
 5.25000 0.01400
 5.35000 0.01409
 5.45000 0.01449
 5.55000 0.01508
 5.65000 0.01571
 5.75000 0.01621
 5.85000 0.01647
 5.95000 0.01657
 6.05000 0.01655
 6.15000 0.01650
 6.25000 0.01646
 6.35000 0.01646
 6.45000 0.01647
 6.55000 0.01652
 6.65000 0.01659
 6.75000 0.01666
 6.85000 0.01674
 6.95000 0.01682
 7.05000 0.01690
 7.15000 0.01699
 7.25000 0.01708
 7.35000 0.01716
 7.45000 0.01725
 7.55000 0.01734
 7.65000 0.01745
 7.75000 0.01759
 7.85000 0.01776
 7.95000 0.01797
 8.05000 0.01820
 8.15000 0.01844
 8.25000 0.01868
 8.35000 0.01891
 8.45000 0.01913
 8.55000 0.01935
 8.65000 0.01956
 8.75000 0.01978
 8.85000 0.02000
 8.95000 0.02023
 9.05000 0.02043
 9.15000 0.02064
 9.25000 0.02082
 9.35000 0.02098
 9.45000 0.02114
 9.55000 0.02128
 9.65000 0.02142
 9.75000 0.02155
 9.85000 0.02166
 9.95000 0.02174
10.05000 0.02181
10.15000 0.02186
10.25000 0.02191
10.35000 0.02196
10.45000 0.02201
10.55000 0.02208
10.65000 0.02217
10.75000 0.02227
10.85000 0.02239
10.95000 0.02251
11.05000 0.02264
11.15000 0.02276
11.25000 0.02287
11.35000 0.02295
11.45000 0.02301
11.55000 0.02305
11.65000 0.02310
11.75000 0.02316
11.85000 0.02324
11.95000 0.02334
12.05000 0.02344
12.15000 0.02355
12.25000 0.02366
12.35000 0.02377
12.45000 0.02388
12.55000 0.02398
12.65000 0.02407
12.75000 0.02414
12.85000 0.02422
12.95000 0.02429
13.05000 0.02435
13.15000 0.02441
13.25000 0.02447
13.35000 0.02452
13.45000 0.02458
13.55000 0.02464
13.65000 0.02471
13.75000 0.02477
13.85000 0.02483
13.95000 0.02490
14.05000 0.02496
14.15000 0.02502
14.25000 0.02509
14.35000 0.02515
14.45000 0.02522
14.55000 0.02529
14.65000 0.02536
14.75000 0.02543
14.85000 0.02549
14.95000 0.02556
15.05000 0.02562
15.15000 0.02569
15.25000 0.02575
15.35000 0.02581
15.45000 0.02587
15.55000 0.02592
15.65000 0.02597
15.75000 0.02603
15.85000 0.02607
15.95000 0.02612
16.05000 0.02617
16.15000 0.02622
16.25000 0.02626
16.35000 0.02630
16.45000 0.02635
16.55000 0.02639
16.65000 0.02643
16.75000 0.02648
16.85000 0.02652
16.95000 0.02657
17.05000 0.02661
17.15000 0.02665
17.25000 0.02670
17.35000 0.02675
17.45000 0.02679
17.55000 0.02683
17.65000 0.02688
17.75000 0.02692
17.85000 0.02696
17.95000 0.02701
18.05000 0.02706
18.15000 0.02710
18.25000 0.02714
18.35000 0.02719
18.45000 0.02723
18.55000 0.02727
18.65000 0.02732
18.75000 0.02736
18.85000 0.02740
18.95000 0.02744
19.05000 0.02749
19.15000 0.02753
19.25000 0.02758
19.35000 0.02762
19.45000 0.02766
19.55000 0.02770
19.65000 0.02774
19.75000 0.02779
19.85000 0.02782
19.95000 0.02787
20.05000 0.02791
20.15000 0.02794
20.25000 0.02798
20.35000 0.02802
20.45000 0.02806
20.55000 0.02810
20.65000 0.02814
20.75000 0.02818
20.85000 0.02823
20.95000 0.02827
21.05000 0.02831
21.15000 0.02835
21.25000 0.02839
21.35000 0.02843
21.45000 0.02848
21.55000 0.02852
21.65000 0.02856
21.75000 0.02860
21.85000 0.02864
21.95000 0.02868
22.05000 0.02872
22.15000 0.02876
22.25000 0.02881
22.35000 0.02884
22.45000 0.02888
22.55000 0.02892
22.65000 0.02896
22.75000 0.02899
22.85000 0.02903
22.95000 0.02907
23.05000 0.02910
23.15000 0.02914
23.25000 0.02917
23.35000 0.02920
23.45000 0.02924
23.55000 0.02927
23.65000 0.02930
23.75000 0.02933
23.85000 0.02937
23.95000 0.02940
24.05000 0.02944
24.15000 0.02947
24.25000 0.02951
24.35000 0.02954
24.45000 0.02957
24.55000 0.02961
24.65000 0.02964
24.75000 0.02967
24.85000 0.02970
24.95000 0.02974
25.05000 0.02977
25.15000 0.02980
25.25000 0.02983
25.35000 0.02986
25.45000 0.02989
25.55000 0.02991
25.65000 0.02994
25.75000 0.02997
25.85000 0.03000
25.95000 0.03003
26.05000 0.03005
26.15000 0.03008
26.25000 0.03011
26.35000 0.03013
26.45000 0.03016
26.55000 0.03019
26.65000 0.03021
26.75000 0.03024
26.85000 0.03027
26.95000 0.03029
27.05000 0.03032
27.15000 0.03035
27.25000 0.03038
27.35000 0.03040
27.45000 0.03043
27.55000 0.03046
27.65000 0.03048
27.75000 0.03051
27.85000 0.03053
27.95000 0.03056
28.05000 0.03058
28.15000 0.03060
28.25000 0.03063
28.35000 0.03065
28.45000 0.03067
28.55000 0.03069
28.65000 0.03071
28.75000 0.03073
28.85000 0.03075
28.95000 0.03077
29.05000 0.03079
29.15000 0.03081
29.25000 0.03083
29.35000 0.03084
29.45000 0.03086
29.55000 0.03088
29.65000 0.03090
29.75000 0.03091
29.85000 0.03093
29.95000 0.03095
