 0.05000 0.00000
 0.15000 0.00000
 0.25000 0.00000
 0.35000 0.00000
 0.45000 0.00000
 0.55000 0.00000
 0.65000 0.00000
 0.75000 0.00000
 0.85000 0.00000
 0.95000 0.00000
 1.05000 0.00000
 1.15000 0.00000
 1.25000 0.00000
 1.35000 0.00000
 1.45000 0.00000
 1.55000 0.00000
 1.65000 0.00000
 1.75000 0.00000
 1.85000 0.00000
 1.95000 0.00000
 2.05000 0.00000
 2.15000 0.00000
 2.25000 0.00000
 2.35000 0.00000
 2.45000 0.00060
 2.55000 0.00827
 2.65000 0.02514
 2.75000 0.03264
 2.85000 0.02824
 2.95000 0.02196
 3.05000 0.01819
 3.15000 0.01667
 3.25000 0.01636
 3.35000 0.01653
 3.45000 0.01676
 3.55000 0.01691
 3.65000 0.01691
 3.75000 0.01674
 3.85000 0.01644
 3.95000 0.01604
 4.05000 0.01567
 4.15000 0.01532
 4.25000 0.01507
 4.35000 0.01490
 4.45000 0.01483
 4.55000 0.01484
 4.65000 0.01499
 4.75000 0.01526
 4.85000 0.01567
 4.95000 0.01620
 5.05000 0.01678
 5.15000 0.01727
 5.25000 0.01760
 5.35000 0.01769
 5.45000 0.01758
 5.55000 0.01738
 5.65000 0.01718
 5.75000 0.01705
 5.85000 0.01699
 5.95000 0.01699
 6.05000 0.01701
 6.15000 0.01705
 6.25000 0.01711
 6.35000 0.01717
 6.45000 0.01724
 6.55000 0.01731
 6.65000 0.01740
 6.75000 0.01749
 6.85000 0.01761
 6.95000 0.01777
 7.05000 0.01794
 7.15000 0.01803
 7.25000 0.01803
 7.35000 0.01801
 7.45000 0.01802
 7.55000 0.01810
 7.65000 0.01820
 7.75000 0.01834
 7.85000 0.01849
 7.95000 0.01865
 8.05000 0.01881
 8.15000 0.01897
 8.25000 0.01913
 8.35000 0.01927
 8.45000 0.01940
 8.55000 0.01952
 8.65000 0.01963
 8.75000 0.01973
 8.85000 0.01983
 8.95000 0.01993
 9.05000 0.02002
 9.15000 0.02011
 9.25000 0.02021
 9.35000 0.02030
 9.45000 0.02041
 9.55000 0.02051
 9.65000 0.02063
 9.75000 0.02076
 9.85000 0.02092
 9.95000 0.02108
10.05000 0.02127
10.15000 0.02146
10.25000 0.02167
10.35000 0.02189
10.45000 0.02212
10.55000 0.02234
10.65000 0.02254
10.75000 0.02271
10.85000 0.02285
10.95000 0.02296
11.05000 0.02303
11.15000 0.02310
11.25000 0.02313
11.35000 0.02316
11.45000 0.02318
11.55000 0.02321
11.65000 0.02324
11.75000 0.02327
11.85000 0.02332
11.95000 0.02337
12.05000 0.02343
12.15000 0.02350
12.25000 0.02359
12.35000 0.02368
12.45000 0.02378
12.55000 0.02388
12.65000 0.02399
12.75000 0.02412
12.85000 0.02424
12.95000 0.02438
13.05000 0.02450
13.15000 0.02460
13.25000 0.02469
13.35000 0.02476
13.45000 0.02483
13.55000 0.02488
13.65000 0.02496
13.75000 0.02503
13.85000 0.02510
13.95000 0.02517
14.05000 0.02524
14.15000 0.02529
14.25000 0.02536
14.35000 0.02541
14.45000 0.02546
14.55000 0.02550
14.65000 0.02554
14.75000 0.02558
14.85000 0.02562
14.95000 0.02566
15.05000 0.02570
15.15000 0.02575
15.25000 0.02579
15.35000 0.02584
15.45000 0.02588
15.55000 0.02594
15.65000 0.02599
15.75000 0.02604
15.85000 0.02609
15.95000 0.02615
16.05000 0.02620
16.15000 0.02625
16.25000 0.02630
16.35000 0.02635
16.45000 0.02640
16.55000 0.02645
16.65000 0.02650
16.75000 0.02655
16.85000 0.02660
16.95000 0.02665
17.05000 0.02669
17.15000 0.02673
17.25000 0.02677
17.35000 0.02681
17.45000 0.02685
17.55000 0.02689
17.65000 0.02693
17.75000 0.02697
17.85000 0.02701
17.95000 0.02705
18.05000 0.02709
18.15000 0.02714
18.25000 0.02717
18.35000 0.02721
18.45000 0.02724
18.55000 0.02728
18.65000 0.02731
18.75000 0.02735
18.85000 0.02739
18.95000 0.02742
19.05000 0.02747
19.15000 0.02750
19.25000 0.02755
19.35000 0.02759
19.45000 0.02763
19.55000 0.02768
19.65000 0.02772
19.75000 0.02776
19.85000 0.02781
19.95000 0.02785
20.05000 0.02789
20.15000 0.02793
20.25000 0.02798
20.35000 0.02802
20.45000 0.02806
20.55000 0.02810
20.65000 0.02814
20.75000 0.02818
20.85000 0.02823
20.95000 0.02827
21.05000 0.02831
21.15000 0.02835
21.25000 0.02839
21.35000 0.02843
21.45000 0.02847
21.55000 0.02851
21.65000 0.02854
21.75000 0.02858
21.85000 0.02862
21.95000 0.02866
22.05000 0.02870
22.15000 0.02874
22.25000 0.02878
22.35000 0.02881
22.45000 0.02885
22.55000 0.02890
22.65000 0.02894
22.75000 0.02898
22.85000 0.02901
22.95000 0.02905
23.05000 0.02909
23.15000 0.02913
23.25000 0.02917
23.35000 0.02921
23.45000 0.02925
23.55000 0.02928
23.65000 0.02932
23.75000 0.02936
23.85000 0.02939
23.95000 0.02942
24.05000 0.02946
24.15000 0.02950
24.25000 0.02953
24.35000 0.02956
24.45000 0.02959
24.55000 0.02962
24.65000 0.02965
24.75000 0.02968
24.85000 0.02971
24.95000 0.02974
25.05000 0.02977
25.15000 0.02980
25.25000 0.02983
25.35000 0.02985
25.45000 0.02989
25.55000 0.02991
25.65000 0.02994
25.75000 0.02997
25.85000 0.03000
25.95000 0.03003
26.05000 0.03006
26.15000 0.03009
26.25000 0.03012
26.35000 0.03015
26.45000 0.03018
26.55000 0.03021
26.65000 0.03024
26.75000 0.03026
26.85000 0.03029
26.95000 0.03032
27.05000 0.03034
27.15000 0.03037
27.25000 0.03039
27.35000 0.03041
27.45000 0.03043
27.55000 0.03046
27.65000 0.03048
27.75000 0.03050
27.85000 0.03052
27.95000 0.03054
28.05000 0.03056
28.15000 0.03058
28.25000 0.03060
28.35000 0.03062
28.45000 0.03064
28.55000 0.03066
28.65000 0.03068
28.75000 0.03070
28.85000 0.03072
28.95000 0.03074
29.05000 0.03076
29.15000 0.03078
29.25000 0.03080
29.35000 0.03082
29.45000 0.03084
29.55000 0.03086
29.65000 0.03087
29.75000 0.03089
29.85000 0.03091
29.95000 0.03092
