 0.05000 0.00000
 0.15000 0.00000
 0.25000 0.00000
 0.35000 0.00000
 0.45000 0.00000
 0.55000 0.00000
 0.65000 0.00000
 0.75000 0.00000
 0.85000 0.00000
 0.95000 0.00000
 1.05000 0.00000
 1.15000 0.00000
 1.25000 0.00000
 1.35000 0.00000
 1.45000 0.00000
 1.55000 0.00000
 1.65000 0.00000
 1.75000 0.00000
 1.85000 0.00000
 1.95000 0.00000
 2.05000 0.00000
 2.15000 0.00000
 2.25000 0.00000
 2.35000 0.00000
 2.45000 0.00034
 2.55000 0.00485
 2.65000 0.01527
 2.75000 0.02054
 2.85000 0.01863
 2.95000 0.01551
 3.05000 0.01385
 3.15000 0.01347
 3.25000 0.01367
 3.35000 0.01400
 3.45000 0.01425
 3.55000 0.01428
 3.65000 0.01408
 3.75000 0.01368
 3.85000 0.01309
 3.95000 0.01242
 4.05000 0.01174
 4.15000 0.01113
 4.25000 0.01066
 4.35000 0.01032
 4.45000 0.01015
 4.55000 0.01007
 4.65000 0.01014
 4.75000 0.01034
 4.85000 0.01065
 4.95000 0.01106
 5.05000 0.01156
 5.15000 0.01208
 5.25000 0.01253
 5.35000 0.01288
 5.45000 0.01310
 5.55000 0.01326
 5.65000 0.01345
 5.75000 0.01369
 5.85000 0.01400
 5.95000 0.01434
 6.05000 0.01470
 6.15000 0.01507
 6.25000 0.01545
 6.35000 0.01582
 6.45000 0.01620
 6.55000 0.01663
 6.65000 0.01709
 6.75000 0.01760
 6.85000 0.01809
 6.95000 0.01849
 7.05000 0.01867
 7.15000 0.01859
 7.25000 0.01835
 7.35000 0.01815
 7.45000 0.01804
 7.55000 0.01801
 7.65000 0.01800
 7.75000 0.01802
 7.85000 0.01806
 7.95000 0.01814
 8.05000 0.01824
 8.15000 0.01838
 8.25000 0.01854
 8.35000 0.01872
 8.45000 0.01892
 8.55000 0.01913
 8.65000 0.01935
 8.75000 0.01956
 8.85000 0.01978
 8.95000 0.02001
 9.05000 0.02023
 9.15000 0.02045
 9.25000 0.02069
 9.35000 0.02093
 9.45000 0.02115
 9.55000 0.02136
 9.65000 0.02155
 9.75000 0.02170
 9.85000 0.02183
 9.95000 0.02193
10.05000 0.02200
10.15000 0.02205
10.25000 0.02211
10.35000 0.02215
10.45000 0.02220
10.55000 0.02225
10.65000 0.02231
10.75000 0.02237
10.85000 0.02244
10.95000 0.02251
11.05000 0.02258
11.15000 0.02265
11.25000 0.02272
11.35000 0.02279
11.45000 0.02286
11.55000 0.02293
11.65000 0.02302
11.75000 0.02311
11.85000 0.02322
11.95000 0.02332
12.05000 0.02343
12.15000 0.02353
12.25000 0.02364
12.35000 0.02373
12.45000 0.02381
12.55000 0.02389
12.65000 0.02397
12.75000 0.02405
12.85000 0.02413
12.95000 0.02420
13.05000 0.02427
13.15000 0.02434
13.25000 0.02441
13.35000 0.02448
13.45000 0.02454
13.55000 0.02461
13.65000 0.02467
13.75000 0.02474
13.85000 0.02479
13.95000 0.02486
14.05000 0.02491
14.15000 0.02497
14.25000 0.02503
14.35000 0.02509
14.45000 0.02515
14.55000 0.02522
14.65000 0.02528
14.75000 0.02534
14.85000 0.02541
14.95000 0.02547
15.05000 0.02553
15.15000 0.02558
15.25000 0.02564
15.35000 0.02570
15.45000 0.02575
15.55000 0.02580
15.65000 0.02585
15.75000 0.02591
15.85000 0.02596
15.95000 0.02601
16.05000 0.02607
16.15000 0.02612
16.25000 0.02618
16.35000 0.02624
16.45000 0.02629
16.55000 0.02635
16.65000 0.02640
16.75000 0.02646
16.85000 0.02651
16.95000 0.02656
17.05000 0.02661
17.15000 0.02667
17.25000 0.02671
17.35000 0.02676
17.45000 0.02682
17.55000 0.02686
17.65000 0.02690
17.75000 0.02695
17.85000 0.02700
17.95000 0.02704
18.05000 0.02709
18.15000 0.02713
18.25000 0.02718
18.35000 0.02722
18.45000 0.02727
18.55000 0.02731
18.65000 0.02736
18.75000 0.02741
18.85000 0.02745
18.95000 0.02750
19.05000 0.02755
19.15000 0.02760
19.25000 0.02764
19.35000 0.02768
19.45000 0.02773
19.55000 0.02777
19.65000 0.02781
19.75000 0.02786
19.85000 0.02790
19.95000 0.02794
20.05000 0.02798
20.15000 0.02802
20.25000 0.02806
20.35000 0.02811
20.45000 0.02815
20.55000 0.02818
20.65000 0.02823
20.75000 0.02827
20.85000 0.02831
20.95000 0.02835
21.05000 0.02839
21.15000 0.02843
21.25000 0.02846
21.35000 0.02850
21.45000 0.02854
21.55000 0.02857
21.65000 0.02861
21.75000 0.02864
21.85000 0.02868
21.95000 0.02871
22.05000 0.02875
22.15000 0.02878
22.25000 0.02881
22.35000 0.02885
22.45000 0.02888
22.55000 0.02891
22.65000 0.02895
22.75000 0.02898
22.85000 0.02902
22.95000 0.02905
23.05000 0.02909
23.15000 0.02912
23.25000 0.02916
23.35000 0.02920
23.45000 0.02923
23.55000 0.02927
23.65000 0.02930
23.75000 0.02933
23.85000 0.02937
23.95000 0.02940
24.05000 0.02944
24.15000 0.02947
24.25000 0.02950
24.35000 0.02953
24.45000 0.02957
24.55000 0.02960
24.65000 0.02963
24.75000 0.02966
24.85000 0.02969
24.95000 0.02972
25.05000 0.02975
25.15000 0.02978
25.25000 0.02981
25.35000 0.02984
25.45000 0.02987
25.55000 0.02990
25.65000 0.02993
25.75000 0.02996
25.85000 0.02999
25.95000 0.03002
26.05000 0.03005
26.15000 0.03008
26.25000 0.03010
26.35000 0.03013
26.45000 0.03016
26.55000 0.03018
26.65000 0.03021
26.75000 0.03024
26.85000 0.03027
26.95000 0.03029
27.05000 0.03032
27.15000 0.03034
27.25000 0.03037
27.35000 0.03039
27.45000 0.03041
27.55000 0.03044
27.65000 0.03046
27.75000 0.03049
27.85000 0.03051
27.95000 0.03054
28.05000 0.03056
28.15000 0.03058
28.25000 0.03061
28.35000 0.03063
28.45000 0.03065
28.55000 0.03067
28.65000 0.03069
28.75000 0.03072
28.85000 0.03074
28.95000 0.03076
29.05000 0.03078
29.15000 0.03080
29.25000 0.03082
29.35000 0.03084
29.45000 0.03086
29.55000 0.03088
29.65000 0.03090
29.75000 0.03092
29.85000 0.03093
29.95000 0.03095
