#Distance_(Ang) :1-50@O2_=>_:MG
       0.050000        0.000000
       0.150000        0.000000
       0.250000        0.000000
       0.350000        0.000000
       0.450000        0.000000
       0.550000        0.000000
       0.650000        0.000000
       0.750000        0.000000
       0.850000        0.000000
       0.950000        0.000000
       1.050000        0.000000
       1.150000        0.000000
       1.250000        0.000000
       1.350000        0.000000
       1.450000        0.000000
       1.550000        0.000000
       1.650000        0.000000
       1.750000        0.000000
       1.850000        0.003016
       1.950000        0.378946
       2.050000        1.460525
       2.150000        0.866040
       2.250000        0.193456
       2.350000        0.026645
       2.450000        0.003461
       2.550000        0.000457
       2.650000        0.000036
       2.750000        0.000011
       2.850000        0.000005
       2.950000        0.000000
       3.050000        0.000000
       3.150000        0.000043
       3.250000        0.000370
       3.350000        0.001503
       3.450000        0.005957
       3.550000        0.018284
       3.650000        0.045695
       3.750000        0.092656
       3.850000        0.154720
       3.950000        0.219843
       4.050000        0.272998
       4.150000        0.308886
       4.250000        0.326904
       4.350000        0.332043
       4.450000        0.317800
       4.550000        0.287404
       4.650000        0.239455
       4.750000        0.188249
       4.850000        0.145620
       4.950000        0.117437
       5.050000        0.099270
       5.150000        0.088707
       5.250000        0.084490
       5.350000        0.082812
       5.450000        0.084470
       5.550000        0.087682
       5.650000        0.094225
       5.750000        0.103645
       5.850000        0.115266
       5.950000        0.127895
       6.050000        0.139798
       6.150000        0.147704
       6.250000        0.151043
       6.350000        0.149845
       6.450000        0.144565
       6.550000        0.139572
       6.650000        0.132216
       6.750000        0.125881
       6.850000        0.119722
       6.950000        0.114160
       7.050000        0.110659
       7.150000        0.107712
       7.250000        0.107487
       7.350000        0.107728
       7.450000        0.111996
       7.550000        0.119433
       7.650000        0.131964
       7.750000        0.148868
       7.850000        0.168090
       7.950000        0.189476
       8.050000        0.208691
       8.150000        0.223765
       8.250000        0.232965
       8.350000        0.235821
       8.450000        0.229345
       8.550000        0.218253
       8.650000        0.202620
       8.750000        0.187207
       8.850000        0.172279
       8.950000        0.162082
       9.050000        0.154391
       9.150000        0.150676
       9.250000        0.149970
       9.350000        0.152869
       9.450000        0.158263
       9.550000        0.166765
       9.650000        0.176647
       9.750000        0.190166
       9.850000        0.202834
       9.950000        0.213655
      10.050000        0.219915
      10.150000        0.220837
      10.250000        0.216838
      10.350000        0.212131
      10.450000        0.208395
      10.550000        0.207248
      10.650000        0.207724
      10.750000        0.209164
      10.850000        0.210292
      10.950000        0.211424
      11.050000        0.210986
      11.150000        0.208541
      11.250000        0.204802
      11.350000        0.199545
      11.450000        0.193511
      11.550000        0.187582
      11.650000        0.181892
      11.750000        0.178380
      11.850000        0.174439
      11.950000        0.172085
      12.050000        0.168467
      12.150000        0.164421
      12.250000        0.158499
      12.350000        0.152963
      12.450000        0.147192
      12.550000        0.142492
      12.650000        0.137989
      12.750000        0.134192
      12.850000        0.130970
      12.950000        0.128408
      13.050000        0.127061
      13.150000        0.126245
      13.250000        0.126713
      13.350000        0.126369
      13.450000        0.126940
      13.550000        0.127074
      13.650000        0.127401
      13.750000        0.127296
      13.850000        0.127784
      13.950000        0.127730
      14.050000        0.127526
      14.150000        0.127308
      14.250000        0.126560
      14.350000        0.126470
      14.450000        0.125848
      14.550000        0.125451
      14.650000        0.125905
      14.750000        0.126298
      14.850000        0.127015
      14.950000        0.127664
      15.050000        0.128821
      15.150000        0.130432
      15.250000        0.132039
      15.350000        0.133044
      15.450000        0.133673
      15.550000        0.133074
      15.650000        0.131404
      15.750000        0.129278
      15.850000        0.125647
      15.950000        0.121554
      16.050000        0.118097
      16.150000        0.114492
      16.250000        0.111314
      16.350000        0.109217
      16.450000        0.107499
      16.550000        0.106116
      16.650000        0.105237
      16.750000        0.104321
      16.850000        0.103124
      16.950000        0.101260
      17.050000        0.099238
      17.150000        0.097271
      17.250000        0.094902
      17.350000        0.092840
      17.450000        0.091255
      17.550000        0.090166
      17.650000        0.089580
      17.750000        0.088970
      17.850000        0.088716
      17.950000        0.088482
      18.050000        0.088287
      18.150000        0.088089
      18.250000        0.087648
      18.350000        0.086960
      18.450000        0.086262
      18.550000        0.085401
      18.650000        0.084367
      18.750000        0.083172
      18.850000        0.082807
      18.950000        0.082076
      19.050000        0.081827
      19.150000        0.081497
      19.250000        0.081490
      19.350000        0.081777
      19.450000        0.081959
      19.550000        0.081993
      19.650000        0.082299
      19.750000        0.082706
      19.850000        0.082974
      19.950000        0.082932
      20.050000        0.082917
      20.150000        0.083142
      20.250000        0.082722
      20.350000        0.082571
      20.450000        0.082176
      20.550000        0.081469
      20.650000        0.080575
      20.750000        0.079858
      20.850000        0.078751
      20.950000        0.077495
      21.050000        0.076332
      21.150000        0.074959
      21.250000        0.073905
      21.350000        0.072801
      21.450000        0.072038
      21.550000        0.071089
      21.650000        0.070509
      21.750000        0.070095
      21.850000        0.069897
      21.950000        0.069889
      22.050000        0.069902
      22.150000        0.069935
      22.250000        0.070092
      22.350000        0.070415
      22.450000        0.070634
      22.550000        0.070739
      22.650000        0.070905
      22.750000        0.070649
      22.850000        0.070534
      22.950000        0.070357
      23.050000        0.069740
      23.150000        0.069665
      23.250000        0.069192
      23.350000        0.068689
      23.450000        0.068442
      23.550000        0.067908
      23.650000        0.067703
      23.750000        0.067213
      23.850000        0.067208
      23.950000        0.066951
      24.050000        0.066775
      24.150000        0.066536
      24.250000        0.066096
      24.350000        0.065782
      24.450000        0.065233
      24.550000        0.064725
      24.650000        0.064001
      24.750000        0.063352
      24.850000        0.062555
      24.950000        0.061850
      25.050000        0.061072
      25.150000        0.060272
      25.250000        0.059747
      25.350000        0.058956
      25.450000        0.058434
      25.550000        0.057676
      25.650000        0.057069
      25.750000        0.056538
      25.850000        0.055808
      25.950000        0.055163
      26.050000        0.054430
      26.150000        0.053626
      26.250000        0.053018
      26.350000        0.052307
      26.450000        0.051662
      26.550000        0.051098
      26.650000        0.050233
      26.750000        0.049810
      26.850000        0.049296
      26.950000        0.048814
      27.050000        0.048287
      27.150000        0.047911
      27.250000        0.047456
      27.350000        0.047103
      27.450000        0.046945
      27.550000        0.046800
      27.650000        0.046639
      27.750000        0.046575
      27.850000        0.046644
      27.950000        0.046605
      28.050000        0.046648
      28.150000        0.046910
      28.250000        0.046919
      28.350000        0.046988
      28.450000        0.046888
      28.550000        0.046867
      28.650000        0.046698
      28.750000        0.046354
      28.850000        0.045886
      28.950000        0.045466
      29.050000        0.044849
      29.150000        0.044302
      29.250000        0.043551
      29.350000        0.042884
      29.450000        0.042204
      29.550000        0.041573
      29.650000        0.040961
      29.750000        0.040504
      29.850000        0.039906
      29.950000        0.039383
