#Distance_(Ang) :A,A3,U,U3@P_=>_:MG
       0.050000            0.000000
       0.150000            0.000000
       0.250000            0.000000
       0.350000            0.000000
       0.450000            0.000000
       0.550000            0.000000
       0.650000            0.000000
       0.750000            0.000000
       0.850000            0.000000
       0.950000            0.000000
       1.050000            0.000000
       1.150000            0.000000
       1.250000            0.000000
       1.350000            0.000000
       1.450000            0.000000
       1.550000            0.000000
       1.650000            0.000000
       1.750000            0.000000
       1.850000            0.000000
       1.950000            0.000000
       2.050000            0.000000
       2.150000            0.000000
       2.250000            0.000000
       2.350000            0.000000
       2.450000            0.000000
       2.550000            0.000000
       2.650000            0.000000
       2.750000            0.000000
       2.850000            0.000009
       2.950000            0.000941
       3.050000            0.018774
       3.150000            0.116292
       3.250000            0.409662
       3.350000            0.583210
       3.450000            0.156770
       3.550000            0.006727
       3.650000            0.000067
       3.750000            0.000002
       3.850000            0.000005
       3.950000            0.000156
       4.050000            0.002075
       4.150000            0.014518
       4.250000            0.060791
       4.350000            0.174975
       4.450000            0.371167
       4.550000            0.567629
       4.650000            0.616198
       4.750000            0.529539
       4.850000            0.457983
       4.950000            0.460195
       5.050000            0.497481
       5.150000            0.520055
       5.250000            0.517125
       5.350000            0.498144
       5.450000            0.448405
       5.550000            0.364069
       5.650000            0.264302
       5.750000            0.173880
       5.850000            0.109692
       5.950000            0.069867
       6.050000            0.050797
       6.150000            0.046061
       6.250000            0.049010
       6.350000            0.057958
       6.450000            0.069351
       6.550000            0.083312
       6.650000            0.098494
       6.750000            0.115911
       6.850000            0.134994
       6.950000            0.156063
       7.050000            0.178548
       7.150000            0.197618
       7.250000            0.210222
       7.350000            0.213674
       7.450000            0.211157
       7.550000            0.204529
       7.650000            0.197879
       7.750000            0.192734
       7.850000            0.186407
       7.950000            0.177281
       8.050000            0.163378
       8.150000            0.147269
       8.250000            0.130760
       8.350000            0.117368
       8.450000            0.107910
       8.550000            0.102383
       8.650000            0.100809
       8.750000            0.101702
       8.850000            0.104249
       8.950000            0.108266
       9.050000            0.113709
       9.150000            0.120279
       9.250000            0.129178
       9.350000            0.139461
       9.450000            0.151951
       9.550000            0.165199
       9.650000            0.176980
       9.750000            0.183457
       9.850000            0.183859
       9.950000            0.179863
      10.050000            0.173399
      10.150000            0.166348
      10.250000            0.160338
      10.350000            0.155757
      10.450000            0.152153
      10.550000            0.150894
      10.650000            0.150578
      10.750000            0.150366
      10.850000            0.149644
      10.950000            0.148698
      11.050000            0.146840
      11.150000            0.144905
      11.250000            0.143425
      11.350000            0.143010
      11.450000            0.142615
      11.550000            0.142051
      11.650000            0.141367
      11.750000            0.139988
      11.850000            0.137864
      11.950000            0.134784
      12.050000            0.130953
      12.150000            0.126539
      12.250000            0.122765
      12.350000            0.118678
      12.450000            0.115509
      12.550000            0.114006
      12.650000            0.114177
      12.750000            0.116282
      12.850000            0.119981
      12.950000            0.124755
      13.050000            0.128554
      13.150000            0.130647
      13.250000            0.130389
      13.350000            0.128951
      13.450000            0.126601
      13.550000            0.124472
      13.650000            0.122922
      13.750000            0.121769
      13.850000            0.120235
      13.950000            0.119165
      14.050000            0.117884
      14.150000            0.116128
      14.250000            0.114073
      14.350000            0.111375
      14.450000            0.108567
      14.550000            0.106343
      14.650000            0.104523
      14.750000            0.103207
      14.850000            0.102460
      14.950000            0.102614
      15.050000            0.103276
      15.150000            0.104495
      15.250000            0.105862
      15.350000            0.107139
      15.450000            0.108795
      15.550000            0.110313
      15.650000            0.112370
      15.750000            0.114394
      15.850000            0.116710
      15.950000            0.118715
      16.050000            0.119898
      16.150000            0.119519
      16.250000            0.117598
      16.350000            0.114261
      16.450000            0.110229
      16.550000            0.106321
      16.650000            0.103096
      16.750000            0.100985
      16.850000            0.100094
      16.950000            0.099867
      17.050000            0.100622
      17.150000            0.101613
      17.250000            0.103022
      17.350000            0.103998
      17.450000            0.104867
      17.550000            0.105299
      17.650000            0.105261
      17.750000            0.104780
      17.850000            0.103863
      17.950000            0.102827
      18.050000            0.101815
      18.150000            0.100651
      18.250000            0.099901
      18.350000            0.099102
      18.450000            0.098529
      18.550000            0.097893
      18.650000            0.097401
      18.750000            0.096629
      18.850000            0.096018
      18.950000            0.095158
      19.050000            0.093962
      19.150000            0.093009
      19.250000            0.091943
      19.350000            0.090837
      19.450000            0.089566
      19.550000            0.088274
      19.650000            0.087000
      19.750000            0.085797
      19.850000            0.084736
      19.950000            0.083800
      20.050000            0.083119
      20.150000            0.082772
      20.250000            0.082403
      20.350000            0.082303
      20.450000            0.082125
      20.550000            0.082076
      20.650000            0.081676
      20.750000            0.081655
      20.850000            0.081199
      20.950000            0.080836
      21.050000            0.080498
      21.150000            0.080052
      21.250000            0.079401
      21.350000            0.078831
      21.450000            0.077815
      21.550000            0.076760
      21.650000            0.075491
      21.750000            0.074074
      21.850000            0.072567
      21.950000            0.071016
      22.050000            0.069512
      22.150000            0.068307
      22.250000            0.067312
      22.350000            0.066383
      22.450000            0.065643
      22.550000            0.065229
      22.650000            0.064599
      22.750000            0.064406
      22.850000            0.063981
      22.950000            0.063930
      23.050000            0.063777
      23.150000            0.063697
      23.250000            0.063681
      23.350000            0.063783
      23.450000            0.063706
      23.550000            0.063787
      23.650000            0.063833
      23.750000            0.063657
      23.850000            0.063584
      23.950000            0.063443
      24.050000            0.063240
      24.150000            0.062825
      24.250000            0.062390
      24.350000            0.061762
      24.450000            0.061221
      24.550000            0.060628
      24.650000            0.060015
      24.750000            0.059522
      24.850000            0.059087
      24.950000            0.058520
      25.050000            0.058187
      25.150000            0.057743
      25.250000            0.057306
      25.350000            0.056857
      25.450000            0.056720
      25.550000            0.056355
      25.650000            0.056031
      25.750000            0.055792
      25.850000            0.055486
      25.950000            0.055116
      26.050000            0.054913
      26.150000            0.054679
      26.250000            0.054357
      26.350000            0.054093
      26.450000            0.053676
      26.550000            0.053237
      26.650000            0.052872
      26.750000            0.052355
      26.850000            0.051757
      26.950000            0.051121
      27.050000            0.050359
      27.150000            0.049635
      27.250000            0.048887
      27.350000            0.048127
      27.450000            0.047363
      27.550000            0.046634
      27.650000            0.046057
      27.750000            0.045477
      27.850000            0.045088
      27.950000            0.044510
      28.050000            0.044297
      28.150000            0.043915
      28.250000            0.043654
      28.350000            0.043361
      28.450000            0.043139
      28.550000            0.043044
      28.650000            0.042921
      28.750000            0.042820
      28.850000            0.042730
      28.950000            0.042712
      29.050000            0.042675
      29.150000            0.042712
      29.250000            0.042843
      29.350000            0.042955
      29.450000            0.042925
      29.550000            0.042937
      29.650000            0.042870
      29.750000            0.042613
      29.850000            0.042325
      29.950000            0.042065
