#Distance_(Ang) :1-50@N7_=>_:MG
       0.050000        0.000000
       0.150000        0.000000
       0.250000        0.000000
       0.350000        0.000000
       0.450000        0.000000
       0.550000        0.000000
       0.650000        0.000000
       0.750000        0.000000
       0.850000        0.000000
       0.950000        0.000000
       1.050000        0.000000
       1.150000        0.000000
       1.250000        0.000000
       1.350000        0.000000
       1.450000        0.000000
       1.550000        0.000000
       1.650000        0.000000
       1.750000        0.000000
       1.850000        0.000000
       1.950000        0.000000
       2.050000        0.000000
       2.150000        0.000000
       2.250000        0.000000
       2.350000        0.000000
       2.450000        0.000000
       2.550000        0.000000
       2.650000        0.000000
       2.750000        0.000000
       2.850000        0.000000
       2.950000        0.000000
       3.050000        0.000000
       3.150000        0.000000
       3.250000        0.000000
       3.350000        0.000004
       3.450000        0.000018
       3.550000        0.000199
       3.650000        0.000950
       3.750000        0.005208
       3.850000        0.019085
       3.950000        0.055788
       4.050000        0.122070
       4.150000        0.199120
       4.250000        0.246532
       4.350000        0.247375
       4.450000        0.215302
       4.550000        0.175420
       4.650000        0.143531
       4.750000        0.118068
       4.850000        0.099450
       4.950000        0.086805
       5.050000        0.079197
       5.150000        0.076334
       5.250000        0.077433
       5.350000        0.081730
       5.450000        0.088739
       5.550000        0.096490
       5.650000        0.106071
       5.750000        0.114695
       5.850000        0.123358
       5.950000        0.131341
       6.050000        0.139329
       6.150000        0.149013
       6.250000        0.162586
       6.350000        0.178859
       6.450000        0.194403
       6.550000        0.206255
       6.650000        0.209854
       6.750000        0.209194
       6.850000        0.203286
       6.950000        0.194181
       7.050000        0.186649
       7.150000        0.182374
       7.250000        0.184294
       7.350000        0.192127
       7.450000        0.206461
       7.550000        0.221243
       7.650000        0.231560
       7.750000        0.235659
       7.850000        0.234548
       7.950000        0.231172
       8.050000        0.228730
       8.150000        0.230945
       8.250000        0.234176
       8.350000        0.236310
       8.450000        0.235938
       8.550000        0.231417
       8.650000        0.226373
       8.750000        0.221791
       8.850000        0.220515
       8.950000        0.222262
       9.050000        0.226564
       9.150000        0.234259
       9.250000        0.243912
       9.350000        0.251286
       9.450000        0.255664
       9.550000        0.254905
       9.650000        0.250155
       9.750000        0.240751
       9.850000        0.231963
       9.950000        0.222233
      10.050000        0.215350
      10.150000        0.212758
      10.250000        0.212253
      10.350000        0.213087
      10.450000        0.215218
      10.550000        0.215251
      10.650000        0.213149
      10.750000        0.208052
      10.850000        0.203133
      10.950000        0.200793
      11.050000        0.199156
      11.150000        0.198323
      11.250000        0.197401
      11.350000        0.194909
      11.450000        0.190526
      11.550000        0.186180
      11.650000        0.182140
      11.750000        0.178738
      11.850000        0.176825
      11.950000        0.175065
      12.050000        0.173504
      12.150000        0.170536
      12.250000        0.165842
      12.350000        0.160151
      12.450000        0.153081
      12.550000        0.145916
      12.650000        0.138442
      12.750000        0.132300
      12.850000        0.127771
      12.950000        0.125499
      13.050000        0.124887
      13.150000        0.125802
      13.250000        0.127178
      13.350000        0.127966
      13.450000        0.128678
      13.550000        0.128247
      13.650000        0.127241
      13.750000        0.126612
      13.850000        0.125302
      13.950000        0.124163
      14.050000        0.122302
      14.150000        0.121353
      14.250000        0.120261
      14.350000        0.120310
      14.450000        0.120510
      14.550000        0.121804
      14.650000        0.123239
      14.750000        0.124607
      14.850000        0.125504
      14.950000        0.125939
      15.050000        0.125914
      15.150000        0.125703
      15.250000        0.125258
      15.350000        0.124947
      15.450000        0.123399
      15.550000        0.122173
      15.650000        0.121004
      15.750000        0.119811
      15.850000        0.118353
      15.950000        0.116121
      16.050000        0.113408
      16.150000        0.109996
      16.250000        0.106453
      16.350000        0.103031
      16.450000        0.099892
      16.550000        0.097403
      16.650000        0.095435
      16.750000        0.094184
      16.850000        0.093174
      16.950000        0.092799
      17.050000        0.092797
      17.150000        0.092802
      17.250000        0.093065
      17.350000        0.093160
      17.450000        0.093410
      17.550000        0.093429
      17.650000        0.093465
      17.750000        0.093490
      17.850000        0.093740
      17.950000        0.093998
      18.050000        0.094658
      18.150000        0.095011
      18.250000        0.095648
      18.350000        0.095499
      18.450000        0.095750
      18.550000        0.095171
      18.650000        0.094387
      18.750000        0.093234
      18.850000        0.092440
      18.950000        0.091226
      19.050000        0.090210
      19.150000        0.089512
      19.250000        0.088695
      19.350000        0.088207
      19.450000        0.088131
      19.550000        0.087877
      19.650000        0.088190
      19.750000        0.088466
      19.850000        0.088305
      19.950000        0.088504
      20.050000        0.088225
      20.150000        0.087656
      20.250000        0.086833
      20.350000        0.085726
      20.450000        0.084717
      20.550000        0.083440
      20.650000        0.082137
      20.750000        0.080650
      20.850000        0.079288
      20.950000        0.077969
      21.050000        0.076400
      21.150000        0.075094
      21.250000        0.073897
      21.350000        0.072643
      21.450000        0.071607
      21.550000        0.070796
      21.650000        0.070219
      21.750000        0.069890
      21.850000        0.069520
      21.950000        0.069603
      22.050000        0.069716
      22.150000        0.069830
      22.250000        0.069745
      22.350000        0.069737
      22.450000        0.069669
      22.550000        0.069297
      22.650000        0.068939
      22.750000        0.068422
      22.850000        0.067806
      22.950000        0.067274
      23.050000        0.066721
      23.150000        0.066227
      23.250000        0.065683
      23.350000        0.065055
      23.450000        0.064698
      23.550000        0.063944
      23.650000        0.063386
      23.750000        0.062666
      23.850000        0.061892
      23.950000        0.061199
      24.050000        0.060516
      24.150000        0.059924
      24.250000        0.059145
      24.350000        0.058380
      24.450000        0.057927
      24.550000        0.057254
      24.650000        0.056733
      24.750000        0.056197
      24.850000        0.055634
      24.950000        0.055290
      25.050000        0.054755
      25.150000        0.054324
      25.250000        0.054047
      25.350000        0.053547
      25.450000        0.053150
      25.550000        0.052886
      25.650000        0.052490
      25.750000        0.052228
      25.850000        0.051970
      25.950000        0.051623
      26.050000        0.051125
      26.150000        0.050767
      26.250000        0.050328
      26.350000        0.049951
      26.450000        0.049506
      26.550000        0.049154
      26.650000        0.048675
      26.750000        0.048473
      26.850000        0.048168
      26.950000        0.047940
      27.050000        0.047712
      27.150000        0.047449
      27.250000        0.047075
      27.350000        0.046768
      27.450000        0.046457
      27.550000        0.046136
      27.650000        0.045842
      27.750000        0.045612
      27.850000        0.045399
      27.950000        0.045134
      28.050000        0.045061
      28.150000        0.044872
      28.250000        0.044581
      28.350000        0.044344
      28.450000        0.044138
      28.550000        0.043770
      28.650000        0.043464
      28.750000        0.043182
      28.850000        0.043000
      28.950000        0.042681
      29.050000        0.042511
      29.150000        0.042291
      29.250000        0.042178
      29.350000        0.041974
      29.450000        0.041797
      29.550000        0.041668
      29.650000        0.041456
      29.750000        0.041336
      29.850000        0.041279
      29.950000        0.041011
