#Distance_(Ang) :1-50@N1_=>_:MG
       0.050000        0.000000
       0.150000        0.000000
       0.250000        0.000000
       0.350000        0.000000
       0.450000        0.000000
       0.550000        0.000000
       0.650000        0.000000
       0.750000        0.000000
       0.850000        0.000000
       0.950000        0.000000
       1.050000        0.000000
       1.150000        0.000000
       1.250000        0.000000
       1.350000        0.000000
       1.450000        0.000000
       1.550000        0.000000
       1.650000        0.000000
       1.750000        0.000000
       1.850000        0.000000
       1.950000        0.000000
       2.050000        0.000000
       2.150000        0.000000
       2.250000        0.000000
       2.350000        0.000000
       2.450000        0.000000
       2.550000        0.000000
       2.650000        0.000000
       2.750000        0.000000
       2.850000        0.000000
       2.950000        0.000000
       3.050000        0.000000
       3.150000        0.000000
       3.250000        0.000000
       3.350000        0.000017
       3.450000        0.000203
       3.550000        0.001488
       3.650000        0.007238
       3.750000        0.021718
       3.850000        0.043987
       3.950000        0.065495
       4.050000        0.081081
       4.150000        0.096017
       4.250000        0.141445
       4.350000        0.240352
       4.450000        0.243736
       4.550000        0.164663
       4.650000        0.124247
       4.750000        0.109901
       4.850000        0.100414
       4.950000        0.092907
       5.050000        0.086470
       5.150000        0.082715
       5.250000        0.082553
       5.350000        0.086527
       5.450000        0.095825
       5.550000        0.111866
       5.650000        0.131661
       5.750000        0.149593
       5.850000        0.159143
       5.950000        0.160553
       6.050000        0.157887
       6.150000        0.154904
       6.250000        0.155300
       6.350000        0.159549
       6.450000        0.164483
       6.550000        0.169036
       6.650000        0.171606
       6.750000        0.173445
       6.850000        0.175665
       6.950000        0.176783
       7.050000        0.176252
       7.150000        0.177095
       7.250000        0.183337
       7.350000        0.194381
       7.450000        0.208162
       7.550000        0.221120
       7.650000        0.230093
       7.750000        0.234922
       7.850000        0.236124
       7.950000        0.234394
       8.050000        0.231461
       8.150000        0.229189
       8.250000        0.228123
       8.350000        0.227750
       8.450000        0.227469
       8.550000        0.225501
       8.650000        0.219122
       8.750000        0.207575
       8.850000        0.196025
       8.950000        0.188008
       9.050000        0.184598
       9.150000        0.184050
       9.250000        0.186313
       9.350000        0.188850
       9.450000        0.190834
       9.550000        0.190913
       9.650000        0.188923
       9.750000        0.186719
       9.850000        0.182815
       9.950000        0.180869
      10.050000        0.180751
      10.150000        0.180752
      10.250000        0.181892
      10.350000        0.182641
      10.450000        0.182341
      10.550000        0.181422
      10.650000        0.180867
      10.750000        0.178995
      10.850000        0.177627
      10.950000        0.176542
      11.050000        0.174845
      11.150000        0.173189
      11.250000        0.171921
      11.350000        0.171995
      11.450000        0.173684
      11.550000        0.176158
      11.650000        0.178714
      11.750000        0.180706
      11.850000        0.181525
      11.950000        0.179997
      12.050000        0.177638
      12.150000        0.173104
      12.250000        0.166899
      12.350000        0.159358
      12.450000        0.152235
      12.550000        0.145909
      12.650000        0.141737
      12.750000        0.138930
      12.850000        0.137444
      12.950000        0.137362
      13.050000        0.137353
      13.150000        0.137990
      13.250000        0.138329
      13.350000        0.138448
      13.450000        0.139245
      13.550000        0.140714
      13.650000        0.142147
      13.750000        0.144026
      13.850000        0.145509
      13.950000        0.147322
      14.050000        0.148039
      14.150000        0.147133
      14.250000        0.145479
      14.350000        0.141842
      14.450000        0.138196
      14.550000        0.134085
      14.650000        0.130312
      14.750000        0.126512
      14.850000        0.123336
      14.950000        0.120884
      15.050000        0.119190
      15.150000        0.118047
      15.250000        0.118025
      15.350000        0.118215
      15.450000        0.118614
      15.550000        0.118621
      15.650000        0.118636
      15.750000        0.117862
      15.850000        0.116696
      15.950000        0.115403
      16.050000        0.113890
      16.150000        0.112406
      16.250000        0.110422
      16.350000        0.108434
      16.450000        0.105800
      16.550000        0.103601
      16.650000        0.101040
      16.750000        0.098577
      16.850000        0.096504
      16.950000        0.094770
      17.050000        0.093825
      17.150000        0.093503
      17.250000        0.093468
      17.350000        0.093693
      17.450000        0.093919
      17.550000        0.094039
      17.650000        0.093877
      17.750000        0.093243
      17.850000        0.092489
      17.950000        0.091455
      18.050000        0.090432
      18.150000        0.089365
      18.250000        0.088616
      18.350000        0.087864
      18.450000        0.087529
      18.550000        0.087111
      18.650000        0.086944
      18.750000        0.086678
      18.850000        0.086945
      18.950000        0.086844
      19.050000        0.087086
      19.150000        0.087504
      19.250000        0.087924
      19.350000        0.088008
      19.450000        0.087908
      19.550000        0.087501
      19.650000        0.086695
      19.750000        0.085361
      19.850000        0.084064
      19.950000        0.082617
      20.050000        0.081162
      20.150000        0.079742
      20.250000        0.078541
      20.350000        0.077434
      20.450000        0.076618
      20.550000        0.075820
      20.650000        0.075205
      20.750000        0.074612
      20.850000        0.074099
      20.950000        0.073688
      21.050000        0.073287
      21.150000        0.073062
      21.250000        0.072775
      21.350000        0.072420
      21.450000        0.072310
      21.550000        0.072117
      21.650000        0.072024
      21.750000        0.071792
      21.850000        0.071650
      21.950000        0.071478
      22.050000        0.071294
      22.150000        0.071162
      22.250000        0.070899
      22.350000        0.070763
      22.450000        0.070381
      22.550000        0.070183
      22.650000        0.069769
      22.750000        0.069422
      22.850000        0.068989
      22.950000        0.068599
      23.050000        0.068218
      23.150000        0.068060
      23.250000        0.067740
      23.350000        0.067509
      23.450000        0.067428
      23.550000        0.066954
      23.650000        0.066632
      23.750000        0.065979
      23.850000        0.065150
      23.950000        0.064398
      24.050000        0.063418
      24.150000        0.062568
      24.250000        0.061727
      24.350000        0.060795
      24.450000        0.060186
      24.550000        0.059642
      24.650000        0.059082
      24.750000        0.058590
      24.850000        0.058191
      24.950000        0.057733
      25.050000        0.057233
      25.150000        0.056710
      25.250000        0.056227
      25.350000        0.055610
      25.450000        0.055093
      25.550000        0.054514
      25.650000        0.053924
      25.750000        0.053408
      25.850000        0.052983
      25.950000        0.052469
      26.050000        0.052029
      26.150000        0.051647
      26.250000        0.051258
      26.350000        0.050971
      26.450000        0.050663
      26.550000        0.050358
      26.650000        0.050240
      26.750000        0.050032
      26.850000        0.049931
      26.950000        0.049715
      27.050000        0.049435
      27.150000        0.049294
      27.250000        0.049076
      27.350000        0.048822
      27.450000        0.048531
      27.550000        0.048289
      27.650000        0.048049
      27.750000        0.047775
      27.850000        0.047525
      27.950000        0.047252
      28.050000        0.046974
      28.150000        0.046722
      28.250000        0.046471
      28.350000        0.046129
      28.450000        0.045837
      28.550000        0.045550
      28.650000        0.045157
      28.750000        0.044772
      28.850000        0.044316
      28.950000        0.043820
      29.050000        0.043407
      29.150000        0.042962
      29.250000        0.042573
      29.350000        0.042102
      29.450000        0.041777
      29.550000        0.041385
      29.650000        0.041088
      29.750000        0.040716
      29.850000        0.040436
      29.950000        0.040154
