#Distance_(Ang) :1-50@N3_=>_:MG
       0.050000        0.000000
       0.150000        0.000000
       0.250000        0.000000
       0.350000        0.000000
       0.450000        0.000000
       0.550000        0.000000
       0.650000        0.000000
       0.750000        0.000000
       0.850000        0.000000
       0.950000        0.000000
       1.050000        0.000000
       1.150000        0.000000
       1.250000        0.000000
       1.350000        0.000000
       1.450000        0.000000
       1.550000        0.000000
       1.650000        0.000000
       1.750000        0.000000
       1.850000        0.000000
       1.950000        0.000000
       2.050000        0.000000
       2.150000        0.000000
       2.250000        0.000000
       2.350000        0.000000
       2.450000        0.000000
       2.550000        0.000000
       2.650000        0.000000
       2.750000        0.000000
       2.850000        0.000000
       2.950000        0.000000
       3.050000        0.000000
       3.150000        0.000000
       3.250000        0.000014
       3.350000        0.000785
       3.450000        0.008414
       3.550000        0.042135
       3.650000        0.104472
       3.750000        0.137539
       3.850000        0.102157
       3.950000        0.049045
       4.050000        0.023923
       4.150000        0.026590
       4.250000        0.042823
       4.350000        0.063615
       4.450000        0.080311
       4.550000        0.085023
       4.650000        0.079974
       4.750000        0.072351
       4.850000        0.066800
       4.950000        0.064968
       5.050000        0.066996
       5.150000        0.073780
       5.250000        0.086912
       5.350000        0.105293
       5.450000        0.129781
       5.550000        0.157017
       5.650000        0.182071
       5.750000        0.203667
       5.850000        0.222877
       5.950000        0.238034
       6.050000        0.251903
       6.150000        0.259276
       6.250000        0.258188
       6.350000        0.247035
       6.450000        0.231757
       6.550000        0.214585
       6.650000        0.197932
       6.750000        0.183283
       6.850000        0.168810
       6.950000        0.155903
       7.050000        0.145208
       7.150000        0.138295
       7.250000        0.135177
       7.350000        0.135748
       7.450000        0.140264
       7.550000        0.147873
       7.650000        0.156653
       7.750000        0.162177
       7.850000        0.162720
       7.950000        0.159870
       8.050000        0.158009
       8.150000        0.157976
       8.250000        0.160286
       8.350000        0.165002
       8.450000        0.170808
       8.550000        0.177145
       8.650000        0.182428
       8.750000        0.185350
       8.850000        0.185500
       8.950000        0.184619
       9.050000        0.185040
       9.150000        0.187092
       9.250000        0.190185
       9.350000        0.194708
       9.450000        0.198802
       9.550000        0.200935
       9.650000        0.202967
       9.750000        0.205304
       9.850000        0.208007
       9.950000        0.213495
      10.050000        0.218247
      10.150000        0.221465
      10.250000        0.221203
      10.350000        0.218096
      10.450000        0.214009
      10.550000        0.209541
      10.650000        0.206891
      10.750000        0.205250
      10.850000        0.204077
      10.950000        0.201397
      11.050000        0.196894
      11.150000        0.191815
      11.250000        0.186405
      11.350000        0.182425
      11.450000        0.178503
      11.550000        0.175796
      11.650000        0.173295
      11.750000        0.171142
      11.850000        0.169825
      11.950000        0.168392
      12.050000        0.167422
      12.150000        0.166757
      12.250000        0.166675
      12.350000        0.166590
      12.450000        0.165492
      12.550000        0.162328
      12.650000        0.158825
      12.750000        0.155467
      12.850000        0.152734
      12.950000        0.151215
      13.050000        0.149820
      13.150000        0.149333
      13.250000        0.148766
      13.350000        0.149236
      13.450000        0.149671
      13.550000        0.150241
      13.650000        0.150104
      13.750000        0.149715
      13.850000        0.148100
      13.950000        0.144866
      14.050000        0.140714
      14.150000        0.135350
      14.250000        0.129663
      14.350000        0.124194
      14.450000        0.118903
      14.550000        0.114478
      14.650000        0.110904
      14.750000        0.108519
      14.850000        0.107006
      14.950000        0.106388
      15.050000        0.106790
      15.150000        0.107549
      15.250000        0.108898
      15.350000        0.110123
      15.450000        0.111097
      15.550000        0.111643
      15.650000        0.111269
      15.750000        0.110160
      15.850000        0.108807
      15.950000        0.106770
      16.050000        0.104641
      16.150000        0.102895
      16.250000        0.101253
      16.350000        0.099861
      16.450000        0.098991
      16.550000        0.098260
      16.650000        0.097488
      16.750000        0.096936
      16.850000        0.096455
      16.950000        0.095975
      17.050000        0.095657
      17.150000        0.095307
      17.250000        0.095006
      17.350000        0.094726
      17.450000        0.094704
      17.550000        0.094629
      17.650000        0.094837
      17.750000        0.094984
      17.850000        0.095077
      17.950000        0.095206
      18.050000        0.095073
      18.150000        0.094728
      18.250000        0.093894
      18.350000        0.093162
      18.450000        0.092239
      18.550000        0.091226
      18.650000        0.090240
      18.750000        0.089600
      18.850000        0.089214
      18.950000        0.089197
      19.050000        0.089028
      19.150000        0.088735
      19.250000        0.088232
      19.350000        0.087472
      19.450000        0.086131
      19.550000        0.084864
      19.650000        0.083401
      19.750000        0.082280
      19.850000        0.081072
      19.950000        0.080017
      20.050000        0.079309
      20.150000        0.078674
      20.250000        0.078320
      20.350000        0.078145
      20.450000        0.077846
      20.550000        0.077712
      20.650000        0.077495
      20.750000        0.077191
      20.850000        0.077011
      20.950000        0.076728
      21.050000        0.076435
      21.150000        0.075999
      21.250000        0.075741
      21.350000        0.075338
      21.450000        0.074901
      21.550000        0.074636
      21.650000        0.074207
      21.750000        0.073700
      21.850000        0.073297
      21.950000        0.073027
      22.050000        0.072638
      22.150000        0.072336
      22.250000        0.072024
      22.350000        0.071780
      22.450000        0.071545
      22.550000        0.071135
      22.650000        0.070685
      22.750000        0.070274
      22.850000        0.069729
      22.950000        0.069167
      23.050000        0.068578
      23.150000        0.067964
      23.250000        0.067313
      23.350000        0.066751
      23.450000        0.066216
      23.550000        0.065638
      23.650000        0.065230
      23.750000        0.064857
      23.850000        0.064469
      23.950000        0.064112
      24.050000        0.063790
      24.150000        0.063437
      24.250000        0.062903
      24.350000        0.062313
      24.450000        0.061500
      24.550000        0.060684
      24.650000        0.059734
      24.750000        0.058730
      24.850000        0.057735
      24.950000        0.056750
      25.050000        0.055966
      25.150000        0.055159
      25.250000        0.054464
      25.350000        0.053801
      25.450000        0.053158
      25.550000        0.052782
      25.650000        0.052443
      25.750000        0.052186
      25.850000        0.052037
      25.950000        0.051971
      26.050000        0.051833
      26.150000        0.051916
      26.250000        0.052043
      26.350000        0.052126
      26.450000        0.052256
      26.550000        0.052261
      26.650000        0.052315
      26.750000        0.052238
      26.850000        0.052032
      26.950000        0.051771
      27.050000        0.051382
      27.150000        0.050937
      27.250000        0.050383
      27.350000        0.049879
      27.450000        0.049356
      27.550000        0.048791
      27.650000        0.048392
      27.750000        0.047931
      27.850000        0.047486
      27.950000        0.046978
      28.050000        0.046683
      28.150000        0.046249
      28.250000        0.045803
      28.350000        0.045434
      28.450000        0.045067
      28.550000        0.044714
      28.650000        0.044460
      28.750000        0.044160
      28.850000        0.043816
      28.950000        0.043499
      29.050000        0.043114
      29.150000        0.042699
      29.250000        0.042293
      29.350000        0.041764
      29.450000        0.041383
      29.550000        0.040909
      29.650000        0.040510
      29.750000        0.040157
      29.850000        0.039863
      29.950000        0.039577
