#Distance_(Ang) :1-50@O4_=>_:MG
       0.050000        0.000000
       0.150000        0.000000
       0.250000        0.000000
       0.350000        0.000000
       0.450000        0.000000
       0.550000        0.000000
       0.650000        0.000000
       0.750000        0.000000
       0.850000        0.000000
       0.950000        0.000000
       1.050000        0.000000
       1.150000        0.000000
       1.250000        0.000000
       1.350000        0.000000
       1.450000        0.000000
       1.550000        0.000000
       1.650000        0.000000
       1.750000        0.000000
       1.850000        0.000000
       1.950000        0.000000
       2.050000        0.000000
       2.150000        0.000000
       2.250000        0.000000
       2.350000        0.000000
       2.450000        0.000000
       2.550000        0.000000
       2.650000        0.000000
       2.750000        0.000000
       2.850000        0.000005
       2.950000        0.000020
       3.050000        0.000100
       3.150000        0.000364
       3.250000        0.002003
       3.350000        0.007760
       3.450000        0.024167
       3.550000        0.059322
       3.650000        0.115860
       3.750000        0.186895
       3.850000        0.257234
       3.950000        0.314991
       4.050000        0.359510
       4.150000        0.383590
       4.250000        0.398088
       4.350000        0.405487
       4.450000        0.393402
       4.550000        0.343006
       4.650000        0.257798
       4.750000        0.175257
       4.850000        0.113788
       4.950000        0.081052
       5.050000        0.066111
       5.150000        0.063277
       5.250000        0.068128
       5.350000        0.080534
       5.450000        0.104491
       5.550000        0.144877
       5.650000        0.191474
       5.750000        0.226463
       5.850000        0.230778
       5.950000        0.210635
       6.050000        0.188356
       6.150000        0.173908
       6.250000        0.165178
       6.350000        0.157195
       6.450000        0.151469
       6.550000        0.146082
       6.650000        0.142737
       6.750000        0.140516
       6.850000        0.139333
       6.950000        0.138578
       7.050000        0.137345
       7.150000        0.137634
       7.250000        0.137187
       7.350000        0.138421
       7.450000        0.140519
       7.550000        0.142931
       7.650000        0.146991
       7.750000        0.152670
       7.850000        0.159804
       7.950000        0.167926
       8.050000        0.176035
       8.150000        0.181557
       8.250000        0.183654
       8.350000        0.178581
       8.450000        0.169971
       8.550000        0.159717
       8.650000        0.152602
       8.750000        0.149843
       8.850000        0.151225
       8.950000        0.155364
       9.050000        0.158443
       9.150000        0.160835
       9.250000        0.162296
       9.350000        0.162862
       9.450000        0.163164
       9.550000        0.163865
       9.650000        0.165257
       9.750000        0.166914
       9.850000        0.168961
       9.950000        0.171603
      10.050000        0.175895
      10.150000        0.179931
      10.250000        0.182202
      10.350000        0.184073
      10.450000        0.185238
      10.550000        0.185977
      10.650000        0.185830
      10.750000        0.186626
      10.850000        0.187311
      10.950000        0.187574
      11.050000        0.189055
      11.150000        0.190516
      11.250000        0.192561
      11.350000        0.193964
      11.450000        0.195480
      11.550000        0.196358
      11.650000        0.197901
      11.750000        0.198442
      11.850000        0.199701
      11.950000        0.202666
      12.050000        0.204968
      12.150000        0.205438
      12.250000        0.202712
      12.350000        0.197569
      12.450000        0.189799
      12.550000        0.180959
      12.650000        0.171664
      12.750000        0.162405
      12.850000        0.155382
      12.950000        0.149424
      13.050000        0.145502
      13.150000        0.143854
      13.250000        0.143118
      13.350000        0.143133
      13.450000        0.143317
      13.550000        0.143485
      13.650000        0.142791
      13.750000        0.142359
      13.850000        0.140949
      13.950000        0.139342
      14.050000        0.135816
      14.150000        0.132238
      14.250000        0.127704
      14.350000        0.122800
      14.450000        0.118879
      14.550000        0.115542
      14.650000        0.113240
      14.750000        0.112065
      14.850000        0.111651
      14.950000        0.112605
      15.050000        0.113695
      15.150000        0.114688
      15.250000        0.116158
      15.350000        0.117201
      15.450000        0.117494
      15.550000        0.117219
      15.650000        0.116322
      15.750000        0.114742
      15.850000        0.113011
      15.950000        0.111195
      16.050000        0.109247
      16.150000        0.107594
      16.250000        0.106139
      16.350000        0.104624
      16.450000        0.103472
      16.550000        0.102776
      16.650000        0.101987
      16.750000        0.101592
      16.850000        0.101292
      16.950000        0.101260
      17.050000        0.101362
      17.150000        0.101685
      17.250000        0.101936
      17.350000        0.101772
      17.450000        0.101604
      17.550000        0.101076
      17.650000        0.100121
      17.750000        0.098888
      17.850000        0.097686
      17.950000        0.095638
      18.050000        0.094461
      18.150000        0.092793
      18.250000        0.091317
      18.350000        0.090132
      18.450000        0.088530
      18.550000        0.087632
      18.650000        0.086645
      18.750000        0.085486
      18.850000        0.084612
      18.950000        0.083611
      19.050000        0.082675
      19.150000        0.082016
      19.250000        0.081069
      19.350000        0.080598
      19.450000        0.080040
      19.550000        0.080102
      19.650000        0.080360
      19.750000        0.080618
      19.850000        0.080951
      19.950000        0.081871
      20.050000        0.082373
      20.150000        0.082746
      20.250000        0.083057
      20.350000        0.083432
      20.450000        0.083012
      20.550000        0.082527
      20.650000        0.081729
      20.750000        0.080948
      20.850000        0.080274
      20.950000        0.079611
      21.050000        0.078847
      21.150000        0.078300
      21.250000        0.077754
      21.350000        0.077147
      21.450000        0.076725
      21.550000        0.076156
      21.650000        0.075610
      21.750000        0.074928
      21.850000        0.074528
      21.950000        0.073773
      22.050000        0.073305
      22.150000        0.072745
      22.250000        0.071991
      22.350000        0.071240
      22.450000        0.070449
      22.550000        0.069438
      22.650000        0.068365
      22.750000        0.067496
      22.850000        0.066522
      22.950000        0.065421
      23.050000        0.064527
      23.150000        0.063589
      23.250000        0.062567
      23.350000        0.061888
      23.450000        0.061412
      23.550000        0.060985
      23.650000        0.060731
      23.750000        0.060623
      23.850000        0.060610
      23.950000        0.060848
      24.050000        0.061130
      24.150000        0.061617
      24.250000        0.061890
      24.350000        0.062514
      24.450000        0.062829
      24.550000        0.063138
      24.650000        0.063456
      24.750000        0.063556
      24.850000        0.063433
      24.950000        0.063213
      25.050000        0.062821
      25.150000        0.062333
      25.250000        0.061726
      25.350000        0.060781
      25.450000        0.060187
      25.550000        0.059388
      25.650000        0.058677
      25.750000        0.058166
      25.850000        0.057367
      25.950000        0.056774
      26.050000        0.056124
      26.150000        0.055425
      26.250000        0.054919
      26.350000        0.054129
      26.450000        0.053300
      26.550000        0.052658
      26.650000        0.051814
      26.750000        0.051112
      26.850000        0.050373
      26.950000        0.049626
      27.050000        0.049061
      27.150000        0.048568
      27.250000        0.048152
      27.350000        0.047669
      27.450000        0.047194
      27.550000        0.046954
      27.650000        0.046590
      27.750000        0.046370
      27.850000        0.046060
      27.950000        0.045792
      28.050000        0.045553
      28.150000        0.045254
      28.250000        0.044906
      28.350000        0.044576
      28.450000        0.044177
      28.550000        0.043869
      28.650000        0.043463
      28.750000        0.043029
      28.850000        0.042681
      28.950000        0.042338
      29.050000        0.042088
      29.150000        0.041751
      29.250000        0.041411
      29.350000        0.041177
      29.450000        0.040964
      29.550000        0.040706
      29.650000        0.040393
      29.750000        0.040136
      29.850000        0.039926
      29.950000        0.039489
