 0.05000 0.00000
 0.15000 0.00000
 0.25000 0.00000
 0.35000 0.00000
 0.45000 0.00000
 0.55000 0.00000
 0.65000 0.00000
 0.75000 0.00000
 0.85000 0.00000
 0.95000 0.00000
 1.05000 0.00000
 1.15000 0.00000
 1.25000 0.00000
 1.35000 0.00000
 1.45000 0.00000
 1.55000 0.00000
 1.65000 0.00000
 1.75000 0.00000
 1.85000 0.00000
 1.95000 0.00000
 2.05000 0.00000
 2.15000 0.00000
 2.25000 0.00000
 2.35000 0.00000
 2.45000 0.00000
 2.55000 0.00035
 2.65000 0.00430
 2.75000 0.01280
 2.85000 0.01679
 2.95000 0.01465
 3.05000 0.01125
 3.15000 0.00914
 3.25000 0.00846
 3.35000 0.00872
 3.45000 0.00947
 3.55000 0.01038
 3.65000 0.01127
 3.75000 0.01201
 3.85000 0.01255
 3.95000 0.01294
 4.05000 0.01325
 4.15000 0.01360
 4.25000 0.01406
 4.35000 0.01466
 4.45000 0.01533
 4.55000 0.01601
 4.65000 0.01679
 4.75000 0.01780
 4.85000 0.01887
 4.95000 0.01937
 5.05000 0.01878
 5.15000 0.01749
 5.25000 0.01627
 5.35000 0.01543
 5.45000 0.01488
 5.55000 0.01451
 5.65000 0.01425
 5.75000 0.01408
 5.85000 0.01403
 5.95000 0.01409
 6.05000 0.01424
 6.15000 0.01447
 6.25000 0.01474
 6.35000 0.01504
 6.45000 0.01534
 6.55000 0.01568
 6.65000 0.01606
 6.75000 0.01646
 6.85000 0.01687
 6.95000 0.01729
 7.05000 0.01768
 7.15000 0.01803
 7.25000 0.01831
 7.35000 0.01853
 7.45000 0.01868
 7.55000 0.01878
 7.65000 0.01883
 7.75000 0.01885
 7.85000 0.01883
 7.95000 0.01878
 8.05000 0.01872
 8.15000 0.01867
 8.25000 0.01865
 8.35000 0.01865
 8.45000 0.01868
 8.55000 0.01873
 8.65000 0.01882
 8.75000 0.01893
 8.85000 0.01909
 8.95000 0.01927
 9.05000 0.01949
 9.15000 0.01970
 9.25000 0.01994
 9.35000 0.02017
 9.45000 0.02039
 9.55000 0.02061
 9.65000 0.02082
 9.75000 0.02104
 9.85000 0.02125
 9.95000 0.02147
10.05000 0.02167
10.15000 0.02187
10.25000 0.02207
10.35000 0.02226
10.45000 0.02244
10.55000 0.02261
10.65000 0.02277
10.75000 0.02292
10.85000 0.02306
10.95000 0.02319
11.05000 0.02331
11.15000 0.02342
11.25000 0.02353
11.35000 0.02363
11.45000 0.02372
11.55000 0.02381
11.65000 0.02392
11.75000 0.02401
11.85000 0.02411
11.95000 0.02422
12.05000 0.02433
12.15000 0.02443
12.25000 0.02454
12.35000 0.02465
12.45000 0.02476
12.55000 0.02486
12.65000 0.02496
12.75000 0.02505
12.85000 0.02514
12.95000 0.02522
13.05000 0.02530
13.15000 0.02537
13.25000 0.02543
13.35000 0.02548
13.45000 0.02553
13.55000 0.02558
13.65000 0.02564
13.75000 0.02571
13.85000 0.02579
13.95000 0.02587
14.05000 0.02595
14.15000 0.02603
14.25000 0.02611
14.35000 0.02618
14.45000 0.02624
14.55000 0.02631
14.65000 0.02637
14.75000 0.02643
14.85000 0.02649
14.95000 0.02654
15.05000 0.02660
15.15000 0.02665
15.25000 0.02670
15.35000 0.02675
15.45000 0.02681
15.55000 0.02686
15.65000 0.02692
15.75000 0.02697
15.85000 0.02703
15.95000 0.02709
16.05000 0.02715
16.15000 0.02720
16.25000 0.02726
16.35000 0.02731
16.45000 0.02737
16.55000 0.02742
16.65000 0.02747
16.75000 0.02751
16.85000 0.02756
16.95000 0.02761
17.05000 0.02765
17.15000 0.02769
17.25000 0.02773
17.35000 0.02777
17.45000 0.02781
17.55000 0.02785
17.65000 0.02789
17.75000 0.02793
17.85000 0.02798
17.95000 0.02801
18.05000 0.02806
18.15000 0.02810
18.25000 0.02814
18.35000 0.02818
18.45000 0.02822
18.55000 0.02827
18.65000 0.02832
18.75000 0.02836
18.85000 0.02840
18.95000 0.02845
19.05000 0.02849
19.15000 0.02854
19.25000 0.02858
19.35000 0.02862
19.45000 0.02867
19.55000 0.02870
19.65000 0.02875
19.75000 0.02879
19.85000 0.02883
19.95000 0.02887
20.05000 0.02891
20.15000 0.02894
20.25000 0.02898
20.35000 0.02901
20.45000 0.02905
20.55000 0.02908
20.65000 0.02912
20.75000 0.02915
20.85000 0.02918
20.95000 0.02922
21.05000 0.02925
21.15000 0.02928
21.25000 0.02931
21.35000 0.02934
21.45000 0.02937
21.55000 0.02940
21.65000 0.02943
21.75000 0.02946
21.85000 0.02949
21.95000 0.02952
22.05000 0.02955
22.15000 0.02958
22.25000 0.02961
22.35000 0.02964
22.45000 0.02966
22.55000 0.02969
22.65000 0.02972
22.75000 0.02975
22.85000 0.02977
22.95000 0.02980
23.05000 0.02982
23.15000 0.02985
23.25000 0.02987
23.35000 0.02990
23.45000 0.02993
23.55000 0.02996
23.65000 0.02998
23.75000 0.03001
23.85000 0.03003
23.95000 0.03006
24.05000 0.03008
24.15000 0.03010
24.25000 0.03013
24.35000 0.03015
24.45000 0.03017
24.55000 0.03019
24.65000 0.03020
24.75000 0.03023
24.85000 0.03024
24.95000 0.03026
25.05000 0.03028
25.15000 0.03030
25.25000 0.03031
25.35000 0.03033
25.45000 0.03035
25.55000 0.03036
25.65000 0.03038
25.75000 0.03040
25.85000 0.03042
25.95000 0.03043
26.05000 0.03045
26.15000 0.03047
26.25000 0.03048
26.35000 0.03050
26.45000 0.03052
26.55000 0.03053
26.65000 0.03055
26.75000 0.03056
26.85000 0.03057
26.95000 0.03059
27.05000 0.03060
27.15000 0.03061
27.25000 0.03062
27.35000 0.03064
27.45000 0.03065
27.55000 0.03066
27.65000 0.03067
27.75000 0.03068
27.85000 0.03069
27.95000 0.03070
28.05000 0.03072
28.15000 0.03073
28.25000 0.03074
28.35000 0.03075
28.45000 0.03076
28.55000 0.03077
28.65000 0.03078
28.75000 0.03079
28.85000 0.03080
28.95000 0.03081
29.05000 0.03083
29.15000 0.03084
29.25000 0.03085
29.35000 0.03086
29.45000 0.03087
29.55000 0.03088
29.65000 0.03089
29.75000 0.03090
29.85000 0.03091
29.95000 0.03093
