 0.05000 0.00000
 0.15000 0.00000
 0.25000 0.00000
 0.35000 0.00000
 0.45000 0.00000
 0.55000 0.00000
 0.65000 0.00000
 0.75000 0.00000
 0.85000 0.00000
 0.95000 0.00000
 1.05000 0.00000
 1.15000 0.00000
 1.25000 0.00000
 1.35000 0.00000
 1.45000 0.00000
 1.55000 0.00000
 1.65000 0.00000
 1.75000 0.00000
 1.85000 0.00000
 1.95000 0.00000
 2.05000 0.00000
 2.15000 0.00000
 2.25000 0.00000
 2.35000 0.00000
 2.45000 0.00000
 2.55000 0.00001
 2.65000 0.00063
 2.75000 0.00680
 2.85000 0.01865
 2.95000 0.02437
 3.05000 0.02330
 3.15000 0.02070
 3.25000 0.01870
 3.35000 0.01741
 3.45000 0.01653
 3.55000 0.01586
 3.65000 0.01524
 3.75000 0.01464
 3.85000 0.01403
 3.95000 0.01340
 4.05000 0.01279
 4.15000 0.01218
 4.25000 0.01161
 4.35000 0.01110
 4.45000 0.01071
 4.55000 0.01045
 4.65000 0.01032
 4.75000 0.01031
 4.85000 0.01040
 4.95000 0.01058
 5.05000 0.01084
 5.15000 0.01121
 5.25000 0.01166
 5.35000 0.01221
 5.45000 0.01281
 5.55000 0.01345
 5.65000 0.01406
 5.75000 0.01464
 5.85000 0.01515
 5.95000 0.01563
 6.05000 0.01607
 6.15000 0.01649
 6.25000 0.01688
 6.35000 0.01728
 6.45000 0.01768
 6.55000 0.01812
 6.65000 0.01854
 6.75000 0.01876
 6.85000 0.01860
 6.95000 0.01816
 7.05000 0.01769
 7.15000 0.01734
 7.25000 0.01711
 7.35000 0.01699
 7.45000 0.01693
 7.55000 0.01692
 7.65000 0.01696
 7.75000 0.01704
 7.85000 0.01714
 7.95000 0.01729
 8.05000 0.01746
 8.15000 0.01766
 8.25000 0.01791
 8.35000 0.01816
 8.45000 0.01842
 8.55000 0.01869
 8.65000 0.01895
 8.75000 0.01921
 8.85000 0.01945
 8.95000 0.01969
 9.05000 0.01992
 9.15000 0.02014
 9.25000 0.02033
 9.35000 0.02052
 9.45000 0.02070
 9.55000 0.02087
 9.65000 0.02103
 9.75000 0.02120
 9.85000 0.02136
 9.95000 0.02153
10.05000 0.02170
10.15000 0.02187
10.25000 0.02204
10.35000 0.02221
10.45000 0.02239
10.55000 0.02257
10.65000 0.02275
10.75000 0.02292
10.85000 0.02311
10.95000 0.02330
11.05000 0.02348
11.15000 0.02365
11.25000 0.02381
11.35000 0.02394
11.45000 0.02406
11.55000 0.02415
11.65000 0.02422
11.75000 0.02429
11.85000 0.02435
11.95000 0.02441
12.05000 0.02446
12.15000 0.02451
12.25000 0.02456
12.35000 0.02462
12.45000 0.02468
12.55000 0.02476
12.65000 0.02484
12.75000 0.02494
12.85000 0.02503
12.95000 0.02513
13.05000 0.02523
13.15000 0.02534
13.25000 0.02544
13.35000 0.02555
13.45000 0.02564
13.55000 0.02573
13.65000 0.02581
13.75000 0.02588
13.85000 0.02594
13.95000 0.02600
14.05000 0.02606
14.15000 0.02612
14.25000 0.02619
14.35000 0.02626
14.45000 0.02633
14.55000 0.02640
14.65000 0.02645
14.75000 0.02651
14.85000 0.02656
14.95000 0.02661
15.05000 0.02664
15.15000 0.02668
15.25000 0.02672
15.35000 0.02675
15.45000 0.02678
15.55000 0.02681
15.65000 0.02685
15.75000 0.02688
15.85000 0.02692
15.95000 0.02697
16.05000 0.02701
16.15000 0.02707
16.25000 0.02713
16.35000 0.02718
16.45000 0.02724
16.55000 0.02730
16.65000 0.02736
16.75000 0.02742
16.85000 0.02748
16.95000 0.02755
17.05000 0.02760
17.15000 0.02766
17.25000 0.02772
17.35000 0.02777
17.45000 0.02783
17.55000 0.02788
17.65000 0.02793
17.75000 0.02798
17.85000 0.02802
17.95000 0.02807
18.05000 0.02811
18.15000 0.02815
18.25000 0.02819
18.35000 0.02822
18.45000 0.02826
18.55000 0.02830
18.65000 0.02833
18.75000 0.02837
18.85000 0.02840
18.95000 0.02844
19.05000 0.02848
19.15000 0.02852
19.25000 0.02857
19.35000 0.02860
19.45000 0.02864
19.55000 0.02869
19.65000 0.02873
19.75000 0.02877
19.85000 0.02881
19.95000 0.02884
20.05000 0.02888
20.15000 0.02891
20.25000 0.02895
20.35000 0.02899
20.45000 0.02902
20.55000 0.02905
20.65000 0.02908
20.75000 0.02911
20.85000 0.02914
20.95000 0.02917
21.05000 0.02921
21.15000 0.02924
21.25000 0.02927
21.35000 0.02930
21.45000 0.02934
21.55000 0.02937
21.65000 0.02941
21.75000 0.02944
21.85000 0.02947
21.95000 0.02950
22.05000 0.02954
22.15000 0.02957
22.25000 0.02960
22.35000 0.02963
22.45000 0.02966
22.55000 0.02969
22.65000 0.02972
22.75000 0.02974
22.85000 0.02977
22.95000 0.02980
23.05000 0.02983
23.15000 0.02985
23.25000 0.02988
23.35000 0.02990
23.45000 0.02993
23.55000 0.02996
23.65000 0.02998
23.75000 0.03001
23.85000 0.03003
23.95000 0.03005
24.05000 0.03008
24.15000 0.03010
24.25000 0.03012
24.35000 0.03014
24.45000 0.03016
24.55000 0.03018
24.65000 0.03020
24.75000 0.03022
24.85000 0.03024
24.95000 0.03025
25.05000 0.03027
25.15000 0.03029
25.25000 0.03031
25.35000 0.03033
25.45000 0.03034
25.55000 0.03036
25.65000 0.03038
25.75000 0.03039
25.85000 0.03041
25.95000 0.03043
26.05000 0.03044
26.15000 0.03046
26.25000 0.03047
26.35000 0.03049
26.45000 0.03051
26.55000 0.03052
26.65000 0.03054
26.75000 0.03055
26.85000 0.03057
26.95000 0.03058
27.05000 0.03060
27.15000 0.03061
27.25000 0.03062
27.35000 0.03063
27.45000 0.03065
27.55000 0.03066
27.65000 0.03067
27.75000 0.03069
27.85000 0.03070
27.95000 0.03071
28.05000 0.03072
28.15000 0.03074
28.25000 0.03075
28.35000 0.03076
28.45000 0.03077
28.55000 0.03079
28.65000 0.03080
28.75000 0.03081
28.85000 0.03082
28.95000 0.03084
29.05000 0.03085
29.15000 0.03086
29.25000 0.03087
29.35000 0.03088
29.45000 0.03090
29.55000 0.03091
29.65000 0.03092
29.75000 0.03093
29.85000 0.03094
29.95000 0.03095
