 0.05000 0.00000
 0.15000 0.00000
 0.25000 0.00000
 0.35000 0.00000
 0.45000 0.00000
 0.55000 0.00000
 0.65000 0.00000
 0.75000 0.00000
 0.85000 0.00000
 0.95000 0.00000
 1.05000 0.00000
 1.15000 0.00000
 1.25000 0.00000
 1.35000 0.00000
 1.45000 0.00000
 1.55000 0.00000
 1.65000 0.00000
 1.75000 0.00000
 1.85000 0.00000
 1.95000 0.00000
 2.05000 0.00000
 2.15000 0.00000
 2.25000 0.00000
 2.35000 0.00000
 2.45000 0.00000
 2.55000 0.00027
 2.65000 0.00360
 2.75000 0.01155
 2.85000 0.01612
 2.95000 0.01476
 3.05000 0.01175
 3.15000 0.00964
 3.25000 0.00874
 3.35000 0.00860
 3.45000 0.00884
 3.55000 0.00922
 3.65000 0.00962
 3.75000 0.01002
 3.85000 0.01040
 3.95000 0.01078
 4.05000 0.01115
 4.15000 0.01159
 4.25000 0.01216
 4.35000 0.01283
 4.45000 0.01356
 4.55000 0.01419
 4.65000 0.01463
 4.75000 0.01485
 4.85000 0.01479
 4.95000 0.01444
 5.05000 0.01390
 5.15000 0.01335
 5.25000 0.01298
 5.35000 0.01284
 5.45000 0.01287
 5.55000 0.01303
 5.65000 0.01336
 5.75000 0.01389
 5.85000 0.01455
 5.95000 0.01516
 6.05000 0.01576
 6.15000 0.01641
 6.25000 0.01706
 6.35000 0.01751
 6.45000 0.01771
 6.55000 0.01778
 6.65000 0.01786
 6.75000 0.01798
 6.85000 0.01811
 6.95000 0.01820
 7.05000 0.01828
 7.15000 0.01833
 7.25000 0.01837
 7.35000 0.01842
 7.45000 0.01846
 7.55000 0.01849
 7.65000 0.01853
 7.75000 0.01858
 7.85000 0.01866
 7.95000 0.01877
 8.05000 0.01890
 8.15000 0.01906
 8.25000 0.01925
 8.35000 0.01947
 8.45000 0.01971
 8.55000 0.01996
 8.65000 0.02020
 8.75000 0.02042
 8.85000 0.02062
 8.95000 0.02080
 9.05000 0.02099
 9.15000 0.02118
 9.25000 0.02136
 9.35000 0.02156
 9.45000 0.02175
 9.55000 0.02194
 9.65000 0.02210
 9.75000 0.02224
 9.85000 0.02235
 9.95000 0.02244
10.05000 0.02252
10.15000 0.02260
10.25000 0.02268
10.35000 0.02275
10.45000 0.02284
10.55000 0.02295
10.65000 0.02306
10.75000 0.02318
10.85000 0.02331
10.95000 0.02343
11.05000 0.02355
11.15000 0.02367
11.25000 0.02377
11.35000 0.02385
11.45000 0.02390
11.55000 0.02394
11.65000 0.02399
11.75000 0.02406
11.85000 0.02414
11.95000 0.02425
12.05000 0.02436
12.15000 0.02447
12.25000 0.02457
12.35000 0.02468
12.45000 0.02477
12.55000 0.02485
12.65000 0.02493
12.75000 0.02500
12.85000 0.02507
12.95000 0.02514
13.05000 0.02522
13.15000 0.02530
13.25000 0.02538
13.35000 0.02546
13.45000 0.02554
13.55000 0.02562
13.65000 0.02569
13.75000 0.02576
13.85000 0.02583
13.95000 0.02590
14.05000 0.02597
14.15000 0.02604
14.25000 0.02611
14.35000 0.02618
14.45000 0.02625
14.55000 0.02633
14.65000 0.02640
14.75000 0.02647
14.85000 0.02654
14.95000 0.02661
15.05000 0.02666
15.15000 0.02672
15.25000 0.02677
15.35000 0.02682
15.45000 0.02687
15.55000 0.02691
15.65000 0.02696
15.75000 0.02701
15.85000 0.02706
15.95000 0.02711
16.05000 0.02715
16.15000 0.02720
16.25000 0.02725
16.35000 0.02729
16.45000 0.02734
16.55000 0.02738
16.65000 0.02743
16.75000 0.02748
16.85000 0.02753
16.95000 0.02758
17.05000 0.02763
17.15000 0.02769
17.25000 0.02774
17.35000 0.02780
17.45000 0.02785
17.55000 0.02790
17.65000 0.02795
17.75000 0.02800
17.85000 0.02804
17.95000 0.02808
18.05000 0.02812
18.15000 0.02816
18.25000 0.02820
18.35000 0.02823
18.45000 0.02827
18.55000 0.02830
18.65000 0.02834
18.75000 0.02837
18.85000 0.02841
18.95000 0.02844
19.05000 0.02847
19.15000 0.02851
19.25000 0.02854
19.35000 0.02858
19.45000 0.02862
19.55000 0.02866
19.65000 0.02870
19.75000 0.02874
19.85000 0.02878
19.95000 0.02882
20.05000 0.02886
20.15000 0.02890
20.25000 0.02894
20.35000 0.02898
20.45000 0.02902
20.55000 0.02906
20.65000 0.02909
20.75000 0.02913
20.85000 0.02916
20.95000 0.02919
21.05000 0.02922
21.15000 0.02925
21.25000 0.02928
21.35000 0.02931
21.45000 0.02934
21.55000 0.02937
21.65000 0.02940
21.75000 0.02942
21.85000 0.02945
21.95000 0.02948
22.05000 0.02951
22.15000 0.02953
22.25000 0.02956
22.35000 0.02959
22.45000 0.02962
22.55000 0.02965
22.65000 0.02968
22.75000 0.02971
22.85000 0.02974
22.95000 0.02976
23.05000 0.02979
23.15000 0.02981
23.25000 0.02984
23.35000 0.02986
23.45000 0.02989
23.55000 0.02991
23.65000 0.02993
23.75000 0.02995
23.85000 0.02997
23.95000 0.03000
24.05000 0.03002
24.15000 0.03004
24.25000 0.03006
24.35000 0.03009
24.45000 0.03011
24.55000 0.03013
24.65000 0.03015
24.75000 0.03017
24.85000 0.03020
24.95000 0.03022
25.05000 0.03024
25.15000 0.03027
25.25000 0.03029
25.35000 0.03031
25.45000 0.03033
25.55000 0.03034
25.65000 0.03036
25.75000 0.03038
25.85000 0.03039
25.95000 0.03041
26.05000 0.03043
26.15000 0.03044
26.25000 0.03046
26.35000 0.03047
26.45000 0.03049
26.55000 0.03050
26.65000 0.03052
26.75000 0.03053
26.85000 0.03055
26.95000 0.03056
27.05000 0.03058
27.15000 0.03059
27.25000 0.03061
27.35000 0.03062
27.45000 0.03063
27.55000 0.03065
27.65000 0.03066
27.75000 0.03068
27.85000 0.03069
27.95000 0.03070
28.05000 0.03071
28.15000 0.03072
28.25000 0.03074
28.35000 0.03075
28.45000 0.03076
28.55000 0.03077
28.65000 0.03078
28.75000 0.03079
28.85000 0.03081
28.95000 0.03082
29.05000 0.03083
29.15000 0.03084
29.25000 0.03086
29.35000 0.03087
29.45000 0.03088
29.55000 0.03089
29.65000 0.03090
29.75000 0.03091
29.85000 0.03092
29.95000 0.03093
