 0.05000 0.00000
 0.15000 0.00000
 0.25000 0.00000
 0.35000 0.00000
 0.45000 0.00000
 0.55000 0.00000
 0.65000 0.00000
 0.75000 0.00000
 0.85000 0.00000
 0.95000 0.00000
 1.05000 0.00000
 1.15000 0.00000
 1.25000 0.00000
 1.35000 0.00000
 1.45000 0.00000
 1.55000 0.00000
 1.65000 0.00000
 1.75000 0.00000
 1.85000 0.00000
 1.95000 0.00000
 2.05000 0.00000
 2.15000 0.00000
 2.25000 0.00000
 2.35000 0.00000
 2.45000 0.00000
 2.55000 0.00036
 2.65000 0.00444
 2.75000 0.01323
 2.85000 0.01728
 2.95000 0.01491
 3.05000 0.01140
 3.15000 0.00936
 3.25000 0.00879
 3.35000 0.00906
 3.45000 0.00967
 3.55000 0.01029
 3.65000 0.01075
 3.75000 0.01099
 3.85000 0.01101
 3.95000 0.01087
 4.05000 0.01061
 4.15000 0.01024
 4.25000 0.00980
 4.35000 0.00937
 4.45000 0.00898
 4.55000 0.00868
 4.65000 0.00851
 4.75000 0.00848
 4.85000 0.00859
 4.95000 0.00883
 5.05000 0.00918
 5.15000 0.00963
 5.25000 0.01017
 5.35000 0.01073
 5.45000 0.01125
 5.55000 0.01172
 5.65000 0.01227
 5.75000 0.01307
 5.85000 0.01428
 5.95000 0.01570
 6.05000 0.01666
 6.15000 0.01686
 6.25000 0.01662
 6.35000 0.01630
 6.45000 0.01602
 6.55000 0.01581
 6.65000 0.01570
 6.75000 0.01573
 6.85000 0.01590
 6.95000 0.01616
 7.05000 0.01648
 7.15000 0.01683
 7.25000 0.01719
 7.35000 0.01756
 7.45000 0.01790
 7.55000 0.01821
 7.65000 0.01847
 7.75000 0.01874
 7.85000 0.01902
 7.95000 0.01934
 8.05000 0.01968
 8.15000 0.02003
 8.25000 0.02036
 8.35000 0.02064
 8.45000 0.02086
 8.55000 0.02100
 8.65000 0.02109
 8.75000 0.02116
 8.85000 0.02119
 8.95000 0.02123
 9.05000 0.02126
 9.15000 0.02130
 9.25000 0.02136
 9.35000 0.02144
 9.45000 0.02154
 9.55000 0.02167
 9.65000 0.02181
 9.75000 0.02196
 9.85000 0.02213
 9.95000 0.02231
10.05000 0.02248
10.15000 0.02265
10.25000 0.02282
10.35000 0.02298
10.45000 0.02314
10.55000 0.02328
10.65000 0.02342
10.75000 0.02355
10.85000 0.02367
10.95000 0.02379
11.05000 0.02392
11.15000 0.02406
11.25000 0.02419
11.35000 0.02432
11.45000 0.02444
11.55000 0.02453
11.65000 0.02462
11.75000 0.02469
11.85000 0.02476
11.95000 0.02484
12.05000 0.02491
12.15000 0.02498
12.25000 0.02505
12.35000 0.02511
12.45000 0.02517
12.55000 0.02523
12.65000 0.02528
12.75000 0.02533
12.85000 0.02537
12.95000 0.02541
13.05000 0.02545
13.15000 0.02550
13.25000 0.02554
13.35000 0.02558
13.45000 0.02563
13.55000 0.02569
13.65000 0.02574
13.75000 0.02580
13.85000 0.02587
13.95000 0.02594
14.05000 0.02600
14.15000 0.02607
14.25000 0.02614
14.35000 0.02620
14.45000 0.02626
14.55000 0.02633
14.65000 0.02639
14.75000 0.02644
14.85000 0.02650
14.95000 0.02655
15.05000 0.02660
15.15000 0.02665
15.25000 0.02668
15.35000 0.02673
15.45000 0.02678
15.55000 0.02682
15.65000 0.02686
15.75000 0.02691
15.85000 0.02696
15.95000 0.02701
16.05000 0.02706
16.15000 0.02712
16.25000 0.02717
16.35000 0.02722
16.45000 0.02727
16.55000 0.02732
16.65000 0.02737
16.75000 0.02742
16.85000 0.02746
16.95000 0.02751
17.05000 0.02756
17.15000 0.02761
17.25000 0.02765
17.35000 0.02770
17.45000 0.02775
17.55000 0.02779
17.65000 0.02783
17.75000 0.02787
17.85000 0.02792
17.95000 0.02796
18.05000 0.02800
18.15000 0.02804
18.25000 0.02809
18.35000 0.02814
18.45000 0.02818
18.55000 0.02822
18.65000 0.02826
18.75000 0.02831
18.85000 0.02835
18.95000 0.02840
19.05000 0.02844
19.15000 0.02848
19.25000 0.02852
19.35000 0.02856
19.45000 0.02859
19.55000 0.02863
19.65000 0.02867
19.75000 0.02871
19.85000 0.02874
19.95000 0.02878
20.05000 0.02882
20.15000 0.02885
20.25000 0.02888
20.35000 0.02892
20.45000 0.02896
20.55000 0.02899
20.65000 0.02902
20.75000 0.02906
20.85000 0.02909
20.95000 0.02912
21.05000 0.02915
21.15000 0.02919
21.25000 0.02922
21.35000 0.02924
21.45000 0.02927
21.55000 0.02931
21.65000 0.02934
21.75000 0.02937
21.85000 0.02940
21.95000 0.02943
22.05000 0.02947
22.15000 0.02950
22.25000 0.02953
22.35000 0.02956
22.45000 0.02959
22.55000 0.02962
22.65000 0.02965
22.75000 0.02968
22.85000 0.02971
22.95000 0.02974
23.05000 0.02977
23.15000 0.02980
23.25000 0.02982
23.35000 0.02985
23.45000 0.02987
23.55000 0.02990
23.65000 0.02992
23.75000 0.02995
23.85000 0.02997
23.95000 0.02999
24.05000 0.03001
24.15000 0.03003
24.25000 0.03005
24.35000 0.03007
24.45000 0.03009
24.55000 0.03011
24.65000 0.03014
24.75000 0.03016
24.85000 0.03018
24.95000 0.03020
25.05000 0.03022
25.15000 0.03024
25.25000 0.03026
25.35000 0.03028
25.45000 0.03030
25.55000 0.03032
25.65000 0.03034
25.75000 0.03036
25.85000 0.03038
25.95000 0.03040
26.05000 0.03042
26.15000 0.03043
26.25000 0.03045
26.35000 0.03047
26.45000 0.03049
26.55000 0.03051
26.65000 0.03052
26.75000 0.03053
26.85000 0.03055
26.95000 0.03057
27.05000 0.03058
27.15000 0.03060
27.25000 0.03062
27.35000 0.03063
27.45000 0.03065
27.55000 0.03066
27.65000 0.03068
27.75000 0.03069
27.85000 0.03071
27.95000 0.03072
28.05000 0.03074
28.15000 0.03075
28.25000 0.03076
28.35000 0.03078
28.45000 0.03079
28.55000 0.03080
28.65000 0.03081
28.75000 0.03082
28.85000 0.03083
28.95000 0.03085
29.05000 0.03086
29.15000 0.03087
29.25000 0.03088
29.35000 0.03089
29.45000 0.03090
29.55000 0.03091
29.65000 0.03093
29.75000 0.03094
29.85000 0.03095
29.95000 0.03095
