 0.05000 0.00000
 0.15000 0.00000
 0.25000 0.00000
 0.35000 0.00000
 0.45000 0.00000
 0.55000 0.00000
 0.65000 0.00000
 0.75000 0.00000
 0.85000 0.00000
 0.95000 0.00000
 1.05000 0.00000
 1.15000 0.00000
 1.25000 0.00000
 1.35000 0.00000
 1.45000 0.00000
 1.55000 0.00000
 1.65000 0.00000
 1.75000 0.00000
 1.85000 0.00000
 1.95000 0.00000
 2.05000 0.00000
 2.15000 0.00000
 2.25000 0.00000
 2.35000 0.00000
 2.45000 0.00000
 2.55000 0.00000
 2.65000 0.00000
 2.75000 0.00000
 2.85000 0.00000
 2.95000 0.00002
 3.05000 0.00030
 3.15000 0.00212
 3.25000 0.00802
 3.35000 0.01914
 3.45000 0.03216
 3.55000 0.04155
 3.65000 0.04524
 3.75000 0.04540
 3.85000 0.04356
 3.95000 0.03825
 4.05000 0.02910
 4.15000 0.01996
 4.25000 0.01431
 4.35000 0.01193
 4.45000 0.01134
 4.55000 0.01159
 4.65000 0.01224
 4.75000 0.01312
 4.85000 0.01417
 4.95000 0.01528
 5.05000 0.01642
 5.15000 0.01752
 5.25000 0.01852
 5.35000 0.01937
 5.45000 0.02011
 5.55000 0.02076
 5.65000 0.02135
 5.75000 0.02188
 5.85000 0.02232
 5.95000 0.02266
 6.05000 0.02281
 6.15000 0.02271
 6.25000 0.02240
 6.35000 0.02199
 6.45000 0.02153
 6.55000 0.02113
 6.65000 0.02084
 6.75000 0.02067
 6.85000 0.02065
 6.95000 0.02075
 7.05000 0.02098
 7.15000 0.02127
 7.25000 0.02158
 7.35000 0.02188
 7.45000 0.02214
 7.55000 0.02237
 7.65000 0.02258
 7.75000 0.02276
 7.85000 0.02293
 7.95000 0.02309
 8.05000 0.02325
 8.15000 0.02338
 8.25000 0.02347
 8.35000 0.02353
 8.45000 0.02355
 8.55000 0.02355
 8.65000 0.02352
 8.75000 0.02347
 8.85000 0.02341
 8.95000 0.02335
 9.05000 0.02329
 9.15000 0.02324
 9.25000 0.02322
 9.35000 0.02321
 9.45000 0.02322
 9.55000 0.02324
 9.65000 0.02327
 9.75000 0.02331
 9.85000 0.02336
 9.95000 0.02342
10.05000 0.02352
10.15000 0.02362
10.25000 0.02372
10.35000 0.02382
10.45000 0.02391
10.55000 0.02401
10.65000 0.02410
10.75000 0.02419
10.85000 0.02428
10.95000 0.02437
11.05000 0.02446
11.15000 0.02455
11.25000 0.02463
11.35000 0.02471
11.45000 0.02479
11.55000 0.02488
11.65000 0.02496
11.75000 0.02505
11.85000 0.02513
11.95000 0.02522
12.05000 0.02529
12.15000 0.02536
12.25000 0.02542
12.35000 0.02546
12.45000 0.02550
12.55000 0.02553
12.65000 0.02556
12.75000 0.02558
12.85000 0.02559
12.95000 0.02560
13.05000 0.02561
13.15000 0.02563
13.25000 0.02567
13.35000 0.02570
13.45000 0.02575
13.55000 0.02579
13.65000 0.02585
13.75000 0.02591
13.85000 0.02598
13.95000 0.02606
14.05000 0.02613
14.15000 0.02621
14.25000 0.02629
14.35000 0.02637
14.45000 0.02645
14.55000 0.02652
14.65000 0.02659
14.75000 0.02665
14.85000 0.02671
14.95000 0.02677
15.05000 0.02681
15.15000 0.02686
15.25000 0.02690
15.35000 0.02693
15.45000 0.02696
15.55000 0.02699
15.65000 0.02702
15.75000 0.02705
15.85000 0.02708
15.95000 0.02711
16.05000 0.02714
16.15000 0.02718
16.25000 0.02722
16.35000 0.02727
16.45000 0.02731
16.55000 0.02736
16.65000 0.02742
16.75000 0.02747
16.85000 0.02753
16.95000 0.02758
17.05000 0.02764
17.15000 0.02770
17.25000 0.02775
17.35000 0.02780
17.45000 0.02784
17.55000 0.02789
17.65000 0.02793
17.75000 0.02798
17.85000 0.02802
17.95000 0.02805
18.05000 0.02809
18.15000 0.02813
18.25000 0.02818
18.35000 0.02821
18.45000 0.02825
18.55000 0.02829
18.65000 0.02832
18.75000 0.02836
18.85000 0.02839
18.95000 0.02842
19.05000 0.02845
19.15000 0.02849
19.25000 0.02852
19.35000 0.02855
19.45000 0.02858
19.55000 0.02861
19.65000 0.02864
19.75000 0.02866
19.85000 0.02869
19.95000 0.02872
20.05000 0.02875
20.15000 0.02878
20.25000 0.02881
20.35000 0.02883
20.45000 0.02886
20.55000 0.02888
20.65000 0.02891
20.75000 0.02893
20.85000 0.02896
20.95000 0.02899
21.05000 0.02902
21.15000 0.02905
21.25000 0.02908
21.35000 0.02910
21.45000 0.02913
21.55000 0.02916
21.65000 0.02919
21.75000 0.02921
21.85000 0.02924
21.95000 0.02927
22.05000 0.02929
22.15000 0.02932
22.25000 0.02934
22.35000 0.02936
22.45000 0.02939
22.55000 0.02942
22.65000 0.02945
22.75000 0.02947
22.85000 0.02950
22.95000 0.02953
23.05000 0.02955
23.15000 0.02958
23.25000 0.02960
23.35000 0.02963
23.45000 0.02965
23.55000 0.02968
23.65000 0.02970
23.75000 0.02973
23.85000 0.02975
23.95000 0.02977
24.05000 0.02979
24.15000 0.02982
24.25000 0.02984
24.35000 0.02986
24.45000 0.02989
24.55000 0.02991
24.65000 0.02993
24.75000 0.02996
24.85000 0.02998
24.95000 0.03000
25.05000 0.03003
25.15000 0.03005
25.25000 0.03007
25.35000 0.03009
25.45000 0.03012
25.55000 0.03014
25.65000 0.03016
25.75000 0.03018
25.85000 0.03021
25.95000 0.03023
26.05000 0.03025
26.15000 0.03027
26.25000 0.03029
26.35000 0.03031
26.45000 0.03033
26.55000 0.03035
26.65000 0.03037
26.75000 0.03039
26.85000 0.03041
26.95000 0.03043
27.05000 0.03045
27.15000 0.03047
27.25000 0.03049
27.35000 0.03050
27.45000 0.03052
27.55000 0.03054
27.65000 0.03055
27.75000 0.03057
27.85000 0.03059
27.95000 0.03061
28.05000 0.03063
28.15000 0.03064
28.25000 0.03066
28.35000 0.03067
28.45000 0.03069
28.55000 0.03071
28.65000 0.03072
28.75000 0.03073
28.85000 0.03075
28.95000 0.03076
29.05000 0.03077
29.15000 0.03079
29.25000 0.03080
29.35000 0.03081
29.45000 0.03082
29.55000 0.03083
29.65000 0.03084
29.75000 0.03085
29.85000 0.03086
29.95000 0.03088
