#Distance_(Ang) :1-50@N3_=>_:WAT@O
       0.050000           0.000000
       0.150000           0.000000
       0.250000           0.000000
       0.350000           0.000000
       0.450000           0.000000
       0.550000           0.000000
       0.650000           0.000000
       0.750000           0.000000
       0.850000           0.000000
       0.950000           0.000000
       1.050000           0.000000
       1.150000           0.000000
       1.250000           0.000000
       1.350000           0.000000
       1.450000           0.000000
       1.550000           0.000000
       1.650000           0.000000
       1.750000           0.000000
       1.850000           0.000000
       1.950000           0.000000
       2.050000           0.000000
       2.150000           0.000000
       2.250000           0.000000
       2.350000           0.000000
       2.450000           0.000001
       2.550000           0.000244
       2.650000           0.003340
       2.750000           0.010827
       2.850000           0.015737
       2.950000           0.015405
       3.050000           0.013480
       3.150000           0.012117
       3.250000           0.011647
       3.350000           0.011722
       3.450000           0.011968
       3.550000           0.012185
       3.650000           0.012276
       3.750000           0.012283
       3.850000           0.012238
       3.950000           0.012182
       4.050000           0.012178
       4.150000           0.012255
       4.250000           0.012465
       4.350000           0.012812
       4.450000           0.013318
       4.550000           0.014011
       4.650000           0.015102
       4.750000           0.016659
       4.850000           0.018112
       4.950000           0.018413
       5.050000           0.017411
       5.150000           0.016080
       5.250000           0.015146
       5.350000           0.014688
       5.450000           0.014577
       5.550000           0.014693
       5.650000           0.014950
       5.750000           0.015213
       5.850000           0.015379
       5.950000           0.015409
       6.050000           0.015364
       6.150000           0.015261
       6.250000           0.015140
       6.350000           0.015038
       6.450000           0.014979
       6.550000           0.014966
       6.650000           0.014997
       6.750000           0.015059
       6.850000           0.015129
       6.950000           0.015232
       7.050000           0.015348
       7.150000           0.015506
       7.250000           0.015693
       7.350000           0.015895
       7.450000           0.016115
       7.550000           0.016350
       7.650000           0.016611
       7.750000           0.016903
       7.850000           0.017197
       7.950000           0.017512
       8.050000           0.017802
       8.150000           0.018062
       8.250000           0.018275
       8.350000           0.018455
       8.450000           0.018605
       8.550000           0.018754
       8.650000           0.018912
       8.750000           0.019067
       8.850000           0.019220
       8.950000           0.019371
       9.050000           0.019488
       9.150000           0.019587
       9.250000           0.019673
       9.350000           0.019760
       9.450000           0.019846
       9.550000           0.019942
       9.650000           0.020054
       9.750000           0.020165
       9.850000           0.020269
       9.950000           0.020357
      10.050000           0.020432
      10.150000           0.020509
      10.250000           0.020604
      10.350000           0.020717
      10.450000           0.020832
      10.550000           0.020946
      10.650000           0.021043
      10.750000           0.021137
      10.850000           0.021235
      10.950000           0.021324
      11.050000           0.021431
      11.150000           0.021545
      11.250000           0.021669
      11.350000           0.021769
      11.450000           0.021836
      11.550000           0.021852
      11.650000           0.021845
      11.750000           0.021842
      11.850000           0.021865
      11.950000           0.021920
      12.050000           0.022003
      12.150000           0.022102
      12.250000           0.022226
      12.350000           0.022362
      12.450000           0.022509
      12.550000           0.022642
      12.650000           0.022764
      12.750000           0.022864
      12.850000           0.022951
      12.950000           0.023018
      13.050000           0.023073
      13.150000           0.023124
      13.250000           0.023172
      13.350000           0.023214
      13.450000           0.023270
      13.550000           0.023313
      13.650000           0.023370
      13.750000           0.023428
      13.850000           0.023501
      13.950000           0.023582
      14.050000           0.023661
      14.150000           0.023739
      14.250000           0.023830
      14.350000           0.023921
      14.450000           0.024009
      14.550000           0.024094
      14.650000           0.024185
      14.750000           0.024265
      14.850000           0.024344
      14.950000           0.024421
      15.050000           0.024496
      15.150000           0.024558
      15.250000           0.024625
      15.350000           0.024677
      15.450000           0.024738
      15.550000           0.024785
      15.650000           0.024836
      15.750000           0.024880
      15.850000           0.024925
      15.950000           0.024965
      16.050000           0.025006
      16.150000           0.025054
      16.250000           0.025112
      16.350000           0.025182
      16.450000           0.025267
      16.550000           0.025345
      16.650000           0.025432
      16.750000           0.025521
      16.850000           0.025604
      16.950000           0.025690
      17.050000           0.025768
      17.150000           0.025839
      17.250000           0.025910
      17.350000           0.025971
      17.450000           0.026028
      17.550000           0.026087
      17.650000           0.026152
      17.750000           0.026215
      17.850000           0.026281
      17.950000           0.026343
      18.050000           0.026409
      18.150000           0.026481
      18.250000           0.026552
      18.350000           0.026626
      18.450000           0.026697
      18.550000           0.026770
      18.650000           0.026849
      18.750000           0.026927
      18.850000           0.027002
      18.950000           0.027074
      19.050000           0.027149
      19.150000           0.027218
      19.250000           0.027288
      19.350000           0.027358
      19.450000           0.027420
      19.550000           0.027489
      19.650000           0.027553
      19.750000           0.027621
      19.850000           0.027689
      19.950000           0.027747
      20.050000           0.027815
      20.150000           0.027875
      20.250000           0.027938
      20.350000           0.027995
      20.450000           0.028055
      20.550000           0.028111
      20.650000           0.028166
      20.750000           0.028226
      20.850000           0.028280
      20.950000           0.028333
      21.050000           0.028384
      21.150000           0.028433
      21.250000           0.028488
      21.350000           0.028539
      21.450000           0.028591
      21.550000           0.028642
      21.650000           0.028694
      21.750000           0.028749
      21.850000           0.028805
      21.950000           0.028855
      22.050000           0.028906
      22.150000           0.028957
      22.250000           0.029005
      22.350000           0.029057
      22.450000           0.029100
      22.550000           0.029146
      22.650000           0.029193
      22.750000           0.029238
      22.850000           0.029284
      22.950000           0.029323
      23.050000           0.029370
      23.150000           0.029413
      23.250000           0.029459
      23.350000           0.029505
      23.450000           0.029547
      23.550000           0.029599
      23.650000           0.029646
      23.750000           0.029696
      23.850000           0.029745
      23.950000           0.029798
      24.050000           0.029846
      24.150000           0.029893
      24.250000           0.029935
      24.350000           0.029978
      24.450000           0.030019
      24.550000           0.030053
      24.650000           0.030088
      24.750000           0.030119
      24.850000           0.030156
      24.950000           0.030186
      25.050000           0.030217
      25.150000           0.030247
      25.250000           0.030278
      25.350000           0.030311
      25.450000           0.030340
      25.550000           0.030376
      25.650000           0.030410
      25.750000           0.030445
      25.850000           0.030482
      25.950000           0.030517
      26.050000           0.030556
      26.150000           0.030592
      26.250000           0.030632
      26.350000           0.030665
      26.450000           0.030701
      26.550000           0.030738
      26.650000           0.030767
      26.750000           0.030800
      26.850000           0.030829
      26.950000           0.030857
      27.050000           0.030884
      27.150000           0.030909
      27.250000           0.030930
      27.350000           0.030952
      27.450000           0.030976
      27.550000           0.030991
      27.650000           0.031012
      27.750000           0.031028
      27.850000           0.031047
      27.950000           0.031060
      28.050000           0.031075
      28.150000           0.031090
      28.250000           0.031104
      28.350000           0.031119
      28.450000           0.031132
      28.550000           0.031145
      28.650000           0.031160
      28.750000           0.031172
      28.850000           0.031185
      28.950000           0.031200
      29.050000           0.031212
      29.150000           0.031224
      29.250000           0.031239
      29.350000           0.031249
      29.450000           0.031263
      29.550000           0.031276
      29.650000           0.031289
      29.750000           0.031304
      29.850000           0.031315
      29.950000           0.031327
