#Distance_(Ang) :C,C3@P_=>_:WAT@O
       0.050000          0.000000
       0.150000          0.000000
       0.250000          0.000000
       0.350000          0.000000
       0.450000          0.000000
       0.550000          0.000000
       0.650000          0.000000
       0.750000          0.000000
       0.850000          0.000000
       0.950000          0.000000
       1.050000          0.000000
       1.150000          0.000000
       1.250000          0.000000
       1.350000          0.000000
       1.450000          0.000000
       1.550000          0.000000
       1.650000          0.000000
       1.750000          0.000000
       1.850000          0.000000
       1.950000          0.000000
       2.050000          0.000000
       2.150000          0.000000
       2.250000          0.000000
       2.350000          0.000000
       2.450000          0.000000
       2.550000          0.000000
       2.650000          0.000000
       2.750000          0.000000
       2.850000          0.000000
       2.950000          0.000017
       3.050000          0.000281
       3.150000          0.001937
       3.250000          0.007214
       3.350000          0.017196
       3.450000          0.028887
       3.550000          0.037234
       3.650000          0.040444
       3.750000          0.039902
       3.850000          0.037212
       3.950000          0.032310
       4.050000          0.025191
       4.150000          0.018042
       4.250000          0.013426
       4.350000          0.011391
       4.450000          0.010813
       4.550000          0.010860
       4.650000          0.011158
       4.750000          0.011588
       4.850000          0.012124
       4.950000          0.012778
       5.050000          0.013517
       5.150000          0.014335
       5.250000          0.015189
       5.350000          0.016023
       5.450000          0.016841
       5.550000          0.017582
       5.650000          0.018199
       5.750000          0.018669
       5.850000          0.018946
       5.950000          0.019052
       6.050000          0.018984
       6.150000          0.018783
       6.250000          0.018530
       6.350000          0.018251
       6.450000          0.017979
       6.550000          0.017768
       6.650000          0.017630
       6.750000          0.017603
       6.850000          0.017656
       6.950000          0.017780
       7.050000          0.017930
       7.150000          0.018118
       7.250000          0.018314
       7.350000          0.018526
       7.450000          0.018731
       7.550000          0.018935
       7.650000          0.019146
       7.750000          0.019365
       7.850000          0.019585
       7.950000          0.019808
       8.050000          0.020012
       8.150000          0.020176
       8.250000          0.020308
       8.350000          0.020395
       8.450000          0.020464
       8.550000          0.020534
       8.650000          0.020619
       8.750000          0.020733
       8.850000          0.020880
       8.950000          0.021044
       9.050000          0.021203
       9.150000          0.021371
       9.250000          0.021543
       9.350000          0.021712
       9.450000          0.021865
       9.550000          0.021998
       9.650000          0.022116
       9.750000          0.022222
       9.850000          0.022324
       9.950000          0.022394
      10.050000          0.022455
      10.150000          0.022477
      10.250000          0.022465
      10.350000          0.022434
      10.450000          0.022404
      10.550000          0.022377
      10.650000          0.022368
      10.750000          0.022366
      10.850000          0.022380
      10.950000          0.022403
      11.050000          0.022457
      11.150000          0.022545
      11.250000          0.022649
      11.350000          0.022781
      11.450000          0.022915
      11.550000          0.023042
      11.650000          0.023152
      11.750000          0.023243
      11.850000          0.023329
      11.950000          0.023394
      12.050000          0.023448
      12.150000          0.023503
      12.250000          0.023558
      12.350000          0.023620
      12.450000          0.023688
      12.550000          0.023737
      12.650000          0.023788
      12.750000          0.023831
      12.850000          0.023877
      12.950000          0.023918
      13.050000          0.023952
      13.150000          0.023990
      13.250000          0.024037
      13.350000          0.024098
      13.450000          0.024170
      13.550000          0.024251
      13.650000          0.024329
      13.750000          0.024405
      13.850000          0.024469
      13.950000          0.024528
      14.050000          0.024580
      14.150000          0.024630
      14.250000          0.024686
      14.350000          0.024738
      14.450000          0.024782
      14.550000          0.024829
      14.650000          0.024858
      14.750000          0.024887
      14.850000          0.024907
      14.950000          0.024915
      15.050000          0.024939
      15.150000          0.024959
      15.250000          0.024987
      15.350000          0.025028
      15.450000          0.025085
      15.550000          0.025156
      15.650000          0.025228
      15.750000          0.025317
      15.850000          0.025402
      15.950000          0.025481
      16.050000          0.025552
      16.150000          0.025617
      16.250000          0.025668
      16.350000          0.025712
      16.450000          0.025758
      16.550000          0.025797
      16.650000          0.025841
      16.750000          0.025894
      16.850000          0.025947
      16.950000          0.026000
      17.050000          0.026062
      17.150000          0.026123
      17.250000          0.026199
      17.350000          0.026263
      17.450000          0.026335
      17.550000          0.026405
      17.650000          0.026482
      17.750000          0.026556
      17.850000          0.026634
      17.950000          0.026718
      18.050000          0.026797
      18.150000          0.026879
      18.250000          0.026961
      18.350000          0.027039
      18.450000          0.027112
      18.550000          0.027171
      18.650000          0.027233
      18.750000          0.027285
      18.850000          0.027333
      18.950000          0.027383
      19.050000          0.027434
      19.150000          0.027488
      19.250000          0.027546
      19.350000          0.027605
      19.450000          0.027665
      19.550000          0.027728
      19.650000          0.027799
      19.750000          0.027859
      19.850000          0.027924
      19.950000          0.027996
      20.050000          0.028066
      20.150000          0.028138
      20.250000          0.028195
      20.350000          0.028248
      20.450000          0.028299
      20.550000          0.028344
      20.650000          0.028382
      20.750000          0.028413
      20.850000          0.028445
      20.950000          0.028474
      21.050000          0.028498
      21.150000          0.028524
      21.250000          0.028542
      21.350000          0.028568
      21.450000          0.028594
      21.550000          0.028626
      21.650000          0.028659
      21.750000          0.028692
      21.850000          0.028729
      21.950000          0.028769
      22.050000          0.028812
      22.150000          0.028854
      22.250000          0.028906
      22.350000          0.028950
      22.450000          0.028997
      22.550000          0.029048
      22.650000          0.029099
      22.750000          0.029145
      22.850000          0.029191
      22.950000          0.029239
      23.050000          0.029286
      23.150000          0.029327
      23.250000          0.029370
      23.350000          0.029409
      23.450000          0.029445
      23.550000          0.029481
      23.650000          0.029510
      23.750000          0.029544
      23.850000          0.029577
      23.950000          0.029609
      24.050000          0.029643
      24.150000          0.029674
      24.250000          0.029709
      24.350000          0.029747
      24.450000          0.029776
      24.550000          0.029808
      24.650000          0.029845
      24.750000          0.029882
      24.850000          0.029914
      24.950000          0.029951
      25.050000          0.029989
      25.150000          0.030027
      25.250000          0.030064
      25.350000          0.030109
      25.450000          0.030143
      25.550000          0.030178
      25.650000          0.030212
      25.750000          0.030244
      25.850000          0.030273
      25.950000          0.030298
      26.050000          0.030320
      26.150000          0.030340
      26.250000          0.030360
      26.350000          0.030382
      26.450000          0.030399
      26.550000          0.030418
      26.650000          0.030436
      26.750000          0.030457
      26.850000          0.030480
      26.950000          0.030498
      27.050000          0.030521
      27.150000          0.030544
      27.250000          0.030571
      27.350000          0.030595
      27.450000          0.030620
      27.550000          0.030643
      27.650000          0.030667
      27.750000          0.030693
      27.850000          0.030718
      27.950000          0.030739
      28.050000          0.030759
      28.150000          0.030786
      28.250000          0.030812
      28.350000          0.030833
      28.450000          0.030856
      28.550000          0.030879
      28.650000          0.030901
      28.750000          0.030922
      28.850000          0.030941
      28.950000          0.030961
      29.050000          0.030980
      29.150000          0.031001
      29.250000          0.031015
      29.350000          0.031037
      29.450000          0.031052
      29.550000          0.031072
      29.650000          0.031087
      29.750000          0.031106
      29.850000          0.031121
      29.950000          0.031135
