#Distance_(Ang) :1-50@O2_=>_:WAT@O
       0.050000           0.000000
       0.150000           0.000000
       0.250000           0.000000
       0.350000           0.000000
       0.450000           0.000000
       0.550000           0.000000
       0.650000           0.000000
       0.750000           0.000000
       0.850000           0.000000
       0.950000           0.000000
       1.050000           0.000000
       1.150000           0.000000
       1.250000           0.000000
       1.350000           0.000000
       1.450000           0.000000
       1.550000           0.000000
       1.650000           0.000000
       1.750000           0.000000
       1.850000           0.000000
       1.950000           0.000000
       2.050000           0.000000
       2.150000           0.000000
       2.250000           0.000000
       2.350000           0.000004
       2.450000           0.000652
       2.550000           0.008058
       2.650000           0.022927
       2.750000           0.029266
       2.850000           0.026606
       2.950000           0.022949
       3.050000           0.020686
       3.150000           0.019357
       3.250000           0.018274
       3.350000           0.017185
       3.450000           0.016104
       3.550000           0.015052
       3.650000           0.014147
       3.750000           0.013374
       3.850000           0.012787
       3.950000           0.012342
       4.050000           0.012035
       4.150000           0.011839
       4.250000           0.011753
       4.350000           0.011827
       4.450000           0.012195
       4.550000           0.012787
       4.650000           0.013292
       4.750000           0.013409
       4.850000           0.013270
       4.950000           0.013121
       5.050000           0.013095
       5.150000           0.013210
       5.250000           0.013396
       5.350000           0.013617
       5.450000           0.013798
       5.550000           0.013948
       5.650000           0.014050
       5.750000           0.014154
       5.850000           0.014244
       5.950000           0.014337
       6.050000           0.014440
       6.150000           0.014573
       6.250000           0.014747
       6.350000           0.014938
       6.450000           0.015179
       6.550000           0.015473
       6.650000           0.015839
       6.750000           0.016321
       6.850000           0.016950
       6.950000           0.017640
       7.050000           0.018142
       7.150000           0.018238
       7.250000           0.018015
       7.350000           0.017680
       7.450000           0.017410
       7.550000           0.017229
       7.650000           0.017106
       7.750000           0.017021
       7.850000           0.017001
       7.950000           0.017024
       8.050000           0.017082
       8.150000           0.017181
       8.250000           0.017317
       8.350000           0.017468
       8.450000           0.017648
       8.550000           0.017828
       8.650000           0.018026
       8.750000           0.018215
       8.850000           0.018417
       8.950000           0.018640
       9.050000           0.018906
       9.150000           0.019189
       9.250000           0.019498
       9.350000           0.019817
       9.450000           0.020129
       9.550000           0.020429
       9.650000           0.020685
       9.750000           0.020910
       9.850000           0.021096
       9.950000           0.021237
      10.050000           0.021335
      10.150000           0.021373
      10.250000           0.021374
      10.350000           0.021367
      10.450000           0.021347
      10.550000           0.021343
      10.650000           0.021367
      10.750000           0.021409
      10.850000           0.021474
      10.950000           0.021535
      11.050000           0.021582
      11.150000           0.021603
      11.250000           0.021624
      11.350000           0.021653
      11.450000           0.021678
      11.550000           0.021724
      11.650000           0.021790
      11.750000           0.021867
      11.850000           0.021952
      11.950000           0.022040
      12.050000           0.022139
      12.150000           0.022242
      12.250000           0.022349
      12.350000           0.022452
      12.450000           0.022551
      12.550000           0.022648
      12.650000           0.022739
      12.750000           0.022832
      12.850000           0.022927
      12.950000           0.023021
      13.050000           0.023122
      13.150000           0.023211
      13.250000           0.023313
      13.350000           0.023411
      13.450000           0.023492
      13.550000           0.023580
      13.650000           0.023649
      13.750000           0.023722
      13.850000           0.023782
      13.950000           0.023836
      14.050000           0.023891
      14.150000           0.023945
      14.250000           0.023994
      14.350000           0.024056
      14.450000           0.024117
      14.550000           0.024181
      14.650000           0.024253
      14.750000           0.024317
      14.850000           0.024380
      14.950000           0.024451
      15.050000           0.024505
      15.150000           0.024568
      15.250000           0.024627
      15.350000           0.024696
      15.450000           0.024767
      15.550000           0.024842
      15.650000           0.024908
      15.750000           0.024978
      15.850000           0.025041
      15.950000           0.025106
      16.050000           0.025170
      16.150000           0.025233
      16.250000           0.025305
      16.350000           0.025379
      16.450000           0.025450
      16.550000           0.025525
      16.650000           0.025591
      16.750000           0.025658
      16.850000           0.025719
      16.950000           0.025783
      17.050000           0.025841
      17.150000           0.025899
      17.250000           0.025960
      17.350000           0.026023
      17.450000           0.026084
      17.550000           0.026146
      17.650000           0.026209
      17.750000           0.026270
      17.850000           0.026334
      17.950000           0.026396
      18.050000           0.026452
      18.150000           0.026515
      18.250000           0.026580
      18.350000           0.026645
      18.450000           0.026712
      18.550000           0.026785
      18.650000           0.026859
      18.750000           0.026935
      18.850000           0.027013
      18.950000           0.027091
      19.050000           0.027168
      19.150000           0.027239
      19.250000           0.027313
      19.350000           0.027386
      19.450000           0.027457
      19.550000           0.027523
      19.650000           0.027597
      19.750000           0.027668
      19.850000           0.027741
      19.950000           0.027812
      20.050000           0.027881
      20.150000           0.027941
      20.250000           0.028006
      20.350000           0.028061
      20.450000           0.028115
      20.550000           0.028169
      20.650000           0.028214
      20.750000           0.028261
      20.850000           0.028305
      20.950000           0.028355
      21.050000           0.028394
      21.150000           0.028446
      21.250000           0.028500
      21.350000           0.028546
      21.450000           0.028602
      21.550000           0.028655
      21.650000           0.028712
      21.750000           0.028762
      21.850000           0.028820
      21.950000           0.028864
      22.050000           0.028913
      22.150000           0.028965
      22.250000           0.029010
      22.350000           0.029058
      22.450000           0.029109
      22.550000           0.029157
      22.650000           0.029206
      22.750000           0.029250
      22.850000           0.029293
      22.950000           0.029335
      23.050000           0.029373
      23.150000           0.029409
      23.250000           0.029445
      23.350000           0.029480
      23.450000           0.029516
      23.550000           0.029550
      23.650000           0.029587
      23.750000           0.029627
      23.850000           0.029666
      23.950000           0.029705
      24.050000           0.029749
      24.150000           0.029788
      24.250000           0.029831
      24.350000           0.029876
      24.450000           0.029921
      24.550000           0.029964
      24.650000           0.030008
      24.750000           0.030053
      24.850000           0.030099
      24.950000           0.030142
      25.050000           0.030185
      25.150000           0.030235
      25.250000           0.030273
      25.350000           0.030316
      25.450000           0.030354
      25.550000           0.030391
      25.650000           0.030427
      25.750000           0.030458
      25.850000           0.030487
      25.950000           0.030516
      26.050000           0.030546
      26.150000           0.030571
      26.250000           0.030594
      26.350000           0.030618
      26.450000           0.030643
      26.550000           0.030665
      26.650000           0.030689
      26.750000           0.030709
      26.850000           0.030735
      26.950000           0.030757
      27.050000           0.030780
      27.150000           0.030803
      27.250000           0.030831
      27.350000           0.030854
      27.450000           0.030879
      27.550000           0.030901
      27.650000           0.030921
      27.750000           0.030946
      27.850000           0.030967
      27.950000           0.030989
      28.050000           0.031008
      28.150000           0.031028
      28.250000           0.031048
      28.350000           0.031066
      28.450000           0.031086
      28.550000           0.031107
      28.650000           0.031126
      28.750000           0.031141
      28.850000           0.031161
      28.950000           0.031179
      29.050000           0.031196
      29.150000           0.031212
      29.250000           0.031227
      29.350000           0.031242
      29.450000           0.031259
      29.550000           0.031272
      29.650000           0.031287
      29.750000           0.031299
      29.850000           0.031310
      29.950000           0.031320
