#Distance_(Ang) :1-50@N4_=>_:WAT@O
       0.050000           0.000000
       0.150000           0.000000
       0.250000           0.000000
       0.350000           0.000000
       0.450000           0.000000
       0.550000           0.000000
       0.650000           0.000000
       0.750000           0.000000
       0.850000           0.000000
       0.950000           0.000000
       1.050000           0.000000
       1.150000           0.000000
       1.250000           0.000000
       1.350000           0.000000
       1.450000           0.000000
       1.550000           0.000000
       1.650000           0.000000
       1.750000           0.000000
       1.850000           0.000000
       1.950000           0.000000
       2.050000           0.000000
       2.150000           0.000000
       2.250000           0.000000
       2.350000           0.000000
       2.450000           0.000000
       2.550000           0.000010
       2.650000           0.000707
       2.750000           0.007679
       2.850000           0.020739
       2.950000           0.026300
       3.050000           0.024476
       3.150000           0.021539
       3.250000           0.019517
       3.350000           0.018389
       3.450000           0.017739
       3.550000           0.017259
       3.650000           0.016813
       3.750000           0.016325
       3.850000           0.015822
       3.950000           0.015285
       4.050000           0.014762
       4.150000           0.014215
       4.250000           0.013708
       4.350000           0.013269
       4.450000           0.012958
       4.550000           0.012767
       4.650000           0.012674
       4.750000           0.012662
       4.850000           0.012752
       4.950000           0.012956
       5.050000           0.013286
       5.150000           0.013658
       5.250000           0.014082
       5.350000           0.014488
       5.450000           0.014869
       5.550000           0.015189
       5.650000           0.015442
       5.750000           0.015655
       5.850000           0.015845
       5.950000           0.016032
       6.050000           0.016231
       6.150000           0.016429
       6.250000           0.016603
       6.350000           0.016731
       6.450000           0.016822
       6.550000           0.016877
       6.650000           0.016944
       6.750000           0.017012
       6.850000           0.017109
       6.950000           0.017202
       7.050000           0.017182
       7.150000           0.017034
       7.250000           0.016858
       7.350000           0.016755
       7.450000           0.016750
       7.550000           0.016806
       7.650000           0.016907
       7.750000           0.017051
       7.850000           0.017220
       7.950000           0.017394
       8.050000           0.017553
       8.150000           0.017735
       8.250000           0.017893
       8.350000           0.018045
       8.450000           0.018165
       8.550000           0.018265
       8.650000           0.018339
       8.750000           0.018409
       8.850000           0.018478
       8.950000           0.018565
       9.050000           0.018649
       9.150000           0.018736
       9.250000           0.018832
       9.350000           0.018937
       9.450000           0.019036
       9.550000           0.019137
       9.650000           0.019249
       9.750000           0.019387
       9.850000           0.019536
       9.950000           0.019700
      10.050000           0.019888
      10.150000           0.020080
      10.250000           0.020306
      10.350000           0.020551
      10.450000           0.020791
      10.550000           0.021005
      10.650000           0.021196
      10.750000           0.021341
      10.850000           0.021482
      10.950000           0.021579
      11.050000           0.021674
      11.150000           0.021735
      11.250000           0.021781
      11.350000           0.021806
      11.450000           0.021824
      11.550000           0.021835
      11.650000           0.021845
      11.750000           0.021873
      11.850000           0.021897
      11.950000           0.021934
      12.050000           0.021989
      12.150000           0.022055
      12.250000           0.022144
      12.350000           0.022235
      12.450000           0.022332
      12.550000           0.022435
      12.650000           0.022554
      12.750000           0.022681
      12.850000           0.022820
      12.950000           0.022968
      13.050000           0.023082
      13.150000           0.023172
      13.250000           0.023226
      13.350000           0.023269
      13.450000           0.023321
      13.550000           0.023384
      13.650000           0.023455
      13.750000           0.023539
      13.850000           0.023624
      13.950000           0.023709
      14.050000           0.023794
      14.150000           0.023871
      14.250000           0.023929
      14.350000           0.023988
      14.450000           0.024035
      14.550000           0.024071
      14.650000           0.024106
      14.750000           0.024148
      14.850000           0.024197
      14.950000           0.024253
      15.050000           0.024317
      15.150000           0.024393
      15.250000           0.024475
      15.350000           0.024560
      15.450000           0.024652
      15.550000           0.024740
      15.650000           0.024823
      15.750000           0.024904
      15.850000           0.024979
      15.950000           0.025049
      16.050000           0.025119
      16.150000           0.025191
      16.250000           0.025257
      16.350000           0.025326
      16.450000           0.025401
      16.550000           0.025476
      16.650000           0.025550
      16.750000           0.025642
      16.850000           0.025720
      16.950000           0.025806
      17.050000           0.025886
      17.150000           0.025976
      17.250000           0.026053
      17.350000           0.026133
      17.450000           0.026213
      17.550000           0.026286
      17.650000           0.026355
      17.750000           0.026424
      17.850000           0.026482
      17.950000           0.026540
      18.050000           0.026596
      18.150000           0.026651
      18.250000           0.026713
      18.350000           0.026772
      18.450000           0.026833
      18.550000           0.026898
      18.650000           0.026959
      18.750000           0.027018
      18.850000           0.027079
      18.950000           0.027140
      19.050000           0.027196
      19.150000           0.027258
      19.250000           0.027313
      19.350000           0.027370
      19.450000           0.027424
      19.550000           0.027477
      19.650000           0.027538
      19.750000           0.027590
      19.850000           0.027646
      19.950000           0.027703
      20.050000           0.027765
      20.150000           0.027816
      20.250000           0.027878
      20.350000           0.027938
      20.450000           0.027998
      20.550000           0.028054
      20.650000           0.028114
      20.750000           0.028177
      20.850000           0.028233
      20.950000           0.028290
      21.050000           0.028348
      21.150000           0.028406
      21.250000           0.028462
      21.350000           0.028517
      21.450000           0.028575
      21.550000           0.028628
      21.650000           0.028686
      21.750000           0.028740
      21.850000           0.028798
      21.950000           0.028855
      22.050000           0.028911
      22.150000           0.028966
      22.250000           0.029020
      22.350000           0.029070
      22.450000           0.029125
      22.550000           0.029175
      22.650000           0.029220
      22.750000           0.029270
      22.850000           0.029317
      22.950000           0.029362
      23.050000           0.029405
      23.150000           0.029450
      23.250000           0.029495
      23.350000           0.029542
      23.450000           0.029582
      23.550000           0.029625
      23.650000           0.029668
      23.750000           0.029711
      23.850000           0.029749
      23.950000           0.029792
      24.050000           0.029834
      24.150000           0.029876
      24.250000           0.029916
      24.350000           0.029954
      24.450000           0.029992
      24.550000           0.030038
      24.650000           0.030077
      24.750000           0.030118
      24.850000           0.030160
      24.950000           0.030196
      25.050000           0.030238
      25.150000           0.030276
      25.250000           0.030312
      25.350000           0.030349
      25.450000           0.030388
      25.550000           0.030425
      25.650000           0.030463
      25.750000           0.030494
      25.850000           0.030528
      25.950000           0.030559
      26.050000           0.030588
      26.150000           0.030615
      26.250000           0.030643
      26.350000           0.030674
      26.450000           0.030697
      26.550000           0.030725
      26.650000           0.030751
      26.750000           0.030776
      26.850000           0.030798
      26.950000           0.030823
      27.050000           0.030847
      27.150000           0.030869
      27.250000           0.030894
      27.350000           0.030913
      27.450000           0.030936
      27.550000           0.030955
      27.650000           0.030977
      27.750000           0.030997
      27.850000           0.031015
      27.950000           0.031036
      28.050000           0.031055
      28.150000           0.031072
      28.250000           0.031092
      28.350000           0.031106
      28.450000           0.031124
      28.550000           0.031139
      28.650000           0.031155
      28.750000           0.031171
      28.850000           0.031186
      28.950000           0.031201
      29.050000           0.031214
      29.150000           0.031225
      29.250000           0.031239
      29.350000           0.031249
      29.450000           0.031262
      29.550000           0.031271
      29.650000           0.031280
      29.750000           0.031288
      29.850000           0.031299
      29.950000           0.031307
