#Distance_(Ang) :1-50@N1_=>_:Na+
       0.050000         0.000000
       0.150000         0.000000
       0.250000         0.000000
       0.350000         0.000000
       0.450000         0.000000
       0.550000         0.000000
       0.650000         0.000000
       0.750000         0.000000
       0.850000         0.000000
       0.950000         0.000000
       1.050000         0.000000
       1.150000         0.000000
       1.250000         0.000000
       1.350000         0.000000
       1.450000         0.000000
       1.550000         0.000000
       1.650000         0.000000
       1.750000         0.000000
       1.850000         0.000000
       1.950000         0.000000
       2.050000         0.000000
       2.150000         0.000055
       2.250000         0.006171
       2.350000         0.056558
       2.450000         0.118273
       2.550000         0.111312
       2.650000         0.072873
       2.750000         0.040785
       2.850000         0.022832
       2.950000         0.013725
       3.050000         0.008949
       3.150000         0.006108
       3.250000         0.004779
       3.350000         0.004098
       3.450000         0.003909
       3.550000         0.004636
       3.650000         0.006263
       3.750000         0.009718
       3.850000         0.015119
       3.950000         0.024232
       4.050000         0.037609
       4.150000         0.058869
       4.250000         0.090986
       4.350000         0.134989
       4.450000         0.183824
       4.550000         0.216070
       4.650000         0.201762
       4.750000         0.162781
       4.850000         0.136034
       4.950000         0.124473
       5.050000         0.127353
       5.150000         0.141273
       5.250000         0.165333
       5.350000         0.194477
       5.450000         0.218990
       5.550000         0.232355
       5.650000         0.234357
       5.750000         0.232329
       5.850000         0.233506
       5.950000         0.238307
       6.050000         0.244103
       6.150000         0.241466
       6.250000         0.224329
       6.350000         0.195198
       6.450000         0.167482
       6.550000         0.148835
       6.650000         0.137426
       6.750000         0.130472
       6.850000         0.126458
       6.950000         0.124202
       7.050000         0.123737
       7.150000         0.123685
       7.250000         0.124216
       7.350000         0.124770
       7.450000         0.125633
       7.550000         0.128531
       7.650000         0.132939
       7.750000         0.137562
       7.850000         0.141094
       7.950000         0.141483
       8.050000         0.140084
       8.150000         0.138115
       8.250000         0.137153
       8.350000         0.138463
       8.450000         0.141442
       8.550000         0.144765
       8.650000         0.146241
       8.750000         0.145882
       8.850000         0.143621
       8.950000         0.140566
       9.050000         0.137494
       9.150000         0.134396
       9.250000         0.131438
       9.350000         0.128451
       9.450000         0.125249
       9.550000         0.122833
       9.650000         0.121694
       9.750000         0.122253
       9.850000         0.122607
       9.950000         0.122710
      10.050000         0.121726
      10.150000         0.120106
      10.250000         0.117796
      10.350000         0.115863
      10.450000         0.114883
      10.550000         0.114989
      10.650000         0.116188
      10.750000         0.116813
      10.850000         0.116808
      10.950000         0.115923
      11.050000         0.114618
      11.150000         0.113148
      11.250000         0.111841
      11.350000         0.110617
      11.450000         0.109747
      11.550000         0.108952
      11.650000         0.108518
      11.750000         0.107953
      11.850000         0.107115
      11.950000         0.106154
      12.050000         0.105324
      12.150000         0.104454
      12.250000         0.103879
      12.350000         0.103471
      12.450000         0.103333
      12.550000         0.103089
      12.650000         0.102608
      12.750000         0.101568
      12.850000         0.099786
      12.950000         0.097324
      13.050000         0.094671
      13.150000         0.092389
      13.250000         0.090664
      13.350000         0.089864
      13.450000         0.089475
      13.550000         0.089204
      13.650000         0.089092
      13.750000         0.088284
      13.850000         0.087234
      13.950000         0.085832
      14.050000         0.084584
      14.150000         0.083215
      14.250000         0.082300
      14.350000         0.081446
      14.450000         0.080772
      14.550000         0.079868
      14.650000         0.079536
      14.750000         0.079316
      14.850000         0.079274
      14.950000         0.079113
      15.050000         0.078829
      15.150000         0.078326
      15.250000         0.077891
      15.350000         0.077394
      15.450000         0.076967
      15.550000         0.076586
      15.650000         0.076305
      15.750000         0.075998
      15.850000         0.075870
      15.950000         0.075721
      16.050000         0.075789
      16.150000         0.075697
      16.250000         0.075552
      16.350000         0.075131
      16.450000         0.074368
      16.550000         0.073221
      16.650000         0.071992
      16.750000         0.070710
      16.850000         0.069442
      16.950000         0.068300
      17.050000         0.067386
      17.150000         0.066628
      17.250000         0.066082
      17.350000         0.065512
      17.450000         0.065332
      17.550000         0.065097
      17.650000         0.064883
      17.750000         0.064609
      17.850000         0.064352
      17.950000         0.064071
      18.050000         0.063697
      18.150000         0.063324
      18.250000         0.062959
      18.350000         0.062481
      18.450000         0.061985
      18.550000         0.061444
      18.650000         0.060586
      18.750000         0.059805
      18.850000         0.059000
      18.950000         0.058086
      19.050000         0.057476
      19.150000         0.056850
      19.250000         0.056291
      19.350000         0.055858
      19.450000         0.055495
      19.550000         0.055408
      19.650000         0.055425
      19.750000         0.055473
      19.850000         0.055538
      19.950000         0.055686
      20.050000         0.055655
      20.150000         0.055588
      20.250000         0.055422
      20.350000         0.055178
      20.450000         0.054879
      20.550000         0.054527
      20.650000         0.054064
      20.750000         0.053634
      20.850000         0.053177
      20.950000         0.052691
      21.050000         0.052156
      21.150000         0.051716
      21.250000         0.051322
      21.350000         0.050884
      21.450000         0.050505
      21.550000         0.050189
      21.650000         0.049877
      21.750000         0.049555
      21.850000         0.049252
      21.950000         0.048923
      22.050000         0.048498
      22.150000         0.048113
      22.250000         0.047703
      22.350000         0.047269
      22.450000         0.046837
      22.550000         0.046378
      22.650000         0.045912
      22.750000         0.045493
      22.850000         0.045064
      22.950000         0.044782
      23.050000         0.044550
      23.150000         0.044349
      23.250000         0.044217
      23.350000         0.044087
      23.450000         0.043886
      23.550000         0.043716
      23.650000         0.043573
      23.750000         0.043356
      23.850000         0.043186
      23.950000         0.042930
      24.050000         0.042720
      24.150000         0.042496
      24.250000         0.042317
      24.350000         0.042118
      24.450000         0.041870
      24.550000         0.041628
      24.650000         0.041368
      24.750000         0.041126
      24.850000         0.040874
      24.950000         0.040643
      25.050000         0.040400
      25.150000         0.040242
      25.250000         0.040051
      25.350000         0.039874
      25.450000         0.039739
      25.550000         0.039694
      25.650000         0.039510
      25.750000         0.039470
      25.850000         0.039310
      25.950000         0.039178
      26.050000         0.039089
      26.150000         0.038937
      26.250000         0.038870
      26.350000         0.038756
      26.450000         0.038740
      26.550000         0.038624
      26.650000         0.038544
      26.750000         0.038444
      26.850000         0.038412
      26.950000         0.038288
      27.050000         0.038163
      27.150000         0.038026
      27.250000         0.037788
      27.350000         0.037673
      27.450000         0.037445
      27.550000         0.037307
      27.650000         0.037099
      27.750000         0.036912
      27.850000         0.036746
      27.950000         0.036566
      28.050000         0.036425
      28.150000         0.036263
      28.250000         0.036086
      28.350000         0.035931
      28.450000         0.035797
      28.550000         0.035698
      28.650000         0.035552
      28.750000         0.035482
      28.850000         0.035348
      28.950000         0.035276
      29.050000         0.035148
      29.150000         0.035042
      29.250000         0.034955
      29.350000         0.034824
      29.450000         0.034737
      29.550000         0.034659
      29.650000         0.034526
      29.750000         0.034415
      29.850000         0.034342
      29.950000         0.034230
