#Distance_(Ang) :1-50@N3_=>_:Na+
       0.050000         0.000000
       0.150000         0.000000
       0.250000         0.000000
       0.350000         0.000000
       0.450000         0.000000
       0.550000         0.000000
       0.650000         0.000000
       0.750000         0.000000
       0.850000         0.000000
       0.950000         0.000000
       1.050000         0.000000
       1.150000         0.000000
       1.250000         0.000000
       1.350000         0.000000
       1.450000         0.000000
       1.550000         0.000000
       1.650000         0.000000
       1.750000         0.000000
       1.850000         0.000000
       1.950000         0.000000
       2.050000         0.000000
       2.150000         0.000013
       2.250000         0.000749
       2.350000         0.008383
       2.450000         0.022878
       2.550000         0.027842
       2.650000         0.023548
       2.750000         0.017789
       2.850000         0.013513
       2.950000         0.011581
       3.050000         0.011994
       3.150000         0.014044
       3.250000         0.019612
       3.350000         0.030052
       3.450000         0.047882
       3.550000         0.070206
       3.650000         0.092396
       3.750000         0.110055
       3.850000         0.132188
       3.950000         0.165345
       4.050000         0.208632
       4.150000         0.248507
       4.250000         0.272027
       4.350000         0.285690
       4.450000         0.297947
       4.550000         0.268816
       4.650000         0.199047
       4.750000         0.147182
       4.850000         0.123099
       4.950000         0.111406
       5.050000         0.104531
       5.150000         0.101406
       5.250000         0.103073
       5.350000         0.110045
       5.450000         0.122709
       5.550000         0.138654
       5.650000         0.157263
       5.750000         0.178725
       5.850000         0.197306
       5.950000         0.190072
       6.050000         0.157701
       6.150000         0.130772
       6.250000         0.122399
       6.350000         0.127645
       6.450000         0.138045
       6.550000         0.148118
       6.650000         0.153722
       6.750000         0.153906
       6.850000         0.150476
       6.950000         0.145617
       7.050000         0.140509
       7.150000         0.136279
       7.250000         0.133388
       7.350000         0.132005
       7.450000         0.131411
       7.550000         0.130228
       7.650000         0.127805
       7.750000         0.124071
       7.850000         0.120804
       7.950000         0.119337
       8.050000         0.120297
       8.150000         0.123804
       8.250000         0.127743
       8.350000         0.130416
       8.450000         0.130796
       8.550000         0.128536
       8.650000         0.125090
       8.750000         0.121802
       8.850000         0.120073
       8.950000         0.119520
       9.050000         0.120903
       9.150000         0.122641
       9.250000         0.124749
       9.350000         0.126263
       9.450000         0.127569
       9.550000         0.128450
       9.650000         0.128936
       9.750000         0.129748
       9.850000         0.130365
       9.950000         0.131162
      10.050000         0.132607
      10.150000         0.134332
      10.250000         0.135518
      10.350000         0.136770
      10.450000         0.136883
      10.550000         0.136213
      10.650000         0.134028
      10.750000         0.131194
      10.850000         0.128574
      10.950000         0.126894
      11.050000         0.126060
      11.150000         0.125316
      11.250000         0.124348
      11.350000         0.123227
      11.450000         0.121388
      11.550000         0.118850
      11.650000         0.115856
      11.750000         0.112651
      11.850000         0.109444
      11.950000         0.106565
      12.050000         0.104370
      12.150000         0.102432
      12.250000         0.100628
      12.350000         0.099087
      12.450000         0.097641
      12.550000         0.096366
      12.650000         0.094872
      12.750000         0.093384
      12.850000         0.091681
      12.950000         0.090161
      13.050000         0.089014
      13.150000         0.088128
      13.250000         0.087148
      13.350000         0.086108
      13.450000         0.084667
      13.550000         0.083478
      13.650000         0.082551
      13.750000         0.082155
      13.850000         0.082355
      13.950000         0.083031
      14.050000         0.083923
      14.150000         0.084900
      14.250000         0.085467
      14.350000         0.085575
      14.450000         0.085338
      14.550000         0.084508
      14.650000         0.083627
      14.750000         0.082407
      14.850000         0.081258
      14.950000         0.080355
      15.050000         0.079196
      15.150000         0.078114
      15.250000         0.077270
      15.350000         0.076341
      15.450000         0.075571
      15.550000         0.074862
      15.650000         0.074369
      15.750000         0.073924
      15.850000         0.073663
      15.950000         0.073512
      16.050000         0.073606
      16.150000         0.073656
      16.250000         0.073560
      16.350000         0.073320
      16.450000         0.072883
      16.550000         0.072486
      16.650000         0.071956
      16.750000         0.071464
      16.850000         0.070982
      16.950000         0.070601
      17.050000         0.070059
      17.150000         0.069215
      17.250000         0.068223
      17.350000         0.066981
      17.450000         0.065855
      17.550000         0.064849
      17.650000         0.064345
      17.750000         0.064151
      17.850000         0.064179
      17.950000         0.064172
      18.050000         0.064165
      18.150000         0.064062
      18.250000         0.063597
      18.350000         0.062861
      18.450000         0.062191
      18.550000         0.061191
      18.650000         0.060067
      18.750000         0.058998
      18.850000         0.058056
      18.950000         0.057070
      19.050000         0.056191
      19.150000         0.055456
      19.250000         0.055022
      19.350000         0.054632
      19.450000         0.054656
      19.550000         0.054570
      19.650000         0.054747
      19.750000         0.054724
      19.850000         0.054809
      19.950000         0.054711
      20.050000         0.054563
      20.150000         0.054354
      20.250000         0.054050
      20.350000         0.053601
      20.450000         0.053228
      20.550000         0.052838
      20.650000         0.052480
      20.750000         0.052128
      20.850000         0.051813
      20.950000         0.051514
      21.050000         0.051259
      21.150000         0.051089
      21.250000         0.050961
      21.350000         0.050799
      21.450000         0.050661
      21.550000         0.050598
      21.650000         0.050460
      21.750000         0.050256
      21.850000         0.050040
      21.950000         0.049852
      22.050000         0.049690
      22.150000         0.049499
      22.250000         0.049354
      22.350000         0.049075
      22.450000         0.048774
      22.550000         0.048408
      22.650000         0.047935
      22.750000         0.047445
      22.850000         0.046982
      22.950000         0.046332
      23.050000         0.045888
      23.150000         0.045304
      23.250000         0.044863
      23.350000         0.044428
      23.450000         0.044112
      23.550000         0.043772
      23.650000         0.043471
      23.750000         0.043303
      23.850000         0.043012
      23.950000         0.042797
      24.050000         0.042613
      24.150000         0.042375
      24.250000         0.042123
      24.350000         0.041941
      24.450000         0.041741
      24.550000         0.041578
      24.650000         0.041392
      24.750000         0.041159
      24.850000         0.040986
      24.950000         0.040765
      25.050000         0.040562
      25.150000         0.040405
      25.250000         0.040170
      25.350000         0.040068
      25.450000         0.039929
      25.550000         0.039823
      25.650000         0.039722
      25.750000         0.039578
      25.850000         0.039432
      25.950000         0.039342
      26.050000         0.039223
      26.150000         0.039082
      26.250000         0.039029
      26.350000         0.038890
      26.450000         0.038768
      26.550000         0.038651
      26.650000         0.038577
      26.750000         0.038403
      26.850000         0.038198
      26.950000         0.038078
      27.050000         0.037901
      27.150000         0.037785
      27.250000         0.037653
      27.350000         0.037508
      27.450000         0.037402
      27.550000         0.037306
      27.650000         0.037138
      27.750000         0.036992
      27.850000         0.036871
      27.950000         0.036735
      28.050000         0.036614
      28.150000         0.036446
      28.250000         0.036286
      28.350000         0.036156
      28.450000         0.035997
      28.550000         0.035876
      28.650000         0.035758
      28.750000         0.035635
      28.850000         0.035545
      28.950000         0.035401
      29.050000         0.035273
      29.150000         0.035131
      29.250000         0.034972
      29.350000         0.034854
      29.450000         0.034709
      29.550000         0.034575
      29.650000         0.034415
      29.750000         0.034274
      29.850000         0.034189
      29.950000         0.034010
