#Distance_(Ang) :A,A3,U,U3@P_=>_:Na+
       0.050000             0.000000
       0.150000             0.000000
       0.250000             0.000000
       0.350000             0.000000
       0.450000             0.000000
       0.550000             0.000000
       0.650000             0.000000
       0.750000             0.000000
       0.850000             0.000000
       0.950000             0.000000
       1.050000             0.000000
       1.150000             0.000000
       1.250000             0.000000
       1.350000             0.000000
       1.450000             0.000000
       1.550000             0.000000
       1.650000             0.000000
       1.750000             0.000000
       1.850000             0.000000
       1.950000             0.000000
       2.050000             0.000000
       2.150000             0.000000
       2.250000             0.000000
       2.350000             0.000000
       2.450000             0.000000
       2.550000             0.000062
       2.650000             0.008226
       2.750000             0.083344
       2.850000             0.202918
       2.950000             0.289282
       3.050000             0.365297
       3.150000             0.428969
       3.250000             0.516831
       3.350000             0.597377
       3.450000             0.667102
       3.550000             0.784726
       3.650000             0.766929
       3.750000             0.437440
       3.850000             0.157438
       3.950000             0.050585
       4.050000             0.020463
       4.150000             0.013538
       4.250000             0.014251
       4.350000             0.019054
       4.450000             0.027994
       4.550000             0.041032
       4.650000             0.056310
       4.750000             0.073416
       4.850000             0.089393
       4.950000             0.103368
       5.050000             0.116476
       5.150000             0.132154
       5.250000             0.152682
       5.350000             0.176942
       5.450000             0.201590
       5.550000             0.221699
       5.650000             0.231464
       5.750000             0.227064
       5.850000             0.210715
       5.950000             0.189459
       6.050000             0.166253
       6.150000             0.140277
       6.250000             0.115322
       6.350000             0.095392
       6.450000             0.085546
       6.550000             0.083178
       6.650000             0.085210
       6.750000             0.088583
       6.850000             0.091795
       6.950000             0.096162
       7.050000             0.100757
       7.150000             0.104722
       7.250000             0.106894
       7.350000             0.106971
       7.450000             0.107064
       7.550000             0.108219
       7.650000             0.111582
       7.750000             0.118748
       7.850000             0.127973
       7.950000             0.137476
       8.050000             0.144542
       8.150000             0.147252
       8.250000             0.146639
       8.350000             0.144322
       8.450000             0.141054
       8.550000             0.136526
       8.650000             0.131585
       8.750000             0.126722
       8.850000             0.122820
       8.950000             0.120640
       9.050000             0.120597
       9.150000             0.122091
       9.250000             0.124352
       9.350000             0.126193
       9.450000             0.126925
       9.550000             0.125842
       9.650000             0.123994
       9.750000             0.120823
       9.850000             0.117198
       9.950000             0.113538
      10.050000             0.110263
      10.150000             0.107607
      10.250000             0.105763
      10.350000             0.105005
      10.450000             0.105219
      10.550000             0.106163
      10.650000             0.107494
      10.750000             0.108866
      10.850000             0.109989
      10.950000             0.111561
      11.050000             0.113536
      11.150000             0.115262
      11.250000             0.116544
      11.350000             0.117573
      11.450000             0.117326
      11.550000             0.115756
      11.650000             0.112554
      11.750000             0.108620
      11.850000             0.104583
      11.950000             0.100633
      12.050000             0.096840
      12.150000             0.093210
      12.250000             0.090093
      12.350000             0.088103
      12.450000             0.087364
      12.550000             0.087340
      12.650000             0.087726
      12.750000             0.088661
      12.850000             0.089358
      12.950000             0.089697
      13.050000             0.089754
      13.150000             0.089884
      13.250000             0.089627
      13.350000             0.089145
      13.450000             0.088400
      13.550000             0.087404
      13.650000             0.086274
      13.750000             0.084940
      13.850000             0.083711
      13.950000             0.082742
      14.050000             0.081963
      14.150000             0.080991
      14.250000             0.080130
      14.350000             0.079505
      14.450000             0.079257
      14.550000             0.079284
      14.650000             0.079771
      14.750000             0.080452
      14.850000             0.081119
      14.950000             0.081640
      15.050000             0.082097
      15.150000             0.082102
      15.250000             0.081710
      15.350000             0.081210
      15.450000             0.080647
      15.550000             0.080202
      15.650000             0.079916
      15.750000             0.079763
      15.850000             0.079680
      15.950000             0.079616
      16.050000             0.079278
      16.150000             0.078795
      16.250000             0.078363
      16.350000             0.077509
      16.450000             0.076806
      16.550000             0.076103
      16.650000             0.075276
      16.750000             0.074560
      16.850000             0.073563
      16.950000             0.072423
      17.050000             0.071393
      17.150000             0.070436
      17.250000             0.069706
      17.350000             0.069151
      17.450000             0.068833
      17.550000             0.068653
      17.650000             0.068372
      17.750000             0.068036
      17.850000             0.067403
      17.950000             0.066591
      18.050000             0.065756
      18.150000             0.064593
      18.250000             0.063443
      18.350000             0.062171
      18.450000             0.061159
      18.550000             0.060212
      18.650000             0.059594
      18.750000             0.059148
      18.850000             0.058637
      18.950000             0.058253
      19.050000             0.057760
      19.150000             0.057354
      19.250000             0.057178
      19.350000             0.057131
      19.450000             0.057118
      19.550000             0.057056
      19.650000             0.056937
      19.750000             0.056785
      19.850000             0.056525
      19.950000             0.056022
      20.050000             0.055521
      20.150000             0.055022
      20.250000             0.054463
      20.350000             0.054027
      20.450000             0.053488
      20.550000             0.053033
      20.650000             0.052605
      20.750000             0.052247
      20.850000             0.051746
      20.950000             0.051272
      21.050000             0.050895
      21.150000             0.050594
      21.250000             0.050294
      21.350000             0.050097
      21.450000             0.049926
      21.550000             0.049911
      21.650000             0.049852
      21.750000             0.049845
      21.850000             0.049800
      21.950000             0.049663
      22.050000             0.049488
      22.150000             0.049246
      22.250000             0.049037
      22.350000             0.048777
      22.450000             0.048660
      22.550000             0.048441
      22.650000             0.048321
      22.750000             0.048166
      22.850000             0.048062
      22.950000             0.047838
      23.050000             0.047529
      23.150000             0.047198
      23.250000             0.046777
      23.350000             0.046329
      23.450000             0.045793
      23.550000             0.045287
      23.650000             0.044845
      23.750000             0.044502
      23.850000             0.044270
      23.950000             0.044036
      24.050000             0.043790
      24.150000             0.043630
      24.250000             0.043450
      24.350000             0.043102
      24.450000             0.042854
      24.550000             0.042544
      24.650000             0.042237
      24.750000             0.041909
      24.850000             0.041574
      24.950000             0.041354
      25.050000             0.041065
      25.150000             0.040832
      25.250000             0.040590
      25.350000             0.040345
      25.450000             0.040134
      25.550000             0.039855
      25.650000             0.039640
      25.750000             0.039423
      25.850000             0.039220
      25.950000             0.039019
      26.050000             0.038815
      26.150000             0.038644
      26.250000             0.038478
      26.350000             0.038374
      26.450000             0.038230
      26.550000             0.038083
      26.650000             0.037906
      26.750000             0.037836
      26.850000             0.037700
      26.950000             0.037619
      27.050000             0.037482
      27.150000             0.037351
      27.250000             0.037234
      27.350000             0.037087
      27.450000             0.036998
      27.550000             0.036855
      27.650000             0.036799
      27.750000             0.036656
      27.850000             0.036576
      27.950000             0.036498
      28.050000             0.036430
      28.150000             0.036377
      28.250000             0.036320
      28.350000             0.036234
      28.450000             0.036160
      28.550000             0.036094
      28.650000             0.035985
      28.750000             0.035872
      28.850000             0.035686
      28.950000             0.035557
      29.050000             0.035413
      29.150000             0.035240
      29.250000             0.035073
      29.350000             0.034955
      29.450000             0.034823
      29.550000             0.034708
      29.650000             0.034583
      29.750000             0.034472
      29.850000             0.034405
      29.950000             0.034293
