#Distance_(Ang) :1-50@N7_=>_:Na+
       0.050000         0.000000
       0.150000         0.000000
       0.250000         0.000000
       0.350000         0.000000
       0.450000         0.000000
       0.550000         0.000000
       0.650000         0.000000
       0.750000         0.000000
       0.850000         0.000000
       0.950000         0.000000
       1.050000         0.000000
       1.150000         0.000000
       1.250000         0.000000
       1.350000         0.000000
       1.450000         0.000000
       1.550000         0.000000
       1.650000         0.000000
       1.750000         0.000000
       1.850000         0.000000
       1.950000         0.000000
       2.050000         0.000000
       2.150000         0.002022
       2.250000         0.191411
       2.350000         1.297148
       2.450000         2.021311
       2.550000         1.400176
       2.650000         0.659081
       2.750000         0.268133
       2.850000         0.108109
       2.950000         0.046817
       3.050000         0.023062
       3.150000         0.013385
       3.250000         0.009314
       3.350000         0.008063
       3.450000         0.008107
       3.550000         0.008846
       3.650000         0.011020
       3.750000         0.014795
       3.850000         0.020448
       3.950000         0.029490
       4.050000         0.043480
       4.150000         0.062064
       4.250000         0.082740
       4.350000         0.100134
       4.450000         0.110719
       4.550000         0.113006
       4.650000         0.110973
       4.750000         0.108085
       4.850000         0.104824
       4.950000         0.102554
       5.050000         0.101409
       5.150000         0.102135
       5.250000         0.106180
       5.350000         0.114500
       5.450000         0.125930
       5.550000         0.134559
       5.650000         0.138414
       5.750000         0.136919
       5.850000         0.136043
       5.950000         0.137033
       6.050000         0.135044
       6.150000         0.126965
       6.250000         0.116327
       6.350000         0.106836
       6.450000         0.100710
       6.550000         0.097432
       6.650000         0.097626
       6.750000         0.100257
       6.850000         0.104506
       6.950000         0.109725
       7.050000         0.116383
       7.150000         0.125830
       7.250000         0.137055
       7.350000         0.152089
       7.450000         0.167628
       7.550000         0.178183
       7.650000         0.180996
       7.750000         0.179075
       7.850000         0.176381
       7.950000         0.175132
       8.050000         0.173803
       8.150000         0.172814
       8.250000         0.172771
       8.350000         0.173656
       8.450000         0.172899
       8.550000         0.169880
       8.650000         0.163906
       8.750000         0.157385
       8.850000         0.150141
       8.950000         0.145033
       9.050000         0.141402
       9.150000         0.138986
       9.250000         0.137141
       9.350000         0.135251
       9.450000         0.133755
       9.550000         0.131606
       9.650000         0.129355
       9.750000         0.127316
       9.850000         0.126160
       9.950000         0.126885
      10.050000         0.130694
      10.150000         0.136621
      10.250000         0.140534
      10.350000         0.139167
      10.450000         0.133213
      10.550000         0.127156
      10.650000         0.123014
      10.750000         0.121215
      10.850000         0.121080
      10.950000         0.122164
      11.050000         0.123888
      11.150000         0.125387
      11.250000         0.124455
      11.350000         0.120540
      11.450000         0.114051
      11.550000         0.109119
      11.650000         0.106471
      11.750000         0.105509
      11.850000         0.104882
      11.950000         0.104492
      12.050000         0.103371
      12.150000         0.101822
      12.250000         0.099933
      12.350000         0.098021
      12.450000         0.095634
      12.550000         0.093401
      12.650000         0.091371
      12.750000         0.089015
      12.850000         0.087432
      12.950000         0.086157
      13.050000         0.085759
      13.150000         0.086170
      13.250000         0.087786
      13.350000         0.090276
      13.450000         0.093123
      13.550000         0.095556
      13.650000         0.097114
      13.750000         0.097380
      13.850000         0.097046
      13.950000         0.096916
      14.050000         0.097333
      14.150000         0.098700
      14.250000         0.100174
      14.350000         0.101406
      14.450000         0.101810
      14.550000         0.101530
      14.650000         0.100262
      14.750000         0.098285
      14.850000         0.096194
      14.950000         0.093594
      15.050000         0.090991
      15.150000         0.088421
      15.250000         0.085814
      15.350000         0.083630
      15.450000         0.081946
      15.550000         0.080778
      15.650000         0.080477
      15.750000         0.080333
      15.850000         0.079994
      15.950000         0.079190
      16.050000         0.078035
      16.150000         0.076543
      16.250000         0.075059
      16.350000         0.073185
      16.450000         0.071431
      16.550000         0.069744
      16.650000         0.068490
      16.750000         0.067439
      16.850000         0.067085
      16.950000         0.067104
      17.050000         0.067277
      17.150000         0.067840
      17.250000         0.068373
      17.350000         0.068123
      17.450000         0.067690
      17.550000         0.066846
      17.650000         0.065771
      17.750000         0.064549
      17.850000         0.063641
      17.950000         0.062896
      18.050000         0.062233
      18.150000         0.061710
      18.250000         0.061274
      18.350000         0.060751
      18.450000         0.060541
      18.550000         0.060325
      18.650000         0.060110
      18.750000         0.060083
      18.850000         0.060083
      18.950000         0.059960
      19.050000         0.059692
      19.150000         0.059392
      19.250000         0.059155
      19.350000         0.058858
      19.450000         0.058533
      19.550000         0.058332
      19.650000         0.057955
      19.750000         0.057320
      19.850000         0.056696
      19.950000         0.055884
      20.050000         0.055273
      20.150000         0.054590
      20.250000         0.053980
      20.350000         0.053479
      20.450000         0.052904
      20.550000         0.052153
      20.650000         0.051449
      20.750000         0.050760
      20.850000         0.049910
      20.950000         0.049143
      21.050000         0.048566
      21.150000         0.048012
      21.250000         0.047799
      21.350000         0.047594
      21.450000         0.047499
      21.550000         0.047322
      21.650000         0.047221
      21.750000         0.046927
      21.850000         0.046688
      21.950000         0.046336
      22.050000         0.045987
      22.150000         0.045597
      22.250000         0.045342
      22.350000         0.045138
      22.450000         0.045011
      22.550000         0.045000
      22.650000         0.044945
      22.750000         0.044877
      22.850000         0.044746
      22.950000         0.044599
      23.050000         0.044362
      23.150000         0.043978
      23.250000         0.043659
      23.350000         0.043292
      23.450000         0.042958
      23.550000         0.042657
      23.650000         0.042344
      23.750000         0.042207
      23.850000         0.041988
      23.950000         0.041884
      24.050000         0.041797
      24.150000         0.041754
      24.250000         0.041723
      24.350000         0.041645
      24.450000         0.041775
      24.550000         0.041798
      24.650000         0.041860
      24.750000         0.041868
      24.850000         0.041884
      24.950000         0.041829
      25.050000         0.041856
      25.150000         0.041757
      25.250000         0.041710
      25.350000         0.041588
      25.450000         0.041251
      25.550000         0.041034
      25.650000         0.040820
      25.750000         0.040610
      25.850000         0.040430
      25.950000         0.040222
      26.050000         0.040065
      26.150000         0.039835
      26.250000         0.039603
      26.350000         0.039428
      26.450000         0.039133
      26.550000         0.038850
      26.650000         0.038529
      26.750000         0.038274
      26.850000         0.038015
      26.950000         0.037708
      27.050000         0.037514
      27.150000         0.037316
      27.250000         0.037143
      27.350000         0.037015
      27.450000         0.036913
      27.550000         0.036746
      27.650000         0.036679
      27.750000         0.036487
      27.850000         0.036454
      27.950000         0.036335
      28.050000         0.036195
      28.150000         0.036094
      28.250000         0.035987
      28.350000         0.035856
      28.450000         0.035717
      28.550000         0.035631
      28.650000         0.035477
      28.750000         0.035347
      28.850000         0.035278
      28.950000         0.035177
      29.050000         0.035118
      29.150000         0.035014
      29.250000         0.034942
      29.350000         0.034790
      29.450000         0.034733
      29.550000         0.034593
      29.650000         0.034515
      29.750000         0.034403
      29.850000         0.034279
      29.950000         0.034212
