#Distance_(Ang) :1-50@O2_=>_:Na+
       0.050000         0.000000
       0.150000         0.000000
       0.250000         0.000000
       0.350000         0.000000
       0.450000         0.000000
       0.550000         0.000000
       0.650000         0.000000
       0.750000         0.000000
       0.850000         0.000000
       0.950000         0.000000
       1.050000         0.000000
       1.150000         0.000000
       1.250000         0.000000
       1.350000         0.000000
       1.450000         0.000000
       1.550000         0.000000
       1.650000         0.000000
       1.750000         0.000000
       1.850000         0.000000
       1.950000         0.000000
       2.050000         0.001092
       2.150000         0.130532
       2.250000         0.902721
       2.350000         1.331185
       2.450000         0.861490
       2.550000         0.383718
       2.650000         0.156294
       2.750000         0.067970
       2.850000         0.031909
       2.950000         0.017638
       3.050000         0.010610
       3.150000         0.007462
       3.250000         0.005905
       3.350000         0.005535
       3.450000         0.006251
       3.550000         0.007778
       3.650000         0.010663
       3.750000         0.016140
       3.850000         0.025010
       3.950000         0.038788
       4.050000         0.058073
       4.150000         0.080558
       4.250000         0.102229
       4.350000         0.119272
       4.450000         0.133043
       4.550000         0.145349
       4.650000         0.155580
       4.750000         0.163630
       4.850000         0.170352
       4.950000         0.171895
       5.050000         0.167025
       5.150000         0.152280
       5.250000         0.136133
       5.350000         0.123909
       5.450000         0.117071
       5.550000         0.112816
       5.650000         0.108661
       5.750000         0.105333
       5.850000         0.103537
       5.950000         0.108079
       6.050000         0.117046
       6.150000         0.128837
       6.250000         0.140055
       6.350000         0.147912
       6.450000         0.150773
       6.550000         0.155454
       6.650000         0.165247
       6.750000         0.164846
       6.850000         0.135161
       6.950000         0.100377
       7.050000         0.082801
       7.150000         0.079626
       7.250000         0.083186
       7.350000         0.090557
       7.450000         0.099360
       7.550000         0.107897
       7.650000         0.113934
       7.750000         0.117708
       7.850000         0.118407
       7.950000         0.118151
       8.050000         0.117836
       8.150000         0.119619
       8.250000         0.122414
       8.350000         0.126443
       8.450000         0.129300
       8.550000         0.130383
       8.650000         0.130264
       8.750000         0.129790
       8.850000         0.129039
       8.950000         0.128506
       9.050000         0.127568
       9.150000         0.126116
       9.250000         0.125706
       9.350000         0.125186
       9.450000         0.126461
       9.550000         0.129321
       9.650000         0.133538
       9.750000         0.138983
       9.850000         0.145164
       9.950000         0.151038
      10.050000         0.154506
      10.150000         0.154782
      10.250000         0.151093
      10.350000         0.145432
      10.450000         0.139124
      10.550000         0.133885
      10.650000         0.128750
      10.750000         0.123397
      10.850000         0.118907
      10.950000         0.115096
      11.050000         0.112305
      11.150000         0.110117
      11.250000         0.108251
      11.350000         0.105780
      11.450000         0.102920
      11.550000         0.100217
      11.650000         0.097170
      11.750000         0.095196
      11.850000         0.093985
      11.950000         0.093717
      12.050000         0.093547
      12.150000         0.093093
      12.250000         0.092239
      12.350000         0.090980
      12.450000         0.089400
      12.550000         0.087660
      12.650000         0.085982
      12.750000         0.084007
      12.850000         0.082265
      12.950000         0.081064
      13.050000         0.079753
      13.150000         0.079058
      13.250000         0.078465
      13.350000         0.078318
      13.450000         0.078113
      13.550000         0.077931
      13.650000         0.077509
      13.750000         0.076847
      13.850000         0.076310
      13.950000         0.075723
      14.050000         0.075574
      14.150000         0.075549
      14.250000         0.075636
      14.350000         0.076008
      14.450000         0.076080
      14.550000         0.076348
      14.650000         0.076454
      14.750000         0.076529
      14.850000         0.076706
      14.950000         0.077005
      15.050000         0.077025
      15.150000         0.077170
      15.250000         0.077489
      15.350000         0.077288
      15.450000         0.077106
      15.550000         0.076324
      15.650000         0.075457
      15.750000         0.074236
      15.850000         0.073126
      15.950000         0.071835
      16.050000         0.070680
      16.150000         0.069692
      16.250000         0.068950
      16.350000         0.068406
      16.450000         0.068335
      16.550000         0.068323
      16.650000         0.068611
      16.750000         0.068915
      16.850000         0.069274
      16.950000         0.069377
      17.050000         0.069386
      17.150000         0.069203
      17.250000         0.068475
      17.350000         0.067719
      17.450000         0.066891
      17.550000         0.065875
      17.650000         0.065343
      17.750000         0.064953
      17.850000         0.064568
      17.950000         0.064587
      18.050000         0.064827
      18.150000         0.065112
      18.250000         0.065136
      18.350000         0.065139
      18.450000         0.064894
      18.550000         0.064478
      18.650000         0.063658
      18.750000         0.062605
      18.850000         0.061504
      18.950000         0.060194
      19.050000         0.059070
      19.150000         0.057921
      19.250000         0.056755
      19.350000         0.055957
      19.450000         0.055075
      19.550000         0.054499
      19.650000         0.053872
      19.750000         0.053401
      19.850000         0.053022
      19.950000         0.052788
      20.050000         0.052498
      20.150000         0.052259
      20.250000         0.052147
      20.350000         0.051901
      20.450000         0.051819
      20.550000         0.051854
      20.650000         0.051690
      20.750000         0.051721
      20.850000         0.051570
      20.950000         0.051521
      21.050000         0.051414
      21.150000         0.051195
      21.250000         0.050867
      21.350000         0.050600
      21.450000         0.050104
      21.550000         0.049585
      21.650000         0.049151
      21.750000         0.048598
      21.850000         0.048185
      21.950000         0.047922
      22.050000         0.047778
      22.150000         0.047682
      22.250000         0.047637
      22.350000         0.047777
      22.450000         0.047721
      22.550000         0.047724
      22.650000         0.047614
      22.750000         0.047610
      22.850000         0.047462
      22.950000         0.047346
      23.050000         0.047138
      23.150000         0.046927
      23.250000         0.046704
      23.350000         0.046583
      23.450000         0.046297
      23.550000         0.046078
      23.650000         0.045884
      23.750000         0.045634
      23.850000         0.045390
      23.950000         0.045149
      24.050000         0.044786
      24.150000         0.044486
      24.250000         0.044172
      24.350000         0.043869
      24.450000         0.043481
      24.550000         0.043048
      24.650000         0.042789
      24.750000         0.042427
      24.850000         0.042175
      24.950000         0.041832
      25.050000         0.041507
      25.150000         0.041324
      25.250000         0.041122
      25.350000         0.040904
      25.450000         0.040708
      25.550000         0.040538
      25.650000         0.040369
      25.750000         0.040194
      25.850000         0.039867
      25.950000         0.039574
      26.050000         0.039314
      26.150000         0.039060
      26.250000         0.038706
      26.350000         0.038384
      26.450000         0.038171
      26.550000         0.037897
      26.650000         0.037763
      26.750000         0.037567
      26.850000         0.037412
      26.950000         0.037246
      27.050000         0.037132
      27.150000         0.036941
      27.250000         0.036858
      27.350000         0.036750
      27.450000         0.036622
      27.550000         0.036503
      27.650000         0.036419
      27.750000         0.036282
      27.850000         0.036208
      27.950000         0.036127
      28.050000         0.036059
      28.150000         0.036039
      28.250000         0.036004
      28.350000         0.036005
      28.450000         0.036013
      28.550000         0.035998
      28.650000         0.035980
      28.750000         0.035899
      28.850000         0.035855
      28.950000         0.035768
      29.050000         0.035635
      29.150000         0.035555
      29.250000         0.035443
      29.350000         0.035283
      29.450000         0.035075
      29.550000         0.034923
      29.650000         0.034717
      29.750000         0.034532
      29.850000         0.034327
      29.950000         0.034163
