#Distance_(Ang) :1-50@O4_=>_:Na+
       0.050000         0.000000
       0.150000         0.000000
       0.250000         0.000000
       0.350000         0.000000
       0.450000         0.000000
       0.550000         0.000000
       0.650000         0.000000
       0.750000         0.000000
       0.850000         0.000000
       0.950000         0.000000
       1.050000         0.000000
       1.150000         0.000000
       1.250000         0.000000
       1.350000         0.000000
       1.450000         0.000000
       1.550000         0.000000
       1.650000         0.000000
       1.750000         0.000000
       1.850000         0.000000
       1.950000         0.000000
       2.050000         0.002448
       2.150000         0.278601
       2.250000         1.831498
       2.350000         2.594285
       2.450000         1.629105
       2.550000         0.709757
       2.650000         0.280933
       2.750000         0.114292
       2.850000         0.052029
       2.950000         0.026647
       3.050000         0.016542
       3.150000         0.011725
       3.250000         0.010079
       3.350000         0.010403
       3.450000         0.012171
       3.550000         0.015837
       3.650000         0.021641
       3.750000         0.029426
       3.850000         0.039978
       3.950000         0.052997
       4.050000         0.067962
       4.150000         0.083008
       4.250000         0.098768
       4.350000         0.112918
       4.450000         0.123916
       4.550000         0.129875
       4.650000         0.130251
       4.750000         0.125124
       4.850000         0.118124
       4.950000         0.110792
       5.050000         0.104222
       5.150000         0.099682
       5.250000         0.096219
       5.350000         0.096508
       5.450000         0.098797
       5.550000         0.105245
       5.650000         0.114551
       5.750000         0.126596
       5.850000         0.139919
       5.950000         0.154434
       6.050000         0.166026
       6.150000         0.173236
       6.250000         0.174627
       6.350000         0.167831
       6.450000         0.155830
       6.550000         0.141693
       6.650000         0.127348
       6.750000         0.116958
       6.850000         0.109991
       6.950000         0.105233
       7.050000         0.102776
       7.150000         0.100628
       7.250000         0.097937
       7.350000         0.094167
       7.450000         0.090698
       7.550000         0.087750
       7.650000         0.085393
       7.750000         0.084548
       7.850000         0.085592
       7.950000         0.088525
       8.050000         0.093924
       8.150000         0.100811
       8.250000         0.108811
       8.350000         0.115003
       8.450000         0.119309
       8.550000         0.121466
       8.650000         0.122787
       8.750000         0.123060
       8.850000         0.122977
       8.950000         0.122268
       9.050000         0.121021
       9.150000         0.119896
       9.250000         0.117898
       9.350000         0.115100
       9.450000         0.112109
       9.550000         0.109217
       9.650000         0.106803
       9.750000         0.105449
       9.850000         0.105369
       9.950000         0.106729
      10.050000         0.108448
      10.150000         0.109645
      10.250000         0.109660
      10.350000         0.109114
      10.450000         0.108328
      10.550000         0.107889
      10.650000         0.107267
      10.750000         0.106509
      10.850000         0.105748
      10.950000         0.104820
      11.050000         0.104214
      11.150000         0.104130
      11.250000         0.104713
      11.350000         0.105516
      11.450000         0.106335
      11.550000         0.106855
      11.650000         0.107247
      11.750000         0.107383
      11.850000         0.107055
      11.950000         0.106197
      12.050000         0.104814
      12.150000         0.103502
      12.250000         0.102189
      12.350000         0.101621
      12.450000         0.101273
      12.550000         0.101142
      12.650000         0.100690
      12.750000         0.099940
      12.850000         0.098194
      12.950000         0.095587
      13.050000         0.092723
      13.150000         0.089718
      13.250000         0.086948
      13.350000         0.084703
      13.450000         0.083677
      13.550000         0.082971
      13.650000         0.083011
      13.750000         0.083303
      13.850000         0.083263
      13.950000         0.083681
      14.050000         0.083706
      14.150000         0.083471
      14.250000         0.082644
      14.350000         0.081772
      14.450000         0.080528
      14.550000         0.079585
      14.650000         0.079038
      14.750000         0.078747
      14.850000         0.078690
      14.950000         0.078859
      15.050000         0.078885
      15.150000         0.079030
      15.250000         0.079032
      15.350000         0.078771
      15.450000         0.078054
      15.550000         0.076844
      15.650000         0.075269
      15.750000         0.073583
      15.850000         0.071629
      15.950000         0.069929
      16.050000         0.068572
      16.150000         0.067351
      16.250000         0.066626
      16.350000         0.066071
      16.450000         0.065813
      16.550000         0.065524
      16.650000         0.065296
      16.750000         0.065200
      16.850000         0.064820
      16.950000         0.064483
      17.050000         0.064209
      17.150000         0.063879
      17.250000         0.063758
      17.350000         0.063535
      17.450000         0.063599
      17.550000         0.063490
      17.650000         0.063543
      17.750000         0.063471
      17.850000         0.063417
      17.950000         0.063240
      18.050000         0.063047
      18.150000         0.062791
      18.250000         0.062543
      18.350000         0.062318
      18.450000         0.062229
      18.550000         0.061943
      18.650000         0.061676
      18.750000         0.061435
      18.850000         0.061343
      18.950000         0.060947
      19.050000         0.060521
      19.150000         0.060043
      19.250000         0.059554
      19.350000         0.059032
      19.450000         0.058536
      19.550000         0.058168
      19.650000         0.057739
      19.750000         0.057284
      19.850000         0.056938
      19.950000         0.056680
      20.050000         0.056251
      20.150000         0.055853
      20.250000         0.055459
      20.350000         0.055099
      20.450000         0.054749
      20.550000         0.054366
      20.650000         0.054019
      20.750000         0.053604
      20.850000         0.053274
      20.950000         0.052685
      21.050000         0.052247
      21.150000         0.051872
      21.250000         0.051448
      21.350000         0.050948
      21.450000         0.050726
      21.550000         0.050489
      21.650000         0.050278
      21.750000         0.050199
      21.850000         0.050184
      21.950000         0.050089
      22.050000         0.049980
      22.150000         0.049803
      22.250000         0.049524
      22.350000         0.049217
      22.450000         0.048845
      22.550000         0.048421
      22.650000         0.047941
      22.750000         0.047481
      22.850000         0.047001
      22.950000         0.046619
      23.050000         0.046129
      23.150000         0.045858
      23.250000         0.045657
      23.350000         0.045607
      23.450000         0.045492
      23.550000         0.045593
      23.650000         0.045631
      23.750000         0.045538
      23.850000         0.045258
      23.950000         0.045085
      24.050000         0.044632
      24.150000         0.044248
      24.250000         0.043594
      24.350000         0.043126
      24.450000         0.042617
      24.550000         0.042150
      24.650000         0.041903
      24.750000         0.041630
      24.850000         0.041418
      24.950000         0.041240
      25.050000         0.041161
      25.150000         0.040997
      25.250000         0.040861
      25.350000         0.040693
      25.450000         0.040566
      25.550000         0.040396
      25.650000         0.040245
      25.750000         0.040038
      25.850000         0.039915
      25.950000         0.039696
      26.050000         0.039498
      26.150000         0.039228
      26.250000         0.039017
      26.350000         0.038744
      26.450000         0.038485
      26.550000         0.038286
      26.650000         0.038014
      26.750000         0.037810
      26.850000         0.037580
      26.950000         0.037434
      27.050000         0.037234
      27.150000         0.037074
      27.250000         0.036855
      27.350000         0.036727
      27.450000         0.036602
      27.550000         0.036443
      27.650000         0.036330
      27.750000         0.036303
      27.850000         0.036201
      27.950000         0.036147
      28.050000         0.036020
      28.150000         0.035945
      28.250000         0.035936
      28.350000         0.035853
      28.450000         0.035834
      28.550000         0.035730
      28.650000         0.035633
      28.750000         0.035536
      28.850000         0.035467
      28.950000         0.035349
      29.050000         0.035337
      29.150000         0.035169
      29.250000         0.035107
      29.350000         0.034979
      29.450000         0.034914
      29.550000         0.034818
      29.650000         0.034639
      29.750000         0.034566
      29.850000         0.034481
      29.950000         0.034407
