   0.050   0.000
   0.150   0.000
   0.250   0.000
   0.350   0.000
   0.450   0.000
   0.550   0.000
   0.650   0.000
   0.750   0.000
   0.850   0.000
   0.950   0.000
   1.050   0.000
   1.150   0.000
   1.250   0.000
   1.350   0.000
   1.450   0.000
   1.550   0.000
   1.650   0.000
   1.750   0.000
   1.850   0.000
   1.950   0.000
   2.050   0.000
   2.150   0.000
   2.250   0.000
   2.350   0.000
   2.450   0.000
   2.550   0.000
   2.650   0.007
   2.750   0.033
   2.850   0.061
   2.950   0.088
   3.050   0.135
   3.150   0.216
   3.250   0.325
   3.350   0.445
   3.450   0.555
   3.550   0.641
   3.650   0.695
   3.750   0.720
   3.850   0.723
   3.950   0.714
   4.050   0.699
   4.150   0.684
   4.250   0.670
   4.350   0.657
   4.450   0.642
   4.550   0.625
   4.650   0.608
   4.750   0.594
   4.850   0.583
   4.950   0.572
   5.050   0.559
   5.150   0.546
   5.250   0.536
   5.350   0.530
   5.450   0.525
   5.550   0.520
   5.650   0.516
   5.750   0.513
   5.850   0.511
   5.950   0.511
   6.050   0.512
   6.150   0.514
   6.250   0.514
   6.350   0.517
   6.450   0.522
   6.550   0.533
   6.650   0.547
   6.750   0.565
   6.850   0.583
   6.950   0.600
   7.050   0.613
   7.150   0.621
   7.250   0.624
   7.350   0.625
   7.450   0.625
   7.550   0.624
   7.650   0.621
   7.750   0.618
   7.850   0.615
   7.950   0.611
   8.050   0.608
   8.150   0.604
   8.250   0.599
   8.350   0.594
   8.450   0.589
   8.550   0.583
   8.650   0.578
   8.750   0.572
   8.850   0.565
   8.950   0.559
   9.050   0.553
   9.150   0.547
   9.250   0.543
   9.350   0.539
   9.450   0.536
   9.550   0.532
   9.650   0.529
   9.750   0.526
   9.850   0.523
   9.950   0.522
  10.050   0.521
  10.150   0.522
  10.250   0.523
  10.350   0.524
  10.450   0.525
  10.550   0.526
  10.650   0.525
  10.750   0.524
  10.850   0.522
  10.950   0.519
  11.050   0.517
  11.150   0.514
  11.250   0.511
  11.350   0.509
  11.450   0.506
  11.550   0.503
  11.650   0.500
  11.750   0.498
  11.850   0.494
  11.950   0.491
  12.050   0.486
  12.150   0.481
  12.250   0.476
  12.350   0.471
  12.450   0.466
  12.550   0.462
  12.650   0.458
  12.750   0.455
  12.850   0.451
  12.950   0.448
  13.050   0.445
  13.150   0.442
  13.250   0.439
  13.350   0.435
  13.450   0.431
  13.550   0.428
  13.650   0.425
  13.750   0.422
  13.850   0.420
  13.950   0.418
  14.050   0.416
  14.150   0.413
  14.250   0.411
  14.350   0.408
  14.450   0.406
  14.550   0.403
  14.650   0.400
  14.750   0.396
  14.850   0.393
  14.950   0.390
  15.050   0.386
  15.150   0.383
  15.250   0.379
  15.350   0.375
  15.450   0.372
  15.550   0.368
  15.650   0.365
  15.750   0.361
  15.850   0.358
  15.950   0.354
  16.050   0.351
  16.150   0.348
  16.250   0.345
  16.350   0.342
  16.450   0.339
  16.550   0.336
  16.650   0.332
  16.750   0.329
  16.850   0.326
  16.950   0.322
  17.050   0.319
  17.150   0.315
  17.250   0.311
  17.350   0.307
  17.450   0.303
  17.550   0.300
  17.650   0.296
  17.750   0.293
  17.850   0.290
  17.950   0.287
  18.050   0.284
  18.150   0.281
  18.250   0.278
  18.350   0.275
  18.450   0.272
  18.550   0.269
  18.650   0.266
  18.750   0.263
  18.850   0.260
  18.950   0.257
  19.050   0.254
  19.150   0.251
  19.250   0.248
  19.350   0.245
  19.450   0.242
  19.550   0.239
  19.650   0.236
  19.750   0.234
  19.850   0.231
  19.950   0.228
  20.050   0.226
  20.150   0.224
  20.250   0.221
  20.350   0.219
  20.450   0.217
  20.550   0.214
  20.650   0.212
  20.750   0.209
  20.850   0.207
  20.950   0.204
  21.050   0.202
  21.150   0.199
  21.250   0.197
  21.350   0.195
  21.450   0.192
  21.550   0.190
  21.650   0.188
  21.750   0.186
  21.850   0.183
  21.950   0.181
  22.050   0.179
  22.150   0.177
  22.250   0.175
  22.350   0.173
  22.450   0.170
  22.550   0.168
  22.650   0.166
  22.750   0.164
  22.850   0.162
  22.950   0.160
  23.050   0.158
  23.150   0.156
  23.250   0.154
  23.350   0.152
  23.450   0.150
  23.550   0.148
  23.650   0.146
  23.750   0.144
  23.850   0.142
  23.950   0.140
  24.050   0.138
  24.150   0.136
  24.250   0.134
  24.350   0.132
  24.450   0.130
  24.550   0.129
  24.650   0.127
  24.750   0.125
  24.850   0.124
  24.950   0.122
  25.050   0.121
  25.150   0.119
  25.250   0.117
  25.350   0.116
  25.450   0.114
  25.550   0.112
  25.650   0.111
  25.750   0.109
  25.850   0.107
  25.950   0.106
  26.050   0.104
  26.150   0.103
  26.250   0.101
  26.350   0.100
  26.450   0.098
  26.550   0.097
  26.650   0.096
  26.750   0.094
  26.850   0.093
  26.950   0.092
  27.050   0.090
  27.150   0.089
  27.250   0.088
  27.350   0.086
  27.450   0.085
  27.550   0.084
  27.650   0.083
  27.750   0.082
  27.850   0.080
  27.950   0.079
  28.050   0.078
  28.150   0.077
  28.250   0.076
  28.350   0.075
  28.450   0.074
  28.550   0.073
  28.650   0.071
  28.750   0.070
  28.850   0.069
  28.950   0.068
  29.050   0.067
  29.150   0.066
  29.250   0.064
  29.350   0.063
  29.450   0.062
  29.550   0.061
  29.650   0.060
  29.750   0.059
  29.850   0.058
  29.950   0.057
