   0.050   0.000
   0.150   0.000
   0.250   0.000
   0.350   0.000
   0.450   0.000
   0.550   0.000
   0.650   0.000
   0.750   0.000
   0.850   0.000
   0.950   0.000
   1.050   0.000
   1.150   0.000
   1.250   0.000
   1.350   0.000
   1.450   0.000
   1.550   0.000
   1.650   0.000
   1.750   0.000
   1.850   0.000
   1.950   0.000
   2.050   0.000
   2.150   0.000
   2.250   0.000
   2.350   0.000
   2.450   0.000
   2.550   0.000
   2.650   0.005
   2.750   0.029
   2.850   0.069
   2.950   0.096
   3.050   0.121
   3.150   0.172
   3.250   0.260
   3.350   0.370
   3.450   0.481
   3.550   0.575
   3.650   0.641
   3.750   0.674
   3.850   0.677
   3.950   0.663
   4.050   0.640
   4.150   0.615
   4.250   0.591
   4.350   0.571
   4.450   0.556
   4.550   0.546
   4.650   0.538
   4.750   0.531
   4.850   0.523
   4.950   0.516
   5.050   0.505
   5.150   0.490
   5.250   0.476
   5.350   0.467
   5.450   0.464
   5.550   0.464
   5.650   0.463
   5.750   0.461
   5.850   0.463
   5.950   0.466
   6.050   0.467
   6.150   0.464
   6.250   0.459
   6.350   0.454
   6.450   0.453
   6.550   0.455
   6.650   0.460
   6.750   0.470
   6.850   0.480
   6.950   0.491
   7.050   0.499
   7.150   0.505
   7.250   0.508
   7.350   0.508
   7.450   0.507
   7.550   0.505
   7.650   0.502
   7.750   0.499
   7.850   0.497
   7.950   0.495
   8.050   0.494
   8.150   0.492
   8.250   0.489
   8.350   0.484
   8.450   0.480
   8.550   0.476
   8.650   0.473
   8.750   0.471
   8.850   0.470
   8.950   0.470
   9.050   0.470
   9.150   0.469
   9.250   0.469
   9.350   0.468
   9.450   0.468
   9.550   0.467
   9.650   0.466
   9.750   0.465
   9.850   0.463
   9.950   0.462
  10.050   0.461
  10.150   0.459
  10.250   0.458
  10.350   0.458
  10.450   0.457
  10.550   0.457
  10.650   0.456
  10.750   0.455
  10.850   0.454
  10.950   0.454
  11.050   0.453
  11.150   0.452
  11.250   0.451
  11.350   0.450
  11.450   0.449
  11.550   0.448
  11.650   0.446
  11.750   0.444
  11.850   0.442
  11.950   0.439
  12.050   0.436
  12.150   0.433
  12.250   0.430
  12.350   0.426
  12.450   0.423
  12.550   0.419
  12.650   0.416
  12.750   0.412
  12.850   0.409
  12.950   0.405
  13.050   0.402
  13.150   0.398
  13.250   0.394
  13.350   0.390
  13.450   0.386
  13.550   0.381
  13.650   0.377
  13.750   0.372
  13.850   0.368
  13.950   0.364
  14.050   0.359
  14.150   0.355
  14.250   0.351
  14.350   0.347
  14.450   0.343
  14.550   0.339
  14.650   0.335
  14.750   0.331
  14.850   0.327
  14.950   0.323
  15.050   0.319
  15.150   0.315
  15.250   0.312
  15.350   0.308
  15.450   0.304
  15.550   0.301
  15.650   0.297
  15.750   0.294
  15.850   0.290
  15.950   0.287
  16.050   0.284
  16.150   0.281
  16.250   0.278
  16.350   0.275
  16.450   0.273
  16.550   0.270
  16.650   0.267
  16.750   0.264
  16.850   0.261
  16.950   0.259
  17.050   0.256
  17.150   0.253
  17.250   0.250
  17.350   0.248
  17.450   0.245
  17.550   0.242
  17.650   0.240
  17.750   0.237
  17.850   0.235
  17.950   0.232
  18.050   0.230
  18.150   0.227
  18.250   0.225
  18.350   0.223
  18.450   0.221
  18.550   0.218
  18.650   0.216
  18.750   0.214
  18.850   0.212
  18.950   0.209
  19.050   0.207
  19.150   0.204
  19.250   0.202
  19.350   0.200
  19.450   0.197
  19.550   0.195
  19.650   0.192
  19.750   0.190
  19.850   0.188
  19.950   0.185
  20.050   0.183
  20.150   0.181
  20.250   0.178
  20.350   0.176
  20.450   0.174
  20.550   0.171
  20.650   0.169
  20.750   0.167
  20.850   0.165
  20.950   0.162
  21.050   0.160
  21.150   0.158
  21.250   0.156
  21.350   0.154
  21.450   0.152
  21.550   0.150
  21.650   0.149
  21.750   0.147
  21.850   0.145
  21.950   0.144
  22.050   0.142
  22.150   0.141
  22.250   0.139
  22.350   0.138
  22.450   0.136
  22.550   0.134
  22.650   0.133
  22.750   0.131
  22.850   0.130
  22.950   0.128
  23.050   0.126
  23.150   0.124
  23.250   0.123
  23.350   0.121
  23.450   0.119
  23.550   0.118
  23.650   0.116
  23.750   0.114
  23.850   0.113
  23.950   0.111
  24.050   0.109
  24.150   0.108
  24.250   0.106
  24.350   0.105
  24.450   0.103
  24.550   0.102
  24.650   0.101
  24.750   0.099
  24.850   0.098
  24.950   0.097
  25.050   0.096
  25.150   0.094
  25.250   0.093
  25.350   0.092
  25.450   0.091
  25.550   0.090
  25.650   0.089
  25.750   0.088
  25.850   0.087
  25.950   0.086
  26.050   0.085
  26.150   0.084
  26.250   0.084
  26.350   0.083
  26.450   0.082
  26.550   0.081
  26.650   0.080
  26.750   0.079
  26.850   0.078
  26.950   0.077
  27.050   0.076
  27.150   0.075
  27.250   0.074
  27.350   0.074
  27.450   0.073
  27.550   0.072
  27.650   0.071
  27.750   0.071
  27.850   0.070
  27.950   0.069
  28.050   0.068
  28.150   0.068
  28.250   0.067
  28.350   0.066
  28.450   0.066
  28.550   0.065
  28.650   0.065
  28.750   0.064
  28.850   0.063
  28.950   0.063
  29.050   0.062
  29.150   0.061
  29.250   0.061
  29.350   0.060
  29.450   0.059
  29.550   0.059
  29.650   0.058
  29.750   0.057
  29.850   0.057
  29.950   0.056
