   0.050   0.000
   0.150   0.000
   0.250   0.000
   0.350   0.000
   0.450   0.000
   0.550   0.000
   0.650   0.000
   0.750   0.000
   0.850   0.000
   0.950   0.000
   1.050   0.000
   1.150   0.000
   1.250   0.000
   1.350   0.000
   1.450   0.000
   1.550   0.000
   1.650   0.000
   1.750   0.000
   1.850   0.000
   1.950   0.000
   2.050   0.000
   2.150   0.000
   2.250   0.000
   2.350   0.000
   2.450   0.000
   2.550   0.000
   2.650   0.011
   2.750   0.057
   2.850   0.106
   2.950   0.133
   3.050   0.172
   3.150   0.242
   3.250   0.342
   3.350   0.457
   3.450   0.568
   3.550   0.662
   3.650   0.723
   3.750   0.743
   3.850   0.734
   3.950   0.716
   4.050   0.699
   4.150   0.683
   4.250   0.671
   4.350   0.662
   4.450   0.653
   4.550   0.645
   4.650   0.637
   4.750   0.633
   4.850   0.634
   4.950   0.634
   5.050   0.625
   5.150   0.610
   5.250   0.595
   5.350   0.589
   5.450   0.591
   5.550   0.591
   5.650   0.585
   5.750   0.577
   5.850   0.572
   5.950   0.569
   6.050   0.567
   6.150   0.567
   6.250   0.568
   6.350   0.570
   6.450   0.573
   6.550   0.580
   6.650   0.588
   6.750   0.595
   6.850   0.602
   6.950   0.604
   7.050   0.604
   7.150   0.601
   7.250   0.595
   7.350   0.589
   7.450   0.583
   7.550   0.579
   7.650   0.577
   7.750   0.575
   7.850   0.571
   7.950   0.567
   8.050   0.564
   8.150   0.561
   8.250   0.559
   8.350   0.557
   8.450   0.554
   8.550   0.551
   8.650   0.548
   8.750   0.545
   8.850   0.542
   8.950   0.539
   9.050   0.536
   9.150   0.533
   9.250   0.530
   9.350   0.528
   9.450   0.525
   9.550   0.523
   9.650   0.521
   9.750   0.518
   9.850   0.517
   9.950   0.516
  10.050   0.515
  10.150   0.514
  10.250   0.513
  10.350   0.512
  10.450   0.511
  10.550   0.509
  10.650   0.507
  10.750   0.504
  10.850   0.501
  10.950   0.498
  11.050   0.495
  11.150   0.493
  11.250   0.490
  11.350   0.488
  11.450   0.486
  11.550   0.484
  11.650   0.483
  11.750   0.481
  11.850   0.479
  11.950   0.477
  12.050   0.475
  12.150   0.473
  12.250   0.471
  12.350   0.469
  12.450   0.467
  12.550   0.464
  12.650   0.462
  12.750   0.460
  12.850   0.458
  12.950   0.456
  13.050   0.454
  13.150   0.451
  13.250   0.449
  13.350   0.447
  13.450   0.444
  13.550   0.442
  13.650   0.439
  13.750   0.437
  13.850   0.434
  13.950   0.430
  14.050   0.427
  14.150   0.424
  14.250   0.420
  14.350   0.416
  14.450   0.412
  14.550   0.408
  14.650   0.405
  14.750   0.401
  14.850   0.398
  14.950   0.395
  15.050   0.392
  15.150   0.390
  15.250   0.387
  15.350   0.385
  15.450   0.382
  15.550   0.380
  15.650   0.377
  15.750   0.375
  15.850   0.372
  15.950   0.370
  16.050   0.367
  16.150   0.365
  16.250   0.362
  16.350   0.360
  16.450   0.357
  16.550   0.355
  16.650   0.352
  16.750   0.350
  16.850   0.348
  16.950   0.346
  17.050   0.344
  17.150   0.341
  17.250   0.339
  17.350   0.337
  17.450   0.335
  17.550   0.333
  17.650   0.331
  17.750   0.329
  17.850   0.327
  17.950   0.324
  18.050   0.322
  18.150   0.321
  18.250   0.319
  18.350   0.317
  18.450   0.315
  18.550   0.314
  18.650   0.312
  18.750   0.311
  18.850   0.310
  18.950   0.308
  19.050   0.307
  19.150   0.306
  19.250   0.305
  19.350   0.304
  19.450   0.302
  19.550   0.301
  19.650   0.300
  19.750   0.298
  19.850   0.296
  19.950   0.294
  20.050   0.292
  20.150   0.290
  20.250   0.288
  20.350   0.286
  20.450   0.283
  20.550   0.281
  20.650   0.279
  20.750   0.276
  20.850   0.274
  20.950   0.271
  21.050   0.268
  21.150   0.266
  21.250   0.263
  21.350   0.260
  21.450   0.257
  21.550   0.254
  21.650   0.251
  21.750   0.248
  21.850   0.245
  21.950   0.242
  22.050   0.239
  22.150   0.236
  22.250   0.233
  22.350   0.230
  22.450   0.227
  22.550   0.224
  22.650   0.221
  22.750   0.217
  22.850   0.214
  22.950   0.211
  23.050   0.208
  23.150   0.205
  23.250   0.202
  23.350   0.199
  23.450   0.196
  23.550   0.193
  23.650   0.190
  23.750   0.187
  23.850   0.184
  23.950   0.181
  24.050   0.178
  24.150   0.176
  24.250   0.173
  24.350   0.170
  24.450   0.167
  24.550   0.165
  24.650   0.162
  24.750   0.160
  24.850   0.157
  24.950   0.155
  25.050   0.152
  25.150   0.150
  25.250   0.147
  25.350   0.145
  25.450   0.143
  25.550   0.141
  25.650   0.138
  25.750   0.136
  25.850   0.134
  25.950   0.132
  26.050   0.130
  26.150   0.128
  26.250   0.126
  26.350   0.124
  26.450   0.122
  26.550   0.120
  26.650   0.118
  26.750   0.116
  26.850   0.114
  26.950   0.112
  27.050   0.111
  27.150   0.109
  27.250   0.107
  27.350   0.105
  27.450   0.104
  27.550   0.102
  27.650   0.100
  27.750   0.099
  27.850   0.097
  27.950   0.095
  28.050   0.094
  28.150   0.092
  28.250   0.091
  28.350   0.089
  28.450   0.087
  28.550   0.086
  28.650   0.084
  28.750   0.082
  28.850   0.081
  28.950   0.079
  29.050   0.078
  29.150   0.076
  29.250   0.075
  29.350   0.073
  29.450   0.071
  29.550   0.070
  29.650   0.068
  29.750   0.067
  29.850   0.065
  29.950   0.064
