   0.050   0.000
   0.150   0.000
   0.250   0.000
   0.350   0.000
   0.450   0.000
   0.550   0.000
   0.650   0.000
   0.750   0.000
   0.850   0.000
   0.950   0.000
   1.050   0.000
   1.150   0.000
   1.250   0.000
   1.350   0.000
   1.450   0.000
   1.550   0.000
   1.650   0.000
   1.750   0.000
   1.850   0.000
   1.950   0.000
   2.050   0.000
   2.150   0.000
   2.250   0.000
   2.350   0.000
   2.450   0.000
   2.550   0.000
   2.650   0.015
   2.750   0.071
   2.850   0.117
   2.950   0.136
   3.050   0.167
   3.150   0.235
   3.250   0.340
   3.350   0.470
   3.450   0.598
   3.550   0.706
   3.650   0.777
   3.750   0.804
   3.850   0.794
   3.950   0.766
   4.050   0.734
   4.150   0.701
   4.250   0.667
   4.350   0.638
   4.450   0.618
   4.550   0.605
   4.650   0.596
   4.750   0.592
   4.850   0.593
   4.950   0.591
   5.050   0.576
   5.150   0.546
   5.250   0.515
   5.350   0.496
   5.450   0.488
   5.550   0.481
   5.650   0.469
   5.750   0.461
   5.850   0.463
   5.950   0.469
   6.050   0.474
   6.150   0.476
   6.250   0.475
   6.350   0.474
   6.450   0.475
   6.550   0.485
   6.650   0.501
   6.750   0.520
   6.850   0.539
   6.950   0.556
   7.050   0.567
   7.150   0.574
   7.250   0.574
   7.350   0.569
   7.450   0.562
   7.550   0.555
   7.650   0.546
   7.750   0.534
   7.850   0.521
   7.950   0.511
   8.050   0.503
   8.150   0.495
   8.250   0.487
   8.350   0.480
   8.450   0.473
   8.550   0.466
   8.650   0.458
   8.750   0.451
   8.850   0.445
   8.950   0.440
   9.050   0.436
   9.150   0.430
   9.250   0.424
   9.350   0.420
   9.450   0.416
   9.550   0.413
   9.650   0.412
   9.750   0.410
   9.850   0.409
   9.950   0.407
  10.050   0.406
  10.150   0.406
  10.250   0.406
  10.350   0.406
  10.450   0.406
  10.550   0.405
  10.650   0.403
  10.750   0.401
  10.850   0.399
  10.950   0.396
  11.050   0.393
  11.150   0.390
  11.250   0.386
  11.350   0.382
  11.450   0.378
  11.550   0.375
  11.650   0.371
  11.750   0.368
  11.850   0.365
  11.950   0.363
  12.050   0.360
  12.150   0.358
  12.250   0.355
  12.350   0.353
  12.450   0.351
  12.550   0.349
  12.650   0.347
  12.750   0.344
  12.850   0.342
  12.950   0.340
  13.050   0.338
  13.150   0.335
  13.250   0.334
  13.350   0.332
  13.450   0.330
  13.550   0.328
  13.650   0.326
  13.750   0.324
  13.850   0.322
  13.950   0.319
  14.050   0.317
  14.150   0.314
  14.250   0.312
  14.350   0.309
  14.450   0.307
  14.550   0.305
  14.650   0.302
  14.750   0.300
  14.850   0.298
  14.950   0.295
  15.050   0.293
  15.150   0.291
  15.250   0.288
  15.350   0.286
  15.450   0.284
  15.550   0.281
  15.650   0.279
  15.750   0.277
  15.850   0.275
  15.950   0.273
  16.050   0.270
  16.150   0.268
  16.250   0.266
  16.350   0.264
  16.450   0.261
  16.550   0.260
  16.650   0.258
  16.750   0.256
  16.850   0.254
  16.950   0.253
  17.050   0.251
  17.150   0.249
  17.250   0.247
  17.350   0.245
  17.450   0.243
  17.550   0.242
  17.650   0.240
  17.750   0.238
  17.850   0.236
  17.950   0.234
  18.050   0.232
  18.150   0.230
  18.250   0.228
  18.350   0.225
  18.450   0.223
  18.550   0.221
  18.650   0.218
  18.750   0.216
  18.850   0.213
  18.950   0.211
  19.050   0.209
  19.150   0.207
  19.250   0.205
  19.350   0.202
  19.450   0.200
  19.550   0.198
  19.650   0.197
  19.750   0.195
  19.850   0.193
  19.950   0.191
  20.050   0.189
  20.150   0.188
  20.250   0.186
  20.350   0.185
  20.450   0.183
  20.550   0.182
  20.650   0.181
  20.750   0.179
  20.850   0.178
  20.950   0.177
  21.050   0.176
  21.150   0.174
  21.250   0.173
  21.350   0.172
  21.450   0.171
  21.550   0.170
  21.650   0.168
  21.750   0.167
  21.850   0.166
  21.950   0.164
  22.050   0.163
  22.150   0.162
  22.250   0.160
  22.350   0.159
  22.450   0.157
  22.550   0.156
  22.650   0.154
  22.750   0.153
  22.850   0.151
  22.950   0.150
  23.050   0.148
  23.150   0.147
  23.250   0.145
  23.350   0.144
  23.450   0.143
  23.550   0.141
  23.650   0.140
  23.750   0.138
  23.850   0.137
  23.950   0.135
  24.050   0.134
  24.150   0.133
  24.250   0.131
  24.350   0.130
  24.450   0.129
  24.550   0.127
  24.650   0.126
  24.750   0.125
  24.850   0.123
  24.950   0.122
  25.050   0.120
  25.150   0.119
  25.250   0.118
  25.350   0.116
  25.450   0.115
  25.550   0.114
  25.650   0.112
  25.750   0.111
  25.850   0.110
  25.950   0.108
  26.050   0.107
  26.150   0.106
  26.250   0.104
  26.350   0.103
  26.450   0.102
  26.550   0.101
  26.650   0.100
  26.750   0.099
  26.850   0.098
  26.950   0.097
  27.050   0.096
  27.150   0.095
  27.250   0.094
  27.350   0.093
  27.450   0.092
  27.550   0.091
  27.650   0.091
  27.750   0.090
  27.850   0.089
  27.950   0.088
  28.050   0.088
  28.150   0.087
  28.250   0.086
  28.350   0.085
  28.450   0.085
  28.550   0.084
  28.650   0.083
  28.750   0.082
  28.850   0.082
  28.950   0.081
  29.050   0.080
  29.150   0.079
  29.250   0.078
  29.350   0.077
  29.450   0.077
  29.550   0.076
  29.650   0.075
  29.750   0.074
  29.850   0.073
  29.950   0.072
