   0.050   0.000
   0.150   0.000
   0.250   0.000
   0.350   0.000
   0.450   0.000
   0.550   0.000
   0.650   0.000
   0.750   0.000
   0.850   0.000
   0.950   0.000
   1.050   0.000
   1.150   0.000
   1.250   0.000
   1.350   0.000
   1.450   0.000
   1.550   0.000
   1.650   0.000
   1.750   0.000
   1.850   0.000
   1.950   0.000
   2.050   0.000
   2.150   0.000
   2.250   0.000
   2.350   0.000
   2.450   0.000
   2.550   0.000
   2.650   0.006
   2.750   0.036
   2.850   0.085
   2.950   0.118
   3.050   0.137
   3.150   0.184
   3.250   0.278
   3.350   0.402
   3.450   0.525
   3.550   0.628
   3.650   0.702
   3.750   0.740
   3.850   0.737
   3.950   0.705
   4.050   0.665
   4.150   0.631
   4.250   0.604
   4.350   0.580
   4.450   0.560
   4.550   0.544
   4.650   0.529
   4.750   0.518
   4.850   0.515
   4.950   0.516
   5.050   0.511
   5.150   0.493
   5.250   0.471
   5.350   0.455
   5.450   0.446
   5.550   0.443
   5.650   0.444
   5.750   0.447
   5.850   0.452
   5.950   0.458
   6.050   0.465
   6.150   0.472
   6.250   0.476
   6.350   0.480
   6.450   0.485
   6.550   0.491
   6.650   0.501
   6.750   0.515
   6.850   0.531
   6.950   0.547
   7.050   0.560
   7.150   0.570
   7.250   0.575
   7.350   0.575
   7.450   0.573
   7.550   0.571
   7.650   0.570
   7.750   0.568
   7.850   0.564
   7.950   0.560
   8.050   0.555
   8.150   0.549
   8.250   0.542
   8.350   0.535
   8.450   0.528
   8.550   0.521
   8.650   0.514
   8.750   0.508
   8.850   0.504
   8.950   0.500
   9.050   0.498
   9.150   0.496
   9.250   0.494
   9.350   0.492
   9.450   0.490
   9.550   0.488
   9.650   0.486
   9.750   0.484
   9.850   0.482
   9.950   0.480
  10.050   0.479
  10.150   0.478
  10.250   0.476
  10.350   0.475
  10.450   0.474
  10.550   0.471
  10.650   0.469
  10.750   0.466
  10.850   0.463
  10.950   0.459
  11.050   0.456
  11.150   0.453
  11.250   0.451
  11.350   0.449
  11.450   0.447
  11.550   0.444
  11.650   0.441
  11.750   0.438
  11.850   0.434
  11.950   0.430
  12.050   0.425
  12.150   0.421
  12.250   0.417
  12.350   0.413
  12.450   0.409
  12.550   0.406
  12.650   0.404
  12.750   0.401
  12.850   0.399
  12.950   0.397
  13.050   0.395
  13.150   0.393
  13.250   0.390
  13.350   0.388
  13.450   0.386
  13.550   0.384
  13.650   0.381
  13.750   0.378
  13.850   0.376
  13.950   0.373
  14.050   0.370
  14.150   0.367
  14.250   0.364
  14.350   0.362
  14.450   0.359
  14.550   0.356
  14.650   0.353
  14.750   0.350
  14.850   0.347
  14.950   0.344
  15.050   0.341
  15.150   0.339
  15.250   0.336
  15.350   0.334
  15.450   0.331
  15.550   0.328
  15.650   0.326
  15.750   0.323
  15.850   0.320
  15.950   0.317
  16.050   0.314
  16.150   0.311
  16.250   0.308
  16.350   0.306
  16.450   0.304
  16.550   0.301
  16.650   0.299
  16.750   0.296
  16.850   0.294
  16.950   0.292
  17.050   0.289
  17.150   0.287
  17.250   0.285
  17.350   0.282
  17.450   0.280
  17.550   0.278
  17.650   0.275
  17.750   0.272
  17.850   0.270
  17.950   0.267
  18.050   0.265
  18.150   0.262
  18.250   0.260
  18.350   0.257
  18.450   0.255
  18.550   0.252
  18.650   0.250
  18.750   0.247
  18.850   0.244
  18.950   0.241
  19.050   0.239
  19.150   0.236
  19.250   0.233
  19.350   0.230
  19.450   0.227
  19.550   0.224
  19.650   0.222
  19.750   0.219
  19.850   0.217
  19.950   0.214
  20.050   0.212
  20.150   0.209
  20.250   0.207
  20.350   0.204
  20.450   0.202
  20.550   0.199
  20.650   0.197
  20.750   0.195
  20.850   0.192
  20.950   0.190
  21.050   0.188
  21.150   0.185
  21.250   0.183
  21.350   0.181
  21.450   0.179
  21.550   0.176
  21.650   0.174
  21.750   0.172
  21.850   0.169
  21.950   0.167
  22.050   0.164
  22.150   0.162
  22.250   0.160
  22.350   0.157
  22.450   0.155
  22.550   0.152
  22.650   0.149
  22.750   0.147
  22.850   0.144
  22.950   0.142
  23.050   0.140
  23.150   0.138
  23.250   0.135
  23.350   0.133
  23.450   0.131
  23.550   0.129
  23.650   0.127
  23.750   0.125
  23.850   0.124
  23.950   0.122
  24.050   0.120
  24.150   0.118
  24.250   0.117
  24.350   0.115
  24.450   0.114
  24.550   0.112
  24.650   0.110
  24.750   0.109
  24.850   0.107
  24.950   0.106
  25.050   0.104
  25.150   0.103
  25.250   0.101
  25.350   0.100
  25.450   0.098
  25.550   0.097
  25.650   0.095
  25.750   0.094
  25.850   0.092
  25.950   0.091
  26.050   0.089
  26.150   0.088
  26.250   0.086
  26.350   0.085
  26.450   0.083
  26.550   0.082
  26.650   0.081
  26.750   0.079
  26.850   0.078
  26.950   0.077
  27.050   0.076
  27.150   0.075
  27.250   0.073
  27.350   0.072
  27.450   0.071
  27.550   0.070
  27.650   0.069
  27.750   0.068
  27.850   0.067
  27.950   0.066
  28.050   0.065
  28.150   0.064
  28.250   0.063
  28.350   0.062
  28.450   0.061
  28.550   0.060
  28.650   0.059
  28.750   0.058
  28.850   0.057
  28.950   0.057
  29.050   0.056
  29.150   0.055
  29.250   0.054
  29.350   0.053
  29.450   0.052
  29.550   0.052
  29.650   0.051
  29.750   0.050
  29.850   0.049
  29.950   0.049
