   0.050   0.000
   0.150   0.000
   0.250   0.000
   0.350   0.000
   0.450   0.000
   0.550   0.000
   0.650   0.000
   0.750   0.000
   0.850   0.000
   0.950   0.000
   1.050   0.000
   1.150   0.000
   1.250   0.000
   1.350   0.000
   1.450   0.000
   1.550   0.000
   1.650   0.000
   1.750   0.000
   1.850   0.000
   1.950   0.000
   2.050   0.000
   2.150   0.000
   2.250   0.000
   2.350   0.000
   2.450   0.000
   2.550   0.000
   2.650   0.015
   2.750   0.077
   2.850   0.146
   2.950   0.166
   3.050   0.169
   3.150   0.215
   3.250   0.312
   3.350   0.440
   3.450   0.575
   3.550   0.706
   3.650   0.812
   3.750   0.856
   3.850   0.832
   3.950   0.780
   4.050   0.739
   4.150   0.718
   4.250   0.698
   4.350   0.672
   4.450   0.651
   4.550   0.640
   4.650   0.635
   4.750   0.636
   4.850   0.642
   4.950   0.650
   5.050   0.649
   5.150   0.627
   5.250   0.594
   5.350   0.573
   5.450   0.569
   5.550   0.575
   5.650   0.573
   5.750   0.566
   5.850   0.568
   5.950   0.575
   6.050   0.578
   6.150   0.573
   6.250   0.568
   6.350   0.564
   6.450   0.560
   6.550   0.561
   6.650   0.570
   6.750   0.586
   6.850   0.602
   6.950   0.617
   7.050   0.630
   7.150   0.642
   7.250   0.648
   7.350   0.647
   7.450   0.640
   7.550   0.632
   7.650   0.624
   7.750   0.614
   7.850   0.602
   7.950   0.592
   8.050   0.585
   8.150   0.578
   8.250   0.571
   8.350   0.564
   8.450   0.556
   8.550   0.549
   8.650   0.542
   8.750   0.535
   8.850   0.528
   8.950   0.522
   9.050   0.516
   9.150   0.509
   9.250   0.502
   9.350   0.497
   9.450   0.493
   9.550   0.489
   9.650   0.485
   9.750   0.480
   9.850   0.476
   9.950   0.472
  10.050   0.469
  10.150   0.466
  10.250   0.463
  10.350   0.460
  10.450   0.456
  10.550   0.452
  10.650   0.447
  10.750   0.442
  10.850   0.436
  10.950   0.430
  11.050   0.425
  11.150   0.419
  11.250   0.413
  11.350   0.408
  11.450   0.403
  11.550   0.397
  11.650   0.393
  11.750   0.388
  11.850   0.384
  11.950   0.379
  12.050   0.375
  12.150   0.370
  12.250   0.365
  12.350   0.360
  12.450   0.355
  12.550   0.350
  12.650   0.346
  12.750   0.342
  12.850   0.338
  12.950   0.334
  13.050   0.331
  13.150   0.327
  13.250   0.324
  13.350   0.322
  13.450   0.319
  13.550   0.317
  13.650   0.315
  13.750   0.313
  13.850   0.311
  13.950   0.309
  14.050   0.307
  14.150   0.305
  14.250   0.302
  14.350   0.300
  14.450   0.297
  14.550   0.294
  14.650   0.291
  14.750   0.289
  14.850   0.286
  14.950   0.284
  15.050   0.281
  15.150   0.279
  15.250   0.277
  15.350   0.274
  15.450   0.272
  15.550   0.270
  15.650   0.268
  15.750   0.266
  15.850   0.264
  15.950   0.262
  16.050   0.260
  16.150   0.258
  16.250   0.256
  16.350   0.254
  16.450   0.252
  16.550   0.250
  16.650   0.248
  16.750   0.247
  16.850   0.246
  16.950   0.245
  17.050   0.244
  17.150   0.244
  17.250   0.243
  17.350   0.242
  17.450   0.241
  17.550   0.240
  17.650   0.239
  17.750   0.238
  17.850   0.237
  17.950   0.236
  18.050   0.234
  18.150   0.233
  18.250   0.232
  18.350   0.231
  18.450   0.229
  18.550   0.228
  18.650   0.227
  18.750   0.226
  18.850   0.225
  18.950   0.224
  19.050   0.223
  19.150   0.222
  19.250   0.220
  19.350   0.219
  19.450   0.218
  19.550   0.216
  19.650   0.215
  19.750   0.213
  19.850   0.212
  19.950   0.210
  20.050   0.209
  20.150   0.207
  20.250   0.206
  20.350   0.204
  20.450   0.202
  20.550   0.201
  20.650   0.200
  20.750   0.198
  20.850   0.197
  20.950   0.196
  21.050   0.194
  21.150   0.193
  21.250   0.192
  21.350   0.190
  21.450   0.189
  21.550   0.187
  21.650   0.186
  21.750   0.185
  21.850   0.183
  21.950   0.182
  22.050   0.180
  22.150   0.179
  22.250   0.177
  22.350   0.175
  22.450   0.173
  22.550   0.172
  22.650   0.170
  22.750   0.168
  22.850   0.166
  22.950   0.165
  23.050   0.163
  23.150   0.161
  23.250   0.159
  23.350   0.157
  23.450   0.155
  23.550   0.153
  23.650   0.152
  23.750   0.150
  23.850   0.148
  23.950   0.146
  24.050   0.145
  24.150   0.143
  24.250   0.141
  24.350   0.140
  24.450   0.138
  24.550   0.137
  24.650   0.136
  24.750   0.134
  24.850   0.133
  24.950   0.131
  25.050   0.130
  25.150   0.129
  25.250   0.127
  25.350   0.126
  25.450   0.124
  25.550   0.123
  25.650   0.121
  25.750   0.119
  25.850   0.118
  25.950   0.116
  26.050   0.114
  26.150   0.113
  26.250   0.111
  26.350   0.109
  26.450   0.108
  26.550   0.106
  26.650   0.104
  26.750   0.103
  26.850   0.101
  26.950   0.100
  27.050   0.098
  27.150   0.097
  27.250   0.095
  27.350   0.094
  27.450   0.092
  27.550   0.091
  27.650   0.089
  27.750   0.088
  27.850   0.086
  27.950   0.085
  28.050   0.083
  28.150   0.082
  28.250   0.080
  28.350   0.079
  28.450   0.078
  28.550   0.076
  28.650   0.075
  28.750   0.074
  28.850   0.073
  28.950   0.071
  29.050   0.070
  29.150   0.069
  29.250   0.068
  29.350   0.067
  29.450   0.065
  29.550   0.064
  29.650   0.063
  29.750   0.062
  29.850   0.061
  29.950   0.059
