   0.050   0.000
   0.150   0.000
   0.250   0.000
   0.350   0.000
   0.450   0.000
   0.550   0.000
   0.650   0.000
   0.750   0.000
   0.850   0.000
   0.950   0.000
   1.050   0.000
   1.150   0.000
   1.250   0.000
   1.350   0.000
   1.450   0.000
   1.550   0.000
   1.650   0.000
   1.750   0.000
   1.850   0.000
   1.950   0.000
   2.050   0.000
   2.150   0.000
   2.250   0.000
   2.350   0.000
   2.450   0.000
   2.550   0.000
   2.650   0.001
   2.750   0.017
   2.850   0.084
   2.950   0.139
   3.050   0.158
   3.150   0.216
   3.250   0.348
   3.350   0.528
   3.450   0.709
   3.550   0.852
   3.650   0.951
   3.750   1.017
   3.850   1.049
   3.950   1.036
   4.050   0.991
   4.150   0.937
   4.250   0.890
   4.350   0.851
   4.450   0.821
   4.550   0.801
   4.650   0.782
   4.750   0.760
   4.850   0.736
   4.950   0.717
   5.050   0.698
   5.150   0.669
   5.250   0.632
   5.350   0.597
   5.450   0.572
   5.550   0.557
   5.650   0.547
   5.750   0.541
   5.850   0.541
   5.950   0.549
   6.050   0.555
   6.150   0.552
   6.250   0.542
   6.350   0.535
   6.450   0.534
   6.550   0.539
   6.650   0.548
   6.750   0.563
   6.850   0.583
   6.950   0.602
   7.050   0.618
   7.150   0.630
   7.250   0.638
   7.350   0.638
   7.450   0.628
   7.550   0.615
   7.650   0.603
   7.750   0.593
   7.850   0.583
   7.950   0.575
   8.050   0.567
   8.150   0.558
   8.250   0.545
   8.350   0.530
   8.450   0.513
   8.550   0.496
   8.650   0.481
   8.750   0.469
   8.850   0.458
   8.950   0.449
   9.050   0.440
   9.150   0.433
   9.250   0.427
   9.350   0.422
   9.450   0.418
   9.550   0.412
   9.650   0.404
   9.750   0.398
   9.850   0.395
   9.950   0.393
  10.050   0.392
  10.150   0.392
  10.250   0.392
  10.350   0.392
  10.450   0.393
  10.550   0.392
  10.650   0.391
  10.750   0.389
  10.850   0.388
  10.950   0.387
  11.050   0.385
  11.150   0.383
  11.250   0.380
  11.350   0.377
  11.450   0.374
  11.550   0.371
  11.650   0.367
  11.750   0.364
  11.850   0.360
  11.950   0.357
  12.050   0.353
  12.150   0.350
  12.250   0.347
  12.350   0.344
  12.450   0.341
  12.550   0.338
  12.650   0.336
  12.750   0.333
  12.850   0.330
  12.950   0.328
  13.050   0.326
  13.150   0.323
  13.250   0.321
  13.350   0.320
  13.450   0.318
  13.550   0.316
  13.650   0.315
  13.750   0.313
  13.850   0.311
  13.950   0.309
  14.050   0.307
  14.150   0.305
  14.250   0.303
  14.350   0.301
  14.450   0.300
  14.550   0.298
  14.650   0.296
  14.750   0.294
  14.850   0.292
  14.950   0.290
  15.050   0.288
  15.150   0.286
  15.250   0.283
  15.350   0.281
  15.450   0.279
  15.550   0.276
  15.650   0.274
  15.750   0.272
  15.850   0.270
  15.950   0.268
  16.050   0.266
  16.150   0.263
  16.250   0.261
  16.350   0.258
  16.450   0.256
  16.550   0.254
  16.650   0.251
  16.750   0.248
  16.850   0.246
  16.950   0.243
  17.050   0.240
  17.150   0.237
  17.250   0.235
  17.350   0.232
  17.450   0.229
  17.550   0.227
  17.650   0.224
  17.750   0.222
  17.850   0.219
  17.950   0.217
  18.050   0.214
  18.150   0.211
  18.250   0.209
  18.350   0.206
  18.450   0.203
  18.550   0.201
  18.650   0.198
  18.750   0.195
  18.850   0.193
  18.950   0.190
  19.050   0.188
  19.150   0.185
  19.250   0.183
  19.350   0.181
  19.450   0.179
  19.550   0.177
  19.650   0.175
  19.750   0.173
  19.850   0.171
  19.950   0.169
  20.050   0.167
  20.150   0.165
  20.250   0.163
  20.350   0.161
  20.450   0.159
  20.550   0.157
  20.650   0.155
  20.750   0.153
  20.850   0.151
  20.950   0.149
  21.050   0.147
  21.150   0.145
  21.250   0.143
  21.350   0.142
  21.450   0.140
  21.550   0.138
  21.650   0.137
  21.750   0.135
  21.850   0.133
  21.950   0.132
  22.050   0.130
  22.150   0.129
  22.250   0.127
  22.350   0.126
  22.450   0.124
  22.550   0.123
  22.650   0.122
  22.750   0.121
  22.850   0.119
  22.950   0.118
  23.050   0.117
  23.150   0.116
  23.250   0.115
  23.350   0.114
  23.450   0.113
  23.550   0.111
  23.650   0.110
  23.750   0.109
  23.850   0.108
  23.950   0.107
  24.050   0.106
  24.150   0.105
  24.250   0.104
  24.350   0.103
  24.450   0.102
  24.550   0.101
  24.650   0.100
  24.750   0.099
  24.850   0.097
  24.950   0.096
  25.050   0.095
  25.150   0.094
  25.250   0.093
  25.350   0.092
  25.450   0.091
  25.550   0.090
  25.650   0.089
  25.750   0.088
  25.850   0.087
  25.950   0.086
  26.050   0.085
  26.150   0.084
  26.250   0.083
  26.350   0.082
  26.450   0.081
  26.550   0.081
  26.650   0.080
  26.750   0.079
  26.850   0.078
  26.950   0.077
  27.050   0.077
  27.150   0.076
  27.250   0.075
  27.350   0.074
  27.450   0.074
  27.550   0.073
  27.650   0.072
  27.750   0.072
  27.850   0.071
  27.950   0.070
  28.050   0.069
  28.150   0.069
  28.250   0.068
  28.350   0.067
  28.450   0.067
  28.550   0.066
  28.650   0.065
  28.750   0.064
  28.850   0.064
  28.950   0.063
  29.050   0.062
  29.150   0.062
  29.250   0.061
  29.350   0.060
  29.450   0.060
  29.550   0.059
  29.650   0.058
  29.750   0.057
  29.850   0.057
  29.950   0.056
