   0.050   0.000
   0.150   0.000
   0.250   0.000
   0.350   0.000
   0.450   0.000
   0.550   0.000
   0.650   0.000
   0.750   0.000
   0.850   0.000
   0.950   0.000
   1.050   0.000
   1.150   0.000
   1.250   0.000
   1.350   0.000
   1.450   0.000
   1.550   0.000
   1.650   0.000
   1.750   0.000
   1.850   0.000
   1.950   0.000
   2.050   0.000
   2.150   0.000
   2.250   0.000
   2.350   0.000
   2.450   0.000
   2.550   0.000
   2.650   0.000
   2.750   0.000
   2.850   0.000
   2.950   0.000
   3.050   0.000
   3.150   0.000
   3.250   0.000
   3.350   0.000
   3.450   0.000
   3.550   0.000
   3.650   0.001
   3.750   0.003
   3.850   0.009
   3.950   0.023
   4.050   0.041
   4.150   0.056
   4.250   0.064
   4.350   0.066
   4.450   0.064
   4.550   0.060
   4.650   0.056
   4.750   0.050
   4.850   0.045
   4.950   0.041
   5.050   0.039
   5.150   0.041
   5.250   0.048
   5.350   0.055
   5.450   0.059
   5.550   0.060
   5.650   0.061
   5.750   0.064
   5.850   0.068
   5.950   0.074
   6.050   0.078
   6.150   0.083
   6.250   0.087
   6.350   0.090
   6.450   0.094
   6.550   0.096
   6.650   0.098
   6.750   0.098
   6.850   0.096
   6.950   0.093
   7.050   0.089
   7.150   0.087
   7.250   0.086
   7.350   0.088
   7.450   0.094
   7.550   0.103
   7.650   0.110
   7.750   0.115
   7.850   0.117
   7.950   0.116
   8.050   0.115
   8.150   0.116
   8.250   0.119
   8.350   0.123
   8.450   0.127
   8.550   0.130
   8.650   0.133
   8.750   0.136
   8.850   0.140
   8.950   0.143
   9.050   0.147
   9.150   0.151
   9.250   0.153
   9.350   0.155
   9.450   0.156
   9.550   0.156
   9.650   0.156
   9.750   0.157
   9.850   0.158
   9.950   0.160
  10.050   0.161
  10.150   0.162
  10.250   0.162
  10.350   0.162
  10.450   0.162
  10.550   0.162
  10.650   0.163
  10.750   0.163
  10.850   0.161
  10.950   0.156
  11.050   0.152
  11.150   0.150
  11.250   0.148
  11.350   0.146
  11.450   0.144
  11.550   0.142
  11.650   0.140
  11.750   0.138
  11.850   0.136
  11.950   0.133
  12.050   0.131
  12.150   0.129
  12.250   0.126
  12.350   0.125
  12.450   0.124
  12.550   0.123
  12.650   0.123
  12.750   0.122
  12.850   0.122
  12.950   0.120
  13.050   0.119
  13.150   0.117
  13.250   0.114
  13.350   0.112
  13.450   0.111
  13.550   0.109
  13.650   0.109
  13.750   0.108
  13.850   0.108
  13.950   0.108
  14.050   0.108
  14.150   0.108
  14.250   0.107
  14.350   0.107
  14.450   0.106
  14.550   0.104
  14.650   0.103
  14.750   0.101
  14.850   0.099
  14.950   0.097
  15.050   0.096
  15.150   0.094
  15.250   0.093
  15.350   0.092
  15.450   0.091
  15.550   0.090
  15.650   0.089
  15.750   0.089
  15.850   0.088
  15.950   0.087
  16.050   0.087
  16.150   0.086
  16.250   0.086
  16.350   0.085
  16.450   0.085
  16.550   0.084
  16.650   0.084
  16.750   0.083
  16.850   0.083
  16.950   0.083
  17.050   0.082
  17.150   0.082
  17.250   0.082
  17.350   0.082
  17.450   0.081
  17.550   0.081
  17.650   0.081
  17.750   0.080
  17.850   0.080
  17.950   0.079
  18.050   0.079
  18.150   0.078
  18.250   0.078
  18.350   0.077
  18.450   0.076
  18.550   0.076
  18.650   0.075
  18.750   0.075
  18.850   0.074
  18.950   0.074
  19.050   0.074
  19.150   0.073
  19.250   0.073
  19.350   0.073
  19.450   0.073
  19.550   0.072
  19.650   0.072
  19.750   0.071
  19.850   0.071
  19.950   0.070
  20.050   0.070
  20.150   0.070
  20.250   0.069
  20.350   0.069
  20.450   0.068
  20.550   0.068
  20.650   0.067
  20.750   0.066
  20.850   0.066
  20.950   0.066
  21.050   0.065
  21.150   0.065
  21.250   0.064
  21.350   0.064
  21.450   0.064
  21.550   0.063
  21.650   0.063
  21.750   0.063
  21.850   0.062
  21.950   0.062
  22.050   0.062
  22.150   0.062
  22.250   0.061
  22.350   0.061
  22.450   0.061
  22.550   0.060
  22.650   0.060
  22.750   0.060
  22.850   0.059
  22.950   0.059
  23.050   0.059
  23.150   0.058
  23.250   0.058
  23.350   0.058
  23.450   0.057
  23.550   0.057
  23.650   0.057
  23.750   0.056
  23.850   0.056
  23.950   0.055
  24.050   0.055
  24.150   0.054
  24.250   0.054
  24.350   0.054
  24.450   0.053
  24.550   0.053
  24.650   0.052
  24.750   0.052
  24.850   0.052
  24.950   0.051
  25.050   0.051
  25.150   0.051
  25.250   0.051
  25.350   0.050
  25.450   0.050
  25.550   0.050
  25.650   0.050
  25.750   0.049
  25.850   0.049
  25.950   0.049
  26.050   0.049
  26.150   0.048
  26.250   0.048
  26.350   0.048
  26.450   0.047
  26.550   0.047
  26.650   0.047
  26.750   0.046
  26.850   0.046
  26.950   0.046
  27.050   0.046
  27.150   0.045
  27.250   0.045
  27.350   0.045
  27.450   0.045
  27.550   0.044
  27.650   0.044
  27.750   0.044
  27.850   0.043
  27.950   0.043
  28.050   0.043
  28.150   0.043
  28.250   0.042
  28.350   0.042
  28.450   0.042
  28.550   0.042
  28.650   0.041
  28.750   0.041
  28.850   0.041
  28.950   0.041
  29.050   0.040
  29.150   0.040
  29.250   0.040
  29.350   0.040
  29.450   0.040
  29.550   0.039
  29.650   0.039
  29.750   0.039
  29.850   0.039
  29.950   0.039
