   0.050   0.000
   0.150   0.000
   0.250   0.000
   0.350   0.000
   0.450   0.000
   0.550   0.000
   0.650   0.000
   0.750   0.000
   0.850   0.000
   0.950   0.000
   1.050   0.000
   1.150   0.000
   1.250   0.000
   1.350   0.000
   1.450   0.000
   1.550   0.000
   1.650   0.000
   1.750   0.000
   1.850   0.000
   1.950   0.000
   2.050   0.000
   2.150   0.000
   2.250   0.000
   2.350   0.000
   2.450   0.000
   2.550   0.000
   2.650   0.000
   2.750   0.000
   2.850   0.000
   2.950   0.000
   3.050   0.000
   3.150   0.000
   3.250   0.000
   3.350   0.000
   3.450   0.000
   3.550   0.000
   3.650   0.001
   3.750   0.003
   3.850   0.010
   3.950   0.027
   4.050   0.052
   4.150   0.081
   4.250   0.103
   4.350   0.111
   4.450   0.106
   4.550   0.096
   4.650   0.082
   4.750   0.068
   4.850   0.055
   4.950   0.046
   5.050   0.040
   5.150   0.037
   5.250   0.037
   5.350   0.039
   5.450   0.044
   5.550   0.051
   5.650   0.060
   5.750   0.070
   5.850   0.078
   5.950   0.085
   6.050   0.088
   6.150   0.091
   6.250   0.094
   6.350   0.097
   6.450   0.100
   6.550   0.103
   6.650   0.106
   6.750   0.109
   6.850   0.110
   6.950   0.111
   7.050   0.113
   7.150   0.114
   7.250   0.117
   7.350   0.120
   7.450   0.121
   7.550   0.119
   7.650   0.115
   7.750   0.110
   7.850   0.106
   7.950   0.104
   8.050   0.103
   8.150   0.103
   8.250   0.105
   8.350   0.107
   8.450   0.110
   8.550   0.113
   8.650   0.117
   8.750   0.120
   8.850   0.124
   8.950   0.126
   9.050   0.127
   9.150   0.126
   9.250   0.125
   9.350   0.123
   9.450   0.122
   9.550   0.122
   9.650   0.122
   9.750   0.123
   9.850   0.125
   9.950   0.127
  10.050   0.128
  10.150   0.131
  10.250   0.133
  10.350   0.136
  10.450   0.138
  10.550   0.140
  10.650   0.142
  10.750   0.143
  10.850   0.145
  10.950   0.146
  11.050   0.147
  11.150   0.147
  11.250   0.147
  11.350   0.146
  11.450   0.146
  11.550   0.146
  11.650   0.145
  11.750   0.144
  11.850   0.143
  11.950   0.143
  12.050   0.143
  12.150   0.143
  12.250   0.145
  12.350   0.147
  12.450   0.148
  12.550   0.149
  12.650   0.147
  12.750   0.143
  12.850   0.138
  12.950   0.134
  13.050   0.130
  13.150   0.126
  13.250   0.124
  13.350   0.121
  13.450   0.119
  13.550   0.117
  13.650   0.115
  13.750   0.114
  13.850   0.112
  13.950   0.111
  14.050   0.110
  14.150   0.109
  14.250   0.107
  14.350   0.106
  14.450   0.105
  14.550   0.104
  14.650   0.103
  14.750   0.103
  14.850   0.102
  14.950   0.102
  15.050   0.101
  15.150   0.100
  15.250   0.099
  15.350   0.098
  15.450   0.097
  15.550   0.097
  15.650   0.096
  15.750   0.095
  15.850   0.094
  15.950   0.093
  16.050   0.092
  16.150   0.091
  16.250   0.090
  16.350   0.090
  16.450   0.089
  16.550   0.088
  16.650   0.087
  16.750   0.087
  16.850   0.086
  16.950   0.085
  17.050   0.084
  17.150   0.083
  17.250   0.082
  17.350   0.082
  17.450   0.081
  17.550   0.080
  17.650   0.080
  17.750   0.079
  17.850   0.078
  17.950   0.078
  18.050   0.077
  18.150   0.076
  18.250   0.076
  18.350   0.076
  18.450   0.075
  18.550   0.075
  18.650   0.075
  18.750   0.075
  18.850   0.075
  18.950   0.075
  19.050   0.075
  19.150   0.074
  19.250   0.075
  19.350   0.074
  19.450   0.074
  19.550   0.074
  19.650   0.074
  19.750   0.073
  19.850   0.072
  19.950   0.072
  20.050   0.071
  20.150   0.070
  20.250   0.070
  20.350   0.069
  20.450   0.068
  20.550   0.068
  20.650   0.067
  20.750   0.066
  20.850   0.066
  20.950   0.066
  21.050   0.065
  21.150   0.065
  21.250   0.064
  21.350   0.064
  21.450   0.064
  21.550   0.063
  21.650   0.063
  21.750   0.063
  21.850   0.063
  21.950   0.062
  22.050   0.062
  22.150   0.062
  22.250   0.062
  22.350   0.061
  22.450   0.061
  22.550   0.061
  22.650   0.060
  22.750   0.060
  22.850   0.059
  22.950   0.059
  23.050   0.058
  23.150   0.058
  23.250   0.058
  23.350   0.057
  23.450   0.057
  23.550   0.056
  23.650   0.056
  23.750   0.056
  23.850   0.055
  23.950   0.055
  24.050   0.055
  24.150   0.055
  24.250   0.054
  24.350   0.054
  24.450   0.054
  24.550   0.053
  24.650   0.053
  24.750   0.053
  24.850   0.052
  24.950   0.052
  25.050   0.052
  25.150   0.051
  25.250   0.051
  25.350   0.051
  25.450   0.050
  25.550   0.050
  25.650   0.050
  25.750   0.049
  25.850   0.049
  25.950   0.049
  26.050   0.049
  26.150   0.048
  26.250   0.048
  26.350   0.048
  26.450   0.047
  26.550   0.047
  26.650   0.047
  26.750   0.047
  26.850   0.046
  26.950   0.046
  27.050   0.046
  27.150   0.046
  27.250   0.045
  27.350   0.045
  27.450   0.045
  27.550   0.044
  27.650   0.044
  27.750   0.044
  27.850   0.044
  27.950   0.043
  28.050   0.043
  28.150   0.043
  28.250   0.042
  28.350   0.042
  28.450   0.042
  28.550   0.042
  28.650   0.041
  28.750   0.041
  28.850   0.041
  28.950   0.041
  29.050   0.041
  29.150   0.040
  29.250   0.040
  29.350   0.040
  29.450   0.040
  29.550   0.039
  29.650   0.039
  29.750   0.039
  29.850   0.039
  29.950   0.039
