   0.050   0.000
   0.150   0.000
   0.250   0.000
   0.350   0.000
   0.450   0.000
   0.550   0.000
   0.650   0.000
   0.750   0.000
   0.850   0.000
   0.950   0.000
   1.050   0.000
   1.150   0.000
   1.250   0.000
   1.350   0.000
   1.450   0.000
   1.550   0.000
   1.650   0.000
   1.750   0.000
   1.850   0.000
   1.950   0.000
   2.050   0.000
   2.150   0.000
   2.250   0.000
   2.350   0.000
   2.450   0.000
   2.550   0.000
   2.650   0.000
   2.750   0.000
   2.850   0.000
   2.950   0.000
   3.050   0.000
   3.150   0.000
   3.250   0.000
   3.350   0.000
   3.450   0.000
   3.550   0.001
   3.650   0.004
   3.750   0.013
   3.850   0.031
   3.950   0.058
   4.050   0.088
   4.150   0.116
   4.250   0.132
   4.350   0.129
   4.450   0.111
   4.550   0.090
   4.650   0.072
   4.750   0.058
   4.850   0.048
   4.950   0.041
   5.050   0.037
   5.150   0.035
   5.250   0.034
   5.350   0.036
   5.450   0.040
   5.550   0.045
   5.650   0.052
   5.750   0.060
   5.850   0.070
   5.950   0.080
   6.050   0.090
   6.150   0.099
   6.250   0.106
   6.350   0.111
   6.450   0.115
   6.550   0.119
   6.650   0.122
   6.750   0.125
   6.850   0.127
   6.950   0.128
   7.050   0.129
   7.150   0.130
   7.250   0.132
   7.350   0.138
   7.450   0.145
   7.550   0.152
   7.650   0.158
   7.750   0.162
   7.850   0.164
   7.950   0.165
   8.050   0.164
   8.150   0.161
   8.250   0.157
   8.350   0.153
   8.450   0.148
   8.550   0.144
   8.650   0.141
   8.750   0.140
   8.850   0.141
   8.950   0.144
   9.050   0.148
   9.150   0.152
   9.250   0.158
   9.350   0.162
   9.450   0.166
   9.550   0.168
   9.650   0.169
   9.750   0.168
   9.850   0.166
   9.950   0.162
  10.050   0.158
  10.150   0.155
  10.250   0.151
  10.350   0.147
  10.450   0.144
  10.550   0.141
  10.650   0.138
  10.750   0.136
  10.850   0.134
  10.950   0.133
  11.050   0.133
  11.150   0.134
  11.250   0.135
  11.350   0.136
  11.450   0.137
  11.550   0.138
  11.650   0.138
  11.750   0.138
  11.850   0.137
  11.950   0.136
  12.050   0.135
  12.150   0.133
  12.250   0.131
  12.350   0.129
  12.450   0.127
  12.550   0.124
  12.650   0.121
  12.750   0.119
  12.850   0.117
  12.950   0.115
  13.050   0.113
  13.150   0.112
  13.250   0.111
  13.350   0.110
  13.450   0.109
  13.550   0.108
  13.650   0.107
  13.750   0.107
  13.850   0.105
  13.950   0.104
  14.050   0.103
  14.150   0.102
  14.250   0.101
  14.350   0.100
  14.450   0.098
  14.550   0.098
  14.650   0.097
  14.750   0.096
  14.850   0.095
  14.950   0.095
  15.050   0.095
  15.150   0.094
  15.250   0.094
  15.350   0.094
  15.450   0.093
  15.550   0.092
  15.650   0.091
  15.750   0.090
  15.850   0.089
  15.950   0.088
  16.050   0.087
  16.150   0.087
  16.250   0.086
  16.350   0.085
  16.450   0.084
  16.550   0.083
  16.650   0.082
  16.750   0.082
  16.850   0.081
  16.950   0.081
  17.050   0.080
  17.150   0.080
  17.250   0.079
  17.350   0.079
  17.450   0.078
  17.550   0.078
  17.650   0.077
  17.750   0.077
  17.850   0.076
  17.950   0.076
  18.050   0.075
  18.150   0.075
  18.250   0.075
  18.350   0.074
  18.450   0.074
  18.550   0.073
  18.650   0.073
  18.750   0.073
  18.850   0.072
  18.950   0.072
  19.050   0.072
  19.150   0.072
  19.250   0.071
  19.350   0.071
  19.450   0.071
  19.550   0.070
  19.650   0.070
  19.750   0.069
  19.850   0.069
  19.950   0.069
  20.050   0.069
  20.150   0.068
  20.250   0.068
  20.350   0.068
  20.450   0.067
  20.550   0.067
  20.650   0.067
  20.750   0.066
  20.850   0.066
  20.950   0.065
  21.050   0.065
  21.150   0.065
  21.250   0.064
  21.350   0.064
  21.450   0.063
  21.550   0.063
  21.650   0.063
  21.750   0.062
  21.850   0.062
  21.950   0.061
  22.050   0.061
  22.150   0.061
  22.250   0.060
  22.350   0.060
  22.450   0.060
  22.550   0.059
  22.650   0.059
  22.750   0.059
  22.850   0.058
  22.950   0.058
  23.050   0.058
  23.150   0.057
  23.250   0.057
  23.350   0.057
  23.450   0.057
  23.550   0.056
  23.650   0.056
  23.750   0.056
  23.850   0.056
  23.950   0.055
  24.050   0.055
  24.150   0.055
  24.250   0.054
  24.350   0.054
  24.450   0.054
  24.550   0.053
  24.650   0.053
  24.750   0.053
  24.850   0.052
  24.950   0.052
  25.050   0.051
  25.150   0.051
  25.250   0.051
  25.350   0.050
  25.450   0.050
  25.550   0.049
  25.650   0.049
  25.750   0.049
  25.850   0.048
  25.950   0.048
  26.050   0.048
  26.150   0.048
  26.250   0.047
  26.350   0.047
  26.450   0.047
  26.550   0.047
  26.650   0.047
  26.750   0.046
  26.850   0.046
  26.950   0.046
  27.050   0.046
  27.150   0.045
  27.250   0.045
  27.350   0.045
  27.450   0.045
  27.550   0.044
  27.650   0.044
  27.750   0.044
  27.850   0.044
  27.950   0.044
  28.050   0.044
  28.150   0.043
  28.250   0.043
  28.350   0.043
  28.450   0.043
  28.550   0.042
  28.650   0.042
  28.750   0.042
  28.850   0.042
  28.950   0.041
  29.050   0.041
  29.150   0.041
  29.250   0.041
  29.350   0.040
  29.450   0.040
  29.550   0.040
  29.650   0.040
  29.750   0.040
  29.850   0.039
  29.950   0.039
