   0.050   0.000
   0.150   0.000
   0.250   0.000
   0.350   0.000
   0.450   0.000
   0.550   0.000
   0.650   0.000
   0.750   0.000
   0.850   0.000
   0.950   0.000
   1.050   0.000
   1.150   0.000
   1.250   0.000
   1.350   0.000
   1.450   0.000
   1.550   0.000
   1.650   0.000
   1.750   0.000
   1.850   0.000
   1.950   0.000
   2.050   0.000
   2.150   0.000
   2.250   0.000
   2.350   0.000
   2.450   0.000
   2.550   0.000
   2.650   0.000
   2.750   0.000
   2.850   0.000
   2.950   0.000
   3.050   0.002
   3.150   0.041
   3.250   0.298
   3.350   0.665
   3.450   0.214
   3.550   0.008
   3.650   0.000
   3.750   0.000
   3.850   0.000
   3.950   0.000
   4.050   0.003
   4.150   0.018
   4.250   0.071
   4.350   0.192
   4.450   0.389
   4.550   0.571
   4.650   0.605
   4.750   0.516
   4.850   0.433
   4.950   0.403
   5.050   0.413
   5.150   0.432
   5.250   0.436
   5.350   0.420
   5.450   0.385
   5.550   0.334
   5.650   0.267
   5.750   0.193
   5.850   0.127
   5.950   0.080
   6.050   0.056
   6.150   0.046
   6.250   0.045
   6.350   0.050
   6.450   0.058
   6.550   0.068
   6.650   0.079
   6.750   0.092
   6.850   0.104
   6.950   0.116
   7.050   0.128
   7.150   0.138
   7.250   0.147
   7.350   0.152
   7.450   0.156
   7.550   0.156
   7.650   0.154
   7.750   0.150
   7.850   0.144
   7.950   0.137
   8.050   0.129
   8.150   0.121
   8.250   0.114
   8.350   0.108
   8.450   0.104
   8.550   0.101
   8.650   0.101
   8.750   0.102
   8.850   0.105
   8.950   0.109
   9.050   0.113
   9.150   0.116
   9.250   0.119
   9.350   0.122
   9.450   0.124
   9.550   0.127
   9.650   0.129
   9.750   0.132
   9.850   0.133
   9.950   0.134
  10.050   0.133
  10.150   0.131
  10.250   0.127
  10.350   0.123
  10.450   0.119
  10.550   0.114
  10.650   0.111
  10.750   0.107
  10.850   0.104
  10.950   0.102
  11.050   0.099
  11.150   0.096
  11.250   0.094
  11.350   0.091
  11.450   0.089
  11.550   0.087
  11.650   0.086
  11.750   0.086
  11.850   0.087
  11.950   0.087
  12.050   0.088
  12.150   0.089
  12.250   0.089
  12.350   0.090
  12.450   0.090
  12.550   0.090
  12.650   0.090
  12.750   0.091
  12.850   0.092
  12.950   0.093
  13.050   0.093
  13.150   0.092
  13.250   0.091
  13.350   0.090
  13.450   0.089
  13.550   0.088
  13.650   0.088
  13.750   0.088
  13.850   0.088
  13.950   0.088
  14.050   0.089
  14.150   0.089
  14.250   0.089
  14.350   0.089
  14.450   0.089
  14.550   0.089
  14.650   0.089
  14.750   0.089
  14.850   0.088
  14.950   0.088
  15.050   0.088
  15.150   0.089
  15.250   0.089
  15.350   0.090
  15.450   0.091
  15.550   0.091
  15.650   0.092
  15.750   0.092
  15.850   0.092
  15.950   0.092
  16.050   0.092
  16.150   0.092
  16.250   0.091
  16.350   0.090
  16.450   0.090
  16.550   0.088
  16.650   0.087
  16.750   0.086
  16.850   0.085
  16.950   0.084
  17.050   0.083
  17.150   0.082
  17.250   0.082
  17.350   0.081
  17.450   0.080
  17.550   0.079
  17.650   0.079
  17.750   0.078
  17.850   0.077
  17.950   0.076
  18.050   0.076
  18.150   0.075
  18.250   0.075
  18.350   0.074
  18.450   0.074
  18.550   0.073
  18.650   0.073
  18.750   0.072
  18.850   0.072
  18.950   0.072
  19.050   0.071
  19.150   0.071
  19.250   0.070
  19.350   0.070
  19.450   0.069
  19.550   0.068
  19.650   0.068
  19.750   0.067
  19.850   0.067
  19.950   0.066
  20.050   0.066
  20.150   0.065
  20.250   0.065
  20.350   0.065
  20.450   0.065
  20.550   0.064
  20.650   0.064
  20.750   0.064
  20.850   0.064
  20.950   0.064
  21.050   0.064
  21.150   0.064
  21.250   0.063
  21.350   0.063
  21.450   0.063
  21.550   0.063
  21.650   0.062
  21.750   0.062
  21.850   0.061
  21.950   0.061
  22.050   0.061
  22.150   0.060
  22.250   0.060
  22.350   0.059
  22.450   0.059
  22.550   0.058
  22.650   0.058
  22.750   0.057
  22.850   0.057
  22.950   0.056
  23.050   0.056
  23.150   0.056
  23.250   0.055
  23.350   0.055
  23.450   0.054
  23.550   0.054
  23.650   0.054
  23.750   0.054
  23.850   0.053
  23.950   0.053
  24.050   0.052
  24.150   0.052
  24.250   0.051
  24.350   0.051
  24.450   0.051
  24.550   0.051
  24.650   0.050
  24.750   0.050
  24.850   0.050
  24.950   0.049
  25.050   0.049
  25.150   0.049
  25.250   0.049
  25.350   0.049
  25.450   0.049
  25.550   0.048
  25.650   0.048
  25.750   0.048
  25.850   0.048
  25.950   0.047
  26.050   0.047
  26.150   0.047
  26.250   0.047
  26.350   0.047
  26.450   0.047
  26.550   0.047
  26.650   0.047
  26.750   0.047
  26.850   0.046
  26.950   0.046
  27.050   0.046
  27.150   0.046
  27.250   0.046
  27.350   0.046
  27.450   0.045
  27.550   0.045
  27.650   0.045
  27.750   0.044
  27.850   0.044
  27.950   0.044
  28.050   0.044
  28.150   0.044
  28.250   0.043
  28.350   0.043
  28.450   0.043
  28.550   0.043
  28.650   0.043
  28.750   0.043
  28.850   0.043
  28.950   0.042
  29.050   0.042
  29.150   0.042
  29.250   0.042
  29.350   0.041
  29.450   0.041
  29.550   0.041
  29.650   0.041
  29.750   0.040
  29.850   0.040
  29.950   0.040
