#Distance_(Ang) :1-50@N3_=>_:WAT@O
       0.050000           0.000000
       0.150000           0.000000
       0.250000           0.000000
       0.350000           0.000000
       0.450000           0.000000
       0.550000           0.000000
       0.650000           0.000000
       0.750000           0.000000
       0.850000           0.000000
       0.950000           0.000000
       1.050000           0.000000
       1.150000           0.000000
       1.250000           0.000000
       1.350000           0.000000
       1.450000           0.000000
       1.550000           0.000000
       1.650000           0.000000
       1.750000           0.000000
       1.850000           0.000000
       1.950000           0.000000
       2.050000           0.000000
       2.150000           0.000000
       2.250000           0.000000
       2.350000           0.000000
       2.450000           0.000002
       2.550000           0.000252
       2.650000           0.003523
       2.750000           0.011606
       2.850000           0.016647
       2.950000           0.015659
       3.050000           0.012704
       3.150000           0.010542
       3.250000           0.009469
       3.350000           0.009135
       3.450000           0.009184
       3.550000           0.009397
       3.650000           0.009687
       3.750000           0.010023
       3.850000           0.010396
       3.950000           0.010844
       4.050000           0.011346
       4.150000           0.011969
       4.250000           0.012728
       4.350000           0.013618
       4.450000           0.014536
       4.550000           0.015316
       4.650000           0.015892
       4.750000           0.016209
       4.850000           0.016208
       4.950000           0.015833
       5.050000           0.015210
       5.150000           0.014554
       5.250000           0.014111
       5.350000           0.013930
       5.450000           0.013973
       5.550000           0.014222
       5.650000           0.014653
       5.750000           0.015293
       5.850000           0.016001
       5.950000           0.016683
       6.050000           0.017368
       6.150000           0.018104
       6.250000           0.018824
       6.350000           0.019267
       6.450000           0.019403
       6.550000           0.019417
       6.650000           0.019480
       6.750000           0.019631
       6.850000           0.019785
       6.950000           0.019891
       7.050000           0.019945
       7.150000           0.019968
       7.250000           0.019981
       7.350000           0.019979
       7.450000           0.019992
       7.550000           0.020023
       7.650000           0.020062
       7.750000           0.020149
       7.850000           0.020259
       7.950000           0.020382
       8.050000           0.020528
       8.150000           0.020686
       8.250000           0.020843
       8.350000           0.020994
       8.450000           0.021125
       8.550000           0.021266
       8.650000           0.021436
       8.750000           0.021633
       8.850000           0.021829
       8.950000           0.022057
       9.050000           0.022264
       9.150000           0.022480
       9.250000           0.022682
       9.350000           0.022864
       9.450000           0.023037
       9.550000           0.023180
       9.650000           0.023306
       9.750000           0.023405
       9.850000           0.023486
       9.950000           0.023547
      10.050000           0.023621
      10.150000           0.023670
      10.250000           0.023736
      10.350000           0.023788
      10.450000           0.023843
      10.550000           0.023899
      10.650000           0.023950
      10.750000           0.024007
      10.850000           0.024071
      10.950000           0.024153
      11.050000           0.024220
      11.150000           0.024301
      11.250000           0.024368
      11.350000           0.024452
      11.450000           0.024519
      11.550000           0.024584
      11.650000           0.024634
      11.750000           0.024692
      11.850000           0.024762
      11.950000           0.024830
      12.050000           0.024912
      12.150000           0.024995
      12.250000           0.025080
      12.350000           0.025151
      12.450000           0.025232
      12.550000           0.025297
      12.650000           0.025363
      12.750000           0.025423
      12.850000           0.025475
      12.950000           0.025535
      13.050000           0.025590
      13.150000           0.025641
      13.250000           0.025704
      13.350000           0.025759
      13.450000           0.025819
      13.550000           0.025880
      13.650000           0.025937
      13.750000           0.025993
      13.850000           0.026051
      13.950000           0.026111
      14.050000           0.026173
      14.150000           0.026229
      14.250000           0.026287
      14.350000           0.026339
      14.450000           0.026394
      14.550000           0.026445
      14.650000           0.026494
      14.750000           0.026539
      14.850000           0.026579
      14.950000           0.026625
      15.050000           0.026659
      15.150000           0.026704
      15.250000           0.026744
      15.350000           0.026794
      15.450000           0.026845
      15.550000           0.026895
      15.650000           0.026949
      15.750000           0.027002
      15.850000           0.027048
      15.950000           0.027102
      16.050000           0.027152
      16.150000           0.027197
      16.250000           0.027241
      16.350000           0.027288
      16.450000           0.027329
      16.550000           0.027370
      16.650000           0.027417
      16.750000           0.027456
      16.850000           0.027503
      16.950000           0.027547
      17.050000           0.027593
      17.150000           0.027640
      17.250000           0.027681
      17.350000           0.027723
      17.450000           0.027757
      17.550000           0.027800
      17.650000           0.027839
      17.750000           0.027884
      17.850000           0.027920
      17.950000           0.027963
      18.050000           0.028005
      18.150000           0.028044
      18.250000           0.028080
      18.350000           0.028118
      18.450000           0.028154
      18.550000           0.028190
      18.650000           0.028223
      18.750000           0.028252
      18.850000           0.028282
      18.950000           0.028314
      19.050000           0.028344
      19.150000           0.028376
      19.250000           0.028407
      19.350000           0.028437
      19.450000           0.028466
      19.550000           0.028498
      19.650000           0.028533
      19.750000           0.028562
      19.850000           0.028591
      19.950000           0.028623
      20.050000           0.028649
      20.150000           0.028685
      20.250000           0.028714
      20.350000           0.028739
      20.450000           0.028765
      20.550000           0.028795
      20.650000           0.028826
      20.750000           0.028846
      20.850000           0.028867
      20.950000           0.028889
      21.050000           0.028919
      21.150000           0.028946
      21.250000           0.028964
      21.350000           0.028989
      21.450000           0.029010
      21.550000           0.029040
      21.650000           0.029057
      21.750000           0.029081
      21.850000           0.029104
      21.950000           0.029130
      22.050000           0.029151
      22.150000           0.029174
      22.250000           0.029201
      22.350000           0.029223
      22.450000           0.029243
      22.550000           0.029272
      22.650000           0.029290
      22.750000           0.029315
      22.850000           0.029338
      22.950000           0.029358
      23.050000           0.029381
      23.150000           0.029401
      23.250000           0.029426
      23.350000           0.029447
      23.450000           0.029471
      23.550000           0.029491
      23.650000           0.029515
      23.750000           0.029537
      23.850000           0.029563
      23.950000           0.029589
      24.050000           0.029613
      24.150000           0.029636
      24.250000           0.029660
      24.350000           0.029685
      24.450000           0.029707
      24.550000           0.029732
      24.650000           0.029755
      24.750000           0.029781
      24.850000           0.029801
      24.950000           0.029825
      25.050000           0.029845
      25.150000           0.029866
      25.250000           0.029884
      25.350000           0.029908
      25.450000           0.029923
      25.550000           0.029943
      25.650000           0.029963
      25.750000           0.029981
      25.850000           0.030001
      25.950000           0.030019
      26.050000           0.030036
      26.150000           0.030056
      26.250000           0.030077
      26.350000           0.030096
      26.450000           0.030113
      26.550000           0.030129
      26.650000           0.030150
      26.750000           0.030166
      26.850000           0.030184
      26.950000           0.030204
      27.050000           0.030221
      27.150000           0.030240
      27.250000           0.030259
      27.350000           0.030278
      27.450000           0.030299
      27.550000           0.030318
      27.650000           0.030339
      27.750000           0.030358
      27.850000           0.030379
      27.950000           0.030401
      28.050000           0.030422
      28.150000           0.030440
      28.250000           0.030462
      28.350000           0.030481
      28.450000           0.030496
      28.550000           0.030516
      28.650000           0.030533
      28.750000           0.030550
      28.850000           0.030566
      28.950000           0.030581
      29.050000           0.030595
      29.150000           0.030612
      29.250000           0.030627
      29.350000           0.030643
      29.450000           0.030655
      29.550000           0.030672
      29.650000           0.030687
      29.750000           0.030704
      29.850000           0.030716
      29.950000           0.030734
