#Distance_(Ang) :1-50@N7_=>_:WAT@O
       0.050000           0.000000
       0.150000           0.000000
       0.250000           0.000000
       0.350000           0.000000
       0.450000           0.000000
       0.550000           0.000000
       0.650000           0.000000
       0.750000           0.000000
       0.850000           0.000000
       0.950000           0.000000
       1.050000           0.000000
       1.150000           0.000000
       1.250000           0.000000
       1.350000           0.000000
       1.450000           0.000000
       1.550000           0.000000
       1.650000           0.000000
       1.750000           0.000000
       1.850000           0.000000
       1.950000           0.000000
       2.050000           0.000000
       2.150000           0.000000
       2.250000           0.000000
       2.350000           0.000000
       2.450000           0.000003
       2.550000           0.000404
       2.650000           0.005182
       2.750000           0.015625
       2.850000           0.020690
       2.950000           0.018174
       3.050000           0.014446
       3.150000           0.012382
       3.250000           0.011816
       3.350000           0.011905
       3.450000           0.012122
       3.550000           0.012296
       3.650000           0.012395
       3.750000           0.012452
       3.850000           0.012422
       3.950000           0.012263
       4.050000           0.011965
       4.150000           0.011561
       4.250000           0.011108
       4.350000           0.010709
       4.450000           0.010380
       4.550000           0.010236
       4.650000           0.010347
       4.750000           0.010572
       4.850000           0.010730
       4.950000           0.010730
       5.050000           0.010739
       5.150000           0.010892
       5.250000           0.011214
       5.350000           0.011670
       5.450000           0.012231
       5.550000           0.012879
       5.650000           0.013620
       5.750000           0.014630
       5.850000           0.016027
       5.950000           0.017575
       6.050000           0.018660
       6.150000           0.018951
       6.250000           0.018760
       6.350000           0.018451
       6.450000           0.018141
       6.550000           0.017920
       6.650000           0.017814
       6.750000           0.017879
       6.850000           0.018066
       6.950000           0.018324
       7.050000           0.018603
       7.150000           0.018886
       7.250000           0.019172
       7.350000           0.019444
       7.450000           0.019713
       7.550000           0.019955
       7.650000           0.020182
       7.750000           0.020410
       7.850000           0.020670
       7.950000           0.020993
       8.050000           0.021341
       8.150000           0.021684
       8.250000           0.022010
       8.350000           0.022251
       8.450000           0.022411
       8.550000           0.022494
       8.650000           0.022522
       8.750000           0.022517
       8.850000           0.022507
       8.950000           0.022499
       9.050000           0.022510
       9.150000           0.022531
       9.250000           0.022567
       9.350000           0.022633
       9.450000           0.022723
       9.550000           0.022825
       9.650000           0.022944
       9.750000           0.023073
       9.850000           0.023193
       9.950000           0.023327
      10.050000           0.023440
      10.150000           0.023543
      10.250000           0.023636
      10.350000           0.023729
      10.450000           0.023809
      10.550000           0.023878
      10.650000           0.023947
      10.750000           0.024009
      10.850000           0.024072
      10.950000           0.024158
      11.050000           0.024241
      11.150000           0.024321
      11.250000           0.024410
      11.350000           0.024484
      11.450000           0.024550
      11.550000           0.024603
      11.650000           0.024652
      11.750000           0.024705
      11.850000           0.024754
      11.950000           0.024805
      12.050000           0.024860
      12.150000           0.024903
      12.250000           0.024950
      12.350000           0.025001
      12.450000           0.025047
      12.550000           0.025102
      12.650000           0.025158
      12.750000           0.025207
      12.850000           0.025267
      12.950000           0.025331
      13.050000           0.025396
      13.150000           0.025463
      13.250000           0.025537
      13.350000           0.025611
      13.450000           0.025692
      13.550000           0.025775
      13.650000           0.025844
      13.750000           0.025915
      13.850000           0.025983
      13.950000           0.026057
      14.050000           0.026132
      14.150000           0.026207
      14.250000           0.026287
      14.350000           0.026366
      14.450000           0.026432
      14.550000           0.026496
      14.650000           0.026561
      14.750000           0.026612
      14.850000           0.026665
      14.950000           0.026707
      15.050000           0.026749
      15.150000           0.026783
      15.250000           0.026822
      15.350000           0.026852
      15.450000           0.026893
      15.550000           0.026925
      15.650000           0.026964
      15.750000           0.027001
      15.850000           0.027037
      15.950000           0.027086
      16.050000           0.027131
      16.150000           0.027182
      16.250000           0.027237
      16.350000           0.027294
      16.450000           0.027349
      16.550000           0.027400
      16.650000           0.027457
      16.750000           0.027512
      16.850000           0.027571
      16.950000           0.027616
      17.050000           0.027666
      17.150000           0.027705
      17.250000           0.027743
      17.350000           0.027784
      17.450000           0.027817
      17.550000           0.027851
      17.650000           0.027884
      17.750000           0.027916
      17.850000           0.027953
      17.950000           0.027982
      18.050000           0.028012
      18.150000           0.028044
      18.250000           0.028076
      18.350000           0.028106
      18.450000           0.028140
      18.550000           0.028171
      18.650000           0.028205
      18.750000           0.028235
      18.850000           0.028272
      18.950000           0.028304
      19.050000           0.028341
      19.150000           0.028377
      19.250000           0.028415
      19.350000           0.028455
      19.450000           0.028491
      19.550000           0.028524
      19.650000           0.028565
      19.750000           0.028599
      19.850000           0.028632
      19.950000           0.028665
      20.050000           0.028697
      20.150000           0.028730
      20.250000           0.028759
      20.350000           0.028791
      20.450000           0.028815
      20.550000           0.028844
      20.650000           0.028866
      20.750000           0.028885
      20.850000           0.028910
      20.950000           0.028932
      21.050000           0.028956
      21.150000           0.028978
      21.250000           0.029001
      21.350000           0.029022
      21.450000           0.029047
      21.550000           0.029064
      21.650000           0.029092
      21.750000           0.029113
      21.850000           0.029135
      21.950000           0.029156
      22.050000           0.029179
      22.150000           0.029202
      22.250000           0.029224
      22.350000           0.029249
      22.450000           0.029274
      22.550000           0.029297
      22.650000           0.029324
      22.750000           0.029348
      22.850000           0.029374
      22.950000           0.029398
      23.050000           0.029423
      23.150000           0.029450
      23.250000           0.029474
      23.350000           0.029499
      23.450000           0.029529
      23.550000           0.029554
      23.650000           0.029576
      23.750000           0.029603
      23.850000           0.029630
      23.950000           0.029658
      24.050000           0.029678
      24.150000           0.029705
      24.250000           0.029733
      24.350000           0.029754
      24.450000           0.029775
      24.550000           0.029801
      24.650000           0.029821
      24.750000           0.029843
      24.850000           0.029859
      24.950000           0.029880
      25.050000           0.029900
      25.150000           0.029920
      25.250000           0.029938
      25.350000           0.029960
      25.450000           0.029978
      25.550000           0.029995
      25.650000           0.030017
      25.750000           0.030037
      25.850000           0.030058
      25.950000           0.030075
      26.050000           0.030096
      26.150000           0.030115
      26.250000           0.030134
      26.350000           0.030156
      26.450000           0.030174
      26.550000           0.030190
      26.650000           0.030212
      26.750000           0.030227
      26.850000           0.030247
      26.950000           0.030263
      27.050000           0.030280
      27.150000           0.030300
      27.250000           0.030316
      27.350000           0.030334
      27.450000           0.030351
      27.550000           0.030368
      27.650000           0.030385
      27.750000           0.030404
      27.850000           0.030421
      27.950000           0.030439
      28.050000           0.030452
      28.150000           0.030471
      28.250000           0.030489
      28.350000           0.030510
      28.450000           0.030526
      28.550000           0.030540
      28.650000           0.030562
      28.750000           0.030579
      28.850000           0.030598
      28.950000           0.030613
      29.050000           0.030630
      29.150000           0.030646
      29.250000           0.030664
      29.350000           0.030681
      29.450000           0.030694
      29.550000           0.030711
      29.650000           0.030727
      29.750000           0.030745
      29.850000           0.030755
      29.950000           0.030774
