#Distance_(Ang) :1-50@N6_=>_:WAT@O
       0.050000           0.000000
       0.150000           0.000000
       0.250000           0.000000
       0.350000           0.000000
       0.450000           0.000000
       0.550000           0.000000
       0.650000           0.000000
       0.750000           0.000000
       0.850000           0.000000
       0.950000           0.000000
       1.050000           0.000000
       1.150000           0.000000
       1.250000           0.000000
       1.350000           0.000000
       1.450000           0.000000
       1.550000           0.000000
       1.650000           0.000000
       1.750000           0.000000
       1.850000           0.000000
       1.950000           0.000000
       2.050000           0.000000
       2.150000           0.000000
       2.250000           0.000000
       2.350000           0.000000
       2.450000           0.000000
       2.550000           0.000007
       2.650000           0.000595
       2.750000           0.006449
       2.850000           0.018263
       2.950000           0.024746
       3.050000           0.024615
       3.150000           0.022596
       3.250000           0.020852
       3.350000           0.019611
       3.450000           0.018652
       3.550000           0.017805
       3.650000           0.017023
       3.750000           0.016234
       3.850000           0.015484
       3.950000           0.014802
       4.050000           0.014172
       4.150000           0.013600
       4.250000           0.013080
       4.350000           0.012625
       4.450000           0.012267
       4.550000           0.011998
       4.650000           0.011865
       4.750000           0.011825
       4.850000           0.011893
       4.950000           0.012058
       5.050000           0.012343
       5.150000           0.012747
       5.250000           0.013295
       5.350000           0.013973
       5.450000           0.014717
       5.550000           0.015482
       5.650000           0.016170
       5.750000           0.016765
       5.850000           0.017227
       5.950000           0.017615
       6.050000           0.017938
       6.150000           0.018229
       6.250000           0.018511
       6.350000           0.018830
       6.450000           0.019183
       6.550000           0.019624
       6.650000           0.020064
       6.750000           0.020291
       6.850000           0.020149
       6.950000           0.019725
       7.050000           0.019298
       7.150000           0.019003
       7.250000           0.018814
       7.350000           0.018709
       7.450000           0.018647
       7.550000           0.018601
       7.650000           0.018593
       7.750000           0.018606
       7.850000           0.018661
       7.950000           0.018758
       8.050000           0.018899
       8.150000           0.019081
       8.250000           0.019298
       8.350000           0.019513
       8.450000           0.019755
       8.550000           0.019991
       8.650000           0.020235
       8.750000           0.020473
       8.850000           0.020706
       8.950000           0.020909
       9.050000           0.021108
       9.150000           0.021299
       9.250000           0.021479
       9.350000           0.021646
       9.450000           0.021789
       9.550000           0.021930
       9.650000           0.022072
       9.750000           0.022212
       9.850000           0.022346
       9.950000           0.022505
      10.050000           0.022650
      10.150000           0.022797
      10.250000           0.022964
      10.350000           0.023132
      10.450000           0.023310
      10.550000           0.023500
      10.650000           0.023672
      10.750000           0.023844
      10.850000           0.024012
      10.950000           0.024168
      11.050000           0.024310
      11.150000           0.024437
      11.250000           0.024525
      11.350000           0.024584
      11.450000           0.024629
      11.550000           0.024653
      11.650000           0.024673
      11.750000           0.024702
      11.850000           0.024736
      11.950000           0.024768
      12.050000           0.024814
      12.150000           0.024859
      12.250000           0.024922
      12.350000           0.024980
      12.450000           0.025033
      12.550000           0.025089
      12.650000           0.025152
      12.750000           0.025225
      12.850000           0.025299
      12.950000           0.025373
      13.050000           0.025464
      13.150000           0.025554
      13.250000           0.025649
      13.350000           0.025740
      13.450000           0.025832
      13.550000           0.025914
      13.650000           0.025992
      13.750000           0.026055
      13.850000           0.026101
      13.950000           0.026146
      14.050000           0.026185
      14.150000           0.026220
      14.250000           0.026266
      14.350000           0.026320
      14.450000           0.026355
      14.550000           0.026406
      14.650000           0.026452
      14.750000           0.026486
      14.850000           0.026524
      14.950000           0.026558
      15.050000           0.026594
      15.150000           0.026625
      15.250000           0.026656
      15.350000           0.026688
      15.450000           0.026717
      15.550000           0.026756
      15.650000           0.026796
      15.750000           0.026843
      15.850000           0.026892
      15.950000           0.026942
      16.050000           0.027001
      16.150000           0.027061
      16.250000           0.027125
      16.350000           0.027186
      16.450000           0.027250
      16.550000           0.027311
      16.650000           0.027375
      16.750000           0.027445
      16.850000           0.027496
      16.950000           0.027554
      17.050000           0.027601
      17.150000           0.027646
      17.250000           0.027696
      17.350000           0.027742
      17.450000           0.027783
      17.550000           0.027827
      17.650000           0.027866
      17.750000           0.027902
      17.850000           0.027939
      17.950000           0.027976
      18.050000           0.028005
      18.150000           0.028037
      18.250000           0.028060
      18.350000           0.028088
      18.450000           0.028117
      18.550000           0.028141
      18.650000           0.028169
      18.750000           0.028196
      18.850000           0.028227
      18.950000           0.028261
      19.050000           0.028290
      19.150000           0.028326
      19.250000           0.028360
      19.350000           0.028399
      19.450000           0.028435
      19.550000           0.028472
      19.650000           0.028511
      19.750000           0.028547
      19.850000           0.028590
      19.950000           0.028625
      20.050000           0.028657
      20.150000           0.028696
      20.250000           0.028730
      20.350000           0.028760
      20.450000           0.028793
      20.550000           0.028825
      20.650000           0.028855
      20.750000           0.028882
      20.850000           0.028917
      20.950000           0.028939
      21.050000           0.028966
      21.150000           0.028991
      21.250000           0.029013
      21.350000           0.029036
      21.450000           0.029056
      21.550000           0.029077
      21.650000           0.029099
      21.750000           0.029120
      21.850000           0.029143
      21.950000           0.029166
      22.050000           0.029189
      22.150000           0.029216
      22.250000           0.029241
      22.350000           0.029272
      22.450000           0.029298
      22.550000           0.029327
      22.650000           0.029351
      22.750000           0.029378
      22.850000           0.029404
      22.950000           0.029430
      23.050000           0.029457
      23.150000           0.029482
      23.250000           0.029506
      23.350000           0.029531
      23.450000           0.029555
      23.550000           0.029576
      23.650000           0.029601
      23.750000           0.029626
      23.850000           0.029648
      23.950000           0.029674
      24.050000           0.029698
      24.150000           0.029720
      24.250000           0.029743
      24.350000           0.029768
      24.450000           0.029789
      24.550000           0.029811
      24.650000           0.029831
      24.750000           0.029854
      24.850000           0.029873
      24.950000           0.029896
      25.050000           0.029911
      25.150000           0.029936
      25.250000           0.029958
      25.350000           0.029977
      25.450000           0.029997
      25.550000           0.030019
      25.650000           0.030041
      25.750000           0.030062
      25.850000           0.030081
      25.950000           0.030105
      26.050000           0.030125
      26.150000           0.030149
      26.250000           0.030169
      26.350000           0.030194
      26.450000           0.030216
      26.550000           0.030237
      26.650000           0.030259
      26.750000           0.030285
      26.850000           0.030307
      26.950000           0.030326
      27.050000           0.030347
      27.150000           0.030364
      27.250000           0.030384
      27.350000           0.030404
      27.450000           0.030421
      27.550000           0.030439
      27.650000           0.030457
      27.750000           0.030473
      27.850000           0.030490
      27.950000           0.030506
      28.050000           0.030519
      28.150000           0.030536
      28.250000           0.030550
      28.350000           0.030564
      28.450000           0.030582
      28.550000           0.030597
      28.650000           0.030610
      28.750000           0.030624
      28.850000           0.030639
      28.950000           0.030655
      29.050000           0.030672
      29.150000           0.030682
      29.250000           0.030701
      29.350000           0.030715
      29.450000           0.030728
      29.550000           0.030746
      29.650000           0.030758
      29.750000           0.030770
      29.850000           0.030782
      29.950000           0.030797
