#Distance_(Ang) :1-50@N1_=>_:WAT@O
       0.050000           0.000000
       0.150000           0.000000
       0.250000           0.000000
       0.350000           0.000000
       0.450000           0.000000
       0.550000           0.000000
       0.650000           0.000000
       0.750000           0.000000
       0.850000           0.000000
       0.950000           0.000000
       1.050000           0.000000
       1.150000           0.000000
       1.250000           0.000000
       1.350000           0.000000
       1.450000           0.000000
       1.550000           0.000000
       1.650000           0.000000
       1.750000           0.000000
       1.850000           0.000000
       1.950000           0.000000
       2.050000           0.000000
       2.150000           0.000000
       2.250000           0.000000
       2.350000           0.000000
       2.450000           0.000003
       2.550000           0.000392
       2.650000           0.004776
       2.750000           0.014083
       2.850000           0.018383
       2.950000           0.016078
       3.050000           0.012566
       3.150000           0.010526
       3.250000           0.009982
       3.350000           0.010276
       3.450000           0.010902
       3.550000           0.011586
       3.650000           0.012248
       3.750000           0.012825
       3.850000           0.013313
       3.950000           0.013739
       4.050000           0.014151
       4.150000           0.014624
       4.250000           0.015168
       4.350000           0.015851
       4.450000           0.016536
       4.550000           0.017253
       4.650000           0.018106
       4.750000           0.019192
       4.850000           0.020230
       4.950000           0.020623
       5.050000           0.019912
       5.150000           0.018521
       5.250000           0.017238
       5.350000           0.016354
       5.450000           0.015831
       5.550000           0.015560
       5.650000           0.015449
       5.750000           0.015457
       5.850000           0.015538
       5.950000           0.015659
       6.050000           0.015849
       6.150000           0.016079
       6.250000           0.016333
       6.350000           0.016620
       6.450000           0.016931
       6.550000           0.017299
       6.650000           0.017692
       6.750000           0.018098
       6.850000           0.018501
       6.950000           0.018871
       7.050000           0.019216
       7.150000           0.019524
       7.250000           0.019797
       7.350000           0.020006
       7.450000           0.020184
       7.550000           0.020285
       7.650000           0.020349
       7.750000           0.020354
       7.850000           0.020317
       7.950000           0.020254
       8.050000           0.020198
       8.150000           0.020167
       8.250000           0.020142
       8.350000           0.020154
       8.450000           0.020172
       8.550000           0.020206
       8.650000           0.020270
       8.750000           0.020353
       8.850000           0.020466
       8.950000           0.020615
       9.050000           0.020795
       9.150000           0.020988
       9.250000           0.021212
       9.350000           0.021438
       9.450000           0.021654
       9.550000           0.021849
       9.650000           0.022036
       9.750000           0.022220
       9.850000           0.022406
       9.950000           0.022594
      10.050000           0.022777
      10.150000           0.022953
      10.250000           0.023143
      10.350000           0.023325
      10.450000           0.023498
      10.550000           0.023653
      10.650000           0.023804
      10.750000           0.023943
      10.850000           0.024051
      10.950000           0.024149
      11.050000           0.024227
      11.150000           0.024309
      11.250000           0.024374
      11.350000           0.024443
      11.450000           0.024502
      11.550000           0.024558
      11.650000           0.024614
      11.750000           0.024663
      11.850000           0.024722
      11.950000           0.024770
      12.050000           0.024827
      12.150000           0.024896
      12.250000           0.024964
      12.350000           0.025050
      12.450000           0.025136
      12.550000           0.025231
      12.650000           0.025320
      12.750000           0.025397
      12.850000           0.025469
      12.950000           0.025534
      13.050000           0.025592
      13.150000           0.025642
      13.250000           0.025694
      13.350000           0.025755
      13.450000           0.025810
      13.550000           0.025865
      13.650000           0.025919
      13.750000           0.025983
      13.850000           0.026043
      13.950000           0.026110
      14.050000           0.026174
      14.150000           0.026224
      14.250000           0.026281
      14.350000           0.026327
      14.450000           0.026379
      14.550000           0.026422
      14.650000           0.026468
      14.750000           0.026517
      14.850000           0.026564
      14.950000           0.026614
      15.050000           0.026662
      15.150000           0.026706
      15.250000           0.026751
      15.350000           0.026791
      15.450000           0.026834
      15.550000           0.026870
      15.650000           0.026912
      15.750000           0.026954
      15.850000           0.027003
      15.950000           0.027045
      16.050000           0.027091
      16.150000           0.027138
      16.250000           0.027192
      16.350000           0.027241
      16.450000           0.027287
      16.550000           0.027327
      16.650000           0.027368
      16.750000           0.027411
      16.850000           0.027456
      16.950000           0.027492
      17.050000           0.027529
      17.150000           0.027570
      17.250000           0.027610
      17.350000           0.027650
      17.450000           0.027696
      17.550000           0.027730
      17.650000           0.027774
      17.750000           0.027813
      17.850000           0.027849
      17.950000           0.027891
      18.050000           0.027926
      18.150000           0.027964
      18.250000           0.028005
      18.350000           0.028046
      18.450000           0.028076
      18.550000           0.028116
      18.650000           0.028156
      18.750000           0.028190
      18.850000           0.028230
      18.950000           0.028262
      19.050000           0.028297
      19.150000           0.028331
      19.250000           0.028362
      19.350000           0.028395
      19.450000           0.028424
      19.550000           0.028461
      19.650000           0.028492
      19.750000           0.028529
      19.850000           0.028564
      19.950000           0.028599
      20.050000           0.028634
      20.150000           0.028669
      20.250000           0.028703
      20.350000           0.028735
      20.450000           0.028765
      20.550000           0.028793
      20.650000           0.028822
      20.750000           0.028851
      20.850000           0.028873
      20.950000           0.028906
      21.050000           0.028930
      21.150000           0.028952
      21.250000           0.028975
      21.350000           0.029003
      21.450000           0.029029
      21.550000           0.029053
      21.650000           0.029078
      21.750000           0.029103
      21.850000           0.029130
      21.950000           0.029155
      22.050000           0.029182
      22.150000           0.029212
      22.250000           0.029236
      22.350000           0.029265
      22.450000           0.029288
      22.550000           0.029316
      22.650000           0.029340
      22.750000           0.029360
      22.850000           0.029384
      22.950000           0.029406
      23.050000           0.029432
      23.150000           0.029453
      23.250000           0.029478
      23.350000           0.029501
      23.450000           0.029523
      23.550000           0.029544
      23.650000           0.029571
      23.750000           0.029587
      23.850000           0.029612
      23.950000           0.029634
      24.050000           0.029654
      24.150000           0.029675
      24.250000           0.029698
      24.350000           0.029726
      24.450000           0.029748
      24.550000           0.029769
      24.650000           0.029792
      24.750000           0.029815
      24.850000           0.029839
      24.950000           0.029863
      25.050000           0.029884
      25.150000           0.029906
      25.250000           0.029926
      25.350000           0.029946
      25.450000           0.029967
      25.550000           0.029985
      25.650000           0.030010
      25.750000           0.030027
      25.850000           0.030049
      25.950000           0.030069
      26.050000           0.030091
      26.150000           0.030112
      26.250000           0.030137
      26.350000           0.030154
      26.450000           0.030173
      26.550000           0.030194
      26.650000           0.030219
      26.750000           0.030237
      26.850000           0.030260
      26.950000           0.030281
      27.050000           0.030303
      27.150000           0.030324
      27.250000           0.030346
      27.350000           0.030367
      27.450000           0.030385
      27.550000           0.030405
      27.650000           0.030421
      27.750000           0.030440
      27.850000           0.030457
      27.950000           0.030472
      28.050000           0.030488
      28.150000           0.030504
      28.250000           0.030518
      28.350000           0.030534
      28.450000           0.030550
      28.550000           0.030565
      28.650000           0.030581
      28.750000           0.030595
      28.850000           0.030608
      28.950000           0.030622
      29.050000           0.030636
      29.150000           0.030648
      29.250000           0.030665
      29.350000           0.030677
      29.450000           0.030692
      29.550000           0.030705
      29.650000           0.030719
      29.750000           0.030733
      29.850000           0.030748
      29.950000           0.030763
