#Distance_(Ang) :A,A3@P_=>_:WAT@O
       0.050000          0.000000
       0.150000          0.000000
       0.250000          0.000000
       0.350000          0.000000
       0.450000          0.000000
       0.550000          0.000000
       0.650000          0.000000
       0.750000          0.000000
       0.850000          0.000000
       0.950000          0.000000
       1.050000          0.000000
       1.150000          0.000000
       1.250000          0.000000
       1.350000          0.000000
       1.450000          0.000000
       1.550000          0.000000
       1.650000          0.000000
       1.750000          0.000000
       1.850000          0.000000
       1.950000          0.000000
       2.050000          0.000000
       2.150000          0.000000
       2.250000          0.000000
       2.350000          0.000000
       2.450000          0.000000
       2.550000          0.000000
       2.650000          0.000000
       2.750000          0.000000
       2.850000          0.000000
       2.950000          0.000021
       3.050000          0.000342
       3.150000          0.002191
       3.250000          0.007735
       3.350000          0.018038
       3.450000          0.030428
       3.550000          0.039746
       3.650000          0.043559
       3.750000          0.043441
       3.850000          0.041284
       3.950000          0.036074
       4.050000          0.027682
       4.150000          0.019589
       4.250000          0.014678
       4.350000          0.012559
       4.450000          0.011973
       4.550000          0.012100
       4.650000          0.012532
       4.750000          0.013102
       4.850000          0.013716
       4.950000          0.014419
       5.050000          0.015203
       5.150000          0.016032
       5.250000          0.016905
       5.350000          0.017719
       5.450000          0.018549
       5.550000          0.019315
       5.650000          0.020059
       5.750000          0.020695
       5.850000          0.021169
       5.950000          0.021419
       6.050000          0.021419
       6.150000          0.021215
       6.250000          0.020901
       6.350000          0.020530
       6.450000          0.020205
       6.550000          0.019986
       6.650000          0.019878
       6.750000          0.019897
       6.850000          0.020003
       6.950000          0.020206
       7.050000          0.020481
       7.150000          0.020778
       7.250000          0.021045
       7.350000          0.021285
       7.450000          0.021474
       7.550000          0.021625
       7.650000          0.021793
       7.750000          0.021951
       7.850000          0.022113
       7.950000          0.022270
       8.050000          0.022423
       8.150000          0.022540
       8.250000          0.022616
       8.350000          0.022636
       8.450000          0.022644
       8.550000          0.022614
       8.650000          0.022601
       8.750000          0.022597
       8.850000          0.022603
       8.950000          0.022620
       9.050000          0.022634
       9.150000          0.022672
       9.250000          0.022715
       9.350000          0.022777
       9.450000          0.022853
       9.550000          0.022937
       9.650000          0.023030
       9.750000          0.023141
       9.850000          0.023251
       9.950000          0.023352
      10.050000          0.023452
      10.150000          0.023569
      10.250000          0.023661
      10.350000          0.023739
      10.450000          0.023825
      10.550000          0.023880
      10.650000          0.023931
      10.750000          0.023966
      10.850000          0.024009
      10.950000          0.024057
      11.050000          0.024126
      11.150000          0.024206
      11.250000          0.024285
      11.350000          0.024377
      11.450000          0.024482
      11.550000          0.024591
      11.650000          0.024703
      11.750000          0.024837
      11.850000          0.024970
      11.950000          0.025109
      12.050000          0.025240
      12.150000          0.025364
      12.250000          0.025456
      12.350000          0.025529
      12.450000          0.025589
      12.550000          0.025641
      12.650000          0.025698
      12.750000          0.025755
      12.850000          0.025808
      12.950000          0.025868
      13.050000          0.025929
      13.150000          0.025971
      13.250000          0.026017
      13.350000          0.026068
      13.450000          0.026109
      13.550000          0.026144
      13.650000          0.026187
      13.750000          0.026243
      13.850000          0.026297
      13.950000          0.026349
      14.050000          0.026404
      14.150000          0.026461
      14.250000          0.026510
      14.350000          0.026558
      14.450000          0.026594
      14.550000          0.026632
      14.650000          0.026662
      14.750000          0.026692
      14.850000          0.026727
      14.950000          0.026750
      15.050000          0.026786
      15.150000          0.026822
      15.250000          0.026854
      15.350000          0.026892
      15.450000          0.026920
      15.550000          0.026945
      15.650000          0.026971
      15.750000          0.026999
      15.850000          0.027021
      15.950000          0.027050
      16.050000          0.027079
      16.150000          0.027115
      16.250000          0.027154
      16.350000          0.027192
      16.450000          0.027236
      16.550000          0.027280
      16.650000          0.027332
      16.750000          0.027380
      16.850000          0.027433
      16.950000          0.027483
      17.050000          0.027538
      17.150000          0.027595
      17.250000          0.027640
      17.350000          0.027699
      17.450000          0.027747
      17.550000          0.027805
      17.650000          0.027852
      17.750000          0.027905
      17.850000          0.027949
      17.950000          0.027997
      18.050000          0.028045
      18.150000          0.028081
      18.250000          0.028119
      18.350000          0.028153
      18.450000          0.028186
      18.550000          0.028216
      18.650000          0.028245
      18.750000          0.028277
      18.850000          0.028296
      18.950000          0.028327
      19.050000          0.028350
      19.150000          0.028383
      19.250000          0.028411
      19.350000          0.028439
      19.450000          0.028472
      19.550000          0.028503
      19.650000          0.028534
      19.750000          0.028566
      19.850000          0.028595
      19.950000          0.028628
      20.050000          0.028660
      20.150000          0.028691
      20.250000          0.028726
      20.350000          0.028755
      20.450000          0.028788
      20.550000          0.028814
      20.650000          0.028841
      20.750000          0.028866
      20.850000          0.028893
      20.950000          0.028921
      21.050000          0.028941
      21.150000          0.028969
      21.250000          0.028999
      21.350000          0.029027
      21.450000          0.029056
      21.550000          0.029084
      21.650000          0.029108
      21.750000          0.029133
      21.850000          0.029159
      21.950000          0.029176
      22.050000          0.029203
      22.150000          0.029225
      22.250000          0.029248
      22.350000          0.029273
      22.450000          0.029291
      22.550000          0.029312
      22.650000          0.029339
      22.750000          0.029360
      22.850000          0.029384
      22.950000          0.029408
      23.050000          0.029433
      23.150000          0.029455
      23.250000          0.029482
      23.350000          0.029504
      23.450000          0.029524
      23.550000          0.029546
      23.650000          0.029571
      23.750000          0.029590
      23.850000          0.029610
      23.950000          0.029628
      24.050000          0.029651
      24.150000          0.029667
      24.250000          0.029683
      24.350000          0.029703
      24.450000          0.029720
      24.550000          0.029733
      24.650000          0.029754
      24.750000          0.029777
      24.850000          0.029797
      24.950000          0.029821
      25.050000          0.029840
      25.150000          0.029866
      25.250000          0.029892
      25.350000          0.029916
      25.450000          0.029940
      25.550000          0.029963
      25.650000          0.029990
      25.750000          0.030013
      25.850000          0.030034
      25.950000          0.030059
      26.050000          0.030079
      26.150000          0.030098
      26.250000          0.030120
      26.350000          0.030140
      26.450000          0.030159
      26.550000          0.030177
      26.650000          0.030195
      26.750000          0.030216
      26.850000          0.030233
      26.950000          0.030248
      27.050000          0.030264
      27.150000          0.030284
      27.250000          0.030301
      27.350000          0.030318
      27.450000          0.030335
      27.550000          0.030351
      27.650000          0.030367
      27.750000          0.030384
      27.850000          0.030400
      27.950000          0.030415
      28.050000          0.030431
      28.150000          0.030446
      28.250000          0.030457
      28.350000          0.030472
      28.450000          0.030488
      28.550000          0.030501
      28.650000          0.030513
      28.750000          0.030528
      28.850000          0.030541
      28.950000          0.030556
      29.050000          0.030570
      29.150000          0.030582
      29.250000          0.030598
      29.350000          0.030611
      29.450000          0.030623
      29.550000          0.030638
      29.650000          0.030652
      29.750000          0.030664
      29.850000          0.030678
      29.950000          0.030691
