#Distance_(Ang) :U3,U@N3_=>_:WAT@O
       0.050000           0.000000
       0.150000           0.000000
       0.250000           0.000000
       0.350000           0.000000
       0.450000           0.000000
       0.550000           0.000000
       0.650000           0.000000
       0.750000           0.000000
       0.850000           0.000000
       0.950000           0.000000
       1.050000           0.000000
       1.150000           0.000000
       1.250000           0.000000
       1.350000           0.000000
       1.450000           0.000000
       1.550000           0.000000
       1.650000           0.000000
       1.750000           0.000000
       1.850000           0.000000
       1.950000           0.000000
       2.050000           0.000000
       2.150000           0.000000
       2.250000           0.000000
       2.350000           0.000000
       2.450000           0.000000
       2.550000           0.000002
       2.650000           0.000274
       2.750000           0.003359
       2.850000           0.009638
       2.950000           0.012856
       3.050000           0.012740
       3.150000           0.012303
       3.250000           0.012372
       3.350000           0.012841
       3.450000           0.013496
       3.550000           0.014154
       3.650000           0.014794
       3.750000           0.015316
       3.850000           0.015795
       3.950000           0.016170
       4.050000           0.016484
       4.150000           0.016764
       4.250000           0.017005
       4.350000           0.017252
       4.450000           0.017491
       4.550000           0.017903
       4.650000           0.018571
       4.750000           0.019343
       4.850000           0.019611
       4.950000           0.018898
       5.050000           0.017684
       5.150000           0.016754
       5.250000           0.016273
       5.350000           0.016140
       5.450000           0.016226
       5.550000           0.016500
       5.650000           0.016852
       5.750000           0.017216
       5.850000           0.017519
       5.950000           0.017761
       6.050000           0.017976
       6.150000           0.018171
       6.250000           0.018306
       6.350000           0.018424
       6.450000           0.018532
       6.550000           0.018631
       6.650000           0.018713
       6.750000           0.018810
       6.850000           0.018863
       6.950000           0.018862
       7.050000           0.018845
       7.150000           0.018867
       7.250000           0.018939
       7.350000           0.019031
       7.450000           0.019148
       7.550000           0.019229
       7.650000           0.019284
       7.750000           0.019335
       7.850000           0.019404
       7.950000           0.019501
       8.050000           0.019610
       8.150000           0.019754
       8.250000           0.019923
       8.350000           0.020106
       8.450000           0.020295
       8.550000           0.020497
       8.650000           0.020704
       8.750000           0.020914
       8.850000           0.021130
       8.950000           0.021330
       9.050000           0.021550
       9.150000           0.021748
       9.250000           0.021949
       9.350000           0.022127
       9.450000           0.022280
       9.550000           0.022400
       9.650000           0.022493
       9.750000           0.022585
       9.850000           0.022696
       9.950000           0.022803
      10.050000           0.022945
      10.150000           0.023102
      10.250000           0.023243
      10.350000           0.023390
      10.450000           0.023520
      10.550000           0.023611
      10.650000           0.023680
      10.750000           0.023731
      10.850000           0.023779
      10.950000           0.023838
      11.050000           0.023884
      11.150000           0.023943
      11.250000           0.024018
      11.350000           0.024101
      11.450000           0.024174
      11.550000           0.024231
      11.650000           0.024281
      11.750000           0.024329
      11.850000           0.024396
      11.950000           0.024460
      12.050000           0.024541
      12.150000           0.024632
      12.250000           0.024714
      12.350000           0.024813
      12.450000           0.024908
      12.550000           0.024980
      12.650000           0.025059
      12.750000           0.025136
      12.850000           0.025192
      12.950000           0.025244
      13.050000           0.025293
      13.150000           0.025341
      13.250000           0.025391
      13.350000           0.025441
      13.450000           0.025497
      13.550000           0.025553
      13.650000           0.025609
      13.750000           0.025666
      13.850000           0.025734
      13.950000           0.025806
      14.050000           0.025883
      14.150000           0.025968
      14.250000           0.026052
      14.350000           0.026137
      14.450000           0.026216
      14.550000           0.026289
      14.650000           0.026366
      14.750000           0.026416
      14.850000           0.026484
      14.950000           0.026541
      15.050000           0.026597
      15.150000           0.026659
      15.250000           0.026714
      15.350000           0.026773
      15.450000           0.026832
      15.550000           0.026906
      15.650000           0.026961
      15.750000           0.027038
      15.850000           0.027106
      15.950000           0.027174
      16.050000           0.027241
      16.150000           0.027301
      16.250000           0.027358
      16.350000           0.027418
      16.450000           0.027484
      16.550000           0.027545
      16.650000           0.027607
      16.750000           0.027674
      16.850000           0.027739
      16.950000           0.027795
      17.050000           0.027852
      17.150000           0.027906
      17.250000           0.027965
      17.350000           0.028017
      17.450000           0.028060
      17.550000           0.028102
      17.650000           0.028142
      17.750000           0.028191
      17.850000           0.028225
      17.950000           0.028270
      18.050000           0.028307
      18.150000           0.028347
      18.250000           0.028391
      18.350000           0.028434
      18.450000           0.028482
      18.550000           0.028524
      18.650000           0.028571
      18.750000           0.028612
      18.850000           0.028662
      18.950000           0.028702
      19.050000           0.028744
      19.150000           0.028788
      19.250000           0.028830
      19.350000           0.028874
      19.450000           0.028913
      19.550000           0.028953
      19.650000           0.028993
      19.750000           0.029038
      19.850000           0.029078
      19.950000           0.029126
      20.050000           0.029169
      20.150000           0.029217
      20.250000           0.029263
      20.350000           0.029306
      20.450000           0.029356
      20.550000           0.029406
      20.650000           0.029444
      20.750000           0.029486
      20.850000           0.029529
      20.950000           0.029569
      21.050000           0.029600
      21.150000           0.029638
      21.250000           0.029677
      21.350000           0.029713
      21.450000           0.029748
      21.550000           0.029784
      21.650000           0.029822
      21.750000           0.029854
      21.850000           0.029883
      21.950000           0.029924
      22.050000           0.029952
      22.150000           0.029987
      22.250000           0.030015
      22.350000           0.030053
      22.450000           0.030080
      22.550000           0.030109
      22.650000           0.030136
      22.750000           0.030167
      22.850000           0.030192
      22.950000           0.030216
      23.050000           0.030243
      23.150000           0.030268
      23.250000           0.030294
      23.350000           0.030316
      23.450000           0.030341
      23.550000           0.030362
      23.650000           0.030384
      23.750000           0.030400
      23.850000           0.030421
      23.950000           0.030440
      24.050000           0.030459
      24.150000           0.030475
      24.250000           0.030487
      24.350000           0.030511
      24.450000           0.030528
      24.550000           0.030541
      24.650000           0.030559
      24.750000           0.030577
      24.850000           0.030595
      24.950000           0.030608
      25.050000           0.030619
      25.150000           0.030637
      25.250000           0.030649
      25.350000           0.030663
      25.450000           0.030673
      25.550000           0.030689
      25.650000           0.030699
      25.750000           0.030716
      25.850000           0.030730
      25.950000           0.030741
      26.050000           0.030757
      26.150000           0.030767
      26.250000           0.030773
      26.350000           0.030787
      26.450000           0.030793
      26.550000           0.030802
      26.650000           0.030813
      26.750000           0.030823
      26.850000           0.030829
      26.950000           0.030843
      27.050000           0.030847
      27.150000           0.030858
      27.250000           0.030863
      27.350000           0.030877
      27.450000           0.030888
      27.550000           0.030896
      27.650000           0.030902
      27.750000           0.030915
      27.850000           0.030927
      27.950000           0.030934
      28.050000           0.030938
      28.150000           0.030951
      28.250000           0.030958
      28.350000           0.030969
      28.450000           0.030975
      28.550000           0.030984
      28.650000           0.030992
      28.750000           0.030994
      28.850000           0.031009
      28.950000           0.031008
      29.050000           0.031019
      29.150000           0.031026
      29.250000           0.031029
      29.350000           0.031036
      29.450000           0.031039
      29.550000           0.031045
      29.650000           0.031051
      29.750000           0.031056
      29.850000           0.031063
      29.950000           0.031066
