#Distance_(Ang) :A,A3,U,U3@P_=>_:WAT@O
       0.050000               0.000000
       0.150000               0.000000
       0.250000               0.000000
       0.350000               0.000000
       0.450000               0.000000
       0.550000               0.000000
       0.650000               0.000000
       0.750000               0.000000
       0.850000               0.000000
       0.950000               0.000000
       1.050000               0.000000
       1.150000               0.000000
       1.250000               0.000000
       1.350000               0.000000
       1.450000               0.000000
       1.550000               0.000000
       1.650000               0.000000
       1.750000               0.000000
       1.850000               0.000000
       1.950000               0.000000
       2.050000               0.000000
       2.150000               0.000000
       2.250000               0.000000
       2.350000               0.000000
       2.450000               0.000000
       2.550000               0.000000
       2.650000               0.000000
       2.750000               0.000000
       2.850000               0.000000
       2.950000               0.000018
       3.050000               0.000310
       3.150000               0.002128
       3.250000               0.007746
       3.350000               0.018131
       3.450000               0.030284
       3.550000               0.039100
       3.650000               0.042522
       3.750000               0.042150
       3.850000               0.039838
       3.950000               0.034957
       4.050000               0.027100
       4.150000               0.019306
       4.250000               0.014425
       4.350000               0.012244
       4.450000               0.011517
       4.550000               0.011452
       4.650000               0.011700
       4.750000               0.012137
       4.850000               0.012775
       4.950000               0.013551
       5.050000               0.014451
       5.150000               0.015359
       5.250000               0.016235
       5.350000               0.017089
       5.450000               0.017904
       5.550000               0.018672
       5.650000               0.019346
       5.750000               0.019917
       5.850000               0.020367
       5.950000               0.020672
       6.050000               0.020805
       6.150000               0.020731
       6.250000               0.020527
       6.350000               0.020253
       6.450000               0.019983
       6.550000               0.019771
       6.650000               0.019647
       6.750000               0.019617
       6.850000               0.019662
       6.950000               0.019734
       7.050000               0.019856
       7.150000               0.019985
       7.250000               0.020120
       7.350000               0.020253
       7.450000               0.020384
       7.550000               0.020502
       7.650000               0.020622
       7.750000               0.020739
       7.850000               0.020874
       7.950000               0.021012
       8.050000               0.021148
       8.150000               0.021303
       8.250000               0.021414
       8.350000               0.021519
       8.450000               0.021598
       8.550000               0.021669
       8.650000               0.021751
       8.750000               0.021839
       8.850000               0.021954
       8.950000               0.022079
       9.050000               0.022225
       9.150000               0.022395
       9.250000               0.022570
       9.350000               0.022730
       9.450000               0.022862
       9.550000               0.022982
       9.650000               0.023079
       9.750000               0.023155
       9.850000               0.023224
       9.950000               0.023260
      10.050000               0.023289
      10.150000               0.023327
      10.250000               0.023365
      10.350000               0.023403
      10.450000               0.023438
      10.550000               0.023477
      10.650000               0.023496
      10.750000               0.023515
      10.850000               0.023535
      10.950000               0.023551
      11.050000               0.023576
      11.150000               0.023605
      11.250000               0.023649
      11.350000               0.023699
      11.450000               0.023755
      11.550000               0.023824
      11.650000               0.023900
      11.750000               0.023985
      11.850000               0.024070
      11.950000               0.024154
      12.050000               0.024241
      12.150000               0.024324
      12.250000               0.024415
      12.350000               0.024506
      12.450000               0.024601
      12.550000               0.024695
      12.650000               0.024768
      12.750000               0.024832
      12.850000               0.024897
      12.950000               0.024947
      13.050000               0.024992
      13.150000               0.025027
      13.250000               0.025059
      13.350000               0.025104
      13.450000               0.025141
      13.550000               0.025187
      13.650000               0.025234
      13.750000               0.025289
      13.850000               0.025358
      13.950000               0.025434
      14.050000               0.025510
      14.150000               0.025588
      14.250000               0.025666
      14.350000               0.025745
      14.450000               0.025814
      14.550000               0.025883
      14.650000               0.025942
      14.750000               0.025996
      14.850000               0.026052
      14.950000               0.026101
      15.050000               0.026151
      15.150000               0.026199
      15.250000               0.026258
      15.350000               0.026311
      15.450000               0.026359
      15.550000               0.026418
      15.650000               0.026468
      15.750000               0.026527
      15.850000               0.026578
      15.950000               0.026629
      16.050000               0.026681
      16.150000               0.026746
      16.250000               0.026807
      16.350000               0.026876
      16.450000               0.026949
      16.550000               0.027020
      16.650000               0.027087
      16.750000               0.027154
      16.850000               0.027225
      16.950000               0.027292
      17.050000               0.027361
      17.150000               0.027419
      17.250000               0.027478
      17.350000               0.027534
      17.450000               0.027590
      17.550000               0.027645
      17.650000               0.027694
      17.750000               0.027744
      17.850000               0.027792
      17.950000               0.027843
      18.050000               0.027894
      18.150000               0.027942
      18.250000               0.027998
      18.350000               0.028049
      18.450000               0.028102
      18.550000               0.028155
      18.650000               0.028210
      18.750000               0.028269
      18.850000               0.028327
      18.950000               0.028384
      19.050000               0.028439
      19.150000               0.028485
      19.250000               0.028536
      19.350000               0.028586
      19.450000               0.028631
      19.550000               0.028681
      19.650000               0.028730
      19.750000               0.028778
      19.850000               0.028825
      19.950000               0.028870
      20.050000               0.028912
      20.150000               0.028960
      20.250000               0.029006
      20.350000               0.029052
      20.450000               0.029095
      20.550000               0.029137
      20.650000               0.029179
      20.750000               0.029225
      20.850000               0.029266
      20.950000               0.029310
      21.050000               0.029353
      21.150000               0.029389
      21.250000               0.029433
      21.350000               0.029473
      21.450000               0.029517
      21.550000               0.029555
      21.650000               0.029593
      21.750000               0.029634
      21.850000               0.029671
      21.950000               0.029710
      22.050000               0.029746
      22.150000               0.029783
      22.250000               0.029819
      22.350000               0.029851
      22.450000               0.029886
      22.550000               0.029918
      22.650000               0.029949
      22.750000               0.029979
      22.850000               0.030011
      22.950000               0.030045
      23.050000               0.030073
      23.150000               0.030103
      23.250000               0.030137
      23.350000               0.030167
      23.450000               0.030196
      23.550000               0.030229
      23.650000               0.030256
      23.750000               0.030284
      23.850000               0.030314
      23.950000               0.030343
      24.050000               0.030363
      24.150000               0.030390
      24.250000               0.030413
      24.350000               0.030432
      24.450000               0.030457
      24.550000               0.030474
      24.650000               0.030491
      24.750000               0.030510
      24.850000               0.030528
      24.950000               0.030550
      25.050000               0.030564
      25.150000               0.030583
      25.250000               0.030604
      25.350000               0.030619
      25.450000               0.030639
      25.550000               0.030658
      25.650000               0.030675
      25.750000               0.030689
      25.850000               0.030707
      25.950000               0.030721
      26.050000               0.030737
      26.150000               0.030750
      26.250000               0.030767
      26.350000               0.030777
      26.450000               0.030790
      26.550000               0.030799
      26.650000               0.030813
      26.750000               0.030824
      26.850000               0.030834
      26.950000               0.030847
      27.050000               0.030856
      27.150000               0.030870
      27.250000               0.030879
      27.350000               0.030890
      27.450000               0.030897
      27.550000               0.030908
      27.650000               0.030920
      27.750000               0.030930
      27.850000               0.030940
      27.950000               0.030950
      28.050000               0.030962
      28.150000               0.030970
      28.250000               0.030979
      28.350000               0.030989
      28.450000               0.031000
      28.550000               0.031006
      28.650000               0.031015
      28.750000               0.031026
      28.850000               0.031030
      28.950000               0.031043
      29.050000               0.031049
      29.150000               0.031056
      29.250000               0.031065
      29.350000               0.031072
      29.450000               0.031079
      29.550000               0.031085
      29.650000               0.031091
      29.750000               0.031098
      29.850000               0.031103
      29.950000               0.031113
