#Distance_(Ang) :U,U3@O4_=>_:WAT@O
       0.050000           0.000000
       0.150000           0.000000
       0.250000           0.000000
       0.350000           0.000000
       0.450000           0.000000
       0.550000           0.000000
       0.650000           0.000000
       0.750000           0.000000
       0.850000           0.000000
       0.950000           0.000000
       1.050000           0.000000
       1.150000           0.000000
       1.250000           0.000000
       1.350000           0.000000
       1.450000           0.000000
       1.550000           0.000000
       1.650000           0.000000
       1.750000           0.000000
       1.850000           0.000000
       1.950000           0.000000
       2.050000           0.000000
       2.150000           0.000000
       2.250000           0.000000
       2.350000           0.000003
       2.450000           0.000529
       2.550000           0.007351
       2.650000           0.022670
       2.750000           0.030255
       2.850000           0.027723
       2.950000           0.023775
       3.050000           0.021824
       3.150000           0.021367
       3.250000           0.021207
       3.350000           0.020837
       3.450000           0.020220
       3.550000           0.019486
       3.650000           0.018666
       3.750000           0.017900
       3.850000           0.017176
       3.950000           0.016535
       4.050000           0.015992
       4.150000           0.015588
       4.250000           0.015314
       4.350000           0.015215
       4.450000           0.015520
       4.550000           0.016281
       4.650000           0.016994
       4.750000           0.017089
       4.850000           0.016770
       4.950000           0.016525
       5.050000           0.016485
       5.150000           0.016630
       5.250000           0.016851
       5.350000           0.017018
       5.450000           0.017182
       5.550000           0.017316
       5.650000           0.017448
       5.750000           0.017620
       5.850000           0.017813
       5.950000           0.017961
       6.050000           0.018081
       6.150000           0.018179
       6.250000           0.018239
       6.350000           0.018291
       6.450000           0.018337
       6.550000           0.018375
       6.650000           0.018469
       6.750000           0.018581
       6.850000           0.018736
       6.950000           0.018934
       7.050000           0.019112
       7.150000           0.019185
       7.250000           0.019142
       7.350000           0.019065
       7.450000           0.019051
       7.550000           0.019094
       7.650000           0.019161
       7.750000           0.019268
       7.850000           0.019388
       7.950000           0.019533
       8.050000           0.019671
       8.150000           0.019806
       8.250000           0.019926
       8.350000           0.020017
       8.450000           0.020095
       8.550000           0.020192
       8.650000           0.020286
       8.750000           0.020385
       8.850000           0.020485
       8.950000           0.020580
       9.050000           0.020670
       9.150000           0.020770
       9.250000           0.020884
       9.350000           0.021015
       9.450000           0.021157
       9.550000           0.021325
       9.650000           0.021530
       9.750000           0.021746
       9.850000           0.021979
       9.950000           0.022229
      10.050000           0.022453
      10.150000           0.022685
      10.250000           0.022900
      10.350000           0.023100
      10.450000           0.023306
      10.550000           0.023498
      10.650000           0.023646
      10.750000           0.023792
      10.850000           0.023905
      10.950000           0.023998
      11.050000           0.024069
      11.150000           0.024121
      11.250000           0.024174
      11.350000           0.024219
      11.450000           0.024256
      11.550000           0.024285
      11.650000           0.024316
      11.750000           0.024344
      11.850000           0.024371
      11.950000           0.024414
      12.050000           0.024455
      12.150000           0.024526
      12.250000           0.024614
      12.350000           0.024705
      12.450000           0.024811
      12.550000           0.024931
      12.650000           0.025057
      12.750000           0.025188
      12.850000           0.025336
      12.950000           0.025472
      13.050000           0.025608
      13.150000           0.025721
      13.250000           0.025818
      13.350000           0.025899
      13.450000           0.025945
      13.550000           0.025999
      13.650000           0.026046
      13.750000           0.026092
      13.850000           0.026141
      13.950000           0.026192
      14.050000           0.026249
      14.150000           0.026310
      14.250000           0.026360
      14.350000           0.026405
      14.450000           0.026453
      14.550000           0.026497
      14.650000           0.026543
      14.750000           0.026584
      14.850000           0.026643
      14.950000           0.026691
      15.050000           0.026748
      15.150000           0.026806
      15.250000           0.026863
      15.350000           0.026932
      15.450000           0.027002
      15.550000           0.027058
      15.650000           0.027130
      15.750000           0.027191
      15.850000           0.027260
      15.950000           0.027327
      16.050000           0.027389
      16.150000           0.027449
      16.250000           0.027512
      16.350000           0.027566
      16.450000           0.027631
      16.550000           0.027686
      16.650000           0.027741
      16.750000           0.027787
      16.850000           0.027842
      16.950000           0.027883
      17.050000           0.027931
      17.150000           0.027968
      17.250000           0.028017
      17.350000           0.028066
      17.450000           0.028115
      17.550000           0.028153
      17.650000           0.028206
      17.750000           0.028260
      17.850000           0.028304
      17.950000           0.028352
      18.050000           0.028396
      18.150000           0.028431
      18.250000           0.028464
      18.350000           0.028508
      18.450000           0.028532
      18.550000           0.028565
      18.650000           0.028599
      18.750000           0.028636
      18.850000           0.028667
      18.950000           0.028707
      19.050000           0.028743
      19.150000           0.028782
      19.250000           0.028829
      19.350000           0.028875
      19.450000           0.028923
      19.550000           0.028969
      19.650000           0.029023
      19.750000           0.029073
      19.850000           0.029122
      19.950000           0.029168
      20.050000           0.029215
      20.150000           0.029263
      20.250000           0.029305
      20.350000           0.029349
      20.450000           0.029389
      20.550000           0.029426
      20.650000           0.029461
      20.750000           0.029498
      20.850000           0.029527
      20.950000           0.029559
      21.050000           0.029589
      21.150000           0.029615
      21.250000           0.029646
      21.350000           0.029677
      21.450000           0.029709
      21.550000           0.029741
      21.650000           0.029769
      21.750000           0.029803
      21.850000           0.029832
      21.950000           0.029865
      22.050000           0.029890
      22.150000           0.029924
      22.250000           0.029958
      22.350000           0.029984
      22.450000           0.030017
      22.550000           0.030050
      22.650000           0.030076
      22.750000           0.030105
      22.850000           0.030142
      22.950000           0.030156
      23.050000           0.030182
      23.150000           0.030213
      23.250000           0.030235
      23.350000           0.030255
      23.450000           0.030284
      23.550000           0.030308
      23.650000           0.030325
      23.750000           0.030347
      23.850000           0.030367
      23.950000           0.030385
      24.050000           0.030411
      24.150000           0.030425
      24.250000           0.030452
      24.350000           0.030472
      24.450000           0.030488
      24.550000           0.030506
      24.650000           0.030521
      24.750000           0.030539
      24.850000           0.030552
      24.950000           0.030570
      25.050000           0.030585
      25.150000           0.030600
      25.250000           0.030611
      25.350000           0.030621
      25.450000           0.030636
      25.550000           0.030648
      25.650000           0.030661
      25.750000           0.030672
      25.850000           0.030684
      25.950000           0.030696
      26.050000           0.030707
      26.150000           0.030716
      26.250000           0.030726
      26.350000           0.030741
      26.450000           0.030748
      26.550000           0.030760
      26.650000           0.030770
      26.750000           0.030779
      26.850000           0.030788
      26.950000           0.030804
      27.050000           0.030811
      27.150000           0.030822
      27.250000           0.030828
      27.350000           0.030843
      27.450000           0.030850
      27.550000           0.030861
      27.650000           0.030870
      27.750000           0.030880
      27.850000           0.030886
      27.950000           0.030896
      28.050000           0.030906
      28.150000           0.030917
      28.250000           0.030925
      28.350000           0.030932
      28.450000           0.030942
      28.550000           0.030949
      28.650000           0.030956
      28.750000           0.030969
      28.850000           0.030978
      28.950000           0.030988
      29.050000           0.030996
      29.150000           0.031005
      29.250000           0.031016
      29.350000           0.031022
      29.450000           0.031036
      29.550000           0.031041
      29.650000           0.031052
      29.750000           0.031064
      29.850000           0.031063
      29.950000           0.031076
