#Distance_(Ang) :U,U3@O2_=>_:WAT@O
       0.050000           0.000000
       0.150000           0.000000
       0.250000           0.000000
       0.350000           0.000000
       0.450000           0.000000
       0.550000           0.000000
       0.650000           0.000000
       0.750000           0.000000
       0.850000           0.000000
       0.950000           0.000000
       1.050000           0.000000
       1.150000           0.000000
       1.250000           0.000000
       1.350000           0.000000
       1.450000           0.000000
       1.550000           0.000000
       1.650000           0.000000
       1.750000           0.000000
       1.850000           0.000000
       1.950000           0.000000
       2.050000           0.000000
       2.150000           0.000000
       2.250000           0.000000
       2.350000           0.000002
       2.450000           0.000452
       2.550000           0.006514
       2.650000           0.020424
       2.750000           0.027546
       2.850000           0.025231
       2.950000           0.021216
       3.050000           0.018656
       3.150000           0.017497
       3.250000           0.017003
       3.350000           0.016714
       3.450000           0.016558
       3.550000           0.016427
       3.650000           0.016241
       3.750000           0.016003
       3.850000           0.015618
       3.950000           0.015140
       4.050000           0.014627
       4.150000           0.014112
       4.250000           0.013697
       4.350000           0.013414
       4.450000           0.013388
       4.550000           0.013603
       4.650000           0.013856
       4.750000           0.013928
       4.850000           0.013907
       4.950000           0.013976
       5.050000           0.014217
       5.150000           0.014590
       5.250000           0.015088
       5.350000           0.015607
       5.450000           0.016142
       5.550000           0.016624
       5.650000           0.017066
       5.750000           0.017452
       5.850000           0.017767
       5.950000           0.018037
       6.050000           0.018190
       6.150000           0.018355
       6.250000           0.018515
       6.350000           0.018682
       6.450000           0.018907
       6.550000           0.019167
       6.650000           0.019497
       6.750000           0.019870
       6.850000           0.020235
       6.950000           0.020549
       7.050000           0.020724
       7.150000           0.020697
       7.250000           0.020519
       7.350000           0.020307
       7.450000           0.020145
       7.550000           0.020025
       7.650000           0.019943
       7.750000           0.019898
       7.850000           0.019905
       7.950000           0.019958
       8.050000           0.020047
       8.150000           0.020188
       8.250000           0.020355
       8.350000           0.020539
       8.450000           0.020716
       8.550000           0.020910
       8.650000           0.021102
       8.750000           0.021284
       8.850000           0.021491
       8.950000           0.021705
       9.050000           0.021943
       9.150000           0.022155
       9.250000           0.022347
       9.350000           0.022547
       9.450000           0.022734
       9.550000           0.022923
       9.650000           0.023091
       9.750000           0.023233
       9.850000           0.023359
       9.950000           0.023476
      10.050000           0.023553
      10.150000           0.023621
      10.250000           0.023658
      10.350000           0.023690
      10.450000           0.023727
      10.550000           0.023771
      10.650000           0.023813
      10.750000           0.023872
      10.850000           0.023914
      10.950000           0.023964
      11.050000           0.024009
      11.150000           0.024049
      11.250000           0.024084
      11.350000           0.024132
      11.450000           0.024161
      11.550000           0.024196
      11.650000           0.024231
      11.750000           0.024273
      11.850000           0.024329
      11.950000           0.024400
      12.050000           0.024474
      12.150000           0.024564
      12.250000           0.024656
      12.350000           0.024743
      12.450000           0.024831
      12.550000           0.024906
      12.650000           0.024980
      12.750000           0.025033
      12.850000           0.025092
      12.950000           0.025138
      13.050000           0.025185
      13.150000           0.025238
      13.250000           0.025286
      13.350000           0.025350
      13.450000           0.025414
      13.550000           0.025477
      13.650000           0.025555
      13.750000           0.025626
      13.850000           0.025697
      13.950000           0.025772
      14.050000           0.025850
      14.150000           0.025915
      14.250000           0.025982
      14.350000           0.026048
      14.450000           0.026126
      14.550000           0.026203
      14.650000           0.026275
      14.750000           0.026352
      14.850000           0.026427
      14.950000           0.026493
      15.050000           0.026562
      15.150000           0.026621
      15.250000           0.026680
      15.350000           0.026735
      15.450000           0.026778
      15.550000           0.026826
      15.650000           0.026873
      15.750000           0.026917
      15.850000           0.026968
      15.950000           0.027028
      16.050000           0.027087
      16.150000           0.027155
      16.250000           0.027212
      16.350000           0.027281
      16.450000           0.027353
      16.550000           0.027427
      16.650000           0.027494
      16.750000           0.027567
      16.850000           0.027627
      16.950000           0.027691
      17.050000           0.027756
      17.150000           0.027824
      17.250000           0.027881
      17.350000           0.027945
      17.450000           0.028006
      17.550000           0.028070
      17.650000           0.028123
      17.750000           0.028186
      17.850000           0.028231
      17.950000           0.028288
      18.050000           0.028334
      18.150000           0.028377
      18.250000           0.028420
      18.350000           0.028470
      18.450000           0.028507
      18.550000           0.028544
      18.650000           0.028576
      18.750000           0.028626
      18.850000           0.028656
      18.950000           0.028695
      19.050000           0.028729
      19.150000           0.028763
      19.250000           0.028800
      19.350000           0.028839
      19.450000           0.028880
      19.550000           0.028926
      19.650000           0.028970
      19.750000           0.029015
      19.850000           0.029067
      19.950000           0.029124
      20.050000           0.029173
      20.150000           0.029221
      20.250000           0.029275
      20.350000           0.029321
      20.450000           0.029377
      20.550000           0.029423
      20.650000           0.029470
      20.750000           0.029515
      20.850000           0.029553
      20.950000           0.029594
      21.050000           0.029628
      21.150000           0.029666
      21.250000           0.029699
      21.350000           0.029731
      21.450000           0.029759
      21.550000           0.029787
      21.650000           0.029820
      21.750000           0.029852
      21.850000           0.029879
      21.950000           0.029908
      22.050000           0.029939
      22.150000           0.029970
      22.250000           0.029997
      22.350000           0.030028
      22.450000           0.030057
      22.550000           0.030088
      22.650000           0.030117
      22.750000           0.030148
      22.850000           0.030167
      22.950000           0.030199
      23.050000           0.030214
      23.150000           0.030242
      23.250000           0.030267
      23.350000           0.030281
      23.450000           0.030304
      23.550000           0.030325
      23.650000           0.030350
      23.750000           0.030374
      23.850000           0.030387
      23.950000           0.030411
      24.050000           0.030434
      24.150000           0.030459
      24.250000           0.030476
      24.350000           0.030498
      24.450000           0.030517
      24.550000           0.030534
      24.650000           0.030554
      24.750000           0.030567
      24.850000           0.030592
      24.950000           0.030614
      25.050000           0.030628
      25.150000           0.030642
      25.250000           0.030657
      25.350000           0.030674
      25.450000           0.030686
      25.550000           0.030698
      25.650000           0.030710
      25.750000           0.030726
      25.850000           0.030740
      25.950000           0.030751
      26.050000           0.030767
      26.150000           0.030777
      26.250000           0.030791
      26.350000           0.030801
      26.450000           0.030808
      26.550000           0.030824
      26.650000           0.030837
      26.750000           0.030845
      26.850000           0.030855
      26.950000           0.030868
      27.050000           0.030877
      27.150000           0.030891
      27.250000           0.030899
      27.350000           0.030913
      27.450000           0.030919
      27.550000           0.030929
      27.650000           0.030934
      27.750000           0.030938
      27.850000           0.030946
      27.950000           0.030950
      28.050000           0.030957
      28.150000           0.030956
      28.250000           0.030963
      28.350000           0.030969
      28.450000           0.030975
      28.550000           0.030982
      28.650000           0.030990
      28.750000           0.030991
      28.850000           0.030998
      28.950000           0.031009
      29.050000           0.031015
      29.150000           0.031020
      29.250000           0.031027
      29.350000           0.031035
      29.450000           0.031036
      29.550000           0.031047
      29.650000           0.031055
      29.750000           0.031057
      29.850000           0.031061
      29.950000           0.031071
