#Distance_(Ang) :A5,A@N3_=>_:WAT@O
       0.050000           0.000000
       0.150000           0.000000
       0.250000           0.000000
       0.350000           0.000000
       0.450000           0.000000
       0.550000           0.000000
       0.650000           0.000000
       0.750000           0.000000
       0.850000           0.000000
       0.950000           0.000000
       1.050000           0.000000
       1.150000           0.000000
       1.250000           0.000000
       1.350000           0.000000
       1.450000           0.000000
       1.550000           0.000000
       1.650000           0.000000
       1.750000           0.000000
       1.850000           0.000000
       1.950000           0.000000
       2.050000           0.000000
       2.150000           0.000000
       2.250000           0.000000
       2.350000           0.000000
       2.450000           0.000002
       2.550000           0.000252
       2.650000           0.003299
       2.750000           0.010280
       2.850000           0.013950
       2.950000           0.012401
       3.050000           0.009486
       3.150000           0.007481
       3.250000           0.006577
       3.350000           0.006391
       3.450000           0.006542
       3.550000           0.006852
       3.650000           0.007238
       3.750000           0.007641
       3.850000           0.008048
       3.950000           0.008482
       4.050000           0.008918
       4.150000           0.009447
       4.250000           0.010139
       4.350000           0.011033
       4.450000           0.012020
       4.550000           0.012937
       4.650000           0.013572
       4.750000           0.013860
       4.850000           0.013745
       4.950000           0.013283
       5.050000           0.012638
       5.150000           0.012058
       5.250000           0.011709
       5.350000           0.011615
       5.450000           0.011751
       5.550000           0.012045
       5.650000           0.012493
       5.750000           0.013109
       5.850000           0.013789
       5.950000           0.014429
       6.050000           0.015102
       6.150000           0.015795
       6.250000           0.016416
       6.350000           0.016826
       6.450000           0.016980
       6.550000           0.017067
       6.650000           0.017227
       6.750000           0.017430
       6.850000           0.017609
       6.950000           0.017696
       7.050000           0.017746
       7.150000           0.017735
       7.250000           0.017715
       7.350000           0.017728
       7.450000           0.017758
       7.550000           0.017839
       7.650000           0.017949
       7.750000           0.018100
       7.850000           0.018271
       7.950000           0.018456
       8.050000           0.018631
       8.150000           0.018811
       8.250000           0.018975
       8.350000           0.019093
       8.450000           0.019200
       8.550000           0.019345
       8.650000           0.019522
       8.750000           0.019744
       8.850000           0.019960
       8.950000           0.020141
       9.050000           0.020297
       9.150000           0.020420
       9.250000           0.020543
       9.350000           0.020672
       9.450000           0.020798
       9.550000           0.020931
       9.650000           0.021078
       9.750000           0.021196
       9.850000           0.021318
       9.950000           0.021463
      10.050000           0.021594
      10.150000           0.021718
      10.250000           0.021829
      10.350000           0.021941
      10.450000           0.022028
      10.550000           0.022128
      10.650000           0.022230
      10.750000           0.022356
      10.850000           0.022481
      10.950000           0.022638
      11.050000           0.022792
      11.150000           0.022941
      11.250000           0.023082
      11.350000           0.023212
      11.450000           0.023332
      11.550000           0.023439
      11.650000           0.023530
      11.750000           0.023625
      11.850000           0.023727
      11.950000           0.023837
      12.050000           0.023940
      12.150000           0.024053
      12.250000           0.024153
      12.350000           0.024257
      12.450000           0.024353
      12.550000           0.024444
      12.650000           0.024536
      12.750000           0.024597
      12.850000           0.024670
      12.950000           0.024728
      13.050000           0.024797
      13.150000           0.024863
      13.250000           0.024941
      13.350000           0.025022
      13.450000           0.025121
      13.550000           0.025222
      13.650000           0.025317
      13.750000           0.025420
      13.850000           0.025519
      13.950000           0.025607
      14.050000           0.025691
      14.150000           0.025778
      14.250000           0.025849
      14.350000           0.025913
      14.450000           0.025988
      14.550000           0.026057
      14.650000           0.026129
      14.750000           0.026201
      14.850000           0.026276
      14.950000           0.026344
      15.050000           0.026405
      15.150000           0.026472
      15.250000           0.026534
      15.350000           0.026592
      15.450000           0.026653
      15.550000           0.026714
      15.650000           0.026773
      15.750000           0.026834
      15.850000           0.026899
      15.950000           0.026954
      16.050000           0.027026
      16.150000           0.027103
      16.250000           0.027160
      16.350000           0.027228
      16.450000           0.027309
      16.550000           0.027364
      16.650000           0.027432
      16.750000           0.027489
      16.850000           0.027549
      16.950000           0.027613
      17.050000           0.027681
      17.150000           0.027756
      17.250000           0.027830
      17.350000           0.027899
      17.450000           0.027985
      17.550000           0.028055
      17.650000           0.028128
      17.750000           0.028200
      17.850000           0.028271
      17.950000           0.028339
      18.050000           0.028395
      18.150000           0.028452
      18.250000           0.028517
      18.350000           0.028569
      18.450000           0.028620
      18.550000           0.028667
      18.650000           0.028721
      18.750000           0.028774
      18.850000           0.028818
      18.950000           0.028862
      19.050000           0.028911
      19.150000           0.028950
      19.250000           0.028990
      19.350000           0.029024
      19.450000           0.029066
      19.550000           0.029101
      19.650000           0.029135
      19.750000           0.029162
      19.850000           0.029198
      19.950000           0.029231
      20.050000           0.029256
      20.150000           0.029287
      20.250000           0.029320
      20.350000           0.029354
      20.450000           0.029387
      20.550000           0.029423
      20.650000           0.029462
      20.750000           0.029500
      20.850000           0.029536
      20.950000           0.029574
      21.050000           0.029611
      21.150000           0.029642
      21.250000           0.029674
      21.350000           0.029699
      21.450000           0.029725
      21.550000           0.029747
      21.650000           0.029772
      21.750000           0.029791
      21.850000           0.029813
      21.950000           0.029835
      22.050000           0.029856
      22.150000           0.029888
      22.250000           0.029910
      22.350000           0.029937
      22.450000           0.029967
      22.550000           0.029997
      22.650000           0.030026
      22.750000           0.030051
      22.850000           0.030079
      22.950000           0.030107
      23.050000           0.030131
      23.150000           0.030158
      23.250000           0.030181
      23.350000           0.030207
      23.450000           0.030231
      23.550000           0.030257
      23.650000           0.030284
      23.750000           0.030309
      23.850000           0.030332
      23.950000           0.030357
      24.050000           0.030379
      24.150000           0.030398
      24.250000           0.030417
      24.350000           0.030436
      24.450000           0.030456
      24.550000           0.030475
      24.650000           0.030497
      24.750000           0.030513
      24.850000           0.030532
      24.950000           0.030552
      25.050000           0.030569
      25.150000           0.030585
      25.250000           0.030607
      25.350000           0.030627
      25.450000           0.030645
      25.550000           0.030666
      25.650000           0.030681
      25.750000           0.030707
      25.850000           0.030721
      25.950000           0.030733
      26.050000           0.030749
      26.150000           0.030765
      26.250000           0.030780
      26.350000           0.030791
      26.450000           0.030801
      26.550000           0.030808
      26.650000           0.030817
      26.750000           0.030832
      26.850000           0.030842
      26.950000           0.030849
      27.050000           0.030855
      27.150000           0.030864
      27.250000           0.030875
      27.350000           0.030877
      27.450000           0.030891
      27.550000           0.030897
      27.650000           0.030906
      27.750000           0.030916
      27.850000           0.030925
      27.950000           0.030930
      28.050000           0.030942
      28.150000           0.030953
      28.250000           0.030963
      28.350000           0.030966
      28.450000           0.030986
      28.550000           0.030993
      28.650000           0.031003
      28.750000           0.031014
      28.850000           0.031015
      28.950000           0.031027
      29.050000           0.031035
      29.150000           0.031044
      29.250000           0.031050
      29.350000           0.031057
      29.450000           0.031065
      29.550000           0.031074
      29.650000           0.031075
      29.750000           0.031083
      29.850000           0.031087
      29.950000           0.031095
