#Distance_(Ang) :A5,A@N7_=>_:WAT@O
       0.050000           0.000000
       0.150000           0.000000
       0.250000           0.000000
       0.350000           0.000000
       0.450000           0.000000
       0.550000           0.000000
       0.650000           0.000000
       0.750000           0.000000
       0.850000           0.000000
       0.950000           0.000000
       1.050000           0.000000
       1.150000           0.000000
       1.250000           0.000000
       1.350000           0.000000
       1.450000           0.000000
       1.550000           0.000000
       1.650000           0.000000
       1.750000           0.000000
       1.850000           0.000000
       1.950000           0.000000
       2.050000           0.000000
       2.150000           0.000000
       2.250000           0.000000
       2.350000           0.000000
       2.450000           0.000002
       2.550000           0.000329
       2.650000           0.004193
       2.750000           0.012646
       2.850000           0.016802
       2.950000           0.015185
       3.050000           0.012825
       3.150000           0.012088
       3.250000           0.012482
       3.350000           0.013079
       3.450000           0.013297
       3.550000           0.013059
       3.650000           0.012579
       3.750000           0.012068
       3.850000           0.011649
       3.950000           0.011352
       4.050000           0.011082
       4.150000           0.010840
       4.250000           0.010597
       4.350000           0.010335
       4.450000           0.010126
       4.550000           0.010130
       4.650000           0.010616
       4.750000           0.011299
       4.850000           0.011492
       4.950000           0.011135
       5.050000           0.010665
       5.150000           0.010397
       5.250000           0.010442
       5.350000           0.010728
       5.450000           0.011164
       5.550000           0.011723
       5.650000           0.012482
       5.750000           0.013477
       5.850000           0.014809
       5.950000           0.016259
       6.050000           0.017244
       6.150000           0.017550
       6.250000           0.017388
       6.350000           0.017070
       6.450000           0.016725
       6.550000           0.016450
       6.650000           0.016265
       6.750000           0.016215
       6.850000           0.016269
       6.950000           0.016420
       7.050000           0.016624
       7.150000           0.016841
       7.250000           0.017075
       7.350000           0.017318
       7.450000           0.017519
       7.550000           0.017706
       7.650000           0.017876
       7.750000           0.018079
       7.850000           0.018342
       7.950000           0.018653
       8.050000           0.019010
       8.150000           0.019402
       8.250000           0.019763
       8.350000           0.020072
       8.450000           0.020317
       8.550000           0.020488
       8.650000           0.020582
       8.750000           0.020625
       8.850000           0.020665
       8.950000           0.020687
       9.050000           0.020720
       9.150000           0.020754
       9.250000           0.020799
       9.350000           0.020849
       9.450000           0.020924
       9.550000           0.021038
       9.650000           0.021171
       9.750000           0.021311
       9.850000           0.021459
       9.950000           0.021627
      10.050000           0.021793
      10.150000           0.021950
      10.250000           0.022115
      10.350000           0.022278
      10.450000           0.022451
      10.550000           0.022616
      10.650000           0.022766
      10.750000           0.022909
      10.850000           0.023038
      10.950000           0.023155
      11.050000           0.023253
      11.150000           0.023347
      11.250000           0.023408
      11.350000           0.023470
      11.450000           0.023517
      11.550000           0.023559
      11.650000           0.023611
      11.750000           0.023674
      11.850000           0.023741
      11.950000           0.023810
      12.050000           0.023899
      12.150000           0.023982
      12.250000           0.024076
      12.350000           0.024163
      12.450000           0.024229
      12.550000           0.024305
      12.650000           0.024375
      12.750000           0.024435
      12.850000           0.024495
      12.950000           0.024560
      13.050000           0.024628
      13.150000           0.024695
      13.250000           0.024780
      13.350000           0.024861
      13.450000           0.024958
      13.550000           0.025048
      13.650000           0.025133
      13.750000           0.025230
      13.850000           0.025308
      13.950000           0.025394
      14.050000           0.025465
      14.150000           0.025524
      14.250000           0.025583
      14.350000           0.025627
      14.450000           0.025662
      14.550000           0.025708
      14.650000           0.025752
      14.750000           0.025813
      14.850000           0.025870
      14.950000           0.025940
      15.050000           0.026018
      15.150000           0.026108
      15.250000           0.026192
      15.350000           0.026280
      15.450000           0.026367
      15.550000           0.026453
      15.650000           0.026526
      15.750000           0.026600
      15.850000           0.026679
      15.950000           0.026742
      16.050000           0.026824
      16.150000           0.026895
      16.250000           0.026969
      16.350000           0.027052
      16.450000           0.027126
      16.550000           0.027208
      16.650000           0.027288
      16.750000           0.027357
      16.850000           0.027439
      16.950000           0.027508
      17.050000           0.027583
      17.150000           0.027659
      17.250000           0.027711
      17.350000           0.027780
      17.450000           0.027847
      17.550000           0.027909
      17.650000           0.027970
      17.750000           0.028034
      17.850000           0.028088
      17.950000           0.028140
      18.050000           0.028203
      18.150000           0.028253
      18.250000           0.028314
      18.350000           0.028367
      18.450000           0.028418
      18.550000           0.028471
      18.650000           0.028526
      18.750000           0.028575
      18.850000           0.028622
      18.950000           0.028682
      19.050000           0.028732
      19.150000           0.028783
      19.250000           0.028829
      19.350000           0.028880
      19.450000           0.028925
      19.550000           0.028966
      19.650000           0.029013
      19.750000           0.029054
      19.850000           0.029097
      19.950000           0.029144
      20.050000           0.029190
      20.150000           0.029239
      20.250000           0.029292
      20.350000           0.029341
      20.450000           0.029392
      20.550000           0.029436
      20.650000           0.029491
      20.750000           0.029532
      20.850000           0.029576
      20.950000           0.029618
      21.050000           0.029648
      21.150000           0.029688
      21.250000           0.029715
      21.350000           0.029754
      21.450000           0.029782
      21.550000           0.029819
      21.650000           0.029845
      21.750000           0.029874
      21.850000           0.029905
      21.950000           0.029938
      22.050000           0.029971
      22.150000           0.030003
      22.250000           0.030033
      22.350000           0.030067
      22.450000           0.030099
      22.550000           0.030130
      22.650000           0.030160
      22.750000           0.030182
      22.850000           0.030211
      22.950000           0.030235
      23.050000           0.030259
      23.150000           0.030281
      23.250000           0.030306
      23.350000           0.030329
      23.450000           0.030353
      23.550000           0.030372
      23.650000           0.030397
      23.750000           0.030409
      23.850000           0.030432
      23.950000           0.030453
      24.050000           0.030475
      24.150000           0.030491
      24.250000           0.030511
      24.350000           0.030530
      24.450000           0.030548
      24.550000           0.030567
      24.650000           0.030585
      24.750000           0.030604
      24.850000           0.030623
      24.950000           0.030638
      25.050000           0.030657
      25.150000           0.030676
      25.250000           0.030691
      25.350000           0.030707
      25.450000           0.030721
      25.550000           0.030738
      25.650000           0.030752
      25.750000           0.030772
      25.850000           0.030782
      25.950000           0.030799
      26.050000           0.030811
      26.150000           0.030826
      26.250000           0.030834
      26.350000           0.030850
      26.450000           0.030860
      26.550000           0.030874
      26.650000           0.030880
      26.750000           0.030887
      26.850000           0.030892
      26.950000           0.030898
      27.050000           0.030902
      27.150000           0.030910
      27.250000           0.030910
      27.350000           0.030916
      27.450000           0.030918
      27.550000           0.030930
      27.650000           0.030930
      27.750000           0.030937
      27.850000           0.030947
      27.950000           0.030951
      28.050000           0.030955
      28.150000           0.030964
      28.250000           0.030974
      28.350000           0.030980
      28.450000           0.030990
      28.550000           0.030999
      28.650000           0.031004
      28.750000           0.031011
      28.850000           0.031020
      28.950000           0.031024
      29.050000           0.031034
      29.150000           0.031041
      29.250000           0.031045
      29.350000           0.031052
      29.450000           0.031060
      29.550000           0.031064
      29.650000           0.031073
      29.750000           0.031078
      29.850000           0.031084
      29.950000           0.031093
