#Distance_(Ang) :A5,A@N6_=>_:WAT@O
       0.050000           0.000000
       0.150000           0.000000
       0.250000           0.000000
       0.350000           0.000000
       0.450000           0.000000
       0.550000           0.000000
       0.650000           0.000000
       0.750000           0.000000
       0.850000           0.000000
       0.950000           0.000000
       1.050000           0.000000
       1.150000           0.000000
       1.250000           0.000000
       1.350000           0.000000
       1.450000           0.000000
       1.550000           0.000000
       1.650000           0.000000
       1.750000           0.000000
       1.850000           0.000000
       1.950000           0.000000
       2.050000           0.000000
       2.150000           0.000000
       2.250000           0.000000
       2.350000           0.000000
       2.450000           0.000000
       2.550000           0.000007
       2.650000           0.000596
       2.750000           0.006468
       2.850000           0.018466
       2.950000           0.025491
       3.050000           0.025625
       3.150000           0.023533
       3.250000           0.021583
       3.350000           0.020096
       3.450000           0.018930
       3.550000           0.017935
       3.650000           0.017043
       3.750000           0.016155
       3.850000           0.015262
       3.950000           0.014339
       4.050000           0.013491
       4.150000           0.012681
       4.250000           0.011985
       4.350000           0.011402
       4.450000           0.010957
       4.550000           0.010674
       4.650000           0.010548
       4.750000           0.010525
       4.850000           0.010614
       4.950000           0.010835
       5.050000           0.011195
       5.150000           0.011703
       5.250000           0.012336
       5.350000           0.013093
       5.450000           0.013916
       5.550000           0.014692
       5.650000           0.015338
       5.750000           0.015827
       5.850000           0.016205
       5.950000           0.016458
       6.050000           0.016657
       6.150000           0.016795
       6.250000           0.016899
       6.350000           0.017025
       6.450000           0.017209
       6.550000           0.017541
       6.650000           0.017878
       6.750000           0.018051
       6.850000           0.017895
       6.950000           0.017495
       7.050000           0.017109
       7.150000           0.016838
       7.250000           0.016673
       7.350000           0.016603
       7.450000           0.016610
       7.550000           0.016669
       7.650000           0.016743
       7.750000           0.016824
       7.850000           0.016918
       7.950000           0.017042
       8.050000           0.017168
       8.150000           0.017338
       8.250000           0.017556
       8.350000           0.017796
       8.450000           0.018036
       8.550000           0.018296
       8.650000           0.018546
       8.750000           0.018771
       8.850000           0.018979
       8.950000           0.019141
       9.050000           0.019282
       9.150000           0.019428
       9.250000           0.019546
       9.350000           0.019681
       9.450000           0.019781
       9.550000           0.019901
       9.650000           0.019991
       9.750000           0.020096
       9.850000           0.020219
       9.950000           0.020337
      10.050000           0.020466
      10.150000           0.020614
      10.250000           0.020794
      10.350000           0.021012
      10.450000           0.021247
      10.550000           0.021503
      10.650000           0.021762
      10.750000           0.022034
      10.850000           0.022290
      10.950000           0.022525
      11.050000           0.022759
      11.150000           0.022961
      11.250000           0.023154
      11.350000           0.023314
      11.450000           0.023444
      11.550000           0.023556
      11.650000           0.023652
      11.750000           0.023746
      11.850000           0.023823
      11.950000           0.023892
      12.050000           0.023960
      12.150000           0.024024
      12.250000           0.024087
      12.350000           0.024140
      12.450000           0.024217
      12.550000           0.024304
      12.650000           0.024389
      12.750000           0.024497
      12.850000           0.024604
      12.950000           0.024731
      13.050000           0.024868
      13.150000           0.025007
      13.250000           0.025155
      13.350000           0.025291
      13.450000           0.025425
      13.550000           0.025538
      13.650000           0.025642
      13.750000           0.025732
      13.850000           0.025813
      13.950000           0.025886
      14.050000           0.025945
      14.150000           0.026011
      14.250000           0.026077
      14.350000           0.026143
      14.450000           0.026219
      14.550000           0.026297
      14.650000           0.026378
      14.750000           0.026456
      14.850000           0.026545
      14.950000           0.026611
      15.050000           0.026681
      15.150000           0.026737
      15.250000           0.026788
      15.350000           0.026833
      15.450000           0.026872
      15.550000           0.026921
      15.650000           0.026976
      15.750000           0.027012
      15.850000           0.027070
      15.950000           0.027127
      16.050000           0.027182
      16.150000           0.027236
      16.250000           0.027296
      16.350000           0.027345
      16.450000           0.027413
      16.550000           0.027470
      16.650000           0.027528
      16.750000           0.027584
      16.850000           0.027657
      16.950000           0.027723
      17.050000           0.027803
      17.150000           0.027883
      17.250000           0.027967
      17.350000           0.028048
      17.450000           0.028131
      17.550000           0.028207
      17.650000           0.028290
      17.750000           0.028357
      17.850000           0.028420
      17.950000           0.028468
      18.050000           0.028514
      18.150000           0.028553
      18.250000           0.028585
      18.350000           0.028618
      18.450000           0.028643
      18.550000           0.028677
      18.650000           0.028711
      18.750000           0.028749
      18.850000           0.028778
      18.950000           0.028822
      19.050000           0.028872
      19.150000           0.028924
      19.250000           0.028971
      19.350000           0.029022
      19.450000           0.029084
      19.550000           0.029131
      19.650000           0.029183
      19.750000           0.029236
      19.850000           0.029289
      19.950000           0.029341
      20.050000           0.029381
      20.150000           0.029424
      20.250000           0.029467
      20.350000           0.029495
      20.450000           0.029535
      20.550000           0.029573
      20.650000           0.029602
      20.750000           0.029638
      20.850000           0.029665
      20.950000           0.029700
      21.050000           0.029736
      21.150000           0.029753
      21.250000           0.029783
      21.350000           0.029804
      21.450000           0.029827
      21.550000           0.029847
      21.650000           0.029871
      21.750000           0.029888
      21.850000           0.029903
      21.950000           0.029930
      22.050000           0.029951
      22.150000           0.029966
      22.250000           0.029992
      22.350000           0.030014
      22.450000           0.030044
      22.550000           0.030070
      22.650000           0.030100
      22.750000           0.030132
      22.850000           0.030170
      22.950000           0.030200
      23.050000           0.030231
      23.150000           0.030260
      23.250000           0.030289
      23.350000           0.030315
      23.450000           0.030338
      23.550000           0.030353
      23.650000           0.030369
      23.750000           0.030380
      23.850000           0.030388
      23.950000           0.030394
      24.050000           0.030411
      24.150000           0.030418
      24.250000           0.030428
      24.350000           0.030437
      24.450000           0.030449
      24.550000           0.030461
      24.650000           0.030475
      24.750000           0.030493
      24.850000           0.030511
      24.950000           0.030527
      25.050000           0.030541
      25.150000           0.030566
      25.250000           0.030588
      25.350000           0.030611
      25.450000           0.030634
      25.550000           0.030650
      25.650000           0.030676
      25.750000           0.030693
      25.850000           0.030708
      25.950000           0.030731
      26.050000           0.030746
      26.150000           0.030760
      26.250000           0.030776
      26.350000           0.030789
      26.450000           0.030807
      26.550000           0.030814
      26.650000           0.030831
      26.750000           0.030838
      26.850000           0.030849
      26.950000           0.030863
      27.050000           0.030873
      27.150000           0.030888
      27.250000           0.030900
      27.350000           0.030911
      27.450000           0.030922
      27.550000           0.030927
      27.650000           0.030941
      27.750000           0.030954
      27.850000           0.030963
      27.950000           0.030970
      28.050000           0.030980
      28.150000           0.030987
      28.250000           0.030994
      28.350000           0.031001
      28.450000           0.031004
      28.550000           0.031008
      28.650000           0.031014
      28.750000           0.031018
      28.850000           0.031026
      28.950000           0.031029
      29.050000           0.031033
      29.150000           0.031040
      29.250000           0.031043
      29.350000           0.031049
      29.450000           0.031058
      29.550000           0.031064
      29.650000           0.031065
      29.750000           0.031070
      29.850000           0.031071
      29.950000           0.031082
