#Distance_(Ang) :A5,A@N1_=>_:WAT@O
       0.050000           0.000000
       0.150000           0.000000
       0.250000           0.000000
       0.350000           0.000000
       0.450000           0.000000
       0.550000           0.000000
       0.650000           0.000000
       0.750000           0.000000
       0.850000           0.000000
       0.950000           0.000000
       1.050000           0.000000
       1.150000           0.000000
       1.250000           0.000000
       1.350000           0.000000
       1.450000           0.000000
       1.550000           0.000000
       1.650000           0.000000
       1.750000           0.000000
       1.850000           0.000000
       1.950000           0.000000
       2.050000           0.000000
       2.150000           0.000000
       2.250000           0.000000
       2.350000           0.000000
       2.450000           0.000003
       2.550000           0.000404
       2.650000           0.004999
       2.750000           0.014847
       2.850000           0.019556
       2.950000           0.017125
       3.050000           0.013143
       3.150000           0.010684
       3.250000           0.009808
       3.350000           0.009851
       3.450000           0.010274
       3.550000           0.010749
       3.650000           0.011100
       3.750000           0.011370
       3.850000           0.011609
       3.950000           0.011809
       4.050000           0.012058
       4.150000           0.012342
       4.250000           0.012794
       4.350000           0.013420
       4.450000           0.014159
       4.550000           0.014989
       4.650000           0.015974
       4.750000           0.017129
       4.850000           0.018193
       4.950000           0.018622
       5.050000           0.017996
       5.150000           0.016750
       5.250000           0.015608
       5.350000           0.014817
       5.450000           0.014320
       5.550000           0.014048
       5.650000           0.013883
       5.750000           0.013758
       5.850000           0.013672
       5.950000           0.013643
       6.050000           0.013678
       6.150000           0.013815
       6.250000           0.014024
       6.350000           0.014328
       6.450000           0.014696
       6.550000           0.015128
       6.650000           0.015608
       6.750000           0.016040
       6.850000           0.016462
       6.950000           0.016761
       7.050000           0.016968
       7.150000           0.017109
       7.250000           0.017270
       7.350000           0.017396
       7.450000           0.017555
       7.550000           0.017691
       7.650000           0.017814
       7.750000           0.017906
       7.850000           0.017950
       7.950000           0.017965
       8.050000           0.017960
       8.150000           0.017953
       8.250000           0.017964
       8.350000           0.017988
       8.450000           0.018024
       8.550000           0.018119
       8.650000           0.018236
       8.750000           0.018381
       8.850000           0.018567
       8.950000           0.018788
       9.050000           0.019010
       9.150000           0.019243
       9.250000           0.019466
       9.350000           0.019663
       9.450000           0.019856
       9.550000           0.020053
       9.650000           0.020228
       9.750000           0.020418
       9.850000           0.020623
       9.950000           0.020813
      10.050000           0.021004
      10.150000           0.021192
      10.250000           0.021365
      10.350000           0.021536
      10.450000           0.021699
      10.550000           0.021857
      10.650000           0.021982
      10.750000           0.022121
      10.850000           0.022266
      10.950000           0.022408
      11.050000           0.022540
      11.150000           0.022682
      11.250000           0.022819
      11.350000           0.022961
      11.450000           0.023100
      11.550000           0.023231
      11.650000           0.023359
      11.750000           0.023467
      11.850000           0.023590
      11.950000           0.023700
      12.050000           0.023812
      12.150000           0.023924
      12.250000           0.024058
      12.350000           0.024177
      12.450000           0.024314
      12.550000           0.024441
      12.650000           0.024573
      12.750000           0.024699
      12.850000           0.024811
      12.950000           0.024922
      13.050000           0.025031
      13.150000           0.025124
      13.250000           0.025228
      13.350000           0.025320
      13.450000           0.025391
      13.550000           0.025483
      13.650000           0.025554
      13.750000           0.025632
      13.850000           0.025710
      13.950000           0.025793
      14.050000           0.025866
      14.150000           0.025929
      14.250000           0.025986
      14.350000           0.026033
      14.450000           0.026074
      14.550000           0.026126
      14.650000           0.026180
      14.750000           0.026232
      14.850000           0.026305
      14.950000           0.026368
      15.050000           0.026446
      15.150000           0.026546
      15.250000           0.026636
      15.350000           0.026743
      15.450000           0.026841
      15.550000           0.026942
      15.650000           0.027029
      15.750000           0.027115
      15.850000           0.027195
      15.950000           0.027261
      16.050000           0.027320
      16.150000           0.027369
      16.250000           0.027419
      16.350000           0.027472
      16.450000           0.027525
      16.550000           0.027585
      16.650000           0.027642
      16.750000           0.027712
      16.850000           0.027780
      16.950000           0.027855
      17.050000           0.027934
      17.150000           0.028001
      17.250000           0.028068
      17.350000           0.028128
      17.450000           0.028183
      17.550000           0.028242
      17.650000           0.028289
      17.750000           0.028343
      17.850000           0.028395
      17.950000           0.028442
      18.050000           0.028494
      18.150000           0.028543
      18.250000           0.028595
      18.350000           0.028648
      18.450000           0.028687
      18.550000           0.028742
      18.650000           0.028788
      18.750000           0.028838
      18.850000           0.028887
      18.950000           0.028934
      19.050000           0.028986
      19.150000           0.029036
      19.250000           0.029086
      19.350000           0.029128
      19.450000           0.029175
      19.550000           0.029216
      19.650000           0.029251
      19.750000           0.029283
      19.850000           0.029313
      19.950000           0.029330
      20.050000           0.029364
      20.150000           0.029383
      20.250000           0.029400
      20.350000           0.029424
      20.450000           0.029451
      20.550000           0.029472
      20.650000           0.029498
      20.750000           0.029532
      20.850000           0.029567
      20.950000           0.029604
      21.050000           0.029646
      21.150000           0.029677
      21.250000           0.029717
      21.350000           0.029754
      21.450000           0.029788
      21.550000           0.029828
      21.650000           0.029861
      21.750000           0.029889
      21.850000           0.029924
      21.950000           0.029943
      22.050000           0.029966
      22.150000           0.029986
      22.250000           0.029998
      22.350000           0.030018
      22.450000           0.030031
      22.550000           0.030044
      22.650000           0.030058
      22.750000           0.030071
      22.850000           0.030087
      22.950000           0.030103
      23.050000           0.030118
      23.150000           0.030138
      23.250000           0.030159
      23.350000           0.030182
      23.450000           0.030202
      23.550000           0.030226
      23.650000           0.030249
      23.750000           0.030269
      23.850000           0.030301
      23.950000           0.030324
      24.050000           0.030348
      24.150000           0.030376
      24.250000           0.030397
      24.350000           0.030421
      24.450000           0.030440
      24.550000           0.030469
      24.650000           0.030485
      24.750000           0.030504
      24.850000           0.030526
      24.950000           0.030538
      25.050000           0.030556
      25.150000           0.030577
      25.250000           0.030589
      25.350000           0.030607
      25.450000           0.030619
      25.550000           0.030637
      25.650000           0.030652
      25.750000           0.030672
      25.850000           0.030686
      25.950000           0.030706
      26.050000           0.030718
      26.150000           0.030736
      26.250000           0.030753
      26.350000           0.030771
      26.450000           0.030790
      26.550000           0.030807
      26.650000           0.030821
      26.750000           0.030832
      26.850000           0.030852
      26.950000           0.030867
      27.050000           0.030883
      27.150000           0.030890
      27.250000           0.030908
      27.350000           0.030917
      27.450000           0.030931
      27.550000           0.030940
      27.650000           0.030945
      27.750000           0.030956
      27.850000           0.030964
      27.950000           0.030966
      28.050000           0.030978
      28.150000           0.030986
      28.250000           0.030988
      28.350000           0.030997
      28.450000           0.030995
      28.550000           0.031001
      28.650000           0.031005
      28.750000           0.031015
      28.850000           0.031016
      28.950000           0.031021
      29.050000           0.031025
      29.150000           0.031038
      29.250000           0.031039
      29.350000           0.031047
      29.450000           0.031050
      29.550000           0.031060
      29.650000           0.031067
      29.750000           0.031071
      29.850000           0.031076
      29.950000           0.031084
