   0.050   0.000
   0.150   0.000
   0.250   0.000
   0.350   0.000
   0.450   0.000
   0.550   0.000
   0.650   0.000
   0.750   0.000
   0.850   0.000
   0.950   0.000
   1.050   0.000
   1.150   0.000
   1.250   0.000
   1.350   0.000
   1.450   0.000
   1.550   0.000
   1.650   0.000
   1.750   0.000
   1.850   0.000
   1.950   0.000
   2.050   0.000
   2.150   0.000
   2.250   0.000
   2.350   0.000
   2.450   0.000
   2.550   0.000
   2.650   0.000
   2.750   0.000
   2.850   0.000
   2.950   0.001
   3.050   0.012
   3.150   0.065
   3.250   0.190
   3.350   0.351
   3.450   0.428
   3.550   0.408
   3.650   0.363
   3.750   0.323
   3.850   0.296
   3.950   0.263
   4.050   0.195
   4.150   0.115
   4.250   0.063
   4.350   0.039
   4.450   0.031
   4.550   0.030
   4.650   0.033
   4.750   0.038
   4.850   0.045
   4.950   0.055
   5.050   0.067
   5.150   0.081
   5.250   0.097
   5.350   0.111
   5.450   0.125
   5.550   0.139
   5.650   0.153
   5.750   0.166
   5.850   0.177
   5.950   0.183
   6.050   0.184
   6.150   0.179
   6.250   0.170
   6.350   0.157
   6.450   0.141
   6.550   0.126
   6.650   0.112
   6.750   0.102
   6.850   0.095
   6.950   0.090
   7.050   0.088
   7.150   0.087
   7.250   0.089
   7.350   0.094
   7.450   0.103
   7.550   0.110
   7.650   0.115
   7.750   0.117
   7.850   0.118
   7.950   0.122
   8.050   0.127
   8.150   0.132
   8.250   0.135
   8.350   0.135
   8.450   0.134
   8.550   0.131
   8.650   0.128
   8.750   0.125
   8.850   0.122
   8.950   0.120
   9.050   0.118
   9.150   0.119
   9.250   0.119
   9.350   0.119
   9.450   0.119
   9.550   0.118
   9.650   0.118
   9.750   0.117
   9.850   0.117
   9.950   0.117
  10.050   0.116
  10.150   0.114
  10.250   0.113
  10.350   0.111
  10.450   0.108
  10.550   0.106
  10.650   0.103
  10.750   0.101
  10.850   0.099
  10.950   0.097
  11.050   0.096
  11.150   0.095
  11.250   0.094
  11.350   0.095
  11.450   0.094
  11.550   0.094
  11.650   0.094
  11.750   0.093
  11.850   0.092
  11.950   0.092
  12.050   0.091
  12.150   0.090
  12.250   0.089
  12.350   0.089
  12.450   0.089
  12.550   0.089
  12.650   0.089
  12.750   0.089
  12.850   0.089
  12.950   0.089
  13.050   0.089
  13.150   0.089
  13.250   0.088
  13.350   0.088
  13.450   0.087
  13.550   0.086
  13.650   0.086
  13.750   0.085
  13.850   0.084
  13.950   0.083
  14.050   0.083
  14.150   0.082
  14.250   0.082
  14.350   0.081
  14.450   0.081
  14.550   0.081
  14.650   0.081
  14.750   0.081
  14.850   0.081
  14.950   0.080
  15.050   0.080
  15.150   0.079
  15.250   0.079
  15.350   0.078
  15.450   0.078
  15.550   0.078
  15.650   0.077
  15.750   0.077
  15.850   0.076
  15.950   0.075
  16.050   0.075
  16.150   0.074
  16.250   0.074
  16.350   0.074
  16.450   0.074
  16.550   0.074
  16.650   0.074
  16.750   0.074
  16.850   0.073
  16.950   0.073
  17.050   0.072
  17.150   0.072
  17.250   0.071
  17.350   0.070
  17.450   0.069
  17.550   0.069
  17.650   0.068
  17.750   0.068
  17.850   0.067
  17.950   0.067
  18.050   0.067
  18.150   0.066
  18.250   0.066
  18.350   0.066
  18.450   0.066
  18.550   0.065
  18.650   0.065
  18.750   0.065
  18.850   0.064
  18.950   0.064
  19.050   0.064
  19.150   0.063
  19.250   0.063
  19.350   0.063
  19.450   0.062
  19.550   0.062
  19.650   0.062
  19.750   0.062
  19.850   0.061
  19.950   0.061
  20.050   0.061
  20.150   0.061
  20.250   0.061
  20.350   0.060
  20.450   0.060
  20.550   0.060
  20.650   0.060
  20.750   0.060
  20.850   0.060
  20.950   0.059
  21.050   0.059
  21.150   0.059
  21.250   0.058
  21.350   0.058
  21.450   0.057
  21.550   0.057
  21.650   0.057
  21.750   0.056
  21.850   0.056
  21.950   0.056
  22.050   0.055
  22.150   0.055
  22.250   0.055
  22.350   0.054
  22.450   0.054
  22.550   0.054
  22.650   0.053
  22.750   0.053
  22.850   0.053
  22.950   0.053
  23.050   0.052
  23.150   0.052
  23.250   0.052
  23.350   0.052
  23.450   0.051
  23.550   0.051
  23.650   0.051
  23.750   0.051
  23.850   0.051
  23.950   0.051
  24.050   0.050
  24.150   0.050
  24.250   0.050
  24.350   0.050
  24.450   0.050
  24.550   0.050
  24.650   0.049
  24.750   0.049
  24.850   0.049
  24.950   0.049
  25.050   0.048
  25.150   0.048
  25.250   0.048
  25.350   0.047
  25.450   0.047
  25.550   0.047
  25.650   0.047
  25.750   0.046
  25.850   0.046
  25.950   0.046
  26.050   0.046
  26.150   0.045
  26.250   0.045
  26.350   0.045
  26.450   0.045
  26.550   0.044
  26.650   0.044
  26.750   0.044
  26.850   0.044
  26.950   0.043
  27.050   0.043
  27.150   0.043
  27.250   0.043
  27.350   0.043
  27.450   0.042
  27.550   0.042
  27.650   0.042
  27.750   0.042
  27.850   0.041
  27.950   0.041
  28.050   0.041
  28.150   0.041
  28.250   0.041
  28.350   0.041
  28.450   0.040
  28.550   0.040
  28.650   0.040
  28.750   0.040
  28.850   0.040
  28.950   0.040
  29.050   0.040
  29.150   0.039
  29.250   0.039
  29.350   0.039
  29.450   0.039
  29.550   0.039
  29.650   0.039
  29.750   0.039
  29.850   0.039
  29.950   0.038
