   0.050   0.000
   0.150   0.000
   0.250   0.000
   0.350   0.000
   0.450   0.000
   0.550   0.000
   0.650   0.000
   0.750   0.000
   0.850   0.000
   0.950   0.000
   1.050   0.000
   1.150   0.000
   1.250   0.000
   1.350   0.000
   1.450   0.000
   1.550   0.000
   1.650   0.000
   1.750   0.000
   1.850   0.000
   1.950   0.000
   2.050   0.000
   2.150   0.000
   2.250   0.000
   2.350   0.000
   2.450   0.044
   2.550   0.430
   2.650   1.022
   2.750   1.084
   2.850   0.760
   2.950   0.449
   3.050   0.257
   3.150   0.152
   3.250   0.097
   3.350   0.067
   3.450   0.051
   3.550   0.042
   3.650   0.038
   3.750   0.037
   3.850   0.038
   3.950   0.042
   4.050   0.047
   4.150   0.055
   4.250   0.064
   4.350   0.075
   4.450   0.088
   4.550   0.100
   4.650   0.111
   4.750   0.120
   4.850   0.127
   4.950   0.132
   5.050   0.134
   5.150   0.135
   5.250   0.135
   5.350   0.133
   5.450   0.131
   5.550   0.130
   5.650   0.130
   5.750   0.132
   5.850   0.134
   5.950   0.138
   6.050   0.140
   6.150   0.142
   6.250   0.142
   6.350   0.141
   6.450   0.139
   6.550   0.137
   6.650   0.137
   6.750   0.137
   6.850   0.138
   6.950   0.139
   7.050   0.134
   7.150   0.125
   7.250   0.115
   7.350   0.107
   7.450   0.102
   7.550   0.100
   7.650   0.100
   7.750   0.100
   7.850   0.101
   7.950   0.102
   8.050   0.103
   8.150   0.105
   8.250   0.106
   8.350   0.109
   8.450   0.111
   8.550   0.113
   8.650   0.114
   8.750   0.114
   8.850   0.112
   8.950   0.110
   9.050   0.108
   9.150   0.105
   9.250   0.102
   9.350   0.099
   9.450   0.096
   9.550   0.094
   9.650   0.092
   9.750   0.091
   9.850   0.090
   9.950   0.090
  10.050   0.090
  10.150   0.091
  10.250   0.093
  10.350   0.095
  10.450   0.096
  10.550   0.099
  10.650   0.101
  10.750   0.103
  10.850   0.105
  10.950   0.106
  11.050   0.107
  11.150   0.108
  11.250   0.107
  11.350   0.107
  11.450   0.106
  11.550   0.105
  11.650   0.105
  11.750   0.104
  11.850   0.103
  11.950   0.102
  12.050   0.101
  12.150   0.100
  12.250   0.099
  12.350   0.098
  12.450   0.097
  12.550   0.096
  12.650   0.095
  12.750   0.094
  12.850   0.094
  12.950   0.093
  13.050   0.093
  13.150   0.093
  13.250   0.092
  13.350   0.091
  13.450   0.090
  13.550   0.089
  13.650   0.088
  13.750   0.088
  13.850   0.087
  13.950   0.086
  14.050   0.085
  14.150   0.085
  14.250   0.084
  14.350   0.084
  14.450   0.083
  14.550   0.083
  14.650   0.082
  14.750   0.082
  14.850   0.082
  14.950   0.081
  15.050   0.081
  15.150   0.080
  15.250   0.080
  15.350   0.080
  15.450   0.079
  15.550   0.079
  15.650   0.078
  15.750   0.078
  15.850   0.077
  15.950   0.077
  16.050   0.076
  16.150   0.076
  16.250   0.075
  16.350   0.075
  16.450   0.074
  16.550   0.073
  16.650   0.073
  16.750   0.072
  16.850   0.072
  16.950   0.071
  17.050   0.071
  17.150   0.071
  17.250   0.070
  17.350   0.070
  17.450   0.069
  17.550   0.069
  17.650   0.069
  17.750   0.069
  17.850   0.068
  17.950   0.068
  18.050   0.067
  18.150   0.067
  18.250   0.066
  18.350   0.066
  18.450   0.065
  18.550   0.065
  18.650   0.064
  18.750   0.064
  18.850   0.064
  18.950   0.063
  19.050   0.063
  19.150   0.063
  19.250   0.062
  19.350   0.062
  19.450   0.062
  19.550   0.061
  19.650   0.061
  19.750   0.061
  19.850   0.061
  19.950   0.061
  20.050   0.060
  20.150   0.060
  20.250   0.060
  20.350   0.060
  20.450   0.060
  20.550   0.059
  20.650   0.059
  20.750   0.059
  20.850   0.059
  20.950   0.058
  21.050   0.058
  21.150   0.057
  21.250   0.057
  21.350   0.057
  21.450   0.056
  21.550   0.056
  21.650   0.056
  21.750   0.055
  21.850   0.055
  21.950   0.055
  22.050   0.055
  22.150   0.055
  22.250   0.055
  22.350   0.055
  22.450   0.055
  22.550   0.055
  22.650   0.054
  22.750   0.054
  22.850   0.054
  22.950   0.054
  23.050   0.054
  23.150   0.053
  23.250   0.053
  23.350   0.053
  23.450   0.053
  23.550   0.052
  23.650   0.052
  23.750   0.052
  23.850   0.051
  23.950   0.051
  24.050   0.051
  24.150   0.050
  24.250   0.050
  24.350   0.050
  24.450   0.049
  24.550   0.049
  24.650   0.049
  24.750   0.048
  24.850   0.048
  24.950   0.048
  25.050   0.048
  25.150   0.047
  25.250   0.047
  25.350   0.047
  25.450   0.046
  25.550   0.046
  25.650   0.046
  25.750   0.045
  25.850   0.045
  25.950   0.045
  26.050   0.045
  26.150   0.044
  26.250   0.044
  26.350   0.044
  26.450   0.043
  26.550   0.043
  26.650   0.043
  26.750   0.043
  26.850   0.043
  26.950   0.042
  27.050   0.042
  27.150   0.042
  27.250   0.042
  27.350   0.042
  27.450   0.041
  27.550   0.041
  27.650   0.041
  27.750   0.041
  27.850   0.041
  27.950   0.041
  28.050   0.041
  28.150   0.040
  28.250   0.040
  28.350   0.040
  28.450   0.040
  28.550   0.040
  28.650   0.040
  28.750   0.040
  28.850   0.039
  28.950   0.039
  29.050   0.039
  29.150   0.039
  29.250   0.039
  29.350   0.039
  29.450   0.039
  29.550   0.039
  29.650   0.039
  29.750   0.038
  29.850   0.038
  29.950   0.038
