   0.050   0.000
   0.150   0.000
   0.250   0.000
   0.350   0.000
   0.450   0.000
   0.550   0.000
   0.650   0.000
   0.750   0.000
   0.850   0.000
   0.950   0.000
   1.050   0.000
   1.150   0.000
   1.250   0.000
   1.350   0.000
   1.450   0.000
   1.550   0.000
   1.650   0.000
   1.750   0.000
   1.850   0.000
   1.950   0.000
   2.050   0.000
   2.150   0.000
   2.250   0.000
   2.350   0.000
   2.450   0.000
   2.550   0.026
   2.650   0.272
   2.750   0.733
   2.850   0.881
   2.950   0.688
   3.050   0.444
   3.150   0.272
   3.250   0.171
   3.350   0.115
   3.450   0.084
   3.550   0.067
   3.650   0.057
   3.750   0.052
   3.850   0.051
   3.950   0.052
   4.050   0.055
   4.150   0.060
   4.250   0.068
   4.350   0.078
   4.450   0.090
   4.550   0.104
   4.650   0.120
   4.750   0.134
   4.850   0.149
   4.950   0.160
   5.050   0.172
   5.150   0.180
   5.250   0.186
   5.350   0.188
   5.450   0.188
   5.550   0.185
   5.650   0.181
   5.750   0.173
   5.850   0.159
   5.950   0.141
   6.050   0.126
   6.150   0.115
   6.250   0.106
   6.350   0.101
   6.450   0.098
   6.550   0.097
   6.650   0.096
   6.750   0.097
   6.850   0.098
   6.950   0.100
   7.050   0.101
   7.150   0.103
   7.250   0.105
   7.350   0.107
   7.450   0.109
   7.550   0.113
   7.650   0.117
   7.750   0.122
   7.850   0.126
   7.950   0.129
   8.050   0.131
   8.150   0.131
   8.250   0.130
   8.350   0.129
   8.450   0.129
   8.550   0.128
   8.650   0.126
   8.750   0.124
   8.850   0.122
   8.950   0.120
   9.050   0.117
   9.150   0.115
   9.250   0.114
   9.350   0.113
   9.450   0.112
   9.550   0.111
   9.650   0.110
   9.750   0.109
   9.850   0.109
   9.950   0.109
  10.050   0.110
  10.150   0.111
  10.250   0.111
  10.350   0.112
  10.450   0.111
  10.550   0.111
  10.650   0.110
  10.750   0.109
  10.850   0.108
  10.950   0.107
  11.050   0.106
  11.150   0.104
  11.250   0.102
  11.350   0.100
  11.450   0.098
  11.550   0.097
  11.650   0.096
  11.750   0.096
  11.850   0.095
  11.950   0.095
  12.050   0.096
  12.150   0.096
  12.250   0.096
  12.350   0.096
  12.450   0.096
  12.550   0.096
  12.650   0.095
  12.750   0.095
  12.850   0.094
  12.950   0.094
  13.050   0.093
  13.150   0.092
  13.250   0.092
  13.350   0.091
  13.450   0.091
  13.550   0.090
  13.650   0.090
  13.750   0.090
  13.850   0.090
  13.950   0.090
  14.050   0.090
  14.150   0.089
  14.250   0.089
  14.350   0.088
  14.450   0.088
  14.550   0.087
  14.650   0.087
  14.750   0.086
  14.850   0.085
  14.950   0.085
  15.050   0.084
  15.150   0.083
  15.250   0.083
  15.350   0.082
  15.450   0.081
  15.550   0.081
  15.650   0.081
  15.750   0.080
  15.850   0.080
  15.950   0.080
  16.050   0.080
  16.150   0.079
  16.250   0.079
  16.350   0.079
  16.450   0.079
  16.550   0.078
  16.650   0.078
  16.750   0.077
  16.850   0.077
  16.950   0.076
  17.050   0.076
  17.150   0.075
  17.250   0.074
  17.350   0.074
  17.450   0.073
  17.550   0.072
  17.650   0.072
  17.750   0.071
  17.850   0.071
  17.950   0.070
  18.050   0.070
  18.150   0.070
  18.250   0.069
  18.350   0.069
  18.450   0.068
  18.550   0.068
  18.650   0.068
  18.750   0.068
  18.850   0.067
  18.950   0.067
  19.050   0.066
  19.150   0.066
  19.250   0.066
  19.350   0.065
  19.450   0.065
  19.550   0.065
  19.650   0.064
  19.750   0.064
  19.850   0.063
  19.950   0.063
  20.050   0.063
  20.150   0.062
  20.250   0.062
  20.350   0.062
  20.450   0.061
  20.550   0.061
  20.650   0.060
  20.750   0.060
  20.850   0.059
  20.950   0.059
  21.050   0.058
  21.150   0.058
  21.250   0.058
  21.350   0.057
  21.450   0.057
  21.550   0.056
  21.650   0.056
  21.750   0.056
  21.850   0.055
  21.950   0.055
  22.050   0.054
  22.150   0.054
  22.250   0.054
  22.350   0.053
  22.450   0.053
  22.550   0.053
  22.650   0.052
  22.750   0.052
  22.850   0.052
  22.950   0.052
  23.050   0.052
  23.150   0.051
  23.250   0.051
  23.350   0.051
  23.450   0.051
  23.550   0.051
  23.650   0.051
  23.750   0.051
  23.850   0.050
  23.950   0.050
  24.050   0.050
  24.150   0.050
  24.250   0.049
  24.350   0.049
  24.450   0.049
  24.550   0.048
  24.650   0.048
  24.750   0.048
  24.850   0.048
  24.950   0.047
  25.050   0.047
  25.150   0.047
  25.250   0.047
  25.350   0.046
  25.450   0.046
  25.550   0.046
  25.650   0.046
  25.750   0.046
  25.850   0.046
  25.950   0.046
  26.050   0.045
  26.150   0.045
  26.250   0.045
  26.350   0.045
  26.450   0.045
  26.550   0.045
  26.650   0.044
  26.750   0.044
  26.850   0.044
  26.950   0.044
  27.050   0.043
  27.150   0.043
  27.250   0.043
  27.350   0.043
  27.450   0.042
  27.550   0.042
  27.650   0.042
  27.750   0.041
  27.850   0.041
  27.950   0.041
  28.050   0.041
  28.150   0.041
  28.250   0.040
  28.350   0.040
  28.450   0.040
  28.550   0.040
  28.650   0.040
  28.750   0.039
  28.850   0.039
  28.950   0.039
  29.050   0.039
  29.150   0.039
  29.250   0.039
  29.350   0.038
  29.450   0.038
  29.550   0.038
  29.650   0.038
  29.750   0.038
  29.850   0.038
  29.950   0.038
