   0.050   0.000
   0.150   0.000
   0.250   0.000
   0.350   0.000
   0.450   0.000
   0.550   0.000
   0.650   0.000
   0.750   0.000
   0.850   0.000
   0.950   0.000
   1.050   0.000
   1.150   0.000
   1.250   0.000
   1.350   0.000
   1.450   0.000
   1.550   0.000
   1.650   0.000
   1.750   0.000
   1.850   0.000
   1.950   0.000
   2.050   0.000
   2.150   0.000
   2.250   0.000
   2.350   0.000
   2.450   0.043
   2.550   0.422
   2.650   1.045
   2.750   1.190
   2.850   0.917
   2.950   0.601
   3.050   0.380
   3.150   0.248
   3.250   0.172
   3.350   0.129
   3.450   0.104
   3.550   0.091
   3.650   0.085
   3.750   0.083
   3.850   0.084
   3.950   0.088
   4.050   0.094
   4.150   0.102
   4.250   0.110
   4.350   0.117
   4.450   0.124
   4.550   0.130
   4.650   0.134
   4.750   0.136
   4.850   0.137
   4.950   0.138
   5.050   0.138
   5.150   0.136
   5.250   0.131
   5.350   0.124
   5.450   0.117
   5.550   0.111
   5.650   0.108
   5.750   0.108
   5.850   0.110
   5.950   0.113
   6.050   0.116
   6.150   0.117
   6.250   0.117
   6.350   0.115
   6.450   0.112
   6.550   0.110
   6.650   0.107
   6.750   0.106
   6.850   0.105
   6.950   0.105
   7.050   0.105
   7.150   0.106
   7.250   0.106
   7.350   0.107
   7.450   0.107
   7.550   0.107
   7.650   0.108
   7.750   0.109
   7.850   0.109
   7.950   0.111
   8.050   0.112
   8.150   0.113
   8.250   0.113
   8.350   0.113
   8.450   0.113
   8.550   0.113
   8.650   0.113
   8.750   0.114
   8.850   0.115
   8.950   0.116
   9.050   0.117
   9.150   0.117
   9.250   0.116
   9.350   0.115
   9.450   0.114
   9.550   0.113
   9.650   0.112
   9.750   0.110
   9.850   0.108
   9.950   0.106
  10.050   0.105
  10.150   0.103
  10.250   0.103
  10.350   0.103
  10.450   0.103
  10.550   0.102
  10.650   0.102
  10.750   0.102
  10.850   0.101
  10.950   0.101
  11.050   0.100
  11.150   0.100
  11.250   0.099
  11.350   0.099
  11.450   0.099
  11.550   0.099
  11.650   0.099
  11.750   0.099
  11.850   0.100
  11.950   0.101
  12.050   0.101
  12.150   0.102
  12.250   0.102
  12.350   0.103
  12.450   0.103
  12.550   0.103
  12.650   0.103
  12.750   0.103
  12.850   0.102
  12.950   0.102
  13.050   0.101
  13.150   0.100
  13.250   0.099
  13.350   0.098
  13.450   0.096
  13.550   0.095
  13.650   0.094
  13.750   0.093
  13.850   0.092
  13.950   0.092
  14.050   0.092
  14.150   0.092
  14.250   0.092
  14.350   0.092
  14.450   0.092
  14.550   0.092
  14.650   0.091
  14.750   0.091
  14.850   0.090
  14.950   0.089
  15.050   0.088
  15.150   0.088
  15.250   0.087
  15.350   0.086
  15.450   0.086
  15.550   0.085
  15.650   0.084
  15.750   0.083
  15.850   0.083
  15.950   0.082
  16.050   0.081
  16.150   0.080
  16.250   0.079
  16.350   0.078
  16.450   0.077
  16.550   0.077
  16.650   0.076
  16.750   0.075
  16.850   0.075
  16.950   0.074
  17.050   0.074
  17.150   0.074
  17.250   0.073
  17.350   0.073
  17.450   0.072
  17.550   0.072
  17.650   0.072
  17.750   0.071
  17.850   0.071
  17.950   0.071
  18.050   0.070
  18.150   0.070
  18.250   0.069
  18.350   0.069
  18.450   0.069
  18.550   0.068
  18.650   0.068
  18.750   0.067
  18.850   0.067
  18.950   0.066
  19.050   0.066
  19.150   0.065
  19.250   0.065
  19.350   0.064
  19.450   0.063
  19.550   0.063
  19.650   0.062
  19.750   0.062
  19.850   0.061
  19.950   0.061
  20.050   0.061
  20.150   0.060
  20.250   0.060
  20.350   0.060
  20.450   0.059
  20.550   0.059
  20.650   0.059
  20.750   0.059
  20.850   0.059
  20.950   0.058
  21.050   0.058
  21.150   0.058
  21.250   0.058
  21.350   0.058
  21.450   0.058
  21.550   0.057
  21.650   0.057
  21.750   0.057
  21.850   0.056
  21.950   0.056
  22.050   0.056
  22.150   0.055
  22.250   0.055
  22.350   0.054
  22.450   0.054
  22.550   0.054
  22.650   0.053
  22.750   0.053
  22.850   0.053
  22.950   0.053
  23.050   0.052
  23.150   0.052
  23.250   0.052
  23.350   0.051
  23.450   0.051
  23.550   0.051
  23.650   0.051
  23.750   0.050
  23.850   0.050
  23.950   0.050
  24.050   0.050
  24.150   0.049
  24.250   0.049
  24.350   0.049
  24.450   0.049
  24.550   0.048
  24.650   0.048
  24.750   0.048
  24.850   0.048
  24.950   0.047
  25.050   0.047
  25.150   0.047
  25.250   0.047
  25.350   0.046
  25.450   0.046
  25.550   0.046
  25.650   0.046
  25.750   0.045
  25.850   0.045
  25.950   0.045
  26.050   0.045
  26.150   0.045
  26.250   0.045
  26.350   0.044
  26.450   0.044
  26.550   0.044
  26.650   0.044
  26.750   0.044
  26.850   0.043
  26.950   0.043
  27.050   0.043
  27.150   0.043
  27.250   0.043
  27.350   0.042
  27.450   0.042
  27.550   0.042
  27.650   0.042
  27.750   0.041
  27.850   0.041
  27.950   0.041
  28.050   0.041
  28.150   0.040
  28.250   0.040
  28.350   0.040
  28.450   0.040
  28.550   0.040
  28.650   0.039
  28.750   0.039
  28.850   0.039
  28.950   0.039
  29.050   0.039
  29.150   0.039
  29.250   0.039
  29.350   0.038
  29.450   0.038
  29.550   0.038
  29.650   0.038
  29.750   0.038
  29.850   0.038
  29.950   0.037
