   0.050   0.000
   0.150   0.000
   0.250   0.000
   0.350   0.000
   0.450   0.000
   0.550   0.000
   0.650   0.000
   0.750   0.000
   0.850   0.000
   0.950   0.000
   1.050   0.000
   1.150   0.000
   1.250   0.000
   1.350   0.000
   1.450   0.000
   1.550   0.000
   1.650   0.000
   1.750   0.000
   1.850   0.000
   1.950   0.000
   2.050   0.000
   2.150   0.000
   2.250   0.000
   2.350   0.000
   2.450   0.049
   2.550   0.477
   2.650   1.076
   2.750   1.071
   2.850   0.702
   2.950   0.389
   3.050   0.209
   3.150   0.118
   3.250   0.073
   3.350   0.050
   3.450   0.038
   3.550   0.033
   3.650   0.031
   3.750   0.032
   3.850   0.036
   3.950   0.042
   4.050   0.050
   4.150   0.061
   4.250   0.074
   4.350   0.088
   4.450   0.102
   4.550   0.116
   4.650   0.126
   4.750   0.133
   4.850   0.137
   4.950   0.138
   5.050   0.137
   5.150   0.135
   5.250   0.133
   5.350   0.132
   5.450   0.133
   5.550   0.134
   5.650   0.135
   5.750   0.136
   5.850   0.136
   5.950   0.135
   6.050   0.135
   6.150   0.134
   6.250   0.134
   6.350   0.133
   6.450   0.131
   6.550   0.129
   6.650   0.128
   6.750   0.129
   6.850   0.131
   6.950   0.132
   7.050   0.130
   7.150   0.122
   7.250   0.111
   7.350   0.104
   7.450   0.101
   7.550   0.101
   7.650   0.103
   7.750   0.106
   7.850   0.109
   7.950   0.112
   8.050   0.114
   8.150   0.117
   8.250   0.120
   8.350   0.122
   8.450   0.124
   8.550   0.127
   8.650   0.128
   8.750   0.130
   8.850   0.131
   8.950   0.131
   9.050   0.132
   9.150   0.131
   9.250   0.131
   9.350   0.129
   9.450   0.127
   9.550   0.124
   9.650   0.121
   9.750   0.118
   9.850   0.116
   9.950   0.114
  10.050   0.113
  10.150   0.112
  10.250   0.112
  10.350   0.112
  10.450   0.112
  10.550   0.111
  10.650   0.111
  10.750   0.110
  10.850   0.109
  10.950   0.108
  11.050   0.107
  11.150   0.106
  11.250   0.106
  11.350   0.106
  11.450   0.105
  11.550   0.104
  11.650   0.103
  11.750   0.102
  11.850   0.101
  11.950   0.100
  12.050   0.100
  12.150   0.100
  12.250   0.100
  12.350   0.099
  12.450   0.099
  12.550   0.098
  12.650   0.097
  12.750   0.096
  12.850   0.096
  12.950   0.095
  13.050   0.095
  13.150   0.095
  13.250   0.095
  13.350   0.095
  13.450   0.095
  13.550   0.095
  13.650   0.094
  13.750   0.093
  13.850   0.093
  13.950   0.092
  14.050   0.091
  14.150   0.090
  14.250   0.089
  14.350   0.088
  14.450   0.087
  14.550   0.086
  14.650   0.086
  14.750   0.085
  14.850   0.084
  14.950   0.084
  15.050   0.083
  15.150   0.082
  15.250   0.082
  15.350   0.081
  15.450   0.080
  15.550   0.079
  15.650   0.079
  15.750   0.078
  15.850   0.077
  15.950   0.077
  16.050   0.076
  16.150   0.076
  16.250   0.075
  16.350   0.075
  16.450   0.074
  16.550   0.074
  16.650   0.073
  16.750   0.073
  16.850   0.072
  16.950   0.072
  17.050   0.071
  17.150   0.071
  17.250   0.071
  17.350   0.070
  17.450   0.070
  17.550   0.070
  17.650   0.069
  17.750   0.069
  17.850   0.069
  17.950   0.068
  18.050   0.068
  18.150   0.068
  18.250   0.067
  18.350   0.067
  18.450   0.067
  18.550   0.066
  18.650   0.066
  18.750   0.066
  18.850   0.066
  18.950   0.066
  19.050   0.066
  19.150   0.065
  19.250   0.065
  19.350   0.065
  19.450   0.065
  19.550   0.065
  19.650   0.065
  19.750   0.065
  19.850   0.065
  19.950   0.064
  20.050   0.064
  20.150   0.064
  20.250   0.064
  20.350   0.064
  20.450   0.063
  20.550   0.063
  20.650   0.062
  20.750   0.062
  20.850   0.062
  20.950   0.061
  21.050   0.061
  21.150   0.060
  21.250   0.060
  21.350   0.059
  21.450   0.059
  21.550   0.058
  21.650   0.058
  21.750   0.057
  21.850   0.057
  21.950   0.057
  22.050   0.056
  22.150   0.056
  22.250   0.055
  22.350   0.055
  22.450   0.054
  22.550   0.054
  22.650   0.053
  22.750   0.053
  22.850   0.052
  22.950   0.052
  23.050   0.052
  23.150   0.051
  23.250   0.051
  23.350   0.050
  23.450   0.050
  23.550   0.050
  23.650   0.049
  23.750   0.049
  23.850   0.049
  23.950   0.048
  24.050   0.048
  24.150   0.048
  24.250   0.048
  24.350   0.048
  24.450   0.047
  24.550   0.047
  24.650   0.047
  24.750   0.047
  24.850   0.047
  24.950   0.046
  25.050   0.046
  25.150   0.046
  25.250   0.046
  25.350   0.046
  25.450   0.046
  25.550   0.046
  25.650   0.046
  25.750   0.045
  25.850   0.045
  25.950   0.045
  26.050   0.045
  26.150   0.045
  26.250   0.045
  26.350   0.044
  26.450   0.044
  26.550   0.044
  26.650   0.044
  26.750   0.044
  26.850   0.044
  26.950   0.043
  27.050   0.043
  27.150   0.043
  27.250   0.043
  27.350   0.043
  27.450   0.042
  27.550   0.042
  27.650   0.042
  27.750   0.042
  27.850   0.042
  27.950   0.041
  28.050   0.041
  28.150   0.041
  28.250   0.041
  28.350   0.040
  28.450   0.040
  28.550   0.040
  28.650   0.040
  28.750   0.040
  28.850   0.039
  28.950   0.039
  29.050   0.039
  29.150   0.039
  29.250   0.039
  29.350   0.038
  29.450   0.038
  29.550   0.038
  29.650   0.038
  29.750   0.038
  29.850   0.038
  29.950   0.038
