   0.050   0.000
   0.150   0.000
   0.250   0.000
   0.350   0.000
   0.450   0.000
   0.550   0.000
   0.650   0.000
   0.750   0.000
   0.850   0.000
   0.950   0.000
   1.050   0.000
   1.150   0.000
   1.250   0.000
   1.350   0.000
   1.450   0.000
   1.550   0.000
   1.650   0.000
   1.750   0.000
   1.850   0.000
   1.950   0.000
   2.050   0.000
   2.150   0.000
   2.250   0.000
   2.350   0.000
   2.450   0.000
   2.550   0.001
   2.650   0.012
   2.750   0.052
   2.850   0.092
   2.950   0.102
   3.050   0.088
   3.150   0.067
   3.250   0.051
   3.350   0.042
   3.450   0.040
   3.550   0.047
   3.650   0.061
   3.750   0.080
   3.850   0.102
   3.950   0.122
   4.050   0.139
   4.150   0.152
   4.250   0.162
   4.350   0.168
   4.450   0.175
   4.550   0.182
   4.650   0.190
   4.750   0.196
   4.850   0.186
   4.950   0.159
   5.050   0.132
   5.150   0.114
   5.250   0.106
   5.350   0.105
   5.450   0.108
   5.550   0.117
   5.650   0.131
   5.750   0.150
   5.850   0.164
   5.950   0.167
   6.050   0.165
   6.150   0.165
   6.250   0.169
   6.350   0.171
   6.450   0.171
   6.550   0.171
   6.650   0.169
   6.750   0.161
   6.850   0.150
   6.950   0.140
   7.050   0.132
   7.150   0.126
   7.250   0.122
   7.350   0.119
   7.450   0.117
   7.550   0.116
   7.650   0.116
   7.750   0.116
   7.850   0.116
   7.950   0.116
   8.050   0.116
   8.150   0.115
   8.250   0.114
   8.350   0.113
   8.450   0.112
   8.550   0.112
   8.650   0.112
   8.750   0.112
   8.850   0.113
   8.950   0.114
   9.050   0.116
   9.150   0.117
   9.250   0.118
   9.350   0.119
   9.450   0.120
   9.550   0.121
   9.650   0.121
   9.750   0.121
   9.850   0.121
   9.950   0.121
  10.050   0.122
  10.150   0.123
  10.250   0.123
  10.350   0.122
  10.450   0.121
  10.550   0.119
  10.650   0.117
  10.750   0.114
  10.850   0.112
  10.950   0.110
  11.050   0.109
  11.150   0.107
  11.250   0.106
  11.350   0.105
  11.450   0.104
  11.550   0.103
  11.650   0.102
  11.750   0.102
  11.850   0.101
  11.950   0.101
  12.050   0.100
  12.150   0.100
  12.250   0.100
  12.350   0.100
  12.450   0.099
  12.550   0.099
  12.650   0.098
  12.750   0.098
  12.850   0.097
  12.950   0.096
  13.050   0.096
  13.150   0.095
  13.250   0.094
  13.350   0.093
  13.450   0.093
  13.550   0.092
  13.650   0.091
  13.750   0.090
  13.850   0.089
  13.950   0.089
  14.050   0.088
  14.150   0.088
  14.250   0.087
  14.350   0.087
  14.450   0.086
  14.550   0.086
  14.650   0.085
  14.750   0.085
  14.850   0.085
  14.950   0.084
  15.050   0.084
  15.150   0.083
  15.250   0.083
  15.350   0.083
  15.450   0.082
  15.550   0.082
  15.650   0.081
  15.750   0.080
  15.850   0.080
  15.950   0.079
  16.050   0.079
  16.150   0.078
  16.250   0.077
  16.350   0.077
  16.450   0.076
  16.550   0.076
  16.650   0.075
  16.750   0.075
  16.850   0.075
  16.950   0.074
  17.050   0.074
  17.150   0.074
  17.250   0.074
  17.350   0.073
  17.450   0.073
  17.550   0.072
  17.650   0.072
  17.750   0.071
  17.850   0.071
  17.950   0.070
  18.050   0.070
  18.150   0.069
  18.250   0.069
  18.350   0.069
  18.450   0.068
  18.550   0.068
  18.650   0.068
  18.750   0.067
  18.850   0.067
  18.950   0.066
  19.050   0.066
  19.150   0.066
  19.250   0.065
  19.350   0.065
  19.450   0.064
  19.550   0.064
  19.650   0.064
  19.750   0.063
  19.850   0.063
  19.950   0.062
  20.050   0.062
  20.150   0.062
  20.250   0.062
  20.350   0.061
  20.450   0.061
  20.550   0.061
  20.650   0.060
  20.750   0.060
  20.850   0.060
  20.950   0.059
  21.050   0.059
  21.150   0.059
  21.250   0.058
  21.350   0.058
  21.450   0.057
  21.550   0.057
  21.650   0.056
  21.750   0.056
  21.850   0.056
  21.950   0.055
  22.050   0.055
  22.150   0.054
  22.250   0.054
  22.350   0.054
  22.450   0.053
  22.550   0.053
  22.650   0.053
  22.750   0.053
  22.850   0.052
  22.950   0.052
  23.050   0.052
  23.150   0.052
  23.250   0.051
  23.350   0.051
  23.450   0.051
  23.550   0.051
  23.650   0.050
  23.750   0.050
  23.850   0.050
  23.950   0.050
  24.050   0.049
  24.150   0.049
  24.250   0.049
  24.350   0.049
  24.450   0.048
  24.550   0.048
  24.650   0.048
  24.750   0.048
  24.850   0.048
  24.950   0.047
  25.050   0.047
  25.150   0.047
  25.250   0.047
  25.350   0.046
  25.450   0.046
  25.550   0.046
  25.650   0.046
  25.750   0.046
  25.850   0.045
  25.950   0.045
  26.050   0.045
  26.150   0.045
  26.250   0.044
  26.350   0.044
  26.450   0.044
  26.550   0.044
  26.650   0.043
  26.750   0.043
  26.850   0.043
  26.950   0.043
  27.050   0.043
  27.150   0.042
  27.250   0.042
  27.350   0.042
  27.450   0.042
  27.550   0.042
  27.650   0.041
  27.750   0.041
  27.850   0.041
  27.950   0.041
  28.050   0.041
  28.150   0.041
  28.250   0.041
  28.350   0.040
  28.450   0.040
  28.550   0.040
  28.650   0.040
  28.750   0.040
  28.850   0.040
  28.950   0.039
  29.050   0.039
  29.150   0.039
  29.250   0.039
  29.350   0.039
  29.450   0.039
  29.550   0.038
  29.650   0.038
  29.750   0.038
  29.850   0.038
  29.950   0.038
