#Distance_(Ang) :1-50@N7_=>_:Na+
       0.050000         0.000000
       0.150000         0.000000
       0.250000         0.000000
       0.350000         0.000000
       0.450000         0.000000
       0.550000         0.000000
       0.650000         0.000000
       0.750000         0.000000
       0.850000         0.000000
       0.950000         0.000000
       1.050000         0.000000
       1.150000         0.000000
       1.250000         0.000000
       1.350000         0.000000
       1.450000         0.000000
       1.550000         0.000000
       1.650000         0.000000
       1.750000         0.000000
       1.850000         0.000000
       1.950000         0.000000
       2.050000         0.000000
       2.150000         0.000342
       2.250000         0.036707
       2.350000         0.305621
       2.450000         0.611829
       2.550000         0.564035
       2.650000         0.363804
       2.750000         0.206654
       2.850000         0.117955
       2.950000         0.071998
       3.050000         0.049130
       3.150000         0.037022
       3.250000         0.030936
       3.350000         0.028653
       3.450000         0.029749
       3.550000         0.033787
       3.650000         0.042168
       3.750000         0.055143
       3.850000         0.073329
       3.950000         0.094907
       4.050000         0.117304
       4.150000         0.139597
       4.250000         0.163140
       4.350000         0.190658
       4.450000         0.221243
       4.550000         0.251961
       4.650000         0.275467
       4.750000         0.285059
       4.850000         0.279669
       4.950000         0.265607
       5.050000         0.249200
       5.150000         0.233806
       5.250000         0.214208
       5.350000         0.186579
       5.450000         0.153672
       5.550000         0.122908
       5.650000         0.101414
       5.750000         0.089954
       5.850000         0.085493
       5.950000         0.084372
       6.050000         0.084825
       6.150000         0.086402
       6.250000         0.087924
       6.350000         0.089343
       6.450000         0.090148
       6.550000         0.091899
       6.650000         0.093652
       6.750000         0.097089
       6.850000         0.102335
       6.950000         0.109809
       7.050000         0.118883
       7.150000         0.127962
       7.250000         0.135310
       7.350000         0.139585
       7.450000         0.140722
       7.550000         0.139400
       7.650000         0.137111
       7.750000         0.134693
       7.850000         0.132726
       7.950000         0.132342
       8.050000         0.131336
       8.150000         0.129863
       8.250000         0.128387
       8.350000         0.127718
       8.450000         0.127538
       8.550000         0.127431
       8.650000         0.127329
       8.750000         0.127624
       8.850000         0.128483
       8.950000         0.129373
       9.050000         0.129938
       9.150000         0.130307
       9.250000         0.129259
       9.350000         0.127596
       9.450000         0.126337
       9.550000         0.125275
       9.650000         0.124323
       9.750000         0.123606
       9.850000         0.122649
       9.950000         0.121530
      10.050000         0.120107
      10.150000         0.118820
      10.250000         0.117940
      10.350000         0.117479
      10.450000         0.117657
      10.550000         0.117517
      10.650000         0.117072
      10.750000         0.115455
      10.850000         0.114085
      10.950000         0.112123
      11.050000         0.110786
      11.150000         0.108966
      11.250000         0.107541
      11.350000         0.106293
      11.450000         0.105319
      11.550000         0.104446
      11.650000         0.103798
      11.750000         0.102738
      11.850000         0.102048
      11.950000         0.101075
      12.050000         0.100185
      12.150000         0.099188
      12.250000         0.098650
      12.350000         0.098372
      12.450000         0.098390
      12.550000         0.098692
      12.650000         0.099119
      12.750000         0.099593
      12.850000         0.099969
      12.950000         0.100076
      13.050000         0.099758
      13.150000         0.099296
      13.250000         0.098657
      13.350000         0.098141
      13.450000         0.097847
      13.550000         0.097653
      13.650000         0.097276
      13.750000         0.096806
      13.850000         0.096075
      13.950000         0.095550
      14.050000         0.094634
      14.150000         0.093785
      14.250000         0.092919
      14.350000         0.092038
      14.450000         0.090982
      14.550000         0.090019
      14.650000         0.088878
      14.750000         0.088025
      14.850000         0.087108
      14.950000         0.086495
      15.050000         0.086040
      15.150000         0.085774
      15.250000         0.085354
      15.350000         0.085112
      15.450000         0.084713
      15.550000         0.084107
      15.650000         0.083504
      15.750000         0.082744
      15.850000         0.081894
      15.950000         0.081053
      16.050000         0.080331
      16.150000         0.079557
      16.250000         0.078872
      16.350000         0.078092
      16.450000         0.077390
      16.550000         0.076631
      16.650000         0.075791
      16.750000         0.074946
      16.850000         0.074210
      16.950000         0.073249
      17.050000         0.072452
      17.150000         0.071601
      17.250000         0.070816
      17.350000         0.070103
      17.450000         0.069315
      17.550000         0.068798
      17.650000         0.068271
      17.750000         0.067838
      17.850000         0.067464
      17.950000         0.067187
      18.050000         0.067042
      18.150000         0.066915
      18.250000         0.066836
      18.350000         0.066730
      18.450000         0.066572
      18.550000         0.066566
      18.650000         0.066397
      18.750000         0.066198
      18.850000         0.065914
      18.950000         0.065539
      19.050000         0.065137
      19.150000         0.064635
      19.250000         0.064149
      19.350000         0.063636
      19.450000         0.063072
      19.550000         0.062540
      19.650000         0.062126
      19.750000         0.061756
      19.850000         0.061385
      19.950000         0.061034
      20.050000         0.060690
      20.150000         0.060326
      20.250000         0.059935
      20.350000         0.059606
      20.450000         0.059231
      20.550000         0.058915
      20.650000         0.058657
      20.750000         0.058515
      20.850000         0.058467
      20.950000         0.058464
      21.050000         0.058531
      21.150000         0.058520
      21.250000         0.058453
      21.350000         0.058416
      21.450000         0.058300
      21.550000         0.058166
      21.650000         0.057884
      21.750000         0.057662
      21.850000         0.057303
      21.950000         0.057014
      22.050000         0.056709
      22.150000         0.056383
      22.250000         0.056044
      22.350000         0.055817
      22.450000         0.055537
      22.550000         0.055266
      22.650000         0.055041
      22.750000         0.054755
      22.850000         0.054459
      22.950000         0.054146
      23.050000         0.053749
      23.150000         0.053376
      23.250000         0.052962
      23.350000         0.052542
      23.450000         0.052102
      23.550000         0.051632
      23.650000         0.051195
      23.750000         0.050755
      23.850000         0.050273
      23.950000         0.049758
      24.050000         0.049243
      24.150000         0.048775
      24.250000         0.048249
      24.350000         0.047788
      24.450000         0.047323
      24.550000         0.046966
      24.650000         0.046620
      24.750000         0.046348
      24.850000         0.046161
      24.950000         0.046017
      25.050000         0.045934
      25.150000         0.045868
      25.250000         0.045844
      25.350000         0.045824
      25.450000         0.045811
      25.550000         0.045703
      25.650000         0.045589
      25.750000         0.045423
      25.850000         0.045246
      25.950000         0.045015
      26.050000         0.044751
      26.150000         0.044498
      26.250000         0.044198
      26.350000         0.043944
      26.450000         0.043677
      26.550000         0.043423
      26.650000         0.043204
      26.750000         0.042977
      26.850000         0.042800
      26.950000         0.042608
      27.050000         0.042417
      27.150000         0.042232
      27.250000         0.041997
      27.350000         0.041754
      27.450000         0.041492
      27.550000         0.041217
      27.650000         0.040972
      27.750000         0.040704
      27.850000         0.040441
      27.950000         0.040209
      28.050000         0.039986
      28.150000         0.039750
      28.250000         0.039512
      28.350000         0.039292
      28.450000         0.039059
      28.550000         0.038848
      28.650000         0.038640
      28.750000         0.038476
      28.850000         0.038279
      28.950000         0.038068
      29.050000         0.037903
      29.150000         0.037742
      29.250000         0.037585
      29.350000         0.037400
      29.450000         0.037232
      29.550000         0.037107
      29.650000         0.036958
      29.750000         0.036783
      29.850000         0.036625
      29.950000         0.036444
