#Distance_(Ang) :G,G3@P_=>_:Na+
       0.050000        0.000000
       0.150000        0.000000
       0.250000        0.000000
       0.350000        0.000000
       0.450000        0.000000
       0.550000        0.000000
       0.650000        0.000000
       0.750000        0.000000
       0.850000        0.000000
       0.950000        0.000000
       1.050000        0.000000
       1.150000        0.000000
       1.250000        0.000000
       1.350000        0.000000
       1.450000        0.000000
       1.550000        0.000000
       1.650000        0.000000
       1.750000        0.000000
       1.850000        0.000000
       1.950000        0.000000
       2.050000        0.000000
       2.150000        0.000000
       2.250000        0.000000
       2.350000        0.000000
       2.450000        0.000000
       2.550000        0.000221
       2.650000        0.007214
       2.750000        0.051267
       2.850000        0.131671
       2.950000        0.203608
       3.050000        0.255419
       3.150000        0.308238
       3.250000        0.413946
       3.350000        0.576993
       3.450000        0.690601
       3.550000        0.659402
       3.650000        0.527454
       3.750000        0.263438
       3.850000        0.081009
       3.950000        0.024182
       4.050000        0.010885
       4.150000        0.008772
       4.250000        0.010643
       4.350000        0.015609
       4.450000        0.023749
       4.550000        0.034812
       4.650000        0.048989
       4.750000        0.066085
       4.850000        0.086694
       4.950000        0.108247
       5.050000        0.129557
       5.150000        0.149537
       5.250000        0.168632
       5.350000        0.187096
       5.450000        0.204540
       5.550000        0.220084
       5.650000        0.231234
       5.750000        0.234710
       5.850000        0.226008
       5.950000        0.206297
       6.050000        0.180368
       6.150000        0.151697
       6.250000        0.125607
       6.350000        0.103064
       6.450000        0.087915
       6.550000        0.080239
       6.650000        0.079391
       6.750000        0.082991
       6.850000        0.088964
       6.950000        0.096210
       7.050000        0.103698
       7.150000        0.111805
       7.250000        0.119465
       7.350000        0.126078
       7.450000        0.131275
       7.550000        0.134139
       7.650000        0.134806
       7.750000        0.134369
       7.850000        0.133636
       7.950000        0.133319
       8.050000        0.134688
       8.150000        0.135550
       8.250000        0.134909
       8.350000        0.131304
       8.450000        0.125995
       8.550000        0.120709
       8.650000        0.115717
       8.750000        0.111844
       8.850000        0.108161
       8.950000        0.104658
       9.050000        0.101578
       9.150000        0.099623
       9.250000        0.098576
       9.350000        0.099322
       9.450000        0.100508
       9.550000        0.102111
       9.650000        0.103258
       9.750000        0.103854
       9.850000        0.103800
       9.950000        0.103402
      10.050000        0.102247
      10.150000        0.101153
      10.250000        0.099288
      10.350000        0.097644
      10.450000        0.095715
      10.550000        0.094932
      10.650000        0.094679
      10.750000        0.095461
      10.850000        0.096355
      10.950000        0.097507
      11.050000        0.098112
      11.150000        0.098825
      11.250000        0.099373
      11.350000        0.100054
      11.450000        0.100374
      11.550000        0.100323
      11.650000        0.099540
      11.750000        0.098189
      11.850000        0.096647
      11.950000        0.095725
      12.050000        0.095557
      12.150000        0.095813
      12.250000        0.096336
      12.350000        0.097350
      12.450000        0.098262
      12.550000        0.099106
      12.650000        0.099501
      12.750000        0.098955
      12.850000        0.097600
      12.950000        0.095683
      13.050000        0.093652
      13.150000        0.091859
      13.250000        0.090971
      13.350000        0.090805
      13.450000        0.091008
      13.550000        0.091878
      13.650000        0.092629
      13.750000        0.093081
      13.850000        0.092877
      13.950000        0.092180
      14.050000        0.090874
      14.150000        0.089531
      14.250000        0.088192
      14.350000        0.087286
      14.450000        0.086363
      14.550000        0.085797
      14.650000        0.085334
      14.750000        0.084727
      14.850000        0.084257
      14.950000        0.083635
      15.050000        0.083047
      15.150000        0.082873
      15.250000        0.082828
      15.350000        0.083037
      15.450000        0.083242
      15.550000        0.083268
      15.650000        0.083330
      15.750000        0.083199
      15.850000        0.082931
      15.950000        0.082197
      16.050000        0.081367
      16.150000        0.080407
      16.250000        0.079622
      16.350000        0.078909
      16.450000        0.078306
      16.550000        0.077841
      16.650000        0.077569
      16.750000        0.077142
      16.850000        0.076839
      16.950000        0.076289
      17.050000        0.075915
      17.150000        0.075402
      17.250000        0.074925
      17.350000        0.074629
      17.450000        0.074290
      17.550000        0.073931
      17.650000        0.073653
      17.750000        0.073428
      17.850000        0.072941
      17.950000        0.072553
      18.050000        0.072011
      18.150000        0.071468
      18.250000        0.070849
      18.350000        0.070031
      18.450000        0.069322
      18.550000        0.068548
      18.650000        0.067816
      18.750000        0.067182
      18.850000        0.066557
      18.950000        0.065922
      19.050000        0.065194
      19.150000        0.064452
      19.250000        0.063813
      19.350000        0.063223
      19.450000        0.062702
      19.550000        0.062131
      19.650000        0.061838
      19.750000        0.061704
      19.850000        0.061690
      19.950000        0.061784
      20.050000        0.061797
      20.150000        0.061773
      20.250000        0.061869
      20.350000        0.061668
      20.450000        0.061476
      20.550000        0.061167
      20.650000        0.060605
      20.750000        0.060007
      20.850000        0.059196
      20.950000        0.058342
      21.050000        0.057531
      21.150000        0.056663
      21.250000        0.055968
      21.350000        0.055367
      21.450000        0.054938
      21.550000        0.054666
      21.650000        0.054392
      21.750000        0.054163
      21.850000        0.054055
      21.950000        0.053873
      22.050000        0.053680
      22.150000        0.053434
      22.250000        0.053151
      22.350000        0.052855
      22.450000        0.052555
      22.550000        0.052197
      22.650000        0.051840
      22.750000        0.051550
      22.850000        0.051258
      22.950000        0.051077
      23.050000        0.050914
      23.150000        0.050744
      23.250000        0.050642
      23.350000        0.050489
      23.450000        0.050333
      23.550000        0.050072
      23.650000        0.049755
      23.750000        0.049492
      23.850000        0.049118
      23.950000        0.048732
      24.050000        0.048347
      24.150000        0.048028
      24.250000        0.047676
      24.350000        0.047451
      24.450000        0.047287
      24.550000        0.047141
      24.650000        0.047139
      24.750000        0.047127
      24.850000        0.047133
      24.950000        0.047158
      25.050000        0.047114
      25.150000        0.047002
      25.250000        0.046830
      25.350000        0.046522
      25.450000        0.046166
      25.550000        0.045729
      25.650000        0.045297
      25.750000        0.044874
      25.850000        0.044453
      25.950000        0.044135
      26.050000        0.043768
      26.150000        0.043460
      26.250000        0.043212
      26.350000        0.043010
      26.450000        0.042858
      26.550000        0.042661
      26.650000        0.042476
      26.750000        0.042373
      26.850000        0.042276
      26.950000        0.042171
      27.050000        0.042063
      27.150000        0.041998
      27.250000        0.041935
      27.350000        0.041778
      27.450000        0.041681
      27.550000        0.041534
      27.650000        0.041370
      27.750000        0.041246
      27.850000        0.041096
      27.950000        0.040975
      28.050000        0.040901
      28.150000        0.040824
      28.250000        0.040786
      28.350000        0.040716
      28.450000        0.040565
      28.550000        0.040518
      28.650000        0.040309
      28.750000        0.040093
      28.850000        0.039870
      28.950000        0.039583
      29.050000        0.039265
      29.150000        0.038960
      29.250000        0.038723
      29.350000        0.038485
      29.450000        0.038273
      29.550000        0.038032
      29.650000        0.037913
      29.750000        0.037776
      29.850000        0.037649
      29.950000        0.037542
