#Distance_(Ang) :1-50@O6_=>_:Na+
       0.050000         0.000000
       0.150000         0.000000
       0.250000         0.000000
       0.350000         0.000000
       0.450000         0.000000
       0.550000         0.000000
       0.650000         0.000000
       0.750000         0.000000
       0.850000         0.000000
       0.950000         0.000000
       1.050000         0.000000
       1.150000         0.000000
       1.250000         0.000000
       1.350000         0.000000
       1.450000         0.000000
       1.550000         0.000000
       1.650000         0.000000
       1.750000         0.000000
       1.850000         0.000000
       1.950000         0.000000
       2.050000         0.001642
       2.150000         0.177897
       2.250000         1.148606
       2.350000         1.606974
       2.450000         1.028353
       2.550000         0.480711
       2.650000         0.218256
       2.750000         0.107808
       2.850000         0.062413
       2.950000         0.042624
       3.050000         0.033988
       3.150000         0.031096
       3.250000         0.032432
       3.350000         0.037525
       3.450000         0.047074
       3.550000         0.061615
       3.650000         0.082593
       3.750000         0.108204
       3.850000         0.134354
       3.950000         0.160793
       4.050000         0.182202
       4.150000         0.198967
       4.250000         0.208785
       4.350000         0.211199
       4.450000         0.206105
       4.550000         0.196474
       4.650000         0.185702
       4.750000         0.172802
       4.850000         0.160140
       4.950000         0.146903
       5.050000         0.134048
       5.150000         0.121429
       5.250000         0.110914
       5.350000         0.102877
       5.450000         0.098185
       5.550000         0.096168
       5.650000         0.097346
       5.750000         0.101174
       5.850000         0.107370
       5.950000         0.112989
       6.050000         0.115849
       6.150000         0.116338
       6.250000         0.114309
       6.350000         0.113661
       6.450000         0.113792
       6.550000         0.113930
       6.650000         0.115316
       6.750000         0.115517
       6.850000         0.116539
       6.950000         0.117700
       7.050000         0.119499
       7.150000         0.120985
       7.250000         0.122114
       7.350000         0.122651
       7.450000         0.122526
       7.550000         0.122033
       7.650000         0.120635
       7.750000         0.119669
       7.850000         0.119203
       7.950000         0.119345
       8.050000         0.120745
       8.150000         0.123030
       8.250000         0.125357
       8.350000         0.126457
       8.450000         0.126749
       8.550000         0.126103
       8.650000         0.124265
       8.750000         0.122159
       8.850000         0.119896
       8.950000         0.117369
       9.050000         0.114708
       9.150000         0.112206
       9.250000         0.110003
       9.350000         0.107897
       9.450000         0.106588
       9.550000         0.106076
       9.650000         0.106205
       9.750000         0.107493
       9.850000         0.110125
       9.950000         0.113448
      10.050000         0.115739
      10.150000         0.117306
      10.250000         0.118578
      10.350000         0.119479
      10.450000         0.120114
      10.550000         0.119928
      10.650000         0.119374
      10.750000         0.118299
      10.850000         0.117352
      10.950000         0.116401
      11.050000         0.115651
      11.150000         0.115438
      11.250000         0.115501
      11.350000         0.115703
      11.450000         0.115642
      11.550000         0.115373
      11.650000         0.114643
      11.750000         0.113465
      11.850000         0.112237
      11.950000         0.110702
      12.050000         0.109443
      12.150000         0.108486
      12.250000         0.107879
      12.350000         0.107240
      12.450000         0.106812
      12.550000         0.106590
      12.650000         0.106384
      12.750000         0.106437
      12.850000         0.106425
      12.950000         0.106517
      13.050000         0.106609
      13.150000         0.106333
      13.250000         0.105862
      13.350000         0.104323
      13.450000         0.102179
      13.550000         0.100346
      13.650000         0.098541
      13.750000         0.097299
      13.850000         0.096118
      13.950000         0.095168
      14.050000         0.094251
      14.150000         0.093791
      14.250000         0.092874
      14.350000         0.092127
      14.450000         0.091155
      14.550000         0.090379
      14.650000         0.089338
      14.750000         0.088389
      14.850000         0.087448
      14.950000         0.086709
      15.050000         0.086024
      15.150000         0.085133
      15.250000         0.084360
      15.350000         0.083209
      15.450000         0.082251
      15.550000         0.081123
      15.650000         0.080082
      15.750000         0.079091
      15.850000         0.078278
      15.950000         0.077609
      16.050000         0.076867
      16.150000         0.076203
      16.250000         0.075737
      16.350000         0.075263
      16.450000         0.074673
      16.550000         0.074126
      16.650000         0.073598
      16.750000         0.072955
      16.850000         0.072427
      16.950000         0.071850
      17.050000         0.071339
      17.150000         0.070860
      17.250000         0.070509
      17.350000         0.070069
      17.450000         0.069644
      17.550000         0.069180
      17.650000         0.068916
      17.750000         0.068513
      17.850000         0.068051
      17.950000         0.067584
      18.050000         0.067147
      18.150000         0.066661
      18.250000         0.066245
      18.350000         0.065836
      18.450000         0.065458
      18.550000         0.065180
      18.650000         0.064931
      18.750000         0.064640
      18.850000         0.064401
      18.950000         0.064317
      19.050000         0.064087
      19.150000         0.064024
      19.250000         0.063813
      19.350000         0.063665
      19.450000         0.063406
      19.550000         0.063129
      19.650000         0.062689
      19.750000         0.062375
      19.850000         0.061960
      19.950000         0.061516
      20.050000         0.061115
      20.150000         0.060785
      20.250000         0.060655
      20.350000         0.060593
      20.450000         0.060637
      20.550000         0.060688
      20.650000         0.060807
      20.750000         0.060952
      20.850000         0.061070
      20.950000         0.061140
      21.050000         0.061048
      21.150000         0.060943
      21.250000         0.060725
      21.350000         0.060520
      21.450000         0.060122
      21.550000         0.059749
      21.650000         0.059347
      21.750000         0.058936
      21.850000         0.058407
      21.950000         0.057959
      22.050000         0.057497
      22.150000         0.057082
      22.250000         0.056703
      22.350000         0.056474
      22.450000         0.056235
      22.550000         0.056006
      22.650000         0.055815
      22.750000         0.055724
      22.850000         0.055505
      22.950000         0.055302
      23.050000         0.054960
      23.150000         0.054556
      23.250000         0.054080
      23.350000         0.053683
      23.450000         0.053146
      23.550000         0.052636
      23.650000         0.052119
      23.750000         0.051724
      23.850000         0.051339
      23.950000         0.051047
      24.050000         0.050804
      24.150000         0.050594
      24.250000         0.050368
      24.350000         0.050178
      24.450000         0.049840
      24.550000         0.049544
      24.650000         0.049169
      24.750000         0.048883
      24.850000         0.048451
      24.950000         0.048043
      25.050000         0.047670
      25.150000         0.047237
      25.250000         0.046855
      25.350000         0.046409
      25.450000         0.046010
      25.550000         0.045590
      25.650000         0.045241
      25.750000         0.044850
      25.850000         0.044480
      25.950000         0.044066
      26.050000         0.043728
      26.150000         0.043379
      26.250000         0.043082
      26.350000         0.042690
      26.450000         0.042398
      26.550000         0.042129
      26.650000         0.041889
      26.750000         0.041648
      26.850000         0.041436
      26.950000         0.041243
      27.050000         0.041107
      27.150000         0.040980
      27.250000         0.040829
      27.350000         0.040775
      27.450000         0.040679
      27.550000         0.040597
      27.650000         0.040550
      27.750000         0.040482
      27.850000         0.040360
      27.950000         0.040257
      28.050000         0.040046
      28.150000         0.039915
      28.250000         0.039664
      28.350000         0.039386
      28.450000         0.039173
      28.550000         0.038916
      28.650000         0.038619
      28.750000         0.038357
      28.850000         0.038146
      28.950000         0.037892
      29.050000         0.037673
      29.150000         0.037457
      29.250000         0.037253
      29.350000         0.037036
      29.450000         0.036870
      29.550000         0.036656
      29.650000         0.036458
      29.750000         0.036247
      29.850000         0.036076
      29.950000         0.035836
