#Distance_(Ang) :1-50@N3_=>_:Na+
       0.050000         0.000000
       0.150000         0.000000
       0.250000         0.000000
       0.350000         0.000000
       0.450000         0.000000
       0.550000         0.000000
       0.650000         0.000000
       0.750000         0.000000
       0.850000         0.000000
       0.950000         0.000000
       1.050000         0.000000
       1.150000         0.000000
       1.250000         0.000000
       1.350000         0.000000
       1.450000         0.000000
       1.550000         0.000000
       1.650000         0.000000
       1.750000         0.000000
       1.850000         0.000000
       1.950000         0.000000
       2.050000         0.000000
       2.150000         0.000058
       2.250000         0.007210
       2.350000         0.067905
       2.450000         0.136037
       2.550000         0.111812
       2.650000         0.059201
       2.750000         0.026697
       2.850000         0.012237
       2.950000         0.006339
       3.050000         0.003746
       3.150000         0.002836
       3.250000         0.002652
       3.350000         0.003037
       3.450000         0.004046
       3.550000         0.005861
       3.650000         0.008981
       3.750000         0.012807
       3.850000         0.016660
       3.950000         0.020000
       4.050000         0.023490
       4.150000         0.028936
       4.250000         0.036837
       4.350000         0.046055
       4.450000         0.055244
       4.550000         0.064559
       4.650000         0.075584
       4.750000         0.086127
       4.850000         0.095037
       4.950000         0.100654
       5.050000         0.104396
       5.150000         0.108648
       5.250000         0.113916
       5.350000         0.122811
       5.450000         0.131027
       5.550000         0.138476
       5.650000         0.150001
       5.750000         0.168375
       5.850000         0.194416
       5.950000         0.218047
       6.050000         0.225079
       6.150000         0.216337
       6.250000         0.198704
       6.350000         0.171111
       6.450000         0.136516
       6.550000         0.112823
       6.650000         0.104508
       6.750000         0.104570
       6.850000         0.107728
       6.950000         0.111920
       7.050000         0.116913
       7.150000         0.123356
       7.250000         0.131130
       7.350000         0.139128
       7.450000         0.145866
       7.550000         0.150277
       7.650000         0.152266
       7.750000         0.152147
       7.850000         0.151278
       7.950000         0.150149
       8.050000         0.148752
       8.150000         0.147370
       8.250000         0.145953
       8.350000         0.143494
       8.450000         0.141289
       8.550000         0.138303
       8.650000         0.135619
       8.750000         0.133103
       8.850000         0.131328
       8.950000         0.130448
       9.050000         0.130256
       9.150000         0.131325
       9.250000         0.132328
       9.350000         0.133342
       9.450000         0.133789
       9.550000         0.134048
       9.650000         0.133790
       9.750000         0.133176
       9.850000         0.132586
       9.950000         0.132533
      10.050000         0.132610
      10.150000         0.132518
      10.250000         0.132784
      10.350000         0.132860
      10.450000         0.132711
      10.550000         0.131615
      10.650000         0.129752
      10.750000         0.127859
      10.850000         0.126375
      10.950000         0.125195
      11.050000         0.124414
      11.150000         0.123831
      11.250000         0.122758
      11.350000         0.121391
      11.450000         0.119133
      11.550000         0.117005
      11.650000         0.114568
      11.750000         0.112468
      11.850000         0.110401
      11.950000         0.108848
      12.050000         0.107384
      12.150000         0.105830
      12.250000         0.104723
      12.350000         0.103450
      12.450000         0.102515
      12.550000         0.101787
      12.650000         0.101385
      12.750000         0.100997
      12.850000         0.100751
      12.950000         0.100371
      13.050000         0.100178
      13.150000         0.099271
      13.250000         0.098117
      13.350000         0.096781
      13.450000         0.095473
      13.550000         0.094518
      13.650000         0.093716
      13.750000         0.093099
      13.850000         0.092563
      13.950000         0.091950
      14.050000         0.091390
      14.150000         0.090750
      14.250000         0.090167
      14.350000         0.089889
      14.450000         0.089606
      14.550000         0.089275
      14.650000         0.088737
      14.750000         0.088070
      14.850000         0.087434
      14.950000         0.086839
      15.050000         0.086295
      15.150000         0.086113
      15.250000         0.085719
      15.350000         0.085345
      15.450000         0.084524
      15.550000         0.083487
      15.650000         0.082066
      15.750000         0.080479
      15.850000         0.078828
      15.950000         0.077115
      16.050000         0.075459
      16.150000         0.074072
      16.250000         0.072859
      16.350000         0.071925
      16.450000         0.071401
      16.550000         0.071195
      16.650000         0.071175
      16.750000         0.071113
      16.850000         0.071185
      16.950000         0.071256
      17.050000         0.071105
      17.150000         0.071094
      17.250000         0.071134
      17.350000         0.071232
      17.450000         0.071465
      17.550000         0.071647
      17.650000         0.071789
      17.750000         0.071752
      17.850000         0.071631
      17.950000         0.071381
      18.050000         0.071255
      18.150000         0.070941
      18.250000         0.070595
      18.350000         0.070089
      18.450000         0.069766
      18.550000         0.069307
      18.650000         0.068792
      18.750000         0.068316
      18.850000         0.067727
      18.950000         0.067206
      19.050000         0.066555
      19.150000         0.065946
      19.250000         0.065327
      19.350000         0.064697
      19.450000         0.064163
      19.550000         0.063640
      19.650000         0.063089
      19.750000         0.062717
      19.850000         0.062297
      19.950000         0.061981
      20.050000         0.061662
      20.150000         0.061431
      20.250000         0.061226
      20.350000         0.061068
      20.450000         0.060793
      20.550000         0.060579
      20.650000         0.060394
      20.750000         0.060058
      20.850000         0.059714
      20.950000         0.059275
      21.050000         0.059001
      21.150000         0.058644
      21.250000         0.058348
      21.350000         0.058024
      21.450000         0.057836
      21.550000         0.057630
      21.650000         0.057509
      21.750000         0.057417
      21.850000         0.057333
      21.950000         0.057148
      22.050000         0.056964
      22.150000         0.056671
      22.250000         0.056350
      22.350000         0.056076
      22.450000         0.055637
      22.550000         0.055268
      22.650000         0.054907
      22.750000         0.054588
      22.850000         0.054155
      22.950000         0.053750
      23.050000         0.053382
      23.150000         0.052881
      23.250000         0.052467
      23.350000         0.052009
      23.450000         0.051575
      23.550000         0.051217
      23.650000         0.050796
      23.750000         0.050486
      23.850000         0.050200
      23.950000         0.049903
      24.050000         0.049652
      24.150000         0.049431
      24.250000         0.049202
      24.350000         0.049016
      24.450000         0.048802
      24.550000         0.048613
      24.650000         0.048481
      24.750000         0.048287
      24.850000         0.048084
      24.950000         0.047906
      25.050000         0.047710
      25.150000         0.047527
      25.250000         0.047225
      25.350000         0.046950
      25.450000         0.046619
      25.550000         0.046353
      25.650000         0.046114
      25.750000         0.045793
      25.850000         0.045522
      25.950000         0.045337
      26.050000         0.045040
      26.150000         0.044723
      26.250000         0.044486
      26.350000         0.044260
      26.450000         0.043973
      26.550000         0.043694
      26.650000         0.043418
      26.750000         0.043150
      26.850000         0.042830
      26.950000         0.042581
      27.050000         0.042335
      27.150000         0.042028
      27.250000         0.041807
      27.350000         0.041592
      27.450000         0.041341
      27.550000         0.041079
      27.650000         0.040887
      27.750000         0.040739
      27.850000         0.040529
      27.950000         0.040316
      28.050000         0.040197
      28.150000         0.039974
      28.250000         0.039798
      28.350000         0.039584
      28.450000         0.039377
      28.550000         0.039151
      28.650000         0.038908
      28.750000         0.038686
      28.850000         0.038449
      28.950000         0.038275
      29.050000         0.038028
      29.150000         0.037780
      29.250000         0.037579
      29.350000         0.037339
      29.450000         0.037092
      29.550000         0.036836
      29.650000         0.036591
      29.750000         0.036329
      29.850000         0.036168
      29.950000         0.035908
