   0.050   0.000
   0.150   0.000
   0.250   0.000
   0.350   0.000
   0.450   0.000
   0.550   0.000
   0.650   0.000
   0.750   0.000
   0.850   0.000
   0.950   0.000
   1.050   0.000
   1.150   0.000
   1.250   0.000
   1.350   0.000
   1.450   0.000
   1.550   0.000
   1.650   0.000
   1.750   0.000
   1.850   0.005
   1.950   0.332
   2.050   0.813
   2.150   0.294
   2.250   0.038
   2.350   0.003
   2.450   0.000
   2.550   0.000
   2.650   0.000
   2.750   0.000
   2.850   0.000
   2.950   0.000
   3.050   0.000
   3.150   0.000
   3.250   0.001
   3.350   0.005
   3.450   0.016
   3.550   0.040
   3.650   0.080
   3.750   0.136
   3.850   0.199
   3.950   0.254
   4.050   0.284
   4.150   0.291
   4.250   0.284
   4.350   0.271
   4.450   0.250
   4.550   0.223
   4.650   0.193
   4.750   0.166
   4.850   0.140
   4.950   0.118
   5.050   0.099
   5.150   0.086
   5.250   0.078
   5.350   0.073
   5.450   0.070
   5.550   0.070
   5.650   0.071
   5.750   0.074
   5.850   0.082
   5.950   0.096
   6.050   0.120
   6.150   0.153
   6.250   0.181
   6.350   0.188
   6.450   0.173
   6.550   0.155
   6.650   0.148
   6.750   0.147
   6.850   0.148
   6.950   0.147
   7.050   0.146
   7.150   0.143
   7.250   0.140
   7.350   0.137
   7.450   0.136
   7.550   0.135
   7.650   0.135
   7.750   0.135
   7.850   0.134
   7.950   0.133
   8.050   0.135
   8.150   0.139
   8.250   0.145
   8.350   0.151
   8.450   0.157
   8.550   0.160
   8.650   0.162
   8.750   0.162
   8.850   0.163
   8.950   0.163
   9.050   0.164
   9.150   0.167
   9.250   0.172
   9.350   0.178
   9.450   0.185
   9.550   0.190
   9.650   0.193
   9.750   0.198
   9.850   0.205
   9.950   0.211
  10.050   0.214
  10.150   0.217
  10.250   0.218
  10.350   0.218
  10.450   0.215
  10.550   0.210
  10.650   0.203
  10.750   0.198
  10.850   0.193
  10.950   0.190
  11.050   0.188
  11.150   0.187
  11.250   0.186
  11.350   0.185
  11.450   0.184
  11.550   0.183
  11.650   0.182
  11.750   0.182
  11.850   0.181
  11.950   0.180
  12.050   0.178
  12.150   0.176
  12.250   0.175
  12.350   0.172
  12.450   0.170
  12.550   0.167
  12.650   0.164
  12.750   0.160
  12.850   0.157
  12.950   0.154
  13.050   0.151
  13.150   0.148
  13.250   0.145
  13.350   0.142
  13.450   0.140
  13.550   0.138
  13.650   0.136
  13.750   0.135
  13.850   0.134
  13.950   0.133
  14.050   0.133
  14.150   0.132
  14.250   0.131
  14.350   0.129
  14.450   0.128
  14.550   0.126
  14.650   0.125
  14.750   0.123
  14.850   0.121
  14.950   0.120
  15.050   0.119
  15.150   0.118
  15.250   0.117
  15.350   0.116
  15.450   0.116
  15.550   0.115
  15.650   0.115
  15.750   0.114
  15.850   0.114
  15.950   0.113
  16.050   0.113
  16.150   0.112
  16.250   0.112
  16.350   0.111
  16.450   0.109
  16.550   0.108
  16.650   0.107
  16.750   0.105
  16.850   0.103
  16.950   0.102
  17.050   0.101
  17.150   0.099
  17.250   0.098
  17.350   0.097
  17.450   0.096
  17.550   0.094
  17.650   0.093
  17.750   0.093
  17.850   0.092
  17.950   0.091
  18.050   0.090
  18.150   0.090
  18.250   0.090
  18.350   0.089
  18.450   0.089
  18.550   0.088
  18.650   0.088
  18.750   0.087
  18.850   0.087
  18.950   0.086
  19.050   0.086
  19.150   0.085
  19.250   0.085
  19.350   0.084
  19.450   0.084
  19.550   0.084
  19.650   0.083
  19.750   0.083
  19.850   0.083
  19.950   0.082
  20.050   0.082
  20.150   0.082
  20.250   0.081
  20.350   0.081
  20.450   0.081
  20.550   0.080
  20.650   0.080
  20.750   0.080
  20.850   0.079
  20.950   0.079
  21.050   0.079
  21.150   0.078
  21.250   0.078
  21.350   0.078
  21.450   0.078
  21.550   0.077
  21.650   0.077
  21.750   0.076
  21.850   0.076
  21.950   0.075
  22.050   0.074
  22.150   0.074
  22.250   0.073
  22.350   0.072
  22.450   0.072
  22.550   0.071
  22.650   0.070
  22.750   0.070
  22.850   0.069
  22.950   0.068
  23.050   0.067
  23.150   0.067
  23.250   0.066
  23.350   0.065
  23.450   0.065
  23.550   0.064
  23.650   0.063
  23.750   0.062
  23.850   0.061
  23.950   0.061
  24.050   0.060
  24.150   0.060
  24.250   0.059
  24.350   0.058
  24.450   0.058
  24.550   0.058
  24.650   0.057
  24.750   0.057
  24.850   0.056
  24.950   0.056
  25.050   0.056
  25.150   0.055
  25.250   0.055
  25.350   0.055
  25.450   0.054
  25.550   0.054
  25.650   0.054
  25.750   0.053
  25.850   0.053
  25.950   0.052
  26.050   0.052
  26.150   0.052
  26.250   0.051
  26.350   0.051
  26.450   0.050
  26.550   0.050
  26.650   0.050
  26.750   0.049
  26.850   0.049
  26.950   0.049
  27.050   0.048
  27.150   0.048
  27.250   0.048
  27.350   0.048
  27.450   0.047
  27.550   0.047
  27.650   0.047
  27.750   0.046
  27.850   0.046
  27.950   0.046
  28.050   0.045
  28.150   0.045
  28.250   0.045
  28.350   0.044
  28.450   0.044
  28.550   0.044
  28.650   0.044
  28.750   0.043
  28.850   0.043
  28.950   0.043
  29.050   0.043
  29.150   0.042
  29.250   0.042
  29.350   0.042
  29.450   0.042
  29.550   0.042
  29.650   0.041
  29.750   0.041
  29.850   0.041
  29.950   0.040
