   0.050   0.000
   0.150   0.000
   0.250   0.000
   0.350   0.000
   0.450   0.000
   0.550   0.000
   0.650   0.000
   0.750   0.000
   0.850   0.000
   0.950   0.000
   1.050   0.000
   1.150   0.000
   1.250   0.000
   1.350   0.000
   1.450   0.000
   1.550   0.000
   1.650   0.000
   1.750   0.000
   1.850   0.000
   1.950   0.000
   2.050   0.000
   2.150   0.000
   2.250   0.000
   2.350   0.000
   2.450   0.000
   2.550   0.000
   2.650   0.000
   2.750   0.000
   2.850   0.000
   2.950   0.000
   3.050   0.000
   3.150   0.000
   3.250   0.000
   3.350   0.000
   3.450   0.000
   3.550   0.001
   3.650   0.006
   3.750   0.025
   3.850   0.084
   3.950   0.201
   4.050   0.320
   4.150   0.303
   4.250   0.157
   4.350   0.048
   4.450   0.021
   4.550   0.025
   4.650   0.035
   4.750   0.050
   4.850   0.067
   4.950   0.088
   5.050   0.111
   5.150   0.134
   5.250   0.159
   5.350   0.181
   5.450   0.197
   5.550   0.209
   5.650   0.216
   5.750   0.218
   5.850   0.217
   5.950   0.215
   6.050   0.214
   6.150   0.214
   6.250   0.212
   6.350   0.207
   6.450   0.196
   6.550   0.179
   6.650   0.160
   6.750   0.142
   6.850   0.129
   6.950   0.122
   7.050   0.120
   7.150   0.122
   7.250   0.128
   7.350   0.134
   7.450   0.141
   7.550   0.148
   7.650   0.153
   7.750   0.158
   7.850   0.162
   7.950   0.166
   8.050   0.170
   8.150   0.174
   8.250   0.176
   8.350   0.175
   8.450   0.173
   8.550   0.169
   8.650   0.167
   8.750   0.164
   8.850   0.163
   8.950   0.163
   9.050   0.164
   9.150   0.165
   9.250   0.167
   9.350   0.170
   9.450   0.173
   9.550   0.176
   9.650   0.179
   9.750   0.181
   9.850   0.185
   9.950   0.189
  10.050   0.194
  10.150   0.198
  10.250   0.201
  10.350   0.201
  10.450   0.199
  10.550   0.197
  10.650   0.194
  10.750   0.192
  10.850   0.191
  10.950   0.189
  11.050   0.186
  11.150   0.181
  11.250   0.177
  11.350   0.174
  11.450   0.172
  11.550   0.171
  11.650   0.170
  11.750   0.168
  11.850   0.167
  11.950   0.165
  12.050   0.163
  12.150   0.161
  12.250   0.159
  12.350   0.158
  12.450   0.158
  12.550   0.157
  12.650   0.157
  12.750   0.157
  12.850   0.158
  12.950   0.158
  13.050   0.158
  13.150   0.157
  13.250   0.156
  13.350   0.155
  13.450   0.153
  13.550   0.151
  13.650   0.150
  13.750   0.147
  13.850   0.145
  13.950   0.142
  14.050   0.140
  14.150   0.137
  14.250   0.134
  14.350   0.132
  14.450   0.130
  14.550   0.129
  14.650   0.127
  14.750   0.126
  14.850   0.125
  14.950   0.124
  15.050   0.123
  15.150   0.122
  15.250   0.121
  15.350   0.119
  15.450   0.118
  15.550   0.117
  15.650   0.116
  15.750   0.115
  15.850   0.114
  15.950   0.113
  16.050   0.112
  16.150   0.111
  16.250   0.110
  16.350   0.109
  16.450   0.108
  16.550   0.106
  16.650   0.105
  16.750   0.103
  16.850   0.102
  16.950   0.100
  17.050   0.099
  17.150   0.098
  17.250   0.097
  17.350   0.096
  17.450   0.095
  17.550   0.095
  17.650   0.094
  17.750   0.093
  17.850   0.092
  17.950   0.092
  18.050   0.091
  18.150   0.091
  18.250   0.090
  18.350   0.089
  18.450   0.089
  18.550   0.089
  18.650   0.088
  18.750   0.088
  18.850   0.087
  18.950   0.087
  19.050   0.087
  19.150   0.087
  19.250   0.086
  19.350   0.086
  19.450   0.085
  19.550   0.085
  19.650   0.084
  19.750   0.084
  19.850   0.083
  19.950   0.082
  20.050   0.082
  20.150   0.081
  20.250   0.081
  20.350   0.080
  20.450   0.080
  20.550   0.080
  20.650   0.080
  20.750   0.079
  20.850   0.079
  20.950   0.079
  21.050   0.078
  21.150   0.078
  21.250   0.077
  21.350   0.077
  21.450   0.076
  21.550   0.076
  21.650   0.075
  21.750   0.074
  21.850   0.074
  21.950   0.073
  22.050   0.073
  22.150   0.072
  22.250   0.072
  22.350   0.071
  22.450   0.071
  22.550   0.070
  22.650   0.069
  22.750   0.069
  22.850   0.068
  22.950   0.068
  23.050   0.067
  23.150   0.067
  23.250   0.066
  23.350   0.066
  23.450   0.065
  23.550   0.064
  23.650   0.064
  23.750   0.063
  23.850   0.063
  23.950   0.062
  24.050   0.061
  24.150   0.061
  24.250   0.060
  24.350   0.060
  24.450   0.059
  24.550   0.059
  24.650   0.058
  24.750   0.057
  24.850   0.057
  24.950   0.056
  25.050   0.056
  25.150   0.055
  25.250   0.055
  25.350   0.054
  25.450   0.054
  25.550   0.053
  25.650   0.053
  25.750   0.052
  25.850   0.052
  25.950   0.052
  26.050   0.051
  26.150   0.051
  26.250   0.051
  26.350   0.050
  26.450   0.050
  26.550   0.049
  26.650   0.049
  26.750   0.049
  26.850   0.048
  26.950   0.048
  27.050   0.048
  27.150   0.047
  27.250   0.047
  27.350   0.047
  27.450   0.047
  27.550   0.047
  27.650   0.046
  27.750   0.046
  27.850   0.046
  27.950   0.046
  28.050   0.045
  28.150   0.045
  28.250   0.045
  28.350   0.045
  28.450   0.044
  28.550   0.044
  28.650   0.044
  28.750   0.044
  28.850   0.043
  28.950   0.043
  29.050   0.043
  29.150   0.043
  29.250   0.043
  29.350   0.042
  29.450   0.042
  29.550   0.042
  29.650   0.041
  29.750   0.041
  29.850   0.041
  29.950   0.041
