   0.050   0.000
   0.150   0.000
   0.250   0.000
   0.350   0.000
   0.450   0.000
   0.550   0.000
   0.650   0.000
   0.750   0.000
   0.850   0.000
   0.950   0.000
   1.050   0.000
   1.150   0.000
   1.250   0.000
   1.350   0.000
   1.450   0.000
   1.550   0.000
   1.650   0.000
   1.750   0.000
   1.850   0.000
   1.950   0.000
   2.050   0.000
   2.150   0.000
   2.250   0.000
   2.350   0.000
   2.450   0.000
   2.550   0.000
   2.650   0.000
   2.750   0.000
   2.850   0.000
   2.950   0.000
   3.050   0.010
   3.150   0.135
   3.250   0.827
   3.350   1.917
   3.450   0.804
   3.550   0.043
   3.650   0.001
   3.750   0.000
   3.850   0.000
   3.950   0.000
   4.050   0.003
   4.150   0.019
   4.250   0.078
   4.350   0.219
   4.450   0.438
   4.550   0.632
   4.650   0.675
   4.750   0.583
   4.850   0.481
   4.950   0.440
   5.050   0.447
   5.150   0.461
   5.250   0.454
   5.350   0.423
   5.450   0.371
   5.550   0.305
   5.650   0.235
   5.750   0.169
   5.850   0.117
   5.950   0.083
   6.050   0.067
   6.150   0.063
   6.250   0.066
   6.350   0.073
   6.450   0.081
   6.550   0.091
   6.650   0.102
   6.750   0.113
   6.850   0.125
   6.950   0.136
   7.050   0.148
   7.150   0.158
   7.250   0.167
   7.350   0.172
   7.450   0.174
   7.550   0.174
   7.650   0.171
   7.750   0.166
   7.850   0.162
   7.950   0.157
   8.050   0.151
   8.150   0.144
   8.250   0.138
   8.350   0.132
   8.450   0.130
   8.550   0.131
   8.650   0.134
   8.750   0.137
   8.850   0.140
   8.950   0.143
   9.050   0.146
   9.150   0.149
   9.250   0.153
   9.350   0.156
   9.450   0.160
   9.550   0.164
   9.650   0.168
   9.750   0.173
   9.850   0.176
   9.950   0.178
  10.050   0.177
  10.150   0.175
  10.250   0.173
  10.350   0.170
  10.450   0.168
  10.550   0.166
  10.650   0.164
  10.750   0.161
  10.850   0.159
  10.950   0.156
  11.050   0.152
  11.150   0.149
  11.250   0.145
  11.350   0.141
  11.450   0.138
  11.550   0.135
  11.650   0.134
  11.750   0.134
  11.850   0.134
  11.950   0.134
  12.050   0.133
  12.150   0.130
  12.250   0.127
  12.350   0.126
  12.450   0.124
  12.550   0.123
  12.650   0.121
  12.750   0.119
  12.850   0.117
  12.950   0.116
  13.050   0.115
  13.150   0.115
  13.250   0.116
  13.350   0.116
  13.450   0.117
  13.550   0.116
  13.650   0.116
  13.750   0.115
  13.850   0.115
  13.950   0.114
  14.050   0.114
  14.150   0.114
  14.250   0.114
  14.350   0.114
  14.450   0.114
  14.550   0.114
  14.650   0.114
  14.750   0.114
  14.850   0.115
  14.950   0.115
  15.050   0.115
  15.150   0.115
  15.250   0.115
  15.350   0.115
  15.450   0.114
  15.550   0.113
  15.650   0.112
  15.750   0.112
  15.850   0.111
  15.950   0.110
  16.050   0.110
  16.150   0.110
  16.250   0.110
  16.350   0.110
  16.450   0.110
  16.550   0.110
  16.650   0.109
  16.750   0.108
  16.850   0.108
  16.950   0.107
  17.050   0.106
  17.150   0.105
  17.250   0.104
  17.350   0.102
  17.450   0.100
  17.550   0.098
  17.650   0.096
  17.750   0.095
  17.850   0.094
  17.950   0.093
  18.050   0.093
  18.150   0.092
  18.250   0.092
  18.350   0.092
  18.450   0.092
  18.550   0.092
  18.650   0.092
  18.750   0.091
  18.850   0.091
  18.950   0.091
  19.050   0.090
  19.150   0.090
  19.250   0.090
  19.350   0.089
  19.450   0.089
  19.550   0.088
  19.650   0.088
  19.750   0.088
  19.850   0.087
  19.950   0.087
  20.050   0.086
  20.150   0.085
  20.250   0.085
  20.350   0.084
  20.450   0.084
  20.550   0.083
  20.650   0.082
  20.750   0.082
  20.850   0.081
  20.950   0.080
  21.050   0.080
  21.150   0.079
  21.250   0.078
  21.350   0.077
  21.450   0.077
  21.550   0.076
  21.650   0.075
  21.750   0.074
  21.850   0.073
  21.950   0.073
  22.050   0.072
  22.150   0.072
  22.250   0.072
  22.350   0.071
  22.450   0.071
  22.550   0.071
  22.650   0.070
  22.750   0.070
  22.850   0.070
  22.950   0.069
  23.050   0.069
  23.150   0.068
  23.250   0.068
  23.350   0.067
  23.450   0.067
  23.550   0.066
  23.650   0.065
  23.750   0.065
  23.850   0.064
  23.950   0.063
  24.050   0.062
  24.150   0.062
  24.250   0.061
  24.350   0.061
  24.450   0.060
  24.550   0.060
  24.650   0.059
  24.750   0.059
  24.850   0.058
  24.950   0.058
  25.050   0.058
  25.150   0.058
  25.250   0.057
  25.350   0.057
  25.450   0.057
  25.550   0.057
  25.650   0.057
  25.750   0.057
  25.850   0.057
  25.950   0.056
  26.050   0.056
  26.150   0.056
  26.250   0.056
  26.350   0.055
  26.450   0.055
  26.550   0.054
  26.650   0.054
  26.750   0.053
  26.850   0.053
  26.950   0.052
  27.050   0.052
  27.150   0.051
  27.250   0.051
  27.350   0.050
  27.450   0.050
  27.550   0.049
  27.650   0.049
  27.750   0.048
  27.850   0.048
  27.950   0.047
  28.050   0.047
  28.150   0.047
  28.250   0.046
  28.350   0.046
  28.450   0.045
  28.550   0.045
  28.650   0.045
  28.750   0.045
  28.850   0.044
  28.950   0.044
  29.050   0.044
  29.150   0.044
  29.250   0.043
  29.350   0.043
  29.450   0.043
  29.550   0.043
  29.650   0.042
  29.750   0.042
  29.850   0.042
  29.950   0.041
