   0.050   0.000
   0.150   0.000
   0.250   0.000
   0.350   0.000
   0.450   0.000
   0.550   0.000
   0.650   0.000
   0.750   0.000
   0.850   0.000
   0.950   0.000
   1.050   0.000
   1.150   0.000
   1.250   0.000
   1.350   0.000
   1.450   0.000
   1.550   0.000
   1.650   0.000
   1.750   0.000
   1.850   0.016
   1.950   0.829
   2.050   1.587
   2.150   0.498
   2.250   0.064
   2.350   0.006
   2.450   0.001
   2.550   0.000
   2.650   0.000
   2.750   0.000
   2.850   0.000
   2.950   0.000
   3.050   0.000
   3.150   0.000
   3.250   0.001
   3.350   0.002
   3.450   0.008
   3.550   0.024
   3.650   0.057
   3.750   0.110
   3.850   0.178
   3.950   0.239
   4.050   0.280
   4.150   0.295
   4.250   0.291
   4.350   0.270
   4.450   0.237
   4.550   0.199
   4.650   0.160
   4.750   0.127
   4.850   0.103
   4.950   0.087
   5.050   0.077
   5.150   0.072
   5.250   0.070
   5.350   0.071
   5.450   0.073
   5.550   0.077
   5.650   0.083
   5.750   0.092
   5.850   0.105
   5.950   0.122
   6.050   0.144
   6.150   0.162
   6.250   0.170
   6.350   0.166
   6.450   0.161
   6.550   0.162
   6.650   0.167
   6.750   0.172
   6.850   0.175
   6.950   0.177
   7.050   0.176
   7.150   0.172
   7.250   0.168
   7.350   0.162
   7.450   0.159
   7.550   0.155
   7.650   0.153
   7.750   0.152
   7.850   0.150
   7.950   0.150
   8.050   0.150
   8.150   0.151
   8.250   0.152
   8.350   0.154
   8.450   0.156
   8.550   0.155
   8.650   0.154
   8.750   0.152
   8.850   0.149
   8.950   0.148
   9.050   0.149
   9.150   0.150
   9.250   0.152
   9.350   0.154
   9.450   0.156
   9.550   0.158
   9.650   0.160
   9.750   0.162
   9.850   0.164
   9.950   0.165
  10.050   0.166
  10.150   0.167
  10.250   0.166
  10.350   0.167
  10.450   0.167
  10.550   0.168
  10.650   0.169
  10.750   0.170
  10.850   0.171
  10.950   0.171
  11.050   0.170
  11.150   0.169
  11.250   0.168
  11.350   0.167
  11.450   0.167
  11.550   0.167
  11.650   0.169
  11.750   0.171
  11.850   0.174
  11.950   0.176
  12.050   0.177
  12.150   0.176
  12.250   0.173
  12.350   0.169
  12.450   0.166
  12.550   0.162
  12.650   0.159
  12.750   0.157
  12.850   0.155
  12.950   0.154
  13.050   0.153
  13.150   0.151
  13.250   0.150
  13.350   0.149
  13.450   0.147
  13.550   0.145
  13.650   0.143
  13.750   0.142
  13.850   0.140
  13.950   0.139
  14.050   0.138
  14.150   0.137
  14.250   0.136
  14.350   0.135
  14.450   0.134
  14.550   0.133
  14.650   0.131
  14.750   0.130
  14.850   0.128
  14.950   0.126
  15.050   0.124
  15.150   0.123
  15.250   0.122
  15.350   0.121
  15.450   0.120
  15.550   0.120
  15.650   0.119
  15.750   0.118
  15.850   0.117
  15.950   0.116
  16.050   0.115
  16.150   0.114
  16.250   0.112
  16.350   0.111
  16.450   0.109
  16.550   0.108
  16.650   0.106
  16.750   0.105
  16.850   0.103
  16.950   0.102
  17.050   0.101
  17.150   0.099
  17.250   0.098
  17.350   0.097
  17.450   0.097
  17.550   0.096
  17.650   0.095
  17.750   0.094
  17.850   0.094
  17.950   0.093
  18.050   0.093
  18.150   0.092
  18.250   0.092
  18.350   0.091
  18.450   0.091
  18.550   0.090
  18.650   0.090
  18.750   0.089
  18.850   0.088
  18.950   0.088
  19.050   0.087
  19.150   0.087
  19.250   0.086
  19.350   0.086
  19.450   0.085
  19.550   0.085
  19.650   0.084
  19.750   0.084
  19.850   0.083
  19.950   0.083
  20.050   0.082
  20.150   0.081
  20.250   0.081
  20.350   0.080
  20.450   0.080
  20.550   0.079
  20.650   0.078
  20.750   0.078
  20.850   0.077
  20.950   0.076
  21.050   0.076
  21.150   0.075
  21.250   0.074
  21.350   0.074
  21.450   0.073
  21.550   0.073
  21.650   0.072
  21.750   0.072
  21.850   0.071
  21.950   0.071
  22.050   0.070
  22.150   0.070
  22.250   0.069
  22.350   0.069
  22.450   0.068
  22.550   0.068
  22.650   0.067
  22.750   0.067
  22.850   0.067
  22.950   0.066
  23.050   0.066
  23.150   0.066
  23.250   0.065
  23.350   0.065
  23.450   0.064
  23.550   0.064
  23.650   0.063
  23.750   0.062
  23.850   0.062
  23.950   0.061
  24.050   0.061
  24.150   0.060
  24.250   0.060
  24.350   0.059
  24.450   0.059
  24.550   0.059
  24.650   0.058
  24.750   0.058
  24.850   0.057
  24.950   0.057
  25.050   0.056
  25.150   0.056
  25.250   0.055
  25.350   0.055
  25.450   0.055
  25.550   0.054
  25.650   0.054
  25.750   0.054
  25.850   0.053
  25.950   0.053
  26.050   0.053
  26.150   0.052
  26.250   0.052
  26.350   0.051
  26.450   0.051
  26.550   0.050
  26.650   0.050
  26.750   0.050
  26.850   0.049
  26.950   0.049
  27.050   0.048
  27.150   0.048
  27.250   0.048
  27.350   0.047
  27.450   0.047
  27.550   0.047
  27.650   0.046
  27.750   0.046
  27.850   0.046
  27.950   0.045
  28.050   0.045
  28.150   0.045
  28.250   0.045
  28.350   0.044
  28.450   0.044
  28.550   0.044
  28.650   0.044
  28.750   0.043
  28.850   0.043
  28.950   0.043
  29.050   0.043
  29.150   0.042
  29.250   0.042
  29.350   0.042
  29.450   0.041
  29.550   0.041
  29.650   0.041
  29.750   0.041
  29.850   0.040
  29.950   0.040
