   0.000 116.789   0.000
  10.000 107.335   2.774
  20.000  95.795   0.759
  30.000  96.499   0.727
  40.000  94.513   0.540
  50.000  93.965   0.745
  60.000  92.574   0.526
  70.000  92.383   0.600
  80.000  91.890   0.782
  90.000  89.874   0.907
 100.000  93.865   0.476
 110.000  94.844   0.577
 120.000  93.478   0.565
 130.000  93.960   0.650
 140.000  90.593   0.672
 150.000  92.447   0.557
 160.000  90.270   0.998
 170.000  89.300   0.804
 180.000  87.061   0.516
 190.000  83.943   0.592
 200.000  83.641   0.375
 210.000  83.809   0.403
 220.000  84.405   0.424
 230.000  85.840   0.707
 240.000  85.376   0.537
 250.000  84.017   0.513
 260.000  83.395   0.510
 270.000  82.693   0.406
 280.000  82.643   0.460
 290.000  82.632   0.390
 300.000  82.797   0.413
 310.000  83.215   0.449
 320.000  83.162   0.426
 330.000  83.200   0.522
 340.000  82.940   0.475
 350.000  82.888   0.410
 360.000  83.641   0.560
 370.000  83.884   0.442
 380.000  84.614   0.542
 390.000  83.760   0.471
 400.000  84.245   0.591
 410.000  83.429   0.556
 420.000  80.740   0.674
 430.000  81.127   0.642
 440.000  83.435   0.513
 450.000  84.211   0.508
 460.000  86.290   0.650
 470.000  84.772   0.536
 480.000  84.774   0.559
 490.000  84.791   0.538
 500.000  83.589   0.601
 510.000  84.823   0.685
 520.000  83.273   0.398
 530.000  83.159   0.428
 540.000  83.218   0.448
 550.000  83.790   0.587
 560.000  82.683   0.977
 570.000  80.999   0.489
 580.000  81.077   0.641
 590.000  82.062   0.529
 600.000  82.644   0.598
 610.000  83.430   0.504
 620.000  83.174   0.531
 630.000  82.974   0.420
 640.000  82.547   0.455
 650.000  82.191   0.537
 660.000  80.347   0.575
 670.000  81.164   0.517
 680.000  81.197   0.600
 690.000  81.521   0.573
 700.000  80.576   0.475
 710.000  81.052   0.488
 720.000  80.861   0.400
 730.000  81.708   0.543
 740.000  80.976   0.416
 750.000  81.198   0.459
 760.000  81.310   0.396
 770.000  81.261   0.471
 780.000  80.964   0.407
 790.000  80.975   0.414
 800.000  80.584   0.419
 810.000  80.550   0.405
 820.000  80.801   0.408
 830.000  80.655   0.406
 840.000  80.314   0.413
 850.000  79.848   0.415
 860.000  80.168   0.460
 870.000  79.862   0.432
 880.000  79.764   0.408
 890.000  79.928   0.413
 900.000  79.925   0.393
 910.000  79.751   0.442
 920.000  79.837   0.433
 930.000  80.556   0.538
 940.000  79.921   0.455
 950.000  80.396   0.462
 960.000  81.004   0.406
 970.000  80.718   0.454
 980.000  80.269   0.500
 990.000  80.454   0.578
1000.000  80.720   0.492
