   0.000 124.194   0.000
  10.000 114.780   1.611
  20.000 107.699   1.060
  30.000 103.815   0.569
  40.000  98.075   1.033
  50.000  96.187   0.627
  60.000  98.515   0.892
  70.000  98.716   0.686
  80.000  96.339   1.200
  90.000  96.795   0.511
 100.000  95.128   1.038
 110.000  94.298   1.114
 120.000  95.778   0.681
 130.000  93.286   1.108
 140.000  97.796   0.902
 150.000  94.901   1.333
 160.000  95.285   1.318
 170.000  94.187   1.206
 180.000 100.228   2.754
 190.000 101.494   1.761
 200.000 101.786   1.612
 210.000  98.439   1.805
 220.000  99.957   1.943
 230.000  98.750   2.485
 240.000 100.719   1.696
 250.000  96.965   1.054
 260.000  99.009   2.099
 270.000  97.064   1.891
 280.000  96.569   2.012
 290.000  96.247   1.695
 300.000  92.774   0.563
 310.000  94.654   0.743
 320.000  96.738   1.265
 330.000  96.239   1.871
 340.000  96.817   1.505
 350.000  95.160   0.478
 360.000  96.114   0.548
 370.000  97.453   1.420
 380.000  96.542   1.487
 390.000  96.057   2.013
 400.000  93.306   0.928
 410.000  93.510   0.751
 420.000  95.199   2.223
 430.000  95.300   0.814
 440.000  92.346   0.993
 450.000  96.792   1.600
 460.000  96.368   2.152
 470.000  95.954   0.548
 480.000  96.419   1.267
 490.000 102.344   2.919
 500.000  95.536   1.135
 510.000  98.063   2.692
 520.000  93.387   0.745
 530.000  97.729   2.275
 540.000  97.299   2.215
 550.000 100.459   2.815
 560.000  98.195   2.948
 570.000  93.085   0.557
 580.000  97.203   2.762
 590.000  94.392   0.929
 600.000  95.252   0.813
 610.000  97.168   0.763
 620.000  98.560   0.866
 630.000  98.612   0.664
 640.000 100.136   1.976
 650.000  99.249   0.532
 660.000  99.410   0.543
 670.000 103.115   2.485
 680.000 102.928   2.733
 690.000 102.526   2.701
 700.000  99.155   1.928
 710.000 103.589   2.719
 720.000 100.097   2.022
 730.000  98.755   2.059
 740.000  96.838   1.577
 750.000  94.271   1.838
 760.000  94.942   2.499
 770.000  97.931   2.307
 780.000  96.317   2.661
 790.000  96.143   1.415
 800.000  94.041   0.704
 810.000  96.743   2.152
 820.000 104.145   2.647
 830.000 101.782   2.264
 840.000 105.463   2.515
 850.000 102.026   2.395
 860.000  99.380   1.114
 870.000  98.426   1.664
 880.000  95.879   1.476
 890.000  96.079   1.669
 900.000  95.135   1.916
 910.000  98.102   2.710
 920.000  93.727   2.100
 930.000  96.840   2.325
 940.000  98.203   2.077
 950.000  95.280   1.650
 960.000  97.019   1.801
 970.000  94.914   1.464
 980.000  93.013   0.505
 990.000  95.483   2.732
1000.000  92.871   1.043
