   0.000 138.453   0.000
  10.000 128.455   1.379
  20.000 124.723   1.089
  30.000 121.256   1.084
  40.000 118.292   0.573
  50.000 119.741   1.006
  60.000 122.383   0.870
  70.000 123.547   0.881
  80.000 122.465   0.655
  90.000 123.904   0.489
 100.000 122.495   0.843
 110.000 123.742   1.060
 120.000 123.714   0.598
 130.000 120.971   0.628
 140.000 120.898   0.775
 150.000 121.653   0.971
 160.000 119.154   1.621
 170.000 115.225   0.717
 180.000 114.922   0.795
 190.000 115.813   0.496
 200.000 117.398   0.674
 210.000 117.700   0.551
 220.000 117.169   0.642
 230.000 117.152   0.565
 240.000 118.113   0.595
 250.000 118.134   0.855
 260.000 116.536   0.606
 270.000 116.579   0.432
 280.000 116.301   0.467
 290.000 116.981   0.800
 300.000 115.574   0.497
 310.000 116.117   0.541
 320.000 116.687   0.673
 330.000 116.939   0.421
 340.000 117.188   0.628
 350.000 117.146   0.670
 360.000 116.298   1.410
 370.000 118.712   1.249
 380.000 118.578   0.587
 390.000 118.250   0.485
 400.000 118.943   0.529
 410.000 114.979   0.906
 420.000 117.457   1.184
 430.000 120.377   0.755
 440.000 119.779   1.040
 450.000 114.321   0.517
 460.000 114.412   0.905
 470.000 113.411   0.538
 480.000 113.866   0.602
 490.000 114.264   0.552
 500.000 111.461   0.533
 510.000 111.920   0.537
 520.000 110.653   0.577
 530.000 113.126   0.496
 540.000 114.414   0.541
 550.000 113.171   0.501
 560.000 111.167   0.668
 570.000 109.897   0.566
 580.000 109.957   0.545
 590.000 111.267   0.512
 600.000 110.495   0.522
 610.000 111.447   0.488
 620.000 110.507   0.501
 630.000 110.738   0.614
 640.000 110.599   0.535
 650.000 109.909   0.555
 660.000 110.444   0.605
 670.000 110.804   0.473
 680.000 111.186   0.767
 690.000 110.353   0.482
 700.000 111.395   0.576
 710.000 110.744   0.640
 720.000 111.499   0.703
 730.000 111.591   0.752
 740.000 113.072   0.495
 750.000 112.894   0.533
 760.000 112.897   0.600
 770.000 112.237   0.636
 780.000 112.121   0.574
 790.000 112.421   0.549
 800.000 111.981   0.545
 810.000 112.470   0.575
 820.000 111.635   0.514
 830.000 111.178   0.530
 840.000 111.232   0.636
 850.000 112.177   0.661
 860.000 113.278   0.562
 870.000 112.135   0.506
 880.000 111.700   0.605
 890.000 111.946   0.436
 900.000 112.928   0.481
 910.000 111.251   0.809
 920.000 109.920   0.515
 930.000 110.825   0.553
 940.000 108.407   0.621
 950.000 109.840   0.427
 960.000 109.628   0.444
 970.000 110.598   0.544
 980.000 112.012   0.518
 990.000 111.493   0.589
1000.000 111.573   0.688
