   0.000 121.512   0.000
  10.000 111.274   1.560
  20.000 104.745   3.288
  30.000 100.525   3.089
  40.000  92.541   1.689
  50.000  92.017   2.601
  60.000  86.978   0.715
  70.000  85.835   0.584
  80.000  85.756   0.678
  90.000  86.248   0.583
 100.000  83.678   0.815
 110.000  87.984   0.804
 120.000  87.046   0.592
 130.000  87.527   0.799
 140.000  87.821   0.957
 150.000  84.464   0.929
 160.000  82.722   0.951
 170.000  79.985   0.823
 180.000  80.169   0.615
 190.000  81.907   0.585
 200.000  83.203   0.929
 210.000  81.201   0.623
 220.000  81.135   1.009
 230.000  79.871   0.739
 240.000  80.154   0.552
 250.000  78.652   0.494
 260.000  78.186   0.604
 270.000  77.094   0.552
 280.000  77.568   0.575
 290.000  78.871   0.427
 300.000  78.724   0.494
 310.000  79.774   0.564
 320.000  79.106   0.606
 330.000  78.805   0.547
 340.000  77.873   0.498
 350.000  78.111   0.563
 360.000  77.686   0.500
 370.000  77.586   0.498
 380.000  77.020   0.540
 390.000  75.887   0.707
 400.000  74.911   0.605
 410.000  77.265   0.617
 420.000  78.778   0.483
 430.000  79.211   0.691
 440.000  78.845   0.927
 450.000  79.322   0.417
 460.000  77.419   0.598
 470.000  77.213   0.988
 480.000  76.859   0.604
 490.000  76.748   0.424
 500.000  76.408   0.452
 510.000  76.213   0.466
 520.000  76.462   0.475
 530.000  75.072   0.385
 540.000  75.185   0.371
 550.000  75.522   0.481
 560.000  75.138   0.373
 570.000  75.297   0.369
 580.000  75.112   0.372
 590.000  75.856   0.397
 600.000  75.218   0.392
 610.000  76.342   0.454
 620.000  75.298   0.452
 630.000  75.651   0.424
 640.000  75.688   0.462
 650.000  75.601   0.474
 660.000  74.981   0.383
 670.000  75.071   0.395
 680.000  75.581   0.427
 690.000  75.639   0.425
 700.000  75.995   0.472
 710.000  75.831   0.453
 720.000  75.733   0.457
 730.000  75.959   0.498
 740.000  76.011   0.461
 750.000  75.734   0.391
 760.000  76.466   0.445
 770.000  76.491   0.500
 780.000  75.536   0.434
 790.000  75.700   0.398
 800.000  75.969   0.398
 810.000  75.913   0.362
 820.000  76.133   0.364
 830.000  77.402   0.425
 840.000  77.356   0.617
 850.000  77.304   0.560
 860.000  76.396   0.385
 870.000  76.369   0.406
 880.000  77.284   0.453
 890.000  76.278   0.369
 900.000  76.912   0.379
 910.000  76.216   0.426
 920.000  75.870   0.459
 930.000  75.951   0.627
 940.000  76.691   0.888
 950.000  75.006   0.595
 960.000  75.214   0.396
 970.000  75.419   0.611
 980.000  76.090   0.410
 990.000  76.256   0.399
