   0.000 114.496   0.000
  10.000 104.837   2.485
  20.000  99.689   0.595
  30.000  99.559   0.450
  40.000 100.244   0.477
  50.000 102.224   0.834
  60.000 101.119   0.812
  70.000  99.171   0.574
  80.000 101.012   0.603
  90.000  99.611   0.501
 100.000 100.529   0.910
 110.000  99.031   0.823
 120.000  98.038   0.454
 130.000  99.331   0.449
 140.000  98.174   0.700
 150.000  97.438   0.464
 160.000  97.689   0.474
 170.000  97.995   0.477
 180.000  97.190   0.481
 190.000  97.541   0.448
 200.000  97.676   0.600
 210.000  98.118   0.582
 220.000  98.029   0.446
 230.000  98.587   0.669
 240.000  97.917   0.661
 250.000  96.271   0.373
 260.000  96.015   0.488
 270.000  96.259   0.452
 280.000  96.080   0.388
 290.000  97.982   0.762
 300.000  98.783   0.656
 310.000  99.695   0.364
 320.000  99.638   0.563
 330.000  98.657   0.667
 340.000  99.426   0.531
 350.000 100.335   0.576
 360.000 100.898   0.514
 370.000 101.817   0.455
 380.000 101.054   0.549
 390.000  99.411   0.849
 400.000 100.480   0.572
 410.000 100.281   0.452
 420.000 100.136   0.651
 430.000 101.607   0.504
 440.000 101.011   0.418
 450.000 102.124   0.468
 460.000 102.287   0.370
 470.000 102.023   0.365
 480.000 102.400   0.406
 490.000 102.329   0.386
 500.000  99.974   0.827
 510.000  98.780   0.580
 520.000  99.105   0.503
 530.000  99.915   0.639
 540.000  98.640   0.703
 550.000  97.441   0.501
 560.000  97.396   0.636
 570.000 100.174   0.613
 580.000 101.256   0.468
 590.000  99.479   0.517
 600.000  98.384   0.568
 610.000  99.149   0.607
 620.000  99.802   0.648
 630.000  99.431   0.672
 640.000  98.929   0.567
 650.000  99.985   0.666
 660.000  97.821   0.466
 670.000  97.912   0.693
 680.000  97.109   0.698
 690.000  98.980   0.409
 700.000  99.672   0.416
 710.000 100.177   0.506
 720.000  97.170   0.762
 730.000  96.416   0.554
 740.000  97.282   0.516
 750.000  98.581   0.486
 760.000 100.527   0.562
 770.000  99.252   0.658
 780.000  99.518   0.515
 790.000 100.536   0.653
 800.000  98.885   0.621
 810.000  99.059   0.603
 820.000  98.575   0.459
 830.000  99.642   0.500
 840.000 100.128   0.555
 850.000 100.468   0.525
 860.000 100.623   0.369
 870.000 100.747   0.415
 880.000  99.876   0.577
 890.000  99.542   0.474
 900.000 101.609   0.618
 910.000 101.061   0.675
 920.000 100.742   0.453
 930.000 101.665   0.360
 940.000 101.594   0.504
 950.000 102.452   0.416
 960.000 102.045   0.417
 970.000 101.365   0.376
 980.000 100.664   0.461
 990.000 101.691   0.460
1000.000 100.692   0.355
