   0.000 119.685   0.000
  10.000 104.366   2.096
  20.000 101.622   1.576
  30.000  98.606   1.641
  40.000  97.996   0.928
  50.000  97.952   0.907
  60.000  95.370   0.651
  70.000  92.028   1.003
  80.000  90.824   1.421
  90.000  90.944   0.728
 100.000  88.031   0.667
 110.000  85.669   0.787
 120.000  81.930   0.872
 130.000  80.740   0.547
 140.000  83.379   1.001
 150.000  87.626   0.675
 160.000  85.276   1.436
 170.000  82.210   1.007
 180.000  84.012   0.761
 190.000  84.548   1.063
 200.000  81.232   0.688
 210.000  82.586   0.598
 220.000  83.190   0.841
 230.000  83.059   0.779
 240.000  81.297   0.635
 250.000  81.710   0.454
 260.000  80.760   0.454
 270.000  81.549   0.490
 280.000  81.188   0.476
 290.000  81.755   0.532
 300.000  81.160   0.739
 310.000  83.066   0.600
 320.000  80.799   0.503
 330.000  80.887   0.476
 340.000  79.975   0.500
 350.000  80.537   0.607
 360.000  82.892   0.633
 370.000  81.598   0.658
 380.000  81.774   0.781
 390.000  82.106   0.732
 400.000  82.535   0.777
 410.000  81.633   0.936
 420.000  81.019   1.224
 430.000  83.962   0.674
 440.000  82.765   0.893
 450.000  80.928   0.563
 460.000  80.079   1.080
 470.000  81.082   0.591
 480.000  83.979   1.109
 490.000  84.970   1.066
 500.000  81.165   0.480
 510.000  78.817   0.844
 520.000  77.338   0.531
 530.000  76.997   0.662
 540.000  77.967   0.601
 550.000  76.444   0.486
 560.000  75.696   0.528
 570.000  73.601   0.506
 580.000  72.072   0.433
 590.000  72.216   0.575
 600.000  72.933   0.489
 610.000  72.840   0.547
 620.000  72.049   0.352
 630.000  71.967   0.672
 640.000  72.729   0.609
 650.000  72.528   0.566
 660.000  73.432   0.494
 670.000  73.816   0.485
 680.000  73.511   0.547
 690.000  74.596   0.654
 700.000  74.138   0.599
 710.000  73.207   0.786
 720.000  73.449   0.593
 730.000  73.004   0.451
 740.000  73.264   0.497
 750.000  72.757   0.556
 760.000  71.246   0.361
 770.000  72.286   0.456
 780.000  71.686   0.442
 790.000  70.981   0.383
 800.000  71.906   0.364
 810.000  71.257   0.480
 820.000  72.089   0.371
 830.000  72.160   0.417
 840.000  71.807   0.434
 850.000  71.240   0.525
 860.000  71.333   0.444
 870.000  70.575   0.454
 880.000  70.811   0.393
 890.000  70.175   0.496
 900.000  70.369   0.632
 910.000  70.805   0.552
 920.000  72.846   0.711
 930.000  74.189   0.624
 940.000  72.892   0.409
 950.000  73.779   0.729
 960.000  73.812   0.459
 970.000  72.071   0.484
 980.000  72.494   0.385
 990.000  72.885   0.422
1000.000  73.890   0.459
