   0.000 122.287   0.000
  10.000 110.961   2.912
  20.000 104.241   0.759
  30.000 100.442   2.006
  40.000  91.609   0.779
  50.000  88.839   0.701
  60.000  84.513   0.993
  70.000  82.013   0.642
  80.000  83.125   0.573
  90.000  83.390   0.635
 100.000  83.813   0.699
 110.000  79.207   0.441
 120.000  79.275   0.388
 130.000  80.421   0.421
 140.000  79.938   0.443
 150.000  81.010   0.502
 160.000  80.754   0.494
 170.000  79.760   0.686
 180.000  79.745   0.511
 190.000  79.425   0.556
 200.000  81.246   0.503
 210.000  81.855   0.538
 220.000  80.230   0.487
 230.000  79.370   0.528
 240.000  80.008   0.470
 250.000  80.365   0.510
 260.000  80.302   0.481
 270.000  81.026   0.406
 280.000  81.323   0.390
 290.000  81.093   0.740
 300.000  80.779   0.549
 310.000  79.572   0.372
 320.000  79.221   0.397
 330.000  79.965   0.532
 340.000  79.306   0.448
 350.000  80.439   0.665
 360.000  80.935   0.486
 370.000  81.462   0.614
 380.000  81.593   0.427
 390.000  81.197   0.508
 400.000  80.722   0.447
 410.000  82.791   0.718
 420.000  82.879   0.456
 430.000  83.081   0.560
 440.000  82.561   0.637
 450.000  80.758   0.622
 460.000  81.522   0.411
 470.000  81.719   0.585
 480.000  81.984   0.443
 490.000  79.339   0.524
 500.000  79.821   0.569
 510.000  79.597   0.573
 520.000  79.347   0.534
 530.000  79.209   0.496
 540.000  80.070   0.534
 550.000  79.582   0.641
 560.000  81.915   0.554
 570.000  81.031   0.465
 580.000  81.244   0.620
 590.000  84.250   0.468
 600.000  83.606   0.693
 610.000  84.156   0.673
 620.000  84.281   1.116
 630.000  82.017   0.633
 640.000  81.413   0.626
 650.000  81.297   0.476
 660.000  81.289   0.413
 670.000  80.912   0.453
 680.000  80.212   0.543
 690.000  80.303   0.518
 700.000  80.099   0.537
 710.000  79.731   0.630
 720.000  81.537   0.510
 730.000  81.207   0.383
 740.000  82.047   0.648
 750.000  80.913   0.437
 760.000  80.584   0.543
 770.000  80.005   0.751
 780.000  78.773   0.571
 790.000  79.561   0.670
 800.000  79.947   0.442
 810.000  80.047   0.511
 820.000  78.955   0.571
 830.000  79.677   0.523
 840.000  77.937   0.943
 850.000  75.807   0.488
 860.000  75.372   0.551
 870.000  75.883   0.689
 880.000  77.817   0.520
 890.000  79.278   0.555
 900.000  78.808   0.511
 910.000  78.763   0.792
 920.000  76.937   0.675
 930.000  77.297   0.715
 940.000  75.791   0.705
 950.000  78.987   0.597
 960.000  77.475   0.732
 970.000  77.363   0.635
 980.000  77.199   0.766
 990.000  76.062   0.785
1000.000  74.587   0.549
