   0.000 134.896   0.000
  10.000 118.399   2.016
  20.000 107.525   1.110
  30.000 102.960   0.719
  40.000 100.236   0.787
  50.000 102.356   0.754
  60.000 103.051   0.730
  70.000  96.235   0.773
  80.000  96.986   0.657
  90.000  93.581   0.643
 100.000  93.574   0.615
 110.000  93.798   0.513
 120.000  93.875   0.619
 130.000  92.359   0.565
 140.000  91.264   0.827
 150.000  89.462   0.890
 160.000  87.695   0.544
 170.000  88.668   0.483
 180.000  87.629   0.554
 190.000  88.052   0.469
 200.000  87.319   0.626
 210.000  88.096   0.536
 220.000  87.653   0.433
 230.000  87.639   0.806
 240.000  89.307   0.741
 250.000  88.792   0.819
 260.000  90.097   0.652
 270.000  92.153   0.658
 280.000  88.478   1.087
 290.000  86.519   0.637
 300.000  86.581   0.412
 310.000  85.703   0.759
 320.000  86.903   0.514
 330.000  87.347   0.458
 340.000  86.960   0.503
 350.000  87.350   0.489
 360.000  85.925   0.477
 370.000  85.997   0.497
 380.000  86.571   0.522
 390.000  87.462   0.381
 400.000  86.970   0.448
 410.000  86.334   0.487
 420.000  87.243   0.434
 430.000  86.002   0.489
 440.000  85.808   0.549
 450.000  86.450   0.441
 460.000  86.413   0.518
 470.000  87.906   0.552
 480.000  88.924   0.646
 490.000  88.415   0.547
 500.000  87.948   0.439
 510.000  88.285   0.553
 520.000  87.917   0.490
 530.000  88.181   0.444
 540.000  87.873   0.517
 550.000  87.473   0.414
 560.000  88.024   0.483
 570.000  88.447   0.539
 580.000  87.726   0.549
 590.000  87.433   0.433
 600.000  87.310   0.538
 610.000  89.012   0.535
 620.000  88.708   0.482
 630.000  87.496   0.487
 640.000  87.567   0.505
 650.000  87.425   0.472
 660.000  88.103   0.436
 670.000  86.418   0.502
 680.000  86.760   0.527
 690.000  87.073   0.498
 700.000  87.155   0.513
 710.000  87.341   0.500
 720.000  87.369   0.483
 730.000  88.198   0.479
 740.000  89.110   0.469
 750.000  89.037   0.438
 760.000  88.774   0.508
 770.000  88.823   0.469
 780.000  89.253   0.722
 790.000  88.165   0.601
 800.000  89.117   0.527
 810.000  88.835   0.505
 820.000  88.548   0.497
 830.000  88.069   0.422
 840.000  88.729   0.637
 850.000  86.821   0.426
 860.000  86.879   0.419
 870.000  87.144   0.440
 880.000  87.233   0.437
 890.000  87.523   0.446
 900.000  88.084   0.528
 910.000  87.102   0.660
 920.000  87.328   0.718
 930.000  85.843   0.516
 940.000  86.110   0.507
 950.000  86.398   0.486
 960.000  86.497   0.441
 970.000  87.066   0.630
 980.000  88.663   0.507
 990.000  89.062   0.536
1000.000  88.609   0.485
