   0.000 121.854   0.000
  10.000 108.534   2.138
  20.000 102.942   0.835
  30.000 105.376   1.207
  40.000 104.060   0.881
  50.000 102.144   0.466
  60.000  99.078   1.434
  70.000  91.653   0.627
  80.000  93.047   0.618
  90.000  91.758   0.737
 100.000  92.504   0.596
 110.000  90.809   1.355
 120.000  86.154   0.567
 130.000  84.581   0.784
 140.000  81.905   0.461
 150.000  82.641   0.512
 160.000  82.888   0.430
 170.000  83.140   0.656
 180.000  85.235   0.710
 190.000  84.816   0.587
 200.000  82.412   0.852
 210.000  82.538   0.572
 220.000  81.319   0.472
 230.000  80.935   0.705
 240.000  80.375   0.525
 250.000  81.204   0.908
 260.000  81.016   0.495
 270.000  78.811   0.429
 280.000  79.356   0.483
 290.000  81.278   0.558
 300.000  81.810   1.085
 310.000  79.184   0.604
 320.000  77.096   0.494
 330.000  77.337   0.418
 340.000  76.237   0.426
 350.000  75.961   0.440
 360.000  76.777   0.525
 370.000  75.617   0.455
 380.000  76.174   0.582
 390.000  75.448   0.595
 400.000  76.182   0.436
 410.000  76.565   0.470
 420.000  77.071   0.555
 430.000  77.635   0.487
 440.000  77.545   0.527
 450.000  76.900   0.538
 460.000  75.879   0.443
 470.000  77.531   0.615
 480.000  75.149   0.683
 490.000  75.070   0.512
 500.000  74.213   0.584
 510.000  75.446   0.632
 520.000  76.607   0.468
 530.000  76.474   0.713
 540.000  77.271   0.709
 550.000  76.262   0.597
 560.000  75.656   0.599
 570.000  76.418   0.538
 580.000  76.981   0.674
 590.000  77.739   0.533
 600.000  76.199   0.703
 610.000  78.113   0.489
 620.000  77.668   0.553
 630.000  78.639   0.385
 640.000  76.912   0.842
 650.000  77.122   0.494
 660.000  76.899   0.489
 670.000  77.534   0.662
 680.000  77.669   0.823
 690.000  75.310   0.464
 700.000  74.072   0.565
 710.000  74.617   0.488
 720.000  73.237   0.696
 730.000  74.774   0.455
 740.000  77.061   0.832
 750.000  76.925   0.404
 760.000  78.451   0.483
 770.000  75.852   0.900
 780.000  74.085   0.494
 790.000  72.687   0.418
 800.000  73.018   0.421
 810.000  73.235   0.466
 820.000  72.488   0.472
 830.000  73.793   0.426
 840.000  73.528   0.430
 850.000  73.063   0.539
 860.000  75.511   0.752
 870.000  76.559   0.609
 880.000  77.336   0.482
 890.000  76.564   0.600
 900.000  75.884   0.406
 910.000  76.290   0.434
 920.000  76.289   0.620
 930.000  76.631   0.418
 940.000  76.764   0.437
 950.000  77.012   0.534
 960.000  77.184   0.543
 970.000  77.939   0.618
 980.000  77.106   0.451
 990.000  76.081   0.373
1000.000  76.400   0.459
