   0.000 114.443   0.000
  10.000 103.732   1.684
  20.000  96.606   1.234
  30.000  93.638   0.455
  40.000  93.796   0.580
  50.000  93.789   0.405
  60.000  92.646   0.528
  70.000  91.383   0.641
  80.000  94.815   0.894
  90.000  95.630   0.721
 100.000  93.223   0.454
 110.000  91.879   0.551
 120.000  91.328   0.592
 130.000  91.882   0.632
 140.000  93.426   0.476
 150.000  92.605   0.448
 160.000  91.524   0.504
 170.000  93.093   0.668
 180.000  93.667   0.529
 190.000  94.587   0.659
 200.000  93.825   1.279
 210.000  95.808   0.474
 220.000  92.573   0.776
 230.000  92.145   0.812
 240.000  92.549   0.497
 250.000  92.021   0.473
 260.000  91.089   0.453
 270.000  90.587   0.475
 280.000  91.850   0.510
 290.000  89.683   0.583
 300.000  90.477   0.528
 310.000  89.789   0.537
 320.000  90.665   0.428
 330.000  90.137   0.589
 340.000  88.389   0.442
 350.000  89.132   0.548
 360.000  88.953   0.425
 370.000  87.947   0.499
 380.000  87.288   0.402
 390.000  88.395   0.542
 400.000  87.987   0.484
 410.000  88.071   0.418
 420.000  87.197   0.487
 430.000  85.801   0.384
 440.000  88.131   0.611
 450.000  89.578   0.352
 460.000  89.460   0.342
 470.000  90.247   0.390
 480.000  90.015   0.495
 490.000  90.960   0.458
 500.000  89.128   0.443
 510.000  88.229   0.543
 520.000  87.587   1.450
 530.000  88.988   0.520
 540.000  86.136   0.733
 550.000  86.560   0.491
 560.000  87.103   0.587
 570.000  86.808   0.608
 580.000  87.127   0.521
 590.000  84.427   0.612
 600.000  85.298   0.544
 610.000  86.258   0.446
 620.000  88.208   0.412
 630.000  87.754   0.446
 640.000  85.855   0.770
 650.000  85.287   0.515
 660.000  84.832   0.542
 670.000  84.885   0.487
 680.000  85.513   0.679
 690.000  85.586   0.529
 700.000  82.877   0.718
 710.000  82.989   0.716
 720.000  83.763   0.728
 730.000  85.513   0.466
 740.000  83.692   0.616
 750.000  84.000   0.541
 760.000  82.618   0.518
 770.000  83.560   0.554
 780.000  82.934   0.683
 790.000  83.561   0.535
 800.000  82.528   0.453
 810.000  82.162   0.398
 820.000  81.515   0.397
 830.000  81.571   0.366
 840.000  82.180   0.421
 850.000  82.391   0.421
 860.000  81.435   0.392
 870.000  81.244   0.393
 880.000  80.977   0.381
 890.000  81.474   0.405
 900.000  81.848   0.389
 910.000  81.106   0.423
 920.000  80.953   0.426
 930.000  80.949   0.596
 940.000  80.492   0.405
 950.000  80.157   0.428
 960.000  79.797   0.528
 970.000  80.359   0.494
 980.000  81.681   0.607
 990.000  81.076   0.634
1000.000  80.440   0.354
