   0.000 122.604   0.000
  10.000 104.310   2.106
  20.000 101.816   0.647
  30.000  98.053   0.700
  40.000  95.622   0.707
  50.000  96.380   0.696
  60.000  93.094   1.096
  70.000  92.913   0.474
  80.000  91.361   0.809
  90.000  90.362   0.946
 100.000  90.720   0.931
 110.000  88.449   1.407
 120.000  83.917   0.825
 130.000  83.757   0.607
 140.000  81.169   0.597
 150.000  84.639   0.533
 160.000  83.997   0.480
 170.000  88.005   1.609
 180.000  90.263   0.748
 190.000  89.183   0.556
 200.000  91.262   0.865
 210.000  86.432   0.913
 220.000  86.129   0.640
 230.000  88.631   0.940
 240.000  88.827   0.813
 250.000  88.977   0.535
 260.000  90.672   0.607
 270.000  89.737   0.762
 280.000  88.000   0.582
 290.000  86.984   0.569
 300.000  86.915   0.450
 310.000  87.592   0.740
 320.000  89.652   0.635
 330.000  89.164   0.459
 340.000  89.135   0.646
 350.000  88.499   0.612
 360.000  88.573   0.453
 370.000  88.134   0.661
 380.000  88.094   0.804
 390.000  88.865   0.560
 400.000  88.406   1.221
 410.000  83.986   0.657
 420.000  86.038   1.043
 430.000  83.721   0.574
 440.000  83.844   0.791
 450.000  82.382   0.493
 460.000  80.560   0.604
 470.000  81.004   0.576
 480.000  80.216   0.753
 490.000  80.176   0.392
 500.000  81.701   0.589
 510.000  81.136   0.432
 520.000  81.492   0.522
 530.000  80.443   0.405
 540.000  80.464   0.422
 550.000  82.178   0.462
 560.000  81.505   0.390
 570.000  81.680   0.474
 580.000  82.727   0.547
 590.000  81.695   0.454
 600.000  80.745   0.484
 610.000  81.645   0.530
 620.000  81.430   0.383
 630.000  81.589   0.415
 640.000  81.716   0.397
 650.000  82.414   0.426
 660.000  81.971   0.422
 670.000  82.132   0.424
 680.000  81.899   0.516
 690.000  80.187   0.462
 700.000  82.114   0.587
 710.000  81.448   0.536
 720.000  81.048   0.590
 730.000  80.192   0.629
 740.000  79.360   0.433
 750.000  78.797   0.383
 760.000  77.837   0.459
 770.000  77.562   0.397
 780.000  77.144   0.365
 790.000  77.918   0.561
 800.000  78.148   0.381
 810.000  78.120   0.376
 820.000  77.916   0.436
 830.000  78.578   0.384
 840.000  78.745   0.497
 850.000  78.456   0.387
 860.000  78.380   0.381
 870.000  78.252   0.434
 880.000  78.260   0.387
 890.000  78.270   0.409
 900.000  78.550   0.399
 910.000  78.202   0.383
 920.000  78.409   0.423
 930.000  78.556   0.368
 940.000  77.964   0.412
 950.000  77.909   0.382
 960.000  78.230   0.388
 970.000  79.014   0.483
 980.000  79.076   0.422
 990.000  79.093   0.385
1000.000  78.325   0.397
