   0.000 120.410   0.000
  10.000 103.636   3.005
  20.000  98.848   0.615
  30.000  95.810   1.118
  40.000  93.074   0.763
  50.000  92.919   0.485
  60.000  89.358   1.396
  70.000  87.525   0.797
  80.000  88.438   0.558
  90.000  88.805   0.502
 100.000  88.789   0.510
 110.000  88.448   0.490
 120.000  88.881   0.651
 130.000  88.557   0.680
 140.000  89.657   0.662
 150.000  90.185   0.559
 160.000  89.015   0.577
 170.000  88.875   0.618
 180.000  88.766   0.502
 190.000  89.765   0.520
 200.000  89.669   0.480
 210.000  90.445   0.674
 220.000  90.872   0.541
 230.000  92.833   0.639
 240.000  91.620   0.691
 250.000  89.209   0.745
 260.000  86.904   0.870
 270.000  86.331   1.390
 280.000  85.698   1.048
 290.000  87.684   1.461
 300.000  91.406   0.529
 310.000  91.216   1.261
 320.000  89.301   1.486
 330.000  90.262   0.598
 340.000  88.297   1.279
 350.000  87.443   1.501
 360.000  83.698   0.525
 370.000  83.552   0.423
 380.000  83.864   0.534
 390.000  84.396   0.401
 400.000  83.488   0.490
 410.000  83.245   0.625
 420.000  84.491   0.410
 430.000  84.085   0.554
 440.000  81.505   0.616
 450.000  80.251   0.637
 460.000  81.061   0.473
 470.000  82.240   0.626
 480.000  81.204   0.708
 490.000  82.604   0.693
 500.000  83.513   0.542
 510.000  82.816   0.546
 520.000  83.961   0.594
 530.000  83.962   0.418
 540.000  83.689   0.433
 550.000  84.774   0.479
 560.000  83.840   0.392
 570.000  83.334   0.519
 580.000  83.073   0.462
 590.000  82.818   0.491
 600.000  82.189   0.424
 610.000  83.200   0.384
 620.000  83.617   0.519
 630.000  83.082   0.511
 640.000  82.573   0.545
 650.000  82.403   0.472
 660.000  83.149   0.476
 670.000  82.503   0.455
 680.000  82.520   0.548
 690.000  84.063   0.491
 700.000  84.971   0.468
 710.000  82.876   0.508
 720.000  82.719   0.694
 730.000  83.337   0.570
 740.000  82.275   0.412
 750.000  82.351   0.605
 760.000  81.548   0.584
 770.000  82.130   0.466
 780.000  81.692   0.351
 790.000  82.115   0.436
 800.000  82.699   0.555
 810.000  81.095   0.666
 820.000  82.970   0.507
 830.000  82.517   0.665
 840.000  82.841   0.863
 850.000  80.997   0.419
 860.000  81.248   0.397
 870.000  81.484   0.373
 880.000  81.785   0.418
 890.000  83.134   0.490
 900.000  82.375   0.494
 910.000  82.327   0.496
 920.000  82.709   0.464
 930.000  82.563   0.423
 940.000  82.285   0.375
 950.000  82.400   0.387
 960.000  82.346   0.511
 970.000  82.324   0.398
 980.000  82.578   0.453
 990.000  82.408   0.364
1000.000  81.873   0.356
