   0.000 146.243   0.000
  10.000 119.900   3.884
  20.000 110.639   0.704
  30.000 107.798   1.853
  40.000 105.477   0.995
  50.000 103.999   0.727
  60.000 101.323   0.672
  70.000  99.847   0.909
  80.000  98.914   0.585
  90.000  97.245   0.532
 100.000  97.810   0.571
 110.000  96.181   0.524
 120.000  96.948   0.682
 130.000  98.674   0.668
 140.000  96.792   0.552
 150.000  98.025   0.716
 160.000  97.133   0.756
 170.000  97.406   0.658
 180.000  95.716   0.507
 190.000  97.541   0.862
 200.000  96.897   0.474
 210.000  99.749   0.843
 220.000  97.695   0.682
 230.000  96.710   0.584
 240.000  96.486   0.516
 250.000  95.779   0.490
 260.000  95.686   0.535
 270.000  94.882   0.550
 280.000  96.127   0.595
 290.000  95.602   0.495
 300.000  96.422   0.517
 310.000  95.104   0.440
 320.000  95.437   0.558
 330.000  96.066   0.492
 340.000  95.067   0.472
 350.000  94.167   0.499
 360.000  94.019   0.510
 370.000  94.091   0.450
 380.000  93.968   0.421
 390.000  93.837   0.463
 400.000  93.601   0.524
 410.000  93.116   0.526
 420.000  93.273   0.487
 430.000  93.318   0.548
 440.000  92.547   0.487
 450.000  92.187   0.512
 460.000  92.191   0.469
 470.000  92.752   0.494
 480.000  91.742   0.440
 490.000  92.354   0.471
 500.000  92.908   0.449
 510.000  93.318   0.470
 520.000  93.508   0.437
 530.000  92.344   0.661
 540.000  91.284   0.738
 550.000  92.385   0.541
 560.000  92.030   0.454
 570.000  91.604   0.476
 580.000  91.666   0.419
 590.000  91.548   0.813
 600.000  89.620   0.442
 610.000  89.799   0.429
 620.000  89.830   0.490
 630.000  90.285   0.681
 640.000  91.510   0.543
 650.000  90.390   0.582
 660.000  90.007   0.404
 670.000  89.973   0.579
 680.000  90.331   0.458
 690.000  91.205   0.531
 700.000  90.797   0.669
 710.000  91.237   0.514
 720.000  91.867   0.667
 730.000  92.249   0.493
 740.000  91.342   0.508
 750.000  92.077   0.673
 760.000  93.222   0.507
 770.000  93.450   0.450
 780.000  93.840   0.488
 790.000  93.552   0.541
 800.000  93.207   0.469
 810.000  92.540   0.575
 820.000  91.811   0.744
 830.000  90.741   0.532
 840.000  92.425   0.713
 850.000  92.870   0.677
 860.000  94.422   0.576
 870.000  93.636   0.683
 880.000  91.864   0.581
 890.000  92.660   0.559
 900.000  92.314   0.667
 910.000  92.046   0.483
 920.000  91.286   0.462
 930.000  92.581   0.596
 940.000  92.274   0.447
 950.000  92.545   0.444
 960.000  92.262   0.539
 970.000  93.857   0.554
 980.000  92.679   0.468
 990.000  92.275   0.518
1000.000  92.152   0.536
