   0.000 119.194   0.000
  10.000 101.938   2.632
  20.000  97.761   0.650
  30.000  91.900   0.702
  40.000  90.985   0.728
  50.000  88.784   0.612
  60.000  87.637   0.871
  70.000  87.480   0.632
  80.000  88.598   1.113
  90.000  89.174   0.779
 100.000  87.596   0.988
 110.000  86.083   0.713
 120.000  83.252   1.149
 130.000  80.317   0.604
 140.000  79.891   0.708
 150.000  80.230   0.534
 160.000  80.690   0.603
 170.000  81.013   0.450
 180.000  79.970   0.465
 190.000  80.534   0.655
 200.000  78.961   0.609
 210.000  78.279   0.489
 220.000  78.055   0.538
 230.000  77.567   0.468
 240.000  77.163   0.623
 250.000  78.276   0.520
 260.000  80.321   0.546
 270.000  80.103   0.652
 280.000  80.254   0.521
 290.000  80.212   0.539
 300.000  79.701   0.435
 310.000  80.578   0.547
 320.000  80.230   0.531
 330.000  80.782   0.612
 340.000  80.462   0.564
 350.000  80.338   0.545
 360.000  80.010   0.576
 370.000  79.457   0.497
 380.000  79.677   0.577
 390.000  80.395   0.649
 400.000  80.164   0.617
 410.000  79.368   0.692
 420.000  79.562   0.568
 430.000  81.171   0.771
 440.000  81.830   0.665
 450.000  80.371   0.598
 460.000  80.667   0.491
 470.000  81.380   0.473
 480.000  79.616   0.445
 490.000  79.818   0.570
 500.000  80.220   0.514
 510.000  79.823   0.554
 520.000  80.702   0.498
 530.000  81.737   0.534
 540.000  80.533   0.550
 550.000  80.003   0.576
 560.000  81.278   0.637
 570.000  81.371   0.674
 580.000  83.006   0.816
 590.000  82.433   0.457
 600.000  82.138   0.574
 610.000  83.719   0.634
 620.000  83.654   0.707
 630.000  79.898   0.515
 640.000  82.495   0.748
 650.000  81.941   0.630
 660.000  80.939   0.577
 670.000  81.145   0.717
 680.000  80.118   0.562
 690.000  79.885   0.594
 700.000  80.554   0.674
 710.000  81.438   0.530
 720.000  80.525   0.460
 730.000  80.025   0.461
 740.000  79.697   0.521
 750.000  80.116   0.460
 760.000  80.939   0.609
 770.000  81.618   0.814
 780.000  82.321   0.503
 790.000  80.843   0.779
 800.000  79.404   0.542
 810.000  82.311   0.868
 820.000  79.562   0.596
 830.000  78.464   0.621
 840.000  76.854   0.682
 850.000  78.949   0.614
 860.000  80.337   0.584
 870.000  79.948   0.637
 880.000  79.327   0.468
 890.000  80.812   0.501
 900.000  79.576   0.539
 910.000  79.630   0.610
 920.000  80.506   0.593
 930.000  81.472   0.483
 940.000  82.773   0.577
 950.000  81.873   0.834
 960.000  82.256   0.441
 970.000  80.651   0.828
 980.000  79.106   0.506
 990.000  78.695   0.480
1000.000  79.276   0.533
