   0.000 124.826   0.000
  10.000 111.471   2.528
  20.000 102.208   1.046
  30.000  97.820   1.373
  40.000  95.875   1.559
  50.000  97.615   2.174
  60.000  97.407   1.953
  70.000  94.608   1.636
  80.000  91.443   0.639
  90.000  89.436   0.612
 100.000  90.019   0.664
 110.000  89.060   0.876
 120.000  88.542   1.159
 130.000  89.147   0.582
 140.000  88.377   0.921
 150.000  87.104   0.645
 160.000  85.161   0.673
 170.000  88.350   1.584
 180.000  98.641   2.319
 190.000  94.773   2.685
 200.000  91.469   0.519
 210.000  92.699   1.949
 220.000  92.769   1.946
 230.000  93.338   1.542
 240.000  90.050   1.751
 250.000  86.218   0.724
 260.000  89.165   1.405
 270.000  91.655   1.444
 280.000  90.807   1.077
 290.000  88.739   0.659
 300.000  87.849   0.731
 310.000  86.868   0.668
 320.000  85.547   0.518
 330.000  88.895   1.403
 340.000  90.158   0.956
 350.000  88.514   1.285
 360.000  86.991   1.540
 370.000  86.889   1.119
 380.000  85.435   0.742
 390.000  85.036   0.469
 400.000  85.235   0.498
 410.000  92.761   1.529
 420.000  91.251   1.440
 430.000  92.664   2.190
 440.000  85.985   0.624
 450.000  85.866   1.759
 460.000  87.431   1.917
 470.000  88.445   2.288
 480.000  97.624   1.909
 490.000  83.249   0.469
 500.000  84.160   0.609
 510.000  85.033   0.532
 520.000  84.225   0.473
 530.000  85.505   0.382
 540.000  86.351   0.403
 550.000  86.502   0.464
 560.000  86.185   0.403
 570.000  85.470   0.649
 580.000  86.947   0.479
 590.000  86.742   0.634
 600.000  84.972   0.423
 610.000  84.696   0.414
 620.000  85.397   0.565
 630.000  84.000   0.679
 640.000  81.631   0.483
 650.000  83.404   0.536
 660.000  83.097   0.615
 670.000  81.390   0.509
 680.000  79.835   0.540
 690.000  81.837   0.605
 700.000  81.985   0.505
 710.000  82.001   0.428
 720.000  82.015   0.529
 730.000  80.980   0.621
 740.000  80.934   0.575
 750.000  81.348   0.539
 760.000  79.656   0.749
 770.000  80.350   0.425
 780.000  81.967   0.619
 790.000  84.019   0.557
 800.000  82.499   0.492
 810.000  81.378   0.410
 820.000  83.026   0.602
 830.000  83.040   0.507
 840.000  82.368   0.483
 850.000  81.850   0.475
 860.000  82.642   0.469
 870.000  82.259   0.472
 880.000  84.074   0.471
 890.000  82.908   0.440
 900.000  82.047   0.551
 910.000  80.910   0.565
 920.000  82.441   0.537
 930.000  82.636   0.608
 940.000  81.724   0.511
 950.000  80.786   0.398
 960.000  80.532   0.446
 970.000  81.409   0.514
 980.000  81.393   0.445
 990.000  82.073   0.471
1000.000  80.941   0.486
