   0.000 122.586   0.000
  10.000 103.754   2.166
  20.000 100.418   0.713
  30.000  99.118   0.517
  40.000  97.937   0.516
  50.000  97.311   0.815
  60.000  95.040   0.663
  70.000  93.243   0.657
  80.000  90.528   1.034
  90.000  88.979   0.532
 100.000  88.766   0.587
 110.000  87.501   0.515
 120.000  87.957   0.484
 130.000  89.220   0.506
 140.000  88.855   0.420
 150.000  89.127   0.559
 160.000  89.795   0.612
 170.000  91.154   0.536
 180.000  91.120   0.636
 190.000  90.304   0.548
 200.000  92.478   0.628
 210.000  90.901   0.450
 220.000  90.742   0.534
 230.000  90.659   0.438
 240.000  91.157   0.478
 250.000  91.023   0.568
 260.000  90.401   0.497
 270.000  90.352   0.514
 280.000  90.232   0.439
 290.000  91.726   0.548
 300.000  91.137   0.619
 310.000  92.190   0.636
 320.000  90.200   0.373
 330.000  89.572   0.719
 340.000  87.854   0.546
 350.000  88.188   0.460
 360.000  87.833   0.589
 370.000  87.224   0.389
 380.000  87.636   0.477
 390.000  88.111   0.493
 400.000  88.915   0.395
 410.000  89.533   0.533
 420.000  89.708   0.443
 430.000  88.353   0.407
 440.000  87.499   0.390
 450.000  89.466   0.614
 460.000  86.803   0.409
 470.000  87.530   0.499
 480.000  87.947   0.565
 490.000  87.118   0.555
 500.000  87.338   0.509
 510.000  87.546   0.808
 520.000  86.079   0.531
 530.000  86.892   0.569
 540.000  87.367   0.525
 550.000  87.510   0.447
 560.000  85.899   0.538
 570.000  85.798   0.597
 580.000  85.928   0.605
 590.000  85.814   0.478
 600.000  85.521   0.430
 610.000  85.209   0.561
 620.000  84.808   0.437
 630.000  84.770   0.419
 640.000  84.038   0.612
 650.000  85.235   0.510
 660.000  84.410   0.473
 670.000  84.081   0.471
 680.000  83.273   0.428
 690.000  82.744   0.416
 700.000  82.504   0.363
 710.000  82.485   0.389
 720.000  82.224   0.442
 730.000  82.985   0.395
 740.000  83.831   0.418
 750.000  84.538   0.358
 760.000  84.296   0.372
 770.000  84.617   0.398
 780.000  84.848   0.332
 790.000  83.986   0.440
 800.000  83.734   0.481
 810.000  83.961   0.357
 820.000  84.558   0.418
 830.000  84.814   0.371
 840.000  83.115   0.593
 850.000  82.312   0.398
 860.000  82.368   0.405
 870.000  82.677   0.599
 880.000  83.508   0.353
 890.000  83.359   0.391
 900.000  83.390   0.362
 910.000  83.411   0.406
 920.000  83.452   0.393
 930.000  83.038   0.412
 940.000  82.965   0.362
 950.000  83.550   0.408
 960.000  83.473   0.415
 970.000  82.805   0.332
 980.000  83.204   0.389
 990.000  84.471   0.460
1000.000  84.293   0.419
