   0.000 123.570   0.000
  10.000 104.889   3.804
  20.000  97.707   0.660
  30.000  96.259   0.680
  40.000  96.040   0.595
  50.000  96.449   0.487
  60.000  91.451   1.009
  70.000  87.984   0.639
  80.000  85.639   1.061
  90.000  86.818   1.085
 100.000  88.247   0.574
 110.000  88.436   0.486
 120.000  87.345   0.672
 130.000  87.613   0.589
 140.000  87.343   0.720
 150.000  87.632   0.522
 160.000  87.735   0.590
 170.000  88.049   0.703
 180.000  87.472   0.529
 190.000  87.846   0.656
 200.000  87.766   0.750
 210.000  86.715   0.463
 220.000  85.895   0.858
 230.000  85.342   0.618
 240.000  84.820   0.466
 250.000  85.118   0.470
 260.000  84.759   0.619
 270.000  84.666   0.508
 280.000  85.221   0.518
 290.000  83.565   0.664
 300.000  82.197   0.544
 310.000  83.364   0.848
 320.000  83.049   0.517
 330.000  83.083   0.638
 340.000  82.763   0.457
 350.000  82.494   0.513
 360.000  81.547   0.485
 370.000  81.381   0.444
 380.000  81.135   0.636
 390.000  80.988   0.406
 400.000  80.462   0.514
 410.000  80.397   0.557
 420.000  80.242   0.592
 430.000  79.184   0.416
 440.000  79.603   0.359
 450.000  80.148   0.565
 460.000  80.404   0.369
 470.000  80.802   0.407
 480.000  81.926   0.478
 490.000  82.209   0.397
 500.000  82.626   0.413
 510.000  81.344   0.557
 520.000  78.829   0.571
 530.000  78.662   0.474
 540.000  79.455   0.412
 550.000  80.363   0.433
 560.000  80.493   0.448
 570.000  81.053   0.478
 580.000  80.874   0.503
 590.000  80.462   0.413
 600.000  80.728   0.517
 610.000  79.987   0.501
 620.000  79.363   0.707
 630.000  79.689   0.649
 640.000  81.586   0.620
 650.000  82.422   0.659
 660.000  82.683   0.720
 670.000  80.044   0.476
 680.000  79.201   1.026
 690.000  77.699   0.563
 700.000  80.679   0.578
 710.000  80.703   0.392
 720.000  79.612   0.520
 730.000  78.963   0.420
 740.000  78.376   0.435
 750.000  78.220   0.464
 760.000  78.473   0.371
 770.000  78.463   0.440
 780.000  77.794   0.443
 790.000  78.347   0.444
 800.000  78.765   0.481
 810.000  80.085   0.611
 820.000  82.509   0.783
 830.000  79.920   0.471
 840.000  80.326   0.425
 850.000  80.101   0.444
 860.000  80.734   0.589
 870.000  81.530   0.506
 880.000  80.968   0.474
 890.000  80.391   0.406
 900.000  80.194   0.407
 910.000  80.829   0.462
 920.000  80.384   0.439
 930.000  79.810   0.416
 940.000  79.701   0.397
 950.000  79.750   0.379
 960.000  80.883   0.571
 970.000  81.322   0.412
 980.000  81.520   0.453
 990.000  81.626   0.472
1000.000  80.818   0.400
