   0.000 124.623   0.000
  10.000 115.390   1.326
  20.000 110.244   0.864
  30.000 107.421   0.708
  40.000 104.674   0.825
  50.000  98.651   1.112
  60.000  95.364   0.612
  70.000  95.138   1.213
  80.000  91.246   0.680
  90.000  90.006   0.833
 100.000  89.967   0.983
 110.000  87.634   0.403
 120.000  88.136   0.452
 130.000  88.061   0.465
 140.000  88.638   0.575
 150.000  87.178   0.670
 160.000  86.308   0.448
 170.000  84.922   0.401
 180.000  84.661   0.527
 190.000  84.894   0.489
 200.000  85.895   0.693
 210.000  87.727   0.941
 220.000  88.447   0.537
 230.000  91.378   0.526
 240.000  91.337   0.465
 250.000  89.314   1.056
 260.000  85.253   0.519
 270.000  88.019   0.768
 280.000  89.260   0.527
 290.000  88.843   0.900
 300.000  85.410   0.820
 310.000  86.907   0.532
 320.000  88.111   0.532
 330.000  89.676   0.695
 340.000  91.563   0.669
 350.000  91.074   0.835
 360.000  88.133   0.639
 370.000  88.220   0.457
 380.000  88.868   0.617
 390.000  88.168   0.461
 400.000  88.268   0.541
 410.000  87.903   0.514
 420.000  88.571   0.488
 430.000  88.201   0.525
 440.000  88.372   0.511
 450.000  89.445   0.496
 460.000  88.727   0.502
 470.000  89.383   0.452
 480.000  89.078   0.480
 490.000  88.977   0.503
 500.000  89.262   0.550
 510.000  89.085   0.540
 520.000  88.813   0.491
 530.000  88.816   0.563
 540.000  89.558   0.560
 550.000  88.473   0.451
 560.000  88.180   0.617
 570.000  89.095   0.428
 580.000  88.290   0.782
 590.000  87.292   0.481
 600.000  87.607   0.488
 610.000  87.062   0.502
 620.000  88.667   0.493
 630.000  88.087   0.494
 640.000  87.758   0.664
 650.000  86.137   0.465
 660.000  86.073   0.387
 670.000  89.176   0.597
 680.000  88.342   0.444
 690.000  88.629   0.508
 700.000  88.448   0.529
 710.000  88.127   0.534
 720.000  89.619   0.598
 730.000  89.092   0.565
 740.000  90.450   0.552
 750.000  88.313   0.590
 760.000  89.181   0.429
 770.000  91.369   0.678
 780.000  88.617   0.562
 790.000  88.958   0.466
 800.000  87.702   0.702
 810.000  88.731   0.737
 820.000  88.364   0.560
 830.000  89.536   0.575
 840.000  87.866   0.466
 850.000  88.004   0.428
 860.000  88.461   0.460
 870.000  88.617   0.672
 880.000  87.573   0.476
 890.000  89.140   0.503
 900.000  88.081   0.517
 910.000  88.874   0.562
 920.000  86.364   0.555
 930.000  85.903   0.479
 940.000  87.136   0.582
 950.000  87.334   0.493
 960.000  85.554   0.499
 970.000  85.168   0.540
 980.000  84.142   0.446
 990.000  85.555   0.452
1000.000  83.322   0.556
