   0.000 129.684   0.000
  10.000 112.829   2.505
  20.000 110.311   2.091
  30.000 111.585   2.552
  40.000 111.171   2.516
  50.000 103.188   3.355
  60.000  97.971   1.847
  70.000  94.562   0.750
  80.000  94.002   1.069
  90.000  95.311   0.842
 100.000  96.278   0.495
 110.000  94.598   0.703
 120.000  94.900   1.008
 130.000  95.647   1.700
 140.000  96.901   1.949
 150.000  94.031   0.424
 160.000  96.232   2.155
 170.000  94.947   2.110
 180.000  97.371   2.488
 190.000  97.973   2.385
 200.000  95.284   1.433
 210.000  96.958   2.313
 220.000 100.047   2.174
 230.000  96.469   2.375
 240.000  95.593   0.963
 250.000  96.564   2.331
 260.000  95.915   2.244
 270.000  94.002   0.351
 280.000  99.709   2.508
 290.000  98.716   2.333
 300.000  93.947   0.712
 310.000  95.367   2.223
 320.000  93.814   1.013
 330.000  95.130   1.922
 340.000 100.314   2.330
 350.000  94.604   1.960
 360.000  99.868   2.459
 370.000 102.125   1.697
 380.000 101.422   2.408
 390.000  93.624   1.472
 400.000  94.965   2.283
 410.000  97.628   2.641
 420.000  92.405   0.393
 430.000  91.909   0.354
 440.000  92.218   1.545
 450.000  91.673   0.457
 460.000  91.972   0.387
 470.000  92.413   0.416
 480.000  93.188   1.150
 490.000  93.982   2.101
 500.000  93.451   1.887
 510.000  91.640   0.365
 520.000  96.157   2.935
 530.000  92.689   1.693
 540.000  92.489   1.290
 550.000  96.024   2.774
 560.000  99.116   2.980
 570.000  98.989   2.939
 580.000  93.479   1.840
 590.000  92.134   0.396
 600.000  91.756   0.516
 610.000  91.967   0.415
 620.000  92.042   0.399
 630.000  91.590   1.055
 640.000  93.612   2.204
 650.000  98.829   3.180
 660.000  94.980   2.671
 670.000  94.238   2.356
 680.000  98.837   2.861
 690.000  94.510   2.834
 700.000  93.161   2.421
 710.000  90.403   0.442
 720.000  91.046   0.707
 730.000  90.926   0.388
 740.000  91.321   0.371
 750.000  93.010   2.105
 760.000  91.837   0.409
 770.000  91.668   0.376
 780.000  92.527   1.805
 790.000  91.978   1.577
 800.000  91.820   1.871
 810.000  92.552   1.948
 820.000  91.133   0.389
 830.000  91.047   0.415
 840.000  93.139   2.217
 850.000  93.314   2.409
 860.000  97.061   3.154
 870.000  92.418   1.449
 880.000  90.610   0.726
 890.000  90.659   0.557
 900.000  89.252   0.587
 910.000  89.955   1.018
 920.000  88.369   0.432
 930.000  87.918   0.451
 940.000  87.649   0.411
 950.000  88.235   0.433
 960.000  88.877   1.489
 970.000  88.276   0.390
 980.000  88.938   0.463
 990.000  89.756   0.519
1000.000  89.636   0.517
