   0.000 119.893   0.000
  10.000 104.461   2.230
  20.000  99.443   0.781
  30.000  93.516   1.028
  40.000  91.595   0.785
  50.000  92.213   0.587
  60.000  92.283   0.575
  70.000  91.412   0.776
  80.000  93.167   0.545
  90.000  92.930   0.567
 100.000  92.976   0.656
 110.000  96.788   1.700
 120.000  95.192   1.876
 130.000  97.105   1.161
 140.000  97.786   0.750
 150.000  96.733   0.538
 160.000  93.099   1.092
 170.000  94.155   1.004
 180.000  96.620   0.625
 190.000  95.979   0.487
 200.000  95.174   0.400
 210.000  94.899   0.579
 220.000  94.732   0.756
 230.000  97.443   0.803
 240.000  98.292   0.683
 250.000  97.876   0.624
 260.000  96.536   0.857
 270.000  94.792   0.638
 280.000  95.436   0.728
 290.000  95.087   0.662
 300.000  92.987   0.438
 310.000  93.056   0.625
 320.000  92.744   0.871
 330.000  94.624   0.568
 340.000  89.303   2.771
 350.000  86.431   2.538
 360.000  82.863   1.120
 370.000  92.619   1.957
 380.000  84.924   1.380
 390.000  84.314   0.567
 400.000  82.620   0.530
 410.000  81.675   0.616
 420.000  81.621   0.450
 430.000  81.611   0.624
 440.000  85.151   0.667
 450.000  83.665   0.610
 460.000  81.854   0.504
 470.000  83.776   0.937
 480.000  83.263   0.745
 490.000  81.824   0.589
 500.000  83.822   0.890
 510.000  85.632   0.612
 520.000  84.123   0.802
 530.000  82.389   0.899
 540.000  80.703   0.999
 550.000  80.817   0.789
 560.000  82.074   0.777
 570.000  82.049   0.532
 580.000  83.045   0.640
 590.000  80.453   0.561
 600.000  79.583   0.697
 610.000  78.494   0.471
 620.000  79.816   0.653
 630.000  79.901   0.474
 640.000  81.078   0.474
 650.000  81.767   0.592
 660.000  80.510   0.684
 670.000  82.620   0.631
 680.000  82.208   0.779
 690.000  81.413   0.622
 700.000  80.657   0.814
 710.000  82.551   0.917
 720.000  85.159   0.653
 730.000  84.143   1.080
 740.000  83.112   1.303
 750.000  81.276   0.448
 760.000  81.981   0.552
 770.000  82.008   0.617
 780.000  80.292   0.534
 790.000  81.059   0.450
 800.000  80.556   0.648
 810.000  78.965   0.505
 820.000  79.284   0.479
 830.000  78.606   0.571
 840.000  77.875   0.505
 850.000  77.981   0.630
 860.000  79.649   0.821
 870.000  80.436   0.781
 880.000  79.777   0.538
 890.000     NaN     NaN
 900.000  80.680   0.667
 910.000  79.224   0.546
 920.000  79.393   0.509
 930.000  79.685   0.715
 940.000  80.270   0.452
 950.000  80.197   0.555
 960.000  79.859   0.453
 970.000  80.688   0.463
 980.000  78.924   0.748
 990.000  77.789   0.646
1000.000  76.842   0.586
