   0.000 141.015   0.000
  10.000 121.649   3.077
  20.000 110.407   1.216
  30.000 109.428   0.762
  40.000 106.425   1.296
  50.000 100.113   0.716
  60.000 100.722   0.662
  70.000 100.613   0.576
  80.000  99.992   0.872
  90.000  98.971   0.605
 100.000  96.606   0.612
 110.000  96.306   0.596
 120.000  96.406   0.748
 130.000  96.739   0.620
 140.000  94.862   0.833
 150.000  93.880   0.595
 160.000  91.222   0.956
 170.000  89.535   0.521
 180.000  90.680   0.586
 190.000  91.353   0.604
 200.000  90.715   0.425
 210.000  90.336   0.547
 220.000  90.433   0.810
 230.000  89.491   0.620
 240.000  91.260   0.714
 250.000  90.568   0.602
 260.000  89.274   0.626
 270.000  91.314   0.513
 280.000  91.377   0.602
 290.000  92.029   0.658
 300.000  89.961   0.482
 310.000  90.317   0.475
 320.000  90.359   0.421
 330.000  90.903   0.467
 340.000  90.548   0.546
 350.000  89.635   0.589
 360.000  88.536   0.522
 370.000  88.881   0.721
 380.000  90.459   0.524
 390.000  91.366   0.591
 400.000  89.908   0.602
 410.000  89.548   0.583
 420.000  89.498   0.543
 430.000  88.870   0.518
 440.000  90.506   0.630
 450.000  92.498   0.609
 460.000  91.912   0.481
 470.000  91.630   0.705
 480.000  90.689   0.544
 490.000  90.154   0.633
 500.000  90.810   0.682
 510.000  90.189   0.512
 520.000  90.731   0.465
 530.000  91.373   0.650
 540.000  90.097   0.583
 550.000  90.558   0.490
 560.000  89.127   0.529
 570.000  88.841   0.449
 580.000  88.949   0.561
 590.000  88.277   0.478
 600.000  88.798   0.426
 610.000  88.895   0.494
 620.000  88.556   0.462
 630.000  89.299   0.492
 640.000  87.668   0.585
 650.000  88.563   0.660
 660.000  89.624   0.509
 670.000  89.092   0.446
 680.000  89.373   0.583
 690.000  89.940   0.566
 700.000  89.515   0.492
 710.000  89.947   0.522
 720.000  89.605   0.497
 730.000  88.855   0.493
 740.000  88.694   0.429
 750.000  89.688   0.612
 760.000  88.741   0.562
 770.000  88.037   0.525
 780.000  87.607   0.514
 790.000  87.909   0.547
 800.000  88.397   0.742
 810.000  88.953   0.601
 820.000  89.159   0.452
 830.000  90.137   0.731
 840.000  89.041   0.532
 850.000  88.903   0.736
 860.000  90.559   0.648
 870.000  89.770   0.588
 880.000  88.129   0.902
 890.000  87.158   0.841
 900.000  90.498   0.414
 910.000  91.425   0.422
 920.000  91.737   0.548
 930.000  92.843   0.536
 940.000  90.631   0.734
 950.000  88.811   0.619
 960.000  88.401   0.584
 970.000  88.808   0.829
 980.000  88.598   0.517
 990.000  88.843   0.475
1000.000  89.476   0.530
