   0.000 115.904   0.000
  10.000 103.048   1.954
  20.000  93.543   1.211
  30.000  90.250   0.718
  40.000  90.750   0.603
  50.000  90.550   0.688
  60.000  92.611   0.632
  70.000  88.671   1.200
  80.000  85.705   0.689
  90.000  88.042   0.731
 100.000  86.119   0.534
 110.000  86.752   0.552
 120.000  87.998   0.575
 130.000  88.496   1.009
 140.000  85.595   0.857
 150.000  84.435   0.880
 160.000  84.341   0.552
 170.000  84.313   0.568
 180.000  83.607   0.636
 190.000  81.098   0.662
 200.000  78.349   1.123
 210.000  76.482   0.674
 220.000  77.366   0.601
 230.000  78.609   0.844
 240.000  77.158   0.828
 250.000  77.109   0.597
 260.000  78.227   0.604
 270.000  79.497   0.670
 280.000  77.518   0.513
 290.000  76.340   0.557
 300.000  77.169   0.508
 310.000  78.744   0.756
 320.000  78.422   0.561
 330.000  78.465   0.618
 340.000  76.315   0.436
 350.000  78.063   0.660
 360.000  77.344   0.597
 370.000  76.443   0.449
 380.000  76.197   0.595
 390.000  76.409   0.445
 400.000  75.831   0.503
 410.000  75.939   0.582
 420.000  76.355   0.622
 430.000  75.550   0.435
 440.000  75.492   0.457
 450.000  76.368   0.709
 460.000  74.030   0.470
 470.000  75.222   0.618
 480.000  77.299   0.674
 490.000  76.599   0.628
 500.000  74.673   0.595
 510.000  75.996   0.660
 520.000  76.687   0.504
 530.000  74.540   0.587
 540.000  75.563   0.488
 550.000  76.221   0.514
 560.000  76.232   0.414
 570.000  77.262   0.663
 580.000  78.020   0.509
 590.000  74.703   0.580
 600.000  72.659   0.727
 610.000  71.493   0.474
 620.000  71.510   0.504
 630.000  71.261   0.395
 640.000  71.617   0.414
 650.000  72.097   0.454
 660.000  72.608   0.404
 670.000  71.957   0.568
 680.000  71.025   0.398
 690.000  72.645   0.770
 700.000  72.435   0.451
 710.000  72.476   0.415
 720.000  72.746   0.548
 730.000  71.874   0.577
 740.000  72.002   0.619
 750.000  72.506   0.416
 760.000  72.203   0.442
 770.000  72.590   0.504
 780.000  71.997   0.413
 790.000  72.312   0.503
 800.000  72.565   0.418
 810.000  71.661   0.426
 820.000  72.006   0.437
 830.000  71.662   0.485
 840.000  72.101   0.399
 850.000  71.382   0.447
 860.000  71.120   0.437
 870.000  71.515   0.474
 880.000  71.728   0.459
 890.000  71.455   0.445
 900.000  72.693   0.437
 910.000  73.070   0.496
 920.000  72.287   0.415
 930.000  71.763   0.431
 940.000  71.768   0.419
 950.000  72.473   0.520
 960.000  71.562   0.464
 970.000  72.031   0.608
 980.000  72.194   0.682
 990.000  71.681   0.638
1000.000  72.595   0.691
