   0.000 121.019   0.000
  10.000 103.020   3.106
  20.000  97.682   1.040
  30.000  93.409   0.956
  40.000  90.986   0.513
  50.000  90.393   0.831
  60.000  87.699   0.475
  70.000  86.715   0.578
  80.000  85.142   0.566
  90.000  84.437   0.511
 100.000  84.383   0.463
 110.000  84.960   0.429
 120.000  84.196   0.380
 130.000  83.332   0.562
 140.000  81.870   0.487
 150.000  80.964   0.679
 160.000  79.856   0.409
 170.000  80.756   0.638
 180.000  81.384   0.485
 190.000  80.785   0.505
 200.000  80.159   0.427
 210.000  81.291   0.445
 220.000  80.906   0.655
 230.000  79.447   0.522
 240.000  79.254   0.557
 250.000  79.975   0.367
 260.000  80.402   0.432
 270.000  79.378   0.538
 280.000  77.628   0.452
 290.000  78.978   0.459
 300.000  79.277   0.357
 310.000  78.851   0.422
 320.000  78.160   0.421
 330.000  78.550   0.347
 340.000  79.441   0.438
 350.000  78.386   0.454
 360.000  77.399   0.582
 370.000  79.878   0.472
 380.000  79.729   0.523
 390.000  80.606   0.419
 400.000  80.797   0.405
 410.000  80.622   0.661
 420.000  80.782   0.633
 430.000  80.229   0.556
 440.000  80.238   0.485
 450.000  80.589   0.552
 460.000  81.005   0.542
 470.000  79.620   0.585
 480.000  78.658   0.480
 490.000  79.873   0.654
 500.000  80.926   0.515
 510.000  78.848   0.940
 520.000  78.597   0.803
 530.000  79.865   0.380
 540.000  78.095   0.756
 550.000  77.161   0.369
 560.000  77.263   0.550
 570.000  77.776   0.371
 580.000  77.233   0.427
 590.000  77.638   0.395
 600.000  78.398   0.407
 610.000  78.530   0.441
 620.000  78.016   0.474
 630.000  77.750   0.459
 640.000  78.129   0.511
 650.000  77.094   0.562
 660.000  78.134   0.375
 670.000  79.138   0.475
 680.000  77.517   0.477
 690.000  76.241   0.492
 700.000  77.248   0.437
 710.000  77.705   0.511
 720.000  77.589   0.525
 730.000  77.986   0.624
 740.000  78.822   0.470
 750.000  79.436   0.438
 760.000  79.847   0.432
 770.000  79.303   0.434
 780.000  77.831   0.442
 790.000  77.194   0.468
 800.000  77.678   0.580
 810.000  76.882   0.493
 820.000  75.026   0.620
 830.000  74.727   0.422
 840.000  74.725   0.370
 850.000  74.652   0.438
 860.000  74.440   0.493
 870.000  74.174   0.366
 880.000  73.281   0.543
 890.000  72.832   0.650
 900.000  74.465   0.417
 910.000  74.038   0.484
 920.000  74.067   0.388
 930.000  74.700   0.473
 940.000  75.216   0.453
 950.000  75.608   0.435
 960.000  77.471   0.415
 970.000  77.211   0.427
 980.000  78.419   0.502
 990.000  76.143   0.413
1000.000  76.420   0.480
