   0.000 114.469   0.000
  10.000 109.248   1.129
  20.000 101.361   0.763
  30.000  98.089   1.654
  40.000 105.048   2.903
  50.000  98.271   2.491
  60.000  95.494   0.748
  70.000  96.643   1.282
  80.000  96.582   1.410
  90.000  95.860   0.514
 100.000 101.207   3.519
 110.000  94.352   1.462
 120.000  93.975   1.292
 130.000  94.511   2.469
 140.000  94.548   2.216
 150.000  96.023   2.067
 160.000  94.013   2.707
 170.000  94.625   2.624
 180.000  99.414   3.148
 190.000  94.765   2.821
 200.000  99.307   3.550
 210.000  93.074   0.539
 220.000  93.042   0.681
 230.000  97.806   3.339
 240.000  96.354   1.701
 250.000  95.323   0.444
 260.000  95.710   0.632
 270.000  96.929   0.668
 280.000  97.035   1.455
 290.000  97.939   3.240
 300.000  95.408   3.455
 310.000  97.081   3.480
 320.000 101.392   3.061
 330.000  96.741   3.202
 340.000  94.949   2.500
 350.000  92.844   0.947
 360.000  94.418   0.949
 370.000  91.580   1.603
 380.000  99.333   2.854
 390.000  94.225   2.392
 400.000 100.905   2.754
 410.000  94.671   2.819
 420.000  91.675   1.908
 430.000  92.342   2.941
 440.000  96.430   2.789
 450.000  97.933   2.750
 460.000  96.448   2.378
 470.000  94.914   2.209
 480.000  92.404   0.796
 490.000  94.871   1.760
 500.000  98.654   2.234
 510.000  96.419   1.051
 520.000  93.872   1.097
 530.000  94.708   1.998
 540.000  92.074   1.848
 550.000  93.394   2.065
 560.000  95.784   2.747
 570.000  96.194   2.691
 580.000  93.888   2.090
 590.000  90.999   1.422
 600.000  95.513   2.481
 610.000  95.911   2.386
 620.000  95.059   1.556
 630.000  93.185   1.712
 640.000  91.627   1.638
 650.000  92.332   1.645
 660.000  95.159   1.598
 670.000  92.940   2.482
 680.000  88.843   1.400
 690.000  93.330   1.942
 700.000  96.448   1.487
 710.000  93.958   2.371
 720.000  90.740   2.937
 730.000  86.673   3.300
 740.000  85.989   1.879
 750.000  88.000   2.581
 760.000  94.577   1.713
 770.000  93.040   0.493
 780.000  86.054   0.952
 790.000  86.813   1.091
 800.000  89.319   1.702
 810.000  89.726   1.996
 820.000  93.861   0.961
 830.000  93.173   2.568
 840.000  94.860   2.583
 850.000  98.973   2.119
 860.000  96.267   2.562
 870.000  95.381   2.975
 880.000  87.532   2.353
 890.000  86.627   1.410
 900.000  87.819   2.534
 910.000  86.597   2.195
 920.000  86.055   1.278
 930.000  90.943   2.289
 940.000  96.946   2.400
 950.000  96.719   2.050
 960.000  99.002   2.244
 970.000  96.698   1.896
 980.000  94.883   2.261
 990.000  91.377   1.845
1000.000  93.501   2.689
