   0.000 121.775   0.000
  10.000  99.221   3.361
  20.000  94.362   1.130
  30.000 100.988   0.612
  40.000 101.293   1.410
  50.000  98.571   0.946
  60.000  98.908   0.918
  70.000  94.606   0.917
  80.000  94.103   0.837
  90.000  92.804   0.939
 100.000  94.392   0.733
 110.000  96.198   0.807
 120.000  96.501   0.527
 130.000  96.568   0.663
 140.000  92.065   0.943
 150.000  89.620   0.770
 160.000  91.085   0.527
 170.000  91.692   0.542
 180.000  90.406   0.570
 190.000  90.639   0.486
 200.000  90.526   0.738
 210.000  90.804   0.713
 220.000  89.681   0.509
 230.000  89.117   0.693
 240.000  87.145   0.630
 250.000  84.627   0.854
 260.000  85.003   0.779
 270.000  86.417   0.534
 280.000  85.683   0.550
 290.000  86.248   0.739
 300.000  88.126   0.989
 310.000  87.624   0.583
 320.000  85.130   0.923
 330.000  83.643   0.465
 340.000  84.511   0.534
 350.000  85.348   0.695
 360.000  88.566   1.420
 370.000  87.902   0.743
 380.000  87.688   0.653
 390.000  84.006   0.779
 400.000  83.103   0.639
 410.000  82.636   0.899
 420.000  83.174   0.614
 430.000  79.134   0.761
 440.000  82.851   0.854
 450.000  81.070   0.662
 460.000  81.033   0.649
 470.000  80.421   0.743
 480.000  80.124   0.572
 490.000  79.676   0.480
 500.000  78.655   0.543
 510.000  80.384   0.653
 520.000  80.974   0.607
 530.000  82.689   0.462
 540.000  82.294   0.492
 550.000  80.476   0.424
 560.000  79.434   0.448
 570.000  80.380   0.478
 580.000  80.608   0.568
 590.000  80.785   0.644
 600.000  80.459   0.429
 610.000  81.685   0.476
 620.000  82.520   0.493
 630.000  82.666   0.708
 640.000  83.767   0.598
 650.000  83.141   0.647
 660.000  80.471   0.612
 670.000  79.803   0.533
 680.000  79.835   0.500
 690.000  80.517   0.644
 700.000  79.694   0.533
 710.000  78.042   0.548
 720.000  79.248   0.513
 730.000  77.909   0.637
 740.000  78.603   0.909
 750.000  82.763   0.617
 760.000  84.371   0.581
 770.000  83.230   0.511
 780.000  85.029   0.642
 790.000  85.363   0.531
 800.000  83.780   0.647
 810.000  82.750   0.601
 820.000  83.712   0.694
 830.000  84.856   0.564
 840.000  85.885   0.489
 850.000  87.229   0.646
 860.000  83.906   1.081
 870.000  85.433   1.080
 880.000  84.785   0.799
 890.000  82.739   0.596
 900.000  83.991   0.596
 910.000  83.187   0.488
 920.000  83.814   0.568
 930.000  85.138   0.689
 940.000  86.304   0.622
 950.000  86.989   0.499
 960.000  83.029   0.502
 970.000  83.326   0.542
 980.000  84.709   0.775
 990.000  88.309   0.575
1000.000  90.109   0.602
