   0.000 114.867   0.000
  10.000 102.216   2.404
  20.000  94.100   1.314
  30.000  92.329   0.705
  40.000  90.043   0.709
  50.000  90.593   0.906
  60.000  92.056   0.744
  70.000  87.279   1.409
  80.000  86.681   0.742
  90.000  88.219   0.493
 100.000  88.579   0.560
 110.000  87.883   0.708
 120.000  84.464   0.909
 130.000  82.105   0.665
 140.000  78.065   0.828
 150.000  78.612   0.598
 160.000  78.236   0.476
 170.000  78.452   0.773
 180.000  80.971   0.702
 190.000  81.492   0.505
 200.000  81.809   0.496
 210.000  78.647   0.942
 220.000  78.287   0.458
 230.000  78.428   0.453
 240.000  78.341   0.437
 250.000  79.004   0.477
 260.000  79.052   0.525
 270.000  79.977   0.476
 280.000  78.104   0.555
 290.000  79.062   0.515
 300.000  78.624   0.520
 310.000  78.743   0.570
 320.000  77.873   0.546
 330.000  79.386   0.626
 340.000  80.550   0.795
 350.000  82.251   0.650
 360.000  81.275   0.587
 370.000  80.768   0.628
 380.000  80.404   0.488
 390.000  79.829   0.442
 400.000  80.212   0.687
 410.000  80.599   0.539
 420.000  80.014   0.749
 430.000  80.197   0.686
 440.000  80.937   0.537
 450.000  79.597   0.580
 460.000  80.169   0.546
 470.000  78.706   0.434
 480.000  78.683   0.481
 490.000  80.581   0.518
 500.000  77.761   1.101
 510.000  76.070   0.662
 520.000  76.766   0.652
 530.000  77.105   0.688
 540.000  77.002   0.731
 550.000  79.177   0.545
 560.000  77.642   0.488
 570.000  78.670   0.667
 580.000  77.744   0.465
 590.000  76.578   0.765
 600.000  77.718   0.882
 610.000  77.109   0.574
 620.000  76.510   0.827
 630.000  77.464   0.677
 640.000  76.684   0.469
 650.000  77.292   0.559
 660.000  76.281   0.528
 670.000  75.521   0.556
 680.000  77.913   0.567
 690.000  77.019   0.522
 700.000  78.386   0.563
 710.000  76.289   0.596
 720.000  77.905   0.552
 730.000  75.816   0.628
 740.000  77.014   0.476
 750.000  77.477   0.558
 760.000  77.906   0.522
 770.000  77.405   0.512
 780.000  76.850   0.470
 790.000  76.740   0.667
 800.000  75.514   0.534
 810.000  75.684   0.425
 820.000  75.859   0.577
 830.000  75.221   0.718
 840.000  75.161   0.452
 850.000  75.964   0.710
 860.000  75.326   0.734
 870.000  73.367   0.496
 880.000  73.845   0.479
 890.000  73.794   0.402
 900.000  73.694   0.422
 910.000  74.104   0.480
 920.000  75.554   0.534
 930.000  75.404   0.637
 940.000  75.826   0.465
 950.000  75.612   0.433
 960.000  74.740   0.501
 970.000  76.618   0.710
 980.000  78.178   0.609
 990.000  78.632   0.723
1000.000  79.321   0.562
