   0.000 123.246   0.000
  10.000 105.331   3.261
  20.000  90.416   1.047
  30.000  89.961   0.667
  40.000  87.710   0.790
  50.000  82.429   1.058
  60.000  79.402   0.695
  70.000  78.374   0.470
  80.000  76.937   0.535
  90.000  76.294   0.468
 100.000  76.379   0.416
 110.000  77.258   0.460
 120.000  76.884   0.459
 130.000  77.475   0.492
 140.000  77.650   0.417
 150.000  78.682   0.582
 160.000  79.433   0.438
 170.000  79.320   0.459
 180.000  80.113   0.561
 190.000  80.180   0.527
 200.000  79.113   0.541
 210.000  79.790   0.573
 220.000  79.081   0.488
 230.000  79.669   0.557
 240.000  76.705   0.660
 250.000  77.676   0.654
 260.000  78.268   0.602
 270.000  75.227   0.465
 280.000  74.727   0.548
 290.000  74.432   0.596
 300.000  75.744   0.827
 310.000  76.699   0.458
 320.000  75.177   0.618
 330.000  75.058   0.474
 340.000  75.984   0.448
 350.000  75.116   0.499
 360.000  75.154   0.387
 370.000  75.950   0.541
 380.000  75.179   0.519
 390.000  75.821   0.722
 400.000  77.098   0.447
 410.000  76.228   0.557
 420.000  75.123   0.422
 430.000  75.841   0.428
 440.000  74.753   0.502
 450.000  74.652   0.404
 460.000  74.983   0.462
 470.000  75.953   0.423
 480.000  74.707   0.583
 490.000  75.599   0.556
 500.000  75.367   0.452
 510.000  75.509   0.424
 520.000  75.461   0.431
 530.000  75.788   0.392
 540.000  76.039   0.379
 550.000  76.260   0.458
 560.000  76.670   0.438
 570.000  76.442   0.443
 580.000  74.733   0.578
 590.000  74.195   0.550
 600.000  74.328   0.515
 610.000  75.338   0.452
 620.000  76.009   0.468
 630.000  75.458   0.451
 640.000  76.085   0.550
 650.000  76.592   0.600
 660.000  75.725   0.504
 670.000  76.306   0.488
 680.000  76.559   0.429
 690.000  76.387   0.602
 700.000  77.184   0.465
 710.000  77.214   0.424
 720.000  77.608   0.464
 730.000  77.420   0.405
 740.000  76.618   0.461
 750.000  77.077   0.396
 760.000  77.043   0.383
 770.000  77.736   0.412
 780.000  76.734   0.473
 790.000  76.217   0.459
 800.000  76.562   0.496
 810.000  76.560   0.465
 820.000  76.625   0.460
 830.000  75.463   0.562
 840.000  75.841   0.408
 850.000  75.036   0.474
 860.000  74.928   0.422
 870.000  75.056   0.649
 880.000  75.243   0.471
 890.000  73.906   0.853
 900.000  74.776   0.501
 910.000  74.568   0.439
 920.000  74.281   0.452
 930.000  75.119   0.626
 940.000  76.782   0.468
 950.000  76.531   0.482
 960.000  77.115   0.524
 970.000  77.430   0.461
 980.000  77.682   0.474
 990.000  76.575   0.566
1000.000  76.458   0.434
