   0.000 127.646   0.000
  10.000 109.709   3.205
  20.000  98.999   1.628
  30.000  95.828   0.934
  40.000  98.208   0.584
  50.000  96.259   0.739
  60.000  93.974   0.780
  70.000  91.881   0.585
  80.000  93.790   0.525
  90.000  92.823   0.461
 100.000  93.107   0.775
 110.000  93.209   0.579
 120.000  92.230   0.567
 130.000  93.298   0.678
 140.000  92.888   0.537
 150.000  92.746   0.488
 160.000  92.195   0.629
 170.000  90.690   0.624
 180.000  90.347   0.593
 190.000  90.327   0.566
 200.000  91.750   0.520
 210.000  90.160   0.779
 220.000  90.067   0.460
 230.000  90.805   0.688
 240.000  91.005   0.579
 250.000  90.379   0.650
 260.000  88.850   0.593
 270.000  87.993   0.471
 280.000  87.624   0.717
 290.000  87.198   0.613
 300.000  86.306   0.606
 310.000  85.000   0.513
 320.000  85.073   0.452
 330.000  84.590   0.677
 340.000  82.668   0.465
 350.000  83.806   0.585
 360.000  85.923   0.514
 370.000  87.694   0.577
 380.000  88.181   0.492
 390.000  86.659   0.569
 400.000  87.533   0.472
 410.000  87.131   0.471
 420.000  86.897   0.581
 430.000  86.497   0.441
 440.000  86.818   0.385
 450.000  87.501   0.486
 460.000  87.143   0.809
 470.000  85.372   0.411
 480.000  85.744   0.486
 490.000  85.394   0.521
 500.000  87.185   0.683
 510.000  86.623   0.519
 520.000  86.377   0.415
 530.000  86.435   0.397
 540.000  85.748   0.409
 550.000  86.059   0.468
 560.000  85.958   0.464
 570.000  84.525   0.696
 580.000  84.217   0.679
 590.000  86.112   0.393
 600.000  85.466   0.466
 610.000  85.873   0.499
 620.000  85.230   0.364
 630.000  85.539   0.391
 640.000  85.671   0.411
 650.000  85.148   0.435
 660.000  84.227   0.515
 670.000  83.481   0.711
 680.000  84.712   0.493
 690.000  85.024   0.472
 700.000  83.085   0.464
 710.000  83.245   0.444
 720.000  84.538   0.495
 730.000  83.367   0.410
 740.000  84.117   0.638
 750.000  85.237   0.742
 760.000  83.017   0.597
 770.000  81.837   0.385
 780.000  81.606   0.426
 790.000  81.652   0.434
 800.000  82.177   0.509
 810.000  83.175   0.438
 820.000  82.325   0.405
 830.000  82.871   0.567
 840.000  83.504   0.679
 850.000  83.218   0.442
 860.000  83.585   0.397
 870.000  82.305   0.436
 880.000  82.526   0.440
 890.000  82.190   0.460
 900.000  82.030   0.418
 910.000  82.086   0.399
 920.000  82.062   0.514
 930.000  82.288   0.442
 940.000  82.201   0.441
 950.000  83.263   0.619
 960.000  84.640   0.448
 970.000  84.218   0.403
 980.000  84.287   0.362
 990.000  82.695   0.598
1000.000  81.754   0.463
