   0.050   0.000
   0.150   0.000
   0.250   0.000
   0.350   0.000
   0.450   0.000
   0.550   0.000
   0.650   0.000
   0.750   0.000
   0.850   0.000
   0.950   0.000
   1.050   0.000
   1.150   0.000
   1.250   0.000
   1.350   0.000
   1.450   0.000
   1.550   0.000
   1.650   0.000
   1.750   0.000
   1.850   0.000
   1.950   0.000
   2.050   0.000
   2.150   0.000
   2.250   0.000
   2.350   0.000
   2.450   0.000
   2.550   0.000
   2.650   0.000
   2.750   0.000
   2.850   0.000
   2.950   0.000
   3.050   0.002
   3.150   0.050
   3.250   0.565
   3.350   1.995
   3.450   0.970
   3.550   0.061
   3.650   0.001
   3.750   0.000
   3.850   0.000
   3.950   0.000
   4.050   0.001
   4.150   0.009
   4.250   0.036
   4.350   0.108
   4.450   0.244
   4.550   0.398
   4.650   0.467
   4.750   0.433
   4.850   0.378
   4.950   0.354
   5.050   0.357
   5.150   0.367
   5.250   0.377
   5.350   0.379
   5.450   0.369
   5.550   0.342
   5.650   0.303
   5.750   0.252
   5.850   0.198
   5.950   0.150
   6.050   0.111
   6.150   0.086
   6.250   0.077
   6.350   0.079
   6.450   0.088
   6.550   0.099
   6.650   0.112
   6.750   0.124
   6.850   0.137
   6.950   0.151
   7.050   0.165
   7.150   0.179
   7.250   0.192
   7.350   0.204
   7.450   0.213
   7.550   0.218
   7.650   0.217
   7.750   0.210
   7.850   0.202
   7.950   0.190
   8.050   0.178
   8.150   0.165
   8.250   0.154
   8.350   0.146
   8.450   0.141
   8.550   0.140
   8.650   0.140
   8.750   0.142
   8.850   0.142
   8.950   0.142
   9.050   0.142
   9.150   0.144
   9.250   0.146
   9.350   0.147
   9.450   0.148
   9.550   0.149
   9.650   0.149
   9.750   0.150
   9.850   0.149
   9.950   0.147
  10.050   0.145
  10.150   0.144
  10.250   0.143
  10.350   0.143
  10.450   0.143
  10.550   0.143
  10.650   0.141
  10.750   0.137
  10.850   0.133
  10.950   0.129
  11.050   0.126
  11.150   0.124
  11.250   0.122
  11.350   0.121
  11.450   0.120
  11.550   0.119
  11.650   0.118
  11.750   0.118
  11.850   0.119
  11.950   0.119
  12.050   0.121
  12.150   0.122
  12.250   0.124
  12.350   0.125
  12.450   0.125
  12.550   0.124
  12.650   0.123
  12.750   0.122
  12.850   0.121
  12.950   0.120
  13.050   0.119
  13.150   0.119
  13.250   0.119
  13.350   0.118
  13.450   0.118
  13.550   0.118
  13.650   0.117
  13.750   0.117
  13.850   0.116
  13.950   0.116
  14.050   0.116
  14.150   0.115
  14.250   0.115
  14.350   0.115
  14.450   0.115
  14.550   0.116
  14.650   0.116
  14.750   0.116
  14.850   0.116
  14.950   0.116
  15.050   0.115
  15.150   0.113
  15.250   0.112
  15.350   0.111
  15.450   0.110
  15.550   0.109
  15.650   0.109
  15.750   0.108
  15.850   0.108
  15.950   0.107
  16.050   0.106
  16.150   0.106
  16.250   0.106
  16.350   0.105
  16.450   0.105
  16.550   0.105
  16.650   0.104
  16.750   0.103
  16.850   0.102
  16.950   0.101
  17.050   0.100
  17.150   0.100
  17.250   0.099
  17.350   0.099
  17.450   0.098
  17.550   0.097
  17.650   0.096
  17.750   0.096
  17.850   0.095
  17.950   0.094
  18.050   0.093
  18.150   0.092
  18.250   0.092
  18.350   0.091
  18.450   0.090
  18.550   0.090
  18.650   0.090
  18.750   0.089
  18.850   0.089
  18.950   0.089
  19.050   0.089
  19.150   0.089
  19.250   0.089
  19.350   0.090
  19.450   0.090
  19.550   0.090
  19.650   0.089
  19.750   0.089
  19.850   0.089
  19.950   0.088
  20.050   0.088
  20.150   0.087
  20.250   0.086
  20.350   0.085
  20.450   0.085
  20.550   0.084
  20.650   0.083
  20.750   0.083
  20.850   0.082
  20.950   0.081
  21.050   0.081
  21.150   0.080
  21.250   0.080
  21.350   0.079
  21.450   0.078
  21.550   0.077
  21.650   0.076
  21.750   0.075
  21.850   0.075
  21.950   0.074
  22.050   0.073
  22.150   0.072
  22.250   0.072
  22.350   0.072
  22.450   0.071
  22.550   0.071
  22.650   0.070
  22.750   0.070
  22.850   0.070
  22.950   0.069
  23.050   0.069
  23.150   0.068
  23.250   0.067
  23.350   0.067
  23.450   0.066
  23.550   0.066
  23.650   0.065
  23.750   0.065
  23.850   0.065
  23.950   0.064
  24.050   0.064
  24.150   0.064
  24.250   0.063
  24.350   0.063
  24.450   0.063
  24.550   0.062
  24.650   0.062
  24.750   0.061
  24.850   0.061
  24.950   0.061
  25.050   0.060
  25.150   0.060
  25.250   0.059
  25.350   0.059
  25.450   0.058
  25.550   0.058
  25.650   0.057
  25.750   0.057
  25.850   0.056
  25.950   0.056
  26.050   0.055
  26.150   0.055
  26.250   0.055
  26.350   0.054
  26.450   0.054
  26.550   0.054
  26.650   0.053
  26.750   0.053
  26.850   0.053
  26.950   0.052
  27.050   0.052
  27.150   0.052
  27.250   0.051
  27.350   0.051
  27.450   0.050
  27.550   0.050
  27.650   0.050
  27.750   0.049
  27.850   0.049
  27.950   0.048
  28.050   0.048
  28.150   0.047
  28.250   0.047
  28.350   0.046
  28.450   0.046
  28.550   0.046
  28.650   0.045
  28.750   0.045
  28.850   0.045
  28.950   0.045
  29.050   0.044
  29.150   0.044
  29.250   0.044
  29.350   0.044
  29.450   0.043
  29.550   0.043
  29.650   0.043
  29.750   0.043
  29.850   0.043
  29.950   0.042
