   0.050   0.000
   0.150   0.000
   0.250   0.000
   0.350   0.000
   0.450   0.000
   0.550   0.000
   0.650   0.000
   0.750   0.000
   0.850   0.000
   0.950   0.000
   1.050   0.000
   1.150   0.000
   1.250   0.000
   1.350   0.000
   1.450   0.000
   1.550   0.000
   1.650   0.000
   1.750   0.000
   1.850   0.000
   1.950   0.000
   2.050   0.000
   2.150   0.000
   2.250   0.000
   2.350   0.000
   2.450   0.000
   2.550   0.000
   2.650   0.000
   2.750   0.000
   2.850   0.000
   2.950   0.000
   3.050   0.000
   3.150   0.000
   3.250   0.001
   3.350   0.006
   3.450   0.020
   3.550   0.054
   3.650   0.121
   3.750   0.222
   3.850   0.340
   3.950   0.446
   4.050   0.518
   4.150   0.555
   4.250   0.564
   4.350   0.547
   4.450   0.503
   4.550   0.438
   4.650   0.367
   4.750   0.300
   4.850   0.247
   4.950   0.208
   5.050   0.181
   5.150   0.161
   5.250   0.148
   5.350   0.140
   5.450   0.136
   5.550   0.134
   5.650   0.135
   5.750   0.137
   5.850   0.141
   5.950   0.145
   6.050   0.150
   6.150   0.154
   6.250   0.159
   6.350   0.163
   6.450   0.166
   6.550   0.166
   6.650   0.165
   6.750   0.162
   6.850   0.157
   6.950   0.151
   7.050   0.146
   7.150   0.141
   7.250   0.137
   7.350   0.134
   7.450   0.131
   7.550   0.128
   7.650   0.127
   7.750   0.125
   7.850   0.125
   7.950   0.125
   8.050   0.127
   8.150   0.128
   8.250   0.130
   8.350   0.132
   8.450   0.134
   8.550   0.135
   8.650   0.136
   8.750   0.137
   8.850   0.137
   8.950   0.138
   9.050   0.138
   9.150   0.139
   9.250   0.141
   9.350   0.142
   9.450   0.143
   9.550   0.145
   9.650   0.145
   9.750   0.146
   9.850   0.146
   9.950   0.147
  10.050   0.148
  10.150   0.150
  10.250   0.152
  10.350   0.154
  10.450   0.157
  10.550   0.158
  10.650   0.159
  10.750   0.159
  10.850   0.158
  10.950   0.157
  11.050   0.155
  11.150   0.154
  11.250   0.153
  11.350   0.153
  11.450   0.153
  11.550   0.154
  11.650   0.155
  11.750   0.156
  11.850   0.158
  11.950   0.159
  12.050   0.161
  12.150   0.163
  12.250   0.163
  12.350   0.165
  12.450   0.166
  12.550   0.167
  12.650   0.167
  12.750   0.165
  12.850   0.163
  12.950   0.160
  13.050   0.156
  13.150   0.152
  13.250   0.149
  13.350   0.146
  13.450   0.144
  13.550   0.143
  13.650   0.142
  13.750   0.143
  13.850   0.143
  13.950   0.144
  14.050   0.144
  14.150   0.144
  14.250   0.144
  14.350   0.143
  14.450   0.141
  14.550   0.139
  14.650   0.138
  14.750   0.136
  14.850   0.134
  14.950   0.132
  15.050   0.130
  15.150   0.129
  15.250   0.127
  15.350   0.125
  15.450   0.124
  15.550   0.122
  15.650   0.121
  15.750   0.120
  15.850   0.118
  15.950   0.117
  16.050   0.116
  16.150   0.115
  16.250   0.114
  16.350   0.113
  16.450   0.112
  16.550   0.112
  16.650   0.111
  16.750   0.110
  16.850   0.110
  16.950   0.109
  17.050   0.109
  17.150   0.109
  17.250   0.108
  17.350   0.108
  17.450   0.107
  17.550   0.106
  17.650   0.106
  17.750   0.105
  17.850   0.104
  17.950   0.104
  18.050   0.103
  18.150   0.102
  18.250   0.101
  18.350   0.100
  18.450   0.099
  18.550   0.099
  18.650   0.098
  18.750   0.097
  18.850   0.096
  18.950   0.096
  19.050   0.095
  19.150   0.094
  19.250   0.093
  19.350   0.092
  19.450   0.091
  19.550   0.090
  19.650   0.088
  19.750   0.087
  19.850   0.086
  19.950   0.085
  20.050   0.084
  20.150   0.083
  20.250   0.082
  20.350   0.082
  20.450   0.081
  20.550   0.080
  20.650   0.079
  20.750   0.078
  20.850   0.078
  20.950   0.077
  21.050   0.077
  21.150   0.076
  21.250   0.076
  21.350   0.076
  21.450   0.075
  21.550   0.075
  21.650   0.074
  21.750   0.074
  21.850   0.074
  21.950   0.073
  22.050   0.073
  22.150   0.072
  22.250   0.072
  22.350   0.071
  22.450   0.071
  22.550   0.071
  22.650   0.070
  22.750   0.070
  22.850   0.069
  22.950   0.069
  23.050   0.069
  23.150   0.068
  23.250   0.068
  23.350   0.067
  23.450   0.067
  23.550   0.067
  23.650   0.066
  23.750   0.066
  23.850   0.066
  23.950   0.065
  24.050   0.065
  24.150   0.064
  24.250   0.064
  24.350   0.063
  24.450   0.063
  24.550   0.062
  24.650   0.062
  24.750   0.061
  24.850   0.061
  24.950   0.060
  25.050   0.060
  25.150   0.059
  25.250   0.059
  25.350   0.058
  25.450   0.058
  25.550   0.057
  25.650   0.057
  25.750   0.056
  25.850   0.056
  25.950   0.055
  26.050   0.055
  26.150   0.054
  26.250   0.054
  26.350   0.054
  26.450   0.053
  26.550   0.053
  26.650   0.052
  26.750   0.052
  26.850   0.051
  26.950   0.051
  27.050   0.051
  27.150   0.050
  27.250   0.050
  27.350   0.049
  27.450   0.049
  27.550   0.049
  27.650   0.048
  27.750   0.048
  27.850   0.048
  27.950   0.047
  28.050   0.047
  28.150   0.047
  28.250   0.046
  28.350   0.046
  28.450   0.046
  28.550   0.045
  28.650   0.045
  28.750   0.044
  28.850   0.044
  28.950   0.044
  29.050   0.043
  29.150   0.043
  29.250   0.043
  29.350   0.043
  29.450   0.042
  29.550   0.042
  29.650   0.042
  29.750   0.041
  29.850   0.041
  29.950   0.041
