   0.050   0.000
   0.150   0.000
   0.250   0.000
   0.350   0.000
   0.450   0.000
   0.550   0.000
   0.650   0.000
   0.750   0.000
   0.850   0.000
   0.950   0.000
   1.050   0.000
   1.150   0.000
   1.250   0.000
   1.350   0.000
   1.450   0.000
   1.550   0.000
   1.650   0.000
   1.750   0.000
   1.850   0.000
   1.950   0.000
   2.050   0.000
   2.150   0.000
   2.250   0.000
   2.350   0.000
   2.450   0.000
   2.550   0.000
   2.650   0.000
   2.750   0.000
   2.850   0.000
   2.950   0.000
   3.050   0.000
   3.150   0.000
   3.250   0.000
   3.350   0.000
   3.450   0.000
   3.550   0.000
   3.650   0.000
   3.750   0.000
   3.850   0.001
   3.950   0.004
   4.050   0.010
   4.150   0.022
   4.250   0.039
   4.350   0.053
   4.450   0.055
   4.550   0.045
   4.650   0.035
   4.750   0.029
   4.850   0.026
   4.950   0.024
   5.050   0.023
   5.150   0.022
   5.250   0.022
   5.350   0.023
   5.450   0.024
   5.550   0.026
   5.650   0.028
   5.750   0.031
   5.850   0.034
   5.950   0.038
   6.050   0.042
   6.150   0.048
   6.250   0.056
   6.350   0.068
   6.450   0.082
   6.550   0.099
   6.650   0.116
   6.750   0.130
   6.850   0.144
   6.950   0.158
   7.050   0.176
   7.150   0.200
   7.250   0.226
   7.350   0.250
   7.450   0.270
   7.550   0.282
   7.650   0.285
   7.750   0.280
   7.850   0.273
   7.950   0.265
   8.050   0.255
   8.150   0.245
   8.250   0.236
   8.350   0.225
   8.450   0.214
   8.550   0.203
   8.650   0.195
   8.750   0.188
   8.850   0.185
   8.950   0.182
   9.050   0.179
   9.150   0.179
   9.250   0.179
   9.350   0.182
   9.450   0.186
   9.550   0.191
   9.650   0.198
   9.750   0.205
   9.850   0.212
   9.950   0.217
  10.050   0.221
  10.150   0.222
  10.250   0.222
  10.350   0.221
  10.450   0.220
  10.550   0.219
  10.650   0.215
  10.750   0.208
  10.850   0.198
  10.950   0.187
  11.050   0.180
  11.150   0.175
  11.250   0.171
  11.350   0.169
  11.450   0.166
  11.550   0.166
  11.650   0.166
  11.750   0.166
  11.850   0.167
  11.950   0.167
  12.050   0.166
  12.150   0.164
  12.250   0.163
  12.350   0.161
  12.450   0.159
  12.550   0.158
  12.650   0.156
  12.750   0.154
  12.850   0.152
  12.950   0.150
  13.050   0.147
  13.150   0.145
  13.250   0.143
  13.350   0.142
  13.450   0.141
  13.550   0.141
  13.650   0.140
  13.750   0.140
  13.850   0.139
  13.950   0.138
  14.050   0.137
  14.150   0.135
  14.250   0.132
  14.350   0.130
  14.450   0.129
  14.550   0.127
  14.650   0.126
  14.750   0.125
  14.850   0.123
  14.950   0.122
  15.050   0.122
  15.150   0.121
  15.250   0.120
  15.350   0.119
  15.450   0.118
  15.550   0.117
  15.650   0.116
  15.750   0.115
  15.850   0.114
  15.950   0.113
  16.050   0.111
  16.150   0.110
  16.250   0.110
  16.350   0.109
  16.450   0.108
  16.550   0.107
  16.650   0.107
  16.750   0.106
  16.850   0.105
  16.950   0.105
  17.050   0.104
  17.150   0.104
  17.250   0.103
  17.350   0.102
  17.450   0.102
  17.550   0.101
  17.650   0.100
  17.750   0.100
  17.850   0.099
  17.950   0.098
  18.050   0.097
  18.150   0.096
  18.250   0.095
  18.350   0.095
  18.450   0.095
  18.550   0.094
  18.650   0.094
  18.750   0.094
  18.850   0.093
  18.950   0.093
  19.050   0.093
  19.150   0.093
  19.250   0.092
  19.350   0.092
  19.450   0.091
  19.550   0.090
  19.650   0.089
  19.750   0.089
  19.850   0.087
  19.950   0.086
  20.050   0.085
  20.150   0.084
  20.250   0.083
  20.350   0.083
  20.450   0.082
  20.550   0.081
  20.650   0.081
  20.750   0.080
  20.850   0.079
  20.950   0.079
  21.050   0.078
  21.150   0.078
  21.250   0.077
  21.350   0.077
  21.450   0.077
  21.550   0.076
  21.650   0.076
  21.750   0.075
  21.850   0.075
  21.950   0.074
  22.050   0.074
  22.150   0.074
  22.250   0.073
  22.350   0.073
  22.450   0.073
  22.550   0.072
  22.650   0.072
  22.750   0.071
  22.850   0.071
  22.950   0.070
  23.050   0.070
  23.150   0.069
  23.250   0.068
  23.350   0.068
  23.450   0.067
  23.550   0.066
  23.650   0.065
  23.750   0.065
  23.850   0.064
  23.950   0.064
  24.050   0.063
  24.150   0.063
  24.250   0.062
  24.350   0.062
  24.450   0.061
  24.550   0.061
  24.650   0.061
  24.750   0.060
  24.850   0.060
  24.950   0.059
  25.050   0.059
  25.150   0.059
  25.250   0.058
  25.350   0.058
  25.450   0.058
  25.550   0.057
  25.650   0.057
  25.750   0.056
  25.850   0.056
  25.950   0.055
  26.050   0.055
  26.150   0.054
  26.250   0.054
  26.350   0.053
  26.450   0.053
  26.550   0.052
  26.650   0.052
  26.750   0.052
  26.850   0.051
  26.950   0.051
  27.050   0.051
  27.150   0.050
  27.250   0.050
  27.350   0.050
  27.450   0.050
  27.550   0.049
  27.650   0.049
  27.750   0.049
  27.850   0.049
  27.950   0.048
  28.050   0.048
  28.150   0.048
  28.250   0.047
  28.350   0.047
  28.450   0.046
  28.550   0.046
  28.650   0.046
  28.750   0.045
  28.850   0.045
  28.950   0.044
  29.050   0.044
  29.150   0.044
  29.250   0.043
  29.350   0.043
  29.450   0.043
  29.550   0.042
  29.650   0.042
  29.750   0.042
  29.850   0.042
  29.950   0.041
