   0.050   0.000
   0.150   0.000
   0.250   0.000
   0.350   0.000
   0.450   0.000
   0.550   0.000
   0.650   0.000
   0.750   0.000
   0.850   0.000
   0.950   0.000
   1.050   0.000
   1.150   0.000
   1.250   0.000
   1.350   0.000
   1.450   0.000
   1.550   0.000
   1.650   0.000
   1.750   0.000
   1.850   0.000
   1.950   0.000
   2.050   0.000
   2.150   0.000
   2.250   0.000
   2.350   0.000
   2.450   0.000
   2.550   0.000
   2.650   0.000
   2.750   0.000
   2.850   0.000
   2.950   0.000
   3.050   0.000
   3.150   0.000
   3.250   0.000
   3.350   0.000
   3.450   0.002
   3.550   0.008
   3.650   0.026
   3.750   0.064
   3.850   0.125
   3.950   0.200
   4.050   0.275
   4.150   0.339
   4.250   0.384
   4.350   0.403
   4.450   0.405
   4.550   0.390
   4.650   0.365
   4.750   0.331
   4.850   0.286
   4.950   0.238
   5.050   0.198
   5.150   0.172
   5.250   0.157
   5.350   0.150
   5.450   0.150
   5.550   0.153
   5.650   0.157
   5.750   0.163
   5.850   0.168
   5.950   0.173
   6.050   0.177
   6.150   0.182
   6.250   0.185
   6.350   0.190
   6.450   0.195
   6.550   0.200
   6.650   0.204
   6.750   0.206
   6.850   0.206
   6.950   0.203
   7.050   0.196
   7.150   0.187
   7.250   0.178
   7.350   0.170
   7.450   0.165
   7.550   0.162
   7.650   0.161
   7.750   0.162
   7.850   0.162
   7.950   0.161
   8.050   0.159
   8.150   0.156
   8.250   0.153
   8.350   0.150
   8.450   0.148
   8.550   0.146
   8.650   0.147
   8.750   0.147
   8.850   0.149
   8.950   0.151
   9.050   0.153
   9.150   0.156
   9.250   0.160
   9.350   0.164
   9.450   0.169
   9.550   0.174
   9.650   0.177
   9.750   0.180
   9.850   0.180
   9.950   0.179
  10.050   0.177
  10.150   0.174
  10.250   0.172
  10.350   0.172
  10.450   0.172
  10.550   0.172
  10.650   0.172
  10.750   0.171
  10.850   0.169
  10.950   0.166
  11.050   0.162
  11.150   0.157
  11.250   0.153
  11.350   0.150
  11.450   0.148
  11.550   0.146
  11.650   0.144
  11.750   0.145
  11.850   0.145
  11.950   0.147
  12.050   0.149
  12.150   0.151
  12.250   0.152
  12.350   0.152
  12.450   0.151
  12.550   0.149
  12.650   0.146
  12.750   0.143
  12.850   0.141
  12.950   0.139
  13.050   0.136
  13.150   0.135
  13.250   0.133
  13.350   0.131
  13.450   0.129
  13.550   0.128
  13.650   0.126
  13.750   0.124
  13.850   0.123
  13.950   0.121
  14.050   0.120
  14.150   0.118
  14.250   0.118
  14.350   0.117
  14.450   0.117
  14.550   0.117
  14.650   0.117
  14.750   0.118
  14.850   0.118
  14.950   0.119
  15.050   0.119
  15.150   0.120
  15.250   0.120
  15.350   0.120
  15.450   0.120
  15.550   0.119
  15.650   0.119
  15.750   0.119
  15.850   0.118
  15.950   0.117
  16.050   0.116
  16.150   0.115
  16.250   0.114
  16.350   0.113
  16.450   0.112
  16.550   0.110
  16.650   0.109
  16.750   0.107
  16.850   0.106
  16.950   0.105
  17.050   0.104
  17.150   0.103
  17.250   0.102
  17.350   0.102
  17.450   0.101
  17.550   0.101
  17.650   0.101
  17.750   0.100
  17.850   0.100
  17.950   0.100
  18.050   0.099
  18.150   0.099
  18.250   0.099
  18.350   0.098
  18.450   0.098
  18.550   0.097
  18.650   0.097
  18.750   0.096
  18.850   0.096
  18.950   0.095
  19.050   0.095
  19.150   0.094
  19.250   0.094
  19.350   0.093
  19.450   0.092
  19.550   0.091
  19.650   0.091
  19.750   0.090
  19.850   0.089
  19.950   0.088
  20.050   0.088
  20.150   0.087
  20.250   0.087
  20.350   0.086
  20.450   0.086
  20.550   0.085
  20.650   0.085
  20.750   0.084
  20.850   0.083
  20.950   0.083
  21.050   0.082
  21.150   0.081
  21.250   0.081
  21.350   0.080
  21.450   0.079
  21.550   0.079
  21.650   0.078
  21.750   0.077
  21.850   0.077
  21.950   0.076
  22.050   0.076
  22.150   0.075
  22.250   0.074
  22.350   0.074
  22.450   0.073
  22.550   0.072
  22.650   0.072
  22.750   0.071
  22.850   0.070
  22.950   0.069
  23.050   0.069
  23.150   0.068
  23.250   0.067
  23.350   0.066
  23.450   0.065
  23.550   0.065
  23.650   0.064
  23.750   0.064
  23.850   0.063
  23.950   0.063
  24.050   0.062
  24.150   0.062
  24.250   0.062
  24.350   0.061
  24.450   0.061
  24.550   0.061
  24.650   0.060
  24.750   0.060
  24.850   0.060
  24.950   0.059
  25.050   0.059
  25.150   0.059
  25.250   0.058
  25.350   0.058
  25.450   0.058
  25.550   0.057
  25.650   0.057
  25.750   0.057
  25.850   0.056
  25.950   0.056
  26.050   0.055
  26.150   0.055
  26.250   0.055
  26.350   0.054
  26.450   0.054
  26.550   0.053
  26.650   0.053
  26.750   0.052
  26.850   0.052
  26.950   0.051
  27.050   0.051
  27.150   0.051
  27.250   0.050
  27.350   0.050
  27.450   0.049
  27.550   0.049
  27.650   0.049
  27.750   0.048
  27.850   0.048
  27.950   0.047
  28.050   0.047
  28.150   0.047
  28.250   0.046
  28.350   0.046
  28.450   0.046
  28.550   0.045
  28.650   0.045
  28.750   0.044
  28.850   0.044
  28.950   0.044
  29.050   0.044
  29.150   0.043
  29.250   0.043
  29.350   0.043
  29.450   0.042
  29.550   0.042
  29.650   0.042
  29.750   0.042
  29.850   0.041
  29.950   0.041
