#Distance_(Ang) :G5,G@N3_=>_:WAT@O
       0.050000           0.000000
       0.150000           0.000000
       0.250000           0.000000
       0.350000           0.000000
       0.450000           0.000000
       0.550000           0.000000
       0.650000           0.000000
       0.750000           0.000000
       0.850000           0.000000
       0.950000           0.000000
       1.050000           0.000000
       1.150000           0.000000
       1.250000           0.000000
       1.350000           0.000000
       1.450000           0.000000
       1.550000           0.000000
       1.650000           0.000000
       1.750000           0.000000
       1.850000           0.000000
       1.950000           0.000000
       2.050000           0.000000
       2.150000           0.000000
       2.250000           0.000000
       2.350000           0.000000
       2.450000           0.000000
       2.550000           0.000112
       2.650000           0.001861
       2.750000           0.006992
       2.850000           0.011183
       2.950000           0.011503
       3.050000           0.009975
       3.150000           0.008620
       3.250000           0.007914
       3.350000           0.007721
       3.450000           0.007838
       3.550000           0.008029
       3.650000           0.008231
       3.750000           0.008386
       3.850000           0.008451
       3.950000           0.008449
       4.050000           0.008380
       4.150000           0.008328
       4.250000           0.008331
       4.350000           0.008400
       4.450000           0.008671
       4.550000           0.009424
       4.650000           0.010987
       4.750000           0.012623
       4.850000           0.013563
       4.950000           0.013983
       5.050000           0.014109
       5.150000           0.013926
       5.250000           0.013645
       5.350000           0.013511
       5.450000           0.013552
       5.550000           0.013738
       5.650000           0.014073
       5.750000           0.014592
       5.850000           0.015222
       5.950000           0.015844
       6.050000           0.016365
       6.150000           0.016748
       6.250000           0.017017
       6.350000           0.017180
       6.450000           0.017300
       6.550000           0.017457
       6.650000           0.017617
       6.750000           0.017696
       6.850000           0.017652
       6.950000           0.017568
       7.050000           0.017531
       7.150000           0.017532
       7.250000           0.017602
       7.350000           0.017664
       7.450000           0.017760
       7.550000           0.017883
       7.650000           0.018011
       7.750000           0.018168
       7.850000           0.018337
       7.950000           0.018502
       8.050000           0.018667
       8.150000           0.018855
       8.250000           0.019051
       8.350000           0.019272
       8.450000           0.019474
       8.550000           0.019662
       8.650000           0.019827
       8.750000           0.019973
       8.850000           0.020125
       8.950000           0.020271
       9.050000           0.020417
       9.150000           0.020569
       9.250000           0.020709
       9.350000           0.020858
       9.450000           0.020993
       9.550000           0.021132
       9.650000           0.021256
       9.750000           0.021366
       9.850000           0.021469
       9.950000           0.021550
      10.050000           0.021612
      10.150000           0.021682
      10.250000           0.021747
      10.350000           0.021802
      10.450000           0.021874
      10.550000           0.021951
      10.650000           0.022027
      10.750000           0.022127
      10.850000           0.022230
      10.950000           0.022346
      11.050000           0.022454
      11.150000           0.022559
      11.250000           0.022671
      11.350000           0.022764
      11.450000           0.022854
      11.550000           0.022944
      11.650000           0.023017
      11.750000           0.023126
      11.850000           0.023210
      11.950000           0.023311
      12.050000           0.023412
      12.150000           0.023505
      12.250000           0.023583
      12.350000           0.023670
      12.450000           0.023736
      12.550000           0.023801
      12.650000           0.023861
      12.750000           0.023916
      12.850000           0.023977
      12.950000           0.024038
      13.050000           0.024103
      13.150000           0.024159
      13.250000           0.024228
      13.350000           0.024294
      13.450000           0.024366
      13.550000           0.024434
      13.650000           0.024499
      13.750000           0.024563
      13.850000           0.024624
      13.950000           0.024700
      14.050000           0.024775
      14.150000           0.024840
      14.250000           0.024919
      14.350000           0.025001
      14.450000           0.025066
      14.550000           0.025126
      14.650000           0.025191
      14.750000           0.025251
      14.850000           0.025313
      14.950000           0.025375
      15.050000           0.025441
      15.150000           0.025510
      15.250000           0.025584
      15.350000           0.025657
      15.450000           0.025731
      15.550000           0.025808
      15.650000           0.025879
      15.750000           0.025953
      15.850000           0.026023
      15.950000           0.026093
      16.050000           0.026161
      16.150000           0.026236
      16.250000           0.026308
      16.350000           0.026386
      16.450000           0.026455
      16.550000           0.026522
      16.650000           0.026585
      16.750000           0.026647
      16.850000           0.026701
      16.950000           0.026744
      17.050000           0.026803
      17.150000           0.026847
      17.250000           0.026899
      17.350000           0.026950
      17.450000           0.027002
      17.550000           0.027055
      17.650000           0.027110
      17.750000           0.027168
      17.850000           0.027222
      17.950000           0.027278
      18.050000           0.027334
      18.150000           0.027383
      18.250000           0.027438
      18.350000           0.027500
      18.450000           0.027553
      18.550000           0.027610
      18.650000           0.027668
      18.750000           0.027727
      18.850000           0.027781
      18.950000           0.027841
      19.050000           0.027894
      19.150000           0.027944
      19.250000           0.027996
      19.350000           0.028052
      19.450000           0.028098
      19.550000           0.028146
      19.650000           0.028194
      19.750000           0.028239
      19.850000           0.028286
      19.950000           0.028335
      20.050000           0.028373
      20.150000           0.028428
      20.250000           0.028470
      20.350000           0.028514
      20.450000           0.028564
      20.550000           0.028605
      20.650000           0.028648
      20.750000           0.028692
      20.850000           0.028735
      20.950000           0.028766
      21.050000           0.028799
      21.150000           0.028834
      21.250000           0.028869
      21.350000           0.028902
      21.450000           0.028933
      21.550000           0.028956
      21.650000           0.028982
      21.750000           0.029017
      21.850000           0.029046
      21.950000           0.029079
      22.050000           0.029111
      22.150000           0.029135
      22.250000           0.029172
      22.350000           0.029202
      22.450000           0.029233
      22.550000           0.029263
      22.650000           0.029290
      22.750000           0.029323
      22.850000           0.029348
      22.950000           0.029377
      23.050000           0.029409
      23.150000           0.029432
      23.250000           0.029459
      23.350000           0.029484
      23.450000           0.029510
      23.550000           0.029535
      23.650000           0.029567
      23.750000           0.029590
      23.850000           0.029621
      23.950000           0.029656
      24.050000           0.029683
      24.150000           0.029716
      24.250000           0.029743
      24.350000           0.029772
      24.450000           0.029806
      24.550000           0.029828
      24.650000           0.029862
      24.750000           0.029891
      24.850000           0.029917
      24.950000           0.029946
      25.050000           0.029974
      25.150000           0.029998
      25.250000           0.030022
      25.350000           0.030052
      25.450000           0.030079
      25.550000           0.030104
      25.650000           0.030131
      25.750000           0.030152
      25.850000           0.030182
      25.950000           0.030206
      26.050000           0.030228
      26.150000           0.030251
      26.250000           0.030273
      26.350000           0.030298
      26.450000           0.030321
      26.550000           0.030344
      26.650000           0.030365
      26.750000           0.030384
      26.850000           0.030411
      26.950000           0.030431
      27.050000           0.030454
      27.150000           0.030474
      27.250000           0.030496
      27.350000           0.030521
      27.450000           0.030544
      27.550000           0.030566
      27.650000           0.030590
      27.750000           0.030609
      27.850000           0.030631
      27.950000           0.030653
      28.050000           0.030681
      28.150000           0.030698
      28.250000           0.030720
      28.350000           0.030738
      28.450000           0.030756
      28.550000           0.030778
      28.650000           0.030793
      28.750000           0.030814
      28.850000           0.030829
      28.950000           0.030844
      29.050000           0.030862
      29.150000           0.030880
      29.250000           0.030895
      29.350000           0.030914
      29.450000           0.030927
      29.550000           0.030938
      29.650000           0.030953
      29.750000           0.030969
      29.850000           0.030986
      29.950000           0.030999
