#Distance_(Ang) :G5,G@N2_=>_:WAT@O
       0.050000           0.000000
       0.150000           0.000000
       0.250000           0.000000
       0.350000           0.000000
       0.450000           0.000000
       0.550000           0.000000
       0.650000           0.000000
       0.750000           0.000000
       0.850000           0.000000
       0.950000           0.000000
       1.050000           0.000000
       1.150000           0.000000
       1.250000           0.000000
       1.350000           0.000000
       1.450000           0.000000
       1.550000           0.000000
       1.650000           0.000000
       1.750000           0.000000
       1.850000           0.000000
       1.950000           0.000000
       2.050000           0.000000
       2.150000           0.000000
       2.250000           0.000000
       2.350000           0.000000
       2.450000           0.000000
       2.550000           0.000011
       2.650000           0.000869
       2.750000           0.008524
       2.850000           0.021400
       2.950000           0.026444
       3.050000           0.025120
       3.150000           0.022945
       3.250000           0.021533
       3.350000           0.020644
       3.450000           0.020103
       3.550000           0.019457
       3.650000           0.018666
       3.750000           0.017626
       3.850000           0.016415
       3.950000           0.015188
       4.050000           0.014062
       4.150000           0.013080
       4.250000           0.012299
       4.350000           0.011679
       4.450000           0.011232
       4.550000           0.010931
       4.650000           0.010771
       4.750000           0.010749
       4.850000           0.010825
       4.950000           0.010984
       5.050000           0.011228
       5.150000           0.011560
       5.250000           0.011980
       5.350000           0.012481
       5.450000           0.013027
       5.550000           0.013594
       5.650000           0.014111
       5.750000           0.014574
       5.850000           0.014961
       5.950000           0.015293
       6.050000           0.015579
       6.150000           0.015830
       6.250000           0.016022
       6.350000           0.016195
       6.450000           0.016355
       6.550000           0.016489
       6.650000           0.016684
       6.750000           0.016943
       6.850000           0.017277
       6.950000           0.017695
       7.050000           0.017992
       7.150000           0.018014
       7.250000           0.017833
       7.350000           0.017593
       7.450000           0.017454
       7.550000           0.017420
       7.650000           0.017456
       7.750000           0.017556
       7.850000           0.017678
       7.950000           0.017820
       8.050000           0.017989
       8.150000           0.018197
       8.250000           0.018431
       8.350000           0.018723
       8.450000           0.019053
       8.550000           0.019378
       8.650000           0.019679
       8.750000           0.019923
       8.850000           0.020133
       8.950000           0.020284
       9.050000           0.020399
       9.150000           0.020451
       9.250000           0.020477
       9.350000           0.020503
       9.450000           0.020548
       9.550000           0.020602
       9.650000           0.020678
       9.750000           0.020762
       9.850000           0.020835
       9.950000           0.020907
      10.050000           0.021001
      10.150000           0.021081
      10.250000           0.021181
      10.350000           0.021316
      10.450000           0.021444
      10.550000           0.021591
      10.650000           0.021741
      10.750000           0.021905
      10.850000           0.022062
      10.950000           0.022198
      11.050000           0.022344
      11.150000           0.022470
      11.250000           0.022620
      11.350000           0.022729
      11.450000           0.022852
      11.550000           0.022976
      11.650000           0.023092
      11.750000           0.023188
      11.850000           0.023278
      11.950000           0.023354
      12.050000           0.023428
      12.150000           0.023472
      12.250000           0.023518
      12.350000           0.023572
      12.450000           0.023593
      12.550000           0.023640
      12.650000           0.023674
      12.750000           0.023728
      12.850000           0.023779
      12.950000           0.023847
      13.050000           0.023921
      13.150000           0.023998
      13.250000           0.024095
      13.350000           0.024182
      13.450000           0.024274
      13.550000           0.024366
      13.650000           0.024445
      13.750000           0.024521
      13.850000           0.024599
      13.950000           0.024667
      14.050000           0.024742
      14.150000           0.024805
      14.250000           0.024883
      14.350000           0.024960
      14.450000           0.025036
      14.550000           0.025117
      14.650000           0.025185
      14.750000           0.025265
      14.850000           0.025335
      14.950000           0.025410
      15.050000           0.025487
      15.150000           0.025555
      15.250000           0.025625
      15.350000           0.025713
      15.450000           0.025789
      15.550000           0.025865
      15.650000           0.025939
      15.750000           0.026017
      15.850000           0.026103
      15.950000           0.026182
      16.050000           0.026256
      16.150000           0.026329
      16.250000           0.026399
      16.350000           0.026467
      16.450000           0.026537
      16.550000           0.026603
      16.650000           0.026651
      16.750000           0.026701
      16.850000           0.026749
      16.950000           0.026796
      17.050000           0.026846
      17.150000           0.026888
      17.250000           0.026943
      17.350000           0.026989
      17.450000           0.027041
      17.550000           0.027093
      17.650000           0.027141
      17.750000           0.027195
      17.850000           0.027256
      17.950000           0.027322
      18.050000           0.027376
      18.150000           0.027433
      18.250000           0.027505
      18.350000           0.027557
      18.450000           0.027620
      18.550000           0.027683
      18.650000           0.027751
      18.750000           0.027801
      18.850000           0.027851
      18.950000           0.027904
      19.050000           0.027955
      19.150000           0.028007
      19.250000           0.028055
      19.350000           0.028107
      19.450000           0.028148
      19.550000           0.028187
      19.650000           0.028228
      19.750000           0.028270
      19.850000           0.028314
      19.950000           0.028353
      20.050000           0.028396
      20.150000           0.028440
      20.250000           0.028479
      20.350000           0.028512
      20.450000           0.028553
      20.550000           0.028585
      20.650000           0.028621
      20.750000           0.028661
      20.850000           0.028691
      20.950000           0.028725
      21.050000           0.028758
      21.150000           0.028790
      21.250000           0.028820
      21.350000           0.028853
      21.450000           0.028886
      21.550000           0.028921
      21.650000           0.028948
      21.750000           0.028977
      21.850000           0.029013
      21.950000           0.029043
      22.050000           0.029084
      22.150000           0.029117
      22.250000           0.029155
      22.350000           0.029192
      22.450000           0.029225
      22.550000           0.029261
      22.650000           0.029286
      22.750000           0.029325
      22.850000           0.029350
      22.950000           0.029380
      23.050000           0.029411
      23.150000           0.029437
      23.250000           0.029462
      23.350000           0.029491
      23.450000           0.029520
      23.550000           0.029543
      23.650000           0.029571
      23.750000           0.029602
      23.850000           0.029634
      23.950000           0.029660
      24.050000           0.029694
      24.150000           0.029727
      24.250000           0.029756
      24.350000           0.029792
      24.450000           0.029819
      24.550000           0.029855
      24.650000           0.029882
      24.750000           0.029915
      24.850000           0.029946
      24.950000           0.029971
      25.050000           0.030004
      25.150000           0.030029
      25.250000           0.030056
      25.350000           0.030078
      25.450000           0.030107
      25.550000           0.030133
      25.650000           0.030153
      25.750000           0.030176
      25.850000           0.030197
      25.950000           0.030220
      26.050000           0.030241
      26.150000           0.030266
      26.250000           0.030288
      26.350000           0.030311
      26.450000           0.030330
      26.550000           0.030354
      26.650000           0.030380
      26.750000           0.030398
      26.850000           0.030420
      26.950000           0.030443
      27.050000           0.030468
      27.150000           0.030484
      27.250000           0.030506
      27.350000           0.030530
      27.450000           0.030552
      27.550000           0.030567
      27.650000           0.030592
      27.750000           0.030609
      27.850000           0.030631
      27.950000           0.030647
      28.050000           0.030665
      28.150000           0.030684
      28.250000           0.030702
      28.350000           0.030718
      28.450000           0.030736
      28.550000           0.030757
      28.650000           0.030777
      28.750000           0.030790
      28.850000           0.030807
      28.950000           0.030826
      29.050000           0.030846
      29.150000           0.030863
      29.250000           0.030880
      29.350000           0.030898
      29.450000           0.030920
      29.550000           0.030937
      29.650000           0.030951
      29.750000           0.030969
      29.850000           0.030989
      29.950000           0.031006
