#Distance_(Ang) :U3,U@O4_=>_:WAT@O
       0.050000           0.000000
       0.150000           0.000000
       0.250000           0.000000
       0.350000           0.000000
       0.450000           0.000000
       0.550000           0.000000
       0.650000           0.000000
       0.750000           0.000000
       0.850000           0.000000
       0.950000           0.000000
       1.050000           0.000000
       1.150000           0.000000
       1.250000           0.000000
       1.350000           0.000000
       1.450000           0.000000
       1.550000           0.000000
       1.650000           0.000000
       1.750000           0.000000
       1.850000           0.000000
       1.950000           0.000000
       2.050000           0.000000
       2.150000           0.000000
       2.250000           0.000000
       2.350000           0.000003
       2.450000           0.000603
       2.550000           0.008410
       2.650000           0.025904
       2.750000           0.034369
       2.850000           0.030754
       2.950000           0.025129
       3.050000           0.021656
       3.150000           0.020103
       3.250000           0.019474
       3.350000           0.019106
       3.450000           0.018816
       3.550000           0.018504
       3.650000           0.018143
       3.750000           0.017676
       3.850000           0.017177
       3.950000           0.016661
       4.050000           0.016212
       4.150000           0.015839
       4.250000           0.015570
       4.350000           0.015488
       4.450000           0.015668
       4.550000           0.016100
       4.650000           0.016513
       4.750000           0.016756
       4.850000           0.016811
       4.950000           0.016997
       5.050000           0.017278
       5.150000           0.017642
       5.250000           0.017983
       5.350000           0.018244
       5.450000           0.018422
       5.550000           0.018556
       5.650000           0.018640
       5.750000           0.018726
       5.850000           0.018784
       5.950000           0.018829
       6.050000           0.018844
       6.150000           0.018849
       6.250000           0.018821
       6.350000           0.018800
       6.450000           0.018766
       6.550000           0.018721
       6.650000           0.018701
       6.750000           0.018676
       6.850000           0.018728
       6.950000           0.018801
       7.050000           0.018867
       7.150000           0.018888
       7.250000           0.018794
       7.350000           0.018668
       7.450000           0.018596
       7.550000           0.018580
       7.650000           0.018615
       7.750000           0.018687
       7.850000           0.018775
       7.950000           0.018908
       8.050000           0.019042
       8.150000           0.019185
       8.250000           0.019316
       8.350000           0.019449
       8.450000           0.019575
       8.550000           0.019679
       8.650000           0.019786
       8.750000           0.019897
       8.850000           0.019989
       8.950000           0.020089
       9.050000           0.020192
       9.150000           0.020302
       9.250000           0.020422
       9.350000           0.020547
       9.450000           0.020682
       9.550000           0.020813
       9.650000           0.020962
       9.750000           0.021117
       9.850000           0.021275
       9.950000           0.021441
      10.050000           0.021626
      10.150000           0.021806
      10.250000           0.022008
      10.350000           0.022230
      10.450000           0.022464
      10.550000           0.022694
      10.650000           0.022900
      10.750000           0.023084
      10.850000           0.023225
      10.950000           0.023341
      11.050000           0.023414
      11.150000           0.023458
      11.250000           0.023477
      11.350000           0.023509
      11.450000           0.023525
      11.550000           0.023542
      11.650000           0.023541
      11.750000           0.023562
      11.850000           0.023605
      11.950000           0.023643
      12.050000           0.023697
      12.150000           0.023759
      12.250000           0.023835
      12.350000           0.023906
      12.450000           0.023999
      12.550000           0.024102
      12.650000           0.024191
      12.750000           0.024291
      12.850000           0.024394
      12.950000           0.024490
      13.050000           0.024590
      13.150000           0.024670
      13.250000           0.024725
      13.350000           0.024777
      13.450000           0.024815
      13.550000           0.024847
      13.650000           0.024890
      13.750000           0.024922
      13.850000           0.024966
      13.950000           0.024993
      14.050000           0.025032
      14.150000           0.025070
      14.250000           0.025099
      14.350000           0.025130
      14.450000           0.025160
      14.550000           0.025187
      14.650000           0.025217
      14.750000           0.025248
      14.850000           0.025275
      14.950000           0.025313
      15.050000           0.025352
      15.150000           0.025399
      15.250000           0.025436
      15.350000           0.025492
      15.450000           0.025539
      15.550000           0.025591
      15.650000           0.025649
      15.750000           0.025703
      15.850000           0.025762
      15.950000           0.025828
      16.050000           0.025888
      16.150000           0.025950
      16.250000           0.026006
      16.350000           0.026065
      16.450000           0.026119
      16.550000           0.026173
      16.650000           0.026219
      16.750000           0.026272
      16.850000           0.026326
      16.950000           0.026366
      17.050000           0.026419
      17.150000           0.026467
      17.250000           0.026518
      17.350000           0.026574
      17.450000           0.026623
      17.550000           0.026677
      17.650000           0.026735
      17.750000           0.026788
      17.850000           0.026850
      17.950000           0.026916
      18.050000           0.026970
      18.150000           0.027037
      18.250000           0.027096
      18.350000           0.027160
      18.450000           0.027215
      18.550000           0.027282
      18.650000           0.027330
      18.750000           0.027387
      18.850000           0.027432
      18.950000           0.027483
      19.050000           0.027533
      19.150000           0.027585
      19.250000           0.027627
      19.350000           0.027680
      19.450000           0.027733
      19.550000           0.027782
      19.650000           0.027836
      19.750000           0.027889
      19.850000           0.027940
      19.950000           0.027982
      20.050000           0.028037
      20.150000           0.028087
      20.250000           0.028136
      20.350000           0.028186
      20.450000           0.028239
      20.550000           0.028290
      20.650000           0.028340
      20.750000           0.028392
      20.850000           0.028447
      20.950000           0.028496
      21.050000           0.028546
      21.150000           0.028595
      21.250000           0.028647
      21.350000           0.028697
      21.450000           0.028753
      21.550000           0.028794
      21.650000           0.028840
      21.750000           0.028888
      21.850000           0.028934
      21.950000           0.028978
      22.050000           0.029027
      22.150000           0.029069
      22.250000           0.029114
      22.350000           0.029161
      22.450000           0.029199
      22.550000           0.029247
      22.650000           0.029290
      22.750000           0.029328
      22.850000           0.029371
      22.950000           0.029410
      23.050000           0.029448
      23.150000           0.029485
      23.250000           0.029529
      23.350000           0.029570
      23.450000           0.029603
      23.550000           0.029639
      23.650000           0.029670
      23.750000           0.029708
      23.850000           0.029743
      23.950000           0.029777
      24.050000           0.029810
      24.150000           0.029843
      24.250000           0.029871
      24.350000           0.029906
      24.450000           0.029929
      24.550000           0.029960
      24.650000           0.029986
      24.750000           0.030011
      24.850000           0.030040
      24.950000           0.030060
      25.050000           0.030084
      25.150000           0.030111
      25.250000           0.030127
      25.350000           0.030150
      25.450000           0.030180
      25.550000           0.030199
      25.650000           0.030225
      25.750000           0.030250
      25.850000           0.030270
      25.950000           0.030294
      26.050000           0.030317
      26.150000           0.030340
      26.250000           0.030368
      26.350000           0.030383
      26.450000           0.030410
      26.550000           0.030435
      26.650000           0.030458
      26.750000           0.030480
      26.850000           0.030502
      26.950000           0.030524
      27.050000           0.030543
      27.150000           0.030567
      27.250000           0.030587
      27.350000           0.030603
      27.450000           0.030628
      27.550000           0.030644
      27.650000           0.030657
      27.750000           0.030674
      27.850000           0.030696
      27.950000           0.030709
      28.050000           0.030727
      28.150000           0.030745
      28.250000           0.030761
      28.350000           0.030777
      28.450000           0.030793
      28.550000           0.030808
      28.650000           0.030829
      28.750000           0.030844
      28.850000           0.030859
      28.950000           0.030881
      29.050000           0.030897
      29.150000           0.030913
      29.250000           0.030929
      29.350000           0.030942
      29.450000           0.030960
      29.550000           0.030974
      29.650000           0.030988
      29.750000           0.031004
      29.850000           0.031016
      29.950000           0.031034
