#Distance_(Ang) :G5,G@N7_=>_:WAT@O
       0.050000           0.000000
       0.150000           0.000000
       0.250000           0.000000
       0.350000           0.000000
       0.450000           0.000000
       0.550000           0.000000
       0.650000           0.000000
       0.750000           0.000000
       0.850000           0.000000
       0.950000           0.000000
       1.050000           0.000000
       1.150000           0.000000
       1.250000           0.000000
       1.350000           0.000000
       1.450000           0.000000
       1.550000           0.000000
       1.650000           0.000000
       1.750000           0.000000
       1.850000           0.000000
       1.950000           0.000000
       2.050000           0.000000
       2.150000           0.000000
       2.250000           0.000000
       2.350000           0.000000
       2.450000           0.000002
       2.550000           0.000296
       2.650000           0.004311
       2.750000           0.014654
       2.850000           0.021500
       2.950000           0.020714
       3.050000           0.017411
       3.150000           0.015082
       3.250000           0.014018
       3.350000           0.013621
       3.450000           0.013458
       3.550000           0.013316
       3.650000           0.013254
       3.750000           0.013240
       3.850000           0.013215
       3.950000           0.013165
       4.050000           0.012979
       4.150000           0.012683
       4.250000           0.012327
       4.350000           0.011985
       4.450000           0.011700
       4.550000           0.011579
       4.650000           0.011667
       4.750000           0.011896
       4.850000           0.012027
       4.950000           0.012109
       5.050000           0.012172
       5.150000           0.012338
       5.250000           0.012665
       5.350000           0.013128
       5.450000           0.013694
       5.550000           0.014337
       5.650000           0.015095
       5.750000           0.015791
       5.850000           0.016272
       5.950000           0.016555
       6.050000           0.016693
       6.150000           0.016801
       6.250000           0.016897
       6.350000           0.017044
       6.450000           0.017154
       6.550000           0.017165
       6.650000           0.017125
       6.750000           0.017141
       6.850000           0.017251
       6.950000           0.017449
       7.050000           0.017676
       7.150000           0.017919
       7.250000           0.018136
       7.350000           0.018346
       7.450000           0.018519
       7.550000           0.018698
       7.650000           0.018885
       7.750000           0.019100
       7.850000           0.019357
       7.950000           0.019641
       8.050000           0.019982
       8.150000           0.020325
       8.250000           0.020636
       8.350000           0.020892
       8.450000           0.021047
       8.550000           0.021118
       8.650000           0.021124
       8.750000           0.021080
       8.850000           0.021038
       8.950000           0.020978
       9.050000           0.020921
       9.150000           0.020884
       9.250000           0.020874
       9.350000           0.020872
       9.450000           0.020895
       9.550000           0.020948
       9.650000           0.021002
       9.750000           0.021091
       9.850000           0.021166
       9.950000           0.021265
      10.050000           0.021395
      10.150000           0.021500
      10.250000           0.021620
      10.350000           0.021736
      10.450000           0.021857
      10.550000           0.021971
      10.650000           0.022084
      10.750000           0.022208
      10.850000           0.022333
      10.950000           0.022462
      11.050000           0.022581
      11.150000           0.022684
      11.250000           0.022796
      11.350000           0.022878
      11.450000           0.022958
      11.550000           0.023005
      11.650000           0.023057
      11.750000           0.023097
      11.850000           0.023137
      11.950000           0.023203
      12.050000           0.023252
      12.150000           0.023315
      12.250000           0.023388
      12.350000           0.023450
      12.450000           0.023518
      12.550000           0.023586
      12.650000           0.023643
      12.750000           0.023712
      12.850000           0.023788
      12.950000           0.023871
      13.050000           0.023958
      13.150000           0.024048
      13.250000           0.024142
      13.350000           0.024235
      13.450000           0.024324
      13.550000           0.024420
      13.650000           0.024506
      13.750000           0.024596
      13.850000           0.024679
      13.950000           0.024758
      14.050000           0.024837
      14.150000           0.024912
      14.250000           0.025000
      14.350000           0.025069
      14.450000           0.025137
      14.550000           0.025206
      14.650000           0.025267
      14.750000           0.025333
      14.850000           0.025395
      14.950000           0.025460
      15.050000           0.025518
      15.150000           0.025572
      15.250000           0.025630
      15.350000           0.025680
      15.450000           0.025734
      15.550000           0.025785
      15.650000           0.025846
      15.750000           0.025910
      15.850000           0.025974
      15.950000           0.026027
      16.050000           0.026096
      16.150000           0.026154
      16.250000           0.026217
      16.350000           0.026267
      16.450000           0.026323
      16.550000           0.026374
      16.650000           0.026419
      16.750000           0.026478
      16.850000           0.026530
      16.950000           0.026590
      17.050000           0.026649
      17.150000           0.026711
      17.250000           0.026777
      17.350000           0.026831
      17.450000           0.026897
      17.550000           0.026958
      17.650000           0.027021
      17.750000           0.027086
      17.850000           0.027150
      17.950000           0.027214
      18.050000           0.027277
      18.150000           0.027333
      18.250000           0.027393
      18.350000           0.027451
      18.450000           0.027510
      18.550000           0.027564
      18.650000           0.027622
      18.750000           0.027663
      18.850000           0.027719
      18.950000           0.027764
      19.050000           0.027822
      19.150000           0.027869
      19.250000           0.027917
      19.350000           0.027959
      19.450000           0.028015
      19.550000           0.028061
      19.650000           0.028103
      19.750000           0.028150
      19.850000           0.028198
      19.950000           0.028238
      20.050000           0.028276
      20.150000           0.028313
      20.250000           0.028361
      20.350000           0.028394
      20.450000           0.028428
      20.550000           0.028471
      20.650000           0.028503
      20.750000           0.028537
      20.850000           0.028578
      20.950000           0.028614
      21.050000           0.028652
      21.150000           0.028689
      21.250000           0.028734
      21.350000           0.028773
      21.450000           0.028816
      21.550000           0.028862
      21.650000           0.028896
      21.750000           0.028934
      21.850000           0.028978
      21.950000           0.029015
      22.050000           0.029056
      22.150000           0.029096
      22.250000           0.029135
      22.350000           0.029171
      22.450000           0.029204
      22.550000           0.029240
      22.650000           0.029271
      22.750000           0.029307
      22.850000           0.029336
      22.950000           0.029370
      23.050000           0.029396
      23.150000           0.029435
      23.250000           0.029463
      23.350000           0.029491
      23.450000           0.029519
      23.550000           0.029545
      23.650000           0.029573
      23.750000           0.029603
      23.850000           0.029631
      23.950000           0.029660
      24.050000           0.029690
      24.150000           0.029725
      24.250000           0.029749
      24.350000           0.029782
      24.450000           0.029812
      24.550000           0.029845
      24.650000           0.029870
      24.750000           0.029903
      24.850000           0.029932
      24.950000           0.029956
      25.050000           0.029993
      25.150000           0.030020
      25.250000           0.030048
      25.350000           0.030075
      25.450000           0.030100
      25.550000           0.030132
      25.650000           0.030154
      25.750000           0.030185
      25.850000           0.030208
      25.950000           0.030237
      26.050000           0.030257
      26.150000           0.030282
      26.250000           0.030314
      26.350000           0.030333
      26.450000           0.030359
      26.550000           0.030383
      26.650000           0.030408
      26.750000           0.030430
      26.850000           0.030452
      26.950000           0.030478
      27.050000           0.030502
      27.150000           0.030527
      27.250000           0.030549
      27.350000           0.030574
      27.450000           0.030598
      27.550000           0.030619
      27.650000           0.030637
      27.750000           0.030661
      27.850000           0.030685
      27.950000           0.030704
      28.050000           0.030729
      28.150000           0.030739
      28.250000           0.030758
      28.350000           0.030779
      28.450000           0.030795
      28.550000           0.030811
      28.650000           0.030830
      28.750000           0.030840
      28.850000           0.030857
      28.950000           0.030877
      29.050000           0.030890
      29.150000           0.030906
      29.250000           0.030918
      29.350000           0.030933
      29.450000           0.030948
      29.550000           0.030966
      29.650000           0.030975
      29.750000           0.030992
      29.850000           0.031008
      29.950000           0.031024
