#Distance_(Ang) :U3,U@O2_=>_:WAT@O
       0.050000           0.000000
       0.150000           0.000000
       0.250000           0.000000
       0.350000           0.000000
       0.450000           0.000000
       0.550000           0.000000
       0.650000           0.000000
       0.750000           0.000000
       0.850000           0.000000
       0.950000           0.000000
       1.050000           0.000000
       1.150000           0.000000
       1.250000           0.000000
       1.350000           0.000000
       1.450000           0.000000
       1.550000           0.000000
       1.650000           0.000000
       1.750000           0.000000
       1.850000           0.000000
       1.950000           0.000000
       2.050000           0.000000
       2.150000           0.000000
       2.250000           0.000000
       2.350000           0.000002
       2.450000           0.000415
       2.550000           0.006031
       2.650000           0.019230
       2.750000           0.026251
       2.850000           0.024139
       2.950000           0.020188
       3.050000           0.017828
       3.150000           0.016931
       3.250000           0.016686
       3.350000           0.016684
       3.450000           0.016610
       3.550000           0.016456
       3.650000           0.016151
       3.750000           0.015727
       3.850000           0.015187
       3.950000           0.014548
       4.050000           0.013941
       4.150000           0.013380
       4.250000           0.012901
       4.350000           0.012596
       4.450000           0.012498
       4.550000           0.012622
       4.650000           0.012830
       4.750000           0.012860
       4.850000           0.012794
       4.950000           0.012788
       5.050000           0.012959
       5.150000           0.013276
       5.250000           0.013706
       5.350000           0.014184
       5.450000           0.014660
       5.550000           0.015097
       5.650000           0.015549
       5.750000           0.015951
       5.850000           0.016350
       5.950000           0.016720
       6.050000           0.017085
       6.150000           0.017408
       6.250000           0.017689
       6.350000           0.017983
       6.450000           0.018232
       6.550000           0.018509
       6.650000           0.018831
       6.750000           0.019226
       6.850000           0.019617
       6.950000           0.019941
       7.050000           0.020110
       7.150000           0.020037
       7.250000           0.019846
       7.350000           0.019647
       7.450000           0.019530
       7.550000           0.019468
       7.650000           0.019424
       7.750000           0.019440
       7.850000           0.019476
       7.950000           0.019543
       8.050000           0.019665
       8.150000           0.019805
       8.250000           0.019977
       8.350000           0.020178
       8.450000           0.020388
       8.550000           0.020597
       8.650000           0.020798
       8.750000           0.020996
       8.850000           0.021173
       8.950000           0.021352
       9.050000           0.021529
       9.150000           0.021709
       9.250000           0.021876
       9.350000           0.022076
       9.450000           0.022247
       9.550000           0.022425
       9.650000           0.022557
       9.750000           0.022664
       9.850000           0.022757
       9.950000           0.022843
      10.050000           0.022919
      10.150000           0.022956
      10.250000           0.023015
      10.350000           0.023075
      10.450000           0.023123
      10.550000           0.023174
      10.650000           0.023217
      10.750000           0.023258
      10.850000           0.023290
      10.950000           0.023305
      11.050000           0.023322
      11.150000           0.023332
      11.250000           0.023333
      11.350000           0.023344
      11.450000           0.023379
      11.550000           0.023427
      11.650000           0.023480
      11.750000           0.023549
      11.850000           0.023630
      11.950000           0.023719
      12.050000           0.023821
      12.150000           0.023918
      12.250000           0.024004
      12.350000           0.024095
      12.450000           0.024172
      12.550000           0.024249
      12.650000           0.024306
      12.750000           0.024357
      12.850000           0.024406
      12.950000           0.024456
      13.050000           0.024504
      13.150000           0.024547
      13.250000           0.024592
      13.350000           0.024645
      13.450000           0.024700
      13.550000           0.024758
      13.650000           0.024826
      13.750000           0.024886
      13.850000           0.024956
      13.950000           0.025022
      14.050000           0.025082
      14.150000           0.025148
      14.250000           0.025205
      14.350000           0.025270
      14.450000           0.025332
      14.550000           0.025379
      14.650000           0.025436
      14.750000           0.025485
      14.850000           0.025531
      14.950000           0.025574
      15.050000           0.025619
      15.150000           0.025668
      15.250000           0.025704
      15.350000           0.025761
      15.450000           0.025805
      15.550000           0.025856
      15.650000           0.025912
      15.750000           0.025962
      15.850000           0.026027
      15.950000           0.026084
      16.050000           0.026141
      16.150000           0.026191
      16.250000           0.026259
      16.350000           0.026319
      16.450000           0.026389
      16.550000           0.026448
      16.650000           0.026516
      16.750000           0.026580
      16.850000           0.026641
      16.950000           0.026705
      17.050000           0.026770
      17.150000           0.026831
      17.250000           0.026890
      17.350000           0.026946
      17.450000           0.027004
      17.550000           0.027056
      17.650000           0.027113
      17.750000           0.027162
      17.850000           0.027203
      17.950000           0.027257
      18.050000           0.027308
      18.150000           0.027351
      18.250000           0.027405
      18.350000           0.027445
      18.450000           0.027486
      18.550000           0.027527
      18.650000           0.027570
      18.750000           0.027613
      18.850000           0.027646
      18.950000           0.027684
      19.050000           0.027723
      19.150000           0.027759
      19.250000           0.027801
      19.350000           0.027842
      19.450000           0.027884
      19.550000           0.027928
      19.650000           0.027968
      19.750000           0.028016
      19.850000           0.028063
      19.950000           0.028112
      20.050000           0.028157
      20.150000           0.028214
      20.250000           0.028262
      20.350000           0.028312
      20.450000           0.028364
      20.550000           0.028410
      20.650000           0.028456
      20.750000           0.028500
      20.850000           0.028542
      20.950000           0.028587
      21.050000           0.028626
      21.150000           0.028667
      21.250000           0.028713
      21.350000           0.028754
      21.450000           0.028792
      21.550000           0.028834
      21.650000           0.028870
      21.750000           0.028912
      21.850000           0.028949
      21.950000           0.028993
      22.050000           0.029025
      22.150000           0.029066
      22.250000           0.029110
      22.350000           0.029146
      22.450000           0.029183
      22.550000           0.029219
      22.650000           0.029254
      22.750000           0.029286
      22.850000           0.029324
      22.950000           0.029359
      23.050000           0.029389
      23.150000           0.029422
      23.250000           0.029452
      23.350000           0.029488
      23.450000           0.029519
      23.550000           0.029550
      23.650000           0.029577
      23.750000           0.029604
      23.850000           0.029642
      23.950000           0.029663
      24.050000           0.029696
      24.150000           0.029722
      24.250000           0.029748
      24.350000           0.029779
      24.450000           0.029806
      24.550000           0.029831
      24.650000           0.029857
      24.750000           0.029887
      24.850000           0.029909
      24.950000           0.029930
      25.050000           0.029958
      25.150000           0.029983
      25.250000           0.030011
      25.350000           0.030031
      25.450000           0.030050
      25.550000           0.030078
      25.650000           0.030105
      25.750000           0.030130
      25.850000           0.030153
      25.950000           0.030174
      26.050000           0.030202
      26.150000           0.030227
      26.250000           0.030251
      26.350000           0.030273
      26.450000           0.030299
      26.550000           0.030320
      26.650000           0.030341
      26.750000           0.030370
      26.850000           0.030392
      26.950000           0.030412
      27.050000           0.030439
      27.150000           0.030457
      27.250000           0.030476
      27.350000           0.030496
      27.450000           0.030517
      27.550000           0.030541
      27.650000           0.030561
      27.750000           0.030576
      27.850000           0.030603
      27.950000           0.030624
      28.050000           0.030643
      28.150000           0.030662
      28.250000           0.030685
      28.350000           0.030705
      28.450000           0.030721
      28.550000           0.030745
      28.650000           0.030763
      28.750000           0.030785
      28.850000           0.030800
      28.950000           0.030825
      29.050000           0.030841
      29.150000           0.030858
      29.250000           0.030876
      29.350000           0.030891
      29.450000           0.030912
      29.550000           0.030930
      29.650000           0.030943
      29.750000           0.030955
      29.850000           0.030975
      29.950000           0.030992
