#Distance_(Ang) :1-50@O6_=>_:WAT@O
       0.050000           0.000000
       0.150000           0.000000
       0.250000           0.000000
       0.350000           0.000000
       0.450000           0.000000
       0.550000           0.000000
       0.650000           0.000000
       0.750000           0.000000
       0.850000           0.000000
       0.950000           0.000000
       1.050000           0.000000
       1.150000           0.000000
       1.250000           0.000000
       1.350000           0.000000
       1.450000           0.000000
       1.550000           0.000000
       1.650000           0.000000
       1.750000           0.000000
       1.850000           0.000000
       1.950000           0.000000
       2.050000           0.000000
       2.150000           0.000000
       2.250000           0.000000
       2.350000           0.000003
       2.450000           0.000548
       2.550000           0.007637
       2.650000           0.023631
       2.750000           0.031881
       2.850000           0.029538
       2.950000           0.025318
       3.050000           0.022773
       3.150000           0.021548
       3.250000           0.020663
       3.350000           0.019811
       3.450000           0.018915
       3.550000           0.018010
       3.650000           0.017257
       3.750000           0.016553
       3.850000           0.016032
       3.950000           0.015565
       4.050000           0.015192
       4.150000           0.014798
       4.250000           0.014440
       4.350000           0.014178
       4.450000           0.014230
       4.550000           0.014694
       4.650000           0.015150
       4.750000           0.015154
       4.850000           0.014798
       4.950000           0.014432
       5.050000           0.014290
       5.150000           0.014386
       5.250000           0.014684
       5.350000           0.015045
       5.450000           0.015474
       5.550000           0.015893
       5.650000           0.016261
       5.750000           0.016570
       5.850000           0.016797
       5.950000           0.016982
       6.050000           0.017095
       6.150000           0.017195
       6.250000           0.017275
       6.350000           0.017385
       6.450000           0.017544
       6.550000           0.017724
       6.650000           0.017971
       6.750000           0.018224
       6.850000           0.018397
       6.950000           0.018506
       7.050000           0.018622
       7.150000           0.018735
       7.250000           0.018670
       7.350000           0.018393
       7.450000           0.018057
       7.550000           0.017760
       7.650000           0.017576
       7.750000           0.017484
       7.850000           0.017470
       7.950000           0.017491
       8.050000           0.017574
       8.150000           0.017671
       8.250000           0.017795
       8.350000           0.017931
       8.450000           0.018076
       8.550000           0.018239
       8.650000           0.018406
       8.750000           0.018591
       8.850000           0.018772
       8.950000           0.018968
       9.050000           0.019152
       9.150000           0.019317
       9.250000           0.019484
       9.350000           0.019648
       9.450000           0.019813
       9.550000           0.019979
       9.650000           0.020139
       9.750000           0.020304
       9.850000           0.020472
       9.950000           0.020631
      10.050000           0.020799
      10.150000           0.020953
      10.250000           0.021140
      10.350000           0.021306
      10.450000           0.021496
      10.550000           0.021660
      10.650000           0.021835
      10.750000           0.021991
      10.850000           0.022146
      10.950000           0.022320
      11.050000           0.022468
      11.150000           0.022615
      11.250000           0.022746
      11.350000           0.022861
      11.450000           0.022935
      11.550000           0.022997
      11.650000           0.023045
      11.750000           0.023096
      11.850000           0.023129
      11.950000           0.023176
      12.050000           0.023219
      12.150000           0.023275
      12.250000           0.023326
      12.350000           0.023390
      12.450000           0.023451
      12.550000           0.023524
      12.650000           0.023598
      12.750000           0.023674
      12.850000           0.023760
      12.950000           0.023846
      13.050000           0.023915
      13.150000           0.024008
      13.250000           0.024096
      13.350000           0.024180
      13.450000           0.024266
      13.550000           0.024352
      13.650000           0.024423
      13.750000           0.024496
      13.850000           0.024558
      13.950000           0.024624
      14.050000           0.024678
      14.150000           0.024744
      14.250000           0.024808
      14.350000           0.024875
      14.450000           0.024954
      14.550000           0.025025
      14.650000           0.025103
      14.750000           0.025182
      14.850000           0.025261
      14.950000           0.025342
      15.050000           0.025423
      15.150000           0.025512
      15.250000           0.025596
      15.350000           0.025677
      15.450000           0.025745
      15.550000           0.025811
      15.650000           0.025873
      15.750000           0.025926
      15.850000           0.025981
      15.950000           0.026040
      16.050000           0.026102
      16.150000           0.026150
      16.250000           0.026208
      16.350000           0.026265
      16.450000           0.026320
      16.550000           0.026377
      16.650000           0.026439
      16.750000           0.026490
      16.850000           0.026543
      16.950000           0.026600
      17.050000           0.026653
      17.150000           0.026704
      17.250000           0.026752
      17.350000           0.026806
      17.450000           0.026861
      17.550000           0.026904
      17.650000           0.026957
      17.750000           0.027010
      17.850000           0.027058
      17.950000           0.027109
      18.050000           0.027172
      18.150000           0.027230
      18.250000           0.027283
      18.350000           0.027340
      18.450000           0.027405
      18.550000           0.027464
      18.650000           0.027524
      18.750000           0.027574
      18.850000           0.027636
      18.950000           0.027694
      19.050000           0.027750
      19.150000           0.027801
      19.250000           0.027848
      19.350000           0.027907
      19.450000           0.027962
      19.550000           0.028009
      19.650000           0.028057
      19.750000           0.028108
      19.850000           0.028156
      19.950000           0.028199
      20.050000           0.028249
      20.150000           0.028294
      20.250000           0.028330
      20.350000           0.028370
      20.450000           0.028410
      20.550000           0.028456
      20.650000           0.028497
      20.750000           0.028536
      20.850000           0.028585
      20.950000           0.028629
      21.050000           0.028668
      21.150000           0.028716
      21.250000           0.028759
      21.350000           0.028801
      21.450000           0.028842
      21.550000           0.028884
      21.650000           0.028929
      21.750000           0.028968
      21.850000           0.029009
      21.950000           0.029050
      22.050000           0.029087
      22.150000           0.029125
      22.250000           0.029171
      22.350000           0.029201
      22.450000           0.029245
      22.550000           0.029280
      22.650000           0.029317
      22.750000           0.029352
      22.850000           0.029390
      22.950000           0.029427
      23.050000           0.029459
      23.150000           0.029495
      23.250000           0.029528
      23.350000           0.029559
      23.450000           0.029590
      23.550000           0.029622
      23.650000           0.029652
      23.750000           0.029681
      23.850000           0.029706
      23.950000           0.029736
      24.050000           0.029768
      24.150000           0.029794
      24.250000           0.029821
      24.350000           0.029849
      24.450000           0.029873
      24.550000           0.029909
      24.650000           0.029928
      24.750000           0.029957
      24.850000           0.029981
      24.950000           0.030012
      25.050000           0.030038
      25.150000           0.030058
      25.250000           0.030086
      25.350000           0.030111
      25.450000           0.030138
      25.550000           0.030162
      25.650000           0.030186
      25.750000           0.030212
      25.850000           0.030238
      25.950000           0.030264
      26.050000           0.030281
      26.150000           0.030310
      26.250000           0.030332
      26.350000           0.030362
      26.450000           0.030377
      26.550000           0.030404
      26.650000           0.030428
      26.750000           0.030450
      26.850000           0.030470
      26.950000           0.030494
      27.050000           0.030519
      27.150000           0.030536
      27.250000           0.030558
      27.350000           0.030578
      27.450000           0.030601
      27.550000           0.030623
      27.650000           0.030648
      27.750000           0.030665
      27.850000           0.030685
      27.950000           0.030702
      28.050000           0.030727
      28.150000           0.030747
      28.250000           0.030766
      28.350000           0.030783
      28.450000           0.030806
      28.550000           0.030824
      28.650000           0.030841
      28.750000           0.030862
      28.850000           0.030875
      28.950000           0.030899
      29.050000           0.030911
      29.150000           0.030929
      29.250000           0.030947
      29.350000           0.030963
      29.450000           0.030979
      29.550000           0.030994
      29.650000           0.031009
      29.750000           0.031022
      29.850000           0.031037
      29.950000           0.031050
