#Distance_(Ang) :U3,U@N3_=>_:WAT@O
       0.050000           0.000000
       0.150000           0.000000
       0.250000           0.000000
       0.350000           0.000000
       0.450000           0.000000
       0.550000           0.000000
       0.650000           0.000000
       0.750000           0.000000
       0.850000           0.000000
       0.950000           0.000000
       1.050000           0.000000
       1.150000           0.000000
       1.250000           0.000000
       1.350000           0.000000
       1.450000           0.000000
       1.550000           0.000000
       1.650000           0.000000
       1.750000           0.000000
       1.850000           0.000000
       1.950000           0.000000
       2.050000           0.000000
       2.150000           0.000000
       2.250000           0.000000
       2.350000           0.000000
       2.450000           0.000000
       2.550000           0.000002
       2.650000           0.000312
       2.750000           0.003746
       2.850000           0.010563
       2.950000           0.013803
       3.050000           0.013316
       3.150000           0.012305
       3.250000           0.011839
       3.350000           0.011854
       3.450000           0.012108
       3.550000           0.012562
       3.650000           0.013127
       3.750000           0.013757
       3.850000           0.014376
       3.950000           0.014960
       4.050000           0.015433
       4.150000           0.015893
       4.250000           0.016289
       4.350000           0.016630
       4.450000           0.016952
       4.550000           0.017375
       4.650000           0.017958
       4.750000           0.018718
       4.850000           0.019050
       4.950000           0.018451
       5.050000           0.017357
       5.150000           0.016501
       5.250000           0.016106
       5.350000           0.016074
       5.450000           0.016311
       5.550000           0.016763
       5.650000           0.017276
       5.750000           0.017703
       5.850000           0.017963
       5.950000           0.018069
       6.050000           0.018110
       6.150000           0.018106
       6.250000           0.018123
       6.350000           0.018159
       6.450000           0.018226
       6.550000           0.018318
       6.650000           0.018385
       6.750000           0.018436
       6.850000           0.018447
       6.950000           0.018469
       7.050000           0.018497
       7.150000           0.018542
       7.250000           0.018609
       7.350000           0.018674
       7.450000           0.018746
       7.550000           0.018830
       7.650000           0.018895
       7.750000           0.018979
       7.850000           0.019080
       7.950000           0.019179
       8.050000           0.019297
       8.150000           0.019416
       8.250000           0.019541
       8.350000           0.019667
       8.450000           0.019811
       8.550000           0.019974
       8.650000           0.020148
       8.750000           0.020335
       8.850000           0.020541
       8.950000           0.020760
       9.050000           0.020959
       9.150000           0.021151
       9.250000           0.021328
       9.350000           0.021489
       9.450000           0.021647
       9.550000           0.021785
       9.650000           0.021922
       9.750000           0.022064
       9.850000           0.022186
       9.950000           0.022304
      10.050000           0.022411
      10.150000           0.022486
      10.250000           0.022551
      10.350000           0.022634
      10.450000           0.022722
      10.550000           0.022803
      10.650000           0.022886
      10.750000           0.022974
      10.850000           0.023054
      10.950000           0.023143
      11.050000           0.023228
      11.150000           0.023302
      11.250000           0.023377
      11.350000           0.023441
      11.450000           0.023485
      11.550000           0.023523
      11.650000           0.023574
      11.750000           0.023618
      11.850000           0.023686
      11.950000           0.023750
      12.050000           0.023834
      12.150000           0.023916
      12.250000           0.024005
      12.350000           0.024090
      12.450000           0.024185
      12.550000           0.024258
      12.650000           0.024309
      12.750000           0.024359
      12.850000           0.024405
      12.950000           0.024446
      13.050000           0.024480
      13.150000           0.024505
      13.250000           0.024547
      13.350000           0.024581
      13.450000           0.024634
      13.550000           0.024671
      13.650000           0.024710
      13.750000           0.024754
      13.850000           0.024794
      13.950000           0.024846
      14.050000           0.024883
      14.150000           0.024928
      14.250000           0.024974
      14.350000           0.025026
      14.450000           0.025077
      14.550000           0.025132
      14.650000           0.025186
      14.750000           0.025247
      14.850000           0.025306
      14.950000           0.025367
      15.050000           0.025427
      15.150000           0.025493
      15.250000           0.025545
      15.350000           0.025609
      15.450000           0.025666
      15.550000           0.025713
      15.650000           0.025763
      15.750000           0.025820
      15.850000           0.025875
      15.950000           0.025934
      16.050000           0.025993
      16.150000           0.026056
      16.250000           0.026120
      16.350000           0.026187
      16.450000           0.026252
      16.550000           0.026306
      16.650000           0.026366
      16.750000           0.026422
      16.850000           0.026483
      16.950000           0.026540
      17.050000           0.026597
      17.150000           0.026649
      17.250000           0.026705
      17.350000           0.026751
      17.450000           0.026814
      17.550000           0.026864
      17.650000           0.026915
      17.750000           0.026974
      17.850000           0.027021
      17.950000           0.027074
      18.050000           0.027123
      18.150000           0.027167
      18.250000           0.027218
      18.350000           0.027270
      18.450000           0.027310
      18.550000           0.027355
      18.650000           0.027406
      18.750000           0.027455
      18.850000           0.027500
      18.950000           0.027553
      19.050000           0.027602
      19.150000           0.027654
      19.250000           0.027701
      19.350000           0.027756
      19.450000           0.027802
      19.550000           0.027856
      19.650000           0.027903
      19.750000           0.027955
      19.850000           0.028003
      19.950000           0.028058
      20.050000           0.028104
      20.150000           0.028150
      20.250000           0.028198
      20.350000           0.028244
      20.450000           0.028295
      20.550000           0.028336
      20.650000           0.028381
      20.750000           0.028433
      20.850000           0.028473
      20.950000           0.028515
      21.050000           0.028561
      21.150000           0.028606
      21.250000           0.028646
      21.350000           0.028700
      21.450000           0.028738
      21.550000           0.028782
      21.650000           0.028830
      21.750000           0.028879
      21.850000           0.028927
      21.950000           0.028971
      22.050000           0.029019
      22.150000           0.029066
      22.250000           0.029109
      22.350000           0.029152
      22.450000           0.029196
      22.550000           0.029242
      22.650000           0.029282
      22.750000           0.029320
      22.850000           0.029361
      22.950000           0.029401
      23.050000           0.029435
      23.150000           0.029467
      23.250000           0.029505
      23.350000           0.029537
      23.450000           0.029575
      23.550000           0.029602
      23.650000           0.029637
      23.750000           0.029667
      23.850000           0.029693
      23.950000           0.029722
      24.050000           0.029749
      24.150000           0.029780
      24.250000           0.029809
      24.350000           0.029839
      24.450000           0.029863
      24.550000           0.029888
      24.650000           0.029921
      24.750000           0.029945
      24.850000           0.029973
      24.950000           0.029994
      25.050000           0.030027
      25.150000           0.030051
      25.250000           0.030080
      25.350000           0.030102
      25.450000           0.030124
      25.550000           0.030146
      25.650000           0.030171
      25.750000           0.030190
      25.850000           0.030218
      25.950000           0.030239
      26.050000           0.030259
      26.150000           0.030285
      26.250000           0.030307
      26.350000           0.030327
      26.450000           0.030353
      26.550000           0.030368
      26.650000           0.030391
      26.750000           0.030415
      26.850000           0.030439
      26.950000           0.030455
      27.050000           0.030483
      27.150000           0.030501
      27.250000           0.030524
      27.350000           0.030548
      27.450000           0.030570
      27.550000           0.030593
      27.650000           0.030610
      27.750000           0.030639
      27.850000           0.030657
      27.950000           0.030677
      28.050000           0.030702
      28.150000           0.030721
      28.250000           0.030742
      28.350000           0.030760
      28.450000           0.030781
      28.550000           0.030799
      28.650000           0.030820
      28.750000           0.030837
      28.850000           0.030855
      28.950000           0.030873
      29.050000           0.030892
      29.150000           0.030905
      29.250000           0.030921
      29.350000           0.030938
      29.450000           0.030955
      29.550000           0.030968
      29.650000           0.030981
      29.750000           0.030997
      29.850000           0.031008
      29.950000           0.031024
