#Distance_(Ang) :G5,G@N1_=>_:WAT@O
       0.050000           0.000000
       0.150000           0.000000
       0.250000           0.000000
       0.350000           0.000000
       0.450000           0.000000
       0.550000           0.000000
       0.650000           0.000000
       0.750000           0.000000
       0.850000           0.000000
       0.950000           0.000000
       1.050000           0.000000
       1.150000           0.000000
       1.250000           0.000000
       1.350000           0.000000
       1.450000           0.000000
       1.550000           0.000000
       1.650000           0.000000
       1.750000           0.000000
       1.850000           0.000000
       1.950000           0.000000
       2.050000           0.000000
       2.150000           0.000000
       2.250000           0.000000
       2.350000           0.000000
       2.450000           0.000000
       2.550000           0.000003
       2.650000           0.000332
       2.750000           0.003801
       2.850000           0.010097
       2.950000           0.012645
       3.050000           0.012005
       3.150000           0.011158
       3.250000           0.010786
       3.350000           0.010788
       3.450000           0.010958
       3.550000           0.011195
       3.650000           0.011509
       3.750000           0.011839
       3.850000           0.012192
       3.950000           0.012493
       4.050000           0.012814
       4.150000           0.013151
       4.250000           0.013486
       4.350000           0.013896
       4.450000           0.014478
       4.550000           0.015393
       4.650000           0.016829
       4.750000           0.018633
       4.850000           0.020133
       4.950000           0.020567
       5.050000           0.019803
       5.150000           0.018356
       5.250000           0.016944
       5.350000           0.015907
       5.450000           0.015263
       5.550000           0.014900
       5.650000           0.014690
       5.750000           0.014590
       5.850000           0.014532
       5.950000           0.014543
       6.050000           0.014620
       6.150000           0.014733
       6.250000           0.014883
       6.350000           0.015071
       6.450000           0.015284
       6.550000           0.015543
       6.650000           0.015849
       6.750000           0.016177
       6.850000           0.016508
       6.950000           0.016816
       7.050000           0.017118
       7.150000           0.017391
       7.250000           0.017685
       7.350000           0.017943
       7.450000           0.018161
       7.550000           0.018319
       7.650000           0.018422
       7.750000           0.018459
       7.850000           0.018440
       7.950000           0.018415
       8.050000           0.018371
       8.150000           0.018351
       8.250000           0.018368
       8.350000           0.018417
       8.450000           0.018487
       8.550000           0.018582
       8.650000           0.018699
       8.750000           0.018831
       8.850000           0.018971
       8.950000           0.019117
       9.050000           0.019295
       9.150000           0.019468
       9.250000           0.019648
       9.350000           0.019804
       9.450000           0.019992
       9.550000           0.020157
       9.650000           0.020323
       9.750000           0.020506
       9.850000           0.020679
       9.950000           0.020865
      10.050000           0.021058
      10.150000           0.021265
      10.250000           0.021456
      10.350000           0.021642
      10.450000           0.021823
      10.550000           0.021986
      10.650000           0.022134
      10.750000           0.022265
      10.850000           0.022392
      10.950000           0.022499
      11.050000           0.022611
      11.150000           0.022699
      11.250000           0.022780
      11.350000           0.022841
      11.450000           0.022907
      11.550000           0.022945
      11.650000           0.022989
      11.750000           0.023022
      11.850000           0.023070
      11.950000           0.023109
      12.050000           0.023167
      12.150000           0.023222
      12.250000           0.023287
      12.350000           0.023354
      12.450000           0.023423
      12.550000           0.023502
      12.650000           0.023578
      12.750000           0.023658
      12.850000           0.023747
      12.950000           0.023818
      13.050000           0.023896
      13.150000           0.023971
      13.250000           0.024069
      13.350000           0.024145
      13.450000           0.024234
      13.550000           0.024318
      13.650000           0.024395
      13.750000           0.024492
      13.850000           0.024569
      13.950000           0.024668
      14.050000           0.024743
      14.150000           0.024827
      14.250000           0.024905
      14.350000           0.024980
      14.450000           0.025049
      14.550000           0.025127
      14.650000           0.025189
      14.750000           0.025252
      14.850000           0.025321
      14.950000           0.025377
      15.050000           0.025442
      15.150000           0.025505
      15.250000           0.025562
      15.350000           0.025619
      15.450000           0.025670
      15.550000           0.025728
      15.650000           0.025782
      15.750000           0.025847
      15.850000           0.025901
      15.950000           0.025970
      16.050000           0.026029
      16.150000           0.026089
      16.250000           0.026151
      16.350000           0.026217
      16.450000           0.026294
      16.550000           0.026360
      16.650000           0.026435
      16.750000           0.026503
      16.850000           0.026579
      16.950000           0.026645
      17.050000           0.026714
      17.150000           0.026781
      17.250000           0.026845
      17.350000           0.026906
      17.450000           0.026971
      17.550000           0.027022
      17.650000           0.027087
      17.750000           0.027138
      17.850000           0.027208
      17.950000           0.027259
      18.050000           0.027309
      18.150000           0.027364
      18.250000           0.027408
      18.350000           0.027465
      18.450000           0.027509
      18.550000           0.027563
      18.650000           0.027614
      18.750000           0.027664
      18.850000           0.027712
      18.950000           0.027767
      19.050000           0.027814
      19.150000           0.027861
      19.250000           0.027913
      19.350000           0.027958
      19.450000           0.028012
      19.550000           0.028055
      19.650000           0.028106
      19.750000           0.028154
      19.850000           0.028202
      19.950000           0.028250
      20.050000           0.028299
      20.150000           0.028338
      20.250000           0.028386
      20.350000           0.028430
      20.450000           0.028476
      20.550000           0.028518
      20.650000           0.028560
      20.750000           0.028605
      20.850000           0.028648
      20.950000           0.028690
      21.050000           0.028731
      21.150000           0.028772
      21.250000           0.028818
      21.350000           0.028859
      21.450000           0.028903
      21.550000           0.028944
      21.650000           0.028977
      21.750000           0.029022
      21.850000           0.029060
      21.950000           0.029099
      22.050000           0.029135
      22.150000           0.029169
      22.250000           0.029205
      22.350000           0.029234
      22.450000           0.029261
      22.550000           0.029290
      22.650000           0.029319
      22.750000           0.029351
      22.850000           0.029374
      22.950000           0.029401
      23.050000           0.029426
      23.150000           0.029457
      23.250000           0.029486
      23.350000           0.029515
      23.450000           0.029547
      23.550000           0.029578
      23.650000           0.029608
      23.750000           0.029642
      23.850000           0.029675
      23.950000           0.029705
      24.050000           0.029730
      24.150000           0.029759
      24.250000           0.029787
      24.350000           0.029818
      24.450000           0.029842
      24.550000           0.029869
      24.650000           0.029899
      24.750000           0.029921
      24.850000           0.029947
      24.950000           0.029973
      25.050000           0.029995
      25.150000           0.030022
      25.250000           0.030047
      25.350000           0.030076
      25.450000           0.030099
      25.550000           0.030125
      25.650000           0.030147
      25.750000           0.030176
      25.850000           0.030204
      25.950000           0.030228
      26.050000           0.030257
      26.150000           0.030281
      26.250000           0.030309
      26.350000           0.030333
      26.450000           0.030359
      26.550000           0.030386
      26.650000           0.030407
      26.750000           0.030430
      26.850000           0.030458
      26.950000           0.030478
      27.050000           0.030501
      27.150000           0.030526
      27.250000           0.030541
      27.350000           0.030564
      27.450000           0.030583
      27.550000           0.030609
      27.650000           0.030626
      27.750000           0.030649
      27.850000           0.030667
      27.950000           0.030688
      28.050000           0.030714
      28.150000           0.030729
      28.250000           0.030752
      28.350000           0.030771
      28.450000           0.030789
      28.550000           0.030810
      28.650000           0.030825
      28.750000           0.030849
      28.850000           0.030860
      28.950000           0.030880
      29.050000           0.030895
      29.150000           0.030915
      29.250000           0.030931
      29.350000           0.030948
      29.450000           0.030965
      29.550000           0.030981
      29.650000           0.030996
      29.750000           0.031009
      29.850000           0.031030
      29.950000           0.031040
