#Distance_(Ang) :G,G3,U,U3@P_=>_:WAT@O
       0.050000               0.000000
       0.150000               0.000000
       0.250000               0.000000
       0.350000               0.000000
       0.450000               0.000000
       0.550000               0.000000
       0.650000               0.000000
       0.750000               0.000000
       0.850000               0.000000
       0.950000               0.000000
       1.050000               0.000000
       1.150000               0.000000
       1.250000               0.000000
       1.350000               0.000000
       1.450000               0.000000
       1.550000               0.000000
       1.650000               0.000000
       1.750000               0.000000
       1.850000               0.000000
       1.950000               0.000000
       2.050000               0.000000
       2.150000               0.000000
       2.250000               0.000000
       2.350000               0.000000
       2.450000               0.000000
       2.550000               0.000000
       2.650000               0.000000
       2.750000               0.000000
       2.850000               0.000000
       2.950000               0.000014
       3.050000               0.000270
       3.150000               0.001938
       3.250000               0.007319
       3.350000               0.017467
       3.450000               0.029551
       3.550000               0.038600
       3.650000               0.042257
       3.750000               0.042121
       3.850000               0.039882
       3.950000               0.035001
       4.050000               0.027104
       4.150000               0.019135
       4.250000               0.014045
       4.350000               0.011814
       4.450000               0.011150
       4.550000               0.011179
       4.650000               0.011528
       4.750000               0.012037
       4.850000               0.012696
       4.950000               0.013467
       5.050000               0.014323
       5.150000               0.015208
       5.250000               0.016092
       5.350000               0.016950
       5.450000               0.017780
       5.550000               0.018558
       5.650000               0.019262
       5.750000               0.019857
       5.850000               0.020326
       5.950000               0.020582
       6.050000               0.020661
       6.150000               0.020547
       6.250000               0.020304
       6.350000               0.020011
       6.450000               0.019757
       6.550000               0.019544
       6.650000               0.019427
       6.750000               0.019398
       6.850000               0.019449
       6.950000               0.019564
       7.050000               0.019729
       7.150000               0.019916
       7.250000               0.020107
       7.350000               0.020288
       7.450000               0.020434
       7.550000               0.020565
       7.650000               0.020678
       7.750000               0.020804
       7.850000               0.020950
       7.950000               0.021096
       8.050000               0.021244
       8.150000               0.021361
       8.250000               0.021468
       8.350000               0.021538
       8.450000               0.021608
       8.550000               0.021653
       8.650000               0.021723
       8.750000               0.021794
       8.850000               0.021891
       8.950000               0.022012
       9.050000               0.022145
       9.150000               0.022286
       9.250000               0.022430
       9.350000               0.022571
       9.450000               0.022708
       9.550000               0.022815
       9.650000               0.022918
       9.750000               0.023009
       9.850000               0.023084
       9.950000               0.023137
      10.050000               0.023205
      10.150000               0.023267
      10.250000               0.023324
      10.350000               0.023367
      10.450000               0.023395
      10.550000               0.023415
      10.650000               0.023437
      10.750000               0.023445
      10.850000               0.023459
      10.950000               0.023489
      11.050000               0.023524
      11.150000               0.023581
      11.250000               0.023642
      11.350000               0.023712
      11.450000               0.023795
      11.550000               0.023880
      11.650000               0.023968
      11.750000               0.024056
      11.850000               0.024156
      11.950000               0.024254
      12.050000               0.024352
      12.150000               0.024440
      12.250000               0.024534
      12.350000               0.024611
      12.450000               0.024683
      12.550000               0.024755
      12.650000               0.024808
      12.750000               0.024849
      12.850000               0.024888
      12.950000               0.024920
      13.050000               0.024965
      13.150000               0.025008
      13.250000               0.025043
      13.350000               0.025079
      13.450000               0.025122
      13.550000               0.025168
      13.650000               0.025209
      13.750000               0.025256
      13.850000               0.025305
      13.950000               0.025360
      14.050000               0.025418
      14.150000               0.025475
      14.250000               0.025542
      14.350000               0.025608
      14.450000               0.025667
      14.550000               0.025739
      14.650000               0.025799
      14.750000               0.025861
      14.850000               0.025920
      14.950000               0.025976
      15.050000               0.026034
      15.150000               0.026084
      15.250000               0.026136
      15.350000               0.026183
      15.450000               0.026233
      15.550000               0.026283
      15.650000               0.026331
      15.750000               0.026380
      15.850000               0.026431
      15.950000               0.026481
      16.050000               0.026537
      16.150000               0.026584
      16.250000               0.026639
      16.350000               0.026691
      16.450000               0.026742
      16.550000               0.026797
      16.650000               0.026841
      16.750000               0.026891
      16.850000               0.026942
      16.950000               0.026997
      17.050000               0.027051
      17.150000               0.027108
      17.250000               0.027159
      17.350000               0.027212
      17.450000               0.027265
      17.550000               0.027317
      17.650000               0.027376
      17.750000               0.027425
      17.850000               0.027479
      17.950000               0.027527
      18.050000               0.027573
      18.150000               0.027619
      18.250000               0.027655
      18.350000               0.027694
      18.450000               0.027734
      18.550000               0.027764
      18.650000               0.027803
      18.750000               0.027840
      18.850000               0.027870
      18.950000               0.027905
      19.050000               0.027940
      19.150000               0.027978
      19.250000               0.028019
      19.350000               0.028053
      19.450000               0.028096
      19.550000               0.028130
      19.650000               0.028168
      19.750000               0.028199
      19.850000               0.028240
      19.950000               0.028272
      20.050000               0.028308
      20.150000               0.028343
      20.250000               0.028378
      20.350000               0.028414
      20.450000               0.028449
      20.550000               0.028484
      20.650000               0.028520
      20.750000               0.028554
      20.850000               0.028591
      20.950000               0.028619
      21.050000               0.028657
      21.150000               0.028687
      21.250000               0.028716
      21.350000               0.028754
      21.450000               0.028786
      21.550000               0.028820
      21.650000               0.028856
      21.750000               0.028892
      21.850000               0.028929
      21.950000               0.028962
      22.050000               0.029000
      22.150000               0.029035
      22.250000               0.029067
      22.350000               0.029101
      22.450000               0.029132
      22.550000               0.029164
      22.650000               0.029199
      22.750000               0.029228
      22.850000               0.029263
      22.950000               0.029290
      23.050000               0.029322
      23.150000               0.029351
      23.250000               0.029380
      23.350000               0.029412
      23.450000               0.029439
      23.550000               0.029471
      23.650000               0.029495
      23.750000               0.029526
      23.850000               0.029548
      23.950000               0.029578
      24.050000               0.029603
      24.150000               0.029626
      24.250000               0.029655
      24.350000               0.029680
      24.450000               0.029704
      24.550000               0.029733
      24.650000               0.029758
      24.750000               0.029784
      24.850000               0.029808
      24.950000               0.029836
      25.050000               0.029858
      25.150000               0.029887
      25.250000               0.029914
      25.350000               0.029934
      25.450000               0.029960
      25.550000               0.029987
      25.650000               0.030012
      25.750000               0.030037
      25.850000               0.030060
      25.950000               0.030086
      26.050000               0.030107
      26.150000               0.030132
      26.250000               0.030154
      26.350000               0.030179
      26.450000               0.030200
      26.550000               0.030221
      26.650000               0.030244
      26.750000               0.030264
      26.850000               0.030288
      26.950000               0.030310
      27.050000               0.030330
      27.150000               0.030351
      27.250000               0.030374
      27.350000               0.030396
      27.450000               0.030411
      27.550000               0.030433
      27.650000               0.030454
      27.750000               0.030470
      27.850000               0.030491
      27.950000               0.030512
      28.050000               0.030533
      28.150000               0.030553
      28.250000               0.030571
      28.350000               0.030590
      28.450000               0.030610
      28.550000               0.030629
      28.650000               0.030648
      28.750000               0.030664
      28.850000               0.030681
      28.950000               0.030700
      29.050000               0.030713
      29.150000               0.030730
      29.250000               0.030748
      29.350000               0.030762
      29.450000               0.030778
      29.550000               0.030792
      29.650000               0.030811
      29.750000               0.030826
      29.850000               0.030840
      29.950000               0.030852
