 0.05000 0.00000
 0.15000 0.00000
 0.25000 0.00000
 0.35000 0.00000
 0.45000 0.00000
 0.55000 0.00000
 0.65000 0.00000
 0.75000 0.00000
 0.85000 0.00000
 0.95000 0.00000
 1.05000 0.00000
 1.15000 0.00000
 1.25000 0.00000
 1.35000 0.00000
 1.45000 0.00000
 1.55000 0.00000
 1.65000 0.00000
 1.75000 0.00000
 1.85000 0.00000
 1.95000 0.00000
 2.05000 0.00000
 2.15000 0.00000
 2.25000 0.00000
 2.35000 0.00000
 2.45000 0.00000
 2.55000 0.00000
 2.65000 0.00000
 2.75000 0.00000
 2.85000 0.00000
 2.95000 0.00001
 3.05000 0.00028
 3.15000 0.00209
 3.25000 0.00811
 3.35000 0.01953
 3.45000 0.03276
 3.55000 0.04189
 3.65000 0.04492
 3.75000 0.04442
 3.85000 0.04265
 3.95000 0.03814
 4.05000 0.02958
 4.15000 0.02033
 4.25000 0.01413
 4.35000 0.01125
 4.45000 0.01042
 4.55000 0.01063
 4.65000 0.01136
 4.75000 0.01234
 4.85000 0.01347
 4.95000 0.01467
 5.05000 0.01588
 5.15000 0.01708
 5.25000 0.01834
 5.35000 0.01969
 5.45000 0.02034
 5.55000 0.02045
 5.65000 0.02079
 5.75000 0.02124
 5.85000 0.02168
 5.95000 0.02214
 6.05000 0.02252
 6.15000 0.02265
 6.25000 0.02240
 6.35000 0.02185
 6.45000 0.02116
 6.55000 0.02055
 6.65000 0.02003
 6.75000 0.01968
 6.85000 0.01949
 6.95000 0.01951
 7.05000 0.01972
 7.15000 0.02007
 7.25000 0.02048
 7.35000 0.02087
 7.45000 0.02120
 7.55000 0.02148
 7.65000 0.02169
 7.75000 0.02187
 7.85000 0.02204
 7.95000 0.02222
 8.05000 0.02240
 8.15000 0.02257
 8.25000 0.02270
 8.35000 0.02281
 8.45000 0.02289
 8.55000 0.02295
 8.65000 0.02300
 8.75000 0.02304
 8.85000 0.02306
 8.95000 0.02305
 9.05000 0.02305
 9.15000 0.02304
 9.25000 0.02304
 9.35000 0.02305
 9.45000 0.02308
 9.55000 0.02313
 9.65000 0.02320
 9.75000 0.02328
 9.85000 0.02337
 9.95000 0.02347
10.05000 0.02357
10.15000 0.02367
10.25000 0.02377
10.35000 0.02383
10.45000 0.02389
10.55000 0.02395
10.65000 0.02399
10.75000 0.02403
10.85000 0.02406
10.95000 0.02409
11.05000 0.02412
11.15000 0.02415
11.25000 0.02418
11.35000 0.02422
11.45000 0.02426
11.55000 0.02430
11.65000 0.02434
11.75000 0.02439
11.85000 0.02443
11.95000 0.02448
12.05000 0.02452
12.15000 0.02458
12.25000 0.02462
12.35000 0.02467
12.45000 0.02473
12.55000 0.02478
12.65000 0.02484
12.75000 0.02488
12.85000 0.02493
12.95000 0.02497
13.05000 0.02501
13.15000 0.02505
13.25000 0.02509
13.35000 0.02514
13.45000 0.02519
13.55000 0.02523
13.65000 0.02529
13.75000 0.02535
13.85000 0.02540
13.95000 0.02546
14.05000 0.02551
14.15000 0.02557
14.25000 0.02562
14.35000 0.02567
14.45000 0.02571
14.55000 0.02575
14.65000 0.02580
14.75000 0.02584
14.85000 0.02589
14.95000 0.02592
15.05000 0.02597
15.15000 0.02602
15.25000 0.02607
15.35000 0.02612
15.45000 0.02617
15.55000 0.02623
15.65000 0.02628
15.75000 0.02633
15.85000 0.02638
15.95000 0.02643
16.05000 0.02649
16.15000 0.02654
16.25000 0.02659
16.35000 0.02664
16.45000 0.02669
16.55000 0.02675
16.65000 0.02680
16.75000 0.02685
16.85000 0.02690
16.95000 0.02695
17.05000 0.02699
17.15000 0.02703
17.25000 0.02708
17.35000 0.02712
17.45000 0.02717
17.55000 0.02722
17.65000 0.02727
17.75000 0.02731
17.85000 0.02736
17.95000 0.02741
18.05000 0.02745
18.15000 0.02750
18.25000 0.02754
18.35000 0.02759
18.45000 0.02763
18.55000 0.02767
18.65000 0.02771
18.75000 0.02776
18.85000 0.02780
18.95000 0.02784
19.05000 0.02788
19.15000 0.02792
19.25000 0.02796
19.35000 0.02800
19.45000 0.02804
19.55000 0.02809
19.65000 0.02813
19.75000 0.02817
19.85000 0.02821
19.95000 0.02825
20.05000 0.02829
20.15000 0.02833
20.25000 0.02837
20.35000 0.02841
20.45000 0.02844
20.55000 0.02848
20.65000 0.02851
20.75000 0.02855
20.85000 0.02858
20.95000 0.02861
21.05000 0.02865
21.15000 0.02868
21.25000 0.02871
21.35000 0.02874
21.45000 0.02877
21.55000 0.02880
21.65000 0.02882
21.75000 0.02885
21.85000 0.02888
21.95000 0.02891
22.05000 0.02894
22.15000 0.02898
22.25000 0.02901
22.35000 0.02904
22.45000 0.02908
22.55000 0.02911
22.65000 0.02914
22.75000 0.02917
22.85000 0.02920
22.95000 0.02922
23.05000 0.02925
23.15000 0.02928
23.25000 0.02931
23.35000 0.02933
23.45000 0.02936
23.55000 0.02939
23.65000 0.02942
23.75000 0.02945
23.85000 0.02947
23.95000 0.02950
24.05000 0.02953
24.15000 0.02956
24.25000 0.02959
24.35000 0.02961
24.45000 0.02964
24.55000 0.02966
24.65000 0.02969
24.75000 0.02971
24.85000 0.02974
24.95000 0.02976
25.05000 0.02978
25.15000 0.02981
25.25000 0.02983
25.35000 0.02985
25.45000 0.02988
25.55000 0.02990
25.65000 0.02993
25.75000 0.02995
25.85000 0.02997
25.95000 0.02999
26.05000 0.03002
26.15000 0.03004
26.25000 0.03007
26.35000 0.03009
26.45000 0.03011
26.55000 0.03013
26.65000 0.03016
26.75000 0.03018
26.85000 0.03020
26.95000 0.03022
27.05000 0.03025
27.15000 0.03027
27.25000 0.03029
27.35000 0.03031
27.45000 0.03033
27.55000 0.03035
27.65000 0.03038
27.75000 0.03040
27.85000 0.03043
27.95000 0.03045
28.05000 0.03047
28.15000 0.03049
28.25000 0.03051
28.35000 0.03054
28.45000 0.03055
28.55000 0.03058
28.65000 0.03060
28.75000 0.03062
28.85000 0.03064
28.95000 0.03066
29.05000 0.03068
29.15000 0.03071
29.25000 0.03073
29.35000 0.03075
29.45000 0.03077
29.55000 0.03079
29.65000 0.03081
29.75000 0.03083
29.85000 0.03084
29.95000 0.03086
