 0.05000 0.00000
 0.15000 0.00000
 0.25000 0.00000
 0.35000 0.00000
 0.45000 0.00000
 0.55000 0.00000
 0.65000 0.00000
 0.75000 0.00000
 0.85000 0.00000
 0.95000 0.00000
 1.05000 0.00000
 1.15000 0.00000
 1.25000 0.00000
 1.35000 0.00000
 1.45000 0.00000
 1.55000 0.00000
 1.65000 0.00000
 1.75000 0.00000
 1.85000 0.00000
 1.95000 0.00000
 2.05000 0.00000
 2.15000 0.00000
 2.25000 0.00000
 2.35000 0.00000
 2.45000 0.00000
 2.55000 0.00000
 2.65000 0.00030
 2.75000 0.00334
 2.85000 0.00853
 2.95000 0.01017
 3.05000 0.00935
 3.15000 0.00864
 3.25000 0.00854
 3.35000 0.00883
 3.45000 0.00924
 3.55000 0.00969
 3.65000 0.01012
 3.75000 0.01054
 3.85000 0.01095
 3.95000 0.01135
 4.05000 0.01176
 4.15000 0.01219
 4.25000 0.01264
 4.35000 0.01311
 4.45000 0.01374
 4.55000 0.01464
 4.65000 0.01608
 4.75000 0.01780
 4.85000 0.01896
 4.95000 0.01891
 5.05000 0.01787
 5.15000 0.01642
 5.25000 0.01512
 5.35000 0.01428
 5.45000 0.01381
 5.55000 0.01358
 5.65000 0.01352
 5.75000 0.01356
 5.85000 0.01369
 5.95000 0.01389
 6.05000 0.01416
 6.15000 0.01446
 6.25000 0.01478
 6.35000 0.01512
 6.45000 0.01549
 6.55000 0.01585
 6.65000 0.01622
 6.75000 0.01661
 6.85000 0.01699
 6.95000 0.01739
 7.05000 0.01775
 7.15000 0.01810
 7.25000 0.01844
 7.35000 0.01875
 7.45000 0.01900
 7.55000 0.01919
 7.65000 0.01929
 7.75000 0.01931
 7.85000 0.01927
 7.95000 0.01922
 8.05000 0.01920
 8.15000 0.01923
 8.25000 0.01929
 8.35000 0.01938
 8.45000 0.01951
 8.55000 0.01967
 8.65000 0.01983
 8.75000 0.02001
 8.85000 0.02020
 8.95000 0.02040
 9.05000 0.02061
 9.15000 0.02082
 9.25000 0.02102
 9.35000 0.02122
 9.45000 0.02142
 9.55000 0.02160
 9.65000 0.02179
 9.75000 0.02198
 9.85000 0.02217
 9.95000 0.02236
10.05000 0.02257
10.15000 0.02277
10.25000 0.02297
10.35000 0.02317
10.45000 0.02336
10.55000 0.02355
10.65000 0.02372
10.75000 0.02388
10.85000 0.02402
10.95000 0.02414
11.05000 0.02424
11.15000 0.02433
11.25000 0.02442
11.35000 0.02450
11.45000 0.02458
11.55000 0.02465
11.65000 0.02470
11.75000 0.02476
11.85000 0.02480
11.95000 0.02485
12.05000 0.02489
12.15000 0.02492
12.25000 0.02496
12.35000 0.02498
12.45000 0.02503
12.55000 0.02507
12.65000 0.02513
12.75000 0.02518
12.85000 0.02524
12.95000 0.02529
13.05000 0.02535
13.15000 0.02541
13.25000 0.02546
13.35000 0.02550
13.45000 0.02555
13.55000 0.02559
13.65000 0.02564
13.75000 0.02569
13.85000 0.02575
13.95000 0.02580
14.05000 0.02586
14.15000 0.02591
14.25000 0.02595
14.35000 0.02599
14.45000 0.02602
14.55000 0.02605
14.65000 0.02608
14.75000 0.02610
14.85000 0.02613
14.95000 0.02616
15.05000 0.02620
15.15000 0.02623
15.25000 0.02628
15.35000 0.02632
15.45000 0.02637
15.55000 0.02642
15.65000 0.02648
15.75000 0.02653
15.85000 0.02657
15.95000 0.02662
16.05000 0.02667
16.15000 0.02671
16.25000 0.02675
16.35000 0.02679
16.45000 0.02683
16.55000 0.02687
16.65000 0.02691
16.75000 0.02695
16.85000 0.02699
16.95000 0.02703
17.05000 0.02708
17.15000 0.02712
17.25000 0.02716
17.35000 0.02720
17.45000 0.02724
17.55000 0.02728
17.65000 0.02731
17.75000 0.02735
17.85000 0.02738
17.95000 0.02741
18.05000 0.02744
18.15000 0.02747
18.25000 0.02749
18.35000 0.02752
18.45000 0.02755
18.55000 0.02758
18.65000 0.02761
18.75000 0.02764
18.85000 0.02767
18.95000 0.02770
19.05000 0.02773
19.15000 0.02776
19.25000 0.02781
19.35000 0.02784
19.45000 0.02788
19.55000 0.02792
19.65000 0.02796
19.75000 0.02801
19.85000 0.02805
19.95000 0.02809
20.05000 0.02813
20.15000 0.02817
20.25000 0.02820
20.35000 0.02824
20.45000 0.02828
20.55000 0.02832
20.65000 0.02837
20.75000 0.02840
20.85000 0.02844
20.95000 0.02848
21.05000 0.02853
21.15000 0.02857
21.25000 0.02861
21.35000 0.02865
21.45000 0.02870
21.55000 0.02874
21.65000 0.02878
21.75000 0.02881
21.85000 0.02885
21.95000 0.02890
22.05000 0.02893
22.15000 0.02897
22.25000 0.02901
22.35000 0.02905
22.45000 0.02909
22.55000 0.02912
22.65000 0.02916
22.75000 0.02919
22.85000 0.02923
22.95000 0.02927
23.05000 0.02931
23.15000 0.02935
23.25000 0.02938
23.35000 0.02942
23.45000 0.02945
23.55000 0.02949
23.65000 0.02952
23.75000 0.02956
23.85000 0.02959
23.95000 0.02963
24.05000 0.02966
24.15000 0.02969
24.25000 0.02972
24.35000 0.02975
24.45000 0.02979
24.55000 0.02981
24.65000 0.02984
24.75000 0.02987
24.85000 0.02990
24.95000 0.02993
25.05000 0.02996
25.15000 0.02998
25.25000 0.03001
25.35000 0.03004
25.45000 0.03006
25.55000 0.03009
25.65000 0.03011
25.75000 0.03014
25.85000 0.03017
25.95000 0.03020
26.05000 0.03022
26.15000 0.03025
26.25000 0.03027
26.35000 0.03030
26.45000 0.03032
26.55000 0.03035
26.65000 0.03037
26.75000 0.03039
26.85000 0.03042
26.95000 0.03044
27.05000 0.03047
27.15000 0.03049
27.25000 0.03051
27.35000 0.03053
27.45000 0.03056
27.55000 0.03058
27.65000 0.03060
27.75000 0.03062
27.85000 0.03064
27.95000 0.03066
28.05000 0.03068
28.15000 0.03070
28.25000 0.03072
28.35000 0.03074
28.45000 0.03075
28.55000 0.03077
28.65000 0.03079
28.75000 0.03080
28.85000 0.03082
28.95000 0.03084
29.05000 0.03085
29.15000 0.03087
29.25000 0.03089
29.35000 0.03090
29.45000 0.03092
29.55000 0.03093
29.65000 0.03094
29.75000 0.03096
29.85000 0.03097
29.95000 0.03099
