 0.05000 0.00000
 0.15000 0.00000
 0.25000 0.00000
 0.35000 0.00000
 0.45000 0.00000
 0.55000 0.00000
 0.65000 0.00000
 0.75000 0.00000
 0.85000 0.00000
 0.95000 0.00000
 1.05000 0.00000
 1.15000 0.00000
 1.25000 0.00000
 1.35000 0.00000
 1.45000 0.00000
 1.55000 0.00000
 1.65000 0.00000
 1.75000 0.00000
 1.85000 0.00000
 1.95000 0.00000
 2.05000 0.00000
 2.15000 0.00000
 2.25000 0.00000
 2.35000 0.00000
 2.45000 0.00058
 2.55000 0.00775
 2.65000 0.02307
 2.75000 0.02984
 2.85000 0.02552
 2.95000 0.01924
 3.05000 0.01542
 3.15000 0.01395
 3.25000 0.01376
 3.35000 0.01404
 3.45000 0.01443
 3.55000 0.01473
 3.65000 0.01481
 3.75000 0.01469
 3.85000 0.01436
 3.95000 0.01404
 4.05000 0.01376
 4.15000 0.01309
 4.25000 0.01248
 4.35000 0.01215
 4.45000 0.01196
 4.55000 0.01191
 4.65000 0.01194
 4.75000 0.01210
 4.85000 0.01234
 4.95000 0.01271
 5.05000 0.01314
 5.15000 0.01364
 5.25000 0.01419
 5.35000 0.01469
 5.45000 0.01505
 5.55000 0.01527
 5.65000 0.01542
 5.75000 0.01559
 5.85000 0.01583
 5.95000 0.01611
 6.05000 0.01643
 6.15000 0.01676
 6.25000 0.01707
 6.35000 0.01740
 6.45000 0.01771
 6.55000 0.01803
 6.65000 0.01839
 6.75000 0.01879
 6.85000 0.01920
 6.95000 0.01954
 7.05000 0.01971
 7.15000 0.01962
 7.25000 0.01934
 7.35000 0.01907
 7.45000 0.01893
 7.55000 0.01890
 7.65000 0.01894
 7.75000 0.01902
 7.85000 0.01913
 7.95000 0.01928
 8.05000 0.01941
 8.15000 0.01958
 8.25000 0.01974
 8.35000 0.01989
 8.45000 0.02004
 8.55000 0.02016
 8.65000 0.02029
 8.75000 0.02046
 8.85000 0.02066
 8.95000 0.02088
 9.05000 0.02111
 9.15000 0.02136
 9.25000 0.02160
 9.35000 0.02187
 9.45000 0.02210
 9.55000 0.02233
 9.65000 0.02251
 9.75000 0.02268
 9.85000 0.02279
 9.95000 0.02288
10.05000 0.02296
10.15000 0.02303
10.25000 0.02310
10.35000 0.02316
10.45000 0.02323
10.55000 0.02330
10.65000 0.02336
10.75000 0.02344
10.85000 0.02350
10.95000 0.02357
11.05000 0.02362
11.15000 0.02368
11.25000 0.02374
11.35000 0.02381
11.45000 0.02387
11.55000 0.02393
11.65000 0.02397
11.75000 0.02403
11.85000 0.02407
11.95000 0.02415
12.05000 0.02424
12.15000 0.02434
12.25000 0.02445
12.35000 0.02455
12.45000 0.02464
12.55000 0.02473
12.65000 0.02481
12.75000 0.02490
12.85000 0.02499
12.95000 0.02508
13.05000 0.02517
13.15000 0.02526
13.25000 0.02534
13.35000 0.02541
13.45000 0.02549
13.55000 0.02555
13.65000 0.02562
13.75000 0.02568
13.85000 0.02574
13.95000 0.02579
14.05000 0.02585
14.15000 0.02591
14.25000 0.02596
14.35000 0.02601
14.45000 0.02606
14.55000 0.02610
14.65000 0.02615
14.75000 0.02619
14.85000 0.02623
14.95000 0.02626
15.05000 0.02630
15.15000 0.02634
15.25000 0.02638
15.35000 0.02643
15.45000 0.02647
15.55000 0.02651
15.65000 0.02656
15.75000 0.02661
15.85000 0.02667
15.95000 0.02671
16.05000 0.02676
16.15000 0.02681
16.25000 0.02686
16.35000 0.02691
16.45000 0.02695
16.55000 0.02699
16.65000 0.02704
16.75000 0.02709
16.85000 0.02713
16.95000 0.02718
17.05000 0.02723
17.15000 0.02727
17.25000 0.02731
17.35000 0.02735
17.45000 0.02738
17.55000 0.02741
17.65000 0.02745
17.75000 0.02749
17.85000 0.02752
17.95000 0.02755
18.05000 0.02758
18.15000 0.02762
18.25000 0.02765
18.35000 0.02769
18.45000 0.02773
18.55000 0.02777
18.65000 0.02781
18.75000 0.02785
18.85000 0.02788
18.95000 0.02791
19.05000 0.02795
19.15000 0.02798
19.25000 0.02801
19.35000 0.02805
19.45000 0.02808
19.55000 0.02811
19.65000 0.02814
19.75000 0.02817
19.85000 0.02821
19.95000 0.02824
20.05000 0.02828
20.15000 0.02831
20.25000 0.02835
20.35000 0.02839
20.45000 0.02842
20.55000 0.02846
20.65000 0.02849
20.75000 0.02852
20.85000 0.02856
20.95000 0.02859
21.05000 0.02862
21.15000 0.02865
21.25000 0.02868
21.35000 0.02871
21.45000 0.02874
21.55000 0.02876
21.65000 0.02879
21.75000 0.02882
21.85000 0.02885
21.95000 0.02887
22.05000 0.02890
22.15000 0.02893
22.25000 0.02897
22.35000 0.02899
22.45000 0.02903
22.55000 0.02906
22.65000 0.02909
22.75000 0.02912
22.85000 0.02916
22.95000 0.02919
23.05000 0.02922
23.15000 0.02925
23.25000 0.02928
23.35000 0.02930
23.45000 0.02933
23.55000 0.02936
23.65000 0.02939
23.75000 0.02941
23.85000 0.02944
23.95000 0.02947
24.05000 0.02950
24.15000 0.02953
24.25000 0.02955
24.35000 0.02959
24.45000 0.02962
24.55000 0.02964
24.65000 0.02968
24.75000 0.02970
24.85000 0.02973
24.95000 0.02976
25.05000 0.02979
25.15000 0.02982
25.25000 0.02985
25.35000 0.02988
25.45000 0.02991
25.55000 0.02994
25.65000 0.02997
25.75000 0.03000
25.85000 0.03003
25.95000 0.03006
26.05000 0.03009
26.15000 0.03012
26.25000 0.03014
26.35000 0.03017
26.45000 0.03020
26.55000 0.03023
26.65000 0.03026
26.75000 0.03029
26.85000 0.03031
26.95000 0.03034
27.05000 0.03036
27.15000 0.03039
27.25000 0.03042
27.35000 0.03044
27.45000 0.03047
27.55000 0.03049
27.65000 0.03052
27.75000 0.03054
27.85000 0.03056
27.95000 0.03059
28.05000 0.03061
28.15000 0.03064
28.25000 0.03066
28.35000 0.03068
28.45000 0.03070
28.55000 0.03072
28.65000 0.03075
28.75000 0.03076
28.85000 0.03078
28.95000 0.03080
29.05000 0.03082
29.15000 0.03084
29.25000 0.03086
29.35000 0.03088
29.45000 0.03090
29.55000 0.03091
29.65000 0.03093
29.75000 0.03095
29.85000 0.03096
29.95000 0.03098
