 0.05000 0.00000
 0.15000 0.00000
 0.25000 0.00000
 0.35000 0.00000
 0.45000 0.00000
 0.55000 0.00000
 0.65000 0.00000
 0.75000 0.00000
 0.85000 0.00000
 0.95000 0.00000
 1.05000 0.00000
 1.15000 0.00000
 1.25000 0.00000
 1.35000 0.00000
 1.45000 0.00000
 1.55000 0.00000
 1.65000 0.00000
 1.75000 0.00000
 1.85000 0.00000
 1.95000 0.00000
 2.05000 0.00000
 2.15000 0.00000
 2.25000 0.00000
 2.35000 0.00000
 2.45000 0.00000
 2.55000 0.00001
 2.65000 0.00083
 2.75000 0.00821
 2.85000 0.02031
 2.95000 0.02448
 3.05000 0.02272
 3.15000 0.02051
 3.25000 0.01919
 3.35000 0.01845
 3.45000 0.01793
 3.55000 0.01739
 3.65000 0.01668
 3.75000 0.01578
 3.85000 0.01477
 3.95000 0.01377
 4.05000 0.01283
 4.15000 0.01202
 4.25000 0.01137
 4.35000 0.01085
 4.45000 0.01048
 4.55000 0.01024
 4.65000 0.01011
 4.75000 0.01008
 4.85000 0.01015
 4.95000 0.01028
 5.05000 0.01048
 5.15000 0.01075
 5.25000 0.01109
 5.35000 0.01151
 5.45000 0.01198
 5.55000 0.01248
 5.65000 0.01297
 5.75000 0.01343
 5.85000 0.01387
 5.95000 0.01425
 6.05000 0.01462
 6.15000 0.01494
 6.25000 0.01523
 6.35000 0.01548
 6.45000 0.01571
 6.55000 0.01593
 6.65000 0.01618
 6.75000 0.01651
 6.85000 0.01694
 6.95000 0.01745
 7.05000 0.01779
 7.15000 0.01779
 7.25000 0.01759
 7.35000 0.01746
 7.45000 0.01749
 7.55000 0.01765
 7.65000 0.01790
 7.75000 0.01819
 7.85000 0.01850
 7.95000 0.01880
 8.05000 0.01912
 8.15000 0.01944
 8.25000 0.01978
 8.35000 0.02014
 8.45000 0.02052
 8.55000 0.02087
 8.65000 0.02121
 8.75000 0.02149
 8.85000 0.02172
 8.95000 0.02192
 9.05000 0.02205
 9.15000 0.02214
 9.25000 0.02219
 9.35000 0.02225
 9.45000 0.02230
 9.55000 0.02236
 9.65000 0.02241
 9.75000 0.02245
 9.85000 0.02250
 9.95000 0.02253
10.05000 0.02258
10.15000 0.02265
10.25000 0.02274
10.35000 0.02286
10.45000 0.02302
10.55000 0.02318
10.65000 0.02335
10.75000 0.02355
10.85000 0.02373
10.95000 0.02392
11.05000 0.02408
11.15000 0.02425
11.25000 0.02439
11.35000 0.02455
11.45000 0.02467
11.55000 0.02480
11.65000 0.02491
11.75000 0.02502
11.85000 0.02510
11.95000 0.02519
12.05000 0.02525
12.15000 0.02530
12.25000 0.02533
12.35000 0.02534
12.45000 0.02535
12.55000 0.02536
12.65000 0.02536
12.75000 0.02538
12.85000 0.02540
12.95000 0.02542
13.05000 0.02545
13.15000 0.02549
13.25000 0.02553
13.35000 0.02559
13.45000 0.02564
13.55000 0.02569
13.65000 0.02573
13.75000 0.02577
13.85000 0.02581
13.95000 0.02585
14.05000 0.02589
14.15000 0.02593
14.25000 0.02598
14.35000 0.02602
14.45000 0.02606
14.55000 0.02610
14.65000 0.02613
14.75000 0.02616
14.85000 0.02618
14.95000 0.02621
15.05000 0.02624
15.15000 0.02626
15.25000 0.02630
15.35000 0.02632
15.45000 0.02636
15.55000 0.02640
15.65000 0.02644
15.75000 0.02647
15.85000 0.02651
15.95000 0.02655
16.05000 0.02658
16.15000 0.02662
16.25000 0.02666
16.35000 0.02670
16.45000 0.02673
16.55000 0.02676
16.65000 0.02680
16.75000 0.02683
16.85000 0.02686
16.95000 0.02689
17.05000 0.02693
17.15000 0.02697
17.25000 0.02702
17.35000 0.02706
17.45000 0.02710
17.55000 0.02714
17.65000 0.02719
17.75000 0.02723
17.85000 0.02727
17.95000 0.02732
18.05000 0.02735
18.15000 0.02739
18.25000 0.02744
18.35000 0.02747
18.45000 0.02751
18.55000 0.02756
18.65000 0.02759
18.75000 0.02762
18.85000 0.02766
18.95000 0.02770
19.05000 0.02774
19.15000 0.02777
19.25000 0.02781
19.35000 0.02785
19.45000 0.02789
19.55000 0.02793
19.65000 0.02797
19.75000 0.02801
19.85000 0.02804
19.95000 0.02808
20.05000 0.02811
20.15000 0.02815
20.25000 0.02819
20.35000 0.02823
20.45000 0.02826
20.55000 0.02830
20.65000 0.02834
20.75000 0.02839
20.85000 0.02843
20.95000 0.02847
21.05000 0.02851
21.15000 0.02855
21.25000 0.02860
21.35000 0.02863
21.45000 0.02867
21.55000 0.02871
21.65000 0.02875
21.75000 0.02878
21.85000 0.02882
21.95000 0.02886
22.05000 0.02890
22.15000 0.02893
22.25000 0.02897
22.35000 0.02900
22.45000 0.02905
22.55000 0.02908
22.65000 0.02912
22.75000 0.02915
22.85000 0.02919
22.95000 0.02923
23.05000 0.02927
23.15000 0.02930
23.25000 0.02934
23.35000 0.02938
23.45000 0.02942
23.55000 0.02945
23.65000 0.02948
23.75000 0.02952
23.85000 0.02955
23.95000 0.02959
24.05000 0.02962
24.15000 0.02965
24.25000 0.02968
24.35000 0.02971
24.45000 0.02975
24.55000 0.02977
24.65000 0.02981
24.75000 0.02984
24.85000 0.02987
24.95000 0.02990
25.05000 0.02993
25.15000 0.02996
25.25000 0.02999
25.35000 0.03002
25.45000 0.03005
25.55000 0.03008
25.65000 0.03011
25.75000 0.03013
25.85000 0.03016
25.95000 0.03019
26.05000 0.03021
26.15000 0.03024
26.25000 0.03027
26.35000 0.03029
26.45000 0.03031
26.55000 0.03034
26.65000 0.03037
26.75000 0.03039
26.85000 0.03041
26.95000 0.03043
27.05000 0.03046
27.15000 0.03048
27.25000 0.03050
27.35000 0.03053
27.45000 0.03054
27.55000 0.03057
27.65000 0.03058
27.75000 0.03061
27.85000 0.03062
27.95000 0.03065
28.05000 0.03067
28.15000 0.03069
28.25000 0.03070
28.35000 0.03072
28.45000 0.03074
28.55000 0.03076
28.65000 0.03077
28.75000 0.03080
28.85000 0.03081
28.95000 0.03083
29.05000 0.03085
29.15000 0.03087
29.25000 0.03089
29.35000 0.03090
29.45000 0.03092
29.55000 0.03093
29.65000 0.03095
29.75000 0.03097
29.85000 0.03098
29.95000 0.03099
