 0.05000 0.00000
 0.15000 0.00000
 0.25000 0.00000
 0.35000 0.00000
 0.45000 0.00000
 0.55000 0.00000
 0.65000 0.00000
 0.75000 0.00000
 0.85000 0.00000
 0.95000 0.00000
 1.05000 0.00000
 1.15000 0.00000
 1.25000 0.00000
 1.35000 0.00000
 1.45000 0.00000
 1.55000 0.00000
 1.65000 0.00000
 1.75000 0.00000
 1.85000 0.00000
 1.95000 0.00000
 2.05000 0.00000
 2.15000 0.00000
 2.25000 0.00000
 2.35000 0.00000
 2.45000 0.00072
 2.55000 0.00959
 2.65000 0.02959
 2.75000 0.04040
 2.85000 0.03551
 2.95000 0.02563
 3.05000 0.01879
 3.15000 0.01579
 3.25000 0.01508
 3.35000 0.01528
 3.45000 0.01579
 3.55000 0.01628
 3.65000 0.01659
 3.75000 0.01671
 3.85000 0.01668
 3.95000 0.01710
 4.05000 0.01778
 4.15000 0.01697
 4.25000 0.01606
 4.35000 0.01579
 4.45000 0.01579
 4.55000 0.01591
 4.65000 0.01612
 4.75000 0.01642
 4.85000 0.01681
 4.95000 0.01725
 5.05000 0.01772
 5.15000 0.01816
 5.25000 0.01859
 5.35000 0.01885
 5.45000 0.01892
 5.55000 0.01875
 5.65000 0.01847
 5.75000 0.01824
 5.85000 0.01813
 5.95000 0.01814
 6.05000 0.01822
 6.15000 0.01831
 6.25000 0.01840
 6.35000 0.01847
 6.45000 0.01852
 6.55000 0.01855
 6.65000 0.01860
 6.75000 0.01867
 6.85000 0.01879
 6.95000 0.01898
 7.05000 0.01917
 7.15000 0.01926
 7.25000 0.01914
 7.35000 0.01897
 7.45000 0.01888
 7.55000 0.01889
 7.65000 0.01897
 7.75000 0.01908
 7.85000 0.01923
 7.95000 0.01937
 8.05000 0.01950
 8.15000 0.01962
 8.25000 0.01974
 8.35000 0.01984
 8.45000 0.01993
 8.55000 0.02004
 8.65000 0.02014
 8.75000 0.02024
 8.85000 0.02035
 8.95000 0.02047
 9.05000 0.02060
 9.15000 0.02074
 9.25000 0.02090
 9.35000 0.02105
 9.45000 0.02121
 9.55000 0.02137
 9.65000 0.02153
 9.75000 0.02169
 9.85000 0.02185
 9.95000 0.02201
10.05000 0.02218
10.15000 0.02235
10.25000 0.02255
10.35000 0.02276
10.45000 0.02299
10.55000 0.02320
10.65000 0.02340
10.75000 0.02358
10.85000 0.02372
10.95000 0.02384
11.05000 0.02394
11.15000 0.02402
11.25000 0.02409
11.35000 0.02414
11.45000 0.02418
11.55000 0.02422
11.65000 0.02427
11.75000 0.02431
11.85000 0.02436
11.95000 0.02441
12.05000 0.02447
12.15000 0.02454
12.25000 0.02462
12.35000 0.02471
12.45000 0.02480
12.55000 0.02490
12.65000 0.02501
12.75000 0.02513
12.85000 0.02524
12.95000 0.02535
13.05000 0.02544
13.15000 0.02552
13.25000 0.02559
13.35000 0.02565
13.45000 0.02571
13.55000 0.02577
13.65000 0.02582
13.75000 0.02589
13.85000 0.02594
13.95000 0.02600
14.05000 0.02605
14.15000 0.02610
14.25000 0.02615
14.35000 0.02619
14.45000 0.02624
14.55000 0.02629
14.65000 0.02632
14.75000 0.02637
14.85000 0.02640
14.95000 0.02645
15.05000 0.02650
15.15000 0.02653
15.25000 0.02658
15.35000 0.02662
15.45000 0.02666
15.55000 0.02670
15.65000 0.02674
15.75000 0.02677
15.85000 0.02681
15.95000 0.02684
16.05000 0.02687
16.15000 0.02691
16.25000 0.02695
16.35000 0.02699
16.45000 0.02703
16.55000 0.02707
16.65000 0.02711
16.75000 0.02716
16.85000 0.02720
16.95000 0.02725
17.05000 0.02729
17.15000 0.02733
17.25000 0.02737
17.35000 0.02741
17.45000 0.02745
17.55000 0.02748
17.65000 0.02752
17.75000 0.02755
17.85000 0.02758
17.95000 0.02762
18.05000 0.02764
18.15000 0.02767
18.25000 0.02770
18.35000 0.02773
18.45000 0.02777
18.55000 0.02779
18.65000 0.02783
18.75000 0.02786
18.85000 0.02790
18.95000 0.02793
19.05000 0.02796
19.15000 0.02800
19.25000 0.02804
19.35000 0.02808
19.45000 0.02812
19.55000 0.02816
19.65000 0.02819
19.75000 0.02823
19.85000 0.02826
19.95000 0.02830
20.05000 0.02833
20.15000 0.02836
20.25000 0.02839
20.35000 0.02843
20.45000 0.02845
20.55000 0.02848
20.65000 0.02852
20.75000 0.02854
20.85000 0.02858
20.95000 0.02860
21.05000 0.02863
21.15000 0.02867
21.25000 0.02869
21.35000 0.02873
21.45000 0.02876
21.55000 0.02879
21.65000 0.02882
21.75000 0.02885
21.85000 0.02888
21.95000 0.02891
22.05000 0.02895
22.15000 0.02898
22.25000 0.02901
22.35000 0.02905
22.45000 0.02908
22.55000 0.02911
22.65000 0.02915
22.75000 0.02918
22.85000 0.02922
22.95000 0.02925
23.05000 0.02928
23.15000 0.02931
23.25000 0.02934
23.35000 0.02938
23.45000 0.02941
23.55000 0.02944
23.65000 0.02947
23.75000 0.02950
23.85000 0.02953
23.95000 0.02956
24.05000 0.02959
24.15000 0.02962
24.25000 0.02965
24.35000 0.02968
24.45000 0.02971
24.55000 0.02974
24.65000 0.02978
24.75000 0.02981
24.85000 0.02984
24.95000 0.02987
25.05000 0.02990
25.15000 0.02993
25.25000 0.02996
25.35000 0.02999
25.45000 0.03001
25.55000 0.03004
25.65000 0.03007
25.75000 0.03009
25.85000 0.03012
25.95000 0.03014
26.05000 0.03017
26.15000 0.03019
26.25000 0.03021
26.35000 0.03023
26.45000 0.03025
26.55000 0.03028
26.65000 0.03030
26.75000 0.03032
26.85000 0.03034
26.95000 0.03036
27.05000 0.03038
27.15000 0.03040
27.25000 0.03043
27.35000 0.03044
27.45000 0.03046
27.55000 0.03049
27.65000 0.03051
27.75000 0.03053
27.85000 0.03055
27.95000 0.03057
28.05000 0.03059
28.15000 0.03061
28.25000 0.03063
28.35000 0.03065
28.45000 0.03067
28.55000 0.03069
28.65000 0.03070
28.75000 0.03072
28.85000 0.03074
28.95000 0.03075
29.05000 0.03077
29.15000 0.03079
29.25000 0.03081
29.35000 0.03082
29.45000 0.03083
29.55000 0.03085
29.65000 0.03087
29.75000 0.03088
29.85000 0.03090
29.95000 0.03091
