 0.05000 0.00000
 0.15000 0.00000
 0.25000 0.00000
 0.35000 0.00000
 0.45000 0.00000
 0.55000 0.00000
 0.65000 0.00000
 0.75000 0.00000
 0.85000 0.00000
 0.95000 0.00000
 1.05000 0.00000
 1.15000 0.00000
 1.25000 0.00000
 1.35000 0.00000
 1.45000 0.00000
 1.55000 0.00000
 1.65000 0.00000
 1.75000 0.00000
 1.85000 0.00000
 1.95000 0.00000
 2.05000 0.00000
 2.15000 0.00000
 2.25000 0.00000
 2.35000 0.00000
 2.45000 0.00000
 2.55000 0.00009
 2.65000 0.00144
 2.75000 0.00547
 2.85000 0.00897
 2.95000 0.00947
 3.05000 0.00838
 3.15000 0.00734
 3.25000 0.00687
 3.35000 0.00689
 3.45000 0.00717
 3.55000 0.00754
 3.65000 0.00782
 3.75000 0.00796
 3.85000 0.00800
 3.95000 0.00795
 4.05000 0.00780
 4.15000 0.00768
 4.25000 0.00763
 4.35000 0.00767
 4.45000 0.00790
 4.55000 0.00856
 4.65000 0.00993
 4.75000 0.01145
 4.85000 0.01246
 4.95000 0.01304
 5.05000 0.01324
 5.15000 0.01308
 5.25000 0.01285
 5.35000 0.01276
 5.45000 0.01283
 5.55000 0.01307
 5.65000 0.01344
 5.75000 0.01396
 5.85000 0.01467
 5.95000 0.01549
 6.05000 0.01627
 6.15000 0.01695
 6.25000 0.01746
 6.35000 0.01771
 6.45000 0.01775
 6.55000 0.01778
 6.65000 0.01789
 6.75000 0.01792
 6.85000 0.01786
 6.95000 0.01781
 7.05000 0.01784
 7.15000 0.01794
 7.25000 0.01809
 7.35000 0.01828
 7.45000 0.01849
 7.55000 0.01871
 7.65000 0.01894
 7.75000 0.01918
 7.85000 0.01940
 7.95000 0.01963
 8.05000 0.01987
 8.15000 0.02009
 8.25000 0.02033
 8.35000 0.02056
 8.45000 0.02080
 8.55000 0.02104
 8.65000 0.02126
 8.75000 0.02146
 8.85000 0.02161
 8.95000 0.02173
 9.05000 0.02183
 9.15000 0.02191
 9.25000 0.02201
 9.35000 0.02214
 9.45000 0.02232
 9.55000 0.02250
 9.65000 0.02270
 9.75000 0.02288
 9.85000 0.02304
 9.95000 0.02319
10.05000 0.02332
10.15000 0.02342
10.25000 0.02352
10.35000 0.02361
10.45000 0.02370
10.55000 0.02377
10.65000 0.02387
10.75000 0.02396
10.85000 0.02405
10.95000 0.02416
11.05000 0.02426
11.15000 0.02435
11.25000 0.02442
11.35000 0.02449
11.45000 0.02455
11.55000 0.02459
11.65000 0.02461
11.75000 0.02465
11.85000 0.02470
11.95000 0.02475
12.05000 0.02481
12.15000 0.02487
12.25000 0.02493
12.35000 0.02497
12.45000 0.02502
12.55000 0.02506
12.65000 0.02510
12.75000 0.02514
12.85000 0.02517
12.95000 0.02522
13.05000 0.02526
13.15000 0.02530
13.25000 0.02535
13.35000 0.02539
13.45000 0.02544
13.55000 0.02549
13.65000 0.02554
13.75000 0.02560
13.85000 0.02565
13.95000 0.02570
14.05000 0.02575
14.15000 0.02580
14.25000 0.02585
14.35000 0.02589
14.45000 0.02593
14.55000 0.02598
14.65000 0.02602
14.75000 0.02607
14.85000 0.02611
14.95000 0.02616
15.05000 0.02619
15.15000 0.02623
15.25000 0.02626
15.35000 0.02631
15.45000 0.02634
15.55000 0.02638
15.65000 0.02643
15.75000 0.02647
15.85000 0.02652
15.95000 0.02657
16.05000 0.02662
16.15000 0.02667
16.25000 0.02671
16.35000 0.02676
16.45000 0.02680
16.55000 0.02684
16.65000 0.02688
16.75000 0.02691
16.85000 0.02695
16.95000 0.02698
17.05000 0.02701
17.15000 0.02705
17.25000 0.02708
17.35000 0.02711
17.45000 0.02715
17.55000 0.02718
17.65000 0.02721
17.75000 0.02724
17.85000 0.02728
17.95000 0.02731
18.05000 0.02734
18.15000 0.02736
18.25000 0.02739
18.35000 0.02743
18.45000 0.02746
18.55000 0.02749
18.65000 0.02753
18.75000 0.02757
18.85000 0.02760
18.95000 0.02765
19.05000 0.02769
19.15000 0.02773
19.25000 0.02777
19.35000 0.02782
19.45000 0.02786
19.55000 0.02791
19.65000 0.02795
19.75000 0.02799
19.85000 0.02804
19.95000 0.02808
20.05000 0.02812
20.15000 0.02816
20.25000 0.02821
20.35000 0.02825
20.45000 0.02829
20.55000 0.02833
20.65000 0.02836
20.75000 0.02840
20.85000 0.02844
20.95000 0.02848
21.05000 0.02852
21.15000 0.02855
21.25000 0.02859
21.35000 0.02863
21.45000 0.02867
21.55000 0.02871
21.65000 0.02875
21.75000 0.02878
21.85000 0.02882
21.95000 0.02886
22.05000 0.02890
22.15000 0.02894
22.25000 0.02898
22.35000 0.02901
22.45000 0.02905
22.55000 0.02909
22.65000 0.02913
22.75000 0.02917
22.85000 0.02921
22.95000 0.02924
23.05000 0.02928
23.15000 0.02931
23.25000 0.02935
23.35000 0.02938
23.45000 0.02941
23.55000 0.02945
23.65000 0.02947
23.75000 0.02951
23.85000 0.02954
23.95000 0.02957
24.05000 0.02960
24.15000 0.02963
24.25000 0.02967
24.35000 0.02970
24.45000 0.02973
24.55000 0.02976
24.65000 0.02978
24.75000 0.02982
24.85000 0.02985
24.95000 0.02987
25.05000 0.02990
25.15000 0.02993
25.25000 0.02996
25.35000 0.02999
25.45000 0.03002
25.55000 0.03005
25.65000 0.03007
25.75000 0.03010
25.85000 0.03013
25.95000 0.03016
26.05000 0.03019
26.15000 0.03021
26.25000 0.03024
26.35000 0.03026
26.45000 0.03029
26.55000 0.03032
26.65000 0.03034
26.75000 0.03037
26.85000 0.03039
26.95000 0.03042
27.05000 0.03044
27.15000 0.03047
27.25000 0.03049
27.35000 0.03051
27.45000 0.03053
27.55000 0.03055
27.65000 0.03057
27.75000 0.03059
27.85000 0.03061
27.95000 0.03063
28.05000 0.03065
28.15000 0.03067
28.25000 0.03069
28.35000 0.03071
28.45000 0.03073
28.55000 0.03075
28.65000 0.03077
28.75000 0.03079
28.85000 0.03081
28.95000 0.03082
29.05000 0.03085
29.15000 0.03086
29.25000 0.03088
29.35000 0.03090
29.45000 0.03091
29.55000 0.03094
29.65000 0.03095
29.75000 0.03097
29.85000 0.03098
29.95000 0.03099
