 0.05000 0.00000
 0.15000 0.00000
 0.25000 0.00000
 0.35000 0.00000
 0.45000 0.00000
 0.55000 0.00000
 0.65000 0.00000
 0.75000 0.00000
 0.85000 0.00000
 0.95000 0.00000
 1.05000 0.00000
 1.15000 0.00000
 1.25000 0.00000
 1.35000 0.00000
 1.45000 0.00000
 1.55000 0.00000
 1.65000 0.00000
 1.75000 0.00000
 1.85000 0.00000
 1.95000 0.00000
 2.05000 0.00000
 2.15000 0.00000
 2.25000 0.00000
 2.35000 0.00000
 2.45000 0.00000
 2.55000 0.00000
 2.65000 0.00035
 2.75000 0.00410
 2.85000 0.01112
 2.95000 0.01369
 3.05000 0.01238
 3.15000 0.01092
 3.25000 0.01036
 3.35000 0.01050
 3.45000 0.01103
 3.55000 0.01177
 3.65000 0.01257
 3.75000 0.01338
 3.85000 0.01412
 3.95000 0.01479
 4.05000 0.01536
 4.15000 0.01589
 4.25000 0.01634
 4.35000 0.01673
 4.45000 0.01714
 4.55000 0.01768
 4.65000 0.01847
 4.75000 0.01950
 4.85000 0.01996
 4.95000 0.01902
 5.05000 0.01727
 5.15000 0.01579
 5.25000 0.01505
 5.35000 0.01494
 5.45000 0.01523
 5.55000 0.01579
 5.65000 0.01644
 5.75000 0.01707
 5.85000 0.01757
 5.95000 0.01790
 6.05000 0.01809
 6.15000 0.01816
 6.25000 0.01811
 6.35000 0.01802
 6.45000 0.01798
 6.55000 0.01801
 6.65000 0.01808
 6.75000 0.01817
 6.85000 0.01826
 6.95000 0.01834
 7.05000 0.01842
 7.15000 0.01849
 7.25000 0.01857
 7.35000 0.01864
 7.45000 0.01868
 7.55000 0.01871
 7.65000 0.01872
 7.75000 0.01875
 7.85000 0.01881
 7.95000 0.01894
 8.05000 0.01910
 8.15000 0.01927
 8.25000 0.01947
 8.35000 0.01966
 8.45000 0.01985
 8.55000 0.02004
 8.65000 0.02023
 8.75000 0.02044
 8.85000 0.02063
 8.95000 0.02085
 9.05000 0.02105
 9.15000 0.02124
 9.25000 0.02143
 9.35000 0.02160
 9.45000 0.02177
 9.55000 0.02194
 9.65000 0.02211
 9.75000 0.02230
 9.85000 0.02246
 9.95000 0.02263
10.05000 0.02276
10.15000 0.02287
10.25000 0.02297
10.35000 0.02306
10.45000 0.02314
10.55000 0.02323
10.65000 0.02332
10.75000 0.02343
10.85000 0.02352
10.95000 0.02362
11.05000 0.02372
11.15000 0.02380
11.25000 0.02388
11.35000 0.02394
11.45000 0.02400
11.55000 0.02405
11.65000 0.02410
11.75000 0.02416
11.85000 0.02422
11.95000 0.02428
12.05000 0.02436
12.15000 0.02446
12.25000 0.02456
12.35000 0.02466
12.45000 0.02477
12.55000 0.02487
12.65000 0.02496
12.75000 0.02504
12.85000 0.02512
12.95000 0.02519
13.05000 0.02526
13.15000 0.02532
13.25000 0.02538
13.35000 0.02544
13.45000 0.02550
13.55000 0.02557
13.65000 0.02563
13.75000 0.02568
13.85000 0.02574
13.95000 0.02579
14.05000 0.02584
14.15000 0.02590
14.25000 0.02596
14.35000 0.02601
14.45000 0.02608
14.55000 0.02615
14.65000 0.02621
14.75000 0.02627
14.85000 0.02633
14.95000 0.02639
15.05000 0.02645
15.15000 0.02651
15.25000 0.02655
15.35000 0.02660
15.45000 0.02665
15.55000 0.02668
15.65000 0.02672
15.75000 0.02675
15.85000 0.02679
15.95000 0.02682
16.05000 0.02686
16.15000 0.02689
16.25000 0.02693
16.35000 0.02697
16.45000 0.02701
16.55000 0.02704
16.65000 0.02708
16.75000 0.02712
16.85000 0.02716
16.95000 0.02720
17.05000 0.02723
17.15000 0.02727
17.25000 0.02730
17.35000 0.02734
17.45000 0.02737
17.55000 0.02740
17.65000 0.02743
17.75000 0.02746
17.85000 0.02748
17.95000 0.02751
18.05000 0.02755
18.15000 0.02758
18.25000 0.02762
18.35000 0.02766
18.45000 0.02769
18.55000 0.02773
18.65000 0.02778
18.75000 0.02782
18.85000 0.02786
18.95000 0.02790
19.05000 0.02794
19.15000 0.02797
19.25000 0.02801
19.35000 0.02805
19.45000 0.02808
19.55000 0.02811
19.65000 0.02813
19.75000 0.02817
19.85000 0.02820
19.95000 0.02823
20.05000 0.02826
20.15000 0.02829
20.25000 0.02832
20.35000 0.02835
20.45000 0.02838
20.55000 0.02842
20.65000 0.02846
20.75000 0.02849
20.85000 0.02853
20.95000 0.02856
21.05000 0.02859
21.15000 0.02863
21.25000 0.02866
21.35000 0.02869
21.45000 0.02872
21.55000 0.02875
21.65000 0.02879
21.75000 0.02882
21.85000 0.02885
21.95000 0.02888
22.05000 0.02891
22.15000 0.02894
22.25000 0.02897
22.35000 0.02901
22.45000 0.02904
22.55000 0.02907
22.65000 0.02910
22.75000 0.02914
22.85000 0.02917
22.95000 0.02920
23.05000 0.02924
23.15000 0.02927
23.25000 0.02930
23.35000 0.02933
23.45000 0.02936
23.55000 0.02939
23.65000 0.02942
23.75000 0.02945
23.85000 0.02949
23.95000 0.02952
24.05000 0.02955
24.15000 0.02958
24.25000 0.02961
24.35000 0.02964
24.45000 0.02968
24.55000 0.02971
24.65000 0.02974
24.75000 0.02977
24.85000 0.02980
24.95000 0.02983
25.05000 0.02986
25.15000 0.02989
25.25000 0.02992
25.35000 0.02995
25.45000 0.02997
25.55000 0.03000
25.65000 0.03002
25.75000 0.03005
25.85000 0.03008
25.95000 0.03010
26.05000 0.03013
26.15000 0.03015
26.25000 0.03018
26.35000 0.03021
26.45000 0.03023
26.55000 0.03025
26.65000 0.03028
26.75000 0.03031
26.85000 0.03033
26.95000 0.03035
27.05000 0.03038
27.15000 0.03040
27.25000 0.03042
27.35000 0.03045
27.45000 0.03047
27.55000 0.03050
27.65000 0.03052
27.75000 0.03054
27.85000 0.03057
27.95000 0.03059
28.05000 0.03061
28.15000 0.03063
28.25000 0.03065
28.35000 0.03068
28.45000 0.03070
28.55000 0.03072
28.65000 0.03074
28.75000 0.03075
28.85000 0.03077
28.95000 0.03079
29.05000 0.03080
29.15000 0.03083
29.25000 0.03084
29.35000 0.03086
29.45000 0.03087
29.55000 0.03089
29.65000 0.03091
29.75000 0.03092
29.85000 0.03094
29.95000 0.03096
