 0.05000 0.00000
 0.15000 0.00000
 0.25000 0.00000
 0.35000 0.00000
 0.45000 0.00000
 0.55000 0.00000
 0.65000 0.00000
 0.75000 0.00000
 0.85000 0.00000
 0.95000 0.00000
 1.05000 0.00000
 1.15000 0.00000
 1.25000 0.00000
 1.35000 0.00000
 1.45000 0.00000
 1.55000 0.00000
 1.65000 0.00000
 1.75000 0.00000
 1.85000 0.00000
 1.95000 0.00000
 2.05000 0.00000
 2.15000 0.00000
 2.25000 0.00000
 2.35000 0.00000
 2.45000 0.00000
 2.55000 0.00038
 2.65000 0.00511
 2.75000 0.01630
 2.85000 0.02295
 2.95000 0.02143
 3.05000 0.01736
 3.15000 0.01437
 3.25000 0.01297
 3.35000 0.01267
 3.45000 0.01296
 3.55000 0.01351
 3.65000 0.01411
 3.75000 0.01458
 3.85000 0.01493
 3.95000 0.01506
 4.05000 0.01504
 4.15000 0.01487
 4.25000 0.01462
 4.35000 0.01430
 4.45000 0.01398
 4.55000 0.01367
 4.65000 0.01340
 4.75000 0.01323
 4.85000 0.01319
 4.95000 0.01330
 5.05000 0.01353
 5.15000 0.01387
 5.25000 0.01430
 5.35000 0.01479
 5.45000 0.01533
 5.55000 0.01579
 5.65000 0.01613
 5.75000 0.01630
 5.85000 0.01632
 5.95000 0.01634
 6.05000 0.01643
 6.15000 0.01664
 6.25000 0.01694
 6.35000 0.01731
 6.45000 0.01762
 6.55000 0.01780
 6.65000 0.01793
 6.75000 0.01809
 6.85000 0.01832
 6.95000 0.01861
 7.05000 0.01889
 7.15000 0.01916
 7.25000 0.01942
 7.35000 0.01964
 7.45000 0.01983
 7.55000 0.02001
 7.65000 0.02020
 7.75000 0.02039
 7.85000 0.02059
 7.95000 0.02083
 8.05000 0.02107
 8.15000 0.02130
 8.25000 0.02150
 8.35000 0.02163
 8.45000 0.02169
 8.55000 0.02170
 8.65000 0.02167
 8.75000 0.02163
 8.85000 0.02158
 8.95000 0.02155
 9.05000 0.02153
 9.15000 0.02154
 9.25000 0.02158
 9.35000 0.02164
 9.45000 0.02173
 9.55000 0.02184
 9.65000 0.02196
 9.75000 0.02208
 9.85000 0.02221
 9.95000 0.02236
10.05000 0.02251
10.15000 0.02266
10.25000 0.02280
10.35000 0.02292
10.45000 0.02303
10.55000 0.02314
10.65000 0.02323
10.75000 0.02332
10.85000 0.02342
10.95000 0.02352
11.05000 0.02361
11.15000 0.02371
11.25000 0.02382
11.35000 0.02391
11.45000 0.02397
11.55000 0.02403
11.65000 0.02409
11.75000 0.02415
11.85000 0.02421
11.95000 0.02428
12.05000 0.02436
12.15000 0.02445
12.25000 0.02454
12.35000 0.02464
12.45000 0.02473
12.55000 0.02482
12.65000 0.02490
12.75000 0.02498
12.85000 0.02505
12.95000 0.02511
13.05000 0.02517
13.15000 0.02524
13.25000 0.02531
13.35000 0.02537
13.45000 0.02544
13.55000 0.02550
13.65000 0.02557
13.75000 0.02563
13.85000 0.02570
13.95000 0.02577
14.05000 0.02584
14.15000 0.02590
14.25000 0.02596
14.35000 0.02603
14.45000 0.02609
14.55000 0.02615
14.65000 0.02619
14.75000 0.02624
14.85000 0.02629
14.95000 0.02634
15.05000 0.02638
15.15000 0.02643
15.25000 0.02648
15.35000 0.02653
15.45000 0.02657
15.55000 0.02661
15.65000 0.02664
15.75000 0.02668
15.85000 0.02671
15.95000 0.02675
16.05000 0.02679
16.15000 0.02683
16.25000 0.02688
16.35000 0.02691
16.45000 0.02695
16.55000 0.02700
16.65000 0.02704
16.75000 0.02708
16.85000 0.02712
16.95000 0.02716
17.05000 0.02720
17.15000 0.02723
17.25000 0.02727
17.35000 0.02730
17.45000 0.02733
17.55000 0.02736
17.65000 0.02739
17.75000 0.02742
17.85000 0.02746
17.95000 0.02749
18.05000 0.02753
18.15000 0.02756
18.25000 0.02759
18.35000 0.02763
18.45000 0.02766
18.55000 0.02769
18.65000 0.02772
18.75000 0.02775
18.85000 0.02778
18.95000 0.02781
19.05000 0.02784
19.15000 0.02787
19.25000 0.02790
19.35000 0.02794
19.45000 0.02797
19.55000 0.02801
19.65000 0.02804
19.75000 0.02808
19.85000 0.02812
19.95000 0.02816
20.05000 0.02820
20.15000 0.02824
20.25000 0.02827
20.35000 0.02831
20.45000 0.02834
20.55000 0.02838
20.65000 0.02842
20.75000 0.02845
20.85000 0.02848
20.95000 0.02852
21.05000 0.02856
21.15000 0.02859
21.25000 0.02863
21.35000 0.02866
21.45000 0.02870
21.55000 0.02873
21.65000 0.02876
21.75000 0.02880
21.85000 0.02883
21.95000 0.02886
22.05000 0.02890
22.15000 0.02893
22.25000 0.02897
22.35000 0.02900
22.45000 0.02904
22.55000 0.02908
22.65000 0.02912
22.75000 0.02915
22.85000 0.02919
22.95000 0.02923
23.05000 0.02926
23.15000 0.02930
23.25000 0.02934
23.35000 0.02937
23.45000 0.02941
23.55000 0.02944
23.65000 0.02948
23.75000 0.02951
23.85000 0.02955
23.95000 0.02958
24.05000 0.02961
24.15000 0.02964
24.25000 0.02968
24.35000 0.02971
24.45000 0.02974
24.55000 0.02977
24.65000 0.02980
24.75000 0.02982
24.85000 0.02985
24.95000 0.02988
25.05000 0.02991
25.15000 0.02993
25.25000 0.02996
25.35000 0.02998
25.45000 0.03001
25.55000 0.03004
25.65000 0.03007
25.75000 0.03009
25.85000 0.03012
25.95000 0.03015
26.05000 0.03017
26.15000 0.03020
26.25000 0.03022
26.35000 0.03024
26.45000 0.03027
26.55000 0.03029
26.65000 0.03031
26.75000 0.03033
26.85000 0.03035
26.95000 0.03037
27.05000 0.03040
27.15000 0.03042
27.25000 0.03044
27.35000 0.03046
27.45000 0.03048
27.55000 0.03050
27.65000 0.03052
27.75000 0.03054
27.85000 0.03056
27.95000 0.03058
28.05000 0.03061
28.15000 0.03063
28.25000 0.03065
28.35000 0.03067
28.45000 0.03069
28.55000 0.03071
28.65000 0.03073
28.75000 0.03074
28.85000 0.03077
28.95000 0.03078
29.05000 0.03080
29.15000 0.03082
29.25000 0.03083
29.35000 0.03085
29.45000 0.03087
29.55000 0.03089
29.65000 0.03090
29.75000 0.03092
29.85000 0.03093
29.95000 0.03095
