#Distance_(Ang) :1-10@N3_=>_:K+
       0.050000        0.000000
       0.150000        0.000000
       0.250000        0.000000
       0.350000        0.000000
       0.450000        0.000000
       0.550000        0.000000
       0.650000        0.000000
       0.750000        0.000000
       0.850000        0.000000
       0.950000        0.000000
       1.050000        0.000000
       1.150000        0.000000
       1.250000        0.000000
       1.350000        0.000000
       1.450000        0.000000
       1.550000        0.000000
       1.650000        0.000000
       1.750000        0.000000
       1.850000        0.000000
       1.950000        0.000000
       2.050000        0.000000
       2.150000        0.000000
       2.250000        0.000000
       2.350000        0.000000
       2.450000        0.000000
       2.550000        0.000286
       2.650000        0.005898
       2.750000        0.025578
       2.850000        0.045598
       2.950000        0.047895
       3.050000        0.039884
       3.150000        0.029108
       3.250000        0.021094
       3.350000        0.016278
       3.450000        0.017292
       3.550000        0.022867
       3.650000        0.032283
       3.750000        0.045974
       3.850000        0.058922
       3.950000        0.070880
       4.050000        0.079937
       4.150000        0.085357
       4.250000        0.090127
       4.350000        0.093129
       4.450000        0.097554
       4.550000        0.100930
       4.650000        0.105010
       4.750000        0.107975
       4.850000        0.106224
       4.950000        0.096237
       5.050000        0.084640
       5.150000        0.077026
       5.250000        0.072032
       5.350000        0.070724
       5.450000        0.071051
       5.550000        0.074119
       5.650000        0.081320
       5.750000        0.093519
       5.850000        0.105702
       5.950000        0.107571
       6.050000        0.107371
       6.150000        0.106575
       6.250000        0.106293
       6.350000        0.104793
       6.450000        0.101205
       6.550000        0.099097
       6.650000        0.097308
       6.750000        0.093311
       6.850000        0.086972
       6.950000        0.082062
       7.050000        0.079311
       7.150000        0.077010
       7.250000        0.074545
       7.350000        0.072886
       7.450000        0.071379
       7.550000        0.070691
       7.650000        0.070964
       7.750000        0.071648
       7.850000        0.072012
       7.950000        0.073426
       8.050000        0.074696
       8.150000        0.076149
       8.250000        0.078334
       8.350000        0.079760
       8.450000        0.081821
       8.550000        0.082237
       8.650000        0.083093
       8.750000        0.082450
       8.850000        0.082009
       8.950000        0.081279
       9.050000        0.080655
       9.150000        0.079720
       9.250000        0.078693
       9.350000        0.077741
       9.450000        0.077580
       9.550000        0.076769
       9.650000        0.076477
       9.750000        0.075995
       9.850000        0.075783
       9.950000        0.074577
      10.050000        0.074331
      10.150000        0.073777
      10.250000        0.073257
      10.350000        0.073160
      10.450000        0.072793
      10.550000        0.072720
      10.650000        0.072305
      10.750000        0.072128
      10.850000        0.071863
      10.950000        0.071731
      11.050000        0.071013
      11.150000        0.070861
      11.250000        0.070534
      11.350000        0.069966
      11.450000        0.069301
      11.550000        0.068470
      11.650000        0.067306
      11.750000        0.066827
      11.850000        0.066098
      11.950000        0.065652
      12.050000        0.065307
      12.150000        0.064514
      12.250000        0.064686
      12.350000        0.064483
      12.450000        0.063744
      12.550000        0.063610
      12.650000        0.063179
      12.750000        0.062541
      12.850000        0.062554
      12.950000        0.062009
      13.050000        0.061163
      13.150000        0.060975
      13.250000        0.060556
      13.350000        0.059795
      13.450000        0.059124
      13.550000        0.058827
      13.650000        0.058092
      13.750000        0.057639
      13.850000        0.056606
      13.950000        0.056295
      14.050000        0.055364
      14.150000        0.055351
      14.250000        0.054816
      14.350000        0.054585
      14.450000        0.053815
      14.550000        0.053351
      14.650000        0.052968
      14.750000        0.052609
      14.850000        0.052040
      14.950000        0.051706
      15.050000        0.051573
      15.150000        0.050878
      15.250000        0.050451
      15.350000        0.050158
      15.450000        0.049751
      15.550000        0.049583
      15.650000        0.049247
      15.750000        0.048768
      15.850000        0.048260
      15.950000        0.047996
      16.050000        0.047682
      16.150000        0.047076
      16.250000        0.046861
      16.350000        0.046510
      16.450000        0.046567
      16.550000        0.045726
      16.650000        0.045549
      16.750000        0.045282
      16.850000        0.045136
      16.950000        0.044683
      17.050000        0.044410
      17.150000        0.044183
      17.250000        0.044092
      17.350000        0.043560
      17.450000        0.043254
      17.550000        0.043270
      17.650000        0.042994
      17.750000        0.042782
      17.850000        0.042438
      17.950000        0.042358
      18.050000        0.042395
      18.150000        0.041873
      18.250000        0.041822
      18.350000        0.041469
      18.450000        0.041411
      18.550000        0.041238
      18.650000        0.041070
      18.750000        0.040816
      18.850000        0.040734
      18.950000        0.040459
      19.050000        0.040436
      19.150000        0.040351
      19.250000        0.040070
      19.350000        0.040063
      19.450000        0.039853
      19.550000        0.039638
      19.650000        0.039553
      19.750000        0.039326
      19.850000        0.039343
      19.950000        0.039138
      20.050000        0.039080
      20.150000        0.038703
      20.250000        0.038785
      20.350000        0.038513
      20.450000        0.038369
      20.550000        0.038451
      20.650000        0.038269
      20.750000        0.038072
      20.850000        0.037923
      20.950000        0.037946
      21.050000        0.037762
      21.150000        0.037627
      21.250000        0.037516
      21.350000        0.037476
      21.450000        0.037186
      21.550000        0.037107
      21.650000        0.036977
      21.750000        0.036829
      21.850000        0.036735
      21.950000        0.036479
      22.050000        0.036424
      22.150000        0.036391
      22.250000        0.036243
      22.350000        0.036014
      22.450000        0.036061
      22.550000        0.035875
      22.650000        0.035698
      22.750000        0.035703
      22.850000        0.035531
      22.950000        0.035334
      23.050000        0.035254
      23.150000        0.035234
      23.250000        0.035256
      23.350000        0.034968
      23.450000        0.034847
      23.550000        0.034867
      23.650000        0.034767
      23.750000        0.034644
      23.850000        0.034530
      23.950000        0.034357
      24.050000        0.034376
      24.150000        0.034202
      24.250000        0.034253
      24.350000        0.034059
      24.450000        0.034061
      24.550000        0.034082
      24.650000        0.033845
      24.750000        0.033848
      24.850000        0.033746
      24.950000        0.033712
      25.050000        0.033576
      25.150000        0.033490
      25.250000        0.033351
      25.350000        0.033237
      25.450000        0.033230
      25.550000        0.033108
      25.650000        0.033195
      25.750000        0.033204
      25.850000        0.032982
      25.950000        0.032847
      26.050000        0.032962
      26.150000        0.032720
      26.250000        0.032661
      26.350000        0.032621
      26.450000        0.032669
      26.550000        0.032578
      26.650000        0.032626
      26.750000        0.032404
      26.850000        0.032467
      26.950000        0.032490
      27.050000        0.032351
      27.150000        0.032322
      27.250000        0.032227
      27.350000        0.032214
      27.450000        0.032039
      27.550000        0.032050
      27.650000        0.032096
      27.750000        0.032013
      27.850000        0.032012
      27.950000        0.031897
      28.050000        0.031932
      28.150000        0.031859
      28.250000        0.031788
      28.350000        0.031864
      28.450000        0.031934
      28.550000        0.031782
      28.650000        0.031746
      28.750000        0.031728
      28.850000        0.031574
      28.950000        0.031605
      29.050000        0.031667
      29.150000        0.031588
      29.250000        0.031520
      29.350000        0.031463
      29.450000        0.031503
      29.550000        0.031624
      29.650000        0.031504
      29.750000        0.031483
      29.850000        0.031461
      29.950000        0.031499
