#Distance_(Ang) :A,A3@P_=>_:K+
       0.050000       0.000000
       0.150000       0.000000
       0.250000       0.000000
       0.350000       0.000000
       0.450000       0.000000
       0.550000       0.000000
       0.650000       0.000000
       0.750000       0.000000
       0.850000       0.000000
       0.950000       0.000000
       1.050000       0.000000
       1.150000       0.000000
       1.250000       0.000000
       1.350000       0.000000
       1.450000       0.000000
       1.550000       0.000000
       1.650000       0.000000
       1.750000       0.000000
       1.850000       0.000000
       1.950000       0.000000
       2.050000       0.000000
       2.150000       0.000000
       2.250000       0.000000
       2.350000       0.000000
       2.450000       0.000000
       2.550000       0.000000
       2.650000       0.000000
       2.750000       0.000000
       2.850000       0.000023
       2.950000       0.000389
       3.050000       0.006005
       3.150000       0.030331
       3.250000       0.074765
       3.350000       0.126977
       3.450000       0.157483
       3.550000       0.163898
       3.650000       0.163008
       3.750000       0.158006
       3.850000       0.150454
       3.950000       0.130060
       4.050000       0.095658
       4.150000       0.057692
       4.250000       0.032678
       4.350000       0.021172
       4.450000       0.016865
       4.550000       0.015783
       4.650000       0.017818
       4.750000       0.020731
       4.850000       0.025633
       4.950000       0.032253
       5.050000       0.039374
       5.150000       0.049156
       5.250000       0.058918
       5.350000       0.069161
       5.450000       0.078731
       5.550000       0.088991
       5.650000       0.097718
       5.750000       0.105963
       5.850000       0.113012
       5.950000       0.115208
       6.050000       0.115428
       6.150000       0.111610
       6.250000       0.104603
       6.350000       0.096780
       6.450000       0.087286
       6.550000       0.078502
       6.650000       0.069968
       6.750000       0.062740
       6.850000       0.058108
       6.950000       0.055709
       7.050000       0.054418
       7.150000       0.054938
       7.250000       0.056214
       7.350000       0.058340
       7.450000       0.061211
       7.550000       0.063900
       7.650000       0.067940
       7.750000       0.070221
       7.850000       0.072197
       7.950000       0.072745
       8.050000       0.072041
       8.150000       0.072370
       8.250000       0.070757
       8.350000       0.069237
       8.450000       0.067575
       8.550000       0.065834
       8.650000       0.064936
       8.750000       0.063873
       8.850000       0.062236
       8.950000       0.060873
       9.050000       0.059899
       9.150000       0.059085
       9.250000       0.057666
       9.350000       0.056247
       9.450000       0.055663
       9.550000       0.054045
       9.650000       0.053451
       9.750000       0.052388
       9.850000       0.052128
       9.950000       0.051908
      10.050000       0.052204
      10.150000       0.052234
      10.250000       0.052283
      10.350000       0.051974
      10.450000       0.052531
      10.550000       0.052708
      10.650000       0.052621
      10.750000       0.052179
      10.850000       0.051635
      10.950000       0.051547
      11.050000       0.051075
      11.150000       0.050573
      11.250000       0.050039
      11.350000       0.050195
      11.450000       0.049698
      11.550000       0.049765
      11.650000       0.049650
      11.750000       0.049556
      11.850000       0.049133
      11.950000       0.049055
      12.050000       0.049474
      12.150000       0.048719
      12.250000       0.048387
      12.350000       0.047956
      12.450000       0.047536
      12.550000       0.047336
      12.650000       0.046875
      12.750000       0.046866
      12.850000       0.046618
      12.950000       0.046073
      13.050000       0.045656
      13.150000       0.045675
      13.250000       0.045426
      13.350000       0.044780
      13.450000       0.044929
      13.550000       0.044854
      13.650000       0.044884
      13.750000       0.044616
      13.850000       0.044842
      13.950000       0.044764
      14.050000       0.044632
      14.150000       0.044760
      14.250000       0.044324
      14.350000       0.044499
      14.450000       0.044021
      14.550000       0.043810
      14.650000       0.043565
      14.750000       0.043421
      14.850000       0.043128
      14.950000       0.042406
      15.050000       0.042406
      15.150000       0.042365
      15.250000       0.041994
      15.350000       0.041468
      15.450000       0.041256
      15.550000       0.041289
      15.650000       0.040939
      15.750000       0.040637
      15.850000       0.040506
      15.950000       0.040308
      16.050000       0.040020
      16.150000       0.040209
      16.250000       0.040023
      16.350000       0.039861
      16.450000       0.039665
      16.550000       0.039551
      16.650000       0.039557
      16.750000       0.039374
      16.850000       0.039363
      16.950000       0.038895
      17.050000       0.038946
      17.150000       0.038960
      17.250000       0.039291
      17.350000       0.039179
      17.450000       0.038750
      17.550000       0.038798
      17.650000       0.038666
      17.750000       0.038790
      17.850000       0.038525
      17.950000       0.038728
      18.050000       0.038441
      18.150000       0.038312
      18.250000       0.038023
      18.350000       0.037979
      18.450000       0.037902
      18.550000       0.037950
      18.650000       0.037845
      18.750000       0.037629
      18.850000       0.037672
      18.950000       0.037491
      19.050000       0.037373
      19.150000       0.037414
      19.250000       0.037182
      19.350000       0.037118
      19.450000       0.037145
      19.550000       0.037094
      19.650000       0.037008
      19.750000       0.036868
      19.850000       0.036911
      19.950000       0.036744
      20.050000       0.036891
      20.150000       0.036520
      20.250000       0.036612
      20.350000       0.036266
      20.450000       0.036363
      20.550000       0.036333
      20.650000       0.036328
      20.750000       0.036161
      20.850000       0.036037
      20.950000       0.035993
      21.050000       0.035925
      21.150000       0.035866
      21.250000       0.035566
      21.350000       0.035702
      21.450000       0.035598
      21.550000       0.035398
      21.650000       0.035422
      21.750000       0.035458
      21.850000       0.035140
      21.950000       0.035161
      22.050000       0.035178
      22.150000       0.035054
      22.250000       0.035035
      22.350000       0.034846
      22.450000       0.034920
      22.550000       0.034737
      22.650000       0.034769
      22.750000       0.034530
      22.850000       0.034655
      22.950000       0.034482
      23.050000       0.034429
      23.150000       0.034647
      23.250000       0.034443
      23.350000       0.034628
      23.450000       0.034574
      23.550000       0.034424
      23.650000       0.034277
      23.750000       0.034322
      23.850000       0.034245
      23.950000       0.034185
      24.050000       0.034184
      24.150000       0.034181
      24.250000       0.033972
      24.350000       0.034061
      24.450000       0.033962
      24.550000       0.033928
      24.650000       0.033834
      24.750000       0.033931
      24.850000       0.033745
      24.950000       0.033746
      25.050000       0.033719
      25.150000       0.033580
      25.250000       0.033543
      25.350000       0.033571
      25.450000       0.033581
      25.550000       0.033553
      25.650000       0.033460
      25.750000       0.033432
      25.850000       0.033474
      25.950000       0.033552
      26.050000       0.033387
      26.150000       0.033450
      26.250000       0.033340
      26.350000       0.033213
      26.450000       0.033299
      26.550000       0.033231
      26.650000       0.033214
      26.750000       0.033115
      26.850000       0.033148
      26.950000       0.033037
      27.050000       0.032956
      27.150000       0.032819
      27.250000       0.032918
      27.350000       0.032795
      27.450000       0.032857
      27.550000       0.032671
      27.650000       0.032822
      27.750000       0.032627
      27.850000       0.032665
      27.950000       0.032566
      28.050000       0.032461
      28.150000       0.032520
      28.250000       0.032523
      28.350000       0.032457
      28.450000       0.032337
      28.550000       0.032436
      28.650000       0.032382
      28.750000       0.032278
      28.850000       0.032283
      28.950000       0.032376
      29.050000       0.032297
      29.150000       0.032232
      29.250000       0.032233
      29.350000       0.032188
      29.450000       0.032226
      29.550000       0.032071
      29.650000       0.032168
      29.750000       0.032185
      29.850000       0.032104
      29.950000       0.032086
