#Distance_(Ang) :G,G3@P_=>_:K+
       0.050000       0.000000
       0.150000       0.000000
       0.250000       0.000000
       0.350000       0.000000
       0.450000       0.000000
       0.550000       0.000000
       0.650000       0.000000
       0.750000       0.000000
       0.850000       0.000000
       0.950000       0.000000
       1.050000       0.000000
       1.150000       0.000000
       1.250000       0.000000
       1.350000       0.000000
       1.450000       0.000000
       1.550000       0.000000
       1.650000       0.000000
       1.750000       0.000000
       1.850000       0.000000
       1.950000       0.000000
       2.050000       0.000000
       2.150000       0.000000
       2.250000       0.000000
       2.350000       0.000000
       2.450000       0.000000
       2.550000       0.000000
       2.650000       0.000000
       2.750000       0.000000
       2.850000       0.000000
       2.950000       0.000394
       3.050000       0.006402
       3.150000       0.030683
       3.250000       0.075405
       3.350000       0.119897
       3.450000       0.149000
       3.550000       0.155380
       3.650000       0.163360
       3.750000       0.167845
       3.850000       0.175630
       3.950000       0.182042
       4.050000       0.149891
       4.150000       0.083510
       4.250000       0.044384
       4.350000       0.025870
       4.450000       0.019361
       4.550000       0.018376
       4.650000       0.019577
       4.750000       0.024036
       4.850000       0.029890
       4.950000       0.039163
       5.050000       0.051163
       5.150000       0.066757
       5.250000       0.087223
       5.350000       0.113224
       5.450000       0.145837
       5.550000       0.185205
       5.650000       0.227070
       5.750000       0.259561
       5.850000       0.277697
       5.950000       0.271955
       6.050000       0.252988
       6.150000       0.230474
       6.250000       0.212500
       6.350000       0.198962
       6.450000       0.186080
       6.550000       0.173602
       6.650000       0.161349
       6.750000       0.148455
       6.850000       0.138818
       6.950000       0.130777
       7.050000       0.126154
       7.150000       0.121269
       7.250000       0.117596
       7.350000       0.114978
       7.450000       0.115323
       7.550000       0.120742
       7.650000       0.125746
       7.750000       0.127323
       7.850000       0.124218
       7.950000       0.120563
       8.050000       0.117061
       8.150000       0.115332
       8.250000       0.115242
       8.350000       0.114254
       8.450000       0.115010
       8.550000       0.115928
       8.650000       0.115563
       8.750000       0.115262
       8.850000       0.116338
       8.950000       0.118511
       9.050000       0.119170
       9.150000       0.118324
       9.250000       0.113773
       9.350000       0.106995
       9.450000       0.099181
       9.550000       0.092309
       9.650000       0.088127
       9.750000       0.085711
       9.850000       0.085665
       9.950000       0.086362
      10.050000       0.086152
      10.150000       0.086235
      10.250000       0.083835
      10.350000       0.081473
      10.450000       0.078270
      10.550000       0.075493
      10.650000       0.072975
      10.750000       0.069998
      10.850000       0.068337
      10.950000       0.066216
      11.050000       0.064613
      11.150000       0.063625
      11.250000       0.063473
      11.350000       0.063169
      11.450000       0.063469
      11.550000       0.064153
      11.650000       0.064943
      11.750000       0.064671
      11.850000       0.065518
      11.950000       0.065592
      12.050000       0.065464
      12.150000       0.065426
      12.250000       0.064207
      12.350000       0.062843
      12.450000       0.061438
      12.550000       0.060358
      12.650000       0.059990
      12.750000       0.059484
      12.850000       0.059773
      12.950000       0.059850
      13.050000       0.059353
      13.150000       0.059511
      13.250000       0.058893
      13.350000       0.058848
      13.450000       0.058435
      13.550000       0.058045
      13.650000       0.057931
      13.750000       0.058044
      13.850000       0.058090
      13.950000       0.059096
      14.050000       0.059695
      14.150000       0.060170
      14.250000       0.059933
      14.350000       0.059551
      14.450000       0.058829
      14.550000       0.057857
      14.650000       0.056077
      14.750000       0.054838
      14.850000       0.053765
      14.950000       0.052605
      15.050000       0.051405
      15.150000       0.050403
      15.250000       0.049300
      15.350000       0.048760
      15.450000       0.048118
      15.550000       0.047683
      15.650000       0.047295
      15.750000       0.046680
      15.850000       0.046407
      15.950000       0.046323
      16.050000       0.045634
      16.150000       0.045436
      16.250000       0.045187
      16.350000       0.044951
      16.450000       0.044443
      16.550000       0.044155
      16.650000       0.044078
      16.750000       0.043770
      16.850000       0.043576
      16.950000       0.043395
      17.050000       0.043099
      17.150000       0.042964
      17.250000       0.042631
      17.350000       0.042469
      17.450000       0.042671
      17.550000       0.042073
      17.650000       0.042481
      17.750000       0.042248
      17.850000       0.042040
      17.950000       0.041793
      18.050000       0.041791
      18.150000       0.041561
      18.250000       0.041641
      18.350000       0.041564
      18.450000       0.041143
      18.550000       0.041527
      18.650000       0.040942
      18.750000       0.041032
      18.850000       0.040769
      18.950000       0.041078
      19.050000       0.040650
      19.150000       0.040546
      19.250000       0.040755
      19.350000       0.040469
      19.450000       0.040247
      19.550000       0.040235
      19.650000       0.040059
      19.750000       0.039989
      19.850000       0.039552
      19.950000       0.039282
      20.050000       0.039269
      20.150000       0.038950
      20.250000       0.038610
      20.350000       0.038595
      20.450000       0.038206
      20.550000       0.038027
      20.650000       0.037672
      20.750000       0.037491
      20.850000       0.037272
      20.950000       0.036871
      21.050000       0.036621
      21.150000       0.036453
      21.250000       0.036364
      21.350000       0.036153
      21.450000       0.035847
      21.550000       0.035735
      21.650000       0.035653
      21.750000       0.035677
      21.850000       0.035334
      21.950000       0.035057
      22.050000       0.034999
      22.150000       0.034929
      22.250000       0.034877
      22.350000       0.034917
      22.450000       0.034719
      22.550000       0.034676
      22.650000       0.034540
      22.750000       0.034488
      22.850000       0.034234
      22.950000       0.034334
      23.050000       0.034221
      23.150000       0.033872
      23.250000       0.033912
      23.350000       0.033862
      23.450000       0.033789
      23.550000       0.033749
      23.650000       0.033535
      23.750000       0.033431
      23.850000       0.033361
      23.950000       0.033292
      24.050000       0.033201
      24.150000       0.033043
      24.250000       0.033166
      24.350000       0.033015
      24.450000       0.032954
      24.550000       0.032784
      24.650000       0.032760
      24.750000       0.032739
      24.850000       0.032844
      24.950000       0.032672
      25.050000       0.032596
      25.150000       0.032550
      25.250000       0.032366
      25.350000       0.032296
      25.450000       0.032320
      25.550000       0.032146
      25.650000       0.032102
      25.750000       0.032028
      25.850000       0.032153
      25.950000       0.031929
      26.050000       0.031892
      26.150000       0.031858
      26.250000       0.031868
      26.350000       0.031818
      26.450000       0.031767
      26.550000       0.031655
      26.650000       0.031680
      26.750000       0.031589
      26.850000       0.031665
      26.950000       0.031704
      27.050000       0.031628
      27.150000       0.031470
      27.250000       0.031471
      27.350000       0.031394
      27.450000       0.031408
      27.550000       0.031370
      27.650000       0.031421
      27.750000       0.031317
      27.850000       0.031297
      27.950000       0.031234
      28.050000       0.031304
      28.150000       0.031160
      28.250000       0.031154
      28.350000       0.031195
      28.450000       0.031217
      28.550000       0.031228
      28.650000       0.031190
      28.750000       0.031158
      28.850000       0.031143
      28.950000       0.030994
      29.050000       0.031067
      29.150000       0.030998
      29.250000       0.031013
      29.350000       0.030993
      29.450000       0.031040
      29.550000       0.030939
      29.650000       0.030933
      29.750000       0.030826
      29.850000       0.030856
      29.950000       0.030793
