#Distance_(Ang) :1-10@N7_=>_:K+
       0.050000        0.000000
       0.150000        0.000000
       0.250000        0.000000
       0.350000        0.000000
       0.450000        0.000000
       0.550000        0.000000
       0.650000        0.000000
       0.750000        0.000000
       0.850000        0.000000
       0.950000        0.000000
       1.050000        0.000000
       1.150000        0.000000
       1.250000        0.000000
       1.350000        0.000000
       1.450000        0.000000
       1.550000        0.000000
       1.650000        0.000000
       1.750000        0.000000
       1.850000        0.000000
       1.950000        0.000000
       2.050000        0.000000
       2.150000        0.000000
       2.250000        0.000000
       2.350000        0.000000
       2.450000        0.000041
       2.550000        0.006731
       2.650000        0.074702
       2.750000        0.199043
       2.850000        0.234653
       2.950000        0.173473
       3.050000        0.104077
       3.150000        0.060641
       3.250000        0.035101
       3.350000        0.021936
       3.450000        0.014427
       3.550000        0.010799
       3.650000        0.009067
       3.750000        0.008461
       3.850000        0.009187
       3.950000        0.009366
       4.050000        0.011081
       4.150000        0.013387
       4.250000        0.016700
       4.350000        0.020894
       4.450000        0.026747
       4.550000        0.033851
       4.650000        0.041171
       4.750000        0.048807
       4.850000        0.054881
       4.950000        0.060215
       5.050000        0.063297
       5.150000        0.065126
       5.250000        0.064752
       5.350000        0.065100
       5.450000        0.063306
       5.550000        0.062197
       5.650000        0.060048
       5.750000        0.057717
       5.850000        0.054957
       5.950000        0.052709
       6.050000        0.052173
       6.150000        0.052300
       6.250000        0.053486
       6.350000        0.054837
       6.450000        0.054615
       6.550000        0.053294
       6.650000        0.051184
       6.750000        0.049325
       6.850000        0.048609
       6.950000        0.049825
       7.050000        0.050865
       7.150000        0.051768
       7.250000        0.053772
       7.350000        0.055204
       7.450000        0.056848
       7.550000        0.058459
       7.650000        0.059290
       7.750000        0.060396
       7.850000        0.061044
       7.950000        0.060999
       8.050000        0.062260
       8.150000        0.061833
       8.250000        0.062319
       8.350000        0.062216
       8.450000        0.062031
       8.550000        0.062206
       8.650000        0.061139
       8.750000        0.060969
       8.850000        0.060111
       8.950000        0.059905
       9.050000        0.059222
       9.150000        0.058195
       9.250000        0.058224
       9.350000        0.058636
       9.450000        0.057916
       9.550000        0.058163
       9.650000        0.058257
       9.750000        0.058336
       9.850000        0.058211
       9.950000        0.058534
      10.050000        0.057996
      10.150000        0.057842
      10.250000        0.057758
      10.350000        0.057595
      10.450000        0.057166
      10.550000        0.056710
      10.650000        0.056473
      10.750000        0.056108
      10.850000        0.055794
      10.950000        0.055028
      11.050000        0.055079
      11.150000        0.054914
      11.250000        0.054542
      11.350000        0.054755
      11.450000        0.054188
      11.550000        0.053676
      11.650000        0.053330
      11.750000        0.053122
      11.850000        0.052409
      11.950000        0.052542
      12.050000        0.051491
      12.150000        0.051318
      12.250000        0.051347
      12.350000        0.051052
      12.450000        0.050749
      12.550000        0.050291
      12.650000        0.050125
      12.750000        0.049755
      12.850000        0.049308
      12.950000        0.048985
      13.050000        0.048660
      13.150000        0.048217
      13.250000        0.048091
      13.350000        0.047567
      13.450000        0.047644
      13.550000        0.047099
      13.650000        0.046657
      13.750000        0.046576
      13.850000        0.046241
      13.950000        0.045829
      14.050000        0.045536
      14.150000        0.045471
      14.250000        0.045246
      14.350000        0.045049
      14.450000        0.044834
      14.550000        0.044538
      14.650000        0.044227
      14.750000        0.044131
      14.850000        0.043847
      14.950000        0.043852
      15.050000        0.043699
      15.150000        0.043438
      15.250000        0.043189
      15.350000        0.043131
      15.450000        0.043008
      15.550000        0.043006
      15.650000        0.042650
      15.750000        0.042588
      15.850000        0.042346
      15.950000        0.042210
      16.050000        0.041972
      16.150000        0.042093
      16.250000        0.041921
      16.350000        0.041711
      16.450000        0.041413
      16.550000        0.041386
      16.650000        0.041138
      16.750000        0.040885
      16.850000        0.040792
      16.950000        0.040796
      17.050000        0.040627
      17.150000        0.040610
      17.250000        0.040134
      17.350000        0.039955
      17.450000        0.039753
      17.550000        0.039792
      17.650000        0.039653
      17.750000        0.039761
      17.850000        0.039134
      17.950000        0.039519
      18.050000        0.038995
      18.150000        0.039178
      18.250000        0.039047
      18.350000        0.038795
      18.450000        0.038855
      18.550000        0.038787
      18.650000        0.038677
      18.750000        0.038654
      18.850000        0.038532
      18.950000        0.038439
      19.050000        0.038361
      19.150000        0.038136
      19.250000        0.038215
      19.350000        0.038017
      19.450000        0.037798
      19.550000        0.038029
      19.650000        0.037894
      19.750000        0.037602
      19.850000        0.037732
      19.950000        0.037672
      20.050000        0.037434
      20.150000        0.037256
      20.250000        0.037397
      20.350000        0.037174
      20.450000        0.037039
      20.550000        0.036990
      20.650000        0.036965
      20.750000        0.036732
      20.850000        0.036886
      20.950000        0.036632
      21.050000        0.036601
      21.150000        0.036423
      21.250000        0.036447
      21.350000        0.036501
      21.450000        0.036370
      21.550000        0.036167
      21.650000        0.036047
      21.750000        0.035985
      21.850000        0.035960
      21.950000        0.035833
      22.050000        0.035639
      22.150000        0.035672
      22.250000        0.035623
      22.350000        0.035513
      22.450000        0.035462
      22.550000        0.035478
      22.650000        0.035327
      22.750000        0.035212
      22.850000        0.035269
      22.950000        0.035038
      23.050000        0.034988
      23.150000        0.035091
      23.250000        0.034974
      23.350000        0.034889
      23.450000        0.034894
      23.550000        0.034697
      23.650000        0.034662
      23.750000        0.034739
      23.850000        0.034586
      23.950000        0.034547
      24.050000        0.034460
      24.150000        0.034337
      24.250000        0.034389
      24.350000        0.034309
      24.450000        0.034203
      24.550000        0.034203
      24.650000        0.034047
      24.750000        0.034113
      24.850000        0.033936
      24.950000        0.033870
      25.050000        0.033964
      25.150000        0.033969
      25.250000        0.033842
      25.350000        0.033709
      25.450000        0.033622
      25.550000        0.033529
      25.650000        0.033531
      25.750000        0.033511
      25.850000        0.033438
      25.950000        0.033268
      26.050000        0.033418
      26.150000        0.033242
      26.250000        0.033190
      26.350000        0.033106
      26.450000        0.033234
      26.550000        0.033071
      26.650000        0.033042
      26.750000        0.033024
      26.850000        0.032995
      26.950000        0.033073
      27.050000        0.032845
      27.150000        0.032884
      27.250000        0.032989
      27.350000        0.032892
      27.450000        0.032758
      27.550000        0.032845
      27.650000        0.032734
      27.750000        0.032661
      27.850000        0.032672
      27.950000        0.032587
      28.050000        0.032630
      28.150000        0.032648
      28.250000        0.032530
      28.350000        0.032614
      28.450000        0.032514
      28.550000        0.032388
      28.650000        0.032387
      28.750000        0.032298
      28.850000        0.032239
      28.950000        0.032285
      29.050000        0.032305
      29.150000        0.032318
      29.250000        0.032230
      29.350000        0.032196
      29.450000        0.032202
      29.550000        0.032062
      29.650000        0.032217
      29.750000        0.032102
      29.850000        0.032044
      29.950000        0.032065
