#Distance_(Ang) :1-10@O4_=>_:K+
       0.050000        0.000000
       0.150000        0.000000
       0.250000        0.000000
       0.350000        0.000000
       0.450000        0.000000
       0.550000        0.000000
       0.650000        0.000000
       0.750000        0.000000
       0.850000        0.000000
       0.950000        0.000000
       1.050000        0.000000
       1.150000        0.000000
       1.250000        0.000000
       1.350000        0.000000
       1.450000        0.000000
       1.550000        0.000000
       1.650000        0.000000
       1.750000        0.000000
       1.850000        0.000000
       1.950000        0.000000
       2.050000        0.000000
       2.150000        0.000000
       2.250000        0.000000
       2.350000        0.000352
       2.450000        0.050467
       2.550000        0.485712
       2.650000        1.132432
       2.750000        1.153984
       2.850000        0.770088
       2.950000        0.430723
       3.050000        0.227760
       3.150000        0.126222
       3.250000        0.072846
       3.350000        0.047977
       3.450000        0.033694
       3.550000        0.025826
       3.650000        0.022959
       3.750000        0.020783
       3.850000        0.021193
       3.950000        0.022236
       4.050000        0.025804
       4.150000        0.029123
       4.250000        0.034106
       4.350000        0.040009
       4.450000        0.045574
       4.550000        0.052478
       4.650000        0.058978
       4.750000        0.065903
       4.850000        0.071523
       4.950000        0.078160
       5.050000        0.084549
       5.150000        0.089165
       5.250000        0.093833
       5.350000        0.097645
       5.450000        0.099980
       5.550000        0.101675
       5.650000        0.100798
       5.750000        0.099349
       5.850000        0.095950
       5.950000        0.094194
       6.050000        0.090632
       6.150000        0.088651
       6.250000        0.086922
       6.350000        0.084694
       6.450000        0.083971
       6.550000        0.082746
       6.650000        0.083497
       6.750000        0.082757
       6.850000        0.081845
       6.950000        0.079636
       7.050000        0.077927
       7.150000        0.073127
       7.250000        0.070051
       7.350000        0.066854
       7.450000        0.065586
       7.550000        0.064356
       7.650000        0.064603
       7.750000        0.064503
       7.850000        0.064406
       7.950000        0.065649
       8.050000        0.065724
       8.150000        0.066054
       8.250000        0.066610
       8.350000        0.067379
       8.450000        0.068334
       8.550000        0.069209
       8.650000        0.070035
       8.750000        0.071177
       8.850000        0.071228
       8.950000        0.073057
       9.050000        0.072435
       9.150000        0.073789
       9.250000        0.074191
       9.350000        0.074261
       9.450000        0.074095
       9.550000        0.073794
       9.650000        0.072088
       9.750000        0.072362
       9.850000        0.071844
       9.950000        0.071834
      10.050000        0.071932
      10.150000        0.072433
      10.250000        0.072806
      10.350000        0.074106
      10.450000        0.075025
      10.550000        0.076444
      10.650000        0.077845
      10.750000        0.078199
      10.850000        0.078802
      10.950000        0.078692
      11.050000        0.078805
      11.150000        0.078169
      11.250000        0.077367
      11.350000        0.077125
      11.450000        0.075717
      11.550000        0.075384
      11.650000        0.074788
      11.750000        0.073634
      11.850000        0.072728
      11.950000        0.071568
      12.050000        0.070441
      12.150000        0.069631
      12.250000        0.068832
      12.350000        0.068515
      12.450000        0.067713
      12.550000        0.067594
      12.650000        0.067115
      12.750000        0.066047
      12.850000        0.064758
      12.950000        0.063528
      13.050000        0.062014
      13.150000        0.061130
      13.250000        0.059832
      13.350000        0.059034
      13.450000        0.057769
      13.550000        0.057012
      13.650000        0.056692
      13.750000        0.055966
      13.850000        0.055361
      13.950000        0.055044
      14.050000        0.054440
      14.150000        0.053973
      14.250000        0.053425
      14.350000        0.053191
      14.450000        0.053011
      14.550000        0.052437
      14.650000        0.051996
      14.750000        0.051629
      14.850000        0.051211
      14.950000        0.050753
      15.050000        0.050120
      15.150000        0.049671
      15.250000        0.049329
      15.350000        0.048812
      15.450000        0.048426
      15.550000        0.047981
      15.650000        0.047437
      15.750000        0.047131
      15.850000        0.046721
      15.950000        0.046492
      16.050000        0.046151
      16.150000        0.045523
      16.250000        0.045214
      16.350000        0.045197
      16.450000        0.044879
      16.550000        0.044704
      16.650000        0.044513
      16.750000        0.044222
      16.850000        0.044225
      16.950000        0.043817
      17.050000        0.043544
      17.150000        0.043350
      17.250000        0.043203
      17.350000        0.043050
      17.450000        0.043004
      17.550000        0.042803
      17.650000        0.042562
      17.750000        0.042498
      17.850000        0.042186
      17.950000        0.042066
      18.050000        0.041830
      18.150000        0.041589
      18.250000        0.041399
      18.350000        0.041434
      18.450000        0.041228
      18.550000        0.041059
      18.650000        0.040911
      18.750000        0.040757
      18.850000        0.040628
      18.950000        0.040503
      19.050000        0.040079
      19.150000        0.039897
      19.250000        0.039811
      19.350000        0.039582
      19.450000        0.039588
      19.550000        0.039503
      19.650000        0.039191
      19.750000        0.039104
      19.850000        0.038983
      19.950000        0.038927
      20.050000        0.038744
      20.150000        0.038619
      20.250000        0.038575
      20.350000        0.038372
      20.450000        0.038385
      20.550000        0.038051
      20.650000        0.038041
      20.750000        0.038036
      20.850000        0.037888
      20.950000        0.037600
      21.050000        0.037754
      21.150000        0.037742
      21.250000        0.037444
      21.350000        0.037455
      21.450000        0.037199
      21.550000        0.037343
      21.650000        0.037006
      21.750000        0.036953
      21.850000        0.036856
      21.950000        0.036826
      22.050000        0.036536
      22.150000        0.036466
      22.250000        0.036374
      22.350000        0.036201
      22.450000        0.036190
      22.550000        0.036078
      22.650000        0.036013
      22.750000        0.036009
      22.850000        0.035777
      22.950000        0.035528
      23.050000        0.035509
      23.150000        0.035414
      23.250000        0.035287
      23.350000        0.035188
      23.450000        0.035022
      23.550000        0.034808
      23.650000        0.034851
      23.750000        0.034776
      23.850000        0.034513
      23.950000        0.034467
      24.050000        0.034375
      24.150000        0.034411
      24.250000        0.034243
      24.350000        0.034069
      24.450000        0.034133
      24.550000        0.034027
      24.650000        0.033943
      24.750000        0.033709
      24.850000        0.033711
      24.950000        0.033656
      25.050000        0.033501
      25.150000        0.033512
      25.250000        0.033371
      25.350000        0.033120
      25.450000        0.033367
      25.550000        0.033165
      25.650000        0.032996
      25.750000        0.033064
      25.850000        0.032869
      25.950000        0.032781
      26.050000        0.032680
      26.150000        0.032718
      26.250000        0.032769
      26.350000        0.032694
      26.450000        0.032459
      26.550000        0.032547
      26.650000        0.032399
      26.750000        0.032388
      26.850000        0.032293
      26.950000        0.032285
      27.050000        0.032135
      27.150000        0.032184
      27.250000        0.032050
      27.350000        0.032046
      27.450000        0.032054
      27.550000        0.031977
      27.650000        0.031987
      27.750000        0.031891
      27.850000        0.031866
      27.950000        0.031811
      28.050000        0.031846
      28.150000        0.031852
      28.250000        0.031693
      28.350000        0.031718
      28.450000        0.031677
      28.550000        0.031569
      28.650000        0.031596
      28.750000        0.031514
      28.850000        0.031649
      28.950000        0.031357
      29.050000        0.031548
      29.150000        0.031461
      29.250000        0.031370
      29.350000        0.031337
      29.450000        0.031355
      29.550000        0.031397
      29.650000        0.031315
      29.750000        0.031294
      29.850000        0.031371
      29.950000        0.031274
