#Distance_(Ang) :U,U3@P_=>_:K+
       0.050000       0.000000
       0.150000       0.000000
       0.250000       0.000000
       0.350000       0.000000
       0.450000       0.000000
       0.550000       0.000000
       0.650000       0.000000
       0.750000       0.000000
       0.850000       0.000000
       0.950000       0.000000
       1.050000       0.000000
       1.150000       0.000000
       1.250000       0.000000
       1.350000       0.000000
       1.450000       0.000000
       1.550000       0.000000
       1.650000       0.000000
       1.750000       0.000000
       1.850000       0.000000
       1.950000       0.000000
       2.050000       0.000000
       2.150000       0.000000
       2.250000       0.000000
       2.350000       0.000000
       2.450000       0.000000
       2.550000       0.000000
       2.650000       0.000000
       2.750000       0.000000
       2.850000       0.000000
       2.950000       0.001427
       3.050000       0.023858
       3.150000       0.122623
       3.250000       0.254502
       3.350000       0.362984
       3.450000       0.417812
       3.550000       0.431100
       3.650000       0.428962
       3.750000       0.416048
       3.850000       0.396582
       3.950000       0.357744
       4.050000       0.265088
       4.150000       0.143678
       4.250000       0.070185
       4.350000       0.036858
       4.450000       0.024044
       4.550000       0.020542
       4.650000       0.020010
       4.750000       0.023177
       4.850000       0.027554
       4.950000       0.034000
       5.050000       0.042087
       5.150000       0.050741
       5.250000       0.062355
       5.350000       0.074077
       5.450000       0.086169
       5.550000       0.098309
       5.650000       0.107966
       5.750000       0.116112
       5.850000       0.121390
       5.950000       0.124470
       6.050000       0.124304
       6.150000       0.122153
       6.250000       0.119138
       6.350000       0.112180
       6.450000       0.101427
       6.550000       0.092670
       6.650000       0.084495
       6.750000       0.078288
       6.850000       0.073713
       6.950000       0.071020
       7.050000       0.071327
       7.150000       0.073080
       7.250000       0.076479
       7.350000       0.079800
       7.450000       0.085090
       7.550000       0.088608
       7.650000       0.093397
       7.750000       0.097653
       7.850000       0.101772
       7.950000       0.106663
       8.050000       0.108840
       8.150000       0.111989
       8.250000       0.113865
       8.350000       0.114264
       8.450000       0.113763
       8.550000       0.112587
       8.650000       0.110895
       8.750000       0.108387
       8.850000       0.105250
       8.950000       0.101029
       9.050000       0.096757
       9.150000       0.092482
       9.250000       0.089859
       9.350000       0.088282
       9.450000       0.088282
       9.550000       0.087349
       9.650000       0.087564
       9.750000       0.087555
       9.850000       0.086898
       9.950000       0.086755
      10.050000       0.085265
      10.150000       0.083547
      10.250000       0.081455
      10.350000       0.078628
      10.450000       0.076748
      10.550000       0.075358
      10.650000       0.074782
      10.750000       0.074742
      10.850000       0.075231
      10.950000       0.075552
      11.050000       0.075706
      11.150000       0.075497
      11.250000       0.075233
      11.350000       0.074727
      11.450000       0.073217
      11.550000       0.071522
      11.650000       0.069991
      11.750000       0.067967
      11.850000       0.066676
      11.950000       0.065487
      12.050000       0.064288
      12.150000       0.063616
      12.250000       0.062492
      12.350000       0.061814
      12.450000       0.060548
      12.550000       0.059609
      12.650000       0.058016
      12.750000       0.057309
      12.850000       0.056294
      12.950000       0.055481
      13.050000       0.054810
      13.150000       0.054252
      13.250000       0.053531
      13.350000       0.053097
      13.450000       0.053359
      13.550000       0.053123
      13.650000       0.053076
      13.750000       0.052722
      13.850000       0.052610
      13.950000       0.052614
      14.050000       0.052415
      14.150000       0.052140
      14.250000       0.052039
      14.350000       0.051749
      14.450000       0.052010
      14.550000       0.051811
      14.650000       0.051483
      14.750000       0.051308
      14.850000       0.051276
      14.950000       0.050854
      15.050000       0.050780
      15.150000       0.050232
      15.250000       0.049855
      15.350000       0.049163
      15.450000       0.048718
      15.550000       0.048461
      15.650000       0.048042
      15.750000       0.047833
      15.850000       0.047441
      15.950000       0.046877
      16.050000       0.046496
      16.150000       0.046146
      16.250000       0.045704
      16.350000       0.045829
      16.450000       0.045417
      16.550000       0.045140
      16.650000       0.044963
      16.750000       0.044513
      16.850000       0.044387
      16.950000       0.044172
      17.050000       0.043661
      17.150000       0.043492
      17.250000       0.043200
      17.350000       0.043031
      17.450000       0.042527
      17.550000       0.042490
      17.650000       0.042126
      17.750000       0.041884
      17.850000       0.041768
      17.950000       0.041644
      18.050000       0.041186
      18.150000       0.041089
      18.250000       0.041085
      18.350000       0.040736
      18.450000       0.040654
      18.550000       0.040308
      18.650000       0.040128
      18.750000       0.040057
      18.850000       0.039722
      18.950000       0.039762
      19.050000       0.039546
      19.150000       0.039507
      19.250000       0.039214
      19.350000       0.039250
      19.450000       0.038874
      19.550000       0.038886
      19.650000       0.038533
      19.750000       0.038401
      19.850000       0.038243
      19.950000       0.037904
      20.050000       0.037735
      20.150000       0.037629
      20.250000       0.037763
      20.350000       0.037290
      20.450000       0.037185
      20.550000       0.037173
      20.650000       0.036962
      20.750000       0.036952
      20.850000       0.036712
      20.950000       0.036779
      21.050000       0.036410
      21.150000       0.036331
      21.250000       0.036306
      21.350000       0.036100
      21.450000       0.036073
      21.550000       0.036055
      21.650000       0.035973
      21.750000       0.035787
      21.850000       0.035556
      21.950000       0.035518
      22.050000       0.035341
      22.150000       0.035307
      22.250000       0.035286
      22.350000       0.035095
      22.450000       0.035024
      22.550000       0.034964
      22.650000       0.034774
      22.750000       0.034808
      22.850000       0.034621
      22.950000       0.034623
      23.050000       0.034452
      23.150000       0.034463
      23.250000       0.034119
      23.350000       0.034300
      23.450000       0.034053
      23.550000       0.034020
      23.650000       0.033833
      23.750000       0.033891
      23.850000       0.033753
      23.950000       0.033609
      24.050000       0.033774
      24.150000       0.033643
      24.250000       0.033470
      24.350000       0.033357
      24.450000       0.033338
      24.550000       0.033068
      24.650000       0.033287
      24.750000       0.033129
      24.850000       0.033052
      24.950000       0.032926
      25.050000       0.032873
      25.150000       0.032923
      25.250000       0.032827
      25.350000       0.032659
      25.450000       0.032652
      25.550000       0.032612
      25.650000       0.032554
      25.750000       0.032521
      25.850000       0.032458
      25.950000       0.032424
      26.050000       0.032440
      26.150000       0.032307
      26.250000       0.032260
      26.350000       0.032292
      26.450000       0.032273
      26.550000       0.032208
      26.650000       0.032103
      26.750000       0.032114
      26.850000       0.032044
      26.950000       0.031931
      27.050000       0.031949
      27.150000       0.031939
      27.250000       0.031913
      27.350000       0.031876
      27.450000       0.031838
      27.550000       0.031792
      27.650000       0.031577
      27.750000       0.031654
      27.850000       0.031853
      27.950000       0.031643
      28.050000       0.031712
      28.150000       0.031630
      28.250000       0.031669
      28.350000       0.031587
      28.450000       0.031567
      28.550000       0.031446
      28.650000       0.031504
      28.750000       0.031432
      28.850000       0.031472
      28.950000       0.031439
      29.050000       0.031450
      29.150000       0.031313
      29.250000       0.031333
      29.350000       0.031409
      29.450000       0.031319
      29.550000       0.031211
      29.650000       0.031162
      29.750000       0.031141
      29.850000       0.031219
      29.950000       0.031121
