#Distance_(Ang) :1-10@N3_=>_:K+
       0.050000        0.000000
       0.150000        0.000000
       0.250000        0.000000
       0.350000        0.000000
       0.450000        0.000000
       0.550000        0.000000
       0.650000        0.000000
       0.750000        0.000000
       0.850000        0.000000
       0.950000        0.000000
       1.050000        0.000000
       1.150000        0.000000
       1.250000        0.000000
       1.350000        0.000000
       1.450000        0.000000
       1.550000        0.000000
       1.650000        0.000000
       1.750000        0.000000
       1.850000        0.000000
       1.950000        0.000000
       2.050000        0.000000
       2.150000        0.000000
       2.250000        0.000000
       2.350000        0.000000
       2.450000        0.000000
       2.550000        0.000000
       2.650000        0.000000
       2.750000        0.000000
       2.850000        0.000000
       2.950000        0.000028
       3.050000        0.000261
       3.150000        0.000988
       3.250000        0.003704
       3.350000        0.010119
       3.450000        0.024010
       3.550000        0.051112
       3.650000        0.095240
       3.750000        0.149063
       3.850000        0.206327
       3.950000        0.241627
       4.050000        0.245711
       4.150000        0.227437
       4.250000        0.203729
       4.350000        0.189342
       4.450000        0.181697
       4.550000        0.187560
       4.650000        0.204995
       4.750000        0.238080
       4.850000        0.244966
       4.950000        0.192813
       5.050000        0.128672
       5.150000        0.086190
       5.250000        0.064311
       5.350000        0.054330
       5.450000        0.050915
       5.550000        0.049636
       5.650000        0.049843
       5.750000        0.052336
       5.850000        0.055209
       5.950000        0.057723
       6.050000        0.061171
       6.150000        0.065580
       6.250000        0.070238
       6.350000        0.075127
       6.450000        0.079362
       6.550000        0.083577
       6.650000        0.086842
       6.750000        0.089099
       6.850000        0.090453
       6.950000        0.091113
       7.050000        0.090415
       7.150000        0.088322
       7.250000        0.086522
       7.350000        0.083531
       7.450000        0.080266
       7.550000        0.076972
       7.650000        0.074358
       7.750000        0.072678
       7.850000        0.070650
       7.950000        0.071340
       8.050000        0.072583
       8.150000        0.073795
       8.250000        0.075687
       8.350000        0.077115
       8.450000        0.079979
       8.550000        0.081125
       8.650000        0.082458
       8.750000        0.082063
       8.850000        0.081404
       8.950000        0.080446
       9.050000        0.079962
       9.150000        0.080298
       9.250000        0.079828
       9.350000        0.080396
       9.450000        0.081144
       9.550000        0.082679
       9.650000        0.082517
       9.750000        0.084173
       9.850000        0.085306
       9.950000        0.087063
      10.050000        0.088710
      10.150000        0.089045
      10.250000        0.090051
      10.350000        0.089458
      10.450000        0.088338
      10.550000        0.088205
      10.650000        0.087123
      10.750000        0.086375
      10.850000        0.084637
      10.950000        0.082525
      11.050000        0.079481
      11.150000        0.077257
      11.250000        0.074276
      11.350000        0.072444
      11.450000        0.070441
      11.550000        0.068581
      11.650000        0.067707
      11.750000        0.066723
      11.850000        0.065676
      11.950000        0.065437
      12.050000        0.065048
      12.150000        0.064302
      12.250000        0.064284
      12.350000        0.063828
      12.450000        0.063702
      12.550000        0.063175
      12.650000        0.062151
      12.750000        0.061719
      12.850000        0.060520
      12.950000        0.059931
      13.050000        0.058706
      13.150000        0.057874
      13.250000        0.057281
      13.350000        0.056696
      13.450000        0.055792
      13.550000        0.055183
      13.650000        0.054530
      13.750000        0.054174
      13.850000        0.054076
      13.950000        0.053507
      14.050000        0.052949
      14.150000        0.052574
      14.250000        0.052253
      14.350000        0.051750
      14.450000        0.051661
      14.550000        0.051200
      14.650000        0.050882
      14.750000        0.050431
      14.850000        0.049992
      14.950000        0.049784
      15.050000        0.049069
      15.150000        0.049093
      15.250000        0.048515
      15.350000        0.048284
      15.450000        0.047867
      15.550000        0.047631
      15.650000        0.047163
      15.750000        0.046820
      15.850000        0.046745
      15.950000        0.046496
      16.050000        0.046115
      16.150000        0.045771
      16.250000        0.045828
      16.350000        0.045373
      16.450000        0.045471
      16.550000        0.045142
      16.650000        0.045117
      16.750000        0.044519
      16.850000        0.044614
      16.950000        0.044452
      17.050000        0.044116
      17.150000        0.043944
      17.250000        0.043662
      17.350000        0.043670
      17.450000        0.043153
      17.550000        0.043139
      17.650000        0.042939
      17.750000        0.042577
      17.850000        0.042213
      17.950000        0.041880
      18.050000        0.042035
      18.150000        0.041593
      18.250000        0.041537
      18.350000        0.041209
      18.450000        0.041044
      18.550000        0.041091
      18.650000        0.040678
      18.750000        0.040542
      18.850000        0.040374
      18.950000        0.040269
      19.050000        0.040103
      19.150000        0.039870
      19.250000        0.039705
      19.350000        0.039559
      19.450000        0.039590
      19.550000        0.039303
      19.650000        0.039221
      19.750000        0.039074
      19.850000        0.039045
      19.950000        0.038655
      20.050000        0.038850
      20.150000        0.038815
      20.250000        0.038700
      20.350000        0.038369
      20.450000        0.038300
      20.550000        0.038385
      20.650000        0.038116
      20.750000        0.037923
      20.850000        0.037828
      20.950000        0.037707
      21.050000        0.037648
      21.150000        0.037590
      21.250000        0.037513
      21.350000        0.037279
      21.450000        0.037192
      21.550000        0.036962
      21.650000        0.036791
      21.750000        0.036853
      21.850000        0.036711
      21.950000        0.036524
      22.050000        0.036377
      22.150000        0.036221
      22.250000        0.036155
      22.350000        0.036019
      22.450000        0.035979
      22.550000        0.035751
      22.650000        0.035710
      22.750000        0.035488
      22.850000        0.035415
      22.950000        0.035343
      23.050000        0.035273
      23.150000        0.035042
      23.250000        0.034923
      23.350000        0.034873
      23.450000        0.034668
      23.550000        0.034602
      23.650000        0.034406
      23.750000        0.034572
      23.850000        0.034318
      23.950000        0.034212
      24.050000        0.034139
      24.150000        0.034019
      24.250000        0.034032
      24.350000        0.033771
      24.450000        0.033951
      24.550000        0.033751
      24.650000        0.033739
      24.750000        0.033563
      24.850000        0.033498
      24.950000        0.033509
      25.050000        0.033346
      25.150000        0.033165
      25.250000        0.033245
      25.350000        0.033034
      25.450000        0.033134
      25.550000        0.033054
      25.650000        0.032886
      25.750000        0.032899
      25.850000        0.032715
      25.950000        0.032766
      26.050000        0.032729
      26.150000        0.032630
      26.250000        0.032596
      26.350000        0.032461
      26.450000        0.032410
      26.550000        0.032422
      26.650000        0.032360
      26.750000        0.032125
      26.850000        0.032327
      26.950000        0.032212
      27.050000        0.031978
      27.150000        0.031955
      27.250000        0.031944
      27.350000        0.031991
      27.450000        0.031936
      27.550000        0.031833
      27.650000        0.031820
      27.750000        0.031944
      27.850000        0.031751
      27.950000        0.031755
      28.050000        0.031729
      28.150000        0.031729
      28.250000        0.031743
      28.350000        0.031725
      28.450000        0.031670
      28.550000        0.031561
      28.650000        0.031609
      28.750000        0.031553
      28.850000        0.031476
      28.950000        0.031420
      29.050000        0.031470
      29.150000        0.031436
      29.250000        0.031402
      29.350000        0.031427
      29.450000        0.031170
      29.550000        0.031330
      29.650000        0.031320
      29.750000        0.031347
      29.850000        0.031176
      29.950000        0.031181
