#Distance_(Ang) :1-10@O6_=>_:K+
       0.050000        0.000000
       0.150000        0.000000
       0.250000        0.000000
       0.350000        0.000000
       0.450000        0.000000
       0.550000        0.000000
       0.650000        0.000000
       0.750000        0.000000
       0.850000        0.000000
       0.950000        0.000000
       1.050000        0.000000
       1.150000        0.000000
       1.250000        0.000000
       1.350000        0.000000
       1.450000        0.000000
       1.550000        0.000000
       1.650000        0.000000
       1.750000        0.000000
       1.850000        0.000000
       1.950000        0.000000
       2.050000        0.000000
       2.150000        0.000000
       2.250000        0.000000
       2.350000        0.000086
       2.450000        0.042239
       2.550000        0.452869
       2.650000        1.186827
       2.750000        1.345681
       2.850000        1.012908
       2.950000        0.619450
       3.050000        0.366309
       3.150000        0.228360
       3.250000        0.155333
       3.350000        0.114712
       3.450000        0.090895
       3.550000        0.083939
       3.650000        0.076046
       3.750000        0.073765
       3.850000        0.073666
       3.950000        0.070667
       4.050000        0.071985
       4.150000        0.067652
       4.250000        0.067141
       4.350000        0.068220
       4.450000        0.066515
       4.550000        0.066038
       4.650000        0.066636
       4.750000        0.066901
       4.850000        0.065896
       4.950000        0.066957
       5.050000        0.067827
       5.150000        0.072672
       5.250000        0.077426
       5.350000        0.085593
       5.450000        0.094163
       5.550000        0.102355
       5.650000        0.108119
       5.750000        0.107718
       5.850000        0.105680
       5.950000        0.099222
       6.050000        0.092303
       6.150000        0.084423
       6.250000        0.078679
       6.350000        0.074479
       6.450000        0.069670
       6.550000        0.067945
       6.650000        0.067663
       6.750000        0.067214
       6.850000        0.066460
       6.950000        0.065846
       7.050000        0.063876
       7.150000        0.063406
       7.250000        0.064035
       7.350000        0.065592
       7.450000        0.066313
       7.550000        0.066894
       7.650000        0.068774
       7.750000        0.070397
       7.850000        0.072741
       7.950000        0.073665
       8.050000        0.075882
       8.150000        0.077166
       8.250000        0.079495
       8.350000        0.082575
       8.450000        0.084333
       8.550000        0.087593
       8.650000        0.090209
       8.750000        0.093252
       8.850000        0.094429
       8.950000        0.097134
       9.050000        0.098132
       9.150000        0.098280
       9.250000        0.098489
       9.350000        0.099310
       9.450000        0.098740
       9.550000        0.099549
       9.650000        0.100394
       9.750000        0.101436
       9.850000        0.102202
       9.950000        0.103927
      10.050000        0.105771
      10.150000        0.107429
      10.250000        0.109656
      10.350000        0.110521
      10.450000        0.111853
      10.550000        0.112228
      10.650000        0.112897
      10.750000        0.112208
      10.850000        0.110796
      10.950000        0.110167
      11.050000        0.108597
      11.150000        0.107801
      11.250000        0.105751
      11.350000        0.104405
      11.450000        0.102492
      11.550000        0.100742
      11.650000        0.097945
      11.750000        0.096846
      11.850000        0.095202
      11.950000        0.093678
      12.050000        0.092426
      12.150000        0.090518
      12.250000        0.089563
      12.350000        0.088239
      12.450000        0.087283
      12.550000        0.085081
      12.650000        0.084518
      12.750000        0.083109
      12.850000        0.081801
      12.950000        0.080560
      13.050000        0.079676
      13.150000        0.078665
      13.250000        0.077297
      13.350000        0.076223
      13.450000        0.075777
      13.550000        0.074389
      13.650000        0.072892
      13.750000        0.071758
      13.850000        0.070644
      13.950000        0.068964
      14.050000        0.068277
      14.150000        0.065993
      14.250000        0.065119
      14.350000        0.063554
      14.450000        0.062428
      14.550000        0.061236
      14.650000        0.059589
      14.750000        0.058710
      14.850000        0.057548
      14.950000        0.056434
      15.050000        0.054940
      15.150000        0.054216
      15.250000        0.053189
      15.350000        0.052291
      15.450000        0.051381
      15.550000        0.050709
      15.650000        0.049868
      15.750000        0.049190
      15.850000        0.048577
      15.950000        0.047775
      16.050000        0.047477
      16.150000        0.046598
      16.250000        0.046328
      16.350000        0.045913
      16.450000        0.045218
      16.550000        0.045123
      16.650000        0.044577
      16.750000        0.044473
      16.850000        0.044130
      16.950000        0.043713
      17.050000        0.043169
      17.150000        0.043027
      17.250000        0.042633
      17.350000        0.042244
      17.450000        0.042128
      17.550000        0.041734
      17.650000        0.041293
      17.750000        0.041172
      17.850000        0.040862
      17.950000        0.040638
      18.050000        0.040211
      18.150000        0.040103
      18.250000        0.039841
      18.350000        0.039460
      18.450000        0.039235
      18.550000        0.039069
      18.650000        0.039174
      18.750000        0.038988
      18.850000        0.038531
      18.950000        0.038476
      19.050000        0.038349
      19.150000        0.037930
      19.250000        0.038084
      19.350000        0.037567
      19.450000        0.037631
      19.550000        0.037508
      19.650000        0.037238
      19.750000        0.037027
      19.850000        0.036741
      19.950000        0.036907
      20.050000        0.036512
      20.150000        0.036431
      20.250000        0.036208
      20.350000        0.036224
      20.450000        0.035871
      20.550000        0.035808
      20.650000        0.035689
      20.750000        0.035732
      20.850000        0.035563
      20.950000        0.035452
      21.050000        0.035472
      21.150000        0.035399
      21.250000        0.035067
      21.350000        0.034954
      21.450000        0.034967
      21.550000        0.034813
      21.650000        0.034657
      21.750000        0.034538
      21.850000        0.034541
      21.950000        0.034271
      22.050000        0.034421
      22.150000        0.034201
      22.250000        0.034108
      22.350000        0.034128
      22.450000        0.034212
      22.550000        0.033992
      22.650000        0.034072
      22.750000        0.033820
      22.850000        0.033855
      22.950000        0.033557
      23.050000        0.033599
      23.150000        0.033479
      23.250000        0.033598
      23.350000        0.033192
      23.450000        0.033496
      23.550000        0.033305
      23.650000        0.033395
      23.750000        0.033179
      23.850000        0.033166
      23.950000        0.033196
      24.050000        0.033017
      24.150000        0.032953
      24.250000        0.032963
      24.350000        0.032966
      24.450000        0.032684
      24.550000        0.032804
      24.650000        0.032990
      24.750000        0.032646
      24.850000        0.032692
      24.950000        0.032436
      25.050000        0.032595
      25.150000        0.032352
      25.250000        0.032353
      25.350000        0.032414
      25.450000        0.032320
      25.550000        0.032346
      25.650000        0.032226
      25.750000        0.032415
      25.850000        0.032227
      25.950000        0.032004
      26.050000        0.032167
      26.150000        0.032102
      26.250000        0.032037
      26.350000        0.032133
      26.450000        0.031887
      26.550000        0.031978
      26.650000        0.031733
      26.750000        0.031674
      26.850000        0.031757
      26.950000        0.031622
      27.050000        0.031663
      27.150000        0.031519
      27.250000        0.031569
      27.350000        0.031631
      27.450000        0.031517
      27.550000        0.031480
      27.650000        0.031425
      27.750000        0.031356
      27.850000        0.031415
      27.950000        0.031319
      28.050000        0.031381
      28.150000        0.031133
      28.250000        0.031217
      28.350000        0.031099
      28.450000        0.031134
      28.550000        0.031173
      28.650000        0.031105
      28.750000        0.031083
      28.850000        0.030838
      28.950000        0.030851
      29.050000        0.030939
      29.150000        0.030865
      29.250000        0.030945
      29.350000        0.030693
      29.450000        0.030725
      29.550000        0.030880
      29.650000        0.030842
      29.750000        0.030688
      29.850000        0.030682
      29.950000        0.030624
