#Distance_(Ang) :1-10@N7_=>_:K+
       0.050000        0.000000
       0.150000        0.000000
       0.250000        0.000000
       0.350000        0.000000
       0.450000        0.000000
       0.550000        0.000000
       0.650000        0.000000
       0.750000        0.000000
       0.850000        0.000000
       0.950000        0.000000
       1.050000        0.000000
       1.150000        0.000000
       1.250000        0.000000
       1.350000        0.000000
       1.450000        0.000000
       1.550000        0.000000
       1.650000        0.000000
       1.750000        0.000000
       1.850000        0.000000
       1.950000        0.000000
       2.050000        0.000000
       2.150000        0.000000
       2.250000        0.000000
       2.350000        0.000000
       2.450000        0.000223
       2.550000        0.030440
       2.650000        0.348665
       2.750000        0.998823
       2.850000        1.272429
       2.950000        1.035070
       3.050000        0.672153
       3.150000        0.412768
       3.250000        0.253042
       3.350000        0.167087
       3.450000        0.114740
       3.550000        0.086069
       3.650000        0.068276
       3.750000        0.058907
       3.850000        0.054405
       3.950000        0.053735
       4.050000        0.054591
       4.150000        0.058206
       4.250000        0.064754
       4.350000        0.073609
       4.450000        0.085508
       4.550000        0.098761
       4.650000        0.116560
       4.750000        0.136952
       4.850000        0.158747
       4.950000        0.184970
       5.050000        0.214901
       5.150000        0.240783
       5.250000        0.267608
       5.350000        0.278018
       5.450000        0.278158
       5.550000        0.261852
       5.650000        0.236886
       5.750000        0.206080
       5.850000        0.178038
       5.950000        0.155510
       6.050000        0.132202
       6.150000        0.113453
       6.250000        0.103343
       6.350000        0.098356
       6.450000        0.097529
       6.550000        0.100759
       6.650000        0.102558
       6.750000        0.104783
       6.850000        0.106120
       6.950000        0.108484
       7.050000        0.110996
       7.150000        0.114818
       7.250000        0.121494
       7.350000        0.128560
       7.450000        0.132910
       7.550000        0.135040
       7.650000        0.131895
       7.750000        0.123809
       7.850000        0.115552
       7.950000        0.108191
       8.050000        0.101401
       8.150000        0.097163
       8.250000        0.093144
       8.350000        0.090810
       8.450000        0.088934
       8.550000        0.087830
       8.650000        0.085699
       8.750000        0.084404
       8.850000        0.082289
       8.950000        0.079736
       9.050000        0.079273
       9.150000        0.078092
       9.250000        0.076704
       9.350000        0.076289
       9.450000        0.075867
       9.550000        0.074951
       9.650000        0.075053
       9.750000        0.074523
       9.850000        0.074626
       9.950000        0.075197
      10.050000        0.074843
      10.150000        0.074801
      10.250000        0.075220
      10.350000        0.074674
      10.450000        0.075154
      10.550000        0.075305
      10.650000        0.074809
      10.750000        0.074748
      10.850000        0.075374
      10.950000        0.075543
      11.050000        0.075709
      11.150000        0.075928
      11.250000        0.076712
      11.350000        0.076974
      11.450000        0.076592
      11.550000        0.075884
      11.650000        0.075075
      11.750000        0.074756
      11.850000        0.073420
      11.950000        0.072039
      12.050000        0.070739
      12.150000        0.069365
      12.250000        0.067956
      12.350000        0.066860
      12.450000        0.065826
      12.550000        0.065200
      12.650000        0.064394
      12.750000        0.063737
      12.850000        0.063103
      12.950000        0.062082
      13.050000        0.061557
      13.150000        0.060709
      13.250000        0.059798
      13.350000        0.058904
      13.450000        0.058028
      13.550000        0.057622
      13.650000        0.057268
      13.750000        0.056320
      13.850000        0.055860
      13.950000        0.055343
      14.050000        0.054969
      14.150000        0.054362
      14.250000        0.053633
      14.350000        0.053672
      14.450000        0.052975
      14.550000        0.052831
      14.650000        0.052571
      14.750000        0.052210
      14.850000        0.052075
      14.950000        0.051834
      15.050000        0.051581
      15.150000        0.051115
      15.250000        0.051080
      15.350000        0.050632
      15.450000        0.050464
      15.550000        0.050187
      15.650000        0.049992
      15.750000        0.049349
      15.850000        0.049107
      15.950000        0.048910
      16.050000        0.048726
      16.150000        0.048017
      16.250000        0.047661
      16.350000        0.047418
      16.450000        0.047056
      16.550000        0.046613
      16.650000        0.046126
      16.750000        0.045952
      16.850000        0.045545
      16.950000        0.045555
      17.050000        0.044921
      17.150000        0.044574
      17.250000        0.044119
      17.350000        0.043928
      17.450000        0.043587
      17.550000        0.043323
      17.650000        0.042927
      17.750000        0.042439
      17.850000        0.042203
      17.950000        0.041831
      18.050000        0.041699
      18.150000        0.041094
      18.250000        0.040848
      18.350000        0.040739
      18.450000        0.040347
      18.550000        0.040060
      18.650000        0.039675
      18.750000        0.039674
      18.850000        0.039523
      18.950000        0.039382
      19.050000        0.039191
      19.150000        0.038858
      19.250000        0.039154
      19.350000        0.038700
      19.450000        0.038643
      19.550000        0.038519
      19.650000        0.038540
      19.750000        0.038447
      19.850000        0.038125
      19.950000        0.038245
      20.050000        0.038034
      20.150000        0.037852
      20.250000        0.037643
      20.350000        0.037623
      20.450000        0.037489
      20.550000        0.037285
      20.650000        0.037219
      20.750000        0.036974
      20.850000        0.036987
      20.950000        0.036654
      21.050000        0.036533
      21.150000        0.036396
      21.250000        0.036233
      21.350000        0.035913
      21.450000        0.035944
      21.550000        0.035689
      21.650000        0.035331
      21.750000        0.035445
      21.850000        0.035166
      21.950000        0.034934
      22.050000        0.034878
      22.150000        0.034717
      22.250000        0.034534
      22.350000        0.034462
      22.450000        0.034290
      22.550000        0.034120
      22.650000        0.033985
      22.750000        0.033901
      22.850000        0.033760
      22.950000        0.033726
      23.050000        0.033560
      23.150000        0.033559
      23.250000        0.033410
      23.350000        0.033444
      23.450000        0.033311
      23.550000        0.033181
      23.650000        0.033070
      23.750000        0.033183
      23.850000        0.033027
      23.950000        0.033020
      24.050000        0.032943
      24.150000        0.033101
      24.250000        0.032919
      24.350000        0.032757
      24.450000        0.032827
      24.550000        0.032825
      24.650000        0.032618
      24.750000        0.032557
      24.850000        0.032484
      24.950000        0.032535
      25.050000        0.032449
      25.150000        0.032515
      25.250000        0.032390
      25.350000        0.032264
      25.450000        0.032360
      25.550000        0.032192
      25.650000        0.032222
      25.750000        0.032144
      25.850000        0.032033
      25.950000        0.032030
      26.050000        0.032149
      26.150000        0.032159
      26.250000        0.032025
      26.350000        0.031951
      26.450000        0.031879
      26.550000        0.031779
      26.650000        0.031619
      26.750000        0.031714
      26.850000        0.031796
      26.950000        0.031658
      27.050000        0.031684
      27.150000        0.031671
      27.250000        0.031502
      27.350000        0.031526
      27.450000        0.031512
      27.550000        0.031518
      27.650000        0.031493
      27.750000        0.031387
      27.850000        0.031437
      27.950000        0.031368
      28.050000        0.031324
      28.150000        0.031225
      28.250000        0.031278
      28.350000        0.031155
      28.450000        0.031293
      28.550000        0.031113
      28.650000        0.031209
      28.750000        0.031134
      28.850000        0.031083
      28.950000        0.031104
      29.050000        0.031047
      29.150000        0.031011
      29.250000        0.030975
      29.350000        0.030913
      29.450000        0.031036
      29.550000        0.030925
      29.650000        0.030874
      29.750000        0.031013
      29.850000        0.030960
      29.950000        0.030804
