#Distance_(Ang) :C,C3@P_=>_:K+
       0.050000       0.000000
       0.150000       0.000000
       0.250000       0.000000
       0.350000       0.000000
       0.450000       0.000000
       0.550000       0.000000
       0.650000       0.000000
       0.750000       0.000000
       0.850000       0.000000
       0.950000       0.000000
       1.050000       0.000000
       1.150000       0.000000
       1.250000       0.000000
       1.350000       0.000000
       1.450000       0.000000
       1.550000       0.000000
       1.650000       0.000000
       1.750000       0.000000
       1.850000       0.000000
       1.950000       0.000000
       2.050000       0.000000
       2.150000       0.000000
       2.250000       0.000000
       2.350000       0.000000
       2.450000       0.000000
       2.550000       0.000000
       2.650000       0.000000
       2.750000       0.000000
       2.850000       0.000000
       2.950000       0.000301
       3.050000       0.005741
       3.150000       0.031795
       3.250000       0.081773
       3.350000       0.137915
       3.450000       0.167730
       3.550000       0.168923
       3.650000       0.158731
       3.750000       0.147838
       3.850000       0.129619
       3.950000       0.106279
       4.050000       0.076999
       4.150000       0.047785
       4.250000       0.028895
       4.350000       0.019648
       4.450000       0.015581
       4.550000       0.014403
       4.650000       0.015926
       4.750000       0.018646
       4.850000       0.022932
       4.950000       0.028661
       5.050000       0.035989
       5.150000       0.043181
       5.250000       0.052383
       5.350000       0.062162
       5.450000       0.070649
       5.550000       0.080167
       5.650000       0.087955
       5.750000       0.094389
       5.850000       0.098903
       5.950000       0.101170
       6.050000       0.099816
       6.150000       0.096372
       6.250000       0.090553
       6.350000       0.082854
       6.450000       0.075721
       6.550000       0.067845
       6.650000       0.060265
       6.750000       0.054958
       6.850000       0.051757
       6.950000       0.049763
       7.050000       0.049607
       7.150000       0.050984
       7.250000       0.053432
       7.350000       0.056766
       7.450000       0.060049
       7.550000       0.066237
       7.650000       0.070623
       7.750000       0.075399
       7.850000       0.080584
       7.950000       0.083729
       8.050000       0.086202
       8.150000       0.087033
       8.250000       0.088250
       8.350000       0.089270
       8.450000       0.089801
       8.550000       0.089851
       8.650000       0.090653
       8.750000       0.091683
       8.850000       0.092009
       8.950000       0.093148
       9.050000       0.094657
       9.150000       0.095436
       9.250000       0.096660
       9.350000       0.097801
       9.450000       0.100272
       9.550000       0.102830
       9.650000       0.105385
       9.750000       0.108432
       9.850000       0.108757
       9.950000       0.105819
      10.050000       0.101875
      10.150000       0.096068
      10.250000       0.088819
      10.350000       0.082614
      10.450000       0.077191
      10.550000       0.072547
      10.650000       0.069422
      10.750000       0.067329
      10.850000       0.065834
      10.950000       0.064569
      11.050000       0.064994
      11.150000       0.064979
      11.250000       0.065431
      11.350000       0.065662
      11.450000       0.065710
      11.550000       0.065821
      11.650000       0.065146
      11.750000       0.064532
      11.850000       0.064018
      11.950000       0.063731
      12.050000       0.062529
      12.150000       0.062286
      12.250000       0.061677
      12.350000       0.060679
      12.450000       0.060126
      12.550000       0.058955
      12.650000       0.058889
      12.750000       0.057744
      12.850000       0.056754
      12.950000       0.056057
      13.050000       0.055548
      13.150000       0.054823
      13.250000       0.054784
      13.350000       0.054155
      13.450000       0.054088
      13.550000       0.053984
      13.650000       0.053480
      13.750000       0.053013
      13.850000       0.053081
      13.950000       0.052678
      14.050000       0.052210
      14.150000       0.052021
      14.250000       0.051472
      14.350000       0.051375
      14.450000       0.050868
      14.550000       0.050448
      14.650000       0.049991
      14.750000       0.049420
      14.850000       0.048724
      14.950000       0.048326
      15.050000       0.048388
      15.150000       0.047539
      15.250000       0.047188
      15.350000       0.046498
      15.450000       0.046413
      15.550000       0.045886
      15.650000       0.045568
      15.750000       0.045185
      15.850000       0.044901
      15.950000       0.044490
      16.050000       0.044407
      16.150000       0.044142
      16.250000       0.044150
      16.350000       0.044053
      16.450000       0.043662
      16.550000       0.043208
      16.650000       0.043115
      16.750000       0.043099
      16.850000       0.042889
      16.950000       0.042609
      17.050000       0.042466
      17.150000       0.042471
      17.250000       0.042027
      17.350000       0.042142
      17.450000       0.041897
      17.550000       0.041946
      17.650000       0.041575
      17.750000       0.041326
      17.850000       0.041262
      17.950000       0.041113
      18.050000       0.040950
      18.150000       0.040818
      18.250000       0.040800
      18.350000       0.040592
      18.450000       0.040489
      18.550000       0.040284
      18.650000       0.040103
      18.750000       0.039945
      18.850000       0.039949
      18.950000       0.039597
      19.050000       0.039606
      19.150000       0.039538
      19.250000       0.039276
      19.350000       0.039011
      19.450000       0.038979
      19.550000       0.038853
      19.650000       0.038590
      19.750000       0.038532
      19.850000       0.038376
      19.950000       0.038139
      20.050000       0.037940
      20.150000       0.037886
      20.250000       0.037630
      20.350000       0.037623
      20.450000       0.037516
      20.550000       0.037267
      20.650000       0.037394
      20.750000       0.037234
      20.850000       0.037146
      20.950000       0.036773
      21.050000       0.036645
      21.150000       0.036518
      21.250000       0.036461
      21.350000       0.036319
      21.450000       0.036236
      21.550000       0.036093
      21.650000       0.035959
      21.750000       0.035915
      21.850000       0.035767
      21.950000       0.035703
      22.050000       0.035562
      22.150000       0.035583
      22.250000       0.035418
      22.350000       0.035311
      22.450000       0.035301
      22.550000       0.035176
      22.650000       0.034827
      22.750000       0.034869
      22.850000       0.034896
      22.950000       0.034736
      23.050000       0.034633
      23.150000       0.034515
      23.250000       0.034439
      23.350000       0.034325
      23.450000       0.034296
      23.550000       0.034315
      23.650000       0.034239
      23.750000       0.034122
      23.850000       0.034205
      23.950000       0.034073
      24.050000       0.033902
      24.150000       0.033838
      24.250000       0.033883
      24.350000       0.033863
      24.450000       0.033698
      24.550000       0.033598
      24.650000       0.033616
      24.750000       0.033654
      24.850000       0.033586
      24.950000       0.033398
      25.050000       0.033357
      25.150000       0.033288
      25.250000       0.033200
      25.350000       0.033293
      25.450000       0.033222
      25.550000       0.033010
      25.650000       0.033012
      25.750000       0.032820
      25.850000       0.032865
      25.950000       0.032878
      26.050000       0.032710
      26.150000       0.032644
      26.250000       0.032609
      26.350000       0.032677
      26.450000       0.032551
      26.550000       0.032511
      26.650000       0.032487
      26.750000       0.032331
      26.850000       0.032345
      26.950000       0.032361
      27.050000       0.032176
      27.150000       0.032113
      27.250000       0.032225
      27.350000       0.032205
      27.450000       0.032018
      27.550000       0.032061
      27.650000       0.031884
      27.750000       0.031909
      27.850000       0.031946
      27.950000       0.031741
      28.050000       0.031732
      28.150000       0.031632
      28.250000       0.031744
      28.350000       0.031613
      28.450000       0.031575
      28.550000       0.031623
      28.650000       0.031590
      28.750000       0.031583
      28.850000       0.031530
      28.950000       0.031529
      29.050000       0.031399
      29.150000       0.031427
      29.250000       0.031348
      29.350000       0.031407
      29.450000       0.031302
      29.550000       0.031378
      29.650000       0.031239
      29.750000       0.031267
      29.850000       0.031406
      29.950000       0.031321
