#Distance_(Ang) :1-10@O2_=>_:K+
       0.050000        0.000000
       0.150000        0.000000
       0.250000        0.000000
       0.350000        0.000000
       0.450000        0.000000
       0.550000        0.000000
       0.650000        0.000000
       0.750000        0.000000
       0.850000        0.000000
       0.950000        0.000000
       1.050000        0.000000
       1.150000        0.000000
       1.250000        0.000000
       1.350000        0.000000
       1.450000        0.000000
       1.550000        0.000000
       1.650000        0.000000
       1.750000        0.000000
       1.850000        0.000000
       1.950000        0.000000
       2.050000        0.000000
       2.150000        0.000000
       2.250000        0.000000
       2.350000        0.000161
       2.450000        0.020214
       2.550000        0.207984
       2.650000        0.516371
       2.750000        0.573704
       2.850000        0.419683
       2.950000        0.251857
       3.050000        0.149384
       3.150000        0.086989
       3.250000        0.055706
       3.350000        0.038370
       3.450000        0.028814
       3.550000        0.023666
       3.650000        0.020217
       3.750000        0.019971
       3.850000        0.019936
       3.950000        0.022013
       4.050000        0.024905
       4.150000        0.029368
       4.250000        0.033541
       4.350000        0.040826
       4.450000        0.047819
       4.550000        0.055538
       4.650000        0.062148
       4.750000        0.069443
       4.850000        0.073369
       4.950000        0.077708
       5.050000        0.079298
       5.150000        0.082943
       5.250000        0.085889
       5.350000        0.090511
       5.450000        0.097090
       5.550000        0.104673
       5.650000        0.114455
       5.750000        0.120069
       5.850000        0.121226
       5.950000        0.116849
       6.050000        0.108503
       6.150000        0.102014
       6.250000        0.097938
       6.350000        0.093029
       6.450000        0.091824
       6.550000        0.090750
       6.650000        0.090971
       6.750000        0.093295
       6.850000        0.100871
       6.950000        0.113340
       7.050000        0.122149
       7.150000        0.114621
       7.250000        0.094235
       7.350000        0.078808
       7.450000        0.069613
       7.550000        0.066357
       7.650000        0.065964
       7.750000        0.066375
       7.850000        0.067358
       7.950000        0.069042
       8.050000        0.070866
       8.150000        0.073863
       8.250000        0.077199
       8.350000        0.081123
       8.450000        0.084427
       8.550000        0.087444
       8.650000        0.089973
       8.750000        0.091146
       8.850000        0.092120
       8.950000        0.092345
       9.050000        0.091828
       9.150000        0.090380
       9.250000        0.089351
       9.350000        0.088171
       9.450000        0.086967
       9.550000        0.086318
       9.650000        0.086352
       9.750000        0.085677
       9.850000        0.085536
       9.950000        0.084806
      10.050000        0.083467
      10.150000        0.082363
      10.250000        0.081110
      10.350000        0.080590
      10.450000        0.079618
      10.550000        0.078949
      10.650000        0.078143
      10.750000        0.077513
      10.850000        0.076243
      10.950000        0.076072
      11.050000        0.075542
      11.150000        0.075860
      11.250000        0.075451
      11.350000        0.075289
      11.450000        0.073576
      11.550000        0.071738
      11.650000        0.069210
      11.750000        0.067597
      11.850000        0.065728
      11.950000        0.065527
      12.050000        0.064747
      12.150000        0.064302
      12.250000        0.064265
      12.350000        0.064125
      12.450000        0.063972
      12.550000        0.063615
      12.650000        0.063062
      12.750000        0.062601
      12.850000        0.061917
      12.950000        0.061121
      13.050000        0.059842
      13.150000        0.059058
      13.250000        0.058135
      13.350000        0.056985
      13.450000        0.056034
      13.550000        0.055063
      13.650000        0.054097
      13.750000        0.053581
      13.850000        0.053407
      13.950000        0.052913
      14.050000        0.052207
      14.150000        0.051875
      14.250000        0.051505
      14.350000        0.051200
      14.450000        0.050971
      14.550000        0.050596
      14.650000        0.050092
      14.750000        0.049977
      14.850000        0.049465
      14.950000        0.049146
      15.050000        0.048925
      15.150000        0.048720
      15.250000        0.048439
      15.350000        0.048127
      15.450000        0.047797
      15.550000        0.047719
      15.650000        0.047682
      15.750000        0.047402
      15.850000        0.047188
      15.950000        0.047002
      16.050000        0.046626
      16.150000        0.046467
      16.250000        0.046297
      16.350000        0.046255
      16.450000        0.046181
      16.550000        0.045427
      16.650000        0.045160
      16.750000        0.045220
      16.850000        0.044810
      16.950000        0.044348
      17.050000        0.044301
      17.150000        0.044007
      17.250000        0.043849
      17.350000        0.043377
      17.450000        0.043083
      17.550000        0.042908
      17.650000        0.042873
      17.750000        0.042552
      17.850000        0.042291
      17.950000        0.042141
      18.050000        0.042004
      18.150000        0.041865
      18.250000        0.041655
      18.350000        0.041586
      18.450000        0.041245
      18.550000        0.041278
      18.650000        0.041023
      18.750000        0.040855
      18.850000        0.040607
      18.950000        0.040385
      19.050000        0.040319
      19.150000        0.040099
      19.250000        0.039955
      19.350000        0.039729
      19.450000        0.039551
      19.550000        0.039485
      19.650000        0.039159
      19.750000        0.039041
      19.850000        0.038979
      19.950000        0.039105
      20.050000        0.038789
      20.150000        0.038659
      20.250000        0.038374
      20.350000        0.038477
      20.450000        0.038236
      20.550000        0.038157
      20.650000        0.038145
      20.750000        0.037790
      20.850000        0.037722
      20.950000        0.037653
      21.050000        0.037379
      21.150000        0.037277
      21.250000        0.037190
      21.350000        0.036957
      21.450000        0.036900
      21.550000        0.036867
      21.650000        0.036738
      21.750000        0.036622
      21.850000        0.036443
      21.950000        0.036409
      22.050000        0.036344
      22.150000        0.036180
      22.250000        0.036054
      22.350000        0.035973
      22.450000        0.035719
      22.550000        0.035629
      22.650000        0.035701
      22.750000        0.035388
      22.850000        0.035289
      22.950000        0.035061
      23.050000        0.035221
      23.150000        0.034989
      23.250000        0.035070
      23.350000        0.034782
      23.450000        0.034746
      23.550000        0.034588
      23.650000        0.034542
      23.750000        0.034367
      23.850000        0.034199
      23.950000        0.034271
      24.050000        0.034072
      24.150000        0.033942
      24.250000        0.033971
      24.350000        0.033882
      24.450000        0.033785
      24.550000        0.033639
      24.650000        0.033491
      24.750000        0.033579
      24.850000        0.033459
      24.950000        0.033304
      25.050000        0.033409
      25.150000        0.033305
      25.250000        0.033221
      25.350000        0.033089
      25.450000        0.032951
      25.550000        0.032928
      25.650000        0.033031
      25.750000        0.032752
      25.850000        0.032818
      25.950000        0.032755
      26.050000        0.032772
      26.150000        0.032660
      26.250000        0.032601
      26.350000        0.032407
      26.450000        0.032429
      26.550000        0.032407
      26.650000        0.032372
      26.750000        0.032332
      26.850000        0.032268
      26.950000        0.032149
      27.050000        0.032295
      27.150000        0.032152
      27.250000        0.032053
      27.350000        0.031991
      27.450000        0.031877
      27.550000        0.031990
      27.650000        0.031964
      27.750000        0.031811
      27.850000        0.031752
      27.950000        0.031874
      28.050000        0.031649
      28.150000        0.031723
      28.250000        0.031680
      28.350000        0.031667
      28.450000        0.031609
      28.550000        0.031531
      28.650000        0.031530
      28.750000        0.031599
      28.850000        0.031491
      28.950000        0.031423
      29.050000        0.031429
      29.150000        0.031421
      29.250000        0.031426
      29.350000        0.031358
      29.450000        0.031323
      29.550000        0.031268
      29.650000        0.031298
      29.750000        0.031143
      29.850000        0.031257
      29.950000        0.031168
