#Distance_(Ang) :1-10@N7_=>_:K+
       0.050000        0.000000
       0.150000        0.000000
       0.250000        0.000000
       0.350000        0.000000
       0.450000        0.000000
       0.550000        0.000000
       0.650000        0.000000
       0.750000        0.000000
       0.850000        0.000000
       0.950000        0.000000
       1.050000        0.000000
       1.150000        0.000000
       1.250000        0.000000
       1.350000        0.000000
       1.450000        0.000000
       1.550000        0.000000
       1.650000        0.000000
       1.750000        0.000000
       1.850000        0.000000
       1.950000        0.000000
       2.050000        0.000000
       2.150000        0.000000
       2.250000        0.000000
       2.350000        0.000000
       2.450000        0.000186
       2.550000        0.022617
       2.650000        0.230271
       2.750000        0.589697
       2.850000        0.661209
       2.950000        0.484692
       3.050000        0.290768
       3.150000        0.169923
       3.250000        0.102063
       3.350000        0.071014
       3.450000        0.056032
       3.550000        0.051594
       3.650000        0.053083
       3.750000        0.062503
       3.850000        0.080088
       3.950000        0.100323
       4.050000        0.130977
       4.150000        0.164307
       4.250000        0.192735
       4.350000        0.213762
       4.450000        0.220773
       4.550000        0.221733
       4.650000        0.218821
       4.750000        0.208400
       4.850000        0.192837
       4.950000        0.173671
       5.050000        0.155103
       5.150000        0.137129
       5.250000        0.119804
       5.350000        0.109762
       5.450000        0.103504
       5.550000        0.100810
       5.650000        0.100789
       5.750000        0.098455
       5.850000        0.096029
       5.950000        0.094838
       6.050000        0.093708
       6.150000        0.093917
       6.250000        0.094155
       6.350000        0.096333
       6.450000        0.096970
       6.550000        0.098684
       6.650000        0.097560
       6.750000        0.097045
       6.850000        0.095210
       6.950000        0.093979
       7.050000        0.090464
       7.150000        0.090825
       7.250000        0.092498
       7.350000        0.095081
       7.450000        0.097553
       7.550000        0.102931
       7.650000        0.106268
       7.750000        0.111473
       7.850000        0.113900
       7.950000        0.116949
       8.050000        0.118642
       8.150000        0.120081
       8.250000        0.120953
       8.350000        0.122548
       8.450000        0.123796
       8.550000        0.126025
       8.650000        0.128100
       8.750000        0.129829
       8.850000        0.130454
       8.950000        0.130829
       9.050000        0.131492
       9.150000        0.131786
       9.250000        0.131055
       9.350000        0.130697
       9.450000        0.130962
       9.550000        0.131001
       9.650000        0.132184
       9.750000        0.131874
       9.850000        0.130848
       9.950000        0.129636
      10.050000        0.127179
      10.150000        0.125423
      10.250000        0.122812
      10.350000        0.120396
      10.450000        0.117899
      10.550000        0.116486
      10.650000        0.113970
      10.750000        0.112112
      10.850000        0.110379
      10.950000        0.109818
      11.050000        0.106962
      11.150000        0.104957
      11.250000        0.101729
      11.350000        0.099114
      11.450000        0.096086
      11.550000        0.093896
      11.650000        0.090932
      11.750000        0.088898
      11.850000        0.086705
      11.950000        0.084326
      12.050000        0.083361
      12.150000        0.081334
      12.250000        0.079923
      12.350000        0.078307
      12.450000        0.077591
      12.550000        0.076106
      12.650000        0.075580
      12.750000        0.074565
      12.850000        0.072494
      12.950000        0.071980
      13.050000        0.071137
      13.150000        0.069343
      13.250000        0.068125
      13.350000        0.066292
      13.450000        0.065161
      13.550000        0.063789
      13.650000        0.062174
      13.750000        0.061147
      13.850000        0.059373
      13.950000        0.058637
      14.050000        0.057399
      14.150000        0.056357
      14.250000        0.055369
      14.350000        0.054039
      14.450000        0.053458
      14.550000        0.052244
      14.650000        0.051563
      14.750000        0.050931
      14.850000        0.050011
      14.950000        0.049355
      15.050000        0.048988
      15.150000        0.047947
      15.250000        0.048049
      15.350000        0.047306
      15.450000        0.046428
      15.550000        0.046494
      15.650000        0.045524
      15.750000        0.045232
      15.850000        0.044886
      15.950000        0.044323
      16.050000        0.043908
      16.150000        0.043875
      16.250000        0.043671
      16.350000        0.043058
      16.450000        0.042669
      16.550000        0.042327
      16.650000        0.042070
      16.750000        0.041614
      16.850000        0.041130
      16.950000        0.041180
      17.050000        0.040789
      17.150000        0.040706
      17.250000        0.040496
      17.350000        0.040141
      17.450000        0.040038
      17.550000        0.039773
      17.650000        0.039519
      17.750000        0.039934
      17.850000        0.039742
      17.950000        0.039527
      18.050000        0.039484
      18.150000        0.039278
      18.250000        0.038998
      18.350000        0.039114
      18.450000        0.038767
      18.550000        0.038680
      18.650000        0.038521
      18.750000        0.038350
      18.850000        0.038278
      18.950000        0.037957
      19.050000        0.037949
      19.150000        0.037674
      19.250000        0.037501
      19.350000        0.037329
      19.450000        0.037120
      19.550000        0.037283
      19.650000        0.036939
      19.750000        0.037047
      19.850000        0.036842
      19.950000        0.036783
      20.050000        0.036548
      20.150000        0.036438
      20.250000        0.036060
      20.350000        0.036218
      20.450000        0.036129
      20.550000        0.035993
      20.650000        0.035858
      20.750000        0.035591
      20.850000        0.035479
      20.950000        0.035495
      21.050000        0.035374
      21.150000        0.035322
      21.250000        0.034862
      21.350000        0.034947
      21.450000        0.034951
      21.550000        0.034676
      21.650000        0.034763
      21.750000        0.034758
      21.850000        0.034527
      21.950000        0.034557
      22.050000        0.034380
      22.150000        0.034269
      22.250000        0.033903
      22.350000        0.034220
      22.450000        0.033888
      22.550000        0.033871
      22.650000        0.033736
      22.750000        0.033832
      22.850000        0.033638
      22.950000        0.033527
      23.050000        0.033444
      23.150000        0.033338
      23.250000        0.033401
      23.350000        0.033153
      23.450000        0.033055
      23.550000        0.033014
      23.650000        0.032836
      23.750000        0.032978
      23.850000        0.032849
      23.950000        0.032738
      24.050000        0.032746
      24.150000        0.032570
      24.250000        0.032516
      24.350000        0.032654
      24.450000        0.032577
      24.550000        0.032328
      24.650000        0.032238
      24.750000        0.032335
      24.850000        0.032294
      24.950000        0.032225
      25.050000        0.032190
      25.150000        0.032241
      25.250000        0.032263
      25.350000        0.032169
      25.450000        0.031951
      25.550000        0.031985
      25.650000        0.031952
      25.750000        0.031909
      25.850000        0.031897
      25.950000        0.031689
      26.050000        0.031676
      26.150000        0.031613
      26.250000        0.031506
      26.350000        0.031599
      26.450000        0.031617
      26.550000        0.031458
      26.650000        0.031426
      26.750000        0.031410
      26.850000        0.031425
      26.950000        0.031163
      27.050000        0.031280
      27.150000        0.031238
      27.250000        0.031171
      27.350000        0.031261
      27.450000        0.031161
      27.550000        0.031343
      27.650000        0.031178
      27.750000        0.031361
      27.850000        0.031236
      27.950000        0.031116
      28.050000        0.031066
      28.150000        0.030952
      28.250000        0.031145
      28.350000        0.031000
      28.450000        0.031115
      28.550000        0.030992
      28.650000        0.030987
      28.750000        0.030839
      28.850000        0.030962
      28.950000        0.031032
      29.050000        0.031034
      29.150000        0.030859
      29.250000        0.030773
      29.350000        0.030847
      29.450000        0.030647
      29.550000        0.030796
      29.650000        0.030874
      29.750000        0.030715
      29.850000        0.030591
      29.950000        0.030708
