#Distance_(Ang) :1-10@N7_=>_:K+
       0.050000        0.000000
       0.150000        0.000000
       0.250000        0.000000
       0.350000        0.000000
       0.450000        0.000000
       0.550000        0.000000
       0.650000        0.000000
       0.750000        0.000000
       0.850000        0.000000
       0.950000        0.000000
       1.050000        0.000000
       1.150000        0.000000
       1.250000        0.000000
       1.350000        0.000000
       1.450000        0.000000
       1.550000        0.000000
       1.650000        0.000000
       1.750000        0.000000
       1.850000        0.000000
       1.950000        0.000000
       2.050000        0.000000
       2.150000        0.000000
       2.250000        0.000000
       2.350000        0.000000
       2.450000        0.000135
       2.550000        0.016631
       2.650000        0.172408
       2.750000        0.429680
       2.850000        0.483525
       2.950000        0.331753
       3.050000        0.187014
       3.150000        0.097537
       3.250000        0.053367
       3.350000        0.029529
       3.450000        0.018729
       3.550000        0.012545
       3.650000        0.010278
       3.750000        0.008472
       3.850000        0.008572
       3.950000        0.008703
       4.050000        0.009609
       4.150000        0.011217
       4.250000        0.014087
       4.350000        0.016762
       4.450000        0.021250
       4.550000        0.027042
       4.650000        0.032964
       4.750000        0.038075
       4.850000        0.044067
       4.950000        0.049021
       5.050000        0.054275
       5.150000        0.056814
       5.250000        0.060248
       5.350000        0.062580
       5.450000        0.063331
       5.550000        0.062959
       5.650000        0.061358
       5.750000        0.060161
       5.850000        0.057111
       5.950000        0.056258
       6.050000        0.055761
       6.150000        0.057779
       6.250000        0.059980
       6.350000        0.061422
       6.450000        0.059668
       6.550000        0.057347
       6.650000        0.055797
       6.750000        0.054865
       6.850000        0.054598
       6.950000        0.055304
       7.050000        0.057737
       7.150000        0.061177
       7.250000        0.063641
       7.350000        0.068155
       7.450000        0.070112
       7.550000        0.072799
       7.650000        0.075862
       7.750000        0.077405
       7.850000        0.079853
       7.950000        0.082110
       8.050000        0.082623
       8.150000        0.083285
       8.250000        0.083644
       8.350000        0.083581
       8.450000        0.083444
       8.550000        0.081723
       8.650000        0.080445
       8.750000        0.078990
       8.850000        0.076800
       8.950000        0.075031
       9.050000        0.072616
       9.150000        0.072193
       9.250000        0.070130
       9.350000        0.069134
       9.450000        0.068730
       9.550000        0.068558
       9.650000        0.068794
       9.750000        0.068567
       9.850000        0.068975
       9.950000        0.068781
      10.050000        0.069023
      10.150000        0.068470
      10.250000        0.068605
      10.350000        0.068187
      10.450000        0.067642
      10.550000        0.067365
      10.650000        0.066834
      10.750000        0.065974
      10.850000        0.065325
      10.950000        0.064990
      11.050000        0.064457
      11.150000        0.064086
      11.250000        0.063746
      11.350000        0.062939
      11.450000        0.062385
      11.550000        0.062246
      11.650000        0.062029
      11.750000        0.061172
      11.850000        0.060181
      11.950000        0.059934
      12.050000        0.060017
      12.150000        0.058585
      12.250000        0.058050
      12.350000        0.057678
      12.450000        0.057809
      12.550000        0.057239
      12.650000        0.056727
      12.750000        0.056028
      12.850000        0.055285
      12.950000        0.054638
      13.050000        0.054393
      13.150000        0.054384
      13.250000        0.053549
      13.350000        0.053280
      13.450000        0.052807
      13.550000        0.052292
      13.650000        0.052071
      13.750000        0.052020
      13.850000        0.051664
      13.950000        0.050852
      14.050000        0.050446
      14.150000        0.050220
      14.250000        0.049758
      14.350000        0.049500
      14.450000        0.049366
      14.550000        0.049157
      14.650000        0.048710
      14.750000        0.048547
      14.850000        0.048090
      14.950000        0.047602
      15.050000        0.047184
      15.150000        0.046779
      15.250000        0.046669
      15.350000        0.046401
      15.450000        0.046304
      15.550000        0.045759
      15.650000        0.045367
      15.750000        0.044498
      15.850000        0.044823
      15.950000        0.044491
      16.050000        0.044039
      16.150000        0.043741
      16.250000        0.043723
      16.350000        0.043423
      16.450000        0.043101
      16.550000        0.043008
      16.650000        0.042430
      16.750000        0.042088
      16.850000        0.042206
      16.950000        0.041959
      17.050000        0.041615
      17.150000        0.041205
      17.250000        0.041183
      17.350000        0.041426
      17.450000        0.040893
      17.550000        0.040922
      17.650000        0.040473
      17.750000        0.040465
      17.850000        0.040266
      17.950000        0.039959
      18.050000        0.039729
      18.150000        0.040289
      18.250000        0.039656
      18.350000        0.039528
      18.450000        0.039337
      18.550000        0.039256
      18.650000        0.038875
      18.750000        0.038982
      18.850000        0.039009
      18.950000        0.038939
      19.050000        0.038462
      19.150000        0.038586
      19.250000        0.038319
      19.350000        0.037971
      19.450000        0.037935
      19.550000        0.038112
      19.650000        0.037922
      19.750000        0.037994
      19.850000        0.037525
      19.950000        0.037582
      20.050000        0.037517
      20.150000        0.037437
      20.250000        0.037226
      20.350000        0.037089
      20.450000        0.037131
      20.550000        0.036995
      20.650000        0.037056
      20.750000        0.036857
      20.850000        0.036768
      20.950000        0.036573
      21.050000        0.036372
      21.150000        0.036329
      21.250000        0.036367
      21.350000        0.036211
      21.450000        0.036091
      21.550000        0.035909
      21.650000        0.035981
      21.750000        0.035889
      21.850000        0.035728
      21.950000        0.035796
      22.050000        0.035696
      22.150000        0.035505
      22.250000        0.035470
      22.350000        0.035477
      22.450000        0.035236
      22.550000        0.035223
      22.650000        0.035114
      22.750000        0.034872
      22.850000        0.035025
      22.950000        0.034760
      23.050000        0.034754
      23.150000        0.034873
      23.250000        0.034414
      23.350000        0.034816
      23.450000        0.034354
      23.550000        0.034396
      23.650000        0.034422
      23.750000        0.034315
      23.850000        0.034341
      23.950000        0.034206
      24.050000        0.034336
      24.150000        0.034169
      24.250000        0.034063
      24.350000        0.034136
      24.450000        0.033927
      24.550000        0.033806
      24.650000        0.033776
      24.750000        0.033710
      24.850000        0.033782
      24.950000        0.033564
      25.050000        0.033564
      25.150000        0.033356
      25.250000        0.033352
      25.350000        0.033484
      25.450000        0.033357
      25.550000        0.033225
      25.650000        0.033218
      25.750000        0.033123
      25.850000        0.033056
      25.950000        0.033053
      26.050000        0.032941
      26.150000        0.033014
      26.250000        0.032820
      26.350000        0.032747
      26.450000        0.032800
      26.550000        0.032635
      26.650000        0.032695
      26.750000        0.032640
      26.850000        0.032614
      26.950000        0.032611
      27.050000        0.032605
      27.150000        0.032393
      27.250000        0.032278
      27.350000        0.032340
      27.450000        0.032372
      27.550000        0.032167
      27.650000        0.032091
      27.750000        0.032200
      27.850000        0.032137
      27.950000        0.032128
      28.050000        0.032159
      28.150000        0.032214
      28.250000        0.032149
      28.350000        0.032009
      28.450000        0.031970
      28.550000        0.031961
      28.650000        0.031901
      28.750000        0.031955
      28.850000        0.031930
      28.950000        0.031953
      29.050000        0.031796
      29.150000        0.031838
      29.250000        0.031812
      29.350000        0.031795
      29.450000        0.031720
      29.550000        0.031836
      29.650000        0.031794
      29.750000        0.031592
      29.850000        0.031696
      29.950000        0.031719
