#Distance_(Ang) :1-10@N1_=>_:K+
       0.050000        0.000000
       0.150000        0.000000
       0.250000        0.000000
       0.350000        0.000000
       0.450000        0.000000
       0.550000        0.000000
       0.650000        0.000000
       0.750000        0.000000
       0.850000        0.000000
       0.950000        0.000000
       1.050000        0.000000
       1.150000        0.000000
       1.250000        0.000000
       1.350000        0.000000
       1.450000        0.000000
       1.550000        0.000000
       1.650000        0.000000
       1.750000        0.000000
       1.850000        0.000000
       1.950000        0.000000
       2.050000        0.000000
       2.150000        0.000000
       2.250000        0.000000
       2.350000        0.000000
       2.450000        0.000000
       2.550000        0.001168
       2.650000        0.016953
       2.750000        0.057135
       2.850000        0.081238
       2.950000        0.071840
       3.050000        0.050507
       3.150000        0.033259
       3.250000        0.021411
       3.350000        0.013900
       3.450000        0.009718
       3.550000        0.008081
       3.650000        0.006935
       3.750000        0.007823
       3.850000        0.009150
       3.950000        0.012744
       4.050000        0.017937
       4.150000        0.024837
       4.250000        0.035549
       4.350000        0.049025
       4.450000        0.060190
       4.550000        0.067779
       4.650000        0.073479
       4.750000        0.076723
       4.850000        0.079612
       4.950000        0.078239
       5.050000        0.073365
       5.150000        0.070625
       5.250000        0.071729
       5.350000        0.077099
       5.450000        0.082693
       5.550000        0.089345
       5.650000        0.094538
       5.750000        0.096733
       5.850000        0.097380
       5.950000        0.095547
       6.050000        0.094796
       6.150000        0.092723
       6.250000        0.092340
       6.350000        0.091118
       6.450000        0.088666
       6.550000        0.086535
       6.650000        0.081359
       6.750000        0.075625
       6.850000        0.071892
       6.950000        0.070025
       7.050000        0.068908
       7.150000        0.070291
       7.250000        0.070852
       7.350000        0.070818
       7.450000        0.070725
       7.550000        0.069702
       7.650000        0.070004
       7.750000        0.069100
       7.850000        0.069745
       7.950000        0.069412
       8.050000        0.070063
       8.150000        0.070420
       8.250000        0.069863
       8.350000        0.070757
       8.450000        0.069899
       8.550000        0.069220
       8.650000        0.068893
       8.750000        0.068285
       8.850000        0.067998
       8.950000        0.067828
       9.050000        0.066794
       9.150000        0.066531
       9.250000        0.065512
       9.350000        0.065027
       9.450000        0.064513
       9.550000        0.063990
       9.650000        0.062922
       9.750000        0.062216
       9.850000        0.062241
       9.950000        0.061812
      10.050000        0.061988
      10.150000        0.061687
      10.250000        0.061669
      10.350000        0.061786
      10.450000        0.061260
      10.550000        0.061803
      10.650000        0.062014
      10.750000        0.061734
      10.850000        0.062200
      10.950000        0.062141
      11.050000        0.062037
      11.150000        0.061776
      11.250000        0.061402
      11.350000        0.061240
      11.450000        0.060790
      11.550000        0.060706
      11.650000        0.060034
      11.750000        0.059576
      11.850000        0.059355
      11.950000        0.058989
      12.050000        0.057920
      12.150000        0.057642
      12.250000        0.057160
      12.350000        0.056756
      12.450000        0.056630
      12.550000        0.056231
      12.650000        0.056032
      12.750000        0.055681
      12.850000        0.055260
      12.950000        0.054677
      13.050000        0.054427
      13.150000        0.053947
      13.250000        0.053762
      13.350000        0.053598
      13.450000        0.052879
      13.550000        0.052620
      13.650000        0.052355
      13.750000        0.051848
      13.850000        0.051226
      13.950000        0.051455
      14.050000        0.050835
      14.150000        0.050346
      14.250000        0.049992
      14.350000        0.049534
      14.450000        0.049569
      14.550000        0.049238
      14.650000        0.048743
      14.750000        0.048729
      14.850000        0.048597
      14.950000        0.048277
      15.050000        0.047941
      15.150000        0.047652
      15.250000        0.047302
      15.350000        0.047029
      15.450000        0.046585
      15.550000        0.046357
      15.650000        0.046036
      15.750000        0.045781
      15.850000        0.045369
      15.950000        0.045262
      16.050000        0.044908
      16.150000        0.044541
      16.250000        0.044433
      16.350000        0.044190
      16.450000        0.043872
      16.550000        0.043801
      16.650000        0.043583
      16.750000        0.043315
      16.850000        0.043008
      16.950000        0.042763
      17.050000        0.042891
      17.150000        0.042785
      17.250000        0.042472
      17.350000        0.042352
      17.450000        0.041983
      17.550000        0.041863
      17.650000        0.041906
      17.750000        0.041694
      17.850000        0.041509
      17.950000        0.041046
      18.050000        0.041129
      18.150000        0.040747
      18.250000        0.040821
      18.350000        0.040389
      18.450000        0.040395
      18.550000        0.040037
      18.650000        0.039964
      18.750000        0.039909
      18.850000        0.039669
      18.950000        0.039435
      19.050000        0.039463
      19.150000        0.039225
      19.250000        0.039070
      19.350000        0.038844
      19.450000        0.038812
      19.550000        0.038594
      19.650000        0.038426
      19.750000        0.038185
      19.850000        0.038188
      19.950000        0.037892
      20.050000        0.037708
      20.150000        0.037588
      20.250000        0.037419
      20.350000        0.037340
      20.450000        0.037104
      20.550000        0.037055
      20.650000        0.036982
      20.750000        0.036857
      20.850000        0.036674
      20.950000        0.036357
      21.050000        0.036352
      21.150000        0.036289
      21.250000        0.036218
      21.350000        0.036096
      21.450000        0.036074
      21.550000        0.035782
      21.650000        0.035875
      21.750000        0.035887
      21.850000        0.035573
      21.950000        0.035715
      22.050000        0.035573
      22.150000        0.035511
      22.250000        0.035364
      22.350000        0.035398
      22.450000        0.035372
      22.550000        0.035116
      22.650000        0.035214
      22.750000        0.034909
      22.850000        0.034857
      22.950000        0.034890
      23.050000        0.034927
      23.150000        0.034867
      23.250000        0.034798
      23.350000        0.034617
      23.450000        0.034548
      23.550000        0.034392
      23.650000        0.034396
      23.750000        0.034337
      23.850000        0.034293
      23.950000        0.034260
      24.050000        0.034167
      24.150000        0.034171
      24.250000        0.034047
      24.350000        0.034071
      24.450000        0.033988
      24.550000        0.033923
      24.650000        0.033909
      24.750000        0.033797
      24.850000        0.033629
      24.950000        0.033648
      25.050000        0.033573
      25.150000        0.033552
      25.250000        0.033403
      25.350000        0.033421
      25.450000        0.033476
      25.550000        0.033244
      25.650000        0.033334
      25.750000        0.033165
      25.850000        0.033087
      25.950000        0.032995
      26.050000        0.032972
      26.150000        0.032891
      26.250000        0.032852
      26.350000        0.032819
      26.450000        0.032824
      26.550000        0.032730
      26.650000        0.032796
      26.750000        0.032661
      26.850000        0.032694
      26.950000        0.032563
      27.050000        0.032548
      27.150000        0.032436
      27.250000        0.032461
      27.350000        0.032351
      27.450000        0.032272
      27.550000        0.032292
      27.650000        0.032160
      27.750000        0.032152
      27.850000        0.032130
      27.950000        0.032190
      28.050000        0.032090
      28.150000        0.032119
      28.250000        0.032074
      28.350000        0.032093
      28.450000        0.031905
      28.550000        0.031933
      28.650000        0.031870
      28.750000        0.031834
      28.850000        0.031832
      28.950000        0.031730
      29.050000        0.031782
      29.150000        0.031771
      29.250000        0.031752
      29.350000        0.031698
      29.450000        0.031762
      29.550000        0.031623
      29.650000        0.031702
      29.750000        0.031599
      29.850000        0.031625
      29.950000        0.031511
