#Distance_(Ang) :G,G3,C,C3@P_=>_:K+
       0.050000            0.000000
       0.150000            0.000000
       0.250000            0.000000
       0.350000            0.000000
       0.450000            0.000000
       0.550000            0.000000
       0.650000            0.000000
       0.750000            0.000000
       0.850000            0.000000
       0.950000            0.000000
       1.050000            0.000000
       1.150000            0.000000
       1.250000            0.000000
       1.350000            0.000000
       1.450000            0.000000
       1.550000            0.000000
       1.650000            0.000000
       1.750000            0.000000
       1.850000            0.000000
       1.950000            0.000000
       2.050000            0.000000
       2.150000            0.000000
       2.250000            0.000000
       2.350000            0.000000
       2.450000            0.000000
       2.550000            0.000000
       2.650000            0.000000
       2.750000            0.000000
       2.850000            0.000120
       2.950000            0.003312
       3.050000            0.024772
       3.150000            0.100631
       3.250000            0.271019
       3.350000            0.461183
       3.450000            0.524940
       3.550000            0.518301
       3.650000            0.534205
       3.750000            0.583749
       3.850000            0.598570
       3.950000            0.530930
       4.050000            0.376289
       4.150000            0.221236
       4.250000            0.122369
       4.350000            0.071702
       4.450000            0.050975
       4.550000            0.046448
       4.650000            0.048226
       4.750000            0.057144
       4.850000            0.070868
       4.950000            0.088696
       5.050000            0.108835
       5.150000            0.134564
       5.250000            0.159171
       5.350000            0.190666
       5.450000            0.220315
       5.550000            0.254940
       5.650000            0.284742
       5.750000            0.313806
       5.850000            0.332338
       5.950000            0.337829
       6.050000            0.331956
       6.150000            0.314573
       6.250000            0.290581
       6.350000            0.263781
       6.450000            0.234379
       6.550000            0.204900
       6.650000            0.179029
       6.750000            0.156182
       6.850000            0.137665
       6.950000            0.124326
       7.050000            0.115365
       7.150000            0.110284
       7.250000            0.107385
       7.350000            0.108469
       7.450000            0.109973
       7.550000            0.111856
       7.650000            0.115398
       7.750000            0.119996
       7.850000            0.127867
       7.950000            0.137501
       8.050000            0.150235
       8.150000            0.159412
       8.250000            0.165885
       8.350000            0.165016
       8.450000            0.160610
       8.550000            0.153191
       8.650000            0.143800
       8.750000            0.137611
       8.850000            0.132434
       8.950000            0.130239
       9.050000            0.132114
       9.150000            0.136383
       9.250000            0.141020
       9.350000            0.145085
       9.450000            0.144133
       9.550000            0.136708
       9.650000            0.125361
       9.750000            0.112712
       9.850000            0.102386
       9.950000            0.093376
      10.050000            0.087277
      10.150000            0.082406
      10.250000            0.079517
      10.350000            0.076916
      10.450000            0.075955
      10.550000            0.074482
      10.650000            0.073633
      10.750000            0.072984
      10.850000            0.072127
      10.950000            0.071540
      11.050000            0.071412
      11.150000            0.071271
      11.250000            0.070741
      11.350000            0.071169
      11.450000            0.071011
      11.550000            0.071035
      11.650000            0.070471
      11.750000            0.070922
      11.850000            0.069679
      11.950000            0.068968
      12.050000            0.068817
      12.150000            0.067486
      12.250000            0.066961
      12.350000            0.066639
      12.450000            0.065431
      12.550000            0.065016
      12.650000            0.064016
      12.750000            0.062971
      12.850000            0.062545
      12.950000            0.061388
      13.050000            0.060741
      13.150000            0.060001
      13.250000            0.059187
      13.350000            0.058709
      13.450000            0.057963
      13.550000            0.057439
      13.650000            0.056808
      13.750000            0.056071
      13.850000            0.055337
      13.950000            0.054769
      14.050000            0.053879
      14.150000            0.053452
      14.250000            0.052620
      14.350000            0.052236
      14.450000            0.051532
      14.550000            0.051094
      14.650000            0.050647
      14.750000            0.050008
      14.850000            0.049593
      14.950000            0.049011
      15.050000            0.048939
      15.150000            0.048403
      15.250000            0.047961
      15.350000            0.047571
      15.450000            0.047213
      15.550000            0.046909
      15.650000            0.046168
      15.750000            0.045861
      15.850000            0.045580
      15.950000            0.045456
      16.050000            0.044818
      16.150000            0.044298
      16.250000            0.043902
      16.350000            0.043449
      16.450000            0.043203
      16.550000            0.042903
      16.650000            0.042841
      16.750000            0.042424
      16.850000            0.041945
      16.950000            0.041994
      17.050000            0.041449
      17.150000            0.041311
      17.250000            0.041108
      17.350000            0.041054
      17.450000            0.040713
      17.550000            0.040618
      17.650000            0.040224
      17.750000            0.040054
      17.850000            0.039849
      17.950000            0.039837
      18.050000            0.039538
      18.150000            0.039369
      18.250000            0.038970
      18.350000            0.038940
      18.450000            0.038615
      18.550000            0.038618
      18.650000            0.038423
      18.750000            0.038117
      18.850000            0.037919
      18.950000            0.037877
      19.050000            0.037739
      19.150000            0.037568
      19.250000            0.037343
      19.350000            0.036996
      19.450000            0.037153
      19.550000            0.036925
      19.650000            0.036912
      19.750000            0.036568
      19.850000            0.036549
      19.950000            0.036522
      20.050000            0.036442
      20.150000            0.036120
      20.250000            0.035996
      20.350000            0.036100
      20.450000            0.035931
      20.550000            0.035840
      20.650000            0.035511
      20.750000            0.035502
      20.850000            0.035533
      20.950000            0.035523
      21.050000            0.035223
      21.150000            0.035304
      21.250000            0.034879
      21.350000            0.034861
      21.450000            0.034759
      21.550000            0.034902
      21.650000            0.034798
      21.750000            0.034550
      21.850000            0.034669
      21.950000            0.034405
      22.050000            0.034310
      22.150000            0.034303
      22.250000            0.034319
      22.350000            0.034219
      22.450000            0.034069
      22.550000            0.033964
      22.650000            0.033941
      22.750000            0.033804
      22.850000            0.033725
      22.950000            0.033743
      23.050000            0.033573
      23.150000            0.033566
      23.250000            0.033366
      23.350000            0.033362
      23.450000            0.033227
      23.550000            0.033105
      23.650000            0.033063
      23.750000            0.033004
      23.850000            0.032940
      23.950000            0.032829
      24.050000            0.032817
      24.150000            0.032673
      24.250000            0.032532
      24.350000            0.032544
      24.450000            0.032439
      24.550000            0.032285
      24.650000            0.032281
      24.750000            0.032301
      24.850000            0.032112
      24.950000            0.032069
      25.050000            0.032019
      25.150000            0.032088
      25.250000            0.031865
      25.350000            0.031951
      25.450000            0.031803
      25.550000            0.031733
      25.650000            0.031696
      25.750000            0.031672
      25.850000            0.031730
      25.950000            0.031704
      26.050000            0.031517
      26.150000            0.031422
      26.250000            0.031365
      26.350000            0.031366
      26.450000            0.031368
      26.550000            0.031304
      26.650000            0.031298
      26.750000            0.031224
      26.850000            0.031296
      26.950000            0.031260
      27.050000            0.031234
      27.150000            0.031185
      27.250000            0.031221
      27.350000            0.031170
      27.450000            0.031119
      27.550000            0.031029
      27.650000            0.030962
      27.750000            0.030969
      27.850000            0.030948
      27.950000            0.030998
      28.050000            0.030857
      28.150000            0.030800
      28.250000            0.030836
      28.350000            0.030751
      28.450000            0.030771
      28.550000            0.030733
      28.650000            0.030699
      28.750000            0.030716
      28.850000            0.030697
      28.950000            0.030584
      29.050000            0.030682
      29.150000            0.030648
      29.250000            0.030672
      29.350000            0.030619
      29.450000            0.030608
      29.550000            0.030577
      29.650000            0.030616
      29.750000            0.030480
      29.850000            0.030524
      29.950000            0.030457
