#Distance_(Ang) :1-10@N3_=>_:K+
       0.050000        0.000000
       0.150000        0.000000
       0.250000        0.000000
       0.350000        0.000000
       0.450000        0.000000
       0.550000        0.000000
       0.650000        0.000000
       0.750000        0.000000
       0.850000        0.000000
       0.950000        0.000000
       1.050000        0.000000
       1.150000        0.000000
       1.250000        0.000000
       1.350000        0.000000
       1.450000        0.000000
       1.550000        0.000000
       1.650000        0.000000
       1.750000        0.000000
       1.850000        0.000000
       1.950000        0.000000
       2.050000        0.000000
       2.150000        0.000000
       2.250000        0.000000
       2.350000        0.000000
       2.450000        0.000000
       2.550000        0.000348
       2.650000        0.005444
       2.750000        0.021364
       2.850000        0.033504
       2.950000        0.034215
       3.050000        0.027960
       3.150000        0.020030
       3.250000        0.015159
       3.350000        0.011653
       3.450000        0.010797
       3.550000        0.013212
       3.650000        0.018365
       3.750000        0.025877
       3.850000        0.034164
       3.950000        0.044666
       4.050000        0.054571
       4.150000        0.060571
       4.250000        0.068413
       4.350000        0.075022
       4.450000        0.084754
       4.550000        0.101806
       4.650000        0.119093
       4.750000        0.132463
       4.850000        0.132005
       4.950000        0.111336
       5.050000        0.087513
       5.150000        0.068172
       5.250000        0.056418
       5.350000        0.050793
       5.450000        0.048350
       5.550000        0.046624
       5.650000        0.048659
       5.750000        0.050612
       5.850000        0.054948
       5.950000        0.061797
       6.050000        0.071124
       6.150000        0.080319
       6.250000        0.084874
       6.350000        0.084206
       6.450000        0.078252
       6.550000        0.074123
       6.650000        0.072848
       6.750000        0.072432
       6.850000        0.072741
       6.950000        0.071895
       7.050000        0.071405
       7.150000        0.071015
       7.250000        0.069919
       7.350000        0.069060
       7.450000        0.066830
       7.550000        0.065834
       7.650000        0.065265
       7.750000        0.064679
       7.850000        0.064579
       7.950000        0.063914
       8.050000        0.063950
       8.150000        0.063770
       8.250000        0.063769
       8.350000        0.063973
       8.450000        0.064342
       8.550000        0.064656
       8.650000        0.064835
       8.750000        0.064479
       8.850000        0.065689
       8.950000        0.066410
       9.050000        0.066378
       9.150000        0.066860
       9.250000        0.067601
       9.350000        0.068380
       9.450000        0.068873
       9.550000        0.068496
       9.650000        0.069604
       9.750000        0.069994
       9.850000        0.070194
       9.950000        0.069921
      10.050000        0.069857
      10.150000        0.069435
      10.250000        0.068952
      10.350000        0.068355
      10.450000        0.067820
      10.550000        0.067452
      10.650000        0.066885
      10.750000        0.066176
      10.850000        0.065920
      10.950000        0.065022
      11.050000        0.064462
      11.150000        0.063956
      11.250000        0.063360
      11.350000        0.062887
      11.450000        0.062847
      11.550000        0.062225
      11.650000        0.061536
      11.750000        0.061612
      11.850000        0.060904
      11.950000        0.060294
      12.050000        0.059704
      12.150000        0.059037
      12.250000        0.058880
      12.350000        0.058118
      12.450000        0.057562
      12.550000        0.057082
      12.650000        0.056617
      12.750000        0.056207
      12.850000        0.055315
      12.950000        0.054639
      13.050000        0.054486
      13.150000        0.053807
      13.250000        0.053050
      13.350000        0.052534
      13.450000        0.052041
      13.550000        0.051461
      13.650000        0.051054
      13.750000        0.050503
      13.850000        0.050162
      13.950000        0.049747
      14.050000        0.049646
      14.150000        0.049225
      14.250000        0.048874
      14.350000        0.048493
      14.450000        0.048274
      14.550000        0.047930
      14.650000        0.047606
      14.750000        0.047463
      14.850000        0.047398
      14.950000        0.047070
      15.050000        0.046673
      15.150000        0.046403
      15.250000        0.045986
      15.350000        0.046008
      15.450000        0.045884
      15.550000        0.045449
      15.650000        0.045203
      15.750000        0.045304
      15.850000        0.044834
      15.950000        0.044711
      16.050000        0.044175
      16.150000        0.044231
      16.250000        0.043993
      16.350000        0.043629
      16.450000        0.043251
      16.550000        0.043176
      16.650000        0.043052
      16.750000        0.042844
      16.850000        0.042570
      16.950000        0.042384
      17.050000        0.042166
      17.150000        0.042228
      17.250000        0.042118
      17.350000        0.041684
      17.450000        0.041638
      17.550000        0.041307
      17.650000        0.041147
      17.750000        0.041016
      17.850000        0.041004
      17.950000        0.040701
      18.050000        0.040389
      18.150000        0.040568
      18.250000        0.040361
      18.350000        0.040277
      18.450000        0.039931
      18.550000        0.040024
      18.650000        0.039745
      18.750000        0.039649
      18.850000        0.039493
      18.950000        0.039396
      19.050000        0.039138
      19.150000        0.039204
      19.250000        0.039119
      19.350000        0.038924
      19.450000        0.038674
      19.550000        0.038681
      19.650000        0.038387
      19.750000        0.038375
      19.850000        0.038227
      19.950000        0.038234
      20.050000        0.038041
      20.150000        0.037932
      20.250000        0.037721
      20.350000        0.037638
      20.450000        0.037467
      20.550000        0.037448
      20.650000        0.037301
      20.750000        0.037250
      20.850000        0.036992
      20.950000        0.037020
      21.050000        0.036734
      21.150000        0.036721
      21.250000        0.036650
      21.350000        0.036498
      21.450000        0.036378
      21.550000        0.036308
      21.650000        0.036152
      21.750000        0.036116
      21.850000        0.035970
      21.950000        0.035811
      22.050000        0.035818
      22.150000        0.035728
      22.250000        0.035634
      22.350000        0.035720
      22.450000        0.035413
      22.550000        0.035265
      22.650000        0.035179
      22.750000        0.035090
      22.850000        0.035041
      22.950000        0.034960
      23.050000        0.034892
      23.150000        0.034868
      23.250000        0.034772
      23.350000        0.034596
      23.450000        0.034662
      23.550000        0.034596
      23.650000        0.034366
      23.750000        0.034334
      23.850000        0.034295
      23.950000        0.034301
      24.050000        0.034140
      24.150000        0.034091
      24.250000        0.033903
      24.350000        0.033946
      24.450000        0.034006
      24.550000        0.033834
      24.650000        0.033781
      24.750000        0.033731
      24.850000        0.033715
      24.950000        0.033625
      25.050000        0.033540
      25.150000        0.033479
      25.250000        0.033466
      25.350000        0.033441
      25.450000        0.033336
      25.550000        0.033332
      25.650000        0.033206
      25.750000        0.033240
      25.850000        0.033266
      25.950000        0.033120
      26.050000        0.033110
      26.150000        0.033049
      26.250000        0.032998
      26.350000        0.032843
      26.450000        0.032882
      26.550000        0.032903
      26.650000        0.032839
      26.750000        0.032786
      26.850000        0.032598
      26.950000        0.032670
      27.050000        0.032599
      27.150000        0.032459
      27.250000        0.032419
      27.350000        0.032399
      27.450000        0.032458
      27.550000        0.032344
      27.650000        0.032275
      27.750000        0.032248
      27.850000        0.032141
      27.950000        0.032124
      28.050000        0.032079
      28.150000        0.032120
      28.250000        0.032015
      28.350000        0.031960
      28.450000        0.031987
      28.550000        0.031927
      28.650000        0.031866
      28.750000        0.031883
      28.850000        0.031863
      28.950000        0.031772
      29.050000        0.031786
      29.150000        0.031863
      29.250000        0.031699
      29.350000        0.031692
      29.450000        0.031597
      29.550000        0.031649
      29.650000        0.031690
      29.750000        0.031510
      29.850000        0.031619
      29.950000        0.031525
