#Distance_(Ang) :1-10@O2_=>_:K+
       0.050000        0.000000
       0.150000        0.000000
       0.250000        0.000000
       0.350000        0.000000
       0.450000        0.000000
       0.550000        0.000000
       0.650000        0.000000
       0.750000        0.000000
       0.850000        0.000000
       0.950000        0.000000
       1.050000        0.000000
       1.150000        0.000000
       1.250000        0.000000
       1.350000        0.000000
       1.450000        0.000000
       1.550000        0.000000
       1.650000        0.000000
       1.750000        0.000000
       1.850000        0.000000
       1.950000        0.000000
       2.050000        0.000000
       2.150000        0.000000
       2.250000        0.000000
       2.350000        0.000265
       2.450000        0.024495
       2.550000        0.258386
       2.650000        0.694307
       2.750000        0.878643
       2.850000        0.753457
       2.950000        0.539545
       3.050000        0.373276
       3.150000        0.256425
       3.250000        0.182006
       3.350000        0.136083
       3.450000        0.104153
       3.550000        0.083608
       3.650000        0.069107
       3.750000        0.059090
       3.850000        0.053064
       3.950000        0.050334
       4.050000        0.050210
       4.150000        0.051049
       4.250000        0.053877
       4.350000        0.058547
       4.450000        0.063556
       4.550000        0.071786
       4.650000        0.077144
       4.750000        0.081567
       4.850000        0.084520
       4.950000        0.087287
       5.050000        0.086533
       5.150000        0.086726
       5.250000        0.083748
       5.350000        0.080536
       5.450000        0.077288
       5.550000        0.073313
       5.650000        0.069687
       5.750000        0.066283
       5.850000        0.063267
       5.950000        0.061844
       6.050000        0.059837
       6.150000        0.059105
       6.250000        0.058898
       6.350000        0.058545
       6.450000        0.058780
       6.550000        0.059304
       6.650000        0.059899
       6.750000        0.060210
       6.850000        0.060270
       6.950000        0.060579
       7.050000        0.061339
       7.150000        0.061327
       7.250000        0.061512
       7.350000        0.062489
       7.450000        0.062859
       7.550000        0.062628
       7.650000        0.063016
       7.750000        0.063383
       7.850000        0.064143
       7.950000        0.064857
       8.050000        0.064606
       8.150000        0.065725
       8.250000        0.066045
       8.350000        0.066078
       8.450000        0.066115
       8.550000        0.065885
       8.650000        0.065361
       8.750000        0.065232
       8.850000        0.064779
       8.950000        0.063798
       9.050000        0.063872
       9.150000        0.063439
       9.250000        0.063256
       9.350000        0.063314
       9.450000        0.063110
       9.550000        0.063431
       9.650000        0.063673
       9.750000        0.064062
       9.850000        0.064470
       9.950000        0.064994
      10.050000        0.066027
      10.150000        0.065986
      10.250000        0.066423
      10.350000        0.066860
      10.450000        0.066505
      10.550000        0.066591
      10.650000        0.065634
      10.750000        0.065691
      10.850000        0.065075
      10.950000        0.064637
      11.050000        0.064156
      11.150000        0.063897
      11.250000        0.063148
      11.350000        0.062565
      11.450000        0.062135
      11.550000        0.061762
      11.650000        0.062425
      11.750000        0.062243
      11.850000        0.062613
      11.950000        0.062979
      12.050000        0.062844
      12.150000        0.063231
      12.250000        0.063240
      12.350000        0.063085
      12.450000        0.062824
      12.550000        0.062615
      12.650000        0.062307
      12.750000        0.061771
      12.850000        0.060836
      12.950000        0.060274
      13.050000        0.059915
      13.150000        0.059257
      13.250000        0.058623
      13.350000        0.057937
      13.450000        0.057730
      13.550000        0.057089
      13.650000        0.056976
      13.750000        0.056630
      13.850000        0.056207
      13.950000        0.055893
      14.050000        0.055058
      14.150000        0.055047
      14.250000        0.054697
      14.350000        0.054366
      14.450000        0.053727
      14.550000        0.053228
      14.650000        0.052813
      14.750000        0.052309
      14.850000        0.052004
      14.950000        0.051324
      15.050000        0.051210
      15.150000        0.050763
      15.250000        0.050310
      15.350000        0.050083
      15.450000        0.049788
      15.550000        0.049353
      15.650000        0.049131
      15.750000        0.048733
      15.850000        0.048197
      15.950000        0.048103
      16.050000        0.047843
      16.150000        0.047422
      16.250000        0.047168
      16.350000        0.046707
      16.450000        0.046344
      16.550000        0.046331
      16.650000        0.046068
      16.750000        0.045633
      16.850000        0.045122
      16.950000        0.044814
      17.050000        0.044596
      17.150000        0.044103
      17.250000        0.044079
      17.350000        0.043670
      17.450000        0.043154
      17.550000        0.043151
      17.650000        0.042778
      17.750000        0.042387
      17.850000        0.042320
      17.950000        0.041994
      18.050000        0.041713
      18.150000        0.041622
      18.250000        0.041319
      18.350000        0.041228
      18.450000        0.040871
      18.550000        0.040788
      18.650000        0.040527
      18.750000        0.040236
      18.850000        0.040258
      18.950000        0.039990
      19.050000        0.039885
      19.150000        0.039680
      19.250000        0.039491
      19.350000        0.039381
      19.450000        0.039090
      19.550000        0.038804
      19.650000        0.038945
      19.750000        0.038697
      19.850000        0.038505
      19.950000        0.038474
      20.050000        0.038190
      20.150000        0.038005
      20.250000        0.037790
      20.350000        0.037578
      20.450000        0.037648
      20.550000        0.037494
      20.650000        0.037240
      20.750000        0.037062
      20.850000        0.036995
      20.950000        0.036894
      21.050000        0.036671
      21.150000        0.036639
      21.250000        0.036587
      21.350000        0.036347
      21.450000        0.036173
      21.550000        0.036245
      21.650000        0.036232
      21.750000        0.036036
      21.850000        0.035821
      21.950000        0.035748
      22.050000        0.035676
      22.150000        0.035597
      22.250000        0.035395
      22.350000        0.035343
      22.450000        0.035299
      22.550000        0.035094
      22.650000        0.034965
      22.750000        0.034914
      22.850000        0.035026
      22.950000        0.034888
      23.050000        0.034770
      23.150000        0.034501
      23.250000        0.034376
      23.350000        0.034415
      23.450000        0.034236
      23.550000        0.034346
      23.650000        0.034221
      23.750000        0.034123
      23.850000        0.034051
      23.950000        0.034111
      24.050000        0.033921
      24.150000        0.033857
      24.250000        0.033738
      24.350000        0.033750
      24.450000        0.033517
      24.550000        0.033641
      24.650000        0.033512
      24.750000        0.033516
      24.850000        0.033581
      24.950000        0.033399
      25.050000        0.033178
      25.150000        0.033233
      25.250000        0.032984
      25.350000        0.033110
      25.450000        0.032934
      25.550000        0.032907
      25.650000        0.032921
      25.750000        0.032882
      25.850000        0.032841
      25.950000        0.032784
      26.050000        0.032763
      26.150000        0.032608
      26.250000        0.032689
      26.350000        0.032545
      26.450000        0.032469
      26.550000        0.032439
      26.650000        0.032369
      26.750000        0.032336
      26.850000        0.032310
      26.950000        0.032310
      27.050000        0.032276
      27.150000        0.032143
      27.250000        0.032183
      27.350000        0.032187
      27.450000        0.032090
      27.550000        0.032184
      27.650000        0.032044
      27.750000        0.031963
      27.850000        0.031959
      27.950000        0.031883
      28.050000        0.031940
      28.150000        0.031842
      28.250000        0.031843
      28.350000        0.031753
      28.450000        0.031692
      28.550000        0.031734
      28.650000        0.031719
      28.750000        0.031736
      28.850000        0.031729
      28.950000        0.031697
      29.050000        0.031679
      29.150000        0.031522
      29.250000        0.031506
      29.350000        0.031475
      29.450000        0.031505
      29.550000        0.031515
      29.650000        0.031396
      29.750000        0.031414
      29.850000        0.031427
      29.950000        0.031390
