#Distance_(Ang) :1-10@N3_=>_:K+
       0.050000        0.000000
       0.150000        0.000000
       0.250000        0.000000
       0.350000        0.000000
       0.450000        0.000000
       0.550000        0.000000
       0.650000        0.000000
       0.750000        0.000000
       0.850000        0.000000
       0.950000        0.000000
       1.050000        0.000000
       1.150000        0.000000
       1.250000        0.000000
       1.350000        0.000000
       1.450000        0.000000
       1.550000        0.000000
       1.650000        0.000000
       1.750000        0.000000
       1.850000        0.000000
       1.950000        0.000000
       2.050000        0.000000
       2.150000        0.000000
       2.250000        0.000000
       2.350000        0.000000
       2.450000        0.000083
       2.550000        0.010720
       2.650000        0.146913
       2.750000        0.467480
       2.850000        0.638188
       2.950000        0.528620
       3.050000        0.334726
       3.150000        0.195067
       3.250000        0.110104
       3.350000        0.065496
       3.450000        0.042619
       3.550000        0.032587
       3.650000        0.027549
       3.750000        0.025725
       3.850000        0.023595
       3.950000        0.022469
       4.050000        0.022142
       4.150000        0.023085
       4.250000        0.022654
       4.350000        0.023526
       4.450000        0.025204
       4.550000        0.031101
       4.650000        0.037721
       4.750000        0.051810
       4.850000        0.071872
       4.950000        0.096543
       5.050000        0.122222
       5.150000        0.139252
       5.250000        0.149216
       5.350000        0.151353
       5.450000        0.158123
       5.550000        0.173551
       5.650000        0.211291
       5.750000        0.259903
       5.850000        0.287420
       5.950000        0.276494
       6.050000        0.253173
       6.150000        0.239773
       6.250000        0.238835
       6.350000        0.232183
       6.450000        0.210524
       6.550000        0.182300
       6.650000        0.156859
       6.750000        0.133164
       6.850000        0.115942
       6.950000        0.103294
       7.050000        0.095949
       7.150000        0.091764
       7.250000        0.088996
       7.350000        0.086264
       7.450000        0.084197
       7.550000        0.083066
       7.650000        0.083844
       7.750000        0.085035
       7.850000        0.087234
       7.950000        0.088854
       8.050000        0.091202
       8.150000        0.092502
       8.250000        0.091857
       8.350000        0.091183
       8.450000        0.089049
       8.550000        0.087256
       8.650000        0.085688
       8.750000        0.083221
       8.850000        0.082518
       8.950000        0.080893
       9.050000        0.080865
       9.150000        0.081208
       9.250000        0.082126
       9.350000        0.083304
       9.450000        0.083359
       9.550000        0.083478
       9.650000        0.083672
       9.750000        0.082763
       9.850000        0.082483
       9.950000        0.081648
      10.050000        0.080821
      10.150000        0.080569
      10.250000        0.079565
      10.350000        0.078897
      10.450000        0.077961
      10.550000        0.076825
      10.650000        0.076554
      10.750000        0.075735
      10.850000        0.074751
      10.950000        0.074260
      11.050000        0.074269
      11.150000        0.074489
      11.250000        0.074818
      11.350000        0.074341
      11.450000        0.073739
      11.550000        0.072362
      11.650000        0.071771
      11.750000        0.070450
      11.850000        0.069090
      11.950000        0.068107
      12.050000        0.066481
      12.150000        0.065521
      12.250000        0.064110
      12.350000        0.063038
      12.450000        0.062171
      12.550000        0.060828
      12.650000        0.059991
      12.750000        0.059118
      12.850000        0.058341
      12.950000        0.057722
      13.050000        0.057013
      13.150000        0.056807
      13.250000        0.056234
      13.350000        0.055842
      13.450000        0.055393
      13.550000        0.054856
      13.650000        0.054360
      13.750000        0.054232
      13.850000        0.054102
      13.950000        0.053605
      14.050000        0.053614
      14.150000        0.053675
      14.250000        0.053393
      14.350000        0.053510
      14.450000        0.053683
      14.550000        0.053786
      14.650000        0.053642
      14.750000        0.053473
      14.850000        0.053509
      14.950000        0.053198
      15.050000        0.053066
      15.150000        0.052967
      15.250000        0.052847
      15.350000        0.052650
      15.450000        0.052167
      15.550000        0.051826
      15.650000        0.051665
      15.750000        0.051377
      15.850000        0.051177
      15.950000        0.050757
      16.050000        0.050755
      16.150000        0.050574
      16.250000        0.050065
      16.350000        0.049881
      16.450000        0.049433
      16.550000        0.048863
      16.650000        0.048499
      16.750000        0.048018
      16.850000        0.047508
      16.950000        0.046960
      17.050000        0.046328
      17.150000        0.045986
      17.250000        0.045381
      17.350000        0.044836
      17.450000        0.044587
      17.550000        0.043948
      17.650000        0.043603
      17.750000        0.043128
      17.850000        0.042957
      17.950000        0.042503
      18.050000        0.042184
      18.150000        0.041893
      18.250000        0.041820
      18.350000        0.041565
      18.450000        0.041420
      18.550000        0.041283
      18.650000        0.041040
      18.750000        0.040944
      18.850000        0.040630
      18.950000        0.040641
      19.050000        0.040545
      19.150000        0.040260
      19.250000        0.040097
      19.350000        0.040244
      19.450000        0.039815
      19.550000        0.039706
      19.650000        0.039601
      19.750000        0.039468
      19.850000        0.039255
      19.950000        0.039272
      20.050000        0.039081
      20.150000        0.038919
      20.250000        0.038810
      20.350000        0.038641
      20.450000        0.038351
      20.550000        0.038074
      20.650000        0.038169
      20.750000        0.037953
      20.850000        0.037712
      20.950000        0.037514
      21.050000        0.037312
      21.150000        0.037127
      21.250000        0.036990
      21.350000        0.036843
      21.450000        0.036632
      21.550000        0.036301
      21.650000        0.036221
      21.750000        0.036053
      21.850000        0.035818
      21.950000        0.035810
      22.050000        0.035455
      22.150000        0.035335
      22.250000        0.035212
      22.350000        0.035020
      22.450000        0.034830
      22.550000        0.034726
      22.650000        0.034609
      22.750000        0.034369
      22.850000        0.034302
      22.950000        0.034278
      23.050000        0.034229
      23.150000        0.034020
      23.250000        0.033883
      23.350000        0.033929
      23.450000        0.033633
      23.550000        0.033586
      23.650000        0.033436
      23.750000        0.033540
      23.850000        0.033315
      23.950000        0.033317
      24.050000        0.033085
      24.150000        0.033113
      24.250000        0.033024
      24.350000        0.032849
      24.450000        0.032948
      24.550000        0.032854
      24.650000        0.032807
      24.750000        0.032809
      24.850000        0.032765
      24.950000        0.032644
      25.050000        0.032577
      25.150000        0.032432
      25.250000        0.032288
      25.350000        0.032382
      25.450000        0.032263
      25.550000        0.032244
      25.650000        0.032283
      25.750000        0.032183
      25.850000        0.032101
      25.950000        0.032061
      26.050000        0.031985
      26.150000        0.032105
      26.250000        0.031978
      26.350000        0.031984
      26.450000        0.031918
      26.550000        0.031971
      26.650000        0.031936
      26.750000        0.031715
      26.850000        0.031941
      26.950000        0.031837
      27.050000        0.031724
      27.150000        0.031705
      27.250000        0.031569
      27.350000        0.031594
      27.450000        0.031608
      27.550000        0.031514
      27.650000        0.031589
      27.750000        0.031473
      27.850000        0.031290
      27.950000        0.031377
      28.050000        0.031512
      28.150000        0.031263
      28.250000        0.031378
      28.350000        0.031274
      28.450000        0.031218
      28.550000        0.031298
      28.650000        0.031128
      28.750000        0.031152
      28.850000        0.031099
      28.950000        0.031108
      29.050000        0.031103
      29.150000        0.031135
      29.250000        0.031008
      29.350000        0.030927
      29.450000        0.031040
      29.550000        0.031067
      29.650000        0.031032
      29.750000        0.031043
      29.850000        0.030907
      29.950000        0.030992
