#Distance_(Ang) :G,G3,U,U3@P_=>_:K+
       0.050000            0.000000
       0.150000            0.000000
       0.250000            0.000000
       0.350000            0.000000
       0.450000            0.000000
       0.550000            0.000000
       0.650000            0.000000
       0.750000            0.000000
       0.850000            0.000000
       0.950000            0.000000
       1.050000            0.000000
       1.150000            0.000000
       1.250000            0.000000
       1.350000            0.000000
       1.450000            0.000000
       1.550000            0.000000
       1.650000            0.000000
       1.750000            0.000000
       1.850000            0.000000
       1.950000            0.000000
       2.050000            0.000000
       2.150000            0.000000
       2.250000            0.000000
       2.350000            0.000000
       2.450000            0.000000
       2.550000            0.000000
       2.650000            0.000000
       2.750000            0.000000
       2.850000            0.000000
       2.950000            0.000310
       3.050000            0.004416
       3.150000            0.023093
       3.250000            0.061634
       3.350000            0.103434
       3.450000            0.129986
       3.550000            0.140243
       3.650000            0.147846
       3.750000            0.155670
       3.850000            0.161935
       3.950000            0.153921
       4.050000            0.120924
       4.150000            0.073801
       4.250000            0.040746
       4.350000            0.024044
       4.450000            0.017360
       4.550000            0.015867
       4.650000            0.017349
       4.750000            0.020169
       4.850000            0.024096
       4.950000            0.031101
       5.050000            0.037926
       5.150000            0.047456
       5.250000            0.057939
       5.350000            0.070002
       5.450000            0.082218
       5.550000            0.094928
       5.650000            0.107697
       5.750000            0.117845
       5.850000            0.127012
       5.950000            0.131686
       6.050000            0.133116
       6.150000            0.131069
       6.250000            0.123403
       6.350000            0.115208
       6.450000            0.104200
       6.550000            0.094419
       6.650000            0.084901
       6.750000            0.077952
       6.850000            0.073358
       6.950000            0.073093
       7.050000            0.073293
       7.150000            0.076037
       7.250000            0.080535
       7.350000            0.084120
       7.450000            0.089561
       7.550000            0.091947
       7.650000            0.093509
       7.750000            0.092496
       7.850000            0.091980
       7.950000            0.090892
       8.050000            0.092118
       8.150000            0.092363
       8.250000            0.092828
       8.350000            0.093068
       8.450000            0.093161
       8.550000            0.093123
       8.650000            0.092411
       8.750000            0.090271
       8.850000            0.088950
       8.950000            0.087831
       9.050000            0.086809
       9.150000            0.086010
       9.250000            0.084808
       9.350000            0.084134
       9.450000            0.083151
       9.550000            0.082061
       9.650000            0.080707
       9.750000            0.079868
       9.850000            0.078088
       9.950000            0.076481
      10.050000            0.074931
      10.150000            0.073277
      10.250000            0.072272
      10.350000            0.070473
      10.450000            0.070182
      10.550000            0.068965
      10.650000            0.067981
      10.750000            0.067613
      10.850000            0.066892
      10.950000            0.066468
      11.050000            0.065728
      11.150000            0.065446
      11.250000            0.065162
      11.350000            0.064504
      11.450000            0.064038
      11.550000            0.063362
      11.650000            0.062907
      11.750000            0.062309
      11.850000            0.061825
      11.950000            0.061420
      12.050000            0.060846
      12.150000            0.060245
      12.250000            0.059704
      12.350000            0.059410
      12.450000            0.058782
      12.550000            0.058222
      12.650000            0.057748
      12.750000            0.057202
      12.850000            0.056819
      12.950000            0.056538
      13.050000            0.055756
      13.150000            0.054952
      13.250000            0.054055
      13.350000            0.053782
      13.450000            0.053279
      13.550000            0.052700
      13.650000            0.052342
      13.750000            0.051774
      13.850000            0.051711
      13.950000            0.051644
      14.050000            0.051618
      14.150000            0.051214
      14.250000            0.051142
      14.350000            0.050842
      14.450000            0.050507
      14.550000            0.050567
      14.650000            0.050629
      14.750000            0.050409
      14.850000            0.050096
      14.950000            0.050228
      15.050000            0.049852
      15.150000            0.049640
      15.250000            0.049199
      15.350000            0.049060
      15.450000            0.048933
      15.550000            0.048599
      15.650000            0.047682
      15.750000            0.047536
      15.850000            0.047054
      15.950000            0.046937
      16.050000            0.046634
      16.150000            0.046585
      16.250000            0.046244
      16.350000            0.046078
      16.450000            0.046158
      16.550000            0.045631
      16.650000            0.045650
      16.750000            0.045515
      16.850000            0.045297
      16.950000            0.045261
      17.050000            0.044845
      17.150000            0.044802
      17.250000            0.044637
      17.350000            0.044554
      17.450000            0.044400
      17.550000            0.044159
      17.650000            0.043768
      17.750000            0.043698
      17.850000            0.043570
      17.950000            0.043193
      18.050000            0.042931
      18.150000            0.042782
      18.250000            0.042462
      18.350000            0.042166
      18.450000            0.041813
      18.550000            0.041617
      18.650000            0.041398
      18.750000            0.041155
      18.850000            0.041266
      18.950000            0.041237
      19.050000            0.040647
      19.150000            0.040554
      19.250000            0.040287
      19.350000            0.040056
      19.450000            0.039889
      19.550000            0.039862
      19.650000            0.039487
      19.750000            0.039518
      19.850000            0.039309
      19.950000            0.038942
      20.050000            0.039140
      20.150000            0.038794
      20.250000            0.038679
      20.350000            0.038393
      20.450000            0.038397
      20.550000            0.038010
      20.650000            0.037992
      20.750000            0.037973
      20.850000            0.037691
      20.950000            0.037635
      21.050000            0.037367
      21.150000            0.037239
      21.250000            0.036940
      21.350000            0.036936
      21.450000            0.036721
      21.550000            0.036639
      21.650000            0.036721
      21.750000            0.036407
      21.850000            0.036405
      21.950000            0.036248
      22.050000            0.036223
      22.150000            0.036138
      22.250000            0.036014
      22.350000            0.036027
      22.450000            0.035692
      22.550000            0.035707
      22.650000            0.035476
      22.750000            0.035526
      22.850000            0.035378
      22.950000            0.035275
      23.050000            0.035252
      23.150000            0.035110
      23.250000            0.035003
      23.350000            0.034824
      23.450000            0.034688
      23.550000            0.034740
      23.650000            0.034536
      23.750000            0.034485
      23.850000            0.034415
      23.950000            0.034320
      24.050000            0.034344
      24.150000            0.034138
      24.250000            0.034210
      24.350000            0.034069
      24.450000            0.034118
      24.550000            0.033928
      24.650000            0.033940
      24.750000            0.033792
      24.850000            0.033881
      24.950000            0.033690
      25.050000            0.033761
      25.150000            0.033680
      25.250000            0.033600
      25.350000            0.033539
      25.450000            0.033628
      25.550000            0.033364
      25.650000            0.033467
      25.750000            0.033483
      25.850000            0.033497
      25.950000            0.033297
      26.050000            0.033309
      26.150000            0.033289
      26.250000            0.033264
      26.350000            0.033155
      26.450000            0.033082
      26.550000            0.033173
      26.650000            0.033062
      26.750000            0.032905
      26.850000            0.032937
      26.950000            0.032964
      27.050000            0.032789
      27.150000            0.032771
      27.250000            0.032677
      27.350000            0.032729
      27.450000            0.032552
      27.550000            0.032548
      27.650000            0.032456
      27.750000            0.032338
      27.850000            0.032416
      27.950000            0.032299
      28.050000            0.032282
      28.150000            0.032125
      28.250000            0.032259
      28.350000            0.032102
      28.450000            0.031981
      28.550000            0.032013
      28.650000            0.032101
      28.750000            0.031880
      28.850000            0.031894
      28.950000            0.031840
      29.050000            0.031904
      29.150000            0.031740
      29.250000            0.031657
      29.350000            0.031634
      29.450000            0.031663
      29.550000            0.031542
      29.650000            0.031569
      29.750000            0.031563
      29.850000            0.031455
      29.950000            0.031540
