#Distance_(Ang) :1-10@O2_=>_:K+
       0.050000        0.000000
       0.150000        0.000000
       0.250000        0.000000
       0.350000        0.000000
       0.450000        0.000000
       0.550000        0.000000
       0.650000        0.000000
       0.750000        0.000000
       0.850000        0.000000
       0.950000        0.000000
       1.050000        0.000000
       1.150000        0.000000
       1.250000        0.000000
       1.350000        0.000000
       1.450000        0.000000
       1.550000        0.000000
       1.650000        0.000000
       1.750000        0.000000
       1.850000        0.000000
       1.950000        0.000000
       2.050000        0.000000
       2.150000        0.000000
       2.250000        0.000000
       2.350000        0.000088
       2.450000        0.016346
       2.550000        0.185945
       2.650000        0.454936
       2.750000        0.501542
       2.850000        0.357171
       2.950000        0.205014
       3.050000        0.115958
       3.150000        0.067040
       3.250000        0.041597
       3.350000        0.029414
       3.450000        0.021703
       3.550000        0.018176
       3.650000        0.015932
       3.750000        0.017094
       3.850000        0.017188
       3.950000        0.019303
       4.050000        0.023151
       4.150000        0.026554
       4.250000        0.031334
       4.350000        0.037385
       4.450000        0.044785
       4.550000        0.053903
       4.650000        0.061322
       4.750000        0.066885
       4.850000        0.071330
       4.950000        0.072529
       5.050000        0.074274
       5.150000        0.072978
       5.250000        0.072031
       5.350000        0.069121
       5.450000        0.068594
       5.550000        0.067950
       5.650000        0.066361
       5.750000        0.067608
       5.850000        0.067735
       5.950000        0.068400
       6.050000        0.068410
       6.150000        0.067567
       6.250000        0.065965
       6.350000        0.066525
       6.450000        0.066161
       6.550000        0.069198
       6.650000        0.072803
       6.750000        0.077694
       6.850000        0.082057
       6.950000        0.084479
       7.050000        0.083446
       7.150000        0.078083
       7.250000        0.070094
       7.350000        0.064028
       7.450000        0.060707
       7.550000        0.059773
       7.650000        0.060668
       7.750000        0.062041
       7.850000        0.063057
       7.950000        0.064770
       8.050000        0.066419
       8.150000        0.066944
       8.250000        0.069176
       8.350000        0.069799
       8.450000        0.070342
       8.550000        0.070971
       8.650000        0.071109
       8.750000        0.071262
       8.850000        0.070251
       8.950000        0.069170
       9.050000        0.068829
       9.150000        0.067541
       9.250000        0.067029
       9.350000        0.066171
       9.450000        0.065663
       9.550000        0.065276
       9.650000        0.065409
       9.750000        0.065271
       9.850000        0.064401
       9.950000        0.064625
      10.050000        0.063891
      10.150000        0.064121
      10.250000        0.063630
      10.350000        0.062796
      10.450000        0.062271
      10.550000        0.062041
      10.650000        0.061191
      10.750000        0.060928
      10.850000        0.060006
      10.950000        0.060095
      11.050000        0.059140
      11.150000        0.059130
      11.250000        0.057946
      11.350000        0.058323
      11.450000        0.057356
      11.550000        0.056742
      11.650000        0.056628
      11.750000        0.055993
      11.850000        0.055455
      11.950000        0.055377
      12.050000        0.055408
      12.150000        0.055340
      12.250000        0.055329
      12.350000        0.054952
      12.450000        0.054242
      12.550000        0.054223
      12.650000        0.054237
      12.750000        0.053735
      12.850000        0.053875
      12.950000        0.053068
      13.050000        0.053086
      13.150000        0.052424
      13.250000        0.051808
      13.350000        0.051634
      13.450000        0.051484
      13.550000        0.051286
      13.650000        0.050783
      13.750000        0.050416
      13.850000        0.049906
      13.950000        0.049160
      14.050000        0.049191
      14.150000        0.049092
      14.250000        0.048488
      14.350000        0.048318
      14.450000        0.048089
      14.550000        0.048005
      14.650000        0.047658
      14.750000        0.047228
      14.850000        0.047288
      14.950000        0.047152
      15.050000        0.046686
      15.150000        0.046892
      15.250000        0.046647
      15.350000        0.046485
      15.450000        0.046005
      15.550000        0.045799
      15.650000        0.045710
      15.750000        0.045472
      15.850000        0.045270
      15.950000        0.045015
      16.050000        0.045087
      16.150000        0.044815
      16.250000        0.044685
      16.350000        0.044424
      16.450000        0.044275
      16.550000        0.044196
      16.650000        0.043744
      16.750000        0.043714
      16.850000        0.043470
      16.950000        0.043116
      17.050000        0.042974
      17.150000        0.042930
      17.250000        0.042466
      17.350000        0.042004
      17.450000        0.042178
      17.550000        0.042065
      17.650000        0.041818
      17.750000        0.041564
      17.850000        0.041527
      17.950000        0.041544
      18.050000        0.041159
      18.150000        0.041047
      18.250000        0.040977
      18.350000        0.041009
      18.450000        0.040704
      18.550000        0.041011
      18.650000        0.040457
      18.750000        0.040335
      18.850000        0.040094
      18.950000        0.040063
      19.050000        0.040208
      19.150000        0.039762
      19.250000        0.039788
      19.350000        0.039676
      19.450000        0.039104
      19.550000        0.038990
      19.650000        0.038875
      19.750000        0.038674
      19.850000        0.038699
      19.950000        0.038471
      20.050000        0.038313
      20.150000        0.038176
      20.250000        0.038171
      20.350000        0.038165
      20.450000        0.037786
      20.550000        0.037716
      20.650000        0.037541
      20.750000        0.037618
      20.850000        0.037160
      20.950000        0.036932
      21.050000        0.037125
      21.150000        0.037087
      21.250000        0.036836
      21.350000        0.036704
      21.450000        0.036512
      21.550000        0.036222
      21.650000        0.036357
      21.750000        0.035999
      21.850000        0.035839
      21.950000        0.035631
      22.050000        0.035546
      22.150000        0.035611
      22.250000        0.035607
      22.350000        0.035592
      22.450000        0.035322
      22.550000        0.035495
      22.650000        0.034966
      22.750000        0.035088
      22.850000        0.035011
      22.950000        0.034911
      23.050000        0.034979
      23.150000        0.034667
      23.250000        0.034781
      23.350000        0.034572
      23.450000        0.034518
      23.550000        0.034498
      23.650000        0.034406
      23.750000        0.034281
      23.850000        0.034384
      23.950000        0.034189
      24.050000        0.033978
      24.150000        0.033959
      24.250000        0.034161
      24.350000        0.033807
      24.450000        0.034013
      24.550000        0.033662
      24.650000        0.033733
      24.750000        0.033773
      24.850000        0.033582
      24.950000        0.033599
      25.050000        0.033466
      25.150000        0.033511
      25.250000        0.033451
      25.350000        0.033274
      25.450000        0.033102
      25.550000        0.033084
      25.650000        0.033146
      25.750000        0.033106
      25.850000        0.033012
      25.950000        0.033011
      26.050000        0.032951
      26.150000        0.032808
      26.250000        0.032745
      26.350000        0.032779
      26.450000        0.032564
      26.550000        0.032700
      26.650000        0.032768
      26.750000        0.032622
      26.850000        0.032649
      26.950000        0.032557
      27.050000        0.032442
      27.150000        0.032576
      27.250000        0.032335
      27.350000        0.032352
      27.450000        0.032223
      27.550000        0.032151
      27.650000        0.032258
      27.750000        0.032254
      27.850000        0.032204
      27.950000        0.032125
      28.050000        0.032032
      28.150000        0.032209
      28.250000        0.031959
      28.350000        0.031936
      28.450000        0.031884
      28.550000        0.031931
      28.650000        0.031943
      28.750000        0.031825
      28.850000        0.031861
      28.950000        0.031839
      29.050000        0.031701
      29.150000        0.031718
      29.250000        0.031582
      29.350000        0.031664
      29.450000        0.031681
      29.550000        0.031528
      29.650000        0.031563
      29.750000        0.031592
      29.850000        0.031583
      29.950000        0.031453
