#Distance_(Ang) :1-10@N3_=>_:K+
       0.050000        0.000000
       0.150000        0.000000
       0.250000        0.000000
       0.350000        0.000000
       0.450000        0.000000
       0.550000        0.000000
       0.650000        0.000000
       0.750000        0.000000
       0.850000        0.000000
       0.950000        0.000000
       1.050000        0.000000
       1.150000        0.000000
       1.250000        0.000000
       1.350000        0.000000
       1.450000        0.000000
       1.550000        0.000000
       1.650000        0.000000
       1.750000        0.000000
       1.850000        0.000000
       1.950000        0.000000
       2.050000        0.000000
       2.150000        0.000000
       2.250000        0.000000
       2.350000        0.000000
       2.450000        0.000186
       2.550000        0.020181
       2.650000        0.228685
       2.750000        0.597211
       2.850000        0.663600
       2.950000        0.468561
       3.050000        0.275138
       3.150000        0.152630
       3.250000        0.093459
       3.350000        0.060249
       3.450000        0.044912
       3.550000        0.036457
       3.650000        0.033722
       3.750000        0.034409
       3.850000        0.038256
       3.950000        0.042822
       4.050000        0.052689
       4.150000        0.062930
       4.250000        0.071856
       4.350000        0.078882
       4.450000        0.091055
       4.550000        0.118297
       4.650000        0.158331
       4.750000        0.171383
       4.850000        0.140725
       4.950000        0.098886
       5.050000        0.072224
       5.150000        0.061396
       5.250000        0.058354
       5.350000        0.058907
       5.450000        0.061752
       5.550000        0.068156
       5.650000        0.082212
       5.750000        0.105674
       5.850000        0.126441
       5.950000        0.135295
       6.050000        0.142558
       6.150000        0.148512
       6.250000        0.152174
       6.350000        0.149235
       6.450000        0.136042
       6.550000        0.122628
       6.650000        0.110347
       6.750000        0.100279
       6.850000        0.093766
       6.950000        0.089698
       7.050000        0.088350
       7.150000        0.087536
       7.250000        0.088372
       7.350000        0.089863
       7.450000        0.092097
       7.550000        0.093070
       7.650000        0.096247
       7.750000        0.101125
       7.850000        0.104912
       7.950000        0.109652
       8.050000        0.115440
       8.150000        0.119218
       8.250000        0.122767
       8.350000        0.124554
       8.450000        0.127135
       8.550000        0.128270
       8.650000        0.128736
       8.750000        0.128795
       8.850000        0.128330
       8.950000        0.127882
       9.050000        0.128077
       9.150000        0.127296
       9.250000        0.125974
       9.350000        0.125081
       9.450000        0.124910
       9.550000        0.124372
       9.650000        0.125059
       9.750000        0.124095
       9.850000        0.123436
       9.950000        0.122929
      10.050000        0.121544
      10.150000        0.119481
      10.250000        0.117212
      10.350000        0.115206
      10.450000        0.112526
      10.550000        0.110255
      10.650000        0.107672
      10.750000        0.105096
      10.850000        0.101871
      10.950000        0.099336
      11.050000        0.096062
      11.150000        0.093263
      11.250000        0.090021
      11.350000        0.086133
      11.450000        0.083481
      11.550000        0.080205
      11.650000        0.078196
      11.750000        0.075942
      11.850000        0.074444
      11.950000        0.073023
      12.050000        0.072373
      12.150000        0.071689
      12.250000        0.071438
      12.350000        0.070941
      12.450000        0.071003
      12.550000        0.070828
      12.650000        0.070749
      12.750000        0.071096
      12.850000        0.070693
      12.950000        0.070866
      13.050000        0.069980
      13.150000        0.069628
      13.250000        0.068507
      13.350000        0.068167
      13.450000        0.067423
      13.550000        0.066162
      13.650000        0.065166
      13.750000        0.063854
      13.850000        0.062519
      13.950000        0.061626
      14.050000        0.060366
      14.150000        0.059894
      14.250000        0.058873
      14.350000        0.058333
      14.450000        0.057688
      14.550000        0.056851
      14.650000        0.056170
      14.750000        0.055704
      14.850000        0.055064
      14.950000        0.054457
      15.050000        0.053587
      15.150000        0.053079
      15.250000        0.052258
      15.350000        0.051821
      15.450000        0.051052
      15.550000        0.050803
      15.650000        0.049912
      15.750000        0.049440
      15.850000        0.049116
      15.950000        0.048590
      16.050000        0.048097
      16.150000        0.047560
      16.250000        0.047399
      16.350000        0.046813
      16.450000        0.046301
      16.550000        0.045721
      16.650000        0.045562
      16.750000        0.045052
      16.850000        0.044648
      16.950000        0.044193
      17.050000        0.043807
      17.150000        0.043613
      17.250000        0.043203
      17.350000        0.042940
      17.450000        0.042476
      17.550000        0.042197
      17.650000        0.041961
      17.750000        0.041523
      17.850000        0.041249
      17.950000        0.040922
      18.050000        0.040779
      18.150000        0.040614
      18.250000        0.040247
      18.350000        0.040046
      18.450000        0.039773
      18.550000        0.039642
      18.650000        0.039432
      18.750000        0.039086
      18.850000        0.038839
      18.950000        0.038678
      19.050000        0.038423
      19.150000        0.038203
      19.250000        0.037922
      19.350000        0.037756
      19.450000        0.037570
      19.550000        0.037475
      19.650000        0.037238
      19.750000        0.037082
      19.850000        0.036825
      19.950000        0.036797
      20.050000        0.036694
      20.150000        0.036445
      20.250000        0.036323
      20.350000        0.036135
      20.450000        0.035904
      20.550000        0.035750
      20.650000        0.035613
      20.750000        0.035701
      20.850000        0.035545
      20.950000        0.035487
      21.050000        0.035379
      21.150000        0.035401
      21.250000        0.035245
      21.350000        0.034991
      21.450000        0.034879
      21.550000        0.034946
      21.650000        0.034909
      21.750000        0.034820
      21.850000        0.034691
      21.950000        0.034562
      22.050000        0.034519
      22.150000        0.034301
      22.250000        0.034439
      22.350000        0.034409
      22.450000        0.034250
      22.550000        0.034140
      22.650000        0.033942
      22.750000        0.034127
      22.850000        0.033973
      22.950000        0.033901
      23.050000        0.033899
      23.150000        0.033783
      23.250000        0.033664
      23.350000        0.033738
      23.450000        0.033612
      23.550000        0.033518
      23.650000        0.033455
      23.750000        0.033369
      23.850000        0.033242
      23.950000        0.033292
      24.050000        0.033015
      24.150000        0.032984
      24.250000        0.032910
      24.350000        0.032917
      24.450000        0.032914
      24.550000        0.032673
      24.650000        0.032600
      24.750000        0.032721
      24.850000        0.032611
      24.950000        0.032475
      25.050000        0.032477
      25.150000        0.032506
      25.250000        0.032454
      25.350000        0.032462
      25.450000        0.032288
      25.550000        0.032283
      25.650000        0.032303
      25.750000        0.032265
      25.850000        0.032195
      25.950000        0.031985
      26.050000        0.032071
      26.150000        0.032099
      26.250000        0.032098
      26.350000        0.032060
      26.450000        0.031956
      26.550000        0.031922
      26.650000        0.031858
      26.750000        0.031725
      26.850000        0.031713
      26.950000        0.031641
      27.050000        0.031648
      27.150000        0.031773
      27.250000        0.031655
      27.350000        0.031739
      27.450000        0.031620
      27.550000        0.031629
      27.650000        0.031506
      27.750000        0.031458
      27.850000        0.031581
      27.950000        0.031500
      28.050000        0.031419
      28.150000        0.031417
      28.250000        0.031360
      28.350000        0.031302
      28.450000        0.031200
      28.550000        0.031293
      28.650000        0.031143
      28.750000        0.031096
      28.850000        0.031110
      28.950000        0.031126
      29.050000        0.031078
      29.150000        0.031031
      29.250000        0.030912
      29.350000        0.030991
      29.450000        0.030867
      29.550000        0.030889
      29.650000        0.030895
      29.750000        0.030775
      29.850000        0.030790
      29.950000        0.030786
