#Distance_(Ang) :1-10@N3_=>_:K+
       0.050000        0.000000
       0.150000        0.000000
       0.250000        0.000000
       0.350000        0.000000
       0.450000        0.000000
       0.550000        0.000000
       0.650000        0.000000
       0.750000        0.000000
       0.850000        0.000000
       0.950000        0.000000
       1.050000        0.000000
       1.150000        0.000000
       1.250000        0.000000
       1.350000        0.000000
       1.450000        0.000000
       1.550000        0.000000
       1.650000        0.000000
       1.750000        0.000000
       1.850000        0.000000
       1.950000        0.000000
       2.050000        0.000000
       2.150000        0.000000
       2.250000        0.000000
       2.350000        0.000000
       2.450000        0.000149
       2.550000        0.025971
       2.650000        0.273616
       2.750000        0.712652
       2.850000        0.802148
       2.950000        0.582294
       3.050000        0.349448
       3.150000        0.205642
       3.250000        0.126206
       3.350000        0.085749
       3.450000        0.066150
       3.550000        0.055685
       3.650000        0.049945
       3.750000        0.050788
       3.850000        0.053924
       3.950000        0.058473
       4.050000        0.065140
       4.150000        0.072307
       4.250000        0.078992
       4.350000        0.086031
       4.450000        0.089306
       4.550000        0.095441
       4.650000        0.100745
       4.750000        0.103386
       4.850000        0.099219
       4.950000        0.091731
       5.050000        0.087561
       5.150000        0.082807
       5.250000        0.081091
       5.350000        0.080340
       5.450000        0.078644
       5.550000        0.076173
       5.650000        0.074922
       5.750000        0.073790
       5.850000        0.072120
       5.950000        0.071090
       6.050000        0.070922
       6.150000        0.071271
       6.250000        0.071852
       6.350000        0.072497
       6.450000        0.072548
       6.550000        0.072710
       6.650000        0.072987
       6.750000        0.073033
       6.850000        0.071809
       6.950000        0.071006
       7.050000        0.070184
       7.150000        0.069007
       7.250000        0.067790
       7.350000        0.066182
       7.450000        0.065975
       7.550000        0.065163
       7.650000        0.063887
       7.750000        0.063886
       7.850000        0.063239
       7.950000        0.063035
       8.050000        0.063311
       8.150000        0.062581
       8.250000        0.063027
       8.350000        0.063059
       8.450000        0.062980
       8.550000        0.062796
       8.650000        0.063260
       8.750000        0.063418
       8.850000        0.063761
       8.950000        0.064325
       9.050000        0.065292
       9.150000        0.065628
       9.250000        0.066061
       9.350000        0.066341
       9.450000        0.066962
       9.550000        0.067787
       9.650000        0.067655
       9.750000        0.067318
       9.850000        0.067573
       9.950000        0.067369
      10.050000        0.067841
      10.150000        0.067978
      10.250000        0.068114
      10.350000        0.068167
      10.450000        0.068151
      10.550000        0.068601
      10.650000        0.068810
      10.750000        0.068601
      10.850000        0.068144
      10.950000        0.068066
      11.050000        0.067321
      11.150000        0.066667
      11.250000        0.066571
      11.350000        0.066488
      11.450000        0.066397
      11.550000        0.065809
      11.650000        0.065882
      11.750000        0.065737
      11.850000        0.065424
      11.950000        0.065258
      12.050000        0.064833
      12.150000        0.064810
      12.250000        0.064186
      12.350000        0.064188
      12.450000        0.063461
      12.550000        0.062770
      12.650000        0.062217
      12.750000        0.061956
      12.850000        0.061535
      12.950000        0.060930
      13.050000        0.060311
      13.150000        0.059851
      13.250000        0.059324
      13.350000        0.058394
      13.450000        0.058342
      13.550000        0.058027
      13.650000        0.057538
      13.750000        0.056966
      13.850000        0.056044
      13.950000        0.055563
      14.050000        0.055640
      14.150000        0.055148
      14.250000        0.054717
      14.350000        0.054066
      14.450000        0.053643
      14.550000        0.053570
      14.650000        0.052990
      14.750000        0.052536
      14.850000        0.052454
      14.950000        0.051992
      15.050000        0.051511
      15.150000        0.051263
      15.250000        0.050551
      15.350000        0.050535
      15.450000        0.050008
      15.550000        0.049464
      15.650000        0.048924
      15.750000        0.048408
      15.850000        0.048049
      15.950000        0.047482
      16.050000        0.047104
      16.150000        0.047054
      16.250000        0.046217
      16.350000        0.046133
      16.450000        0.045636
      16.550000        0.045331
      16.650000        0.044827
      16.750000        0.044909
      16.850000        0.044446
      16.950000        0.044372
      17.050000        0.043935
      17.150000        0.043465
      17.250000        0.043466
      17.350000        0.043219
      17.450000        0.042991
      17.550000        0.042614
      17.650000        0.042524
      17.750000        0.042305
      17.850000        0.041936
      17.950000        0.041817
      18.050000        0.041623
      18.150000        0.041526
      18.250000        0.041188
      18.350000        0.040882
      18.450000        0.040954
      18.550000        0.040619
      18.650000        0.040296
      18.750000        0.040222
      18.850000        0.039961
      18.950000        0.039797
      19.050000        0.039537
      19.150000        0.039354
      19.250000        0.039242
      19.350000        0.039129
      19.450000        0.038870
      19.550000        0.038807
      19.650000        0.038725
      19.750000        0.038220
      19.850000        0.038281
      19.950000        0.037918
      20.050000        0.037796
      20.150000        0.037707
      20.250000        0.037638
      20.350000        0.037483
      20.450000        0.037272
      20.550000        0.037157
      20.650000        0.037010
      20.750000        0.036767
      20.850000        0.036804
      20.950000        0.036527
      21.050000        0.036372
      21.150000        0.036386
      21.250000        0.036348
      21.350000        0.036132
      21.450000        0.035971
      21.550000        0.035977
      21.650000        0.035905
      21.750000        0.035839
      21.850000        0.035459
      21.950000        0.035373
      22.050000        0.035506
      22.150000        0.035264
      22.250000        0.035235
      22.350000        0.035131
      22.450000        0.035044
      22.550000        0.034828
      22.650000        0.034781
      22.750000        0.034772
      22.850000        0.034638
      22.950000        0.034522
      23.050000        0.034434
      23.150000        0.034330
      23.250000        0.034362
      23.350000        0.034322
      23.450000        0.034165
      23.550000        0.034139
      23.650000        0.033896
      23.750000        0.033908
      23.850000        0.033856
      23.950000        0.033811
      24.050000        0.033799
      24.150000        0.033708
      24.250000        0.033589
      24.350000        0.033470
      24.450000        0.033700
      24.550000        0.033509
      24.650000        0.033447
      24.750000        0.033291
      24.850000        0.033092
      24.950000        0.033278
      25.050000        0.033110
      25.150000        0.033119
      25.250000        0.033091
      25.350000        0.033001
      25.450000        0.033059
      25.550000        0.032954
      25.650000        0.032828
      25.750000        0.032793
      25.850000        0.032741
      25.950000        0.032716
      26.050000        0.032569
      26.150000        0.032655
      26.250000        0.032588
      26.350000        0.032587
      26.450000        0.032400
      26.550000        0.032355
      26.650000        0.032334
      26.750000        0.032404
      26.850000        0.032416
      26.950000        0.032302
      27.050000        0.032200
      27.150000        0.032088
      27.250000        0.032213
      27.350000        0.032069
      27.450000        0.032025
      27.550000        0.032012
      27.650000        0.031950
      27.750000        0.031951
      27.850000        0.031824
      27.950000        0.031937
      28.050000        0.031835
      28.150000        0.031952
      28.250000        0.031827
      28.350000        0.031787
      28.450000        0.031793
      28.550000        0.031741
      28.650000        0.031752
      28.750000        0.031585
      28.850000        0.031636
      28.950000        0.031451
      29.050000        0.031589
      29.150000        0.031603
      29.250000        0.031493
      29.350000        0.031431
      29.450000        0.031392
      29.550000        0.031403
      29.650000        0.031362
      29.750000        0.031371
      29.850000        0.031253
      29.950000        0.031361
