#Distance_(Ang) :1-10@N1_=>_:K+
       0.050000        0.000000
       0.150000        0.000000
       0.250000        0.000000
       0.350000        0.000000
       0.450000        0.000000
       0.550000        0.000000
       0.650000        0.000000
       0.750000        0.000000
       0.850000        0.000000
       0.950000        0.000000
       1.050000        0.000000
       1.150000        0.000000
       1.250000        0.000000
       1.350000        0.000000
       1.450000        0.000000
       1.550000        0.000000
       1.650000        0.000000
       1.750000        0.000000
       1.850000        0.000000
       1.950000        0.000000
       2.050000        0.000000
       2.150000        0.000000
       2.250000        0.000000
       2.350000        0.000000
       2.450000        0.000014
       2.550000        0.001518
       2.650000        0.021546
       2.750000        0.069738
       2.850000        0.100111
       2.950000        0.090244
       3.050000        0.062612
       3.150000        0.040325
       3.250000        0.025605
       3.350000        0.017237
       3.450000        0.011980
       3.550000        0.008873
       3.650000        0.007535
       3.750000        0.006875
       3.850000        0.007150
       3.950000        0.008612
       4.050000        0.010494
       4.150000        0.014505
       4.250000        0.018450
       4.350000        0.023160
       4.450000        0.029203
       4.550000        0.036049
       4.650000        0.042297
       4.750000        0.047979
       4.850000        0.050656
       4.950000        0.050759
       5.050000        0.050207
       5.150000        0.049657
       5.250000        0.048996
       5.350000        0.048659
       5.450000        0.050774
       5.550000        0.052350
       5.650000        0.055519
       5.750000        0.059954
       5.850000        0.063959
       5.950000        0.065695
       6.050000        0.064342
       6.150000        0.059777
       6.250000        0.055028
       6.350000        0.052204
       6.450000        0.049223
       6.550000        0.048501
       6.650000        0.048717
       6.750000        0.049693
       6.850000        0.050026
       6.950000        0.050861
       7.050000        0.052098
       7.150000        0.052554
       7.250000        0.053162
       7.350000        0.053295
       7.450000        0.053087
       7.550000        0.052662
       7.650000        0.051546
       7.750000        0.051519
       7.850000        0.050604
       7.950000        0.050861
       8.050000        0.050139
       8.150000        0.050132
       8.250000        0.049976
       8.350000        0.050327
       8.450000        0.050102
       8.550000        0.049672
       8.650000        0.050150
       8.750000        0.050124
       8.850000        0.049579
       8.950000        0.050013
       9.050000        0.049787
       9.150000        0.049967
       9.250000        0.050307
       9.350000        0.050362
       9.450000        0.050450
       9.550000        0.050884
       9.650000        0.051044
       9.750000        0.050837
       9.850000        0.051304
       9.950000        0.051410
      10.050000        0.051496
      10.150000        0.051659
      10.250000        0.052111
      10.350000        0.052160
      10.450000        0.052196
      10.550000        0.052709
      10.650000        0.052864
      10.750000        0.053210
      10.850000        0.053694
      10.950000        0.053988
      11.050000        0.054066
      11.150000        0.054578
      11.250000        0.054284
      11.350000        0.054726
      11.450000        0.054042
      11.550000        0.053824
      11.650000        0.053590
      11.750000        0.053371
      11.850000        0.053421
      11.950000        0.052893
      12.050000        0.052873
      12.150000        0.052924
      12.250000        0.052349
      12.350000        0.052273
      12.450000        0.051876
      12.550000        0.051744
      12.650000        0.051538
      12.750000        0.051796
      12.850000        0.051515
      12.950000        0.051171
      13.050000        0.050977
      13.150000        0.050629
      13.250000        0.050159
      13.350000        0.049641
      13.450000        0.049278
      13.550000        0.048860
      13.650000        0.048629
      13.750000        0.048128
      13.850000        0.047770
      13.950000        0.047691
      14.050000        0.047893
      14.150000        0.047635
      14.250000        0.047680
      14.350000        0.047404
      14.450000        0.046898
      14.550000        0.046914
      14.650000        0.046847
      14.750000        0.046809
      14.850000        0.046621
      14.950000        0.046471
      15.050000        0.046043
      15.150000        0.045791
      15.250000        0.045395
      15.350000        0.045124
      15.450000        0.044754
      15.550000        0.044454
      15.650000        0.044259
      15.750000        0.044189
      15.850000        0.043781
      15.950000        0.043672
      16.050000        0.043076
      16.150000        0.042889
      16.250000        0.042710
      16.350000        0.042605
      16.450000        0.042522
      16.550000        0.042186
      16.650000        0.041900
      16.750000        0.041975
      16.850000        0.041692
      16.950000        0.041463
      17.050000        0.041295
      17.150000        0.041121
      17.250000        0.040987
      17.350000        0.040873
      17.450000        0.040909
      17.550000        0.040311
      17.650000        0.040446
      17.750000        0.040610
      17.850000        0.040321
      17.950000        0.040347
      18.050000        0.040122
      18.150000        0.040035
      18.250000        0.039782
      18.350000        0.039360
      18.450000        0.039279
      18.550000        0.039499
      18.650000        0.039174
      18.750000        0.039134
      18.850000        0.038892
      18.950000        0.038900
      19.050000        0.038791
      19.150000        0.038565
      19.250000        0.038526
      19.350000        0.038495
      19.450000        0.038326
      19.550000        0.038353
      19.650000        0.038149
      19.750000        0.038028
      19.850000        0.037958
      19.950000        0.037817
      20.050000        0.037631
      20.150000        0.037409
      20.250000        0.037475
      20.350000        0.037448
      20.450000        0.037178
      20.550000        0.037105
      20.650000        0.036967
      20.750000        0.036847
      20.850000        0.036831
      20.950000        0.036688
      21.050000        0.036512
      21.150000        0.036568
      21.250000        0.036543
      21.350000        0.036386
      21.450000        0.036356
      21.550000        0.036257
      21.650000        0.036081
      21.750000        0.036009
      21.850000        0.036032
      21.950000        0.035905
      22.050000        0.035839
      22.150000        0.035828
      22.250000        0.035863
      22.350000        0.035647
      22.450000        0.035764
      22.550000        0.035540
      22.650000        0.035626
      22.750000        0.035497
      22.850000        0.035247
      22.950000        0.035227
      23.050000        0.035243
      23.150000        0.035149
      23.250000        0.035071
      23.350000        0.034980
      23.450000        0.034899
      23.550000        0.034840
      23.650000        0.034721
      23.750000        0.034732
      23.850000        0.034705
      23.950000        0.034555
      24.050000        0.034682
      24.150000        0.034421
      24.250000        0.034492
      24.350000        0.034394
      24.450000        0.034353
      24.550000        0.034328
      24.650000        0.034189
      24.750000        0.034271
      24.850000        0.034140
      24.950000        0.034150
      25.050000        0.034053
      25.150000        0.034050
      25.250000        0.033819
      25.350000        0.033862
      25.450000        0.033901
      25.550000        0.033709
      25.650000        0.033763
      25.750000        0.033763
      25.850000        0.033696
      25.950000        0.033608
      26.050000        0.033524
      26.150000        0.033427
      26.250000        0.033487
      26.350000        0.033444
      26.450000        0.033395
      26.550000        0.033401
      26.650000        0.033338
      26.750000        0.033334
      26.850000        0.033211
      26.950000        0.033218
      27.050000        0.033042
      27.150000        0.032943
      27.250000        0.032978
      27.350000        0.032995
      27.450000        0.032916
      27.550000        0.032780
      27.650000        0.032852
      27.750000        0.032772
      27.850000        0.032746
      27.950000        0.032619
      28.050000        0.032674
      28.150000        0.032625
      28.250000        0.032540
      28.350000        0.032554
      28.450000        0.032442
      28.550000        0.032404
      28.650000        0.032405
      28.750000        0.032512
      28.850000        0.032268
      28.950000        0.032301
      29.050000        0.032324
      29.150000        0.032262
      29.250000        0.032141
      29.350000        0.032307
      29.450000        0.032107
      29.550000        0.032079
      29.650000        0.032059
      29.750000        0.032099
      29.850000        0.032120
      29.950000        0.032044
