#Distance_(Ang) :1-10@N3_=>_:K+
       0.050000        0.000000
       0.150000        0.000000
       0.250000        0.000000
       0.350000        0.000000
       0.450000        0.000000
       0.550000        0.000000
       0.650000        0.000000
       0.750000        0.000000
       0.850000        0.000000
       0.950000        0.000000
       1.050000        0.000000
       1.150000        0.000000
       1.250000        0.000000
       1.350000        0.000000
       1.450000        0.000000
       1.550000        0.000000
       1.650000        0.000000
       1.750000        0.000000
       1.850000        0.000000
       1.950000        0.000000
       2.050000        0.000000
       2.150000        0.000000
       2.250000        0.000000
       2.350000        0.000000
       2.450000        0.000014
       2.550000        0.000835
       2.650000        0.013942
       2.750000        0.049350
       2.850000        0.077178
       2.950000        0.072195
       3.050000        0.055209
       3.150000        0.038293
       3.250000        0.026376
       3.350000        0.017691
       3.450000        0.013335
       3.550000        0.010583
       3.650000        0.008838
       3.750000        0.007940
       3.850000        0.007766
       3.950000        0.007610
       4.050000        0.008999
       4.150000        0.009737
       4.250000        0.012268
       4.350000        0.016024
       4.450000        0.022197
       4.550000        0.031288
       4.650000        0.041540
       4.750000        0.050896
       4.850000        0.055336
       4.950000        0.055611
       5.050000        0.053260
       5.150000        0.049738
       5.250000        0.048772
       5.350000        0.048351
       5.450000        0.046532
       5.550000        0.045391
       5.650000        0.044693
       5.750000        0.045096
       5.850000        0.046878
       5.950000        0.048410
       6.050000        0.052836
       6.150000        0.060363
       6.250000        0.067485
       6.350000        0.067938
       6.450000        0.061668
       6.550000        0.054817
       6.650000        0.050170
       6.750000        0.048178
       6.850000        0.048576
       6.950000        0.049389
       7.050000        0.050698
       7.150000        0.051350
       7.250000        0.052334
       7.350000        0.053093
       7.450000        0.053730
       7.550000        0.054001
       7.650000        0.054827
       7.750000        0.055329
       7.850000        0.055909
       7.950000        0.056841
       8.050000        0.056330
       8.150000        0.055800
       8.250000        0.055616
       8.350000        0.055159
       8.450000        0.055200
       8.550000        0.054715
       8.650000        0.055288
       8.750000        0.054776
       8.850000        0.054815
       8.950000        0.055270
       9.050000        0.055603
       9.150000        0.056356
       9.250000        0.056547
       9.350000        0.057014
       9.450000        0.057583
       9.550000        0.057782
       9.650000        0.058189
       9.750000        0.058710
       9.850000        0.058744
       9.950000        0.058141
      10.050000        0.058449
      10.150000        0.058734
      10.250000        0.058090
      10.350000        0.057960
      10.450000        0.058107
      10.550000        0.056726
      10.650000        0.056841
      10.750000        0.056871
      10.850000        0.056698
      10.950000        0.056718
      11.050000        0.056597
      11.150000        0.056633
      11.250000        0.056347
      11.350000        0.056114
      11.450000        0.055656
      11.550000        0.055438
      11.650000        0.054651
      11.750000        0.054218
      11.850000        0.053572
      11.950000        0.053309
      12.050000        0.053109
      12.150000        0.052970
      12.250000        0.052551
      12.350000        0.052696
      12.450000        0.052169
      12.550000        0.051433
      12.650000        0.050925
      12.750000        0.051331
      12.850000        0.050604
      12.950000        0.050211
      13.050000        0.050381
      13.150000        0.049280
      13.250000        0.049058
      13.350000        0.048637
      13.450000        0.048347
      13.550000        0.047996
      13.650000        0.047417
      13.750000        0.047411
      13.850000        0.046955
      13.950000        0.046458
      14.050000        0.046507
      14.150000        0.045826
      14.250000        0.045557
      14.350000        0.045509
      14.450000        0.045164
      14.550000        0.044879
      14.650000        0.044741
      14.750000        0.044579
      14.850000        0.044454
      14.950000        0.044511
      15.050000        0.044023
      15.150000        0.043757
      15.250000        0.043871
      15.350000        0.043446
      15.450000        0.043136
      15.550000        0.042970
      15.650000        0.042966
      15.750000        0.042779
      15.850000        0.042590
      15.950000        0.042636
      16.050000        0.042341
      16.150000        0.042172
      16.250000        0.042093
      16.350000        0.042134
      16.450000        0.041913
      16.550000        0.041924
      16.650000        0.041561
      16.750000        0.041551
      16.850000        0.041219
      16.950000        0.041288
      17.050000        0.041258
      17.150000        0.040860
      17.250000        0.040431
      17.350000        0.040591
      17.450000        0.040406
      17.550000        0.040162
      17.650000        0.039842
      17.750000        0.039728
      17.850000        0.039524
      17.950000        0.039296
      18.050000        0.039252
      18.150000        0.038966
      18.250000        0.039005
      18.350000        0.038841
      18.450000        0.038543
      18.550000        0.038747
      18.650000        0.038432
      18.750000        0.038475
      18.850000        0.038400
      18.950000        0.038219
      19.050000        0.037932
      19.150000        0.038052
      19.250000        0.038183
      19.350000        0.037840
      19.450000        0.037631
      19.550000        0.037571
      19.650000        0.037300
      19.750000        0.037275
      19.850000        0.037231
      19.950000        0.037233
      20.050000        0.037236
      20.150000        0.037047
      20.250000        0.036944
      20.350000        0.036972
      20.450000        0.036907
      20.550000        0.036764
      20.650000        0.036676
      20.750000        0.036535
      20.850000        0.036656
      20.950000        0.036551
      21.050000        0.036466
      21.150000        0.036350
      21.250000        0.036395
      21.350000        0.036213
      21.450000        0.036227
      21.550000        0.036079
      21.650000        0.036119
      21.750000        0.035978
      21.850000        0.035730
      21.950000        0.035748
      22.050000        0.035847
      22.150000        0.035630
      22.250000        0.035662
      22.350000        0.035534
      22.450000        0.035431
      22.550000        0.035507
      22.650000        0.035314
      22.750000        0.035360
      22.850000        0.035261
      22.950000        0.035090
      23.050000        0.035129
      23.150000        0.035041
      23.250000        0.034920
      23.350000        0.034805
      23.450000        0.034810
      23.550000        0.034823
      23.650000        0.034617
      23.750000        0.034507
      23.850000        0.034564
      23.950000        0.034431
      24.050000        0.034287
      24.150000        0.034412
      24.250000        0.034299
      24.350000        0.034195
      24.450000        0.034240
      24.550000        0.034143
      24.650000        0.034073
      24.750000        0.034128
      24.850000        0.034093
      24.950000        0.033893
      25.050000        0.033779
      25.150000        0.033884
      25.250000        0.033751
      25.350000        0.033721
      25.450000        0.033611
      25.550000        0.033655
      25.650000        0.033542
      25.750000        0.033473
      25.850000        0.033619
      25.950000        0.033487
      26.050000        0.033488
      26.150000        0.033340
      26.250000        0.033342
      26.350000        0.033343
      26.450000        0.033258
      26.550000        0.033213
      26.650000        0.033115
      26.750000        0.033068
      26.850000        0.033073
      26.950000        0.032915
      27.050000        0.032958
      27.150000        0.032974
      27.250000        0.032903
      27.350000        0.032807
      27.450000        0.032790
      27.550000        0.032534
      27.650000        0.032711
      27.750000        0.032740
      27.850000        0.032699
      27.950000        0.032591
      28.050000        0.032617
      28.150000        0.032553
      28.250000        0.032474
      28.350000        0.032480
      28.450000        0.032447
      28.550000        0.032456
      28.650000        0.032373
      28.750000        0.032365
      28.850000        0.032382
      28.950000        0.032323
      29.050000        0.032249
      29.150000        0.032220
      29.250000        0.032168
      29.350000        0.032160
      29.450000        0.032027
      29.550000        0.032100
      29.650000        0.032066
      29.750000        0.032016
      29.850000        0.032037
      29.950000        0.032212
