#Distance_(Ang) :1-10@O2_=>_:K+
       0.050000        0.000000
       0.150000        0.000000
       0.250000        0.000000
       0.350000        0.000000
       0.450000        0.000000
       0.550000        0.000000
       0.650000        0.000000
       0.750000        0.000000
       0.850000        0.000000
       0.950000        0.000000
       1.050000        0.000000
       1.150000        0.000000
       1.250000        0.000000
       1.350000        0.000000
       1.450000        0.000000
       1.550000        0.000000
       1.650000        0.000000
       1.750000        0.000000
       1.850000        0.000000
       1.950000        0.000000
       2.050000        0.000000
       2.150000        0.000000
       2.250000        0.000000
       2.350000        0.000692
       2.450000        0.095429
       2.550000        0.886009
       2.650000        2.058073
       2.750000        2.231521
       2.850000        1.649173
       2.950000        1.047884
       3.050000        0.638512
       3.150000        0.385851
       3.250000        0.239117
       3.350000        0.154963
       3.450000        0.101914
       3.550000        0.074744
       3.650000        0.056739
       3.750000        0.047618
       3.850000        0.042030
       3.950000        0.040297
       4.050000        0.041437
       4.150000        0.045638
       4.250000        0.049966
       4.350000        0.058109
       4.450000        0.066001
       4.550000        0.075156
       4.650000        0.085254
       4.750000        0.091261
       4.850000        0.097816
       4.950000        0.103206
       5.050000        0.108428
       5.150000        0.110122
       5.250000        0.113024
       5.350000        0.115128
       5.450000        0.114924
       5.550000        0.112277
       5.650000        0.107984
       5.750000        0.102687
       5.850000        0.096201
       5.950000        0.092694
       6.050000        0.091364
       6.150000        0.089221
       6.250000        0.089147
       6.350000        0.086598
       6.450000        0.085266
       6.550000        0.084122
       6.650000        0.084015
       6.750000        0.082767
       6.850000        0.082668
       6.950000        0.083467
       7.050000        0.082317
       7.150000        0.082060
       7.250000        0.082556
       7.350000        0.083811
       7.450000        0.083041
       7.550000        0.085441
       7.650000        0.087237
       7.750000        0.087770
       7.850000        0.090177
       7.950000        0.091564
       8.050000        0.094381
       8.150000        0.096671
       8.250000        0.099075
       8.350000        0.101583
       8.450000        0.104211
       8.550000        0.106522
       8.650000        0.107875
       8.750000        0.110172
       8.850000        0.112279
       8.950000        0.114828
       9.050000        0.115282
       9.150000        0.117048
       9.250000        0.119658
       9.350000        0.120395
       9.450000        0.121990
       9.550000        0.121484
       9.650000        0.121012
       9.750000        0.119592
       9.850000        0.117209
       9.950000        0.114167
      10.050000        0.112745
      10.150000        0.108507
      10.250000        0.105164
      10.350000        0.102669
      10.450000        0.100530
      10.550000        0.097459
      10.650000        0.095275
      10.750000        0.093883
      10.850000        0.092076
      10.950000        0.090559
      11.050000        0.088068
      11.150000        0.085306
      11.250000        0.082614
      11.350000        0.079790
      11.450000        0.077584
      11.550000        0.076267
      11.650000        0.074837
      11.750000        0.073915
      11.850000        0.073308
      11.950000        0.073122
      12.050000        0.072870
      12.150000        0.072839
      12.250000        0.072077
      12.350000        0.071812
      12.450000        0.070784
      12.550000        0.070241
      12.650000        0.069214
      12.750000        0.068397
      12.850000        0.067563
      12.950000        0.066466
      13.050000        0.065738
      13.150000        0.064923
      13.250000        0.064248
      13.350000        0.064220
      13.450000        0.063611
      13.550000        0.063546
      13.650000        0.063086
      13.750000        0.062149
      13.850000        0.062214
      13.950000        0.061585
      14.050000        0.060866
      14.150000        0.060939
      14.250000        0.060406
      14.350000        0.059926
      14.450000        0.059493
      14.550000        0.058739
      14.650000        0.058282
      14.750000        0.057369
      14.850000        0.056305
      14.950000        0.056038
      15.050000        0.055475
      15.150000        0.054857
      15.250000        0.054219
      15.350000        0.054126
      15.450000        0.053052
      15.550000        0.052507
      15.650000        0.051815
      15.750000        0.051430
      15.850000        0.050832
      15.950000        0.050296
      16.050000        0.049626
      16.150000        0.049228
      16.250000        0.048610
      16.350000        0.047550
      16.450000        0.047222
      16.550000        0.046435
      16.650000        0.045984
      16.750000        0.045648
      16.850000        0.045200
      16.950000        0.044733
      17.050000        0.044533
      17.150000        0.043943
      17.250000        0.043493
      17.350000        0.042977
      17.450000        0.042659
      17.550000        0.042449
      17.650000        0.042147
      17.750000        0.041856
      17.850000        0.041728
      17.950000        0.041070
      18.050000        0.040914
      18.150000        0.040312
      18.250000        0.040245
      18.350000        0.040139
      18.450000        0.039633
      18.550000        0.039371
      18.650000        0.039228
      18.750000        0.039035
      18.850000        0.038375
      18.950000        0.038492
      19.050000        0.038120
      19.150000        0.038025
      19.250000        0.037627
      19.350000        0.037479
      19.450000        0.037302
      19.550000        0.037179
      19.650000        0.036871
      19.750000        0.036907
      19.850000        0.036833
      19.950000        0.036569
      20.050000        0.036338
      20.150000        0.036353
      20.250000        0.036434
      20.350000        0.035853
      20.450000        0.036048
      20.550000        0.035799
      20.650000        0.035814
      20.750000        0.035576
      20.850000        0.035737
      20.950000        0.035224
      21.050000        0.035508
      21.150000        0.035522
      21.250000        0.035321
      21.350000        0.035272
      21.450000        0.035017
      21.550000        0.035071
      21.650000        0.034968
      21.750000        0.034855
      21.850000        0.034698
      21.950000        0.034786
      22.050000        0.034529
      22.150000        0.034715
      22.250000        0.034428
      22.350000        0.034446
      22.450000        0.034419
      22.550000        0.034254
      22.650000        0.034156
      22.750000        0.034135
      22.850000        0.034107
      22.950000        0.033925
      23.050000        0.033869
      23.150000        0.033809
      23.250000        0.033697
      23.350000        0.033461
      23.450000        0.033571
      23.550000        0.033446
      23.650000        0.033530
      23.750000        0.033380
      23.850000        0.033315
      23.950000        0.033293
      24.050000        0.033149
      24.150000        0.032928
      24.250000        0.033032
      24.350000        0.032857
      24.450000        0.032937
      24.550000        0.032897
      24.650000        0.032740
      24.750000        0.032749
      24.850000        0.032749
      24.950000        0.032554
      25.050000        0.032684
      25.150000        0.032501
      25.250000        0.032513
      25.350000        0.032409
      25.450000        0.032458
      25.550000        0.032441
      25.650000        0.032304
      25.750000        0.032375
      25.850000        0.032285
      25.950000        0.032247
      26.050000        0.032236
      26.150000        0.032125
      26.250000        0.032110
      26.350000        0.032127
      26.450000        0.031823
      26.550000        0.031875
      26.650000        0.032023
      26.750000        0.031826
      26.850000        0.031834
      26.950000        0.031931
      27.050000        0.031852
      27.150000        0.031654
      27.250000        0.031473
      27.350000        0.031672
      27.450000        0.031674
      27.550000        0.031518
      27.650000        0.031537
      27.750000        0.031467
      27.850000        0.031409
      27.950000        0.031577
      28.050000        0.031411
      28.150000        0.031317
      28.250000        0.031232
      28.350000        0.031330
      28.450000        0.031384
      28.550000        0.031218
      28.650000        0.031121
      28.750000        0.031244
      28.850000        0.031073
      28.950000        0.030929
      29.050000        0.031096
      29.150000        0.030987
      29.250000        0.031042
      29.350000        0.031014
      29.450000        0.030845
      29.550000        0.030737
      29.650000        0.030850
      29.750000        0.030815
      29.850000        0.030687
      29.950000        0.030758
