#Distance_(Ang) :1-10@O6_=>_:K+
       0.050000        0.000000
       0.150000        0.000000
       0.250000        0.000000
       0.350000        0.000000
       0.450000        0.000000
       0.550000        0.000000
       0.650000        0.000000
       0.750000        0.000000
       0.850000        0.000000
       0.950000        0.000000
       1.050000        0.000000
       1.150000        0.000000
       1.250000        0.000000
       1.350000        0.000000
       1.450000        0.000000
       1.550000        0.000000
       1.650000        0.000000
       1.750000        0.000000
       1.850000        0.000000
       1.950000        0.000000
       2.050000        0.000000
       2.150000        0.000000
       2.250000        0.000000
       2.350000        0.000146
       2.450000        0.022939
       2.550000        0.236485
       2.650000        0.597160
       2.750000        0.678275
       2.850000        0.526994
       2.950000        0.343950
       3.050000        0.222588
       3.150000        0.146160
       3.250000        0.101244
       3.350000        0.077541
       3.450000        0.064683
       3.550000        0.056134
       3.650000        0.053416
       3.750000        0.052619
       3.850000        0.053677
       3.950000        0.058461
       4.050000        0.064093
       4.150000        0.073134
       4.250000        0.082212
       4.350000        0.090456
       4.450000        0.101407
       4.550000        0.109246
       4.650000        0.115247
       4.750000        0.116987
       4.850000        0.114682
       4.950000        0.108616
       5.050000        0.100614
       5.150000        0.093743
       5.250000        0.088750
       5.350000        0.081313
       5.450000        0.075933
       5.550000        0.070368
       5.650000        0.066176
       5.750000        0.062896
       5.850000        0.061095
       5.950000        0.061148
       6.050000        0.060708
       6.150000        0.060551
       6.250000        0.061081
       6.350000        0.061966
       6.450000        0.061732
       6.550000        0.062045
       6.650000        0.063388
       6.750000        0.066254
       6.850000        0.066079
       6.950000        0.066794
       7.050000        0.065915
       7.150000        0.063331
       7.250000        0.061125
       7.350000        0.061405
       7.450000        0.060587
       7.550000        0.061372
       7.650000        0.062429
       7.750000        0.063768
       7.850000        0.065216
       7.950000        0.066525
       8.050000        0.067769
       8.150000        0.070092
       8.250000        0.071831
       8.350000        0.073930
       8.450000        0.075170
       8.550000        0.076307
       8.650000        0.076631
       8.750000        0.077155
       8.850000        0.076605
       8.950000        0.076018
       9.050000        0.076169
       9.150000        0.075348
       9.250000        0.075218
       9.350000        0.073640
       9.450000        0.072934
       9.550000        0.071869
       9.650000        0.071273
       9.750000        0.070665
       9.850000        0.070208
       9.950000        0.069271
      10.050000        0.069452
      10.150000        0.068902
      10.250000        0.069513
      10.350000        0.069561
      10.450000        0.069275
      10.550000        0.069463
      10.650000        0.070292
      10.750000        0.070880
      10.850000        0.071327
      10.950000        0.072069
      11.050000        0.073278
      11.150000        0.073139
      11.250000        0.073107
      11.350000        0.072826
      11.450000        0.072807
      11.550000        0.073450
      11.650000        0.073227
      11.750000        0.072718
      11.850000        0.072332
      11.950000        0.071482
      12.050000        0.071148
      12.150000        0.070889
      12.250000        0.069395
      12.350000        0.069196
      12.450000        0.068637
      12.550000        0.067713
      12.650000        0.066924
      12.750000        0.066523
      12.850000        0.065705
      12.950000        0.064827
      13.050000        0.064517
      13.150000        0.063665
      13.250000        0.062670
      13.350000        0.062153
      13.450000        0.061030
      13.550000        0.060002
      13.650000        0.059094
      13.750000        0.057692
      13.850000        0.057422
      13.950000        0.056397
      14.050000        0.055270
      14.150000        0.054980
      14.250000        0.054181
      14.350000        0.053831
      14.450000        0.052871
      14.550000        0.052752
      14.650000        0.052490
      14.750000        0.051896
      14.850000        0.051547
      14.950000        0.051486
      15.050000        0.050874
      15.150000        0.050715
      15.250000        0.050418
      15.350000        0.050124
      15.450000        0.049507
      15.550000        0.049190
      15.650000        0.049260
      15.750000        0.048794
      15.850000        0.048413
      15.950000        0.048512
      16.050000        0.047937
      16.150000        0.047816
      16.250000        0.047246
      16.350000        0.047164
      16.450000        0.047046
      16.550000        0.046933
      16.650000        0.046278
      16.750000        0.046190
      16.850000        0.046078
      16.950000        0.045775
      17.050000        0.045326
      17.150000        0.045337
      17.250000        0.045047
      17.350000        0.044505
      17.450000        0.044205
      17.550000        0.044195
      17.650000        0.043788
      17.750000        0.043774
      17.850000        0.043267
      17.950000        0.043003
      18.050000        0.042907
      18.150000        0.042842
      18.250000        0.042628
      18.350000        0.042501
      18.450000        0.042318
      18.550000        0.042109
      18.650000        0.041662
      18.750000        0.041524
      18.850000        0.041239
      18.950000        0.040889
      19.050000        0.040815
      19.150000        0.040810
      19.250000        0.040368
      19.350000        0.040349
      19.450000        0.040183
      19.550000        0.040235
      19.650000        0.039839
      19.750000        0.039757
      19.850000        0.039554
      19.950000        0.039375
      20.050000        0.039130
      20.150000        0.038882
      20.250000        0.038980
      20.350000        0.038560
      20.450000        0.038502
      20.550000        0.038235
      20.650000        0.038152
      20.750000        0.037737
      20.850000        0.037902
      20.950000        0.037576
      21.050000        0.037549
      21.150000        0.037403
      21.250000        0.037164
      21.350000        0.037100
      21.450000        0.036849
      21.550000        0.037015
      21.650000        0.036524
      21.750000        0.036412
      21.850000        0.036569
      21.950000        0.036207
      22.050000        0.036110
      22.150000        0.035900
      22.250000        0.036226
      22.350000        0.035785
      22.450000        0.035796
      22.550000        0.035623
      22.650000        0.035394
      22.750000        0.035302
      22.850000        0.035333
      22.950000        0.035019
      23.050000        0.035013
      23.150000        0.034992
      23.250000        0.034912
      23.350000        0.035067
      23.450000        0.034705
      23.550000        0.034857
      23.650000        0.034556
      23.750000        0.034513
      23.850000        0.034348
      23.950000        0.034388
      24.050000        0.034191
      24.150000        0.034088
      24.250000        0.033926
      24.350000        0.033751
      24.450000        0.033863
      24.550000        0.033886
      24.650000        0.033859
      24.750000        0.033608
      24.850000        0.033704
      24.950000        0.033534
      25.050000        0.033541
      25.150000        0.033304
      25.250000        0.033377
      25.350000        0.033280
      25.450000        0.033442
      25.550000        0.033182
      25.650000        0.033299
      25.750000        0.032935
      25.850000        0.032973
      25.950000        0.032998
      26.050000        0.032777
      26.150000        0.032864
      26.250000        0.032771
      26.350000        0.032711
      26.450000        0.032787
      26.550000        0.032553
      26.650000        0.032590
      26.750000        0.032485
      26.850000        0.032378
      26.950000        0.032314
      27.050000        0.032363
      27.150000        0.032397
      27.250000        0.032221
      27.350000        0.032245
      27.450000        0.032263
      27.550000        0.032244
      27.650000        0.032076
      27.750000        0.032099
      27.850000        0.032062
      27.950000        0.032100
      28.050000        0.031960
      28.150000        0.031822
      28.250000        0.031963
      28.350000        0.031911
      28.450000        0.031893
      28.550000        0.031729
      28.650000        0.031881
      28.750000        0.031590
      28.850000        0.031709
      28.950000        0.031660
      29.050000        0.031695
      29.150000        0.031738
      29.250000        0.031560
      29.350000        0.031832
      29.450000        0.031600
      29.550000        0.031542
      29.650000        0.031562
      29.750000        0.031417
      29.850000        0.031474
      29.950000        0.031448
