#Distance_(Ang) :1-10@O2_=>_:K+
       0.050000        0.000000
       0.150000        0.000000
       0.250000        0.000000
       0.350000        0.000000
       0.450000        0.000000
       0.550000        0.000000
       0.650000        0.000000
       0.750000        0.000000
       0.850000        0.000000
       0.950000        0.000000
       1.050000        0.000000
       1.150000        0.000000
       1.250000        0.000000
       1.350000        0.000000
       1.450000        0.000000
       1.550000        0.000000
       1.650000        0.000000
       1.750000        0.000000
       1.850000        0.000000
       1.950000        0.000000
       2.050000        0.000000
       2.150000        0.000000
       2.250000        0.000000
       2.350000        0.000293
       2.450000        0.022373
       2.550000        0.236460
       2.650000        0.581078
       2.750000        0.617341
       2.850000        0.436815
       2.950000        0.253235
       3.050000        0.142699
       3.150000        0.082595
       3.250000        0.050139
       3.350000        0.034416
       3.450000        0.026197
       3.550000        0.020723
       3.650000        0.017903
       3.750000        0.017214
       3.850000        0.018504
       3.950000        0.019155
       4.050000        0.020529
       4.150000        0.024221
       4.250000        0.028918
       4.350000        0.034334
       4.450000        0.039533
       4.550000        0.047280
       4.650000        0.053298
       4.750000        0.058206
       4.850000        0.062566
       4.950000        0.066648
       5.050000        0.068571
       5.150000        0.070430
       5.250000        0.070814
       5.350000        0.071425
       5.450000        0.072914
       5.550000        0.071792
       5.650000        0.071701
       5.750000        0.069821
       5.850000        0.069559
       5.950000        0.070934
       6.050000        0.070235
       6.150000        0.072466
       6.250000        0.071864
       6.350000        0.074206
       6.450000        0.075672
       6.550000        0.077932
       6.650000        0.078236
       6.750000        0.081103
       6.850000        0.082677
       6.950000        0.085079
       7.050000        0.086299
       7.150000        0.082462
       7.250000        0.076921
       7.350000        0.072257
       7.450000        0.068657
       7.550000        0.067560
       7.650000        0.066638
       7.750000        0.066823
       7.850000        0.066880
       7.950000        0.067144
       8.050000        0.067596
       8.150000        0.067466
       8.250000        0.068821
       8.350000        0.070321
       8.450000        0.070083
       8.550000        0.071541
       8.650000        0.071962
       8.750000        0.073065
       8.850000        0.073930
       8.950000        0.073176
       9.050000        0.073992
       9.150000        0.073096
       9.250000        0.072814
       9.350000        0.073349
       9.450000        0.072084
       9.550000        0.072827
       9.650000        0.072726
       9.750000        0.071378
       9.850000        0.072355
       9.950000        0.072709
      10.050000        0.071955
      10.150000        0.071604
      10.250000        0.071283
      10.350000        0.070342
      10.450000        0.070772
      10.550000        0.068433
      10.650000        0.068651
      10.750000        0.068021
      10.850000        0.067122
      10.950000        0.067554
      11.050000        0.066302
      11.150000        0.066339
      11.250000        0.066151
      11.350000        0.065856
      11.450000        0.064491
      11.550000        0.064519
      11.650000        0.064195
      11.750000        0.064408
      11.850000        0.064087
      11.950000        0.064328
      12.050000        0.064029
      12.150000        0.064191
      12.250000        0.063213
      12.350000        0.062807
      12.450000        0.062551
      12.550000        0.061734
      12.650000        0.061351
      12.750000        0.060842
      12.850000        0.060077
      12.950000        0.059755
      13.050000        0.059963
      13.150000        0.059308
      13.250000        0.058604
      13.350000        0.058439
      13.450000        0.057445
      13.550000        0.057413
      13.650000        0.057035
      13.750000        0.056451
      13.850000        0.056155
      13.950000        0.055574
      14.050000        0.055383
      14.150000        0.055428
      14.250000        0.055207
      14.350000        0.054991
      14.450000        0.054620
      14.550000        0.054067
      14.650000        0.053542
      14.750000        0.053053
      14.850000        0.052514
      14.950000        0.052466
      15.050000        0.051883
      15.150000        0.051357
      15.250000        0.050603
      15.350000        0.050172
      15.450000        0.049821
      15.550000        0.049484
      15.650000        0.049158
      15.750000        0.048861
      15.850000        0.048357
      15.950000        0.048227
      16.050000        0.048059
      16.150000        0.047533
      16.250000        0.047596
      16.350000        0.047246
      16.450000        0.046558
      16.550000        0.046712
      16.650000        0.046116
      16.750000        0.045765
      16.850000        0.045562
      16.950000        0.045256
      17.050000        0.045059
      17.150000        0.044854
      17.250000        0.044629
      17.350000        0.044142
      17.450000        0.043834
      17.550000        0.043483
      17.650000        0.043244
      17.750000        0.043456
      17.850000        0.043174
      17.950000        0.042886
      18.050000        0.042325
      18.150000        0.042456
      18.250000        0.042172
      18.350000        0.042158
      18.450000        0.041694
      18.550000        0.041503
      18.650000        0.041273
      18.750000        0.041423
      18.850000        0.040809
      18.950000        0.041008
      19.050000        0.040792
      19.150000        0.040535
      19.250000        0.040155
      19.350000        0.040115
      19.450000        0.040066
      19.550000        0.039936
      19.650000        0.039701
      19.750000        0.039690
      19.850000        0.039564
      19.950000        0.039162
      20.050000        0.039361
      20.150000        0.038880
      20.250000        0.038840
      20.350000        0.038714
      20.450000        0.038526
      20.550000        0.038120
      20.650000        0.038177
      20.750000        0.037884
      20.850000        0.037776
      20.950000        0.037789
      21.050000        0.037642
      21.150000        0.037618
      21.250000        0.037411
      21.350000        0.037505
      21.450000        0.037168
      21.550000        0.037012
      21.650000        0.037082
      21.750000        0.036946
      21.850000        0.036778
      21.950000        0.036712
      22.050000        0.036655
      22.150000        0.036452
      22.250000        0.036487
      22.350000        0.036324
      22.450000        0.036243
      22.550000        0.036168
      22.650000        0.036043
      22.750000        0.035946
      22.850000        0.036043
      22.950000        0.035802
      23.050000        0.035626
      23.150000        0.035607
      23.250000        0.035123
      23.350000        0.035164
      23.450000        0.034897
      23.550000        0.034817
      23.650000        0.035018
      23.750000        0.034856
      23.850000        0.034930
      23.950000        0.034509
      24.050000        0.034423
      24.150000        0.034306
      24.250000        0.034363
      24.350000        0.034163
      24.450000        0.034332
      24.550000        0.034109
      24.650000        0.033830
      24.750000        0.033882
      24.850000        0.033797
      24.950000        0.033566
      25.050000        0.033725
      25.150000        0.033587
      25.250000        0.033617
      25.350000        0.033366
      25.450000        0.033546
      25.550000        0.033363
      25.650000        0.033384
      25.750000        0.033262
      25.850000        0.033196
      25.950000        0.033077
      26.050000        0.033052
      26.150000        0.033021
      26.250000        0.032981
      26.350000        0.032934
      26.450000        0.032842
      26.550000        0.032860
      26.650000        0.032748
      26.750000        0.032851
      26.850000        0.032666
      26.950000        0.032531
      27.050000        0.032574
      27.150000        0.032487
      27.250000        0.032609
      27.350000        0.032409
      27.450000        0.032425
      27.550000        0.032333
      27.650000        0.032362
      27.750000        0.032210
      27.850000        0.032280
      27.950000        0.032129
      28.050000        0.032144
      28.150000        0.032241
      28.250000        0.032102
      28.350000        0.031965
      28.450000        0.031834
      28.550000        0.032067
      28.650000        0.031939
      28.750000        0.031946
      28.850000        0.031826
      28.950000        0.031780
      29.050000        0.031825
      29.150000        0.031867
      29.250000        0.031713
      29.350000        0.031817
      29.450000        0.031723
      29.550000        0.031589
      29.650000        0.031654
      29.750000        0.031670
      29.850000        0.031640
      29.950000        0.031511
