#Distance_(Ang) :1-10@N7_=>_:K+
       0.050000        0.000000
       0.150000        0.000000
       0.250000        0.000000
       0.350000        0.000000
       0.450000        0.000000
       0.550000        0.000000
       0.650000        0.000000
       0.750000        0.000000
       0.850000        0.000000
       0.950000        0.000000
       1.050000        0.000000
       1.150000        0.000000
       1.250000        0.000000
       1.350000        0.000000
       1.450000        0.000000
       1.550000        0.000000
       1.650000        0.000000
       1.750000        0.000000
       1.850000        0.000000
       1.950000        0.000000
       2.050000        0.000000
       2.150000        0.000000
       2.250000        0.000000
       2.350000        0.000000
       2.450000        0.000135
       2.550000        0.017841
       2.650000        0.192986
       2.750000        0.512333
       2.850000        0.600381
       2.950000        0.456046
       3.050000        0.283588
       3.150000        0.166103
       3.250000        0.102101
       3.350000        0.064824
       3.450000        0.046493
       3.550000        0.035206
       3.650000        0.029732
       3.750000        0.026534
       3.850000        0.026647
       3.950000        0.027649
       4.050000        0.030010
       4.150000        0.034838
       4.250000        0.039364
       4.350000        0.045468
       4.450000        0.053302
       4.550000        0.059997
       4.650000        0.065279
       4.750000        0.071689
       4.850000        0.076351
       4.950000        0.080741
       5.050000        0.083368
       5.150000        0.084872
       5.250000        0.087071
       5.350000        0.089121
       5.450000        0.092837
       5.550000        0.093210
       5.650000        0.094669
       5.750000        0.095007
       5.850000        0.094283
       5.950000        0.090113
       6.050000        0.083683
       6.150000        0.076997
       6.250000        0.069511
       6.350000        0.066380
       6.450000        0.064357
       6.550000        0.063056
       6.650000        0.064028
       6.750000        0.066254
       6.850000        0.068307
       6.950000        0.069528
       7.050000        0.071290
       7.150000        0.073678
       7.250000        0.075360
       7.350000        0.077673
       7.450000        0.079211
       7.550000        0.079225
       7.650000        0.079830
       7.750000        0.081172
       7.850000        0.080606
       7.950000        0.080844
       8.050000        0.079827
       8.150000        0.078977
       8.250000        0.078907
       8.350000        0.077146
       8.450000        0.076439
       8.550000        0.075224
       8.650000        0.074777
       8.750000        0.073461
       8.850000        0.072971
       8.950000        0.072986
       9.050000        0.072901
       9.150000        0.073313
       9.250000        0.074167
       9.350000        0.075195
       9.450000        0.076466
       9.550000        0.075983
       9.650000        0.076552
       9.750000        0.076956
       9.850000        0.077213
       9.950000        0.077756
      10.050000        0.076692
      10.150000        0.076767
      10.250000        0.076218
      10.350000        0.076729
      10.450000        0.076495
      10.550000        0.075613
      10.650000        0.075074
      10.750000        0.074221
      10.850000        0.073387
      10.950000        0.072851
      11.050000        0.072645
      11.150000        0.072157
      11.250000        0.072063
      11.350000        0.071662
      11.450000        0.071700
      11.550000        0.071229
      11.650000        0.071284
      11.750000        0.071031
      11.850000        0.070929
      11.950000        0.070093
      12.050000        0.070877
      12.150000        0.069717
      12.250000        0.069282
      12.350000        0.069347
      12.450000        0.068546
      12.550000        0.068157
      12.650000        0.067979
      12.750000        0.066860
      12.850000        0.066920
      12.950000        0.065908
      13.050000        0.065571
      13.150000        0.064873
      13.250000        0.064294
      13.350000        0.063548
      13.450000        0.062193
      13.550000        0.061399
      13.650000        0.059760
      13.750000        0.058095
      13.850000        0.057595
      13.950000        0.056383
      14.050000        0.055562
      14.150000        0.054648
      14.250000        0.053738
      14.350000        0.052958
      14.450000        0.052576
      14.550000        0.052084
      14.650000        0.051373
      14.750000        0.051152
      14.850000        0.050438
      14.950000        0.049890
      15.050000        0.049961
      15.150000        0.049396
      15.250000        0.048928
      15.350000        0.048692
      15.450000        0.048572
      15.550000        0.047904
      15.650000        0.048230
      15.750000        0.047845
      15.850000        0.047874
      15.950000        0.047496
      16.050000        0.046994
      16.150000        0.046946
      16.250000        0.046245
      16.350000        0.045973
      16.450000        0.045429
      16.550000        0.045881
      16.650000        0.045453
      16.750000        0.045107
      16.850000        0.044815
      16.950000        0.044197
      17.050000        0.044355
      17.150000        0.043910
      17.250000        0.044202
      17.350000        0.043596
      17.450000        0.043320
      17.550000        0.043449
      17.650000        0.042971
      17.750000        0.043143
      17.850000        0.042794
      17.950000        0.042754
      18.050000        0.042765
      18.150000        0.042601
      18.250000        0.042420
      18.350000        0.042318
      18.450000        0.042160
      18.550000        0.042110
      18.650000        0.041723
      18.750000        0.041672
      18.850000        0.041020
      18.950000        0.041191
      19.050000        0.041025
      19.150000        0.040737
      19.250000        0.040805
      19.350000        0.040407
      19.450000        0.040020
      19.550000        0.039921
      19.650000        0.039575
      19.750000        0.039666
      19.850000        0.039578
      19.950000        0.038952
      20.050000        0.039084
      20.150000        0.038685
      20.250000        0.038500
      20.350000        0.038852
      20.450000        0.038737
      20.550000        0.038238
      20.650000        0.038175
      20.750000        0.038191
      20.850000        0.037970
      20.950000        0.037953
      21.050000        0.037656
      21.150000        0.037340
      21.250000        0.037262
      21.350000        0.037059
      21.450000        0.037006
      21.550000        0.036862
      21.650000        0.036727
      21.750000        0.036657
      21.850000        0.036592
      21.950000        0.036411
      22.050000        0.036283
      22.150000        0.036047
      22.250000        0.036047
      22.350000        0.035866
      22.450000        0.035959
      22.550000        0.035729
      22.650000        0.035629
      22.750000        0.035563
      22.850000        0.035424
      22.950000        0.035494
      23.050000        0.035116
      23.150000        0.035257
      23.250000        0.034872
      23.350000        0.034941
      23.450000        0.034906
      23.550000        0.034717
      23.650000        0.034437
      23.750000        0.034382
      23.850000        0.034294
      23.950000        0.034198
      24.050000        0.034125
      24.150000        0.034132
      24.250000        0.034101
      24.350000        0.033993
      24.450000        0.033976
      24.550000        0.033820
      24.650000        0.033475
      24.750000        0.033735
      24.850000        0.033498
      24.950000        0.033434
      25.050000        0.033416
      25.150000        0.033285
      25.250000        0.033195
      25.350000        0.033210
      25.450000        0.033092
      25.550000        0.033084
      25.650000        0.032955
      25.750000        0.032829
      25.850000        0.032778
      25.950000        0.032851
      26.050000        0.032692
      26.150000        0.032658
      26.250000        0.032597
      26.350000        0.032684
      26.450000        0.032570
      26.550000        0.032406
      26.650000        0.032581
      26.750000        0.032386
      26.850000        0.032337
      26.950000        0.032336
      27.050000        0.032408
      27.150000        0.032311
      27.250000        0.032036
      27.350000        0.032131
      27.450000        0.032138
      27.550000        0.032203
      27.650000        0.032037
      27.750000        0.031903
      27.850000        0.032051
      27.950000        0.031939
      28.050000        0.031929
      28.150000        0.031682
      28.250000        0.031862
      28.350000        0.031708
      28.450000        0.031753
      28.550000        0.031817
      28.650000        0.031686
      28.750000        0.031748
      28.850000        0.031610
      28.950000        0.031575
      29.050000        0.031503
      29.150000        0.031529
      29.250000        0.031550
      29.350000        0.031420
      29.450000        0.031398
      29.550000        0.031378
      29.650000        0.031466
      29.750000        0.031415
      29.850000        0.031344
      29.950000        0.031302
