#Distance_(Ang) :1-10@O4_=>_:K+
       0.050000        0.000000
       0.150000        0.000000
       0.250000        0.000000
       0.350000        0.000000
       0.450000        0.000000
       0.550000        0.000000
       0.650000        0.000000
       0.750000        0.000000
       0.850000        0.000000
       0.950000        0.000000
       1.050000        0.000000
       1.150000        0.000000
       1.250000        0.000000
       1.350000        0.000000
       1.450000        0.000000
       1.550000        0.000000
       1.650000        0.000000
       1.750000        0.000000
       1.850000        0.000000
       1.950000        0.000000
       2.050000        0.000000
       2.150000        0.000000
       2.250000        0.000000
       2.350000        0.000176
       2.450000        0.018356
       2.550000        0.185550
       2.650000        0.471106
       2.750000        0.540617
       2.850000        0.405380
       2.950000        0.255318
       3.050000        0.153535
       3.150000        0.093977
       3.250000        0.062318
       3.350000        0.042620
       3.450000        0.034598
       3.550000        0.028208
       3.650000        0.026150
       3.750000        0.024889
       3.850000        0.026811
       3.950000        0.028779
       4.050000        0.034025
       4.150000        0.037816
       4.250000        0.044694
       4.350000        0.053634
       4.450000        0.063312
       4.550000        0.074128
       4.650000        0.082349
       4.750000        0.090523
       4.850000        0.097216
       4.950000        0.104594
       5.050000        0.108196
       5.150000        0.112113
       5.250000        0.114705
       5.350000        0.113323
       5.450000        0.111578
       5.550000        0.107546
       5.650000        0.102328
       5.750000        0.098511
       5.850000        0.095570
       5.950000        0.093353
       6.050000        0.092561
       6.150000        0.091547
       6.250000        0.089847
       6.350000        0.089090
       6.450000        0.088445
       6.550000        0.088421
       6.650000        0.088193
       6.750000        0.088622
       6.850000        0.088046
       6.950000        0.087116
       7.050000        0.084584
       7.150000        0.079794
       7.250000        0.076564
       7.350000        0.073390
       7.450000        0.069902
       7.550000        0.068196
       7.650000        0.066964
       7.750000        0.065360
       7.850000        0.064559
       7.950000        0.064228
       8.050000        0.063281
       8.150000        0.062783
       8.250000        0.063731
       8.350000        0.063588
       8.450000        0.063266
       8.550000        0.064121
       8.650000        0.064401
       8.750000        0.065087
       8.850000        0.065752
       8.950000        0.066105
       9.050000        0.066411
       9.150000        0.066944
       9.250000        0.066951
       9.350000        0.066987
       9.450000        0.066250
       9.550000        0.065350
       9.650000        0.064684
       9.750000        0.064511
       9.850000        0.063048
       9.950000        0.062848
      10.050000        0.062810
      10.150000        0.062808
      10.250000        0.063001
      10.350000        0.062795
      10.450000        0.063447
      10.550000        0.063626
      10.650000        0.064608
      10.750000        0.065247
      10.850000        0.065497
      10.950000        0.065810
      11.050000        0.065634
      11.150000        0.065514
      11.250000        0.064985
      11.350000        0.063974
      11.450000        0.063428
      11.550000        0.062854
      11.650000        0.062145
      11.750000        0.062035
      11.850000        0.061426
      11.950000        0.061402
      12.050000        0.061644
      12.150000        0.061681
      12.250000        0.061956
      12.350000        0.060831
      12.450000        0.060975
      12.550000        0.061779
      12.650000        0.061278
      12.750000        0.061289
      12.850000        0.060931
      12.950000        0.061112
      13.050000        0.060365
      13.150000        0.059801
      13.250000        0.059420
      13.350000        0.058227
      13.450000        0.057991
      13.550000        0.057491
      13.650000        0.057042
      13.750000        0.056592
      13.850000        0.056347
      13.950000        0.055670
      14.050000        0.055493
      14.150000        0.055018
      14.250000        0.054838
      14.350000        0.054368
      14.450000        0.054041
      14.550000        0.053430
      14.650000        0.053324
      14.750000        0.052687
      14.850000        0.052138
      14.950000        0.051644
      15.050000        0.051240
      15.150000        0.051090
      15.250000        0.050524
      15.350000        0.050270
      15.450000        0.050059
      15.550000        0.049433
      15.650000        0.049440
      15.750000        0.048960
      15.850000        0.048656
      15.950000        0.048567
      16.050000        0.048079
      16.150000        0.047890
      16.250000        0.047662
      16.350000        0.047456
      16.450000        0.047133
      16.550000        0.046731
      16.650000        0.046429
      16.750000        0.046195
      16.850000        0.045817
      16.950000        0.045294
      17.050000        0.045172
      17.150000        0.044969
      17.250000        0.044703
      17.350000        0.044467
      17.450000        0.044227
      17.550000        0.043716
      17.650000        0.043789
      17.750000        0.043425
      17.850000        0.042762
      17.950000        0.042962
      18.050000        0.042770
      18.150000        0.042543
      18.250000        0.042018
      18.350000        0.041781
      18.450000        0.041876
      18.550000        0.041848
      18.650000        0.041239
      18.750000        0.041377
      18.850000        0.040741
      18.950000        0.040451
      19.050000        0.040764
      19.150000        0.040584
      19.250000        0.040258
      19.350000        0.040033
      19.450000        0.040159
      19.550000        0.039618
      19.650000        0.039559
      19.750000        0.039690
      19.850000        0.039194
      19.950000        0.039141
      20.050000        0.039158
      20.150000        0.038882
      20.250000        0.038893
      20.350000        0.038781
      20.450000        0.038563
      20.550000        0.038665
      20.650000        0.038214
      20.750000        0.038173
      20.850000        0.038091
      20.950000        0.038222
      21.050000        0.037976
      21.150000        0.037912
      21.250000        0.037643
      21.350000        0.037608
      21.450000        0.037538
      21.550000        0.037294
      21.650000        0.037167
      21.750000        0.037083
      21.850000        0.037087
      21.950000        0.036652
      22.050000        0.036798
      22.150000        0.036396
      22.250000        0.036537
      22.350000        0.036347
      22.450000        0.036393
      22.550000        0.036103
      22.650000        0.036136
      22.750000        0.035905
      22.850000        0.035815
      22.950000        0.035540
      23.050000        0.035429
      23.150000        0.035557
      23.250000        0.035491
      23.350000        0.035373
      23.450000        0.035237
      23.550000        0.035048
      23.650000        0.035072
      23.750000        0.035077
      23.850000        0.034912
      23.950000        0.034954
      24.050000        0.034773
      24.150000        0.034548
      24.250000        0.034678
      24.350000        0.034399
      24.450000        0.034329
      24.550000        0.034466
      24.650000        0.034348
      24.750000        0.034201
      24.850000        0.034297
      24.950000        0.034089
      25.050000        0.033963
      25.150000        0.033756
      25.250000        0.033987
      25.350000        0.033745
      25.450000        0.033559
      25.550000        0.033642
      25.650000        0.033440
      25.750000        0.033331
      25.850000        0.033347
      25.950000        0.033401
      26.050000        0.033135
      26.150000        0.033253
      26.250000        0.033164
      26.350000        0.033087
      26.450000        0.032945
      26.550000        0.032900
      26.650000        0.032898
      26.750000        0.032816
      26.850000        0.032690
      26.950000        0.032754
      27.050000        0.032687
      27.150000        0.032660
      27.250000        0.032513
      27.350000        0.032473
      27.450000        0.032469
      27.550000        0.032461
      27.650000        0.032446
      27.750000        0.032286
      27.850000        0.032187
      27.950000        0.032202
      28.050000        0.032241
      28.150000        0.032126
      28.250000        0.032168
      28.350000        0.032141
      28.450000        0.031943
      28.550000        0.032035
      28.650000        0.031836
      28.750000        0.031860
      28.850000        0.031946
      28.950000        0.031801
      29.050000        0.031829
      29.150000        0.031682
      29.250000        0.031827
      29.350000        0.031645
      29.450000        0.031715
      29.550000        0.031601
      29.650000        0.031496
      29.750000        0.031439
      29.850000        0.031551
      29.950000        0.031619
