#Distance_(Ang) :1-10@O6_=>_:K+
       0.050000        0.000000
       0.150000        0.000000
       0.250000        0.000000
       0.350000        0.000000
       0.450000        0.000000
       0.550000        0.000000
       0.650000        0.000000
       0.750000        0.000000
       0.850000        0.000000
       0.950000        0.000000
       1.050000        0.000000
       1.150000        0.000000
       1.250000        0.000000
       1.350000        0.000000
       1.450000        0.000000
       1.550000        0.000000
       1.650000        0.000000
       1.750000        0.000000
       1.850000        0.000000
       1.950000        0.000000
       2.050000        0.000000
       2.150000        0.000000
       2.250000        0.000000
       2.350000        0.000166
       2.450000        0.028831
       2.550000        0.322390
       2.650000        0.850602
       2.750000        1.002764
       2.850000        0.779391
       2.950000        0.514988
       3.050000        0.325590
       3.150000        0.214234
       3.250000        0.149103
       3.350000        0.112638
       3.450000        0.093424
       3.550000        0.083246
       3.650000        0.077682
       3.750000        0.079300
       3.850000        0.083796
       3.950000        0.093006
       4.050000        0.107013
       4.150000        0.126981
       4.250000        0.147844
       4.350000        0.171026
       4.450000        0.189899
       4.550000        0.199139
       4.650000        0.200061
       4.750000        0.196048
       4.850000        0.187905
       4.950000        0.176363
       5.050000        0.165817
       5.150000        0.155395
       5.250000        0.144134
       5.350000        0.134695
       5.450000        0.125957
       5.550000        0.118394
       5.650000        0.116774
       5.750000        0.121438
       5.850000        0.129378
       5.950000        0.141841
       6.050000        0.150720
       6.150000        0.155536
       6.250000        0.156945
       6.350000        0.153987
       6.450000        0.148577
       6.550000        0.142502
       6.650000        0.137103
       6.750000        0.132288
       6.850000        0.124885
       6.950000        0.115784
       7.050000        0.106665
       7.150000        0.101599
       7.250000        0.097900
       7.350000        0.094723
       7.450000        0.092868
       7.550000        0.091063
       7.650000        0.090999
       7.750000        0.089001
       7.850000        0.087386
       7.950000        0.086463
       8.050000        0.084806
       8.150000        0.083648
       8.250000        0.083361
       8.350000        0.083020
       8.450000        0.083456
       8.550000        0.084657
       8.650000        0.086804
       8.750000        0.090042
       8.850000        0.092628
       8.950000        0.094127
       9.050000        0.094021
       9.150000        0.092014
       9.250000        0.087677
       9.350000        0.084427
       9.450000        0.080451
       9.550000        0.077927
       9.650000        0.075005
       9.750000        0.073659
       9.850000        0.072155
       9.950000        0.070560
      10.050000        0.069665
      10.150000        0.068773
      10.250000        0.067007
      10.350000        0.066626
      10.450000        0.066099
      10.550000        0.065517
      10.650000        0.064441
      10.750000        0.064246
      10.850000        0.063595
      10.950000        0.062931
      11.050000        0.062699
      11.150000        0.062511
      11.250000        0.062435
      11.350000        0.062889
      11.450000        0.063282
      11.550000        0.063296
      11.650000        0.063471
      11.750000        0.064048
      11.850000        0.064149
      11.950000        0.064838
      12.050000        0.064370
      12.150000        0.064765
      12.250000        0.065109
      12.350000        0.065160
      12.450000        0.065624
      12.550000        0.065740
      12.650000        0.065964
      12.750000        0.065373
      12.850000        0.065665
      12.950000        0.065150
      13.050000        0.064473
      13.150000        0.063793
      13.250000        0.062986
      13.350000        0.062508
      13.450000        0.062111
      13.550000        0.060825
      13.650000        0.060131
      13.750000        0.059415
      13.850000        0.058860
      13.950000        0.058232
      14.050000        0.057539
      14.150000        0.056869
      14.250000        0.056425
      14.350000        0.055930
      14.450000        0.055805
      14.550000        0.055408
      14.650000        0.054880
      14.750000        0.054838
      14.850000        0.054211
      14.950000        0.054098
      15.050000        0.053443
      15.150000        0.052992
      15.250000        0.052452
      15.350000        0.052108
      15.450000        0.051606
      15.550000        0.051550
      15.650000        0.050825
      15.750000        0.050490
      15.850000        0.050185
      15.950000        0.049911
      16.050000        0.049402
      16.150000        0.049243
      16.250000        0.048749
      16.350000        0.048406
      16.450000        0.048341
      16.550000        0.048036
      16.650000        0.047542
      16.750000        0.047180
      16.850000        0.046923
      16.950000        0.046736
      17.050000        0.046422
      17.150000        0.045918
      17.250000        0.045507
      17.350000        0.045428
      17.450000        0.045080
      17.550000        0.044648
      17.650000        0.044515
      17.750000        0.044068
      17.850000        0.043498
      17.950000        0.043433
      18.050000        0.043171
      18.150000        0.042699
      18.250000        0.042467
      18.350000        0.042240
      18.450000        0.042042
      18.550000        0.041652
      18.650000        0.041540
      18.750000        0.041281
      18.850000        0.040849
      18.950000        0.040669
      19.050000        0.040455
      19.150000        0.040190
      19.250000        0.039822
      19.350000        0.039889
      19.450000        0.039633
      19.550000        0.039461
      19.650000        0.039014
      19.750000        0.038924
      19.850000        0.038687
      19.950000        0.038656
      20.050000        0.038503
      20.150000        0.038317
      20.250000        0.038137
      20.350000        0.037878
      20.450000        0.037659
      20.550000        0.037520
      20.650000        0.037195
      20.750000        0.037396
      20.850000        0.037119
      20.950000        0.036883
      21.050000        0.036703
      21.150000        0.036682
      21.250000        0.036495
      21.350000        0.036219
      21.450000        0.036040
      21.550000        0.036005
      21.650000        0.035871
      21.750000        0.035818
      21.850000        0.035690
      21.950000        0.035491
      22.050000        0.035276
      22.150000        0.035110
      22.250000        0.035095
      22.350000        0.034853
      22.450000        0.034819
      22.550000        0.034759
      22.650000        0.034544
      22.750000        0.034398
      22.850000        0.034310
      22.950000        0.034196
      23.050000        0.034100
      23.150000        0.033985
      23.250000        0.033904
      23.350000        0.033761
      23.450000        0.033667
      23.550000        0.033463
      23.650000        0.033406
      23.750000        0.033411
      23.850000        0.033331
      23.950000        0.033147
      24.050000        0.033145
      24.150000        0.033055
      24.250000        0.033040
      24.350000        0.032944
      24.450000        0.032869
      24.550000        0.032827
      24.650000        0.032684
      24.750000        0.032663
      24.850000        0.032629
      24.950000        0.032559
      25.050000        0.032536
      25.150000        0.032587
      25.250000        0.032555
      25.350000        0.032463
      25.450000        0.032448
      25.550000        0.032382
      25.650000        0.032329
      25.750000        0.032276
      25.850000        0.032385
      25.950000        0.032222
      26.050000        0.032173
      26.150000        0.032313
      26.250000        0.032152
      26.350000        0.032120
      26.450000        0.032115
      26.550000        0.032031
      26.650000        0.032076
      26.750000        0.032002
      26.850000        0.031844
      26.950000        0.031881
      27.050000        0.031909
      27.150000        0.031865
      27.250000        0.031787
      27.350000        0.031680
      27.450000        0.031631
      27.550000        0.031619
      27.650000        0.031632
      27.750000        0.031585
      27.850000        0.031610
      27.950000        0.031621
      28.050000        0.031475
      28.150000        0.031468
      28.250000        0.031524
      28.350000        0.031549
      28.450000        0.031511
      28.550000        0.031285
      28.650000        0.031343
      28.750000        0.031334
      28.850000        0.031368
      28.950000        0.031264
      29.050000        0.031316
      29.150000        0.031107
      29.250000        0.031178
      29.350000        0.031117
      29.450000        0.030956
      29.550000        0.031208
      29.650000        0.031028
      29.750000        0.030955
      29.850000        0.030890
      29.950000        0.030993
