#Distance_(Ang) :A,A3,U,U3@P_=>_:K+
       0.050000            0.000000
       0.150000            0.000000
       0.250000            0.000000
       0.350000            0.000000
       0.450000            0.000000
       0.550000            0.000000
       0.650000            0.000000
       0.750000            0.000000
       0.850000            0.000000
       0.950000            0.000000
       1.050000            0.000000
       1.150000            0.000000
       1.250000            0.000000
       1.350000            0.000000
       1.450000            0.000000
       1.550000            0.000000
       1.650000            0.000000
       1.750000            0.000000
       1.850000            0.000000
       1.950000            0.000000
       2.050000            0.000000
       2.150000            0.000000
       2.250000            0.000000
       2.350000            0.000000
       2.450000            0.000000
       2.550000            0.000000
       2.650000            0.000000
       2.750000            0.000000
       2.850000            0.000011
       2.950000            0.000671
       3.050000            0.008331
       3.150000            0.038846
       3.250000            0.090934
       3.350000            0.144877
       3.450000            0.181691
       3.550000            0.190570
       3.650000            0.201809
       3.750000            0.209628
       3.850000            0.211513
       3.950000            0.185945
       4.050000            0.136474
       4.150000            0.081949
       4.250000            0.044914
       4.350000            0.027642
       4.450000            0.021107
       4.550000            0.018936
       4.650000            0.020755
       4.750000            0.024206
       4.850000            0.028609
       4.950000            0.036683
       5.050000            0.044926
       5.150000            0.053594
       5.250000            0.064622
       5.350000            0.075292
       5.450000            0.086551
       5.550000            0.098056
       5.650000            0.107049
       5.750000            0.116503
       5.850000            0.122474
       5.950000            0.125787
       6.050000            0.126590
       6.150000            0.123141
       6.250000            0.115319
       6.350000            0.104663
       6.450000            0.092776
       6.550000            0.083437
       6.650000            0.074161
       6.750000            0.066211
       6.850000            0.061482
       6.950000            0.057656
       7.050000            0.056646
       7.150000            0.057343
       7.250000            0.058791
       7.350000            0.061317
       7.450000            0.063696
       7.550000            0.066777
       7.650000            0.069377
       7.750000            0.072347
       7.850000            0.074770
       7.950000            0.076988
       8.050000            0.078125
       8.150000            0.079451
       8.250000            0.080706
       8.350000            0.080533
       8.450000            0.079391
       8.550000            0.078693
       8.650000            0.076813
       8.750000            0.075528
       8.850000            0.073200
       8.950000            0.071616
       9.050000            0.070433
       9.150000            0.069538
       9.250000            0.069154
       9.350000            0.068510
       9.450000            0.067856
       9.550000            0.066725
       9.650000            0.066104
       9.750000            0.065400
       9.850000            0.064880
       9.950000            0.065501
      10.050000            0.065438
      10.150000            0.065830
      10.250000            0.066396
      10.350000            0.066362
      10.450000            0.066429
      10.550000            0.066364
      10.650000            0.065511
      10.750000            0.065337
      10.850000            0.063981
      10.950000            0.063253
      11.050000            0.062854
      11.150000            0.062055
      11.250000            0.061113
      11.350000            0.060093
      11.450000            0.059651
      11.550000            0.058576
      11.650000            0.058248
      11.750000            0.057378
      11.850000            0.057074
      11.950000            0.056518
      12.050000            0.055814
      12.150000            0.055780
      12.250000            0.055295
      12.350000            0.054506
      12.450000            0.054294
      12.550000            0.053776
      12.650000            0.053003
      12.750000            0.052632
      12.850000            0.051990
      12.950000            0.051775
      13.050000            0.051473
      13.150000            0.051306
      13.250000            0.051288
      13.350000            0.051343
      13.450000            0.051227
      13.550000            0.051187
      13.650000            0.051008
      13.750000            0.050918
      13.850000            0.050720
      13.950000            0.050798
      14.050000            0.050151
      14.150000            0.050191
      14.250000            0.050123
      14.350000            0.049501
      14.450000            0.049167
      14.550000            0.048957
      14.650000            0.048679
      14.750000            0.048307
      14.850000            0.047957
      14.950000            0.047715
      15.050000            0.047405
      15.150000            0.047007
      15.250000            0.046664
      15.350000            0.046362
      15.450000            0.045891
      15.550000            0.046081
      15.650000            0.045352
      15.750000            0.045308
      15.850000            0.044867
      15.950000            0.044609
      16.050000            0.044686
      16.150000            0.044600
      16.250000            0.044248
      16.350000            0.043977
      16.450000            0.043827
      16.550000            0.043287
      16.650000            0.043146
      16.750000            0.042928
      16.850000            0.042911
      16.950000            0.042257
      17.050000            0.042096
      17.150000            0.041735
      17.250000            0.041628
      17.350000            0.041464
      17.450000            0.041330
      17.550000            0.040616
      17.650000            0.040716
      17.750000            0.040384
      17.850000            0.040529
      17.950000            0.040187
      18.050000            0.039891
      18.150000            0.039857
      18.250000            0.039658
      18.350000            0.039613
      18.450000            0.039430
      18.550000            0.039277
      18.650000            0.039223
      18.750000            0.039163
      18.850000            0.039017
      18.950000            0.038847
      19.050000            0.038814
      19.150000            0.038664
      19.250000            0.038460
      19.350000            0.038503
      19.450000            0.038436
      19.550000            0.038439
      19.650000            0.038203
      19.750000            0.038088
      19.850000            0.037846
      19.950000            0.037656
      20.050000            0.037610
      20.150000            0.037491
      20.250000            0.037315
      20.350000            0.037119
      20.450000            0.037031
      20.550000            0.037207
      20.650000            0.036996
      20.750000            0.036851
      20.850000            0.036788
      20.950000            0.036391
      21.050000            0.036473
      21.150000            0.036341
      21.250000            0.036162
      21.350000            0.036059
      21.450000            0.035833
      21.550000            0.035984
      21.650000            0.035742
      21.750000            0.035674
      21.850000            0.035807
      21.950000            0.035473
      22.050000            0.035436
      22.150000            0.035355
      22.250000            0.035286
      22.350000            0.035370
      22.450000            0.035338
      22.550000            0.035093
      22.650000            0.035081
      22.750000            0.034861
      22.850000            0.034863
      22.950000            0.034638
      23.050000            0.034685
      23.150000            0.034671
      23.250000            0.034580
      23.350000            0.034594
      23.450000            0.034417
      23.550000            0.034361
      23.650000            0.034268
      23.750000            0.034255
      23.850000            0.034209
      23.950000            0.034029
      24.050000            0.034081
      24.150000            0.033932
      24.250000            0.034024
      24.350000            0.034043
      24.450000            0.033771
      24.550000            0.033711
      24.650000            0.033703
      24.750000            0.033603
      24.850000            0.033477
      24.950000            0.033438
      25.050000            0.033539
      25.150000            0.033162
      25.250000            0.033326
      25.350000            0.033298
      25.450000            0.033175
      25.550000            0.033108
      25.650000            0.033057
      25.750000            0.033056
      25.850000            0.033119
      25.950000            0.032988
      26.050000            0.032932
      26.150000            0.032854
      26.250000            0.032836
      26.350000            0.032821
      26.450000            0.032706
      26.550000            0.032764
      26.650000            0.032690
      26.750000            0.032550
      26.850000            0.032554
      26.950000            0.032592
      27.050000            0.032577
      27.150000            0.032407
      27.250000            0.032297
      27.350000            0.032576
      27.450000            0.032286
      27.550000            0.032321
      27.650000            0.032203
      27.750000            0.032220
      27.850000            0.032181
      27.950000            0.032057
      28.050000            0.032057
      28.150000            0.032061
      28.250000            0.032012
      28.350000            0.031968
      28.450000            0.031876
      28.550000            0.031978
      28.650000            0.031761
      28.750000            0.031868
      28.850000            0.031779
      28.950000            0.031760
      29.050000            0.031710
      29.150000            0.031682
      29.250000            0.031621
      29.350000            0.031624
      29.450000            0.031581
      29.550000            0.031564
      29.650000            0.031518
      29.750000            0.031473
      29.850000            0.031475
      29.950000            0.031353
