#Distance_(Ang) :1-10@O4_=>_:K+
       0.050000        0.000000
       0.150000        0.000000
       0.250000        0.000000
       0.350000        0.000000
       0.450000        0.000000
       0.550000        0.000000
       0.650000        0.000000
       0.750000        0.000000
       0.850000        0.000000
       0.950000        0.000000
       1.050000        0.000000
       1.150000        0.000000
       1.250000        0.000000
       1.350000        0.000000
       1.450000        0.000000
       1.550000        0.000000
       1.650000        0.000000
       1.750000        0.000000
       1.850000        0.000000
       1.950000        0.000000
       2.050000        0.000000
       2.150000        0.000000
       2.250000        0.000000
       2.350000        0.000205
       2.450000        0.021651
       2.550000        0.231238
       2.650000        0.551406
       2.750000        0.589158
       2.850000        0.417373
       2.950000        0.244134
       3.050000        0.133353
       3.150000        0.076586
       3.250000        0.047780
       3.350000        0.031344
       3.450000        0.022559
       3.550000        0.018510
       3.650000        0.015701
       3.750000        0.015749
       3.850000        0.015443
       3.950000        0.018028
       4.050000        0.019761
       4.150000        0.024198
       4.250000        0.027987
       4.350000        0.034549
       4.450000        0.039716
       4.550000        0.045212
       4.650000        0.052993
       4.750000        0.058015
       4.850000        0.063214
       4.950000        0.066505
       5.050000        0.068227
       5.150000        0.069510
       5.250000        0.068958
       5.350000        0.071007
       5.450000        0.070037
       5.550000        0.072065
       5.650000        0.071284
       5.750000        0.071496
       5.850000        0.073390
       5.950000        0.073154
       6.050000        0.073026
       6.150000        0.073940
       6.250000        0.074349
       6.350000        0.074680
       6.450000        0.075736
       6.550000        0.076369
       6.650000        0.078451
       6.750000        0.080256
       6.850000        0.082819
       6.950000        0.083338
       7.050000        0.083563
       7.150000        0.080717
       7.250000        0.074664
       7.350000        0.068194
       7.450000        0.064162
       7.550000        0.061543
       7.650000        0.061254
       7.750000        0.060302
       7.850000        0.059775
       7.950000        0.059573
       8.050000        0.059499
       8.150000        0.061112
       8.250000        0.061656
       8.350000        0.061906
       8.450000        0.063395
       8.550000        0.064179
       8.650000        0.064471
       8.750000        0.066344
       8.850000        0.065873
       8.950000        0.066537
       9.050000        0.065816
       9.150000        0.065255
       9.250000        0.064161
       9.350000        0.062275
       9.450000        0.060620
       9.550000        0.059311
       9.650000        0.058869
       9.750000        0.057496
       9.850000        0.056468
       9.950000        0.056660
      10.050000        0.056564
      10.150000        0.056176
      10.250000        0.055929
      10.350000        0.055451
      10.450000        0.055441
      10.550000        0.056099
      10.650000        0.056007
      10.750000        0.056460
      10.850000        0.056255
      10.950000        0.056851
      11.050000        0.057159
      11.150000        0.056907
      11.250000        0.056983
      11.350000        0.056354
      11.450000        0.056590
      11.550000        0.056114
      11.650000        0.055595
      11.750000        0.055595
      11.850000        0.055289
      11.950000        0.055804
      12.050000        0.055476
      12.150000        0.055409
      12.250000        0.055360
      12.350000        0.055115
      12.450000        0.054882
      12.550000        0.054999
      12.650000        0.054584
      12.750000        0.054402
      12.850000        0.053692
      12.950000        0.053425
      13.050000        0.052866
      13.150000        0.052522
      13.250000        0.051749
      13.350000        0.051691
      13.450000        0.051436
      13.550000        0.050703
      13.650000        0.050561
      13.750000        0.050704
      13.850000        0.049934
      13.950000        0.049903
      14.050000        0.049452
      14.150000        0.049310
      14.250000        0.049364
      14.350000        0.048534
      14.450000        0.048467
      14.550000        0.048063
      14.650000        0.047580
      14.750000        0.047523
      14.850000        0.047464
      14.950000        0.046859
      15.050000        0.047298
      15.150000        0.046602
      15.250000        0.046214
      15.350000        0.045919
      15.450000        0.045525
      15.550000        0.045567
      15.650000        0.045061
      15.750000        0.045128
      15.850000        0.044724
      15.950000        0.044533
      16.050000        0.044300
      16.150000        0.044003
      16.250000        0.043849
      16.350000        0.043739
      16.450000        0.043464
      16.550000        0.043385
      16.650000        0.043171
      16.750000        0.042893
      16.850000        0.042953
      16.950000        0.042551
      17.050000        0.042422
      17.150000        0.042298
      17.250000        0.041918
      17.350000        0.042025
      17.450000        0.041701
      17.550000        0.041612
      17.650000        0.041323
      17.750000        0.040954
      17.850000        0.041328
      17.950000        0.040946
      18.050000        0.040884
      18.150000        0.040869
      18.250000        0.040890
      18.350000        0.040534
      18.450000        0.040213
      18.550000        0.040046
      18.650000        0.039986
      18.750000        0.039994
      18.850000        0.039728
      18.950000        0.039467
      19.050000        0.039446
      19.150000        0.039592
      19.250000        0.039311
      19.350000        0.039380
      19.450000        0.039167
      19.550000        0.039291
      19.650000        0.038965
      19.750000        0.039020
      19.850000        0.038621
      19.950000        0.038639
      20.050000        0.038331
      20.150000        0.038454
      20.250000        0.038175
      20.350000        0.038266
      20.450000        0.038174
      20.550000        0.038138
      20.650000        0.037968
      20.750000        0.037792
      20.850000        0.037601
      20.950000        0.037868
      21.050000        0.037485
      21.150000        0.037670
      21.250000        0.037520
      21.350000        0.037379
      21.450000        0.037286
      21.550000        0.037231
      21.650000        0.036861
      21.750000        0.036804
      21.850000        0.036662
      21.950000        0.036597
      22.050000        0.036481
      22.150000        0.036417
      22.250000        0.036366
      22.350000        0.036080
      22.450000        0.035976
      22.550000        0.035797
      22.650000        0.035694
      22.750000        0.035595
      22.850000        0.035591
      22.950000        0.035292
      23.050000        0.035223
      23.150000        0.035049
      23.250000        0.035107
      23.350000        0.034952
      23.450000        0.034952
      23.550000        0.034659
      23.650000        0.034579
      23.750000        0.034643
      23.850000        0.034598
      23.950000        0.034232
      24.050000        0.034315
      24.150000        0.034122
      24.250000        0.034163
      24.350000        0.034051
      24.450000        0.034027
      24.550000        0.033761
      24.650000        0.033914
      24.750000        0.033702
      24.850000        0.033648
      24.950000        0.033875
      25.050000        0.033468
      25.150000        0.033632
      25.250000        0.033673
      25.350000        0.033576
      25.450000        0.033579
      25.550000        0.033251
      25.650000        0.033113
      25.750000        0.033273
      25.850000        0.033057
      25.950000        0.033301
      26.050000        0.033033
      26.150000        0.033193
      26.250000        0.033199
      26.350000        0.032880
      26.450000        0.032894
      26.550000        0.032901
      26.650000        0.032841
      26.750000        0.032645
      26.850000        0.032576
      26.950000        0.032639
      27.050000        0.032515
      27.150000        0.032584
      27.250000        0.032564
      27.350000        0.032596
      27.450000        0.032473
      27.550000        0.032645
      27.650000        0.032321
      27.750000        0.032307
      27.850000        0.032441
      27.950000        0.032389
      28.050000        0.032312
      28.150000        0.032088
      28.250000        0.032116
      28.350000        0.032201
      28.450000        0.032101
      28.550000        0.031969
      28.650000        0.031970
      28.750000        0.031968
      28.850000        0.031984
      28.950000        0.031869
      29.050000        0.031887
      29.150000        0.031768
      29.250000        0.031784
      29.350000        0.031743
      29.450000        0.031879
      29.550000        0.031729
      29.650000        0.031686
      29.750000        0.031618
      29.850000        0.031629
      29.950000        0.031541
