 0.05000 0.00000
 0.15000 0.00000
 0.25000 0.00000
 0.35000 0.00000
 0.45000 0.00000
 0.55000 0.00000
 0.65000 0.00000
 0.75000 0.00000
 0.85000 0.00000
 0.95000 0.00000
 1.05000 0.00000
 1.15000 0.00000
 1.25000 0.00000
 1.35000 0.00000
 1.45000 0.00000
 1.55000 0.00000
 1.65000 0.00000
 1.75000 0.00000
 1.85000 0.00000
 1.95000 0.00000
 2.05000 0.00000
 2.15000 0.00000
 2.25000 0.00000
 2.35000 0.00000
 2.45000 0.00000
 2.55000 0.00000
 2.65000 0.00032
 2.75000 0.00386
 2.85000 0.01039
 2.95000 0.01270
 3.05000 0.01150
 3.15000 0.01024
 3.25000 0.00979
 3.35000 0.00994
 3.45000 0.01038
 3.55000 0.01095
 3.65000 0.01160
 3.75000 0.01226
 3.85000 0.01288
 3.95000 0.01343
 4.05000 0.01395
 4.15000 0.01447
 4.25000 0.01508
 4.35000 0.01575
 4.45000 0.01644
 4.55000 0.01721
 4.65000 0.01813
 4.75000 0.01909
 4.85000 0.01924
 4.95000 0.01805
 5.05000 0.01629
 5.15000 0.01499
 5.25000 0.01441
 5.35000 0.01439
 5.45000 0.01479
 5.55000 0.01544
 5.65000 0.01619
 5.75000 0.01688
 5.85000 0.01738
 5.95000 0.01772
 6.05000 0.01794
 6.15000 0.01811
 6.25000 0.01824
 6.35000 0.01837
 6.45000 0.01850
 6.55000 0.01861
 6.65000 0.01873
 6.75000 0.01883
 6.85000 0.01890
 6.95000 0.01893
 7.05000 0.01894
 7.15000 0.01892
 7.25000 0.01888
 7.35000 0.01885
 7.45000 0.01883
 7.55000 0.01881
 7.65000 0.01880
 7.75000 0.01882
 7.85000 0.01891
 7.95000 0.01908
 8.05000 0.01930
 8.15000 0.01957
 8.25000 0.01986
 8.35000 0.02015
 8.45000 0.02044
 8.55000 0.02073
 8.65000 0.02100
 8.75000 0.02128
 8.85000 0.02154
 8.95000 0.02180
 9.05000 0.02204
 9.15000 0.02225
 9.25000 0.02243
 9.35000 0.02258
 9.45000 0.02271
 9.55000 0.02284
 9.65000 0.02297
 9.75000 0.02309
 9.85000 0.02321
 9.95000 0.02330
10.05000 0.02338
10.15000 0.02345
10.25000 0.02350
10.35000 0.02357
10.45000 0.02365
10.55000 0.02373
10.65000 0.02383
10.75000 0.02394
10.85000 0.02404
10.95000 0.02413
11.05000 0.02423
11.15000 0.02433
11.25000 0.02443
11.35000 0.02450
11.45000 0.02456
11.55000 0.02458
11.65000 0.02459
11.75000 0.02462
11.85000 0.02467
11.95000 0.02473
12.05000 0.02481
12.15000 0.02489
12.25000 0.02495
12.35000 0.02502
12.45000 0.02508
12.55000 0.02513
12.65000 0.02518
12.75000 0.02522
12.85000 0.02525
12.95000 0.02527
13.05000 0.02529
13.15000 0.02531
13.25000 0.02534
13.35000 0.02537
13.45000 0.02539
13.55000 0.02543
13.65000 0.02547
13.75000 0.02553
13.85000 0.02557
13.95000 0.02564
14.05000 0.02570
14.15000 0.02576
14.25000 0.02582
14.35000 0.02588
14.45000 0.02593
14.55000 0.02598
14.65000 0.02603
14.75000 0.02607
14.85000 0.02612
14.95000 0.02615
15.05000 0.02619
15.15000 0.02622
15.25000 0.02625
15.35000 0.02627
15.45000 0.02629
15.55000 0.02632
15.65000 0.02634
15.75000 0.02638
15.85000 0.02641
15.95000 0.02646
16.05000 0.02651
16.15000 0.02657
16.25000 0.02662
16.35000 0.02667
16.45000 0.02673
16.55000 0.02678
16.65000 0.02682
16.75000 0.02687
16.85000 0.02691
16.95000 0.02696
17.05000 0.02701
17.15000 0.02705
17.25000 0.02710
17.35000 0.02714
17.45000 0.02719
17.55000 0.02723
17.65000 0.02726
17.75000 0.02730
17.85000 0.02733
17.95000 0.02737
18.05000 0.02740
18.15000 0.02743
18.25000 0.02746
18.35000 0.02750
18.45000 0.02754
18.55000 0.02757
18.65000 0.02761
18.75000 0.02766
18.85000 0.02771
18.95000 0.02776
19.05000 0.02781
19.15000 0.02786
19.25000 0.02792
19.35000 0.02797
19.45000 0.02802
19.55000 0.02807
19.65000 0.02811
19.75000 0.02816
19.85000 0.02820
19.95000 0.02825
20.05000 0.02828
20.15000 0.02832
20.25000 0.02836
20.35000 0.02840
20.45000 0.02843
20.55000 0.02847
20.65000 0.02850
20.75000 0.02854
20.85000 0.02858
20.95000 0.02861
21.05000 0.02864
21.15000 0.02868
21.25000 0.02872
21.35000 0.02876
21.45000 0.02879
21.55000 0.02883
21.65000 0.02887
21.75000 0.02891
21.85000 0.02894
21.95000 0.02898
22.05000 0.02902
22.15000 0.02905
22.25000 0.02909
22.35000 0.02913
22.45000 0.02916
22.55000 0.02920
22.65000 0.02924
22.75000 0.02927
22.85000 0.02931
22.95000 0.02934
23.05000 0.02938
23.15000 0.02941
23.25000 0.02944
23.35000 0.02947
23.45000 0.02951
23.55000 0.02954
23.65000 0.02957
23.75000 0.02960
23.85000 0.02963
23.95000 0.02966
24.05000 0.02969
24.15000 0.02972
24.25000 0.02975
24.35000 0.02978
24.45000 0.02981
24.55000 0.02983
24.65000 0.02986
24.75000 0.02989
24.85000 0.02992
24.95000 0.02994
25.05000 0.02997
25.15000 0.03000
25.25000 0.03003
25.35000 0.03005
25.45000 0.03008
25.55000 0.03011
25.65000 0.03013
25.75000 0.03016
25.85000 0.03018
25.95000 0.03021
26.05000 0.03023
26.15000 0.03026
26.25000 0.03028
26.35000 0.03030
26.45000 0.03032
26.55000 0.03034
26.65000 0.03036
26.75000 0.03038
26.85000 0.03040
26.95000 0.03042
27.05000 0.03044
27.15000 0.03046
27.25000 0.03049
27.35000 0.03050
27.45000 0.03053
27.55000 0.03055
27.65000 0.03056
27.75000 0.03058
27.85000 0.03060
27.95000 0.03062
28.05000 0.03063
28.15000 0.03065
28.25000 0.03067
28.35000 0.03069
28.45000 0.03070
28.55000 0.03072
28.65000 0.03074
28.75000 0.03075
28.85000 0.03077
28.95000 0.03079
29.05000 0.03080
29.15000 0.03081
29.25000 0.03083
29.35000 0.03084
29.45000 0.03086
29.55000 0.03087
29.65000 0.03088
29.75000 0.03089
29.85000 0.03090
29.95000 0.03092
