 0.05000 0.00000
 0.15000 0.00000
 0.25000 0.00000
 0.35000 0.00000
 0.45000 0.00000
 0.55000 0.00000
 0.65000 0.00000
 0.75000 0.00000
 0.85000 0.00000
 0.95000 0.00000
 1.05000 0.00000
 1.15000 0.00000
 1.25000 0.00000
 1.35000 0.00000
 1.45000 0.00000
 1.55000 0.00000
 1.65000 0.00000
 1.75000 0.00000
 1.85000 0.00000
 1.95000 0.00000
 2.05000 0.00000
 2.15000 0.00000
 2.25000 0.00000
 2.35000 0.00000
 2.45000 0.00000
 2.55000 0.00039
 2.65000 0.00489
 2.75000 0.01467
 2.85000 0.01961
 2.95000 0.01746
 3.05000 0.01373
 3.15000 0.01126
 3.25000 0.01031
 3.35000 0.01043
 3.45000 0.01107
 3.55000 0.01194
 3.65000 0.01279
 3.75000 0.01350
 3.85000 0.01403
 3.95000 0.01438
 4.05000 0.01467
 4.15000 0.01496
 4.25000 0.01538
 4.35000 0.01593
 4.45000 0.01657
 4.55000 0.01721
 4.65000 0.01795
 4.75000 0.01890
 4.85000 0.01983
 4.95000 0.02018
 5.05000 0.01966
 5.15000 0.01861
 5.25000 0.01764
 5.35000 0.01699
 5.45000 0.01659
 5.55000 0.01634
 5.65000 0.01613
 5.75000 0.01597
 5.85000 0.01588
 5.95000 0.01590
 6.05000 0.01602
 6.15000 0.01617
 6.25000 0.01636
 6.35000 0.01658
 6.45000 0.01683
 6.55000 0.01713
 6.65000 0.01749
 6.75000 0.01790
 6.85000 0.01833
 6.95000 0.01876
 7.05000 0.01917
 7.15000 0.01955
 7.25000 0.01985
 7.35000 0.02009
 7.45000 0.02024
 7.55000 0.02035
 7.65000 0.02043
 7.75000 0.02046
 7.85000 0.02046
 7.95000 0.02046
 8.05000 0.02048
 8.15000 0.02049
 8.25000 0.02052
 8.35000 0.02054
 8.45000 0.02056
 8.55000 0.02057
 8.65000 0.02058
 8.75000 0.02062
 8.85000 0.02070
 8.95000 0.02084
 9.05000 0.02102
 9.15000 0.02125
 9.25000 0.02150
 9.35000 0.02175
 9.45000 0.02197
 9.55000 0.02217
 9.65000 0.02236
 9.75000 0.02253
 9.85000 0.02270
 9.95000 0.02287
10.05000 0.02304
10.15000 0.02319
10.25000 0.02336
10.35000 0.02352
10.45000 0.02367
10.55000 0.02380
10.65000 0.02392
10.75000 0.02401
10.85000 0.02409
10.95000 0.02415
11.05000 0.02420
11.15000 0.02424
11.25000 0.02428
11.35000 0.02432
11.45000 0.02438
11.55000 0.02444
11.65000 0.02454
11.75000 0.02464
11.85000 0.02475
11.95000 0.02484
12.05000 0.02493
12.15000 0.02500
12.25000 0.02506
12.35000 0.02511
12.45000 0.02514
12.55000 0.02517
12.65000 0.02520
12.75000 0.02524
12.85000 0.02528
12.95000 0.02533
13.05000 0.02538
13.15000 0.02543
13.25000 0.02547
13.35000 0.02550
13.45000 0.02554
13.55000 0.02557
13.65000 0.02561
13.75000 0.02566
13.85000 0.02571
13.95000 0.02577
14.05000 0.02583
14.15000 0.02588
14.25000 0.02592
14.35000 0.02595
14.45000 0.02598
14.55000 0.02601
14.65000 0.02603
14.75000 0.02606
14.85000 0.02608
14.95000 0.02612
15.05000 0.02615
15.15000 0.02619
15.25000 0.02623
15.35000 0.02628
15.45000 0.02633
15.55000 0.02638
15.65000 0.02643
15.75000 0.02648
15.85000 0.02653
15.95000 0.02658
16.05000 0.02662
16.15000 0.02667
16.25000 0.02671
16.35000 0.02675
16.45000 0.02680
16.55000 0.02685
16.65000 0.02690
16.75000 0.02696
16.85000 0.02702
16.95000 0.02707
17.05000 0.02713
17.15000 0.02718
17.25000 0.02723
17.35000 0.02727
17.45000 0.02732
17.55000 0.02735
17.65000 0.02739
17.75000 0.02742
17.85000 0.02746
17.95000 0.02749
18.05000 0.02753
18.15000 0.02756
18.25000 0.02759
18.35000 0.02763
18.45000 0.02767
18.55000 0.02770
18.65000 0.02773
18.75000 0.02777
18.85000 0.02782
18.95000 0.02786
19.05000 0.02791
19.15000 0.02796
19.25000 0.02800
19.35000 0.02805
19.45000 0.02810
19.55000 0.02815
19.65000 0.02819
19.75000 0.02823
19.85000 0.02828
19.95000 0.02831
20.05000 0.02835
20.15000 0.02839
20.25000 0.02843
20.35000 0.02847
20.45000 0.02851
20.55000 0.02855
20.65000 0.02859
20.75000 0.02863
20.85000 0.02867
20.95000 0.02871
21.05000 0.02874
21.15000 0.02878
21.25000 0.02883
21.35000 0.02886
21.45000 0.02890
21.55000 0.02894
21.65000 0.02897
21.75000 0.02901
21.85000 0.02905
21.95000 0.02908
22.05000 0.02912
22.15000 0.02915
22.25000 0.02918
22.35000 0.02921
22.45000 0.02924
22.55000 0.02927
22.65000 0.02930
22.75000 0.02934
22.85000 0.02937
22.95000 0.02939
23.05000 0.02943
23.15000 0.02946
23.25000 0.02949
23.35000 0.02951
23.45000 0.02954
23.55000 0.02957
23.65000 0.02960
23.75000 0.02962
23.85000 0.02966
23.95000 0.02969
24.05000 0.02971
24.15000 0.02974
24.25000 0.02977
24.35000 0.02981
24.45000 0.02984
24.55000 0.02987
24.65000 0.02990
24.75000 0.02993
24.85000 0.02996
24.95000 0.02999
25.05000 0.03002
25.15000 0.03004
25.25000 0.03007
25.35000 0.03009
25.45000 0.03012
25.55000 0.03014
25.65000 0.03016
25.75000 0.03019
25.85000 0.03021
25.95000 0.03023
26.05000 0.03026
26.15000 0.03028
26.25000 0.03030
26.35000 0.03032
26.45000 0.03035
26.55000 0.03037
26.65000 0.03039
26.75000 0.03042
26.85000 0.03044
26.95000 0.03046
27.05000 0.03049
27.15000 0.03051
27.25000 0.03053
27.35000 0.03055
27.45000 0.03057
27.55000 0.03059
27.65000 0.03061
27.75000 0.03062
27.85000 0.03064
27.95000 0.03066
28.05000 0.03067
28.15000 0.03069
28.25000 0.03070
28.35000 0.03072
28.45000 0.03073
28.55000 0.03074
28.65000 0.03076
28.75000 0.03077
28.85000 0.03079
28.95000 0.03080
29.05000 0.03081
29.15000 0.03082
29.25000 0.03084
29.35000 0.03085
29.45000 0.03087
29.55000 0.03088
29.65000 0.03089
29.75000 0.03090
29.85000 0.03091
29.95000 0.03092
