 0.05000 0.00000
 0.15000 0.00000
 0.25000 0.00000
 0.35000 0.00000
 0.45000 0.00000
 0.55000 0.00000
 0.65000 0.00000
 0.75000 0.00000
 0.85000 0.00000
 0.95000 0.00000
 1.05000 0.00000
 1.15000 0.00000
 1.25000 0.00000
 1.35000 0.00000
 1.45000 0.00000
 1.55000 0.00000
 1.65000 0.00000
 1.75000 0.00000
 1.85000 0.00000
 1.95000 0.00000
 2.05000 0.00000
 2.15000 0.00000
 2.25000 0.00000
 2.35000 0.00000
 2.45000 0.00000
 2.55000 0.00053
 2.65000 0.00644
 2.75000 0.01838
 2.85000 0.02274
 2.95000 0.01839
 3.05000 0.01306
 3.15000 0.00985
 3.25000 0.00853
 3.35000 0.00827
 3.45000 0.00855
 3.55000 0.00904
 3.65000 0.00962
 3.75000 0.01011
 3.85000 0.01051
 3.95000 0.01075
 4.05000 0.01085
 4.15000 0.01085
 4.25000 0.01074
 4.35000 0.01060
 4.45000 0.01043
 4.55000 0.01028
 4.65000 0.01017
 4.75000 0.01010
 4.85000 0.01009
 4.95000 0.01020
 5.05000 0.01042
 5.15000 0.01077
 5.25000 0.01120
 5.35000 0.01170
 5.45000 0.01223
 5.55000 0.01277
 5.65000 0.01340
 5.75000 0.01425
 5.85000 0.01552
 5.95000 0.01703
 6.05000 0.01809
 6.15000 0.01840
 6.25000 0.01822
 6.35000 0.01796
 6.45000 0.01770
 6.55000 0.01749
 6.65000 0.01736
 6.75000 0.01734
 6.85000 0.01742
 6.95000 0.01759
 7.05000 0.01782
 7.15000 0.01812
 7.25000 0.01843
 7.35000 0.01878
 7.45000 0.01910
 7.55000 0.01941
 7.65000 0.01971
 7.75000 0.02001
 7.85000 0.02033
 7.95000 0.02067
 8.05000 0.02102
 8.15000 0.02137
 8.25000 0.02169
 8.35000 0.02195
 8.45000 0.02213
 8.55000 0.02220
 8.65000 0.02224
 8.75000 0.02221
 8.85000 0.02217
 8.95000 0.02214
 9.05000 0.02212
 9.15000 0.02213
 9.25000 0.02217
 9.35000 0.02226
 9.45000 0.02238
 9.55000 0.02254
 9.65000 0.02270
 9.75000 0.02287
 9.85000 0.02304
 9.95000 0.02320
10.05000 0.02333
10.15000 0.02344
10.25000 0.02352
10.35000 0.02357
10.45000 0.02360
10.55000 0.02361
10.65000 0.02360
10.75000 0.02361
10.85000 0.02362
10.95000 0.02366
11.05000 0.02371
11.15000 0.02378
11.25000 0.02385
11.35000 0.02393
11.45000 0.02399
11.55000 0.02404
11.65000 0.02408
11.75000 0.02414
11.85000 0.02419
11.95000 0.02427
12.05000 0.02435
12.15000 0.02444
12.25000 0.02452
12.35000 0.02460
12.45000 0.02467
12.55000 0.02472
12.65000 0.02477
12.75000 0.02480
12.85000 0.02483
12.95000 0.02487
13.05000 0.02491
13.15000 0.02495
13.25000 0.02499
13.35000 0.02504
13.45000 0.02508
13.55000 0.02512
13.65000 0.02515
13.75000 0.02517
13.85000 0.02520
13.95000 0.02522
14.05000 0.02525
14.15000 0.02529
14.25000 0.02533
14.35000 0.02538
14.45000 0.02542
14.55000 0.02549
14.65000 0.02556
14.75000 0.02563
14.85000 0.02570
14.95000 0.02578
15.05000 0.02585
15.15000 0.02591
15.25000 0.02598
15.35000 0.02603
15.45000 0.02609
15.55000 0.02615
15.65000 0.02621
15.75000 0.02627
15.85000 0.02633
15.95000 0.02639
16.05000 0.02646
16.15000 0.02651
16.25000 0.02656
16.35000 0.02662
16.45000 0.02667
16.55000 0.02671
16.65000 0.02676
16.75000 0.02682
16.85000 0.02686
16.95000 0.02691
17.05000 0.02696
17.15000 0.02701
17.25000 0.02707
17.35000 0.02712
17.45000 0.02718
17.55000 0.02723
17.65000 0.02729
17.75000 0.02734
17.85000 0.02740
17.95000 0.02746
18.05000 0.02752
18.15000 0.02758
18.25000 0.02763
18.35000 0.02768
18.45000 0.02774
18.55000 0.02779
18.65000 0.02784
18.75000 0.02789
18.85000 0.02793
18.95000 0.02797
19.05000 0.02801
19.15000 0.02805
19.25000 0.02809
19.35000 0.02813
19.45000 0.02816
19.55000 0.02820
19.65000 0.02824
19.75000 0.02829
19.85000 0.02832
19.95000 0.02837
20.05000 0.02842
20.15000 0.02846
20.25000 0.02851
20.35000 0.02856
20.45000 0.02862
20.55000 0.02866
20.65000 0.02871
20.75000 0.02875
20.85000 0.02880
20.95000 0.02884
21.05000 0.02888
21.15000 0.02892
21.25000 0.02895
21.35000 0.02899
21.45000 0.02902
21.55000 0.02905
21.65000 0.02908
21.75000 0.02910
21.85000 0.02913
21.95000 0.02916
22.05000 0.02919
22.15000 0.02922
22.25000 0.02924
22.35000 0.02927
22.45000 0.02930
22.55000 0.02934
22.65000 0.02936
22.75000 0.02939
22.85000 0.02942
22.95000 0.02945
23.05000 0.02947
23.15000 0.02950
23.25000 0.02953
23.35000 0.02956
23.45000 0.02959
23.55000 0.02962
23.65000 0.02964
23.75000 0.02967
23.85000 0.02970
23.95000 0.02973
24.05000 0.02976
24.15000 0.02979
24.25000 0.02981
24.35000 0.02984
24.45000 0.02986
24.55000 0.02989
24.65000 0.02991
24.75000 0.02994
24.85000 0.02996
24.95000 0.02998
25.05000 0.03001
25.15000 0.03003
25.25000 0.03005
25.35000 0.03006
25.45000 0.03009
25.55000 0.03011
25.65000 0.03013
25.75000 0.03015
25.85000 0.03016
25.95000 0.03018
26.05000 0.03020
26.15000 0.03022
26.25000 0.03024
26.35000 0.03026
26.45000 0.03027
26.55000 0.03029
26.65000 0.03031
26.75000 0.03033
26.85000 0.03035
26.95000 0.03037
27.05000 0.03039
27.15000 0.03041
27.25000 0.03043
27.35000 0.03045
27.45000 0.03047
27.55000 0.03049
27.65000 0.03052
27.75000 0.03054
27.85000 0.03056
27.95000 0.03058
28.05000 0.03061
28.15000 0.03064
28.25000 0.03065
28.35000 0.03067
28.45000 0.03070
28.55000 0.03072
28.65000 0.03074
28.75000 0.03075
28.85000 0.03077
28.95000 0.03079
29.05000 0.03081
29.15000 0.03083
29.25000 0.03085
29.35000 0.03087
29.45000 0.03088
29.55000 0.03090
29.65000 0.03092
29.75000 0.03094
29.85000 0.03095
29.95000 0.03097
