 0.05000 0.00000
 0.15000 0.00000
 0.25000 0.00000
 0.35000 0.00000
 0.45000 0.00000
 0.55000 0.00000
 0.65000 0.00000
 0.75000 0.00000
 0.85000 0.00000
 0.95000 0.00000
 1.05000 0.00000
 1.15000 0.00000
 1.25000 0.00000
 1.35000 0.00000
 1.45000 0.00000
 1.55000 0.00000
 1.65000 0.00000
 1.75000 0.00000
 1.85000 0.00000
 1.95000 0.00000
 2.05000 0.00000
 2.15000 0.00000
 2.25000 0.00000
 2.35000 0.00000
 2.45000 0.00000
 2.55000 0.00001
 2.65000 0.00060
 2.75000 0.00675
 2.85000 0.01924
 2.95000 0.02605
 3.05000 0.02585
 3.15000 0.02378
 3.25000 0.02208
 3.35000 0.02099
 3.45000 0.02025
 3.55000 0.01963
 3.65000 0.01899
 3.75000 0.01832
 3.85000 0.01759
 3.95000 0.01683
 4.05000 0.01608
 4.15000 0.01536
 4.25000 0.01467
 4.35000 0.01405
 4.45000 0.01354
 4.55000 0.01315
 4.65000 0.01289
 4.75000 0.01273
 4.85000 0.01267
 4.95000 0.01269
 5.05000 0.01283
 5.15000 0.01315
 5.25000 0.01361
 5.35000 0.01419
 5.45000 0.01490
 5.55000 0.01562
 5.65000 0.01630
 5.75000 0.01692
 5.85000 0.01746
 5.95000 0.01795
 6.05000 0.01837
 6.15000 0.01873
 6.25000 0.01904
 6.35000 0.01934
 6.45000 0.01963
 6.55000 0.01995
 6.65000 0.02023
 6.75000 0.02034
 6.85000 0.02015
 6.95000 0.01979
 7.05000 0.01942
 7.15000 0.01913
 7.25000 0.01892
 7.35000 0.01879
 7.45000 0.01871
 7.55000 0.01870
 7.65000 0.01873
 7.75000 0.01880
 7.85000 0.01890
 7.95000 0.01902
 8.05000 0.01916
 8.15000 0.01932
 8.25000 0.01948
 8.35000 0.01965
 8.45000 0.01984
 8.55000 0.02003
 8.65000 0.02024
 8.75000 0.02045
 8.85000 0.02065
 8.95000 0.02085
 9.05000 0.02103
 9.15000 0.02120
 9.25000 0.02134
 9.35000 0.02148
 9.45000 0.02158
 9.55000 0.02167
 9.65000 0.02176
 9.75000 0.02186
 9.85000 0.02197
 9.95000 0.02210
10.05000 0.02225
10.15000 0.02239
10.25000 0.02255
10.35000 0.02270
10.45000 0.02286
10.55000 0.02302
10.65000 0.02318
10.75000 0.02336
10.85000 0.02353
10.95000 0.02369
11.05000 0.02384
11.15000 0.02399
11.25000 0.02411
11.35000 0.02422
11.45000 0.02431
11.55000 0.02439
11.65000 0.02445
11.75000 0.02450
11.85000 0.02453
11.95000 0.02455
12.05000 0.02458
12.15000 0.02459
12.25000 0.02461
12.35000 0.02462
12.45000 0.02466
12.55000 0.02471
12.65000 0.02476
12.75000 0.02482
12.85000 0.02488
12.95000 0.02494
13.05000 0.02501
13.15000 0.02507
13.25000 0.02515
13.35000 0.02522
13.45000 0.02530
13.55000 0.02536
13.65000 0.02542
13.75000 0.02548
13.85000 0.02553
13.95000 0.02559
14.05000 0.02564
14.15000 0.02569
14.25000 0.02574
14.35000 0.02579
14.45000 0.02583
14.55000 0.02588
14.65000 0.02592
14.75000 0.02596
14.85000 0.02600
14.95000 0.02603
15.05000 0.02607
15.15000 0.02611
15.25000 0.02615
15.35000 0.02619
15.45000 0.02623
15.55000 0.02626
15.65000 0.02630
15.75000 0.02634
15.85000 0.02638
15.95000 0.02642
16.05000 0.02646
16.15000 0.02651
16.25000 0.02655
16.35000 0.02660
16.45000 0.02665
16.55000 0.02671
16.65000 0.02676
16.75000 0.02682
16.85000 0.02689
16.95000 0.02695
17.05000 0.02702
17.15000 0.02708
17.25000 0.02715
17.35000 0.02720
17.45000 0.02726
17.55000 0.02732
17.65000 0.02737
17.75000 0.02742
17.85000 0.02747
17.95000 0.02751
18.05000 0.02755
18.15000 0.02759
18.25000 0.02764
18.35000 0.02767
18.45000 0.02771
18.55000 0.02775
18.65000 0.02779
18.75000 0.02783
18.85000 0.02787
18.95000 0.02792
19.05000 0.02796
19.15000 0.02800
19.25000 0.02805
19.35000 0.02809
19.45000 0.02813
19.55000 0.02818
19.65000 0.02822
19.75000 0.02826
19.85000 0.02830
19.95000 0.02834
20.05000 0.02838
20.15000 0.02842
20.25000 0.02845
20.35000 0.02849
20.45000 0.02853
20.55000 0.02856
20.65000 0.02861
20.75000 0.02865
20.85000 0.02869
20.95000 0.02873
21.05000 0.02876
21.15000 0.02881
21.25000 0.02884
21.35000 0.02888
21.45000 0.02892
21.55000 0.02896
21.65000 0.02899
21.75000 0.02903
21.85000 0.02906
21.95000 0.02910
22.05000 0.02914
22.15000 0.02917
22.25000 0.02921
22.35000 0.02924
22.45000 0.02927
22.55000 0.02931
22.65000 0.02934
22.75000 0.02937
22.85000 0.02940
22.95000 0.02943
23.05000 0.02946
23.15000 0.02949
23.25000 0.02953
23.35000 0.02956
23.45000 0.02960
23.55000 0.02963
23.65000 0.02967
23.75000 0.02970
23.85000 0.02974
23.95000 0.02977
24.05000 0.02980
24.15000 0.02983
24.25000 0.02986
24.35000 0.02989
24.45000 0.02992
24.55000 0.02994
24.65000 0.02997
24.75000 0.02999
24.85000 0.03001
24.95000 0.03003
25.05000 0.03006
25.15000 0.03008
25.25000 0.03010
25.35000 0.03013
25.45000 0.03015
25.55000 0.03018
25.65000 0.03020
25.75000 0.03022
25.85000 0.03024
25.95000 0.03026
26.05000 0.03029
26.15000 0.03031
26.25000 0.03033
26.35000 0.03036
26.45000 0.03038
26.55000 0.03041
26.65000 0.03043
26.75000 0.03045
26.85000 0.03048
26.95000 0.03050
27.05000 0.03052
27.15000 0.03054
27.25000 0.03056
27.35000 0.03058
27.45000 0.03060
27.55000 0.03062
27.65000 0.03064
27.75000 0.03065
27.85000 0.03067
27.95000 0.03068
28.05000 0.03070
28.15000 0.03071
28.25000 0.03072
28.35000 0.03074
28.45000 0.03076
28.55000 0.03077
28.65000 0.03078
28.75000 0.03080
28.85000 0.03081
28.95000 0.03082
29.05000 0.03084
29.15000 0.03085
29.25000 0.03086
29.35000 0.03088
29.45000 0.03090
29.55000 0.03091
29.65000 0.03093
29.75000 0.03094
29.85000 0.03095
29.95000 0.03097
