 0.05000 0.00000
 0.15000 0.00000
 0.25000 0.00000
 0.35000 0.00000
 0.45000 0.00000
 0.55000 0.00000
 0.65000 0.00000
 0.75000 0.00000
 0.85000 0.00000
 0.95000 0.00000
 1.05000 0.00000
 1.15000 0.00000
 1.25000 0.00000
 1.35000 0.00000
 1.45000 0.00000
 1.55000 0.00000
 1.65000 0.00000
 1.75000 0.00000
 1.85000 0.00000
 1.95000 0.00000
 2.05000 0.00000
 2.15000 0.00000
 2.25000 0.00000
 2.35000 0.00000
 2.45000 0.00000
 2.55000 0.00022
 2.65000 0.00302
 2.75000 0.00994
 2.85000 0.01441
 2.95000 0.01374
 3.05000 0.01126
 3.15000 0.00934
 3.25000 0.00837
 3.35000 0.00813
 3.45000 0.00826
 3.55000 0.00858
 3.65000 0.00896
 3.75000 0.00941
 3.85000 0.00985
 3.95000 0.01030
 4.05000 0.01079
 4.15000 0.01135
 4.25000 0.01205
 4.35000 0.01296
 4.45000 0.01395
 4.55000 0.01484
 4.65000 0.01549
 4.75000 0.01582
 4.85000 0.01579
 4.95000 0.01539
 5.05000 0.01477
 5.15000 0.01416
 5.25000 0.01374
 5.35000 0.01357
 5.45000 0.01360
 5.55000 0.01383
 5.65000 0.01425
 5.75000 0.01490
 5.85000 0.01561
 5.95000 0.01621
 6.05000 0.01675
 6.15000 0.01742
 6.25000 0.01809
 6.35000 0.01852
 6.45000 0.01868
 6.55000 0.01878
 6.65000 0.01899
 6.75000 0.01930
 6.85000 0.01967
 6.95000 0.02000
 7.05000 0.02028
 7.15000 0.02048
 7.25000 0.02062
 7.35000 0.02069
 7.45000 0.02072
 7.55000 0.02071
 7.65000 0.02069
 7.75000 0.02068
 7.85000 0.02071
 7.95000 0.02077
 8.05000 0.02086
 8.15000 0.02097
 8.25000 0.02107
 8.35000 0.02119
 8.45000 0.02130
 8.55000 0.02142
 8.65000 0.02156
 8.75000 0.02170
 8.85000 0.02186
 8.95000 0.02202
 9.05000 0.02219
 9.15000 0.02239
 9.25000 0.02260
 9.35000 0.02283
 9.45000 0.02305
 9.55000 0.02329
 9.65000 0.02349
 9.75000 0.02369
 9.85000 0.02387
 9.95000 0.02401
10.05000 0.02412
10.15000 0.02418
10.25000 0.02421
10.35000 0.02424
10.45000 0.02426
10.55000 0.02429
10.65000 0.02433
10.75000 0.02441
10.85000 0.02448
10.95000 0.02455
11.05000 0.02460
11.15000 0.02463
11.25000 0.02465
11.35000 0.02467
11.45000 0.02471
11.55000 0.02474
11.65000 0.02477
11.75000 0.02482
11.85000 0.02490
11.95000 0.02497
12.05000 0.02505
12.15000 0.02515
12.25000 0.02523
12.35000 0.02529
12.45000 0.02536
12.55000 0.02540
12.65000 0.02543
12.75000 0.02545
12.85000 0.02546
12.95000 0.02547
13.05000 0.02548
13.15000 0.02549
13.25000 0.02550
13.35000 0.02551
13.45000 0.02553
13.55000 0.02556
13.65000 0.02558
13.75000 0.02560
13.85000 0.02562
13.95000 0.02567
14.05000 0.02571
14.15000 0.02576
14.25000 0.02581
14.35000 0.02585
14.45000 0.02590
14.55000 0.02595
14.65000 0.02599
14.75000 0.02604
14.85000 0.02608
14.95000 0.02612
15.05000 0.02616
15.15000 0.02620
15.25000 0.02624
15.35000 0.02629
15.45000 0.02634
15.55000 0.02640
15.65000 0.02645
15.75000 0.02651
15.85000 0.02657
15.95000 0.02661
16.05000 0.02666
16.15000 0.02671
16.25000 0.02674
16.35000 0.02678
16.45000 0.02682
16.55000 0.02686
16.65000 0.02689
16.75000 0.02693
16.85000 0.02697
16.95000 0.02702
17.05000 0.02706
17.15000 0.02711
17.25000 0.02714
17.35000 0.02719
17.45000 0.02724
17.55000 0.02729
17.65000 0.02733
17.75000 0.02738
17.85000 0.02742
17.95000 0.02747
18.05000 0.02752
18.15000 0.02757
18.25000 0.02762
18.35000 0.02767
18.45000 0.02772
18.55000 0.02777
18.65000 0.02781
18.75000 0.02786
18.85000 0.02791
18.95000 0.02796
19.05000 0.02800
19.15000 0.02804
19.25000 0.02809
19.35000 0.02813
19.45000 0.02817
19.55000 0.02821
19.65000 0.02825
19.75000 0.02829
19.85000 0.02833
19.95000 0.02836
20.05000 0.02840
20.15000 0.02844
20.25000 0.02848
20.35000 0.02852
20.45000 0.02856
20.55000 0.02859
20.65000 0.02863
20.75000 0.02866
20.85000 0.02869
20.95000 0.02873
21.05000 0.02875
21.15000 0.02879
21.25000 0.02881
21.35000 0.02884
21.45000 0.02887
21.55000 0.02890
21.65000 0.02893
21.75000 0.02896
21.85000 0.02899
21.95000 0.02902
22.05000 0.02906
22.15000 0.02909
22.25000 0.02913
22.35000 0.02916
22.45000 0.02919
22.55000 0.02923
22.65000 0.02926
22.75000 0.02930
22.85000 0.02933
22.95000 0.02936
23.05000 0.02939
23.15000 0.02942
23.25000 0.02945
23.35000 0.02948
23.45000 0.02951
23.55000 0.02953
23.65000 0.02956
23.75000 0.02958
23.85000 0.02961
23.95000 0.02963
24.05000 0.02966
24.15000 0.02969
24.25000 0.02971
24.35000 0.02974
24.45000 0.02976
24.55000 0.02979
24.65000 0.02982
24.75000 0.02985
24.85000 0.02988
24.95000 0.02990
25.05000 0.02993
25.15000 0.02996
25.25000 0.02998
25.35000 0.03000
25.45000 0.03003
25.55000 0.03005
25.65000 0.03008
25.75000 0.03010
25.85000 0.03012
25.95000 0.03015
26.05000 0.03018
26.15000 0.03020
26.25000 0.03022
26.35000 0.03025
26.45000 0.03027
26.55000 0.03030
26.65000 0.03032
26.75000 0.03035
26.85000 0.03037
26.95000 0.03039
27.05000 0.03041
27.15000 0.03043
27.25000 0.03046
27.35000 0.03047
27.45000 0.03049
27.55000 0.03052
27.65000 0.03053
27.75000 0.03055
27.85000 0.03057
27.95000 0.03059
28.05000 0.03060
28.15000 0.03062
28.25000 0.03063
28.35000 0.03065
28.45000 0.03066
28.55000 0.03068
28.65000 0.03070
28.75000 0.03071
28.85000 0.03073
28.95000 0.03075
29.05000 0.03076
29.15000 0.03078
29.25000 0.03079
29.35000 0.03081
29.45000 0.03082
29.55000 0.03083
29.65000 0.03085
29.75000 0.03086
29.85000 0.03087
29.95000 0.03088
