 0.05000 0.00000
 0.15000 0.00000
 0.25000 0.00000
 0.35000 0.00000
 0.45000 0.00000
 0.55000 0.00000
 0.65000 0.00000
 0.75000 0.00000
 0.85000 0.00000
 0.95000 0.00000
 1.05000 0.00000
 1.15000 0.00000
 1.25000 0.00000
 1.35000 0.00000
 1.45000 0.00000
 1.55000 0.00000
 1.65000 0.00000
 1.75000 0.00000
 1.85000 0.00000
 1.95000 0.00000
 2.05000 0.00000
 2.15000 0.00000
 2.25000 0.00000
 2.35000 0.00000
 2.45000 0.00056
 2.55000 0.00739
 2.65000 0.02205
 2.75000 0.02912
 2.85000 0.02587
 2.95000 0.01982
 3.05000 0.01545
 3.15000 0.01345
 3.25000 0.01296
 3.35000 0.01318
 3.45000 0.01362
 3.55000 0.01408
 3.65000 0.01445
 3.75000 0.01457
 3.85000 0.01444
 3.95000 0.01428
 4.05000 0.01433
 4.15000 0.01383
 4.25000 0.01303
 4.35000 0.01258
 4.45000 0.01238
 4.55000 0.01232
 4.65000 0.01239
 4.75000 0.01253
 4.85000 0.01274
 4.95000 0.01301
 5.05000 0.01333
 5.15000 0.01371
 5.25000 0.01415
 5.35000 0.01459
 5.45000 0.01489
 5.55000 0.01499
 5.65000 0.01504
 5.75000 0.01513
 5.85000 0.01536
 5.95000 0.01572
 6.05000 0.01616
 6.15000 0.01665
 6.25000 0.01714
 6.35000 0.01757
 6.45000 0.01795
 6.55000 0.01831
 6.65000 0.01867
 6.75000 0.01909
 6.85000 0.01955
 6.95000 0.01995
 7.05000 0.02014
 7.15000 0.02004
 7.25000 0.01978
 7.35000 0.01957
 7.45000 0.01946
 7.55000 0.01945
 7.65000 0.01949
 7.75000 0.01954
 7.85000 0.01962
 7.95000 0.01970
 8.05000 0.01980
 8.15000 0.01990
 8.25000 0.02001
 8.35000 0.02013
 8.45000 0.02025
 8.55000 0.02040
 8.65000 0.02057
 8.75000 0.02077
 8.85000 0.02099
 8.95000 0.02124
 9.05000 0.02150
 9.15000 0.02179
 9.25000 0.02207
 9.35000 0.02235
 9.45000 0.02261
 9.55000 0.02286
 9.65000 0.02308
 9.75000 0.02328
 9.85000 0.02345
 9.95000 0.02360
10.05000 0.02372
10.15000 0.02382
10.25000 0.02390
10.35000 0.02397
10.45000 0.02402
10.55000 0.02408
10.65000 0.02411
10.75000 0.02416
10.85000 0.02421
10.95000 0.02426
11.05000 0.02432
11.15000 0.02437
11.25000 0.02442
11.35000 0.02445
11.45000 0.02449
11.55000 0.02453
11.65000 0.02459
11.75000 0.02466
11.85000 0.02474
11.95000 0.02484
12.05000 0.02493
12.15000 0.02501
12.25000 0.02509
12.35000 0.02515
12.45000 0.02521
12.55000 0.02526
12.65000 0.02532
12.75000 0.02536
12.85000 0.02541
12.95000 0.02544
13.05000 0.02547
13.15000 0.02551
13.25000 0.02555
13.35000 0.02558
13.45000 0.02562
13.55000 0.02566
13.65000 0.02570
13.75000 0.02575
13.85000 0.02580
13.95000 0.02583
14.05000 0.02589
14.15000 0.02593
14.25000 0.02598
14.35000 0.02603
14.45000 0.02607
14.55000 0.02612
14.65000 0.02617
14.75000 0.02621
14.85000 0.02626
14.95000 0.02630
15.05000 0.02634
15.15000 0.02638
15.25000 0.02643
15.35000 0.02646
15.45000 0.02651
15.55000 0.02655
15.65000 0.02658
15.75000 0.02662
15.85000 0.02666
15.95000 0.02670
16.05000 0.02673
16.15000 0.02675
16.25000 0.02679
16.35000 0.02681
16.45000 0.02683
16.55000 0.02687
16.65000 0.02690
16.75000 0.02692
16.85000 0.02696
16.95000 0.02699
17.05000 0.02702
17.15000 0.02705
17.25000 0.02708
17.35000 0.02711
17.45000 0.02714
17.55000 0.02719
17.65000 0.02722
17.75000 0.02725
17.85000 0.02730
17.95000 0.02734
18.05000 0.02739
18.15000 0.02744
18.25000 0.02748
18.35000 0.02754
18.45000 0.02759
18.55000 0.02764
18.65000 0.02769
18.75000 0.02774
18.85000 0.02779
18.95000 0.02783
19.05000 0.02787
19.15000 0.02791
19.25000 0.02796
19.35000 0.02799
19.45000 0.02803
19.55000 0.02807
19.65000 0.02810
19.75000 0.02813
19.85000 0.02817
19.95000 0.02820
20.05000 0.02824
20.15000 0.02828
20.25000 0.02832
20.35000 0.02835
20.45000 0.02840
20.55000 0.02844
20.65000 0.02848
20.75000 0.02853
20.85000 0.02856
20.95000 0.02861
21.05000 0.02864
21.15000 0.02868
21.25000 0.02872
21.35000 0.02875
21.45000 0.02879
21.55000 0.02882
21.65000 0.02886
21.75000 0.02889
21.85000 0.02893
21.95000 0.02897
22.05000 0.02901
22.15000 0.02905
22.25000 0.02908
22.35000 0.02913
22.45000 0.02916
22.55000 0.02920
22.65000 0.02924
22.75000 0.02928
22.85000 0.02931
22.95000 0.02934
23.05000 0.02937
23.15000 0.02941
23.25000 0.02943
23.35000 0.02947
23.45000 0.02950
23.55000 0.02953
23.65000 0.02956
23.75000 0.02959
23.85000 0.02962
23.95000 0.02965
24.05000 0.02967
24.15000 0.02970
24.25000 0.02973
24.35000 0.02975
24.45000 0.02978
24.55000 0.02980
24.65000 0.02983
24.75000 0.02985
24.85000 0.02988
24.95000 0.02990
25.05000 0.02993
25.15000 0.02995
25.25000 0.02998
25.35000 0.03000
25.45000 0.03002
25.55000 0.03004
25.65000 0.03007
25.75000 0.03010
25.85000 0.03012
25.95000 0.03015
26.05000 0.03018
26.15000 0.03020
26.25000 0.03023
26.35000 0.03025
26.45000 0.03028
26.55000 0.03030
26.65000 0.03033
26.75000 0.03035
26.85000 0.03038
26.95000 0.03040
27.05000 0.03042
27.15000 0.03044
27.25000 0.03047
27.35000 0.03049
27.45000 0.03050
27.55000 0.03053
27.65000 0.03054
27.75000 0.03056
27.85000 0.03058
27.95000 0.03059
28.05000 0.03061
28.15000 0.03062
28.25000 0.03064
28.35000 0.03066
28.45000 0.03068
28.55000 0.03069
28.65000 0.03070
28.75000 0.03072
28.85000 0.03074
28.95000 0.03075
29.05000 0.03077
29.15000 0.03078
29.25000 0.03080
29.35000 0.03081
29.45000 0.03083
29.55000 0.03084
29.65000 0.03086
29.75000 0.03087
29.85000 0.03089
29.95000 0.03090
