 0.05000 0.00000
 0.15000 0.00000
 0.25000 0.00000
 0.35000 0.00000
 0.45000 0.00000
 0.55000 0.00000
 0.65000 0.00000
 0.75000 0.00000
 0.85000 0.00000
 0.95000 0.00000
 1.05000 0.00000
 1.15000 0.00000
 1.25000 0.00000
 1.35000 0.00000
 1.45000 0.00000
 1.55000 0.00000
 1.65000 0.00000
 1.75000 0.00000
 1.85000 0.00000
 1.95000 0.00000
 2.05000 0.00000
 2.15000 0.00000
 2.25000 0.00000
 2.35000 0.00000
 2.45000 0.00000
 2.55000 0.00000
 2.65000 0.00000
 2.75000 0.00000
 2.85000 0.00000
 2.95000 0.00002
 3.05000 0.00029
 3.15000 0.00213
 3.25000 0.00817
 3.35000 0.01953
 3.45000 0.03279
 3.55000 0.04254
 3.65000 0.04651
 3.75000 0.04603
 3.85000 0.04284
 3.95000 0.03660
 4.05000 0.02750
 4.15000 0.01882
 4.25000 0.01336
 4.35000 0.01092
 4.45000 0.01028
 4.55000 0.01052
 4.65000 0.01117
 4.75000 0.01209
 4.85000 0.01318
 4.95000 0.01436
 5.05000 0.01562
 5.15000 0.01686
 5.25000 0.01804
 5.35000 0.01912
 5.45000 0.01989
 5.55000 0.02043
 5.65000 0.02093
 5.75000 0.02142
 5.85000 0.02187
 5.95000 0.02228
 6.05000 0.02260
 6.15000 0.02269
 6.25000 0.02244
 6.35000 0.02187
 6.45000 0.02112
 6.55000 0.02042
 6.65000 0.01987
 6.75000 0.01948
 6.85000 0.01926
 6.95000 0.01923
 7.05000 0.01939
 7.15000 0.01967
 7.25000 0.02001
 7.35000 0.02035
 7.45000 0.02066
 7.55000 0.02092
 7.65000 0.02116
 7.75000 0.02137
 7.85000 0.02158
 7.95000 0.02180
 8.05000 0.02201
 8.15000 0.02218
 8.25000 0.02233
 8.35000 0.02244
 8.45000 0.02256
 8.55000 0.02266
 8.65000 0.02276
 8.75000 0.02285
 8.85000 0.02290
 8.95000 0.02294
 9.05000 0.02295
 9.15000 0.02297
 9.25000 0.02299
 9.35000 0.02303
 9.45000 0.02306
 9.55000 0.02311
 9.65000 0.02318
 9.75000 0.02326
 9.85000 0.02334
 9.95000 0.02341
10.05000 0.02348
10.15000 0.02355
10.25000 0.02363
10.35000 0.02371
10.45000 0.02377
10.55000 0.02383
10.65000 0.02387
10.75000 0.02391
10.85000 0.02392
10.95000 0.02394
11.05000 0.02396
11.15000 0.02399
11.25000 0.02402
11.35000 0.02404
11.45000 0.02407
11.55000 0.02409
11.65000 0.02410
11.75000 0.02413
11.85000 0.02418
11.95000 0.02423
12.05000 0.02430
12.15000 0.02438
12.25000 0.02447
12.35000 0.02454
12.45000 0.02461
12.55000 0.02468
12.65000 0.02473
12.75000 0.02480
12.85000 0.02485
12.95000 0.02491
13.05000 0.02498
13.15000 0.02504
13.25000 0.02511
13.35000 0.02518
13.45000 0.02525
13.55000 0.02532
13.65000 0.02540
13.75000 0.02547
13.85000 0.02555
13.95000 0.02562
14.05000 0.02568
14.15000 0.02574
14.25000 0.02580
14.35000 0.02585
14.45000 0.02589
14.55000 0.02593
14.65000 0.02597
14.75000 0.02601
14.85000 0.02605
14.95000 0.02609
15.05000 0.02613
15.15000 0.02617
15.25000 0.02621
15.35000 0.02626
15.45000 0.02632
15.55000 0.02638
15.65000 0.02645
15.75000 0.02652
15.85000 0.02658
15.95000 0.02666
16.05000 0.02674
16.15000 0.02681
16.25000 0.02688
16.35000 0.02695
16.45000 0.02702
16.55000 0.02709
16.65000 0.02715
16.75000 0.02720
16.85000 0.02726
16.95000 0.02730
17.05000 0.02735
17.15000 0.02739
17.25000 0.02743
17.35000 0.02747
17.45000 0.02750
17.55000 0.02754
17.65000 0.02758
17.75000 0.02761
17.85000 0.02765
17.95000 0.02769
18.05000 0.02773
18.15000 0.02777
18.25000 0.02781
18.35000 0.02785
18.45000 0.02789
18.55000 0.02793
18.65000 0.02797
18.75000 0.02801
18.85000 0.02805
18.95000 0.02809
19.05000 0.02813
19.15000 0.02816
19.25000 0.02820
19.35000 0.02823
19.45000 0.02827
19.55000 0.02830
19.65000 0.02833
19.75000 0.02835
19.85000 0.02838
19.95000 0.02840
20.05000 0.02843
20.15000 0.02845
20.25000 0.02847
20.35000 0.02849
20.45000 0.02852
20.55000 0.02854
20.65000 0.02857
20.75000 0.02859
20.85000 0.02862
20.95000 0.02865
21.05000 0.02868
21.15000 0.02871
21.25000 0.02874
21.35000 0.02877
21.45000 0.02880
21.55000 0.02884
21.65000 0.02887
21.75000 0.02891
21.85000 0.02894
21.95000 0.02897
22.05000 0.02901
22.15000 0.02904
22.25000 0.02907
22.35000 0.02910
22.45000 0.02913
22.55000 0.02916
22.65000 0.02918
22.75000 0.02921
22.85000 0.02923
22.95000 0.02926
23.05000 0.02928
23.15000 0.02931
23.25000 0.02933
23.35000 0.02936
23.45000 0.02939
23.55000 0.02942
23.65000 0.02945
23.75000 0.02947
23.85000 0.02950
23.95000 0.02953
24.05000 0.02956
24.15000 0.02958
24.25000 0.02961
24.35000 0.02964
24.45000 0.02966
24.55000 0.02969
24.65000 0.02972
24.75000 0.02975
24.85000 0.02978
24.95000 0.02980
25.05000 0.02983
25.15000 0.02986
25.25000 0.02988
25.35000 0.02990
25.45000 0.02993
25.55000 0.02995
25.65000 0.02997
25.75000 0.02999
25.85000 0.03001
25.95000 0.03004
26.05000 0.03006
26.15000 0.03008
26.25000 0.03010
26.35000 0.03012
26.45000 0.03015
26.55000 0.03017
26.65000 0.03019
26.75000 0.03021
26.85000 0.03024
26.95000 0.03026
27.05000 0.03028
27.15000 0.03030
27.25000 0.03032
27.35000 0.03034
27.45000 0.03037
27.55000 0.03039
27.65000 0.03041
27.75000 0.03043
27.85000 0.03045
27.95000 0.03047
28.05000 0.03049
28.15000 0.03051
28.25000 0.03053
28.35000 0.03055
28.45000 0.03057
28.55000 0.03059
28.65000 0.03061
28.75000 0.03063
28.85000 0.03064
28.95000 0.03066
29.05000 0.03068
29.15000 0.03069
29.25000 0.03071
29.35000 0.03073
29.45000 0.03074
29.55000 0.03076
29.65000 0.03077
29.75000 0.03079
29.85000 0.03080
29.95000 0.03082
