 0.05000 0.00000
 0.15000 0.00000
 0.25000 0.00000
 0.35000 0.00000
 0.45000 0.00000
 0.55000 0.00000
 0.65000 0.00000
 0.75000 0.00000
 0.85000 0.00000
 0.95000 0.00000
 1.05000 0.00000
 1.15000 0.00000
 1.25000 0.00000
 1.35000 0.00000
 1.45000 0.00000
 1.55000 0.00000
 1.65000 0.00000
 1.75000 0.00000
 1.85000 0.00000
 1.95000 0.00000
 2.05000 0.00000
 2.15000 0.00000
 2.25000 0.00000
 2.35000 0.00001
 2.45000 0.00090
 2.55000 0.01112
 2.65000 0.03145
 2.75000 0.03903
 2.85000 0.03218
 2.95000 0.02325
 3.05000 0.01786
 3.15000 0.01567
 3.25000 0.01517
 3.35000 0.01538
 3.45000 0.01575
 3.55000 0.01610
 3.65000 0.01631
 3.75000 0.01637
 3.85000 0.01630
 3.95000 0.01615
 4.05000 0.01599
 4.15000 0.01588
 4.25000 0.01586
 4.35000 0.01593
 4.45000 0.01603
 4.55000 0.01622
 4.65000 0.01648
 4.75000 0.01677
 4.85000 0.01713
 4.95000 0.01753
 5.05000 0.01796
 5.15000 0.01836
 5.25000 0.01868
 5.35000 0.01887
 5.45000 0.01886
 5.55000 0.01864
 5.65000 0.01834
 5.75000 0.01809
 5.85000 0.01798
 5.95000 0.01797
 6.05000 0.01802
 6.15000 0.01813
 6.25000 0.01825
 6.35000 0.01839
 6.45000 0.01851
 6.55000 0.01862
 6.65000 0.01872
 6.75000 0.01883
 6.85000 0.01896
 6.95000 0.01911
 7.05000 0.01927
 7.15000 0.01929
 7.25000 0.01920
 7.35000 0.01911
 7.45000 0.01908
 7.55000 0.01914
 7.65000 0.01924
 7.75000 0.01938
 7.85000 0.01953
 7.95000 0.01966
 8.05000 0.01981
 8.15000 0.01995
 8.25000 0.02010
 8.35000 0.02024
 8.45000 0.02040
 8.55000 0.02056
 8.65000 0.02071
 8.75000 0.02086
 8.85000 0.02099
 8.95000 0.02109
 9.05000 0.02119
 9.15000 0.02127
 9.25000 0.02134
 9.35000 0.02142
 9.45000 0.02151
 9.55000 0.02160
 9.65000 0.02173
 9.75000 0.02187
 9.85000 0.02204
 9.95000 0.02222
10.05000 0.02243
10.15000 0.02265
10.25000 0.02288
10.35000 0.02313
10.45000 0.02337
10.55000 0.02361
10.65000 0.02381
10.75000 0.02398
10.85000 0.02411
10.95000 0.02422
11.05000 0.02430
11.15000 0.02434
11.25000 0.02437
11.35000 0.02437
11.45000 0.02438
11.55000 0.02438
11.65000 0.02439
11.75000 0.02441
11.85000 0.02444
11.95000 0.02447
12.05000 0.02453
12.15000 0.02459
12.25000 0.02465
12.35000 0.02473
12.45000 0.02481
12.55000 0.02488
12.65000 0.02496
12.75000 0.02503
12.85000 0.02512
12.95000 0.02520
13.05000 0.02528
13.15000 0.02535
13.25000 0.02540
13.35000 0.02544
13.45000 0.02547
13.55000 0.02550
13.65000 0.02554
13.75000 0.02558
13.85000 0.02562
13.95000 0.02567
14.05000 0.02571
14.15000 0.02576
14.25000 0.02580
14.35000 0.02584
14.45000 0.02588
14.55000 0.02592
14.65000 0.02597
14.75000 0.02600
14.85000 0.02605
14.95000 0.02610
15.05000 0.02615
15.15000 0.02620
15.25000 0.02624
15.35000 0.02629
15.45000 0.02634
15.55000 0.02638
15.65000 0.02642
15.75000 0.02646
15.85000 0.02649
15.95000 0.02653
16.05000 0.02656
16.15000 0.02660
16.25000 0.02664
16.35000 0.02667
16.45000 0.02671
16.55000 0.02676
16.65000 0.02679
16.75000 0.02683
16.85000 0.02688
16.95000 0.02692
17.05000 0.02697
17.15000 0.02701
17.25000 0.02706
17.35000 0.02710
17.45000 0.02715
17.55000 0.02718
17.65000 0.02723
17.75000 0.02727
17.85000 0.02732
17.95000 0.02736
18.05000 0.02741
18.15000 0.02745
18.25000 0.02749
18.35000 0.02753
18.45000 0.02758
18.55000 0.02762
18.65000 0.02767
18.75000 0.02772
18.85000 0.02777
18.95000 0.02782
19.05000 0.02787
19.15000 0.02793
19.25000 0.02798
19.35000 0.02803
19.45000 0.02808
19.55000 0.02812
19.65000 0.02817
19.75000 0.02821
19.85000 0.02825
19.95000 0.02828
20.05000 0.02832
20.15000 0.02835
20.25000 0.02839
20.35000 0.02842
20.45000 0.02846
20.55000 0.02850
20.65000 0.02853
20.75000 0.02856
20.85000 0.02860
20.95000 0.02863
21.05000 0.02866
21.15000 0.02870
21.25000 0.02873
21.35000 0.02877
21.45000 0.02880
21.55000 0.02884
21.65000 0.02888
21.75000 0.02891
21.85000 0.02895
21.95000 0.02898
22.05000 0.02902
22.15000 0.02906
22.25000 0.02909
22.35000 0.02913
22.45000 0.02916
22.55000 0.02920
22.65000 0.02923
22.75000 0.02927
22.85000 0.02930
22.95000 0.02934
23.05000 0.02937
23.15000 0.02940
23.25000 0.02944
23.35000 0.02948
23.45000 0.02951
23.55000 0.02955
23.65000 0.02958
23.75000 0.02962
23.85000 0.02965
23.95000 0.02969
24.05000 0.02972
24.15000 0.02975
24.25000 0.02979
24.35000 0.02982
24.45000 0.02985
24.55000 0.02988
24.65000 0.02991
24.75000 0.02994
24.85000 0.02996
24.95000 0.02999
25.05000 0.03002
25.15000 0.03004
25.25000 0.03007
25.35000 0.03010
25.45000 0.03012
25.55000 0.03015
25.65000 0.03017
25.75000 0.03019
25.85000 0.03022
25.95000 0.03024
26.05000 0.03026
26.15000 0.03028
26.25000 0.03030
26.35000 0.03032
26.45000 0.03035
26.55000 0.03037
26.65000 0.03039
26.75000 0.03041
26.85000 0.03043
26.95000 0.03045
27.05000 0.03047
27.15000 0.03049
27.25000 0.03051
27.35000 0.03053
27.45000 0.03054
27.55000 0.03056
27.65000 0.03058
27.75000 0.03060
27.85000 0.03061
27.95000 0.03063
28.05000 0.03065
28.15000 0.03067
28.25000 0.03068
28.35000 0.03070
28.45000 0.03071
28.55000 0.03073
28.65000 0.03075
28.75000 0.03076
28.85000 0.03078
28.95000 0.03079
29.05000 0.03081
29.15000 0.03082
29.25000 0.03083
29.35000 0.03085
29.45000 0.03086
29.55000 0.03087
29.65000 0.03089
29.75000 0.03090
29.85000 0.03092
29.95000 0.03093
