 0.05000 0.00000
 0.15000 0.00000
 0.25000 0.00000
 0.35000 0.00000
 0.45000 0.00000
 0.55000 0.00000
 0.65000 0.00000
 0.75000 0.00000
 0.85000 0.00000
 0.95000 0.00000
 1.05000 0.00000
 1.15000 0.00000
 1.25000 0.00000
 1.35000 0.00000
 1.45000 0.00000
 1.55000 0.00000
 1.65000 0.00000
 1.75000 0.00000
 1.85000 0.00000
 1.95000 0.00000
 2.05000 0.00000
 2.15000 0.00000
 2.25000 0.00000
 2.35000 0.00000
 2.45000 0.00000
 2.55000 0.00000
 2.65000 0.00000
 2.75000 0.00000
 2.85000 0.00000
 2.95000 0.00002
 3.05000 0.00028
 3.15000 0.00203
 3.25000 0.00780
 3.35000 0.01875
 3.45000 0.03149
 3.55000 0.04057
 3.65000 0.04406
 3.75000 0.04376
 3.85000 0.04153
 3.95000 0.03676
 4.05000 0.02870
 4.15000 0.02000
 4.25000 0.01392
 4.35000 0.01092
 4.45000 0.00993
 4.55000 0.00996
 4.65000 0.01052
 4.75000 0.01136
 4.85000 0.01237
 4.95000 0.01352
 5.05000 0.01474
 5.15000 0.01602
 5.25000 0.01740
 5.35000 0.01903
 5.45000 0.02007
 5.55000 0.02001
 5.65000 0.02011
 5.75000 0.02049
 5.85000 0.02091
 5.95000 0.02133
 6.05000 0.02172
 6.15000 0.02189
 6.25000 0.02176
 6.35000 0.02133
 6.45000 0.02076
 6.55000 0.02023
 6.65000 0.01979
 6.75000 0.01949
 6.85000 0.01934
 6.95000 0.01933
 7.05000 0.01951
 7.15000 0.01981
 7.25000 0.02016
 7.35000 0.02049
 7.45000 0.02076
 7.55000 0.02098
 7.65000 0.02116
 7.75000 0.02131
 7.85000 0.02145
 7.95000 0.02159
 8.05000 0.02175
 8.15000 0.02191
 8.25000 0.02206
 8.35000 0.02221
 8.45000 0.02235
 8.55000 0.02248
 8.65000 0.02262
 8.75000 0.02273
 8.85000 0.02285
 8.95000 0.02298
 9.05000 0.02310
 9.15000 0.02323
 9.25000 0.02334
 9.35000 0.02346
 9.45000 0.02358
 9.55000 0.02369
 9.65000 0.02382
 9.75000 0.02394
 9.85000 0.02404
 9.95000 0.02414
10.05000 0.02420
10.15000 0.02425
10.25000 0.02426
10.35000 0.02425
10.45000 0.02421
10.55000 0.02418
10.65000 0.02416
10.75000 0.02416
10.85000 0.02418
10.95000 0.02421
11.05000 0.02426
11.15000 0.02432
11.25000 0.02440
11.35000 0.02449
11.45000 0.02457
11.55000 0.02465
11.65000 0.02473
11.75000 0.02481
11.85000 0.02488
11.95000 0.02495
12.05000 0.02503
12.15000 0.02510
12.25000 0.02516
12.35000 0.02523
12.45000 0.02528
12.55000 0.02533
12.65000 0.02537
12.75000 0.02540
12.85000 0.02542
12.95000 0.02543
13.05000 0.02544
13.15000 0.02545
13.25000 0.02548
13.35000 0.02551
13.45000 0.02555
13.55000 0.02560
13.65000 0.02565
13.75000 0.02571
13.85000 0.02577
13.95000 0.02583
14.05000 0.02587
14.15000 0.02593
14.25000 0.02597
14.35000 0.02602
14.45000 0.02608
14.55000 0.02613
14.65000 0.02618
14.75000 0.02622
14.85000 0.02627
14.95000 0.02631
15.05000 0.02636
15.15000 0.02640
15.25000 0.02644
15.35000 0.02647
15.45000 0.02652
15.55000 0.02656
15.65000 0.02660
15.75000 0.02664
15.85000 0.02669
15.95000 0.02674
16.05000 0.02678
16.15000 0.02683
16.25000 0.02687
16.35000 0.02692
16.45000 0.02696
16.55000 0.02701
16.65000 0.02705
16.75000 0.02709
16.85000 0.02714
16.95000 0.02719
17.05000 0.02724
17.15000 0.02729
17.25000 0.02733
17.35000 0.02738
17.45000 0.02742
17.55000 0.02746
17.65000 0.02750
17.75000 0.02754
17.85000 0.02758
17.95000 0.02763
18.05000 0.02766
18.15000 0.02771
18.25000 0.02775
18.35000 0.02779
18.45000 0.02783
18.55000 0.02787
18.65000 0.02791
18.75000 0.02795
18.85000 0.02799
18.95000 0.02803
19.05000 0.02807
19.15000 0.02811
19.25000 0.02816
19.35000 0.02820
19.45000 0.02824
19.55000 0.02828
19.65000 0.02833
19.75000 0.02837
19.85000 0.02841
19.95000 0.02844
20.05000 0.02848
20.15000 0.02851
20.25000 0.02855
20.35000 0.02859
20.45000 0.02862
20.55000 0.02866
20.65000 0.02869
20.75000 0.02873
20.85000 0.02877
20.95000 0.02880
21.05000 0.02884
21.15000 0.02887
21.25000 0.02891
21.35000 0.02894
21.45000 0.02897
21.55000 0.02900
21.65000 0.02904
21.75000 0.02907
21.85000 0.02910
21.95000 0.02913
22.05000 0.02916
22.15000 0.02920
22.25000 0.02923
22.35000 0.02926
22.45000 0.02929
22.55000 0.02932
22.65000 0.02935
22.75000 0.02938
22.85000 0.02941
22.95000 0.02944
23.05000 0.02947
23.15000 0.02950
23.25000 0.02952
23.35000 0.02955
23.45000 0.02958
23.55000 0.02961
23.65000 0.02963
23.75000 0.02966
23.85000 0.02968
23.95000 0.02971
24.05000 0.02974
24.15000 0.02976
24.25000 0.02979
24.35000 0.02982
24.45000 0.02984
24.55000 0.02987
24.65000 0.02989
24.75000 0.02992
24.85000 0.02994
24.95000 0.02997
25.05000 0.02999
25.15000 0.03001
25.25000 0.03004
25.35000 0.03006
25.45000 0.03008
25.55000 0.03011
25.65000 0.03013
25.75000 0.03016
25.85000 0.03018
25.95000 0.03020
26.05000 0.03023
26.15000 0.03025
26.25000 0.03027
26.35000 0.03029
26.45000 0.03031
26.55000 0.03033
26.65000 0.03035
26.75000 0.03037
26.85000 0.03039
26.95000 0.03040
27.05000 0.03042
27.15000 0.03044
27.25000 0.03045
27.35000 0.03047
27.45000 0.03048
27.55000 0.03050
27.65000 0.03052
27.75000 0.03053
27.85000 0.03055
27.95000 0.03057
28.05000 0.03059
28.15000 0.03060
28.25000 0.03062
28.35000 0.03064
28.45000 0.03066
28.55000 0.03067
28.65000 0.03069
28.75000 0.03071
28.85000 0.03072
28.95000 0.03074
29.05000 0.03076
29.15000 0.03077
29.25000 0.03079
29.35000 0.03081
29.45000 0.03082
29.55000 0.03083
29.65000 0.03085
29.75000 0.03087
29.85000 0.03088
29.95000 0.03089
