 0.05000 0.00000
 0.15000 0.00000
 0.25000 0.00000
 0.35000 0.00000
 0.45000 0.00000
 0.55000 0.00000
 0.65000 0.00000
 0.75000 0.00000
 0.85000 0.00000
 0.95000 0.00000
 1.05000 0.00000
 1.15000 0.00000
 1.25000 0.00000
 1.35000 0.00000
 1.45000 0.00000
 1.55000 0.00000
 1.65000 0.00000
 1.75000 0.00000
 1.85000 0.00000
 1.95000 0.00000
 2.05000 0.00000
 2.15000 0.00000
 2.25000 0.00000
 2.35000 0.00000
 2.45000 0.00000
 2.55000 0.00001
 2.65000 0.00071
 2.75000 0.00772
 2.85000 0.02081
 2.95000 0.02635
 3.05000 0.02482
 3.15000 0.02229
 3.25000 0.02067
 3.35000 0.01981
 3.45000 0.01934
 3.55000 0.01898
 3.65000 0.01860
 3.75000 0.01812
 3.85000 0.01758
 3.95000 0.01697
 4.05000 0.01638
 4.15000 0.01574
 4.25000 0.01509
 4.35000 0.01447
 4.45000 0.01395
 4.55000 0.01358
 4.65000 0.01341
 4.75000 0.01339
 4.85000 0.01352
 4.95000 0.01376
 5.05000 0.01406
 5.15000 0.01438
 5.25000 0.01473
 5.35000 0.01510
 5.45000 0.01550
 5.55000 0.01592
 5.65000 0.01636
 5.75000 0.01678
 5.85000 0.01718
 5.95000 0.01755
 6.05000 0.01787
 6.15000 0.01812
 6.25000 0.01830
 6.35000 0.01840
 6.45000 0.01842
 6.55000 0.01841
 6.65000 0.01840
 6.75000 0.01844
 6.85000 0.01850
 6.95000 0.01854
 7.05000 0.01842
 7.15000 0.01815
 7.25000 0.01789
 7.35000 0.01776
 7.45000 0.01778
 7.55000 0.01789
 7.65000 0.01806
 7.75000 0.01824
 7.85000 0.01845
 7.95000 0.01866
 8.05000 0.01889
 8.15000 0.01913
 8.25000 0.01938
 8.35000 0.01962
 8.45000 0.01984
 8.55000 0.02006
 8.65000 0.02024
 8.75000 0.02041
 8.85000 0.02056
 8.95000 0.02069
 9.05000 0.02080
 9.15000 0.02089
 9.25000 0.02098
 9.35000 0.02107
 9.45000 0.02116
 9.55000 0.02127
 9.65000 0.02140
 9.75000 0.02155
 9.85000 0.02172
 9.95000 0.02193
10.05000 0.02213
10.15000 0.02236
10.25000 0.02260
10.35000 0.02284
10.45000 0.02309
10.55000 0.02332
10.65000 0.02351
10.75000 0.02366
10.85000 0.02378
10.95000 0.02386
11.05000 0.02392
11.15000 0.02394
11.25000 0.02396
11.35000 0.02396
11.45000 0.02395
11.55000 0.02396
11.65000 0.02396
11.75000 0.02398
11.85000 0.02401
11.95000 0.02405
12.05000 0.02411
12.15000 0.02416
12.25000 0.02423
12.35000 0.02430
12.45000 0.02437
12.55000 0.02445
12.65000 0.02453
12.75000 0.02461
12.85000 0.02469
12.95000 0.02477
13.05000 0.02485
13.15000 0.02492
13.25000 0.02499
13.35000 0.02504
13.45000 0.02510
13.55000 0.02515
13.65000 0.02520
13.75000 0.02525
13.85000 0.02530
13.95000 0.02535
14.05000 0.02540
14.15000 0.02545
14.25000 0.02549
14.35000 0.02553
14.45000 0.02556
14.55000 0.02560
14.65000 0.02564
14.75000 0.02569
14.85000 0.02574
14.95000 0.02579
15.05000 0.02584
15.15000 0.02591
15.25000 0.02596
15.35000 0.02603
15.45000 0.02609
15.55000 0.02616
15.65000 0.02622
15.75000 0.02629
15.85000 0.02635
15.95000 0.02641
16.05000 0.02647
16.15000 0.02653
16.25000 0.02658
16.35000 0.02663
16.45000 0.02668
16.55000 0.02674
16.65000 0.02679
16.75000 0.02685
16.85000 0.02691
16.95000 0.02696
17.05000 0.02702
17.15000 0.02708
17.25000 0.02714
17.35000 0.02720
17.45000 0.02725
17.55000 0.02730
17.65000 0.02736
17.75000 0.02741
17.85000 0.02746
17.95000 0.02750
18.05000 0.02755
18.15000 0.02759
18.25000 0.02764
18.35000 0.02768
18.45000 0.02773
18.55000 0.02777
18.65000 0.02782
18.75000 0.02787
18.85000 0.02792
18.95000 0.02797
19.05000 0.02802
19.15000 0.02807
19.25000 0.02812
19.35000 0.02817
19.45000 0.02822
19.55000 0.02827
19.65000 0.02832
19.75000 0.02836
19.85000 0.02841
19.95000 0.02846
20.05000 0.02851
20.15000 0.02855
20.25000 0.02859
20.35000 0.02864
20.45000 0.02868
20.55000 0.02872
20.65000 0.02875
20.75000 0.02879
20.85000 0.02882
20.95000 0.02886
21.05000 0.02890
21.15000 0.02893
21.25000 0.02896
21.35000 0.02900
21.45000 0.02903
21.55000 0.02906
21.65000 0.02909
21.75000 0.02913
21.85000 0.02916
21.95000 0.02919
22.05000 0.02923
22.15000 0.02926
22.25000 0.02930
22.35000 0.02934
22.45000 0.02937
22.55000 0.02941
22.65000 0.02945
22.75000 0.02948
22.85000 0.02952
22.95000 0.02955
23.05000 0.02959
23.15000 0.02962
23.25000 0.02965
23.35000 0.02968
23.45000 0.02971
23.55000 0.02974
23.65000 0.02977
23.75000 0.02980
23.85000 0.02983
23.95000 0.02985
24.05000 0.02988
24.15000 0.02991
24.25000 0.02993
24.35000 0.02996
24.45000 0.02998
24.55000 0.03001
24.65000 0.03003
24.75000 0.03006
24.85000 0.03008
24.95000 0.03010
25.05000 0.03013
25.15000 0.03016
25.25000 0.03018
25.35000 0.03020
25.45000 0.03022
25.55000 0.03024
25.65000 0.03027
25.75000 0.03029
25.85000 0.03031
25.95000 0.03033
26.05000 0.03035
26.15000 0.03037
26.25000 0.03039
26.35000 0.03041
26.45000 0.03043
26.55000 0.03045
26.65000 0.03047
26.75000 0.03049
26.85000 0.03051
26.95000 0.03052
27.05000 0.03055
27.15000 0.03056
27.25000 0.03058
27.35000 0.03060
27.45000 0.03062
27.55000 0.03064
27.65000 0.03065
27.75000 0.03067
27.85000 0.03069
27.95000 0.03071
28.05000 0.03072
28.15000 0.03074
28.25000 0.03076
28.35000 0.03078
28.45000 0.03079
28.55000 0.03081
28.65000 0.03083
28.75000 0.03085
28.85000 0.03086
28.95000 0.03088
29.05000 0.03089
29.15000 0.03091
29.25000 0.03092
29.35000 0.03094
29.45000 0.03095
29.55000 0.03097
29.65000 0.03098
29.75000 0.03100
29.85000 0.03101
29.95000 0.03103
