 0.05000 0.00000
 0.15000 0.00000
 0.25000 0.00000
 0.35000 0.00000
 0.45000 0.00000
 0.55000 0.00000
 0.65000 0.00000
 0.75000 0.00000
 0.85000 0.00000
 0.95000 0.00000
 1.05000 0.00000
 1.15000 0.00000
 1.25000 0.00000
 1.35000 0.00000
 1.45000 0.00000
 1.55000 0.00000
 1.65000 0.00000
 1.75000 0.00000
 1.85000 0.00000
 1.95000 0.00000
 2.05000 0.00000
 2.15000 0.00000
 2.25000 0.00000
 2.35000 0.00001
 2.45000 0.00115
 2.55000 0.01295
 2.65000 0.03547
 2.75000 0.04501
 2.85000 0.03843
 2.95000 0.02799
 3.05000 0.02090
 3.15000 0.01744
 3.25000 0.01599
 3.35000 0.01540
 3.45000 0.01511
 3.55000 0.01491
 3.65000 0.01472
 3.75000 0.01455
 3.85000 0.01444
 3.95000 0.01480
 4.05000 0.01503
 4.15000 0.01447
 4.25000 0.01417
 4.35000 0.01416
 4.45000 0.01425
 4.55000 0.01438
 4.65000 0.01457
 4.75000 0.01481
 4.85000 0.01510
 4.95000 0.01544
 5.05000 0.01579
 5.15000 0.01623
 5.25000 0.01671
 5.35000 0.01712
 5.45000 0.01725
 5.55000 0.01702
 5.65000 0.01663
 5.75000 0.01630
 5.85000 0.01613
 5.95000 0.01612
 6.05000 0.01623
 6.15000 0.01642
 6.25000 0.01667
 6.35000 0.01696
 6.45000 0.01727
 6.55000 0.01762
 6.65000 0.01800
 6.75000 0.01848
 6.85000 0.01910
 6.95000 0.01977
 7.05000 0.02024
 7.15000 0.02032
 7.25000 0.02010
 7.35000 0.01982
 7.45000 0.01961
 7.55000 0.01949
 7.65000 0.01943
 7.75000 0.01941
 7.85000 0.01942
 7.95000 0.01946
 8.05000 0.01950
 8.15000 0.01956
 8.25000 0.01963
 8.35000 0.01973
 8.45000 0.01986
 8.55000 0.02003
 8.65000 0.02022
 8.75000 0.02044
 8.85000 0.02067
 8.95000 0.02090
 9.05000 0.02114
 9.15000 0.02139
 9.25000 0.02165
 9.35000 0.02191
 9.45000 0.02217
 9.55000 0.02241
 9.65000 0.02261
 9.75000 0.02278
 9.85000 0.02292
 9.95000 0.02303
10.05000 0.02313
10.15000 0.02322
10.25000 0.02329
10.35000 0.02335
10.45000 0.02340
10.55000 0.02345
10.65000 0.02350
10.75000 0.02354
10.85000 0.02359
10.95000 0.02364
11.05000 0.02369
11.15000 0.02374
11.25000 0.02377
11.35000 0.02380
11.45000 0.02382
11.55000 0.02384
11.65000 0.02386
11.75000 0.02390
11.85000 0.02396
11.95000 0.02404
12.05000 0.02413
12.15000 0.02423
12.25000 0.02432
12.35000 0.02442
12.45000 0.02451
12.55000 0.02460
12.65000 0.02468
12.75000 0.02476
12.85000 0.02483
12.95000 0.02489
13.05000 0.02495
13.15000 0.02500
13.25000 0.02505
13.35000 0.02510
13.45000 0.02513
13.55000 0.02518
13.65000 0.02522
13.75000 0.02527
13.85000 0.02532
13.95000 0.02538
14.05000 0.02543
14.15000 0.02549
14.25000 0.02555
14.35000 0.02561
14.45000 0.02567
14.55000 0.02573
14.65000 0.02579
14.75000 0.02584
14.85000 0.02590
14.95000 0.02596
15.05000 0.02601
15.15000 0.02607
15.25000 0.02613
15.35000 0.02618
15.45000 0.02624
15.55000 0.02630
15.65000 0.02636
15.75000 0.02641
15.85000 0.02647
15.95000 0.02653
16.05000 0.02660
16.15000 0.02666
16.25000 0.02672
16.35000 0.02678
16.45000 0.02684
16.55000 0.02690
16.65000 0.02695
16.75000 0.02700
16.85000 0.02705
16.95000 0.02709
17.05000 0.02714
17.15000 0.02718
17.25000 0.02723
17.35000 0.02727
17.45000 0.02730
17.55000 0.02735
17.65000 0.02739
17.75000 0.02743
17.85000 0.02747
17.95000 0.02751
18.05000 0.02755
18.15000 0.02759
18.25000 0.02764
18.35000 0.02769
18.45000 0.02774
18.55000 0.02778
18.65000 0.02784
18.75000 0.02788
18.85000 0.02793
18.95000 0.02798
19.05000 0.02802
19.15000 0.02807
19.25000 0.02811
19.35000 0.02815
19.45000 0.02819
19.55000 0.02824
19.65000 0.02828
19.75000 0.02832
19.85000 0.02837
19.95000 0.02841
20.05000 0.02845
20.15000 0.02849
20.25000 0.02853
20.35000 0.02857
20.45000 0.02861
20.55000 0.02865
20.65000 0.02869
20.75000 0.02873
20.85000 0.02877
20.95000 0.02881
21.05000 0.02886
21.15000 0.02889
21.25000 0.02894
21.35000 0.02898
21.45000 0.02902
21.55000 0.02905
21.65000 0.02909
21.75000 0.02913
21.85000 0.02917
21.95000 0.02920
22.05000 0.02923
22.15000 0.02927
22.25000 0.02930
22.35000 0.02934
22.45000 0.02937
22.55000 0.02940
22.65000 0.02943
22.75000 0.02946
22.85000 0.02949
22.95000 0.02952
23.05000 0.02955
23.15000 0.02958
23.25000 0.02961
23.35000 0.02964
23.45000 0.02966
23.55000 0.02969
23.65000 0.02972
23.75000 0.02975
23.85000 0.02978
23.95000 0.02980
24.05000 0.02983
24.15000 0.02986
24.25000 0.02988
24.35000 0.02991
24.45000 0.02994
24.55000 0.02996
24.65000 0.02999
24.75000 0.03001
24.85000 0.03004
24.95000 0.03006
25.05000 0.03008
25.15000 0.03011
25.25000 0.03013
25.35000 0.03015
25.45000 0.03018
25.55000 0.03020
25.65000 0.03022
25.75000 0.03025
25.85000 0.03027
25.95000 0.03030
26.05000 0.03032
26.15000 0.03034
26.25000 0.03036
26.35000 0.03038
26.45000 0.03040
26.55000 0.03043
26.65000 0.03045
26.75000 0.03047
26.85000 0.03049
26.95000 0.03050
27.05000 0.03052
27.15000 0.03054
27.25000 0.03056
27.35000 0.03058
27.45000 0.03059
27.55000 0.03061
27.65000 0.03062
27.75000 0.03064
27.85000 0.03066
27.95000 0.03067
28.05000 0.03069
28.15000 0.03070
28.25000 0.03072
28.35000 0.03074
28.45000 0.03075
28.55000 0.03076
28.65000 0.03078
28.75000 0.03080
28.85000 0.03081
28.95000 0.03082
29.05000 0.03084
29.15000 0.03086
29.25000 0.03087
29.35000 0.03088
29.45000 0.03090
29.55000 0.03091
29.65000 0.03093
29.75000 0.03094
29.85000 0.03095
29.95000 0.03097
