 0.05000 0.00000
 0.15000 0.00000
 0.25000 0.00000
 0.35000 0.00000
 0.45000 0.00000
 0.55000 0.00000
 0.65000 0.00000
 0.75000 0.00000
 0.85000 0.00000
 0.95000 0.00000
 1.05000 0.00000
 1.15000 0.00000
 1.25000 0.00000
 1.35000 0.00000
 1.45000 0.00000
 1.55000 0.00000
 1.65000 0.00000
 1.75000 0.00000
 1.85000 0.00000
 1.95000 0.00000
 2.05000 0.00000
 2.15000 0.00000
 2.25000 0.00000
 2.35000 0.00000
 2.45000 0.00000
 2.55000 0.00038
 2.65000 0.00500
 2.75000 0.01568
 2.85000 0.02193
 2.95000 0.02048
 3.05000 0.01666
 3.15000 0.01385
 3.25000 0.01264
 3.35000 0.01245
 3.45000 0.01276
 3.55000 0.01319
 3.65000 0.01351
 3.75000 0.01370
 3.85000 0.01372
 3.95000 0.01367
 4.05000 0.01363
 4.15000 0.01370
 4.25000 0.01391
 4.35000 0.01428
 4.45000 0.01473
 4.55000 0.01537
 4.65000 0.01639
 4.75000 0.01799
 4.85000 0.01950
 4.95000 0.01979
 5.05000 0.01887
 5.15000 0.01774
 5.25000 0.01701
 5.35000 0.01671
 5.45000 0.01673
 5.55000 0.01690
 5.65000 0.01708
 5.75000 0.01718
 5.85000 0.01719
 5.95000 0.01713
 6.05000 0.01705
 6.15000 0.01695
 6.25000 0.01685
 6.35000 0.01678
 6.45000 0.01674
 6.55000 0.01677
 6.65000 0.01685
 6.75000 0.01699
 6.85000 0.01717
 6.95000 0.01735
 7.05000 0.01754
 7.15000 0.01773
 7.25000 0.01791
 7.35000 0.01810
 7.45000 0.01826
 7.55000 0.01841
 7.65000 0.01857
 7.75000 0.01873
 7.85000 0.01892
 7.95000 0.01913
 8.05000 0.01935
 8.15000 0.01956
 8.25000 0.01974
 8.35000 0.01989
 8.45000 0.02004
 8.55000 0.02018
 8.65000 0.02036
 8.75000 0.02056
 8.85000 0.02079
 8.95000 0.02102
 9.05000 0.02124
 9.15000 0.02145
 9.25000 0.02164
 9.35000 0.02181
 9.45000 0.02195
 9.55000 0.02210
 9.65000 0.02223
 9.75000 0.02237
 9.85000 0.02251
 9.95000 0.02266
10.05000 0.02279
10.15000 0.02291
10.25000 0.02302
10.35000 0.02311
10.45000 0.02320
10.55000 0.02328
10.65000 0.02335
10.75000 0.02342
10.85000 0.02349
10.95000 0.02356
11.05000 0.02362
11.15000 0.02368
11.25000 0.02372
11.35000 0.02375
11.45000 0.02377
11.55000 0.02378
11.65000 0.02379
11.75000 0.02382
11.85000 0.02387
11.95000 0.02394
12.05000 0.02403
12.15000 0.02413
12.25000 0.02423
12.35000 0.02434
12.45000 0.02444
12.55000 0.02454
12.65000 0.02462
12.75000 0.02470
12.85000 0.02477
12.95000 0.02483
13.05000 0.02490
13.15000 0.02495
13.25000 0.02500
13.35000 0.02505
13.45000 0.02510
13.55000 0.02514
13.65000 0.02518
13.75000 0.02523
13.85000 0.02527
13.95000 0.02532
14.05000 0.02537
14.15000 0.02542
14.25000 0.02547
14.35000 0.02552
14.45000 0.02557
14.55000 0.02563
14.65000 0.02568
14.75000 0.02575
14.85000 0.02581
14.95000 0.02587
15.05000 0.02592
15.15000 0.02598
15.25000 0.02603
15.35000 0.02609
15.45000 0.02614
15.55000 0.02619
15.65000 0.02624
15.75000 0.02630
15.85000 0.02635
15.95000 0.02641
16.05000 0.02647
16.15000 0.02653
16.25000 0.02659
16.35000 0.02665
16.45000 0.02671
16.55000 0.02677
16.65000 0.02683
16.75000 0.02688
16.85000 0.02694
16.95000 0.02699
17.05000 0.02704
17.15000 0.02708
17.25000 0.02713
17.35000 0.02718
17.45000 0.02722
17.55000 0.02727
17.65000 0.02732
17.75000 0.02736
17.85000 0.02741
17.95000 0.02746
18.05000 0.02751
18.15000 0.02756
18.25000 0.02761
18.35000 0.02765
18.45000 0.02770
18.55000 0.02775
18.65000 0.02780
18.75000 0.02785
18.85000 0.02790
18.95000 0.02795
19.05000 0.02800
19.15000 0.02805
19.25000 0.02809
19.35000 0.02814
19.45000 0.02819
19.55000 0.02824
19.65000 0.02829
19.75000 0.02833
19.85000 0.02839
19.95000 0.02843
20.05000 0.02848
20.15000 0.02853
20.25000 0.02858
20.35000 0.02862
20.45000 0.02866
20.55000 0.02870
20.65000 0.02875
20.75000 0.02878
20.85000 0.02882
20.95000 0.02887
21.05000 0.02890
21.15000 0.02894
21.25000 0.02898
21.35000 0.02901
21.45000 0.02905
21.55000 0.02908
21.65000 0.02911
21.75000 0.02914
21.85000 0.02917
21.95000 0.02920
22.05000 0.02924
22.15000 0.02927
22.25000 0.02930
22.35000 0.02933
22.45000 0.02937
22.55000 0.02940
22.65000 0.02943
22.75000 0.02947
22.85000 0.02950
22.95000 0.02954
23.05000 0.02958
23.15000 0.02961
23.25000 0.02964
23.35000 0.02967
23.45000 0.02970
23.55000 0.02973
23.65000 0.02976
23.75000 0.02979
23.85000 0.02982
23.95000 0.02985
24.05000 0.02988
24.15000 0.02990
24.25000 0.02993
24.35000 0.02995
24.45000 0.02998
24.55000 0.03000
24.65000 0.03002
24.75000 0.03005
24.85000 0.03007
24.95000 0.03009
25.05000 0.03011
25.15000 0.03014
25.25000 0.03016
25.35000 0.03018
25.45000 0.03021
25.55000 0.03023
25.65000 0.03025
25.75000 0.03027
25.85000 0.03029
25.95000 0.03031
26.05000 0.03033
26.15000 0.03036
26.25000 0.03038
26.35000 0.03040
26.45000 0.03042
26.55000 0.03043
26.65000 0.03046
26.75000 0.03047
26.85000 0.03049
26.95000 0.03051
27.05000 0.03053
27.15000 0.03055
27.25000 0.03057
27.35000 0.03059
27.45000 0.03061
27.55000 0.03063
27.65000 0.03064
27.75000 0.03066
27.85000 0.03068
27.95000 0.03070
28.05000 0.03072
28.15000 0.03073
28.25000 0.03075
28.35000 0.03076
28.45000 0.03078
28.55000 0.03080
28.65000 0.03081
28.75000 0.03083
28.85000 0.03084
28.95000 0.03086
29.05000 0.03087
29.15000 0.03089
29.25000 0.03090
29.35000 0.03091
29.45000 0.03093
29.55000 0.03094
29.65000 0.03096
29.75000 0.03097
29.85000 0.03099
29.95000 0.03100
