#Distance_(Ang) :1-50@N1_=>_:K+
       0.050000        0.000000
       0.150000        0.000000
       0.250000        0.000000
       0.350000        0.000000
       0.450000        0.000000
       0.550000        0.000000
       0.650000        0.000000
       0.750000        0.000000
       0.850000        0.000000
       0.950000        0.000000
       1.050000        0.000000
       1.150000        0.000000
       1.250000        0.000000
       1.350000        0.000000
       1.450000        0.000000
       1.550000        0.000000
       1.650000        0.000000
       1.750000        0.000000
       1.850000        0.000000
       1.950000        0.000000
       2.050000        0.000000
       2.150000        0.000000
       2.250000        0.000000
       2.350000        0.000000
       2.450000        0.000039
       2.550000        0.004604
       2.650000        0.061720
       2.750000        0.201841
       2.850000        0.278102
       2.950000        0.241496
       3.050000        0.161822
       3.150000        0.097796
       3.250000        0.057993
       3.350000        0.035788
       3.450000        0.023492
       3.550000        0.017280
       3.650000        0.014295
       3.750000        0.013749
       3.850000        0.015435
       3.950000        0.019757
       4.050000        0.026505
       4.150000        0.036834
       4.250000        0.051241
       4.350000        0.069215
       4.450000        0.091621
       4.550000        0.119377
       4.650000        0.155994
       4.750000        0.195185
       4.850000        0.219156
       4.950000        0.212061
       5.050000        0.185204
       5.150000        0.161429
       5.250000        0.147412
       5.350000        0.142389
       5.450000        0.143094
       5.550000        0.148239
       5.650000        0.153574
       5.750000        0.157841
       5.850000        0.159244
       5.950000        0.158285
       6.050000        0.157870
       6.150000        0.158453
       6.250000        0.160172
       6.350000        0.160751
       6.450000        0.162270
       6.550000        0.161062
       6.650000        0.157227
       6.750000        0.150654
       6.850000        0.146139
       6.950000        0.144091
       7.050000        0.144001
       7.150000        0.143660
       7.250000        0.142729
       7.350000        0.139747
       7.450000        0.135879
       7.550000        0.131649
       7.650000        0.127793
       7.750000        0.124813
       7.850000        0.122754
       7.950000        0.121819
       8.050000        0.121608
       8.150000        0.122587
       8.250000        0.124610
       8.350000        0.127479
       8.450000        0.130657
       8.550000        0.134046
       8.650000        0.136557
       8.750000        0.137944
       8.850000        0.138095
       8.950000        0.137257
       9.050000        0.135536
       9.150000        0.133574
       9.250000        0.131588
       9.350000        0.129489
       9.450000        0.127023
       9.550000        0.124181
       9.650000        0.121544
       9.750000        0.119098
       9.850000        0.117052
       9.950000        0.115828
      10.050000        0.115061
      10.150000        0.114826
      10.250000        0.114770
      10.350000        0.115154
      10.450000        0.115122
      10.550000        0.114514
      10.650000        0.113263
      10.750000        0.111305
      10.850000        0.108996
      10.950000        0.106647
      11.050000        0.104719
      11.150000        0.103224
      11.250000        0.102168
      11.350000        0.101667
      11.450000        0.101261
      11.550000        0.101405
      11.650000        0.102083
      11.750000        0.102631
      11.850000        0.103432
      11.950000        0.104255
      12.050000        0.104754
      12.150000        0.104926
      12.250000        0.104646
      12.350000        0.104195
      12.450000        0.103429
      12.550000        0.102714
      12.650000        0.102078
      12.750000        0.101192
      12.850000        0.100305
      12.950000        0.099646
      13.050000        0.098904
      13.150000        0.097732
      13.250000        0.096547
      13.350000        0.095282
      13.450000        0.094141
      13.550000        0.092752
      13.650000        0.091661
      13.750000        0.090499
      13.850000        0.089394
      13.950000        0.088391
      14.050000        0.087535
      14.150000        0.086904
      14.250000        0.086421
      14.350000        0.086132
      14.450000        0.085946
      14.550000        0.085822
      14.650000        0.085969
      14.750000        0.085918
      14.850000        0.085823
      14.950000        0.085662
      15.050000        0.085544
      15.150000        0.085245
      15.250000        0.084763
      15.350000        0.084229
      15.450000        0.083452
      15.550000        0.082542
      15.650000        0.081755
      15.750000        0.080702
      15.850000        0.079925
      15.950000        0.079128
      16.050000        0.078374
      16.150000        0.077684
      16.250000        0.077093
      16.350000        0.076426
      16.450000        0.075838
      16.550000        0.075250
      16.650000        0.074629
      16.750000        0.074167
      16.850000        0.073644
      16.950000        0.073226
      17.050000        0.072791
      17.150000        0.072393
      17.250000        0.072015
      17.350000        0.071465
      17.450000        0.070899
      17.550000        0.070317
      17.650000        0.069488
      17.750000        0.068578
      17.850000        0.067763
      17.950000        0.066804
      18.050000        0.065936
      18.150000        0.065117
      18.250000        0.064460
      18.350000        0.063907
      18.450000        0.063460
      18.550000        0.062953
      18.650000        0.062732
      18.750000        0.062505
      18.850000        0.062346
      18.950000        0.062138
      19.050000        0.062101
      19.150000        0.061932
      19.250000        0.061821
      19.350000        0.061511
      19.450000        0.061255
      19.550000        0.061047
      19.650000        0.060715
      19.750000        0.060329
      19.850000        0.060080
      19.950000        0.059722
      20.050000        0.059378
      20.150000        0.059004
      20.250000        0.058625
      20.350000        0.058254
      20.450000        0.057932
      20.550000        0.057614
      20.650000        0.057145
      20.750000        0.056811
      20.850000        0.056557
      20.950000        0.056308
      21.050000        0.055969
      21.150000        0.055757
      21.250000        0.055525
      21.350000        0.055343
      21.450000        0.055143
      21.550000        0.054826
      21.650000        0.054632
      21.750000        0.054315
      21.850000        0.054006
      21.950000        0.053683
      22.050000        0.053256
      22.150000        0.052907
      22.250000        0.052570
      22.350000        0.052204
      22.450000        0.051849
      22.550000        0.051527
      22.650000        0.051178
      22.750000        0.050884
      22.850000        0.050526
      22.950000        0.050295
      23.050000        0.049929
      23.150000        0.049650
      23.250000        0.049368
      23.350000        0.049157
      23.450000        0.048891
      23.550000        0.048699
      23.650000        0.048420
      23.750000        0.048198
      23.850000        0.048029
      23.950000        0.047737
      24.050000        0.047520
      24.150000        0.047232
      24.250000        0.047062
      24.350000        0.046847
      24.450000        0.046619
      24.550000        0.046384
      24.650000        0.046143
      24.750000        0.045951
      24.850000        0.045720
      24.950000        0.045573
      25.050000        0.045387
      25.150000        0.045210
      25.250000        0.045025
      25.350000        0.044860
      25.450000        0.044646
      25.550000        0.044523
      25.650000        0.044355
      25.750000        0.044093
      25.850000        0.043909
      25.950000        0.043688
      26.050000        0.043381
      26.150000        0.043167
      26.250000        0.042850
      26.350000        0.042587
      26.450000        0.042268
      26.550000        0.041991
      26.650000        0.041773
      26.750000        0.041469
      26.850000        0.041190
      26.950000        0.040934
      27.050000        0.040622
      27.150000        0.040439
      27.250000        0.040255
      27.350000        0.039992
      27.450000        0.039810
      27.550000        0.039601
      27.650000        0.039383
      27.750000        0.039236
      27.850000        0.038987
      27.950000        0.038833
      28.050000        0.038609
      28.150000        0.038436
      28.250000        0.038242
      28.350000        0.038092
      28.450000        0.037900
      28.550000        0.037733
      28.650000        0.037527
      28.750000        0.037370
      28.850000        0.037203
      28.950000        0.037046
      29.050000        0.036858
      29.150000        0.036714
      29.250000        0.036489
      29.350000        0.036341
      29.450000        0.036177
      29.550000        0.036029
      29.650000        0.035886
      29.750000        0.035779
      29.850000        0.035655
      29.950000        0.035518
