#Distance_(Ang) :A,A3,U,U3@P_=>_:K+
       0.050000            0.000000
       0.150000            0.000000
       0.250000            0.000000
       0.350000            0.000000
       0.450000            0.000000
       0.550000            0.000000
       0.650000            0.000000
       0.750000            0.000000
       0.850000            0.000000
       0.950000            0.000000
       1.050000            0.000000
       1.150000            0.000000
       1.250000            0.000000
       1.350000            0.000000
       1.450000            0.000000
       1.550000            0.000000
       1.650000            0.000000
       1.750000            0.000000
       1.850000            0.000000
       1.950000            0.000000
       2.050000            0.000000
       2.150000            0.000000
       2.250000            0.000000
       2.350000            0.000000
       2.450000            0.000000
       2.550000            0.000000
       2.650000            0.000000
       2.750000            0.000000
       2.850000            0.000026
       2.950000            0.001520
       3.050000            0.018548
       3.150000            0.084884
       3.250000            0.223460
       3.350000            0.422518
       3.450000            0.545318
       3.550000            0.543245
       3.650000            0.494449
       3.750000            0.439688
       3.850000            0.372811
       3.950000            0.294726
       4.050000            0.204379
       4.150000            0.121850
       4.250000            0.067528
       4.350000            0.040155
       4.450000            0.028418
       4.550000            0.024527
       4.650000            0.025167
       4.750000            0.028883
       4.850000            0.035440
       4.950000            0.044299
       5.050000            0.055556
       5.150000            0.068912
       5.250000            0.084096
       5.350000            0.100022
       5.450000            0.117233
       5.550000            0.132782
       5.650000            0.146810
       5.750000            0.155836
       5.850000            0.160527
       5.950000            0.160557
       6.050000            0.154635
       6.150000            0.144911
       6.250000            0.132329
       6.350000            0.118745
       6.450000            0.105332
       6.550000            0.093407
       6.650000            0.083054
       6.750000            0.075463
       6.850000            0.070224
       6.950000            0.068163
       7.050000            0.068209
       7.150000            0.070765
       7.250000            0.074688
       7.350000            0.079133
       7.450000            0.084816
       7.550000            0.090587
       7.650000            0.097344
       7.750000            0.104836
       7.850000            0.113694
       7.950000            0.123312
       8.050000            0.132547
       8.150000            0.137509
       8.250000            0.138491
       8.350000            0.136897
       8.450000            0.135086
       8.550000            0.132443
       8.650000            0.130636
       8.750000            0.128469
       8.850000            0.127057
       8.950000            0.125549
       9.050000            0.123607
       9.150000            0.121526
       9.250000            0.119254
       9.350000            0.117034
       9.450000            0.114044
       9.550000            0.110977
       9.650000            0.107686
       9.750000            0.105954
       9.850000            0.105982
       9.950000            0.107378
      10.050000            0.109781
      10.150000            0.110765
      10.250000            0.110198
      10.350000            0.108474
      10.450000            0.106037
      10.550000            0.103545
      10.650000            0.101492
      10.750000            0.100018
      10.850000            0.099188
      10.950000            0.098795
      11.050000            0.098794
      11.150000            0.099249
      11.250000            0.099919
      11.350000            0.100513
      11.450000            0.100830
      11.550000            0.101241
      11.650000            0.101351
      11.750000            0.101046
      11.850000            0.100073
      11.950000            0.098387
      12.050000            0.096424
      12.150000            0.094375
      12.250000            0.092816
      12.350000            0.091652
      12.450000            0.090597
      12.550000            0.090032
      12.650000            0.089814
      12.750000            0.089765
      12.850000            0.089732
      12.950000            0.089969
      13.050000            0.090486
      13.150000            0.090937
      13.250000            0.091529
      13.350000            0.091861
      13.450000            0.092237
      13.550000            0.092212
      13.650000            0.091841
      13.750000            0.091041
      13.850000            0.089901
      13.950000            0.088553
      14.050000            0.087115
      14.150000            0.085622
      14.250000            0.084295
      14.350000            0.083277
      14.450000            0.082239
      14.550000            0.081175
      14.650000            0.080483
      14.750000            0.079574
      14.850000            0.078955
      14.950000            0.078101
      15.050000            0.077284
      15.150000            0.076671
      15.250000            0.075935
      15.350000            0.075171
      15.450000            0.074473
      15.550000            0.073520
      15.650000            0.072926
      15.750000            0.072452
      15.850000            0.071962
      15.950000            0.071994
      16.050000            0.071926
      16.150000            0.072069
      16.250000            0.072139
      16.350000            0.072127
      16.450000            0.072119
      16.550000            0.072069
      16.650000            0.071901
      16.750000            0.071769
      16.850000            0.071463
      16.950000            0.071215
      17.050000            0.070925
      17.150000            0.070540
      17.250000            0.070087
      17.350000            0.069526
      17.450000            0.069000
      17.550000            0.068447
      17.650000            0.067782
      17.750000            0.067256
      17.850000            0.066735
      17.950000            0.066361
      18.050000            0.066003
      18.150000            0.065841
      18.250000            0.065634
      18.350000            0.065566
      18.450000            0.065508
      18.550000            0.065309
      18.650000            0.065130
      18.750000            0.064971
      18.850000            0.064731
      18.950000            0.064396
      19.050000            0.064134
      19.150000            0.063775
      19.250000            0.063468
      19.350000            0.063126
      19.450000            0.062815
      19.550000            0.062486
      19.650000            0.062176
      19.750000            0.061713
      19.850000            0.061392
      19.950000            0.061078
      20.050000            0.060654
      20.150000            0.060291
      20.250000            0.059899
      20.350000            0.059479
      20.450000            0.059098
      20.550000            0.058659
      20.650000            0.058197
      20.750000            0.057762
      20.850000            0.057258
      20.950000            0.056878
      21.050000            0.056540
      21.150000            0.056217
      21.250000            0.055821
      21.350000            0.055617
      21.450000            0.055375
      21.550000            0.055119
      21.650000            0.054931
      21.750000            0.054651
      21.850000            0.054444
      21.950000            0.054138
      22.050000            0.053742
      22.150000            0.053434
      22.250000            0.053059
      22.350000            0.052708
      22.450000            0.052422
      22.550000            0.052040
      22.650000            0.051730
      22.750000            0.051430
      22.850000            0.051144
      22.950000            0.050864
      23.050000            0.050518
      23.150000            0.050184
      23.250000            0.049825
      23.350000            0.049433
      23.450000            0.049036
      23.550000            0.048686
      23.650000            0.048279
      23.750000            0.047858
      23.850000            0.047618
      23.950000            0.047295
      24.050000            0.046986
      24.150000            0.046778
      24.250000            0.046590
      24.350000            0.046389
      24.450000            0.046237
      24.550000            0.046094
      24.650000            0.046020
      24.750000            0.045884
      24.850000            0.045818
      24.950000            0.045679
      25.050000            0.045546
      25.150000            0.045423
      25.250000            0.045253
      25.350000            0.045088
      25.450000            0.044821
      25.550000            0.044592
      25.650000            0.044366
      25.750000            0.044068
      25.850000            0.043833
      25.950000            0.043594
      26.050000            0.043334
      26.150000            0.043083
      26.250000            0.042874
      26.350000            0.042611
      26.450000            0.042421
      26.550000            0.042250
      26.650000            0.042023
      26.750000            0.041821
      26.850000            0.041659
      26.950000            0.041393
      27.050000            0.041182
      27.150000            0.040966
      27.250000            0.040766
      27.350000            0.040458
      27.450000            0.040222
      27.550000            0.039976
      27.650000            0.039813
      27.750000            0.039560
      27.850000            0.039389
      27.950000            0.039145
      28.050000            0.038973
      28.150000            0.038801
      28.250000            0.038625
      28.350000            0.038498
      28.450000            0.038355
      28.550000            0.038211
      28.650000            0.038096
      28.750000            0.038020
      28.850000            0.037901
      28.950000            0.037848
      29.050000            0.037755
      29.150000            0.037672
      29.250000            0.037635
      29.350000            0.037558
      29.450000            0.037473
      29.550000            0.037408
      29.650000            0.037267
      29.750000            0.037204
      29.850000            0.037090
      29.950000            0.037006
