#Distance_(Ang) :1-50@O4_=>_:K+
       0.050000        0.000000
       0.150000        0.000000
       0.250000        0.000000
       0.350000        0.000000
       0.450000        0.000000
       0.550000        0.000000
       0.650000        0.000000
       0.750000        0.000000
       0.850000        0.000000
       0.950000        0.000000
       1.050000        0.000000
       1.150000        0.000000
       1.250000        0.000000
       1.350000        0.000000
       1.450000        0.000000
       1.550000        0.000000
       1.650000        0.000000
       1.750000        0.000000
       1.850000        0.000000
       1.950000        0.000000
       2.050000        0.000000
       2.150000        0.000000
       2.250000        0.000000
       2.350000        0.000324
       2.450000        0.037494
       2.550000        0.378724
       2.650000        0.925066
       2.750000        0.997113
       2.850000        0.708637
       2.950000        0.418394
       3.050000        0.236922
       3.150000        0.140296
       3.250000        0.090160
       3.350000        0.062659
       3.450000        0.048276
       3.550000        0.040319
       3.650000        0.037069
       3.750000        0.036323
       3.850000        0.037559
       3.950000        0.040853
       4.050000        0.047039
       4.150000        0.054743
       4.250000        0.064036
       4.350000        0.077045
       4.450000        0.091866
       4.550000        0.108051
       4.650000        0.124519
       4.750000        0.141117
       4.850000        0.155358
       4.950000        0.166898
       5.050000        0.173757
       5.150000        0.175682
       5.250000        0.172508
       5.350000        0.167556
       5.450000        0.159492
       5.550000        0.152795
       5.650000        0.147757
       5.750000        0.144488
       5.850000        0.141756
       5.950000        0.139722
       6.050000        0.138210
       6.150000        0.137475
       6.250000        0.138996
       6.350000        0.142547
       6.450000        0.148317
       6.550000        0.155879
       6.650000        0.162646
       6.750000        0.166139
       6.850000        0.163891
       6.950000        0.154647
       7.050000        0.142120
       7.150000        0.128866
       7.250000        0.118979
       7.350000        0.112367
       7.450000        0.108288
       7.550000        0.106402
       7.650000        0.105670
       7.750000        0.106090
       7.850000        0.107395
       7.950000        0.108876
       8.050000        0.111536
       8.150000        0.113938
       8.250000        0.117341
       8.350000        0.120946
       8.450000        0.123896
       8.550000        0.126628
       8.650000        0.128163
       8.750000        0.128845
       8.850000        0.129133
       8.950000        0.128771
       9.050000        0.127471
       9.150000        0.126071
       9.250000        0.123185
       9.350000        0.119702
       9.450000        0.115760
       9.550000        0.111714
       9.650000        0.108316
       9.750000        0.105434
       9.850000        0.103448
       9.950000        0.102302
      10.050000        0.101589
      10.150000        0.100980
      10.250000        0.100872
      10.350000        0.100913
      10.450000        0.100650
      10.550000        0.101034
      10.650000        0.101806
      10.750000        0.102850
      10.850000        0.104629
      10.950000        0.106076
      11.050000        0.106970
      11.150000        0.106775
      11.250000        0.105357
      11.350000        0.103276
      11.450000        0.100644
      11.550000        0.098519
      11.650000        0.096849
      11.750000        0.095434
      11.850000        0.095066
      11.950000        0.094944
      12.050000        0.095020
      12.150000        0.095080
      12.250000        0.095637
      12.350000        0.095894
      12.450000        0.096045
      12.550000        0.096269
      12.650000        0.096306
      12.750000        0.096277
      12.850000        0.096267
      12.950000        0.095960
      13.050000        0.095766
      13.150000        0.095386
      13.250000        0.094973
      13.350000        0.094452
      13.450000        0.094380
      13.550000        0.093955
      13.650000        0.093622
      13.750000        0.093204
      13.850000        0.092504
      13.950000        0.091955
      14.050000        0.090919
      14.150000        0.090233
      14.250000        0.089183
      14.350000        0.088244
      14.450000        0.087373
      14.550000        0.086646
      14.650000        0.085977
      14.750000        0.085140
      14.850000        0.084505
      14.950000        0.084169
      15.050000        0.083952
      15.150000        0.083734
      15.250000        0.083374
      15.350000        0.083071
      15.450000        0.082804
      15.550000        0.082499
      15.650000        0.082197
      15.750000        0.081630
      15.850000        0.081304
      15.950000        0.080849
      16.050000        0.080294
      16.150000        0.079920
      16.250000        0.079550
      16.350000        0.079008
      16.450000        0.078658
      16.550000        0.078330
      16.650000        0.077799
      16.750000        0.077324
      16.850000        0.076910
      16.950000        0.076262
      17.050000        0.075724
      17.150000        0.075018
      17.250000        0.074286
      17.350000        0.073634
      17.450000        0.072872
      17.550000        0.072190
      17.650000        0.071596
      17.750000        0.070891
      17.850000        0.070276
      17.950000        0.069747
      18.050000        0.069110
      18.150000        0.068531
      18.250000        0.067811
      18.350000        0.067138
      18.450000        0.066331
      18.550000        0.065545
      18.650000        0.064669
      18.750000        0.063790
      18.850000        0.062974
      18.950000        0.062091
      19.050000        0.061195
      19.150000        0.060460
      19.250000        0.059891
      19.350000        0.059207
      19.450000        0.058717
      19.550000        0.058172
      19.650000        0.057798
      19.750000        0.057456
      19.850000        0.057087
      19.950000        0.056856
      20.050000        0.056766
      20.150000        0.056443
      20.250000        0.056279
      20.350000        0.056149
      20.450000        0.055920
      20.550000        0.055816
      20.650000        0.055483
      20.750000        0.055311
      20.850000        0.055205
      20.950000        0.054961
      21.050000        0.054658
      21.150000        0.054457
      21.250000        0.054342
      21.350000        0.054058
      21.450000        0.053931
      21.550000        0.053616
      21.650000        0.053277
      21.750000        0.053075
      21.850000        0.052733
      21.950000        0.052426
      22.050000        0.051990
      22.150000        0.051778
      22.250000        0.051441
      22.350000        0.051135
      22.450000        0.050970
      22.550000        0.050659
      22.650000        0.050489
      22.750000        0.050296
      22.850000        0.049979
      22.950000        0.049743
      23.050000        0.049626
      23.150000        0.049323
      23.250000        0.049047
      23.350000        0.048809
      23.450000        0.048394
      23.550000        0.048122
      23.650000        0.047866
      23.750000        0.047599
      23.850000        0.047303
      23.950000        0.047001
      24.050000        0.046753
      24.150000        0.046573
      24.250000        0.046279
      24.350000        0.046095
      24.450000        0.045924
      24.550000        0.045751
      24.650000        0.045515
      24.750000        0.045304
      24.850000        0.045082
      24.950000        0.044855
      25.050000        0.044709
      25.150000        0.044459
      25.250000        0.044258
      25.350000        0.044008
      25.450000        0.043864
      25.550000        0.043601
      25.650000        0.043315
      25.750000        0.043058
      25.850000        0.042820
      25.950000        0.042649
      26.050000        0.042282
      26.150000        0.042097
      26.250000        0.041913
      26.350000        0.041579
      26.450000        0.041347
      26.550000        0.041201
      26.650000        0.040948
      26.750000        0.040826
      26.850000        0.040603
      26.950000        0.040446
      27.050000        0.040274
      27.150000        0.040040
      27.250000        0.039858
      27.350000        0.039753
      27.450000        0.039561
      27.550000        0.039464
      27.650000        0.039261
      27.750000        0.039150
      27.850000        0.039079
      27.950000        0.038939
      28.050000        0.038828
      28.150000        0.038728
      28.250000        0.038673
      28.350000        0.038552
      28.450000        0.038459
      28.550000        0.038408
      28.650000        0.038290
      28.750000        0.038179
      28.850000        0.038110
      28.950000        0.037896
      29.050000        0.037825
      29.150000        0.037628
      29.250000        0.037510
      29.350000        0.037375
      29.450000        0.037153
      29.550000        0.037016
      29.650000        0.036866
      29.750000        0.036708
      29.850000        0.036532
      29.950000        0.036401
