#Distance_(Ang) :1-50@O2_=>_:K+
       0.050000        0.000000
       0.150000        0.000000
       0.250000        0.000000
       0.350000        0.000000
       0.450000        0.000000
       0.550000        0.000000
       0.650000        0.000000
       0.750000        0.000000
       0.850000        0.000000
       0.950000        0.000000
       1.050000        0.000000
       1.150000        0.000000
       1.250000        0.000000
       1.350000        0.000000
       1.450000        0.000000
       1.550000        0.000000
       1.650000        0.000000
       1.750000        0.000000
       1.850000        0.000000
       1.950000        0.000000
       2.050000        0.000000
       2.150000        0.000000
       2.250000        0.000000
       2.350000        0.000321
       2.450000        0.045695
       2.550000        0.461520
       2.650000        1.086261
       2.750000        1.113287
       2.850000        0.745107
       2.950000        0.423542
       3.050000        0.237319
       3.150000        0.141187
       3.250000        0.092106
       3.350000        0.066332
       3.450000        0.051153
       3.550000        0.043003
       3.650000        0.039035
       3.750000        0.037929
       3.850000        0.038704
       3.950000        0.042226
       4.050000        0.047935
       4.150000        0.055307
       4.250000        0.064095
       4.350000        0.074404
       4.450000        0.084096
       4.550000        0.093856
       4.650000        0.104430
       4.750000        0.115664
       4.850000        0.127020
       4.950000        0.138537
       5.050000        0.148201
       5.150000        0.152719
       5.250000        0.152392
       5.350000        0.146477
       5.450000        0.138920
       5.550000        0.131539
       5.650000        0.125857
       5.750000        0.121322
       5.850000        0.118424
       5.950000        0.115723
       6.050000        0.112888
       6.150000        0.110593
       6.250000        0.107883
       6.350000        0.106603
       6.450000        0.105858
       6.550000        0.106820
       6.650000        0.109452
       6.750000        0.114243
       6.850000        0.121241
       6.950000        0.128866
       7.050000        0.131293
       7.150000        0.125851
       7.250000        0.116043
       7.350000        0.107881
       7.450000        0.103206
       7.550000        0.101638
       7.650000        0.101593
       7.750000        0.101977
       7.850000        0.104283
       7.950000        0.107931
       8.050000        0.112809
       8.150000        0.118895
       8.250000        0.125040
       8.350000        0.129356
       8.450000        0.132627
       8.550000        0.133326
       8.650000        0.131630
       8.750000        0.129012
       8.850000        0.126651
       8.950000        0.124630
       9.050000        0.123149
       9.150000        0.122553
       9.250000        0.122792
       9.350000        0.123464
       9.450000        0.123547
       9.550000        0.124497
       9.650000        0.125050
       9.750000        0.125570
       9.850000        0.125680
       9.950000        0.125647
      10.050000        0.125966
      10.150000        0.125687
      10.250000        0.125801
      10.350000        0.125519
      10.450000        0.125503
      10.550000        0.125603
      10.650000        0.126034
      10.750000        0.126540
      10.850000        0.127191
      10.950000        0.126753
      11.050000        0.125176
      11.150000        0.122240
      11.250000        0.119159
      11.350000        0.115342
      11.450000        0.112470
      11.550000        0.110312
      11.650000        0.108132
      11.750000        0.106820
      11.850000        0.106018
      11.950000        0.105183
      12.050000        0.104310
      12.150000        0.103522
      12.250000        0.102450
      12.350000        0.101723
      12.450000        0.100918
      12.550000        0.100248
      12.650000        0.099929
      12.750000        0.099786
      12.850000        0.099874
      12.950000        0.100132
      13.050000        0.099953
      13.150000        0.100213
      13.250000        0.100035
      13.350000        0.099989
      13.450000        0.100125
      13.550000        0.100068
      13.650000        0.099493
      13.750000        0.099232
      13.850000        0.098531
      13.950000        0.097772
      14.050000        0.096466
      14.150000        0.095168
      14.250000        0.093500
      14.350000        0.091866
      14.450000        0.090117
      14.550000        0.088204
      14.650000        0.086392
      14.750000        0.084827
      14.850000        0.083405
      14.950000        0.082271
      15.050000        0.081156
      15.150000        0.080348
      15.250000        0.079680
      15.350000        0.079077
      15.450000        0.078472
      15.550000        0.078146
      15.650000        0.077724
      15.750000        0.077375
      15.850000        0.076958
      15.950000        0.076254
      16.050000        0.075860
      16.150000        0.075215
      16.250000        0.074587
      16.350000        0.074085
      16.450000        0.073318
      16.550000        0.072670
      16.650000        0.072291
      16.750000        0.071837
      16.850000        0.071475
      16.950000        0.071097
      17.050000        0.070500
      17.150000        0.070209
      17.250000        0.069791
      17.350000        0.069186
      17.450000        0.068858
      17.550000        0.068335
      17.650000        0.067850
      17.750000        0.067413
      17.850000        0.066876
      17.950000        0.066354
      18.050000        0.065887
      18.150000        0.065337
      18.250000        0.064820
      18.350000        0.064394
      18.450000        0.063910
      18.550000        0.063385
      18.650000        0.063131
      18.750000        0.062466
      18.850000        0.062221
      18.950000        0.061883
      19.050000        0.061499
      19.150000        0.061291
      19.250000        0.060959
      19.350000        0.060868
      19.450000        0.060639
      19.550000        0.060550
      19.650000        0.060376
      19.750000        0.060217
      19.850000        0.060194
      19.950000        0.060001
      20.050000        0.060086
      20.150000        0.059893
      20.250000        0.059670
      20.350000        0.059477
      20.450000        0.059254
      20.550000        0.058953
      20.650000        0.058766
      20.750000        0.058471
      20.850000        0.058257
      20.950000        0.057944
      21.050000        0.057708
      21.150000        0.057403
      21.250000        0.057028
      21.350000        0.056823
      21.450000        0.056481
      21.550000        0.056007
      21.650000        0.055678
      21.750000        0.055240
      21.850000        0.054863
      21.950000        0.054466
      22.050000        0.054094
      22.150000        0.053731
      22.250000        0.053329
      22.350000        0.052888
      22.450000        0.052488
      22.550000        0.052089
      22.650000        0.051565
      22.750000        0.051139
      22.850000        0.050788
      22.950000        0.050385
      23.050000        0.050031
      23.150000        0.049623
      23.250000        0.049351
      23.350000        0.048899
      23.450000        0.048565
      23.550000        0.048302
      23.650000        0.048076
      23.750000        0.047777
      23.850000        0.047435
      23.950000        0.047211
      24.050000        0.046845
      24.150000        0.046589
      24.250000        0.046325
      24.350000        0.045954
      24.450000        0.045709
      24.550000        0.045420
      24.650000        0.045115
      24.750000        0.044851
      24.850000        0.044590
      24.950000        0.044482
      25.050000        0.044265
      25.150000        0.044072
      25.250000        0.043843
      25.350000        0.043741
      25.450000        0.043563
      25.550000        0.043375
      25.650000        0.043215
      25.750000        0.043016
      25.850000        0.042788
      25.950000        0.042620
      26.050000        0.042421
      26.150000        0.042247
      26.250000        0.042044
      26.350000        0.041832
      26.450000        0.041656
      26.550000        0.041454
      26.650000        0.041247
      26.750000        0.041136
      26.850000        0.040894
      26.950000        0.040798
      27.050000        0.040681
      27.150000        0.040542
      27.250000        0.040327
      27.350000        0.040200
      27.450000        0.040098
      27.550000        0.039859
      27.650000        0.039729
      27.750000        0.039548
      27.850000        0.039303
      27.950000        0.039214
      28.050000        0.039052
      28.150000        0.038864
      28.250000        0.038711
      28.350000        0.038517
      28.450000        0.038345
      28.550000        0.038240
      28.650000        0.038082
      28.750000        0.037923
      28.850000        0.037762
      28.950000        0.037675
      29.050000        0.037534
      29.150000        0.037344
      29.250000        0.037233
      29.350000        0.037111
      29.450000        0.036954
      29.550000        0.036817
      29.650000        0.036739
      29.750000        0.036545
      29.850000        0.036412
      29.950000        0.036285
