#Distance_(Ang) :1-50@N7_=>_:K+
       0.050000        0.000000
       0.150000        0.000000
       0.250000        0.000000
       0.350000        0.000000
       0.450000        0.000000
       0.550000        0.000000
       0.650000        0.000000
       0.750000        0.000000
       0.850000        0.000000
       0.950000        0.000000
       1.050000        0.000000
       1.150000        0.000000
       1.250000        0.000000
       1.350000        0.000000
       1.450000        0.000000
       1.550000        0.000000
       1.650000        0.000000
       1.750000        0.000000
       1.850000        0.000000
       1.950000        0.000000
       2.050000        0.000000
       2.150000        0.000000
       2.250000        0.000000
       2.350000        0.000000
       2.450000        0.000133
       2.550000        0.021611
       2.650000        0.235919
       2.750000        0.650328
       2.850000        0.795637
       2.950000        0.613273
       3.050000        0.377417
       3.150000        0.214598
       3.250000        0.120457
       3.350000        0.071331
       3.450000        0.045642
       3.550000        0.033206
       3.650000        0.027165
       3.750000        0.026325
       3.850000        0.027559
       3.950000        0.030772
       4.050000        0.036172
       4.150000        0.041642
       4.250000        0.046829
       4.350000        0.051797
       4.450000        0.057020
       4.550000        0.063187
       4.650000        0.070909
       4.750000        0.080827
       4.850000        0.091609
       4.950000        0.101604
       5.050000        0.109784
       5.150000        0.115872
       5.250000        0.119792
       5.350000        0.123006
       5.450000        0.128123
       5.550000        0.132121
       5.650000        0.135572
       5.750000        0.138734
       5.850000        0.141917
       5.950000        0.147695
       6.050000        0.156939
       6.150000        0.174039
       6.250000        0.193091
       6.350000        0.205010
       6.450000        0.199449
       6.550000        0.179929
       6.650000        0.156788
       6.750000        0.137740
       6.850000        0.125020
       6.950000        0.119320
       7.050000        0.118364
       7.150000        0.120907
       7.250000        0.126415
       7.350000        0.132947
       7.450000        0.140226
       7.550000        0.147144
       7.650000        0.154081
       7.750000        0.160850
       7.850000        0.166355
       7.950000        0.170180
       8.050000        0.171913
       8.150000        0.172591
       8.250000        0.170746
       8.350000        0.167545
       8.450000        0.163065
       8.550000        0.158778
       8.650000        0.153470
       8.750000        0.148331
       8.850000        0.143116
       8.950000        0.137574
       9.050000        0.132266
       9.150000        0.127921
       9.250000        0.124006
       9.350000        0.121137
       9.450000        0.119129
       9.550000        0.117718
       9.650000        0.116588
       9.750000        0.115591
       9.850000        0.114478
       9.950000        0.114192
      10.050000        0.113164
      10.150000        0.113036
      10.250000        0.112572
      10.350000        0.112693
      10.450000        0.113125
      10.550000        0.114204
      10.650000        0.115228
      10.750000        0.116139
      10.850000        0.116632
      10.950000        0.116272
      11.050000        0.115245
      11.150000        0.114001
      11.250000        0.112614
      11.350000        0.110948
      11.450000        0.108954
      11.550000        0.106995
      11.650000        0.104680
      11.750000        0.102282
      11.850000        0.100239
      11.950000        0.098144
      12.050000        0.096726
      12.150000        0.095374
      12.250000        0.094599
      12.350000        0.093509
      12.450000        0.093098
      12.550000        0.092413
      12.650000        0.091958
      12.750000        0.091322
      12.850000        0.090576
      12.950000        0.090072
      13.050000        0.089334
      13.150000        0.088916
      13.250000        0.088727
      13.350000        0.088305
      13.450000        0.088060
      13.550000        0.087642
      13.650000        0.087748
      13.750000        0.087690
      13.850000        0.087594
      13.950000        0.087620
      14.050000        0.087723
      14.150000        0.088028
      14.250000        0.088245
      14.350000        0.088044
      14.450000        0.087712
      14.550000        0.087321
      14.650000        0.086963
      14.750000        0.086604
      14.850000        0.086212
      14.950000        0.086079
      15.050000        0.085929
      15.150000        0.085842
      15.250000        0.085818
      15.350000        0.085612
      15.450000        0.085312
      15.550000        0.084745
      15.650000        0.084125
      15.750000        0.083493
      15.850000        0.082735
      15.950000        0.081980
      16.050000        0.081148
      16.150000        0.080311
      16.250000        0.079639
      16.350000        0.079005
      16.450000        0.078291
      16.550000        0.077669
      16.650000        0.077105
      16.750000        0.076552
      16.850000        0.075979
      16.950000        0.075351
      17.050000        0.074940
      17.150000        0.074453
      17.250000        0.074027
      17.350000        0.073456
      17.450000        0.072989
      17.550000        0.072561
      17.650000        0.071796
      17.750000        0.071233
      17.850000        0.070589
      17.950000        0.069836
      18.050000        0.069060
      18.150000        0.068235
      18.250000        0.067552
      18.350000        0.066805
      18.450000        0.066137
      18.550000        0.065338
      18.650000        0.064652
      18.750000        0.064148
      18.850000        0.063454
      18.950000        0.062841
      19.050000        0.062228
      19.150000        0.061585
      19.250000        0.061116
      19.350000        0.060667
      19.450000        0.060179
      19.550000        0.059716
      19.650000        0.059180
      19.750000        0.058823
      19.850000        0.058458
      19.950000        0.058136
      20.050000        0.057884
      20.150000        0.057647
      20.250000        0.057421
      20.350000        0.057351
      20.450000        0.057173
      20.550000        0.057013
      20.650000        0.056999
      20.750000        0.056799
      20.850000        0.056807
      20.950000        0.056774
      21.050000        0.056530
      21.150000        0.056512
      21.250000        0.056293
      21.350000        0.056169
      21.450000        0.055849
      21.550000        0.055630
      21.650000        0.055172
      21.750000        0.054886
      21.850000        0.054434
      21.950000        0.054143
      22.050000        0.053793
      22.150000        0.053405
      22.250000        0.053024
      22.350000        0.052635
      22.450000        0.052304
      22.550000        0.051887
      22.650000        0.051413
      22.750000        0.051151
      22.850000        0.050761
      22.950000        0.050341
      23.050000        0.050013
      23.150000        0.049740
      23.250000        0.049534
      23.350000        0.049261
      23.450000        0.049105
      23.550000        0.048935
      23.650000        0.048872
      23.750000        0.048716
      23.850000        0.048717
      23.950000        0.048666
      24.050000        0.048613
      24.150000        0.048444
      24.250000        0.048391
      24.350000        0.048179
      24.450000        0.047930
      24.550000        0.047737
      24.650000        0.047451
      24.750000        0.047157
      24.850000        0.046743
      24.950000        0.046392
      25.050000        0.045992
      25.150000        0.045622
      25.250000        0.045250
      25.350000        0.044869
      25.450000        0.044481
      25.550000        0.044222
      25.650000        0.043955
      25.750000        0.043621
      25.850000        0.043418
      25.950000        0.043159
      26.050000        0.042951
      26.150000        0.042765
      26.250000        0.042589
      26.350000        0.042370
      26.450000        0.042229
      26.550000        0.042068
      26.650000        0.041850
      26.750000        0.041711
      26.850000        0.041443
      26.950000        0.041263
      27.050000        0.041039
      27.150000        0.040780
      27.250000        0.040450
      27.350000        0.040203
      27.450000        0.039920
      27.550000        0.039638
      27.650000        0.039351
      27.750000        0.039181
      27.850000        0.038920
      27.950000        0.038655
      28.050000        0.038393
      28.150000        0.038239
      28.250000        0.038021
      28.350000        0.037769
      28.450000        0.037622
      28.550000        0.037432
      28.650000        0.037211
      28.750000        0.037083
      28.850000        0.036859
      28.950000        0.036669
      29.050000        0.036460
      29.150000        0.036253
      29.250000        0.036150
      29.350000        0.035978
      29.450000        0.035764
      29.550000        0.035602
      29.650000        0.035402
      29.750000        0.035291
      29.850000        0.035133
      29.950000        0.035019
