#Distance_(Ang) :1-50@N3_=>_:K+
       0.050000        0.000000
       0.150000        0.000000
       0.250000        0.000000
       0.350000        0.000000
       0.450000        0.000000
       0.550000        0.000000
       0.650000        0.000000
       0.750000        0.000000
       0.850000        0.000000
       0.950000        0.000000
       1.050000        0.000000
       1.150000        0.000000
       1.250000        0.000000
       1.350000        0.000000
       1.450000        0.000000
       1.550000        0.000000
       1.650000        0.000000
       1.750000        0.000000
       1.850000        0.000000
       1.950000        0.000000
       2.050000        0.000000
       2.150000        0.000000
       2.250000        0.000000
       2.350000        0.000000
       2.450000        0.000005
       2.550000        0.000586
       2.650000        0.009698
       2.750000        0.036471
       2.850000        0.058893
       2.950000        0.059254
       3.050000        0.046696
       3.150000        0.034671
       3.250000        0.028407
       3.350000        0.029513
       3.450000        0.038089
       3.550000        0.052080
       3.650000        0.070484
       3.750000        0.090839
       3.850000        0.111391
       3.950000        0.128141
       4.050000        0.139374
       4.150000        0.146689
       4.250000        0.154918
       4.350000        0.171581
       4.450000        0.201045
       4.550000        0.239845
       4.650000        0.276293
       4.750000        0.294692
       4.850000        0.284300
       4.950000        0.244970
       5.050000        0.197284
       5.150000        0.158095
       5.250000        0.133019
       5.350000        0.119030
       5.450000        0.112607
       5.550000        0.110497
       5.650000        0.111399
       5.750000        0.113826
       5.850000        0.118881
       5.950000        0.127166
       6.050000        0.136774
       6.150000        0.145359
       6.250000        0.150058
       6.350000        0.147006
       6.450000        0.138228
       6.550000        0.130908
       6.650000        0.127082
       6.750000        0.126247
       6.850000        0.127272
       6.950000        0.128698
       7.050000        0.130249
       7.150000        0.130310
       7.250000        0.129023
       7.350000        0.126355
       7.450000        0.123521
       7.550000        0.120607
       7.650000        0.118418
       7.750000        0.117494
       7.850000        0.117669
       7.950000        0.119067
       8.050000        0.121069
       8.150000        0.123023
       8.250000        0.124535
       8.350000        0.125244
       8.450000        0.125480
       8.550000        0.124840
       8.650000        0.124261
       8.750000        0.123703
       8.850000        0.123528
       8.950000        0.124153
       9.050000        0.125613
       9.150000        0.126992
       9.250000        0.129503
       9.350000        0.131289
       9.450000        0.132201
       9.550000        0.132235
       9.650000        0.131069
       9.750000        0.129486
       9.850000        0.127106
       9.950000        0.124797
      10.050000        0.123162
      10.150000        0.122178
      10.250000        0.121643
      10.350000        0.120971
      10.450000        0.120953
      10.550000        0.120636
      10.650000        0.119854
      10.750000        0.118701
      10.850000        0.117236
      10.950000        0.115144
      11.050000        0.113007
      11.150000        0.110927
      11.250000        0.109228
      11.350000        0.107766
      11.450000        0.106791
      11.550000        0.106075
      11.650000        0.105627
      11.750000        0.105161
      11.850000        0.104783
      11.950000        0.104366
      12.050000        0.103987
      12.150000        0.103384
      12.250000        0.102561
      12.350000        0.101571
      12.450000        0.100396
      12.550000        0.099354
      12.650000        0.098046
      12.750000        0.097136
      12.850000        0.096221
      12.950000        0.095617
      13.050000        0.094884
      13.150000        0.094092
      13.250000        0.093301
      13.350000        0.092481
      13.450000        0.091674
      13.550000        0.090701
      13.650000        0.090088
      13.750000        0.089386
      13.850000        0.088846
      13.950000        0.088621
      14.050000        0.088121
      14.150000        0.087774
      14.250000        0.087301
      14.350000        0.086790
      14.450000        0.086237
      14.550000        0.085515
      14.650000        0.084665
      14.750000        0.084033
      14.850000        0.083272
      14.950000        0.082687
      15.050000        0.082065
      15.150000        0.081649
      15.250000        0.081235
      15.350000        0.080827
      15.450000        0.080388
      15.550000        0.080022
      15.650000        0.079592
      15.750000        0.079164
      15.850000        0.078853
      15.950000        0.078355
      16.050000        0.077891
      16.150000        0.077507
      16.250000        0.077052
      16.350000        0.076626
      16.450000        0.076194
      16.550000        0.075662
      16.650000        0.075167
      16.750000        0.074728
      16.850000        0.074157
      16.950000        0.073644
      17.050000        0.073054
      17.150000        0.072602
      17.250000        0.072000
      17.350000        0.071569
      17.450000        0.071057
      17.550000        0.070567
      17.650000        0.070122
      17.750000        0.069634
      17.850000        0.069230
      17.950000        0.068696
      18.050000        0.068174
      18.150000        0.067650
      18.250000        0.067086
      18.350000        0.066373
      18.450000        0.065729
      18.550000        0.065035
      18.650000        0.064482
      18.750000        0.063913
      18.850000        0.063415
      18.950000        0.062921
      19.050000        0.062483
      19.150000        0.062122
      19.250000        0.061833
      19.350000        0.061464
      19.450000        0.061114
      19.550000        0.060713
      19.650000        0.060345
      19.750000        0.059847
      19.850000        0.059514
      19.950000        0.059053
      20.050000        0.058661
      20.150000        0.058259
      20.250000        0.057992
      20.350000        0.057631
      20.450000        0.057352
      20.550000        0.057110
      20.650000        0.056917
      20.750000        0.056643
      20.850000        0.056448
      20.950000        0.056228
      21.050000        0.055954
      21.150000        0.055698
      21.250000        0.055369
      21.350000        0.055110
      21.450000        0.054770
      21.550000        0.054485
      21.650000        0.054229
      21.750000        0.053953
      21.850000        0.053660
      21.950000        0.053414
      22.050000        0.053167
      22.150000        0.052887
      22.250000        0.052619
      22.350000        0.052171
      22.450000        0.051869
      22.550000        0.051472
      22.650000        0.051190
      22.750000        0.050756
      22.850000        0.050473
      22.950000        0.050117
      23.050000        0.049855
      23.150000        0.049622
      23.250000        0.049403
      23.350000        0.049193
      23.450000        0.048950
      23.550000        0.048704
      23.650000        0.048511
      23.750000        0.048254
      23.850000        0.047977
      23.950000        0.047745
      24.050000        0.047546
      24.150000        0.047347
      24.250000        0.047098
      24.350000        0.046841
      24.450000        0.046683
      24.550000        0.046390
      24.650000        0.046148
      24.750000        0.045826
      24.850000        0.045637
      24.950000        0.045351
      25.050000        0.045028
      25.150000        0.044813
      25.250000        0.044507
      25.350000        0.044310
      25.450000        0.044118
      25.550000        0.043829
      25.650000        0.043611
      25.750000        0.043457
      25.850000        0.043226
      25.950000        0.043005
      26.050000        0.042849
      26.150000        0.042660
      26.250000        0.042436
      26.350000        0.042266
      26.450000        0.042083
      26.550000        0.041904
      26.650000        0.041728
      26.750000        0.041588
      26.850000        0.041353
      26.950000        0.041187
      27.050000        0.040996
      27.150000        0.040759
      27.250000        0.040599
      27.350000        0.040435
      27.450000        0.040214
      27.550000        0.040035
      27.650000        0.039838
      27.750000        0.039646
      27.850000        0.039499
      27.950000        0.039330
      28.050000        0.039118
      28.150000        0.038950
      28.250000        0.038710
      28.350000        0.038529
      28.450000        0.038265
      28.550000        0.038105
      28.650000        0.037855
      28.750000        0.037716
      28.850000        0.037484
      28.950000        0.037317
      29.050000        0.037104
      29.150000        0.036950
      29.250000        0.036743
      29.350000        0.036598
      29.450000        0.036439
      29.550000        0.036289
      29.650000        0.036108
      29.750000        0.035928
      29.850000        0.035766
      29.950000        0.035634
