 0.05000 0.00000
 0.15000 0.00000
 0.25000 0.00000
 0.35000 0.00000
 0.45000 0.00000
 0.55000 0.00000
 0.65000 0.00000
 0.75000 0.00000
 0.85000 0.00000
 0.95000 0.00000
 1.05000 0.00000
 1.15000 0.00000
 1.25000 0.00000
 1.35000 0.00000
 1.45000 0.00000
 1.55000 0.00000
 1.65000 0.00000
 1.75000 0.00000
 1.85000 0.00000
 1.95000 0.00000
 2.05000 0.00000
 2.15000 0.00000
 2.25000 0.00000
 2.35000 0.00000
 2.45000 0.00051
 2.55000 0.00698
 2.65000 0.02129
 2.75000 0.02819
 2.85000 0.02545
 2.95000 0.02099
 3.05000 0.01823
 3.15000 0.01690
 3.25000 0.01629
 3.35000 0.01588
 3.45000 0.01552
 3.55000 0.01513
 3.65000 0.01472
 3.75000 0.01435
 3.85000 0.01406
 3.95000 0.01381
 4.05000 0.01360
 4.15000 0.01334
 4.25000 0.01307
 4.35000 0.01281
 4.45000 0.01262
 4.55000 0.01254
 4.65000 0.01259
 4.75000 0.01277
 4.85000 0.01307
 4.95000 0.01349
 5.05000 0.01398
 5.15000 0.01447
 5.25000 0.01484
 5.35000 0.01503
 5.45000 0.01507
 5.55000 0.01503
 5.65000 0.01503
 5.75000 0.01512
 5.85000 0.01530
 5.95000 0.01553
 6.05000 0.01581
 6.15000 0.01609
 6.25000 0.01637
 6.35000 0.01663
 6.45000 0.01688
 6.55000 0.01711
 6.65000 0.01736
 6.75000 0.01762
 6.85000 0.01784
 6.95000 0.01802
 7.05000 0.01825
 7.15000 0.01844
 7.25000 0.01840
 7.35000 0.01809
 7.45000 0.01768
 7.55000 0.01735
 7.65000 0.01712
 7.75000 0.01699
 7.85000 0.01695
 7.95000 0.01696
 8.05000 0.01703
 8.15000 0.01714
 8.25000 0.01729
 8.35000 0.01746
 8.45000 0.01765
 8.55000 0.01787
 8.65000 0.01809
 8.75000 0.01830
 8.85000 0.01851
 8.95000 0.01871
 9.05000 0.01892
 9.15000 0.01911
 9.25000 0.01930
 9.35000 0.01949
 9.45000 0.01966
 9.55000 0.01984
 9.65000 0.02001
 9.75000 0.02018
 9.85000 0.02035
 9.95000 0.02051
10.05000 0.02066
10.15000 0.02081
10.25000 0.02097
10.35000 0.02112
10.45000 0.02129
10.55000 0.02144
10.65000 0.02161
10.75000 0.02178
10.85000 0.02197
10.95000 0.02217
11.05000 0.02236
11.15000 0.02254
11.25000 0.02269
11.35000 0.02282
11.45000 0.02291
11.55000 0.02300
11.65000 0.02306
11.75000 0.02313
11.85000 0.02320
11.95000 0.02326
12.05000 0.02333
12.15000 0.02341
12.25000 0.02350
12.35000 0.02359
12.45000 0.02368
12.55000 0.02377
12.65000 0.02387
12.75000 0.02397
12.85000 0.02407
12.95000 0.02418
13.05000 0.02428
13.15000 0.02438
13.25000 0.02447
13.35000 0.02455
13.45000 0.02462
13.55000 0.02469
13.65000 0.02475
13.75000 0.02480
13.85000 0.02485
13.95000 0.02491
14.05000 0.02497
14.15000 0.02503
14.25000 0.02508
14.35000 0.02514
14.45000 0.02520
14.55000 0.02527
14.65000 0.02533
14.75000 0.02539
14.85000 0.02545
14.95000 0.02551
15.05000 0.02557
15.15000 0.02563
15.25000 0.02568
15.35000 0.02574
15.45000 0.02580
15.55000 0.02586
15.65000 0.02592
15.75000 0.02598
15.85000 0.02603
15.95000 0.02609
16.05000 0.02615
16.15000 0.02620
16.25000 0.02626
16.35000 0.02631
16.45000 0.02637
16.55000 0.02642
16.65000 0.02648
16.75000 0.02653
16.85000 0.02658
16.95000 0.02664
17.05000 0.02669
17.15000 0.02674
17.25000 0.02679
17.35000 0.02683
17.45000 0.02688
17.55000 0.02693
17.65000 0.02697
17.75000 0.02701
17.85000 0.02705
17.95000 0.02710
18.05000 0.02714
18.15000 0.02718
18.25000 0.02722
18.35000 0.02726
18.45000 0.02730
18.55000 0.02734
18.65000 0.02739
18.75000 0.02743
18.85000 0.02748
18.95000 0.02752
19.05000 0.02756
19.15000 0.02761
19.25000 0.02766
19.35000 0.02771
19.45000 0.02776
19.55000 0.02780
19.65000 0.02785
19.75000 0.02790
19.85000 0.02795
19.95000 0.02799
20.05000 0.02804
20.15000 0.02809
20.25000 0.02813
20.35000 0.02818
20.45000 0.02822
20.55000 0.02827
20.65000 0.02832
20.75000 0.02836
20.85000 0.02840
20.95000 0.02845
21.05000 0.02849
21.15000 0.02853
21.25000 0.02858
21.35000 0.02863
21.45000 0.02867
21.55000 0.02871
21.65000 0.02876
21.75000 0.02880
21.85000 0.02885
21.95000 0.02889
22.05000 0.02894
22.15000 0.02898
22.25000 0.02902
22.35000 0.02906
22.45000 0.02911
22.55000 0.02915
22.65000 0.02919
22.75000 0.02923
22.85000 0.02927
22.95000 0.02931
23.05000 0.02935
23.15000 0.02938
23.25000 0.02942
23.35000 0.02946
23.45000 0.02949
23.55000 0.02953
23.65000 0.02956
23.75000 0.02960
23.85000 0.02963
23.95000 0.02967
24.05000 0.02970
24.15000 0.02973
24.25000 0.02976
24.35000 0.02979
24.45000 0.02982
24.55000 0.02986
24.65000 0.02989
24.75000 0.02992
24.85000 0.02995
24.95000 0.02998
25.05000 0.03001
25.15000 0.03004
25.25000 0.03008
25.35000 0.03011
25.45000 0.03014
25.55000 0.03016
25.65000 0.03019
25.75000 0.03022
25.85000 0.03024
25.95000 0.03027
26.05000 0.03030
26.15000 0.03032
26.25000 0.03034
26.35000 0.03037
26.45000 0.03039
26.55000 0.03041
26.65000 0.03043
26.75000 0.03045
26.85000 0.03047
26.95000 0.03049
27.05000 0.03051
27.15000 0.03053
27.25000 0.03055
27.35000 0.03057
27.45000 0.03059
27.55000 0.03061
27.65000 0.03063
27.75000 0.03065
27.85000 0.03067
27.95000 0.03068
28.05000 0.03070
28.15000 0.03072
28.25000 0.03074
28.35000 0.03076
28.45000 0.03077
28.55000 0.03079
28.65000 0.03080
28.75000 0.03082
28.85000 0.03083
28.95000 0.03085
29.05000 0.03087
29.15000 0.03088
29.25000 0.03090
29.35000 0.03091
29.45000 0.03093
29.55000 0.03094
29.65000 0.03095
29.75000 0.03097
29.85000 0.03098
29.95000 0.03100
