 0.05000 0.00000
 0.15000 0.00000
 0.25000 0.00000
 0.35000 0.00000
 0.45000 0.00000
 0.55000 0.00000
 0.65000 0.00000
 0.75000 0.00000
 0.85000 0.00000
 0.95000 0.00000
 1.05000 0.00000
 1.15000 0.00000
 1.25000 0.00000
 1.35000 0.00000
 1.45000 0.00000
 1.55000 0.00000
 1.65000 0.00000
 1.75000 0.00000
 1.85000 0.00000
 1.95000 0.00000
 2.05000 0.00000
 2.15000 0.00000
 2.25000 0.00000
 2.35000 0.00000
 2.45000 0.00000
 2.55000 0.00000
 2.65000 0.00036
 2.75000 0.00403
 2.85000 0.01038
 2.95000 0.01250
 3.05000 0.01139
 3.15000 0.01016
 3.25000 0.00955
 3.35000 0.00940
 3.45000 0.00945
 3.55000 0.00961
 3.65000 0.00981
 3.75000 0.01003
 3.85000 0.01026
 3.95000 0.01052
 4.05000 0.01081
 4.15000 0.01116
 4.25000 0.01157
 4.35000 0.01208
 4.45000 0.01274
 4.55000 0.01368
 4.65000 0.01509
 4.75000 0.01690
 4.85000 0.01854
 4.95000 0.01923
 5.05000 0.01861
 5.15000 0.01717
 5.25000 0.01575
 5.35000 0.01475
 5.45000 0.01415
 5.55000 0.01380
 5.65000 0.01364
 5.75000 0.01357
 5.85000 0.01360
 5.95000 0.01371
 6.05000 0.01388
 6.15000 0.01410
 6.25000 0.01437
 6.35000 0.01468
 6.45000 0.01501
 6.55000 0.01536
 6.65000 0.01572
 6.75000 0.01610
 6.85000 0.01647
 6.95000 0.01683
 7.05000 0.01717
 7.15000 0.01747
 7.25000 0.01772
 7.35000 0.01792
 7.45000 0.01805
 7.55000 0.01812
 7.65000 0.01815
 7.75000 0.01813
 7.85000 0.01808
 7.95000 0.01802
 8.05000 0.01798
 8.15000 0.01798
 8.25000 0.01800
 8.35000 0.01806
 8.45000 0.01814
 8.55000 0.01825
 8.65000 0.01836
 8.75000 0.01849
 8.85000 0.01862
 8.95000 0.01878
 9.05000 0.01895
 9.15000 0.01915
 9.25000 0.01934
 9.35000 0.01956
 9.45000 0.01977
 9.55000 0.01999
 9.65000 0.02021
 9.75000 0.02043
 9.85000 0.02065
 9.95000 0.02086
10.05000 0.02108
10.15000 0.02129
10.25000 0.02150
10.35000 0.02172
10.45000 0.02192
10.55000 0.02212
10.65000 0.02231
10.75000 0.02247
10.85000 0.02261
10.95000 0.02273
11.05000 0.02282
11.15000 0.02290
11.25000 0.02296
11.35000 0.02301
11.45000 0.02305
11.55000 0.02308
11.65000 0.02312
11.75000 0.02316
11.85000 0.02321
11.95000 0.02325
12.05000 0.02332
12.15000 0.02340
12.25000 0.02348
12.35000 0.02357
12.45000 0.02367
12.55000 0.02377
12.65000 0.02388
12.75000 0.02398
12.85000 0.02407
12.95000 0.02415
13.05000 0.02422
13.15000 0.02428
13.25000 0.02433
13.35000 0.02439
13.45000 0.02444
13.55000 0.02450
13.65000 0.02456
13.75000 0.02462
13.85000 0.02469
13.95000 0.02475
14.05000 0.02481
14.15000 0.02487
14.25000 0.02492
14.35000 0.02498
14.45000 0.02504
14.55000 0.02510
14.65000 0.02516
14.75000 0.02522
14.85000 0.02528
14.95000 0.02535
15.05000 0.02542
15.15000 0.02549
15.25000 0.02555
15.35000 0.02562
15.45000 0.02568
15.55000 0.02574
15.65000 0.02581
15.75000 0.02587
15.85000 0.02593
15.95000 0.02599
16.05000 0.02605
16.15000 0.02611
16.25000 0.02617
16.35000 0.02623
16.45000 0.02629
16.55000 0.02635
16.65000 0.02640
16.75000 0.02646
16.85000 0.02651
16.95000 0.02655
17.05000 0.02660
17.15000 0.02665
17.25000 0.02670
17.35000 0.02674
17.45000 0.02679
17.55000 0.02684
17.65000 0.02688
17.75000 0.02693
17.85000 0.02698
17.95000 0.02702
18.05000 0.02707
18.15000 0.02712
18.25000 0.02717
18.35000 0.02723
18.45000 0.02728
18.55000 0.02733
18.65000 0.02739
18.75000 0.02744
18.85000 0.02749
18.95000 0.02755
19.05000 0.02760
19.15000 0.02765
19.25000 0.02770
19.35000 0.02775
19.45000 0.02779
19.55000 0.02784
19.65000 0.02788
19.75000 0.02793
19.85000 0.02797
19.95000 0.02801
20.05000 0.02806
20.15000 0.02810
20.25000 0.02815
20.35000 0.02819
20.45000 0.02823
20.55000 0.02828
20.65000 0.02832
20.75000 0.02836
20.85000 0.02840
20.95000 0.02845
21.05000 0.02849
21.15000 0.02853
21.25000 0.02858
21.35000 0.02862
21.45000 0.02866
21.55000 0.02870
21.65000 0.02875
21.75000 0.02879
21.85000 0.02883
21.95000 0.02887
22.05000 0.02892
22.15000 0.02896
22.25000 0.02900
22.35000 0.02904
22.45000 0.02908
22.55000 0.02912
22.65000 0.02916
22.75000 0.02920
22.85000 0.02924
22.95000 0.02928
23.05000 0.02932
23.15000 0.02936
23.25000 0.02939
23.35000 0.02943
23.45000 0.02946
23.55000 0.02950
23.65000 0.02954
23.75000 0.02957
23.85000 0.02961
23.95000 0.02964
24.05000 0.02968
24.15000 0.02971
24.25000 0.02974
24.35000 0.02978
24.45000 0.02981
24.55000 0.02984
24.65000 0.02988
24.75000 0.02991
24.85000 0.02994
24.95000 0.02997
25.05000 0.02999
25.15000 0.03002
25.25000 0.03005
25.35000 0.03008
25.45000 0.03010
25.55000 0.03012
25.65000 0.03015
25.75000 0.03018
25.85000 0.03020
25.95000 0.03023
26.05000 0.03025
26.15000 0.03028
26.25000 0.03030
26.35000 0.03033
26.45000 0.03035
26.55000 0.03037
26.65000 0.03040
26.75000 0.03042
26.85000 0.03044
26.95000 0.03047
27.05000 0.03049
27.15000 0.03051
27.25000 0.03053
27.35000 0.03056
27.45000 0.03057
27.55000 0.03060
27.65000 0.03062
27.75000 0.03063
27.85000 0.03065
27.95000 0.03067
28.05000 0.03069
28.15000 0.03071
28.25000 0.03073
28.35000 0.03074
28.45000 0.03076
28.55000 0.03078
28.65000 0.03080
28.75000 0.03081
28.85000 0.03083
28.95000 0.03085
29.05000 0.03086
29.15000 0.03088
29.25000 0.03089
29.35000 0.03091
29.45000 0.03093
29.55000 0.03094
29.65000 0.03096
29.75000 0.03097
29.85000 0.03098
29.95000 0.03100
