 0.05000 0.00000
 0.15000 0.00000
 0.25000 0.00000
 0.35000 0.00000
 0.45000 0.00000
 0.55000 0.00000
 0.65000 0.00000
 0.75000 0.00000
 0.85000 0.00000
 0.95000 0.00000
 1.05000 0.00000
 1.15000 0.00000
 1.25000 0.00000
 1.35000 0.00000
 1.45000 0.00000
 1.55000 0.00000
 1.65000 0.00000
 1.75000 0.00000
 1.85000 0.00000
 1.95000 0.00000
 2.05000 0.00000
 2.15000 0.00000
 2.25000 0.00000
 2.35000 0.00000
 2.45000 0.00000
 2.55000 0.00001
 2.65000 0.00096
 2.75000 0.00952
 2.85000 0.02307
 2.95000 0.02714
 3.05000 0.02467
 3.15000 0.02190
 3.25000 0.02022
 3.35000 0.01928
 3.45000 0.01866
 3.55000 0.01811
 3.65000 0.01743
 3.75000 0.01657
 3.85000 0.01557
 3.95000 0.01450
 4.05000 0.01348
 4.15000 0.01260
 4.25000 0.01186
 4.35000 0.01133
 4.45000 0.01096
 4.55000 0.01073
 4.65000 0.01065
 4.75000 0.01066
 4.85000 0.01076
 4.95000 0.01094
 5.05000 0.01116
 5.15000 0.01144
 5.25000 0.01176
 5.35000 0.01213
 5.45000 0.01255
 5.55000 0.01297
 5.65000 0.01337
 5.75000 0.01374
 5.85000 0.01410
 5.95000 0.01445
 6.05000 0.01476
 6.15000 0.01504
 6.25000 0.01531
 6.35000 0.01553
 6.45000 0.01574
 6.55000 0.01593
 6.65000 0.01613
 6.75000 0.01639
 6.85000 0.01671
 6.95000 0.01710
 7.05000 0.01740
 7.15000 0.01746
 7.25000 0.01735
 7.35000 0.01721
 7.45000 0.01716
 7.55000 0.01718
 7.65000 0.01726
 7.75000 0.01736
 7.85000 0.01750
 7.95000 0.01766
 8.05000 0.01786
 8.15000 0.01808
 8.25000 0.01833
 8.35000 0.01862
 8.45000 0.01892
 8.55000 0.01922
 8.65000 0.01950
 8.75000 0.01976
 8.85000 0.01998
 8.95000 0.02015
 9.05000 0.02027
 9.15000 0.02035
 9.25000 0.02041
 9.35000 0.02047
 9.45000 0.02053
 9.55000 0.02061
 9.65000 0.02069
 9.75000 0.02077
 9.85000 0.02087
 9.95000 0.02097
10.05000 0.02108
10.15000 0.02120
10.25000 0.02134
10.35000 0.02149
10.45000 0.02164
10.55000 0.02180
10.65000 0.02196
10.75000 0.02213
10.85000 0.02230
10.95000 0.02247
11.05000 0.02263
11.15000 0.02278
11.25000 0.02292
11.35000 0.02305
11.45000 0.02318
11.55000 0.02329
11.65000 0.02339
11.75000 0.02347
11.85000 0.02355
11.95000 0.02362
12.05000 0.02367
12.15000 0.02373
12.25000 0.02378
12.35000 0.02385
12.45000 0.02391
12.55000 0.02399
12.65000 0.02407
12.75000 0.02414
12.85000 0.02422
12.95000 0.02429
13.05000 0.02435
13.15000 0.02440
13.25000 0.02445
13.35000 0.02448
13.45000 0.02452
13.55000 0.02455
13.65000 0.02458
13.75000 0.02461
13.85000 0.02465
13.95000 0.02470
14.05000 0.02475
14.15000 0.02482
14.25000 0.02488
14.35000 0.02495
14.45000 0.02501
14.55000 0.02508
14.65000 0.02514
14.75000 0.02520
14.85000 0.02526
14.95000 0.02532
15.05000 0.02538
15.15000 0.02544
15.25000 0.02550
15.35000 0.02556
15.45000 0.02562
15.55000 0.02568
15.65000 0.02574
15.75000 0.02580
15.85000 0.02586
15.95000 0.02591
16.05000 0.02597
16.15000 0.02602
16.25000 0.02608
16.35000 0.02613
16.45000 0.02618
16.55000 0.02624
16.65000 0.02629
16.75000 0.02635
16.85000 0.02640
16.95000 0.02645
17.05000 0.02651
17.15000 0.02656
17.25000 0.02662
17.35000 0.02667
17.45000 0.02673
17.55000 0.02678
17.65000 0.02684
17.75000 0.02690
17.85000 0.02695
17.95000 0.02701
18.05000 0.02707
18.15000 0.02713
18.25000 0.02718
18.35000 0.02724
18.45000 0.02729
18.55000 0.02735
18.65000 0.02740
18.75000 0.02745
18.85000 0.02751
18.95000 0.02756
19.05000 0.02761
19.15000 0.02766
19.25000 0.02771
19.35000 0.02776
19.45000 0.02781
19.55000 0.02786
19.65000 0.02791
19.75000 0.02795
19.85000 0.02800
19.95000 0.02805
20.05000 0.02810
20.15000 0.02815
20.25000 0.02819
20.35000 0.02823
20.45000 0.02828
20.55000 0.02832
20.65000 0.02837
20.75000 0.02840
20.85000 0.02845
20.95000 0.02849
21.05000 0.02853
21.15000 0.02857
21.25000 0.02861
21.35000 0.02864
21.45000 0.02869
21.55000 0.02872
21.65000 0.02876
21.75000 0.02880
21.85000 0.02884
21.95000 0.02888
22.05000 0.02892
22.15000 0.02895
22.25000 0.02899
22.35000 0.02903
22.45000 0.02906
22.55000 0.02910
22.65000 0.02914
22.75000 0.02918
22.85000 0.02921
22.95000 0.02925
23.05000 0.02929
23.15000 0.02932
23.25000 0.02936
23.35000 0.02940
23.45000 0.02944
23.55000 0.02947
23.65000 0.02951
23.75000 0.02955
23.85000 0.02958
23.95000 0.02962
24.05000 0.02965
24.15000 0.02968
24.25000 0.02972
24.35000 0.02975
24.45000 0.02978
24.55000 0.02980
24.65000 0.02983
24.75000 0.02986
24.85000 0.02989
24.95000 0.02992
25.05000 0.02994
25.15000 0.02997
25.25000 0.03000
25.35000 0.03003
25.45000 0.03005
25.55000 0.03008
25.65000 0.03011
25.75000 0.03013
25.85000 0.03016
25.95000 0.03018
26.05000 0.03021
26.15000 0.03023
26.25000 0.03026
26.35000 0.03028
26.45000 0.03031
26.55000 0.03033
26.65000 0.03036
26.75000 0.03038
26.85000 0.03040
26.95000 0.03042
27.05000 0.03045
27.15000 0.03047
27.25000 0.03049
27.35000 0.03051
27.45000 0.03054
27.55000 0.03055
27.65000 0.03058
27.75000 0.03060
27.85000 0.03062
27.95000 0.03064
28.05000 0.03066
28.15000 0.03068
28.25000 0.03070
28.35000 0.03072
28.45000 0.03074
28.55000 0.03075
28.65000 0.03077
28.75000 0.03079
28.85000 0.03081
28.95000 0.03083
29.05000 0.03084
29.15000 0.03086
29.25000 0.03087
29.35000 0.03089
29.45000 0.03090
29.55000 0.03092
29.65000 0.03094
29.75000 0.03095
29.85000 0.03097
29.95000 0.03098
