 0.05000 0.00000
 0.15000 0.00000
 0.25000 0.00000
 0.35000 0.00000
 0.45000 0.00000
 0.55000 0.00000
 0.65000 0.00000
 0.75000 0.00000
 0.85000 0.00000
 0.95000 0.00000
 1.05000 0.00000
 1.15000 0.00000
 1.25000 0.00000
 1.35000 0.00000
 1.45000 0.00000
 1.55000 0.00000
 1.65000 0.00000
 1.75000 0.00000
 1.85000 0.00000
 1.95000 0.00000
 2.05000 0.00000
 2.15000 0.00000
 2.25000 0.00000
 2.35000 0.00000
 2.45000 0.00000
 2.55000 0.00021
 2.65000 0.00318
 2.75000 0.01115
 2.85000 0.01697
 2.95000 0.01711
 3.05000 0.01517
 3.15000 0.01380
 3.25000 0.01326
 3.35000 0.01322
 3.45000 0.01340
 3.55000 0.01364
 3.65000 0.01382
 3.75000 0.01383
 3.85000 0.01365
 3.95000 0.01332
 4.05000 0.01286
 4.15000 0.01234
 4.25000 0.01182
 4.35000 0.01134
 4.45000 0.01093
 4.55000 0.01063
 4.65000 0.01046
 4.75000 0.01046
 4.85000 0.01060
 4.95000 0.01089
 5.05000 0.01133
 5.15000 0.01187
 5.25000 0.01248
 5.35000 0.01311
 5.45000 0.01367
 5.55000 0.01418
 5.65000 0.01464
 5.75000 0.01505
 5.85000 0.01534
 5.95000 0.01558
 6.05000 0.01582
 6.15000 0.01609
 6.25000 0.01639
 6.35000 0.01671
 6.45000 0.01698
 6.55000 0.01712
 6.65000 0.01719
 6.75000 0.01729
 6.85000 0.01746
 6.95000 0.01768
 7.05000 0.01792
 7.15000 0.01817
 7.25000 0.01839
 7.35000 0.01860
 7.45000 0.01879
 7.55000 0.01895
 7.65000 0.01913
 7.75000 0.01932
 7.85000 0.01955
 7.95000 0.01983
 8.05000 0.02014
 8.15000 0.02047
 8.25000 0.02076
 8.35000 0.02097
 8.45000 0.02109
 8.55000 0.02111
 8.65000 0.02108
 8.75000 0.02103
 8.85000 0.02098
 8.95000 0.02095
 9.05000 0.02094
 9.15000 0.02097
 9.25000 0.02102
 9.35000 0.02109
 9.45000 0.02117
 9.55000 0.02127
 9.65000 0.02137
 9.75000 0.02149
 9.85000 0.02161
 9.95000 0.02174
10.05000 0.02186
10.15000 0.02198
10.25000 0.02210
10.35000 0.02220
10.45000 0.02229
10.55000 0.02236
10.65000 0.02243
10.75000 0.02249
10.85000 0.02256
10.95000 0.02265
11.05000 0.02275
11.15000 0.02285
11.25000 0.02296
11.35000 0.02306
11.45000 0.02316
11.55000 0.02323
11.65000 0.02331
11.75000 0.02337
11.85000 0.02344
11.95000 0.02349
12.05000 0.02355
12.15000 0.02361
12.25000 0.02366
12.35000 0.02372
12.45000 0.02377
12.55000 0.02382
12.65000 0.02388
12.75000 0.02394
12.85000 0.02400
12.95000 0.02407
13.05000 0.02414
13.15000 0.02421
13.25000 0.02428
13.35000 0.02436
13.45000 0.02443
13.55000 0.02451
13.65000 0.02458
13.75000 0.02467
13.85000 0.02475
13.95000 0.02482
14.05000 0.02490
14.15000 0.02499
14.25000 0.02507
14.35000 0.02514
14.45000 0.02521
14.55000 0.02528
14.65000 0.02535
14.75000 0.02541
14.85000 0.02547
14.95000 0.02553
15.05000 0.02559
15.15000 0.02564
15.25000 0.02570
15.35000 0.02575
15.45000 0.02580
15.55000 0.02586
15.65000 0.02591
15.75000 0.02596
15.85000 0.02601
15.95000 0.02607
16.05000 0.02612
16.15000 0.02616
16.25000 0.02621
16.35000 0.02625
16.45000 0.02631
16.55000 0.02635
16.65000 0.02640
16.75000 0.02646
16.85000 0.02651
16.95000 0.02655
17.05000 0.02661
17.15000 0.02666
17.25000 0.02671
17.35000 0.02676
17.45000 0.02681
17.55000 0.02686
17.65000 0.02692
17.75000 0.02697
17.85000 0.02702
17.95000 0.02707
18.05000 0.02713
18.15000 0.02718
18.25000 0.02724
18.35000 0.02730
18.45000 0.02735
18.55000 0.02741
18.65000 0.02746
18.75000 0.02752
18.85000 0.02757
18.95000 0.02762
19.05000 0.02767
19.15000 0.02772
19.25000 0.02777
19.35000 0.02782
19.45000 0.02786
19.55000 0.02791
19.65000 0.02795
19.75000 0.02799
19.85000 0.02804
19.95000 0.02808
20.05000 0.02812
20.15000 0.02816
20.25000 0.02820
20.35000 0.02825
20.45000 0.02829
20.55000 0.02833
20.65000 0.02838
20.75000 0.02842
20.85000 0.02846
20.95000 0.02851
21.05000 0.02855
21.15000 0.02859
21.25000 0.02863
21.35000 0.02867
21.45000 0.02871
21.55000 0.02875
21.65000 0.02879
21.75000 0.02883
21.85000 0.02887
21.95000 0.02891
22.05000 0.02894
22.15000 0.02898
22.25000 0.02902
22.35000 0.02906
22.45000 0.02910
22.55000 0.02913
22.65000 0.02917
22.75000 0.02921
22.85000 0.02924
22.95000 0.02928
23.05000 0.02932
23.15000 0.02935
23.25000 0.02939
23.35000 0.02942
23.45000 0.02946
23.55000 0.02950
23.65000 0.02954
23.75000 0.02957
23.85000 0.02961
23.95000 0.02964
24.05000 0.02968
24.15000 0.02971
24.25000 0.02974
24.35000 0.02978
24.45000 0.02981
24.55000 0.02984
24.65000 0.02987
24.75000 0.02990
24.85000 0.02993
24.95000 0.02995
25.05000 0.02998
25.15000 0.03001
25.25000 0.03003
25.35000 0.03006
25.45000 0.03009
25.55000 0.03011
25.65000 0.03014
25.75000 0.03016
25.85000 0.03019
25.95000 0.03021
26.05000 0.03024
26.15000 0.03026
26.25000 0.03029
26.35000 0.03031
26.45000 0.03033
26.55000 0.03035
26.65000 0.03038
26.75000 0.03040
26.85000 0.03042
26.95000 0.03045
27.05000 0.03046
27.15000 0.03048
27.25000 0.03050
27.35000 0.03053
27.45000 0.03055
27.55000 0.03056
27.65000 0.03058
27.75000 0.03060
27.85000 0.03062
27.95000 0.03064
28.05000 0.03066
28.15000 0.03068
28.25000 0.03069
28.35000 0.03071
28.45000 0.03073
28.55000 0.03075
28.65000 0.03076
28.75000 0.03078
28.85000 0.03080
28.95000 0.03081
29.05000 0.03083
29.15000 0.03085
29.25000 0.03086
29.35000 0.03088
29.45000 0.03089
29.55000 0.03091
29.65000 0.03092
29.75000 0.03094
29.85000 0.03095
29.95000 0.03097
