 0.05000 0.00000
 0.15000 0.00000
 0.25000 0.00000
 0.35000 0.00000
 0.45000 0.00000
 0.55000 0.00000
 0.65000 0.00000
 0.75000 0.00000
 0.85000 0.00000
 0.95000 0.00000
 1.05000 0.00000
 1.15000 0.00000
 1.25000 0.00000
 1.35000 0.00000
 1.45000 0.00000
 1.55000 0.00000
 1.65000 0.00000
 1.75000 0.00000
 1.85000 0.00000
 1.95000 0.00000
 2.05000 0.00000
 2.15000 0.00000
 2.25000 0.00000
 2.35000 0.00000
 2.45000 0.00000
 2.55000 0.00011
 2.65000 0.00179
 2.75000 0.00692
 2.85000 0.01137
 2.95000 0.01194
 3.05000 0.01057
 3.15000 0.00932
 3.25000 0.00878
 3.35000 0.00876
 3.45000 0.00898
 3.55000 0.00920
 3.65000 0.00933
 3.75000 0.00935
 3.85000 0.00927
 3.95000 0.00909
 4.05000 0.00889
 4.15000 0.00871
 4.25000 0.00860
 4.35000 0.00861
 4.45000 0.00883
 4.55000 0.00957
 4.65000 0.01109
 4.75000 0.01265
 4.85000 0.01347
 4.95000 0.01380
 5.05000 0.01384
 5.15000 0.01360
 5.25000 0.01330
 5.35000 0.01311
 5.45000 0.01309
 5.55000 0.01321
 5.65000 0.01348
 5.75000 0.01394
 5.85000 0.01454
 5.95000 0.01522
 6.05000 0.01581
 6.15000 0.01625
 6.25000 0.01659
 6.35000 0.01683
 6.45000 0.01700
 6.55000 0.01721
 6.65000 0.01744
 6.75000 0.01760
 6.85000 0.01761
 6.95000 0.01756
 7.05000 0.01751
 7.15000 0.01749
 7.25000 0.01749
 7.35000 0.01751
 7.45000 0.01755
 7.55000 0.01761
 7.65000 0.01769
 7.75000 0.01779
 7.85000 0.01793
 7.95000 0.01810
 8.05000 0.01831
 8.15000 0.01856
 8.25000 0.01884
 8.35000 0.01913
 8.45000 0.01942
 8.55000 0.01971
 8.65000 0.01998
 8.75000 0.02022
 8.85000 0.02044
 8.95000 0.02064
 9.05000 0.02082
 9.15000 0.02099
 9.25000 0.02113
 9.35000 0.02125
 9.45000 0.02135
 9.55000 0.02144
 9.65000 0.02152
 9.75000 0.02158
 9.85000 0.02163
 9.95000 0.02169
10.05000 0.02177
10.15000 0.02187
10.25000 0.02198
10.35000 0.02210
10.45000 0.02223
10.55000 0.02237
10.65000 0.02251
10.75000 0.02265
10.85000 0.02279
10.95000 0.02291
11.05000 0.02302
11.15000 0.02311
11.25000 0.02318
11.35000 0.02324
11.45000 0.02329
11.55000 0.02333
11.65000 0.02336
11.75000 0.02342
11.85000 0.02348
11.95000 0.02356
12.05000 0.02364
12.15000 0.02372
12.25000 0.02379
12.35000 0.02386
12.45000 0.02393
12.55000 0.02398
12.65000 0.02404
12.75000 0.02409
12.85000 0.02414
12.95000 0.02418
13.05000 0.02423
13.15000 0.02427
13.25000 0.02431
13.35000 0.02437
13.45000 0.02442
13.55000 0.02447
13.65000 0.02453
13.75000 0.02459
13.85000 0.02465
13.95000 0.02471
14.05000 0.02478
14.15000 0.02485
14.25000 0.02492
14.35000 0.02499
14.45000 0.02506
14.55000 0.02513
14.65000 0.02520
14.75000 0.02526
14.85000 0.02532
14.95000 0.02537
15.05000 0.02543
15.15000 0.02547
15.25000 0.02552
15.35000 0.02557
15.45000 0.02562
15.55000 0.02567
15.65000 0.02572
15.75000 0.02577
15.85000 0.02583
15.95000 0.02589
16.05000 0.02594
16.15000 0.02599
16.25000 0.02605
16.35000 0.02610
16.45000 0.02616
16.55000 0.02621
16.65000 0.02627
16.75000 0.02632
16.85000 0.02638
16.95000 0.02643
17.05000 0.02649
17.15000 0.02655
17.25000 0.02661
17.35000 0.02666
17.45000 0.02672
17.55000 0.02678
17.65000 0.02684
17.75000 0.02690
17.85000 0.02696
17.95000 0.02702
18.05000 0.02708
18.15000 0.02714
18.25000 0.02719
18.35000 0.02724
18.45000 0.02729
18.55000 0.02735
18.65000 0.02740
18.75000 0.02744
18.85000 0.02749
18.95000 0.02754
19.05000 0.02758
19.15000 0.02763
19.25000 0.02768
19.35000 0.02772
19.45000 0.02777
19.55000 0.02782
19.65000 0.02787
19.75000 0.02792
19.85000 0.02797
19.95000 0.02802
20.05000 0.02808
20.15000 0.02813
20.25000 0.02818
20.35000 0.02822
20.45000 0.02827
20.55000 0.02832
20.65000 0.02836
20.75000 0.02841
20.85000 0.02845
20.95000 0.02849
21.05000 0.02854
21.15000 0.02858
21.25000 0.02862
21.35000 0.02866
21.45000 0.02870
21.55000 0.02874
21.65000 0.02879
21.75000 0.02883
21.85000 0.02887
21.95000 0.02891
22.05000 0.02895
22.15000 0.02899
22.25000 0.02903
22.35000 0.02907
22.45000 0.02911
22.55000 0.02915
22.65000 0.02919
22.75000 0.02922
22.85000 0.02926
22.95000 0.02930
23.05000 0.02933
23.15000 0.02936
23.25000 0.02940
23.35000 0.02943
23.45000 0.02946
23.55000 0.02949
23.65000 0.02953
23.75000 0.02956
23.85000 0.02959
23.95000 0.02963
24.05000 0.02966
24.15000 0.02969
24.25000 0.02972
24.35000 0.02976
24.45000 0.02979
24.55000 0.02982
24.65000 0.02985
24.75000 0.02988
24.85000 0.02991
24.95000 0.02993
25.05000 0.02996
25.15000 0.02999
25.25000 0.03002
25.35000 0.03005
25.45000 0.03007
25.55000 0.03009
25.65000 0.03012
25.75000 0.03014
25.85000 0.03017
25.95000 0.03019
26.05000 0.03022
26.15000 0.03024
26.25000 0.03026
26.35000 0.03029
26.45000 0.03031
26.55000 0.03033
26.65000 0.03035
26.75000 0.03038
26.85000 0.03040
26.95000 0.03042
27.05000 0.03045
27.15000 0.03047
27.25000 0.03049
27.35000 0.03052
27.45000 0.03054
27.55000 0.03056
27.65000 0.03059
27.75000 0.03061
27.85000 0.03063
27.95000 0.03065
28.05000 0.03067
28.15000 0.03069
28.25000 0.03071
28.35000 0.03072
28.45000 0.03074
28.55000 0.03076
28.65000 0.03077
28.75000 0.03079
28.85000 0.03080
28.95000 0.03082
29.05000 0.03084
29.15000 0.03085
29.25000 0.03087
29.35000 0.03088
29.45000 0.03090
29.55000 0.03091
29.65000 0.03093
29.75000 0.03094
29.85000 0.03096
29.95000 0.03097
