 0.05000 0.00000
 0.15000 0.00000
 0.25000 0.00000
 0.35000 0.00000
 0.45000 0.00000
 0.55000 0.00000
 0.65000 0.00000
 0.75000 0.00000
 0.85000 0.00000
 0.95000 0.00000
 1.05000 0.00000
 1.15000 0.00000
 1.25000 0.00000
 1.35000 0.00000
 1.45000 0.00000
 1.55000 0.00000
 1.65000 0.00000
 1.75000 0.00000
 1.85000 0.00000
 1.95000 0.00000
 2.05000 0.00000
 2.15000 0.00000
 2.25000 0.00000
 2.35000 0.00000
 2.45000 0.00000
 2.55000 0.00000
 2.65000 0.00000
 2.75000 0.00000
 2.85000 0.00000
 2.95000 0.00001
 3.05000 0.00026
 3.15000 0.00194
 3.25000 0.00740
 3.35000 0.01774
 3.45000 0.03001
 3.55000 0.03912
 3.65000 0.04304
 3.75000 0.04341
 3.85000 0.04160
 3.95000 0.03626
 4.05000 0.02731
 4.15000 0.01863
 4.25000 0.01335
 4.35000 0.01113
 4.45000 0.01060
 4.55000 0.01083
 4.65000 0.01143
 4.75000 0.01225
 4.85000 0.01321
 4.95000 0.01427
 5.05000 0.01538
 5.15000 0.01645
 5.25000 0.01743
 5.35000 0.01829
 5.45000 0.01901
 5.55000 0.01961
 5.65000 0.02012
 5.75000 0.02055
 5.85000 0.02092
 5.95000 0.02122
 6.05000 0.02141
 6.15000 0.02141
 6.25000 0.02122
 6.35000 0.02090
 6.45000 0.02054
 6.55000 0.02022
 6.65000 0.02001
 6.75000 0.01993
 6.85000 0.01999
 6.95000 0.02017
 7.05000 0.02045
 7.15000 0.02075
 7.25000 0.02104
 7.35000 0.02128
 7.45000 0.02146
 7.55000 0.02161
 7.65000 0.02175
 7.75000 0.02186
 7.85000 0.02196
 7.95000 0.02205
 8.05000 0.02213
 8.15000 0.02221
 8.25000 0.02225
 8.35000 0.02229
 8.45000 0.02232
 8.55000 0.02233
 8.65000 0.02236
 8.75000 0.02237
 8.85000 0.02239
 8.95000 0.02240
 9.05000 0.02240
 9.15000 0.02242
 9.25000 0.02244
 9.35000 0.02248
 9.45000 0.02251
 9.55000 0.02255
 9.65000 0.02261
 9.75000 0.02267
 9.85000 0.02274
 9.95000 0.02280
10.05000 0.02287
10.15000 0.02295
10.25000 0.02304
10.35000 0.02313
10.45000 0.02323
10.55000 0.02332
10.65000 0.02340
10.75000 0.02346
10.85000 0.02352
10.95000 0.02356
11.05000 0.02360
11.15000 0.02364
11.25000 0.02369
11.35000 0.02373
11.45000 0.02379
11.55000 0.02385
11.65000 0.02394
11.75000 0.02403
11.85000 0.02413
11.95000 0.02424
12.05000 0.02433
12.15000 0.02441
12.25000 0.02447
12.35000 0.02453
12.45000 0.02458
12.55000 0.02462
12.65000 0.02466
12.75000 0.02467
12.85000 0.02468
12.95000 0.02469
13.05000 0.02470
13.15000 0.02471
13.25000 0.02472
13.35000 0.02474
13.45000 0.02478
13.55000 0.02482
13.65000 0.02486
13.75000 0.02492
13.85000 0.02499
13.95000 0.02507
14.05000 0.02516
14.15000 0.02524
14.25000 0.02533
14.35000 0.02542
14.45000 0.02552
14.55000 0.02560
14.65000 0.02568
14.75000 0.02576
14.85000 0.02583
14.95000 0.02590
15.05000 0.02596
15.15000 0.02602
15.25000 0.02607
15.35000 0.02612
15.45000 0.02616
15.55000 0.02620
15.65000 0.02624
15.75000 0.02627
15.85000 0.02631
15.95000 0.02634
16.05000 0.02638
16.15000 0.02643
16.25000 0.02647
16.35000 0.02652
16.45000 0.02658
16.55000 0.02663
16.65000 0.02669
16.75000 0.02675
16.85000 0.02681
16.95000 0.02687
17.05000 0.02693
17.15000 0.02700
17.25000 0.02705
17.35000 0.02711
17.45000 0.02716
17.55000 0.02721
17.65000 0.02726
17.75000 0.02731
17.85000 0.02735
17.95000 0.02740
18.05000 0.02744
18.15000 0.02749
18.25000 0.02753
18.35000 0.02757
18.45000 0.02761
18.55000 0.02764
18.65000 0.02768
18.75000 0.02772
18.85000 0.02775
18.95000 0.02778
19.05000 0.02782
19.15000 0.02785
19.25000 0.02788
19.35000 0.02792
19.45000 0.02795
19.55000 0.02799
19.65000 0.02803
19.75000 0.02807
19.85000 0.02811
19.95000 0.02815
20.05000 0.02820
20.15000 0.02824
20.25000 0.02828
20.35000 0.02832
20.45000 0.02837
20.55000 0.02841
20.65000 0.02845
20.75000 0.02849
20.85000 0.02853
20.95000 0.02856
21.05000 0.02860
21.15000 0.02863
21.25000 0.02866
21.35000 0.02869
21.45000 0.02872
21.55000 0.02875
21.65000 0.02877
21.75000 0.02880
21.85000 0.02883
21.95000 0.02885
22.05000 0.02888
22.15000 0.02891
22.25000 0.02894
22.35000 0.02896
22.45000 0.02899
22.55000 0.02902
22.65000 0.02905
22.75000 0.02908
22.85000 0.02911
22.95000 0.02914
23.05000 0.02918
23.15000 0.02921
23.25000 0.02924
23.35000 0.02928
23.45000 0.02931
23.55000 0.02934
23.65000 0.02937
23.75000 0.02940
23.85000 0.02943
23.95000 0.02946
24.05000 0.02949
24.15000 0.02952
24.25000 0.02955
24.35000 0.02958
24.45000 0.02961
24.55000 0.02964
24.65000 0.02967
24.75000 0.02970
24.85000 0.02973
24.95000 0.02976
25.05000 0.02979
25.15000 0.02982
25.25000 0.02984
25.35000 0.02987
25.45000 0.02990
25.55000 0.02993
25.65000 0.02995
25.75000 0.02998
25.85000 0.03000
25.95000 0.03002
26.05000 0.03004
26.15000 0.03007
26.25000 0.03009
26.35000 0.03011
26.45000 0.03013
26.55000 0.03015
26.65000 0.03017
26.75000 0.03019
26.85000 0.03022
26.95000 0.03024
27.05000 0.03026
27.15000 0.03029
27.25000 0.03031
27.35000 0.03034
27.45000 0.03036
27.55000 0.03039
27.65000 0.03041
27.75000 0.03043
27.85000 0.03046
27.95000 0.03048
28.05000 0.03050
28.15000 0.03052
28.25000 0.03054
28.35000 0.03056
28.45000 0.03058
28.55000 0.03060
28.65000 0.03062
28.75000 0.03064
28.85000 0.03066
28.95000 0.03068
29.05000 0.03070
29.15000 0.03072
29.25000 0.03074
29.35000 0.03076
29.45000 0.03077
29.55000 0.03079
29.65000 0.03081
29.75000 0.03082
29.85000 0.03084
29.95000 0.03086
