 0.05000 0.00000
 0.15000 0.00000
 0.25000 0.00000
 0.35000 0.00000
 0.45000 0.00000
 0.55000 0.00000
 0.65000 0.00000
 0.75000 0.00000
 0.85000 0.00000
 0.95000 0.00000
 1.05000 0.00000
 1.15000 0.00000
 1.25000 0.00000
 1.35000 0.00000
 1.45000 0.00000
 1.55000 0.00000
 1.65000 0.00000
 1.75000 0.00000
 1.85000 0.00000
 1.95000 0.00000
 2.05000 0.00000
 2.15000 0.00000
 2.25000 0.00000
 2.35000 0.00000
 2.45000 0.00000
 2.55000 0.00041
 2.65000 0.00497
 2.75000 0.01462
 2.85000 0.01912
 2.95000 0.01667
 3.05000 0.01274
 3.15000 0.01021
 3.25000 0.00921
 3.35000 0.00924
 3.45000 0.00984
 3.55000 0.01072
 3.65000 0.01166
 3.75000 0.01251
 3.85000 0.01320
 3.95000 0.01373
 4.05000 0.01416
 4.15000 0.01456
 4.25000 0.01508
 4.35000 0.01574
 4.45000 0.01652
 4.55000 0.01732
 4.65000 0.01828
 4.75000 0.01944
 4.85000 0.02055
 4.95000 0.02101
 5.05000 0.02039
 5.15000 0.01912
 5.25000 0.01797
 5.35000 0.01717
 5.45000 0.01668
 5.55000 0.01634
 5.65000 0.01609
 5.75000 0.01593
 5.85000 0.01588
 5.95000 0.01594
 6.05000 0.01611
 6.15000 0.01633
 6.25000 0.01657
 6.35000 0.01682
 6.45000 0.01707
 6.55000 0.01734
 6.65000 0.01767
 6.75000 0.01803
 6.85000 0.01843
 6.95000 0.01884
 7.05000 0.01927
 7.15000 0.01967
 7.25000 0.02003
 7.35000 0.02032
 7.45000 0.02056
 7.55000 0.02072
 7.65000 0.02082
 7.75000 0.02088
 7.85000 0.02088
 7.95000 0.02087
 8.05000 0.02086
 8.15000 0.02085
 8.25000 0.02086
 8.35000 0.02089
 8.45000 0.02094
 8.55000 0.02100
 8.65000 0.02110
 8.75000 0.02120
 8.85000 0.02134
 8.95000 0.02149
 9.05000 0.02168
 9.15000 0.02187
 9.25000 0.02208
 9.35000 0.02228
 9.45000 0.02249
 9.55000 0.02269
 9.65000 0.02290
 9.75000 0.02312
 9.85000 0.02334
 9.95000 0.02356
10.05000 0.02378
10.15000 0.02399
10.25000 0.02421
10.35000 0.02441
10.45000 0.02461
10.55000 0.02479
10.65000 0.02494
10.75000 0.02507
10.85000 0.02519
10.95000 0.02528
11.05000 0.02536
11.15000 0.02543
11.25000 0.02549
11.35000 0.02554
11.45000 0.02561
11.55000 0.02566
11.65000 0.02572
11.75000 0.02578
11.85000 0.02585
11.95000 0.02592
12.05000 0.02600
12.15000 0.02607
12.25000 0.02615
12.35000 0.02623
12.45000 0.02631
12.55000 0.02638
12.65000 0.02646
12.75000 0.02653
12.85000 0.02660
12.95000 0.02667
13.05000 0.02673
13.15000 0.02679
13.25000 0.02684
13.35000 0.02687
13.45000 0.02690
13.55000 0.02692
13.65000 0.02695
13.75000 0.02699
13.85000 0.02704
13.95000 0.02710
14.05000 0.02715
14.15000 0.02721
14.25000 0.02727
14.35000 0.02732
14.45000 0.02736
14.55000 0.02741
14.65000 0.02745
14.75000 0.02750
14.85000 0.02753
14.95000 0.02758
15.05000 0.02761
15.15000 0.02765
15.25000 0.02769
15.35000 0.02773
15.45000 0.02776
15.55000 0.02780
15.65000 0.02783
15.75000 0.02785
15.85000 0.02789
15.95000 0.02792
16.05000 0.02795
16.15000 0.02798
16.25000 0.02801
16.35000 0.02804
16.45000 0.02808
16.55000 0.02811
16.65000 0.02814
16.75000 0.02817
16.85000 0.02820
16.95000 0.02823
17.05000 0.02826
17.15000 0.02830
17.25000 0.02833
17.35000 0.02836
17.45000 0.02839
17.55000 0.02842
17.65000 0.02846
17.75000 0.02849
17.85000 0.02851
17.95000 0.02855
18.05000 0.02858
18.15000 0.02861
18.25000 0.02864
18.35000 0.02867
18.45000 0.02870
18.55000 0.02873
18.65000 0.02876
18.75000 0.02879
18.85000 0.02882
18.95000 0.02885
19.05000 0.02888
19.15000 0.02891
19.25000 0.02894
19.35000 0.02897
19.45000 0.02899
19.55000 0.02902
19.65000 0.02905
19.75000 0.02908
19.85000 0.02911
19.95000 0.02914
20.05000 0.02916
20.15000 0.02919
20.25000 0.02922
20.35000 0.02925
20.45000 0.02927
20.55000 0.02930
20.65000 0.02933
20.75000 0.02936
20.85000 0.02938
20.95000 0.02941
21.05000 0.02944
21.15000 0.02946
21.25000 0.02949
21.35000 0.02952
21.45000 0.02954
21.55000 0.02956
21.65000 0.02959
21.75000 0.02961
21.85000 0.02964
21.95000 0.02966
22.05000 0.02968
22.15000 0.02970
22.25000 0.02972
22.35000 0.02974
22.45000 0.02976
22.55000 0.02979
22.65000 0.02980
22.75000 0.02982
22.85000 0.02984
22.95000 0.02986
23.05000 0.02988
23.15000 0.02990
23.25000 0.02992
23.35000 0.02993
23.45000 0.02995
23.55000 0.02997
23.65000 0.02999
23.75000 0.03000
23.85000 0.03002
23.95000 0.03004
24.05000 0.03007
24.15000 0.03008
24.25000 0.03010
24.35000 0.03012
24.45000 0.03014
24.55000 0.03016
24.65000 0.03018
24.75000 0.03020
24.85000 0.03021
24.95000 0.03023
25.05000 0.03025
25.15000 0.03026
25.25000 0.03028
25.35000 0.03030
25.45000 0.03031
25.55000 0.03033
25.65000 0.03034
25.75000 0.03036
25.85000 0.03037
25.95000 0.03039
26.05000 0.03040
26.15000 0.03042
26.25000 0.03043
26.35000 0.03044
26.45000 0.03046
26.55000 0.03047
26.65000 0.03049
26.75000 0.03050
26.85000 0.03052
26.95000 0.03053
27.05000 0.03055
27.15000 0.03056
27.25000 0.03058
27.35000 0.03059
27.45000 0.03061
27.55000 0.03062
27.65000 0.03063
27.75000 0.03064
27.85000 0.03066
27.95000 0.03067
28.05000 0.03068
28.15000 0.03069
28.25000 0.03070
28.35000 0.03071
28.45000 0.03072
28.55000 0.03073
28.65000 0.03075
28.75000 0.03076
28.85000 0.03077
28.95000 0.03078
29.05000 0.03079
29.15000 0.03080
29.25000 0.03081
29.35000 0.03082
29.45000 0.03083
29.55000 0.03084
29.65000 0.03085
29.75000 0.03086
29.85000 0.03087
29.95000 0.03088
