 0.05000 0.00000
 0.15000 0.00000
 0.25000 0.00000
 0.35000 0.00000
 0.45000 0.00000
 0.55000 0.00000
 0.65000 0.00000
 0.75000 0.00000
 0.85000 0.00000
 0.95000 0.00000
 1.05000 0.00000
 1.15000 0.00000
 1.25000 0.00000
 1.35000 0.00000
 1.45000 0.00000
 1.55000 0.00000
 1.65000 0.00000
 1.75000 0.00000
 1.85000 0.00000
 1.95000 0.00000
 2.05000 0.00000
 2.15000 0.00000
 2.25000 0.00000
 2.35000 0.00000
 2.45000 0.00000
 2.55000 0.00000
 2.65000 0.00000
 2.75000 0.00000
 2.85000 0.00000
 2.95000 0.00001
 3.05000 0.00030
 3.15000 0.00221
 3.25000 0.00855
 3.35000 0.02055
 3.45000 0.03453
 3.55000 0.04447
 3.65000 0.04809
 3.75000 0.04772
 3.85000 0.04548
 3.95000 0.03982
 4.05000 0.03014
 4.15000 0.02058
 4.25000 0.01466
 4.35000 0.01209
 4.45000 0.01146
 4.55000 0.01181
 4.65000 0.01261
 4.75000 0.01367
 4.85000 0.01488
 4.95000 0.01621
 5.05000 0.01755
 5.15000 0.01890
 5.25000 0.02019
 5.35000 0.02135
 5.45000 0.02198
 5.55000 0.02233
 5.65000 0.02277
 5.75000 0.02324
 5.85000 0.02374
 5.95000 0.02427
 6.05000 0.02474
 6.15000 0.02491
 6.25000 0.02461
 6.35000 0.02393
 6.45000 0.02312
 6.55000 0.02239
 6.65000 0.02184
 6.75000 0.02148
 6.85000 0.02132
 6.95000 0.02138
 7.05000 0.02163
 7.15000 0.02202
 7.25000 0.02245
 7.35000 0.02285
 7.45000 0.02321
 7.55000 0.02353
 7.65000 0.02380
 7.75000 0.02403
 7.85000 0.02423
 7.95000 0.02441
 8.05000 0.02455
 8.15000 0.02466
 8.25000 0.02472
 8.35000 0.02475
 8.45000 0.02474
 8.55000 0.02473
 8.65000 0.02469
 8.75000 0.02464
 8.85000 0.02458
 8.95000 0.02451
 9.05000 0.02443
 9.15000 0.02437
 9.25000 0.02432
 9.35000 0.02429
 9.45000 0.02427
 9.55000 0.02428
 9.65000 0.02431
 9.75000 0.02436
 9.85000 0.02441
 9.95000 0.02450
10.05000 0.02460
10.15000 0.02474
10.25000 0.02488
10.35000 0.02502
10.45000 0.02515
10.55000 0.02525
10.65000 0.02534
10.75000 0.02540
10.85000 0.02545
10.95000 0.02549
11.05000 0.02552
11.15000 0.02556
11.25000 0.02559
11.35000 0.02563
11.45000 0.02569
11.55000 0.02575
11.65000 0.02582
11.75000 0.02590
11.85000 0.02600
11.95000 0.02609
12.05000 0.02617
12.15000 0.02625
12.25000 0.02632
12.35000 0.02638
12.45000 0.02644
12.55000 0.02650
12.65000 0.02655
12.75000 0.02660
12.85000 0.02664
12.95000 0.02667
13.05000 0.02670
13.15000 0.02673
13.25000 0.02676
13.35000 0.02678
13.45000 0.02681
13.55000 0.02685
13.65000 0.02691
13.75000 0.02697
13.85000 0.02704
13.95000 0.02711
14.05000 0.02719
14.15000 0.02727
14.25000 0.02735
14.35000 0.02742
14.45000 0.02750
14.55000 0.02757
14.65000 0.02763
14.75000 0.02769
14.85000 0.02775
14.95000 0.02780
15.05000 0.02785
15.15000 0.02789
15.25000 0.02793
15.35000 0.02796
15.45000 0.02798
15.55000 0.02800
15.65000 0.02802
15.75000 0.02803
15.85000 0.02804
15.95000 0.02804
16.05000 0.02806
16.15000 0.02807
16.25000 0.02809
16.35000 0.02811
16.45000 0.02814
16.55000 0.02817
16.65000 0.02821
16.75000 0.02825
16.85000 0.02829
16.95000 0.02833
17.05000 0.02837
17.15000 0.02841
17.25000 0.02845
17.35000 0.02848
17.45000 0.02853
17.55000 0.02856
17.65000 0.02860
17.75000 0.02863
17.85000 0.02867
17.95000 0.02871
18.05000 0.02874
18.15000 0.02877
18.25000 0.02880
18.35000 0.02883
18.45000 0.02886
18.55000 0.02889
18.65000 0.02891
18.75000 0.02894
18.85000 0.02896
18.95000 0.02898
19.05000 0.02900
19.15000 0.02903
19.25000 0.02905
19.35000 0.02907
19.45000 0.02909
19.55000 0.02912
19.65000 0.02914
19.75000 0.02916
19.85000 0.02919
19.95000 0.02921
20.05000 0.02923
20.15000 0.02925
20.25000 0.02927
20.35000 0.02929
20.45000 0.02931
20.55000 0.02933
20.65000 0.02935
20.75000 0.02937
20.85000 0.02939
20.95000 0.02941
21.05000 0.02943
21.15000 0.02946
21.25000 0.02948
21.35000 0.02950
21.45000 0.02952
21.55000 0.02954
21.65000 0.02956
21.75000 0.02958
21.85000 0.02960
21.95000 0.02962
22.05000 0.02964
22.15000 0.02965
22.25000 0.02967
22.35000 0.02969
22.45000 0.02971
22.55000 0.02973
22.65000 0.02975
22.75000 0.02976
22.85000 0.02978
22.95000 0.02980
23.05000 0.02982
23.15000 0.02984
23.25000 0.02985
23.35000 0.02987
23.45000 0.02989
23.55000 0.02990
23.65000 0.02992
23.75000 0.02994
23.85000 0.02995
23.95000 0.02997
24.05000 0.02999
24.15000 0.03000
24.25000 0.03002
24.35000 0.03004
24.45000 0.03005
24.55000 0.03007
24.65000 0.03009
24.75000 0.03011
24.85000 0.03013
24.95000 0.03015
25.05000 0.03016
25.15000 0.03018
25.25000 0.03020
25.35000 0.03022
25.45000 0.03024
25.55000 0.03026
25.65000 0.03028
25.75000 0.03029
25.85000 0.03031
25.95000 0.03033
26.05000 0.03034
26.15000 0.03036
26.25000 0.03038
26.35000 0.03039
26.45000 0.03041
26.55000 0.03043
26.65000 0.03044
26.75000 0.03046
26.85000 0.03048
26.95000 0.03049
27.05000 0.03051
27.15000 0.03052
27.25000 0.03054
27.35000 0.03055
27.45000 0.03057
27.55000 0.03058
27.65000 0.03060
27.75000 0.03061
27.85000 0.03063
27.95000 0.03064
28.05000 0.03065
28.15000 0.03066
28.25000 0.03067
28.35000 0.03069
28.45000 0.03070
28.55000 0.03071
28.65000 0.03072
28.75000 0.03074
28.85000 0.03074
28.95000 0.03076
29.05000 0.03077
29.15000 0.03078
29.25000 0.03079
29.35000 0.03080
29.45000 0.03081
29.55000 0.03082
29.65000 0.03083
29.75000 0.03084
29.85000 0.03085
29.95000 0.03086
