 0.05000 0.00000
 0.15000 0.00000
 0.25000 0.00000
 0.35000 0.00000
 0.45000 0.00000
 0.55000 0.00000
 0.65000 0.00000
 0.75000 0.00000
 0.85000 0.00000
 0.95000 0.00000
 1.05000 0.00000
 1.15000 0.00000
 1.25000 0.00000
 1.35000 0.00000
 1.45000 0.00000
 1.55000 0.00000
 1.65000 0.00000
 1.75000 0.00000
 1.85000 0.00000
 1.95000 0.00000
 2.05000 0.00000
 2.15000 0.00000
 2.25000 0.00000
 2.35000 0.00000
 2.45000 0.00000
 2.55000 0.00028
 2.65000 0.00367
 2.75000 0.01168
 2.85000 0.01622
 2.95000 0.01484
 3.05000 0.01178
 3.15000 0.00960
 3.25000 0.00855
 3.35000 0.00825
 3.45000 0.00836
 3.55000 0.00866
 3.65000 0.00906
 3.75000 0.00953
 3.85000 0.01004
 3.95000 0.01058
 4.05000 0.01115
 4.15000 0.01183
 4.25000 0.01261
 4.35000 0.01354
 4.45000 0.01451
 4.55000 0.01536
 4.65000 0.01597
 4.75000 0.01626
 4.85000 0.01622
 4.95000 0.01580
 5.05000 0.01517
 5.15000 0.01456
 5.25000 0.01412
 5.35000 0.01396
 5.45000 0.01402
 5.55000 0.01424
 5.65000 0.01464
 5.75000 0.01526
 5.85000 0.01599
 5.95000 0.01668
 6.05000 0.01738
 6.15000 0.01813
 6.25000 0.01884
 6.35000 0.01930
 6.45000 0.01944
 6.55000 0.01947
 6.65000 0.01956
 6.75000 0.01975
 6.85000 0.01997
 6.95000 0.02015
 7.05000 0.02028
 7.15000 0.02036
 7.25000 0.02043
 7.35000 0.02048
 7.45000 0.02054
 7.55000 0.02060
 7.65000 0.02066
 7.75000 0.02075
 7.85000 0.02085
 7.95000 0.02097
 8.05000 0.02111
 8.15000 0.02127
 8.25000 0.02143
 8.35000 0.02160
 8.45000 0.02178
 8.55000 0.02197
 8.65000 0.02216
 8.75000 0.02238
 8.85000 0.02260
 8.95000 0.02282
 9.05000 0.02302
 9.15000 0.02323
 9.25000 0.02343
 9.35000 0.02363
 9.45000 0.02381
 9.55000 0.02399
 9.65000 0.02415
 9.75000 0.02427
 9.85000 0.02439
 9.95000 0.02448
10.05000 0.02456
10.15000 0.02464
10.25000 0.02471
10.35000 0.02479
10.45000 0.02487
10.55000 0.02496
10.65000 0.02506
10.75000 0.02517
10.85000 0.02529
10.95000 0.02540
11.05000 0.02551
11.15000 0.02561
11.25000 0.02569
11.35000 0.02577
11.45000 0.02581
11.55000 0.02585
11.65000 0.02587
11.75000 0.02590
11.85000 0.02595
11.95000 0.02602
12.05000 0.02609
12.15000 0.02617
12.25000 0.02624
12.35000 0.02631
12.45000 0.02637
12.55000 0.02644
12.65000 0.02650
12.75000 0.02656
12.85000 0.02662
12.95000 0.02667
13.05000 0.02672
13.15000 0.02677
13.25000 0.02682
13.35000 0.02687
13.45000 0.02693
13.55000 0.02698
13.65000 0.02703
13.75000 0.02708
13.85000 0.02713
13.95000 0.02717
14.05000 0.02722
14.15000 0.02726
14.25000 0.02731
14.35000 0.02735
14.45000 0.02740
14.55000 0.02744
14.65000 0.02748
14.75000 0.02753
14.85000 0.02757
14.95000 0.02761
15.05000 0.02765
15.15000 0.02768
15.25000 0.02772
15.35000 0.02775
15.45000 0.02779
15.55000 0.02783
15.65000 0.02786
15.75000 0.02789
15.85000 0.02792
15.95000 0.02795
16.05000 0.02798
16.15000 0.02801
16.25000 0.02804
16.35000 0.02807
16.45000 0.02809
16.55000 0.02812
16.65000 0.02815
16.75000 0.02818
16.85000 0.02822
16.95000 0.02825
17.05000 0.02828
17.15000 0.02832
17.25000 0.02835
17.35000 0.02838
17.45000 0.02842
17.55000 0.02845
17.65000 0.02848
17.75000 0.02851
17.85000 0.02854
17.95000 0.02856
18.05000 0.02859
18.15000 0.02862
18.25000 0.02865
18.35000 0.02868
18.45000 0.02870
18.55000 0.02873
18.65000 0.02876
18.75000 0.02879
18.85000 0.02881
18.95000 0.02884
19.05000 0.02887
19.15000 0.02890
19.25000 0.02894
19.35000 0.02897
19.45000 0.02900
19.55000 0.02903
19.65000 0.02906
19.75000 0.02909
19.85000 0.02912
19.95000 0.02914
20.05000 0.02917
20.15000 0.02920
20.25000 0.02923
20.35000 0.02925
20.45000 0.02928
20.55000 0.02931
20.65000 0.02933
20.75000 0.02936
20.85000 0.02938
20.95000 0.02941
21.05000 0.02943
21.15000 0.02945
21.25000 0.02948
21.35000 0.02950
21.45000 0.02953
21.55000 0.02955
21.65000 0.02958
21.75000 0.02960
21.85000 0.02962
21.95000 0.02965
22.05000 0.02968
22.15000 0.02970
22.25000 0.02972
22.35000 0.02975
22.45000 0.02977
22.55000 0.02979
22.65000 0.02981
22.75000 0.02984
22.85000 0.02986
22.95000 0.02988
23.05000 0.02990
23.15000 0.02992
23.25000 0.02994
23.35000 0.02996
23.45000 0.02998
23.55000 0.03000
23.65000 0.03002
23.75000 0.03003
23.85000 0.03005
23.95000 0.03007
24.05000 0.03008
24.15000 0.03010
24.25000 0.03012
24.35000 0.03014
24.45000 0.03015
24.55000 0.03017
24.65000 0.03019
24.75000 0.03021
24.85000 0.03022
24.95000 0.03023
25.05000 0.03025
25.15000 0.03027
25.25000 0.03029
25.35000 0.03030
25.45000 0.03032
25.55000 0.03033
25.65000 0.03035
25.75000 0.03036
25.85000 0.03038
25.95000 0.03039
26.05000 0.03040
26.15000 0.03042
26.25000 0.03044
26.35000 0.03045
26.45000 0.03046
26.55000 0.03048
26.65000 0.03049
26.75000 0.03050
26.85000 0.03052
26.95000 0.03053
27.05000 0.03054
27.15000 0.03055
27.25000 0.03057
27.35000 0.03058
27.45000 0.03060
27.55000 0.03061
27.65000 0.03062
27.75000 0.03063
27.85000 0.03064
27.95000 0.03066
28.05000 0.03067
28.15000 0.03068
28.25000 0.03069
28.35000 0.03070
28.45000 0.03071
28.55000 0.03072
28.65000 0.03073
28.75000 0.03074
28.85000 0.03075
28.95000 0.03076
29.05000 0.03077
29.15000 0.03078
29.25000 0.03079
29.35000 0.03080
29.45000 0.03081
29.55000 0.03082
29.65000 0.03083
29.75000 0.03085
29.85000 0.03086
29.95000 0.03087
