 0.05000 0.00000
 0.15000 0.00000
 0.25000 0.00000
 0.35000 0.00000
 0.45000 0.00000
 0.55000 0.00000
 0.65000 0.00000
 0.75000 0.00000
 0.85000 0.00000
 0.95000 0.00000
 1.05000 0.00000
 1.15000 0.00000
 1.25000 0.00000
 1.35000 0.00000
 1.45000 0.00000
 1.55000 0.00000
 1.65000 0.00000
 1.75000 0.00000
 1.85000 0.00000
 1.95000 0.00000
 2.05000 0.00000
 2.15000 0.00000
 2.25000 0.00000
 2.35000 0.00000
 2.45000 0.00000
 2.55000 0.00001
 2.65000 0.00060
 2.75000 0.00645
 2.85000 0.01798
 2.95000 0.02400
 3.05000 0.02350
 3.15000 0.02139
 3.25000 0.01977
 3.35000 0.01878
 3.45000 0.01817
 3.55000 0.01773
 3.65000 0.01728
 3.75000 0.01680
 3.85000 0.01627
 3.95000 0.01568
 4.05000 0.01503
 4.15000 0.01439
 4.25000 0.01375
 4.35000 0.01319
 4.45000 0.01275
 4.55000 0.01244
 4.65000 0.01225
 4.75000 0.01218
 4.85000 0.01220
 4.95000 0.01232
 5.05000 0.01252
 5.15000 0.01281
 5.25000 0.01322
 5.35000 0.01373
 5.45000 0.01436
 5.55000 0.01505
 5.65000 0.01574
 5.75000 0.01638
 5.85000 0.01700
 5.95000 0.01758
 6.05000 0.01813
 6.15000 0.01865
 6.25000 0.01913
 6.35000 0.01958
 6.45000 0.02002
 6.55000 0.02048
 6.65000 0.02090
 6.75000 0.02110
 6.85000 0.02088
 6.95000 0.02038
 7.05000 0.01989
 7.15000 0.01952
 7.25000 0.01928
 7.35000 0.01912
 7.45000 0.01903
 7.55000 0.01900
 7.65000 0.01902
 7.75000 0.01908
 7.85000 0.01918
 7.95000 0.01931
 8.05000 0.01947
 8.15000 0.01967
 8.25000 0.01990
 8.35000 0.02017
 8.45000 0.02047
 8.55000 0.02080
 8.65000 0.02113
 8.75000 0.02145
 8.85000 0.02175
 8.95000 0.02203
 9.05000 0.02228
 9.15000 0.02249
 9.25000 0.02269
 9.35000 0.02287
 9.45000 0.02303
 9.55000 0.02318
 9.65000 0.02331
 9.75000 0.02346
 9.85000 0.02361
 9.95000 0.02377
10.05000 0.02393
10.15000 0.02408
10.25000 0.02423
10.35000 0.02439
10.45000 0.02454
10.55000 0.02470
10.65000 0.02485
10.75000 0.02501
10.85000 0.02517
10.95000 0.02533
11.05000 0.02547
11.15000 0.02560
11.25000 0.02570
11.35000 0.02578
11.45000 0.02585
11.55000 0.02590
11.65000 0.02594
11.75000 0.02599
11.85000 0.02603
11.95000 0.02607
12.05000 0.02611
12.15000 0.02615
12.25000 0.02618
12.35000 0.02622
12.45000 0.02627
12.55000 0.02632
12.65000 0.02637
12.75000 0.02644
12.85000 0.02651
12.95000 0.02660
13.05000 0.02668
13.15000 0.02676
13.25000 0.02684
13.35000 0.02691
13.45000 0.02698
13.55000 0.02703
13.65000 0.02708
13.75000 0.02711
13.85000 0.02715
13.95000 0.02717
14.05000 0.02721
14.15000 0.02725
14.25000 0.02729
14.35000 0.02733
14.45000 0.02738
14.55000 0.02742
14.65000 0.02746
14.75000 0.02751
14.85000 0.02754
14.95000 0.02757
15.05000 0.02760
15.15000 0.02764
15.25000 0.02767
15.35000 0.02770
15.45000 0.02774
15.55000 0.02777
15.65000 0.02781
15.75000 0.02785
15.85000 0.02789
15.95000 0.02792
16.05000 0.02796
16.15000 0.02800
16.25000 0.02803
16.35000 0.02806
16.45000 0.02809
16.55000 0.02812
16.65000 0.02816
16.75000 0.02819
16.85000 0.02823
16.95000 0.02826
17.05000 0.02829
17.15000 0.02832
17.25000 0.02836
17.35000 0.02839
17.45000 0.02841
17.55000 0.02845
17.65000 0.02848
17.75000 0.02851
17.85000 0.02854
17.95000 0.02857
18.05000 0.02860
18.15000 0.02863
18.25000 0.02865
18.35000 0.02868
18.45000 0.02870
18.55000 0.02873
18.65000 0.02875
18.75000 0.02877
18.85000 0.02880
18.95000 0.02883
19.05000 0.02885
19.15000 0.02888
19.25000 0.02891
19.35000 0.02894
19.45000 0.02897
19.55000 0.02901
19.65000 0.02904
19.75000 0.02907
19.85000 0.02911
19.95000 0.02914
20.05000 0.02917
20.15000 0.02919
20.25000 0.02923
20.35000 0.02926
20.45000 0.02928
20.55000 0.02931
20.65000 0.02933
20.75000 0.02936
20.85000 0.02938
20.95000 0.02940
21.05000 0.02943
21.15000 0.02945
21.25000 0.02947
21.35000 0.02949
21.45000 0.02952
21.55000 0.02954
21.65000 0.02956
21.75000 0.02957
21.85000 0.02960
21.95000 0.02962
22.05000 0.02964
22.15000 0.02966
22.25000 0.02969
22.35000 0.02970
22.45000 0.02973
22.55000 0.02975
22.65000 0.02978
22.75000 0.02980
22.85000 0.02982
22.95000 0.02984
23.05000 0.02986
23.15000 0.02988
23.25000 0.02990
23.35000 0.02992
23.45000 0.02995
23.55000 0.02996
23.65000 0.02998
23.75000 0.03000
23.85000 0.03002
23.95000 0.03004
24.05000 0.03006
24.15000 0.03008
24.25000 0.03009
24.35000 0.03011
24.45000 0.03013
24.55000 0.03015
24.65000 0.03017
24.75000 0.03018
24.85000 0.03020
24.95000 0.03022
25.05000 0.03023
25.15000 0.03025
25.25000 0.03027
25.35000 0.03028
25.45000 0.03030
25.55000 0.03032
25.65000 0.03033
25.75000 0.03035
25.85000 0.03036
25.95000 0.03038
26.05000 0.03040
26.15000 0.03041
26.25000 0.03043
26.35000 0.03044
26.45000 0.03046
26.55000 0.03047
26.65000 0.03049
26.75000 0.03051
26.85000 0.03052
26.95000 0.03053
27.05000 0.03055
27.15000 0.03056
27.25000 0.03058
27.35000 0.03059
27.45000 0.03060
27.55000 0.03062
27.65000 0.03063
27.75000 0.03064
27.85000 0.03066
27.95000 0.03067
28.05000 0.03068
28.15000 0.03069
28.25000 0.03071
28.35000 0.03072
28.45000 0.03073
28.55000 0.03074
28.65000 0.03075
28.75000 0.03076
28.85000 0.03078
28.95000 0.03079
29.05000 0.03080
29.15000 0.03081
29.25000 0.03082
29.35000 0.03083
29.45000 0.03084
29.55000 0.03085
29.65000 0.03086
29.75000 0.03087
29.85000 0.03088
29.95000 0.03089
