 0.05000 0.00000
 0.15000 0.00000
 0.25000 0.00000
 0.35000 0.00000
 0.45000 0.00000
 0.55000 0.00000
 0.65000 0.00000
 0.75000 0.00000
 0.85000 0.00000
 0.95000 0.00000
 1.05000 0.00000
 1.15000 0.00000
 1.25000 0.00000
 1.35000 0.00000
 1.45000 0.00000
 1.55000 0.00000
 1.65000 0.00000
 1.75000 0.00000
 1.85000 0.00000
 1.95000 0.00000
 2.05000 0.00000
 2.15000 0.00000
 2.25000 0.00000
 2.35000 0.00000
 2.45000 0.00000
 2.55000 0.00052
 2.65000 0.00636
 2.75000 0.01855
 2.85000 0.02363
 2.95000 0.01975
 3.05000 0.01432
 3.15000 0.01089
 3.25000 0.00947
 3.35000 0.00928
 3.45000 0.00973
 3.55000 0.01042
 3.65000 0.01117
 3.75000 0.01179
 3.85000 0.01219
 3.95000 0.01235
 4.05000 0.01228
 4.15000 0.01200
 4.25000 0.01159
 4.35000 0.01117
 4.45000 0.01078
 4.55000 0.01047
 4.65000 0.01027
 4.75000 0.01021
 4.85000 0.01028
 4.95000 0.01048
 5.05000 0.01078
 5.15000 0.01114
 5.25000 0.01154
 5.35000 0.01200
 5.45000 0.01246
 5.55000 0.01295
 5.65000 0.01353
 5.75000 0.01437
 5.85000 0.01566
 5.95000 0.01717
 6.05000 0.01826
 6.15000 0.01862
 6.25000 0.01852
 6.35000 0.01827
 6.45000 0.01800
 6.55000 0.01778
 6.65000 0.01766
 6.75000 0.01771
 6.85000 0.01789
 6.95000 0.01819
 7.05000 0.01855
 7.15000 0.01895
 7.25000 0.01937
 7.35000 0.01980
 7.45000 0.02023
 7.55000 0.02062
 7.65000 0.02099
 7.75000 0.02134
 7.85000 0.02170
 7.95000 0.02207
 8.05000 0.02244
 8.15000 0.02279
 8.25000 0.02307
 8.35000 0.02329
 8.45000 0.02342
 8.55000 0.02349
 8.65000 0.02350
 8.75000 0.02348
 8.85000 0.02344
 8.95000 0.02342
 9.05000 0.02342
 9.15000 0.02343
 9.25000 0.02348
 9.35000 0.02356
 9.45000 0.02366
 9.55000 0.02379
 9.65000 0.02395
 9.75000 0.02413
 9.85000 0.02432
 9.95000 0.02452
10.05000 0.02472
10.15000 0.02490
10.25000 0.02508
10.35000 0.02524
10.45000 0.02537
10.55000 0.02546
10.65000 0.02553
10.75000 0.02559
10.85000 0.02564
10.95000 0.02571
11.05000 0.02578
11.15000 0.02586
11.25000 0.02595
11.35000 0.02605
11.45000 0.02613
11.55000 0.02621
11.65000 0.02627
11.75000 0.02633
11.85000 0.02638
11.95000 0.02643
12.05000 0.02647
12.15000 0.02651
12.25000 0.02655
12.35000 0.02658
12.45000 0.02662
12.55000 0.02665
12.65000 0.02668
12.75000 0.02671
12.85000 0.02675
12.95000 0.02678
13.05000 0.02682
13.15000 0.02685
13.25000 0.02690
13.35000 0.02694
13.45000 0.02699
13.55000 0.02704
13.65000 0.02709
13.75000 0.02714
13.85000 0.02719
13.95000 0.02724
14.05000 0.02730
14.15000 0.02735
14.25000 0.02741
14.35000 0.02746
14.45000 0.02750
14.55000 0.02754
14.65000 0.02759
14.75000 0.02762
14.85000 0.02765
14.95000 0.02768
15.05000 0.02771
15.15000 0.02774
15.25000 0.02777
15.35000 0.02779
15.45000 0.02782
15.55000 0.02784
15.65000 0.02787
15.75000 0.02790
15.85000 0.02794
15.95000 0.02797
16.05000 0.02801
16.15000 0.02804
16.25000 0.02807
16.35000 0.02810
16.45000 0.02813
16.55000 0.02816
16.65000 0.02819
16.75000 0.02821
16.85000 0.02824
16.95000 0.02827
17.05000 0.02829
17.15000 0.02832
17.25000 0.02835
17.35000 0.02838
17.45000 0.02841
17.55000 0.02844
17.65000 0.02847
17.75000 0.02850
17.85000 0.02853
17.95000 0.02856
18.05000 0.02859
18.15000 0.02862
18.25000 0.02865
18.35000 0.02868
18.45000 0.02871
18.55000 0.02874
18.65000 0.02877
18.75000 0.02880
18.85000 0.02883
18.95000 0.02886
19.05000 0.02889
19.15000 0.02892
19.25000 0.02895
19.35000 0.02897
19.45000 0.02900
19.55000 0.02903
19.65000 0.02906
19.75000 0.02908
19.85000 0.02911
19.95000 0.02913
20.05000 0.02916
20.15000 0.02918
20.25000 0.02921
20.35000 0.02923
20.45000 0.02925
20.55000 0.02928
20.65000 0.02930
20.75000 0.02932
20.85000 0.02934
20.95000 0.02936
21.05000 0.02938
21.15000 0.02941
21.25000 0.02943
21.35000 0.02945
21.45000 0.02947
21.55000 0.02950
21.65000 0.02952
21.75000 0.02955
21.85000 0.02957
21.95000 0.02960
22.05000 0.02963
22.15000 0.02965
22.25000 0.02968
22.35000 0.02970
22.45000 0.02973
22.55000 0.02975
22.65000 0.02977
22.75000 0.02979
22.85000 0.02982
22.95000 0.02984
23.05000 0.02986
23.15000 0.02988
23.25000 0.02990
23.35000 0.02992
23.45000 0.02994
23.55000 0.02996
23.65000 0.02998
23.75000 0.03000
23.85000 0.03002
23.95000 0.03004
24.05000 0.03006
24.15000 0.03008
24.25000 0.03010
24.35000 0.03012
24.45000 0.03014
24.55000 0.03015
24.65000 0.03017
24.75000 0.03019
24.85000 0.03021
24.95000 0.03023
25.05000 0.03024
25.15000 0.03026
25.25000 0.03028
25.35000 0.03029
25.45000 0.03031
25.55000 0.03033
25.65000 0.03034
25.75000 0.03036
25.85000 0.03037
25.95000 0.03039
26.05000 0.03040
26.15000 0.03042
26.25000 0.03043
26.35000 0.03045
26.45000 0.03046
26.55000 0.03047
26.65000 0.03049
26.75000 0.03051
26.85000 0.03052
26.95000 0.03053
27.05000 0.03054
27.15000 0.03056
27.25000 0.03057
27.35000 0.03059
27.45000 0.03060
27.55000 0.03061
27.65000 0.03062
27.75000 0.03064
27.85000 0.03065
27.95000 0.03066
28.05000 0.03067
28.15000 0.03068
28.25000 0.03069
28.35000 0.03071
28.45000 0.03072
28.55000 0.03073
28.65000 0.03074
28.75000 0.03075
28.85000 0.03076
28.95000 0.03077
29.05000 0.03078
29.15000 0.03079
29.25000 0.03080
29.35000 0.03081
29.45000 0.03082
29.55000 0.03084
29.65000 0.03085
29.75000 0.03086
29.85000 0.03087
29.95000 0.03088
