 0.05000 0.00000
 0.15000 0.00000
 0.25000 0.00000
 0.35000 0.00000
 0.45000 0.00000
 0.55000 0.00000
 0.65000 0.00000
 0.75000 0.00000
 0.85000 0.00000
 0.95000 0.00000
 1.05000 0.00000
 1.15000 0.00000
 1.25000 0.00000
 1.35000 0.00000
 1.45000 0.00000
 1.55000 0.00000
 1.65000 0.00000
 1.75000 0.00000
 1.85000 0.00000
 1.95000 0.00000
 2.05000 0.00000
 2.15000 0.00000
 2.25000 0.00000
 2.35000 0.00000
 2.45000 0.00079
 2.55000 0.01035
 2.65000 0.03083
 2.75000 0.04032
 2.85000 0.03485
 2.95000 0.02579
 3.05000 0.01965
 3.15000 0.01694
 3.25000 0.01628
 3.35000 0.01655
 3.45000 0.01712
 3.55000 0.01768
 3.65000 0.01807
 3.75000 0.01822
 3.85000 0.01823
 3.95000 0.01837
 4.05000 0.01857
 4.15000 0.01808
 4.25000 0.01754
 4.35000 0.01732
 4.45000 0.01725
 4.55000 0.01728
 4.65000 0.01740
 4.75000 0.01764
 4.85000 0.01802
 4.95000 0.01847
 5.05000 0.01898
 5.15000 0.01949
 5.25000 0.01991
 5.35000 0.02018
 5.45000 0.02021
 5.55000 0.02001
 5.65000 0.01972
 5.75000 0.01948
 5.85000 0.01934
 5.95000 0.01930
 6.05000 0.01935
 6.15000 0.01940
 6.25000 0.01946
 6.35000 0.01953
 6.45000 0.01959
 6.55000 0.01965
 6.65000 0.01972
 6.75000 0.01981
 6.85000 0.01994
 6.95000 0.02008
 7.05000 0.02024
 7.15000 0.02028
 7.25000 0.02020
 7.35000 0.02009
 7.45000 0.02002
 7.55000 0.02005
 7.65000 0.02014
 7.75000 0.02027
 7.85000 0.02043
 7.95000 0.02058
 8.05000 0.02072
 8.15000 0.02085
 8.25000 0.02096
 8.35000 0.02106
 8.45000 0.02114
 8.55000 0.02123
 8.65000 0.02131
 8.75000 0.02140
 8.85000 0.02149
 8.95000 0.02158
 9.05000 0.02167
 9.15000 0.02176
 9.25000 0.02187
 9.35000 0.02198
 9.45000 0.02209
 9.55000 0.02223
 9.65000 0.02237
 9.75000 0.02254
 9.85000 0.02271
 9.95000 0.02290
10.05000 0.02309
10.15000 0.02328
10.25000 0.02348
10.35000 0.02370
10.45000 0.02392
10.55000 0.02413
10.65000 0.02431
10.75000 0.02447
10.85000 0.02459
10.95000 0.02469
11.05000 0.02475
11.15000 0.02479
11.25000 0.02482
11.35000 0.02484
11.45000 0.02485
11.55000 0.02487
11.65000 0.02488
11.75000 0.02490
11.85000 0.02493
11.95000 0.02498
12.05000 0.02503
12.15000 0.02508
12.25000 0.02515
12.35000 0.02522
12.45000 0.02530
12.55000 0.02537
12.65000 0.02545
12.75000 0.02553
12.85000 0.02561
12.95000 0.02570
13.05000 0.02578
13.15000 0.02586
13.25000 0.02593
13.35000 0.02599
13.45000 0.02605
13.55000 0.02610
13.65000 0.02615
13.75000 0.02621
13.85000 0.02625
13.95000 0.02630
14.05000 0.02634
14.15000 0.02638
14.25000 0.02642
14.35000 0.02646
14.45000 0.02649
14.55000 0.02653
14.65000 0.02657
14.75000 0.02661
14.85000 0.02666
14.95000 0.02670
15.05000 0.02674
15.15000 0.02678
15.25000 0.02682
15.35000 0.02686
15.45000 0.02691
15.55000 0.02695
15.65000 0.02700
15.75000 0.02705
15.85000 0.02709
15.95000 0.02714
16.05000 0.02718
16.15000 0.02723
16.25000 0.02727
16.35000 0.02732
16.45000 0.02736
16.55000 0.02740
16.65000 0.02744
16.75000 0.02748
16.85000 0.02751
16.95000 0.02755
17.05000 0.02759
17.15000 0.02762
17.25000 0.02766
17.35000 0.02770
17.45000 0.02774
17.55000 0.02777
17.65000 0.02781
17.75000 0.02785
17.85000 0.02789
17.95000 0.02793
18.05000 0.02797
18.15000 0.02801
18.25000 0.02804
18.35000 0.02808
18.45000 0.02811
18.55000 0.02815
18.65000 0.02819
18.75000 0.02822
18.85000 0.02825
18.95000 0.02829
19.05000 0.02832
19.15000 0.02836
19.25000 0.02839
19.35000 0.02842
19.45000 0.02845
19.55000 0.02848
19.65000 0.02851
19.75000 0.02854
19.85000 0.02857
19.95000 0.02860
20.05000 0.02862
20.15000 0.02865
20.25000 0.02868
20.35000 0.02871
20.45000 0.02873
20.55000 0.02876
20.65000 0.02879
20.75000 0.02882
20.85000 0.02885
20.95000 0.02889
21.05000 0.02892
21.15000 0.02895
21.25000 0.02898
21.35000 0.02901
21.45000 0.02904
21.55000 0.02907
21.65000 0.02911
21.75000 0.02913
21.85000 0.02917
21.95000 0.02919
22.05000 0.02923
22.15000 0.02926
22.25000 0.02929
22.35000 0.02932
22.45000 0.02934
22.55000 0.02937
22.65000 0.02940
22.75000 0.02943
22.85000 0.02946
22.95000 0.02949
23.05000 0.02952
23.15000 0.02954
23.25000 0.02958
23.35000 0.02960
23.45000 0.02963
23.55000 0.02966
23.65000 0.02969
23.75000 0.02971
23.85000 0.02974
23.95000 0.02976
24.05000 0.02979
24.15000 0.02981
24.25000 0.02984
24.35000 0.02986
24.45000 0.02989
24.55000 0.02992
24.65000 0.02994
24.75000 0.02996
24.85000 0.02999
24.95000 0.03001
25.05000 0.03003
25.15000 0.03006
25.25000 0.03008
25.35000 0.03010
25.45000 0.03012
25.55000 0.03014
25.65000 0.03016
25.75000 0.03019
25.85000 0.03021
25.95000 0.03022
26.05000 0.03024
26.15000 0.03026
26.25000 0.03028
26.35000 0.03030
26.45000 0.03032
26.55000 0.03034
26.65000 0.03036
26.75000 0.03038
26.85000 0.03040
26.95000 0.03042
27.05000 0.03044
27.15000 0.03045
27.25000 0.03047
27.35000 0.03048
27.45000 0.03050
27.55000 0.03052
27.65000 0.03054
27.75000 0.03055
27.85000 0.03057
27.95000 0.03058
28.05000 0.03060
28.15000 0.03061
28.25000 0.03063
28.35000 0.03064
28.45000 0.03066
28.55000 0.03067
28.65000 0.03068
28.75000 0.03070
28.85000 0.03071
28.95000 0.03073
29.05000 0.03074
29.15000 0.03076
29.25000 0.03077
29.35000 0.03079
29.45000 0.03080
29.55000 0.03082
29.65000 0.03083
29.75000 0.03084
29.85000 0.03085
29.95000 0.03087
