 0.05000 0.00000
 0.15000 0.00000
 0.25000 0.00000
 0.35000 0.00000
 0.45000 0.00000
 0.55000 0.00000
 0.65000 0.00000
 0.75000 0.00000
 0.85000 0.00000
 0.95000 0.00000
 1.05000 0.00000
 1.15000 0.00000
 1.25000 0.00000
 1.35000 0.00000
 1.45000 0.00000
 1.55000 0.00000
 1.65000 0.00000
 1.75000 0.00000
 1.85000 0.00000
 1.95000 0.00000
 2.05000 0.00000
 2.15000 0.00000
 2.25000 0.00000
 2.35000 0.00000
 2.45000 0.00056
 2.55000 0.00752
 2.65000 0.02264
 2.75000 0.02981
 2.85000 0.02614
 2.95000 0.02000
 3.05000 0.01603
 3.15000 0.01443
 3.25000 0.01416
 3.35000 0.01447
 3.45000 0.01488
 3.55000 0.01522
 3.65000 0.01531
 3.75000 0.01516
 3.85000 0.01479
 3.95000 0.01442
 4.05000 0.01409
 4.15000 0.01339
 4.25000 0.01280
 4.35000 0.01247
 4.45000 0.01230
 4.55000 0.01226
 4.65000 0.01233
 4.75000 0.01251
 4.85000 0.01279
 4.95000 0.01316
 5.05000 0.01361
 5.15000 0.01410
 5.25000 0.01463
 5.35000 0.01512
 5.45000 0.01548
 5.55000 0.01565
 5.65000 0.01576
 5.75000 0.01588
 5.85000 0.01611
 5.95000 0.01641
 6.05000 0.01676
 6.15000 0.01715
 6.25000 0.01756
 6.35000 0.01797
 6.45000 0.01838
 6.55000 0.01880
 6.65000 0.01928
 6.75000 0.01979
 6.85000 0.02031
 6.95000 0.02073
 7.05000 0.02094
 7.15000 0.02082
 7.25000 0.02054
 7.35000 0.02027
 7.45000 0.02014
 7.55000 0.02011
 7.65000 0.02014
 7.75000 0.02021
 7.85000 0.02031
 7.95000 0.02042
 8.05000 0.02055
 8.15000 0.02066
 8.25000 0.02078
 8.35000 0.02089
 8.45000 0.02100
 8.55000 0.02112
 8.65000 0.02127
 8.75000 0.02145
 8.85000 0.02165
 8.95000 0.02185
 9.05000 0.02207
 9.15000 0.02231
 9.25000 0.02255
 9.35000 0.02281
 9.45000 0.02306
 9.55000 0.02330
 9.65000 0.02350
 9.75000 0.02365
 9.85000 0.02377
 9.95000 0.02387
10.05000 0.02394
10.15000 0.02401
10.25000 0.02408
10.35000 0.02414
10.45000 0.02420
10.55000 0.02425
10.65000 0.02429
10.75000 0.02433
10.85000 0.02437
10.95000 0.02441
11.05000 0.02447
11.15000 0.02451
11.25000 0.02456
11.35000 0.02460
11.45000 0.02463
11.55000 0.02467
11.65000 0.02471
11.75000 0.02478
11.85000 0.02485
11.95000 0.02495
12.05000 0.02504
12.15000 0.02513
12.25000 0.02523
12.35000 0.02532
12.45000 0.02540
12.55000 0.02549
12.65000 0.02555
12.75000 0.02562
12.85000 0.02569
12.95000 0.02575
13.05000 0.02581
13.15000 0.02586
13.25000 0.02592
13.35000 0.02598
13.45000 0.02603
13.55000 0.02609
13.65000 0.02614
13.75000 0.02620
13.85000 0.02625
13.95000 0.02630
14.05000 0.02635
14.15000 0.02640
14.25000 0.02644
14.35000 0.02649
14.45000 0.02654
14.55000 0.02659
14.65000 0.02664
14.75000 0.02669
14.85000 0.02675
14.95000 0.02679
15.05000 0.02684
15.15000 0.02688
15.25000 0.02692
15.35000 0.02697
15.45000 0.02701
15.55000 0.02705
15.65000 0.02709
15.75000 0.02712
15.85000 0.02717
15.95000 0.02720
16.05000 0.02724
16.15000 0.02728
16.25000 0.02732
16.35000 0.02735
16.45000 0.02739
16.55000 0.02742
16.65000 0.02746
16.75000 0.02749
16.85000 0.02753
16.95000 0.02756
17.05000 0.02759
17.15000 0.02763
17.25000 0.02766
17.35000 0.02770
17.45000 0.02773
17.55000 0.02777
17.65000 0.02780
17.75000 0.02784
17.85000 0.02787
17.95000 0.02791
18.05000 0.02795
18.15000 0.02798
18.25000 0.02802
18.35000 0.02805
18.45000 0.02809
18.55000 0.02812
18.65000 0.02816
18.75000 0.02819
18.85000 0.02822
18.95000 0.02826
19.05000 0.02829
19.15000 0.02832
19.25000 0.02836
19.35000 0.02839
19.45000 0.02843
19.55000 0.02846
19.65000 0.02849
19.75000 0.02853
19.85000 0.02856
19.95000 0.02859
20.05000 0.02863
20.15000 0.02866
20.25000 0.02869
20.35000 0.02872
20.45000 0.02876
20.55000 0.02878
20.65000 0.02881
20.75000 0.02884
20.85000 0.02887
20.95000 0.02890
21.05000 0.02892
21.15000 0.02895
21.25000 0.02897
21.35000 0.02900
21.45000 0.02903
21.55000 0.02905
21.65000 0.02908
21.75000 0.02911
21.85000 0.02913
21.95000 0.02916
22.05000 0.02919
22.15000 0.02921
22.25000 0.02924
22.35000 0.02927
22.45000 0.02930
22.55000 0.02933
22.65000 0.02935
22.75000 0.02938
22.85000 0.02940
22.95000 0.02943
23.05000 0.02945
23.15000 0.02948
23.25000 0.02950
23.35000 0.02953
23.45000 0.02955
23.55000 0.02958
23.65000 0.02960
23.75000 0.02963
23.85000 0.02965
23.95000 0.02968
24.05000 0.02970
24.15000 0.02972
24.25000 0.02975
24.35000 0.02977
24.45000 0.02980
24.55000 0.02982
24.65000 0.02984
24.75000 0.02987
24.85000 0.02989
24.95000 0.02992
25.05000 0.02994
25.15000 0.02996
25.25000 0.02998
25.35000 0.03000
25.45000 0.03003
25.55000 0.03005
25.65000 0.03007
25.75000 0.03009
25.85000 0.03011
25.95000 0.03013
26.05000 0.03016
26.15000 0.03018
26.25000 0.03020
26.35000 0.03022
26.45000 0.03024
26.55000 0.03027
26.65000 0.03029
26.75000 0.03031
26.85000 0.03033
26.95000 0.03035
27.05000 0.03037
27.15000 0.03040
27.25000 0.03042
27.35000 0.03044
27.45000 0.03046
27.55000 0.03048
27.65000 0.03050
27.75000 0.03052
27.85000 0.03054
27.95000 0.03055
28.05000 0.03058
28.15000 0.03059
28.25000 0.03061
28.35000 0.03063
28.45000 0.03065
28.55000 0.03067
28.65000 0.03069
28.75000 0.03071
28.85000 0.03072
28.95000 0.03074
29.05000 0.03076
29.15000 0.03078
29.25000 0.03079
29.35000 0.03081
29.45000 0.03083
29.55000 0.03084
29.65000 0.03086
29.75000 0.03087
29.85000 0.03089
29.95000 0.03090
