 0.05000 0.00000
 0.15000 0.00000
 0.25000 0.00000
 0.35000 0.00000
 0.45000 0.00000
 0.55000 0.00000
 0.65000 0.00000
 0.75000 0.00000
 0.85000 0.00000
 0.95000 0.00000
 1.05000 0.00000
 1.15000 0.00000
 1.25000 0.00000
 1.35000 0.00000
 1.45000 0.00000
 1.55000 0.00000
 1.65000 0.00000
 1.75000 0.00000
 1.85000 0.00000
 1.95000 0.00000
 2.05000 0.00000
 2.15000 0.00000
 2.25000 0.00000
 2.35000 0.00000
 2.45000 0.00000
 2.55000 0.00000
 2.65000 0.00034
 2.75000 0.00400
 2.85000 0.01097
 2.95000 0.01372
 3.05000 0.01270
 3.15000 0.01141
 3.25000 0.01097
 3.35000 0.01114
 3.45000 0.01169
 3.55000 0.01244
 3.65000 0.01331
 3.75000 0.01418
 3.85000 0.01497
 3.95000 0.01567
 4.05000 0.01628
 4.15000 0.01679
 4.25000 0.01727
 4.35000 0.01769
 4.45000 0.01813
 4.55000 0.01867
 4.65000 0.01946
 4.75000 0.02037
 4.85000 0.02061
 4.95000 0.01950
 5.05000 0.01776
 5.15000 0.01637
 5.25000 0.01567
 5.35000 0.01559
 5.45000 0.01594
 5.55000 0.01657
 5.65000 0.01732
 5.75000 0.01799
 5.85000 0.01849
 5.95000 0.01882
 6.05000 0.01899
 6.15000 0.01900
 6.25000 0.01894
 6.35000 0.01892
 6.45000 0.01895
 6.55000 0.01902
 6.65000 0.01910
 6.75000 0.01917
 6.85000 0.01924
 6.95000 0.01930
 7.05000 0.01935
 7.15000 0.01936
 7.25000 0.01938
 7.35000 0.01940
 7.45000 0.01942
 7.55000 0.01946
 7.65000 0.01953
 7.75000 0.01962
 7.85000 0.01976
 7.95000 0.01995
 8.05000 0.02019
 8.15000 0.02045
 8.25000 0.02070
 8.35000 0.02095
 8.45000 0.02118
 8.55000 0.02138
 8.65000 0.02159
 8.75000 0.02179
 8.85000 0.02200
 8.95000 0.02220
 9.05000 0.02240
 9.15000 0.02257
 9.25000 0.02274
 9.35000 0.02288
 9.45000 0.02301
 9.55000 0.02313
 9.65000 0.02324
 9.75000 0.02334
 9.85000 0.02343
 9.95000 0.02351
10.05000 0.02359
10.15000 0.02366
10.25000 0.02373
10.35000 0.02381
10.45000 0.02390
10.55000 0.02399
10.65000 0.02409
10.75000 0.02419
10.85000 0.02429
10.95000 0.02439
11.05000 0.02449
11.15000 0.02458
11.25000 0.02465
11.35000 0.02471
11.45000 0.02475
11.55000 0.02478
11.65000 0.02480
11.75000 0.02485
11.85000 0.02490
11.95000 0.02498
12.05000 0.02506
12.15000 0.02515
12.25000 0.02526
12.35000 0.02535
12.45000 0.02545
12.55000 0.02554
12.65000 0.02562
12.75000 0.02569
12.85000 0.02575
12.95000 0.02580
13.05000 0.02585
13.15000 0.02590
13.25000 0.02593
13.35000 0.02599
13.45000 0.02602
13.55000 0.02607
13.65000 0.02611
13.75000 0.02616
13.85000 0.02619
13.95000 0.02623
14.05000 0.02627
14.15000 0.02631
14.25000 0.02635
14.35000 0.02639
14.45000 0.02643
14.55000 0.02648
14.65000 0.02653
14.75000 0.02659
14.85000 0.02664
14.95000 0.02669
15.05000 0.02675
15.15000 0.02680
15.25000 0.02685
15.35000 0.02689
15.45000 0.02693
15.55000 0.02698
15.65000 0.02702
15.75000 0.02706
15.85000 0.02711
15.95000 0.02715
16.05000 0.02719
16.15000 0.02724
16.25000 0.02728
16.35000 0.02733
16.45000 0.02737
16.55000 0.02742
16.65000 0.02746
16.75000 0.02750
16.85000 0.02754
16.95000 0.02758
17.05000 0.02762
17.15000 0.02766
17.25000 0.02769
17.35000 0.02773
17.45000 0.02776
17.55000 0.02780
17.65000 0.02784
17.75000 0.02787
17.85000 0.02790
17.95000 0.02793
18.05000 0.02796
18.15000 0.02799
18.25000 0.02802
18.35000 0.02805
18.45000 0.02808
18.55000 0.02811
18.65000 0.02815
18.75000 0.02818
18.85000 0.02821
18.95000 0.02824
19.05000 0.02828
19.15000 0.02831
19.25000 0.02834
19.35000 0.02838
19.45000 0.02840
19.55000 0.02844
19.65000 0.02847
19.75000 0.02850
19.85000 0.02853
19.95000 0.02857
20.05000 0.02859
20.15000 0.02862
20.25000 0.02866
20.35000 0.02869
20.45000 0.02872
20.55000 0.02875
20.65000 0.02878
20.75000 0.02881
20.85000 0.02885
20.95000 0.02887
21.05000 0.02890
21.15000 0.02894
21.25000 0.02896
21.35000 0.02899
21.45000 0.02902
21.55000 0.02905
21.65000 0.02908
21.75000 0.02910
21.85000 0.02913
21.95000 0.02916
22.05000 0.02919
22.15000 0.02922
22.25000 0.02925
22.35000 0.02928
22.45000 0.02931
22.55000 0.02934
22.65000 0.02937
22.75000 0.02940
22.85000 0.02943
22.95000 0.02945
23.05000 0.02948
23.15000 0.02951
23.25000 0.02953
23.35000 0.02956
23.45000 0.02959
23.55000 0.02961
23.65000 0.02964
23.75000 0.02966
23.85000 0.02969
23.95000 0.02971
24.05000 0.02974
24.15000 0.02976
24.25000 0.02978
24.35000 0.02981
24.45000 0.02983
24.55000 0.02986
24.65000 0.02988
24.75000 0.02990
24.85000 0.02993
24.95000 0.02995
25.05000 0.02998
25.15000 0.03000
25.25000 0.03002
25.35000 0.03005
25.45000 0.03007
25.55000 0.03009
25.65000 0.03011
25.75000 0.03014
25.85000 0.03016
25.95000 0.03018
26.05000 0.03020
26.15000 0.03023
26.25000 0.03025
26.35000 0.03027
26.45000 0.03029
26.55000 0.03031
26.65000 0.03033
26.75000 0.03035
26.85000 0.03036
26.95000 0.03038
27.05000 0.03040
27.15000 0.03042
27.25000 0.03044
27.35000 0.03046
27.45000 0.03048
27.55000 0.03050
27.65000 0.03052
27.75000 0.03053
27.85000 0.03055
27.95000 0.03057
28.05000 0.03059
28.15000 0.03061
28.25000 0.03062
28.35000 0.03064
28.45000 0.03066
28.55000 0.03068
28.65000 0.03069
28.75000 0.03071
28.85000 0.03073
28.95000 0.03074
29.05000 0.03076
29.15000 0.03077
29.25000 0.03079
29.35000 0.03081
29.45000 0.03082
29.55000 0.03084
29.65000 0.03086
29.75000 0.03087
29.85000 0.03088
29.95000 0.03090
