 0.05000 0.00000
 0.15000 0.00000
 0.25000 0.00000
 0.35000 0.00000
 0.45000 0.00000
 0.55000 0.00000
 0.65000 0.00000
 0.75000 0.00000
 0.85000 0.00000
 0.95000 0.00000
 1.05000 0.00000
 1.15000 0.00000
 1.25000 0.00000
 1.35000 0.00000
 1.45000 0.00000
 1.55000 0.00000
 1.65000 0.00000
 1.75000 0.00000
 1.85000 0.00000
 1.95000 0.00000
 2.05000 0.00000
 2.15000 0.00000
 2.25000 0.00000
 2.35000 0.00000
 2.45000 0.00000
 2.55000 0.00000
 2.65000 0.00000
 2.75000 0.00000
 2.85000 0.00000
 2.95000 0.00002
 3.05000 0.00029
 3.15000 0.00210
 3.25000 0.00804
 3.35000 0.01951
 3.45000 0.03316
 3.55000 0.04309
 3.65000 0.04679
 3.75000 0.04613
 3.85000 0.04342
 3.95000 0.03821
 4.05000 0.02975
 4.15000 0.02087
 4.25000 0.01474
 4.35000 0.01168
 4.45000 0.01065
 4.55000 0.01075
 4.65000 0.01136
 4.75000 0.01225
 4.85000 0.01330
 4.95000 0.01443
 5.05000 0.01559
 5.15000 0.01681
 5.25000 0.01816
 5.35000 0.01948
 5.45000 0.02006
 5.55000 0.02004
 5.65000 0.02028
 5.75000 0.02072
 5.85000 0.02121
 5.95000 0.02173
 6.05000 0.02216
 6.15000 0.02233
 6.25000 0.02209
 6.35000 0.02149
 6.45000 0.02076
 6.55000 0.02009
 6.65000 0.01957
 6.75000 0.01923
 6.85000 0.01906
 6.95000 0.01909
 7.05000 0.01930
 7.15000 0.01964
 7.25000 0.02002
 7.35000 0.02040
 7.45000 0.02075
 7.55000 0.02107
 7.65000 0.02133
 7.75000 0.02160
 7.85000 0.02183
 7.95000 0.02206
 8.05000 0.02229
 8.15000 0.02250
 8.25000 0.02269
 8.35000 0.02285
 8.45000 0.02298
 8.55000 0.02309
 8.65000 0.02317
 8.75000 0.02324
 8.85000 0.02328
 8.95000 0.02331
 9.05000 0.02335
 9.15000 0.02339
 9.25000 0.02344
 9.35000 0.02352
 9.45000 0.02361
 9.55000 0.02373
 9.65000 0.02388
 9.75000 0.02403
 9.85000 0.02419
 9.95000 0.02434
10.05000 0.02447
10.15000 0.02458
10.25000 0.02466
10.35000 0.02469
10.45000 0.02470
10.55000 0.02468
10.65000 0.02466
10.75000 0.02464
10.85000 0.02464
10.95000 0.02465
11.05000 0.02467
11.15000 0.02471
11.25000 0.02476
11.35000 0.02481
11.45000 0.02485
11.55000 0.02491
11.65000 0.02495
11.75000 0.02500
11.85000 0.02506
11.95000 0.02511
12.05000 0.02518
12.15000 0.02524
12.25000 0.02532
12.35000 0.02539
12.45000 0.02547
12.55000 0.02555
12.65000 0.02562
12.75000 0.02569
12.85000 0.02576
12.95000 0.02583
13.05000 0.02589
13.15000 0.02595
13.25000 0.02601
13.35000 0.02606
13.45000 0.02612
13.55000 0.02617
13.65000 0.02622
13.75000 0.02627
13.85000 0.02632
13.95000 0.02638
14.05000 0.02643
14.15000 0.02647
14.25000 0.02651
14.35000 0.02655
14.45000 0.02658
14.55000 0.02661
14.65000 0.02664
14.75000 0.02667
14.85000 0.02671
14.95000 0.02674
15.05000 0.02678
15.15000 0.02681
15.25000 0.02685
15.35000 0.02689
15.45000 0.02692
15.55000 0.02695
15.65000 0.02698
15.75000 0.02701
15.85000 0.02704
15.95000 0.02706
16.05000 0.02709
16.15000 0.02713
16.25000 0.02716
16.35000 0.02720
16.45000 0.02723
16.55000 0.02728
16.65000 0.02731
16.75000 0.02736
16.85000 0.02740
16.95000 0.02744
17.05000 0.02749
17.15000 0.02753
17.25000 0.02757
17.35000 0.02761
17.45000 0.02765
17.55000 0.02770
17.65000 0.02773
17.75000 0.02777
17.85000 0.02781
17.95000 0.02785
18.05000 0.02789
18.15000 0.02792
18.25000 0.02795
18.35000 0.02799
18.45000 0.02802
18.55000 0.02805
18.65000 0.02809
18.75000 0.02812
18.85000 0.02815
18.95000 0.02819
19.05000 0.02823
19.15000 0.02826
19.25000 0.02830
19.35000 0.02833
19.45000 0.02837
19.55000 0.02840
19.65000 0.02844
19.75000 0.02847
19.85000 0.02851
19.95000 0.02854
20.05000 0.02857
20.15000 0.02860
20.25000 0.02862
20.35000 0.02865
20.45000 0.02867
20.55000 0.02870
20.65000 0.02872
20.75000 0.02874
20.85000 0.02877
20.95000 0.02879
21.05000 0.02882
21.15000 0.02885
21.25000 0.02887
21.35000 0.02890
21.45000 0.02893
21.55000 0.02896
21.65000 0.02899
21.75000 0.02902
21.85000 0.02905
21.95000 0.02908
22.05000 0.02911
22.15000 0.02915
22.25000 0.02918
22.35000 0.02920
22.45000 0.02923
22.55000 0.02926
22.65000 0.02929
22.75000 0.02932
22.85000 0.02934
22.95000 0.02936
23.05000 0.02939
23.15000 0.02941
23.25000 0.02944
23.35000 0.02946
23.45000 0.02949
23.55000 0.02950
23.65000 0.02953
23.75000 0.02956
23.85000 0.02958
23.95000 0.02960
24.05000 0.02963
24.15000 0.02965
24.25000 0.02967
24.35000 0.02970
24.45000 0.02972
24.55000 0.02974
24.65000 0.02976
24.75000 0.02978
24.85000 0.02980
24.95000 0.02982
25.05000 0.02985
25.15000 0.02987
25.25000 0.02989
25.35000 0.02991
25.45000 0.02994
25.55000 0.02996
25.65000 0.02998
25.75000 0.03000
25.85000 0.03003
25.95000 0.03005
26.05000 0.03007
26.15000 0.03009
26.25000 0.03012
26.35000 0.03014
26.45000 0.03016
26.55000 0.03018
26.65000 0.03020
26.75000 0.03022
26.85000 0.03024
26.95000 0.03026
27.05000 0.03028
27.15000 0.03030
27.25000 0.03032
27.35000 0.03034
27.45000 0.03035
27.55000 0.03037
27.65000 0.03039
27.75000 0.03042
27.85000 0.03044
27.95000 0.03046
28.05000 0.03048
28.15000 0.03050
28.25000 0.03052
28.35000 0.03054
28.45000 0.03056
28.55000 0.03058
28.65000 0.03060
28.75000 0.03062
28.85000 0.03064
28.95000 0.03066
29.05000 0.03068
29.15000 0.03070
29.25000 0.03072
29.35000 0.03074
29.45000 0.03076
29.55000 0.03077
29.65000 0.03079
29.75000 0.03081
29.85000 0.03083
29.95000 0.03084
